240219-17:15:42	MODULE_ID:	M3DL3T4101124A2
240219-17:15:42	[INFO]	TEST_CENTER: GSI
240219-17:15:42	[INFO]	OPERATOR_ID: Dairon Rodriguez Garces
240219-17:15:42	[INFO]	MODULE ID: 	M3DL3T4101124A2
240219-17:15:42	[INFO]	SENSOR_SIZE [mm]: 	124
240219-17:15:42	[INFO]	SENSOR_QGRADE: 	C
240219-17:15:42	[INFO]	-->> RUNNING SYNCHRONIZATION
240219-17:16:09	[INFO]	<<-- FINISHED SYNCHRONIZATION
240219-17:16:09	[INFO]	-->> READING LV VALUES BEFORE CONFIGURATION
240219-17:16:09	[INFO]	<<-- FINISHED READING LV VALUES BEFORE CONFIGURATION
240219-17:16:09	[INFO]	-->> LOADING STANDARD CONFIGURATION
240219-17:16:15	[INFO]	<<-- FINISHED LOADING STANDARD CONFIGURATION
240219-17:16:15	[INFO]	-->> READING ASICs ID
240219-17:16:15	[INFO]	<<-- FINISHED READING ASICs ID
240219-17:16:15	[INFO]	-->> READING LV VALUES AFTER CONFIGURATION
240219-17:16:26	[INFO]	<<-- FINISHED READING LV VALUES AFTER CONFIGURATION
240219-17:16:26	[INFO]	-->> READING VDDM & TEMPERATURE
240219-17:16:32	[INFO]	<<-- FINISHED READING VDDM & TEMPERATURE
240219-17:16:32	[INFO]	-->> LOADING DEFAULT TRIM VALUES
240219-17:17:13	[INFO]	<<-- FINISHED LOADING DEFAULT TRIM VALUES
240219-17:17:13	[INFO]	-->> FINDING VREF_P, VREF_N & THR@_GLB FOR CALIBRATION
240219-17:22:50	[INFO]	<<-- FINISHED FINDING VREF_P, VREF_N & THR@_GLB FOR CALIBRATION
240219-17:22:50	[INFO]	--> SETTING THE CALIBRATION PARAMETERS
240219-17:22:50	[INFO]	<<-- FINISHED SETTING THE CALIBRATION PARAMETERS
240219-17:22:50	[INFO]	-->> CALIBRATING THE MODULE
240219-17:29:04	[INFO]	CAL_ASIC_HW_ADDR_0: ftrim_XA-000-08-002-000-000-149-03_HW_0_SET_58_24_118_39_R_30_247_elect.txt
240219-17:35:18	[INFO]	CAL_ASIC_HW_ADDR_1: ftrim_XA-000-08-002-002-008-037-05_HW_1_SET_56_23_118_39_R_30_247_elect.txt
240219-17:41:35	[INFO]	CAL_ASIC_HW_ADDR_2: ftrim_XA-000-08-002-002-008-041-05_HW_2_SET_56_27_118_35_R_30_247_elect.txt
240219-17:47:50	[INFO]	CAL_ASIC_HW_ADDR_3: ftrim_XA-000-08-002-000-000-143-04_HW_3_SET_57_29_118_33_R_30_247_elect.txt
240219-17:54:03	[INFO]	CAL_ASIC_HW_ADDR_4: ftrim_XA-000-08-002-002-008-046-05_HW_4_SET_56_28_118_28_R_30_247_elect.txt
240219-18:00:21	[INFO]	CAL_ASIC_HW_ADDR_5: ftrim_XA-000-08-002-002-008-035-05_HW_5_SET_57_26_118_32_R_30_247_elect.txt
240219-19:56:00	MODULE_ID:	M3DL3T4101124A2_240219_1956
240219-19:56:00	[INFO]	TEST_CENTER: GSI
240219-19:56:00	[INFO]	OPERATOR_ID: Dairon Rodriguez Garces
240219-19:56:00	[INFO]	MODULE ID: 	M3DL3T4101124A2
240219-19:56:00	[INFO]	SENSOR_SIZE [mm]: 	124
240219-19:56:00	[INFO]	SENSOR_QGRADE: 	C
240219-19:56:00	[INFO]	-->> RUNNING SYNCHRONIZATION
240219-19:56:27	[INFO]	<<-- FINISHED SYNCHRONIZATION
240219-19:56:27	[INFO]	-->> READING LV VALUES BEFORE CONFIGURATION
240219-19:56:27	[INFO]	<<-- FINISHED READING LV VALUES BEFORE CONFIGURATION
240219-19:56:27	[INFO]	-->> LOADING STANDARD CONFIGURATION
240219-19:56:32	[INFO]	<<-- FINISHED LOADING STANDARD CONFIGURATION
240219-19:56:32	[INFO]	-->> READING ASICs ID
240219-19:56:33	[INFO]	<<-- FINISHED READING ASICs ID
240219-19:56:33	[INFO]	-->> READING LV VALUES AFTER CONFIGURATION
240219-19:56:44	[INFO]	<<-- FINISHED READING LV VALUES AFTER CONFIGURATION
240219-19:56:44	[INFO]	-->> READING VDDM & TEMPERATURE
240219-19:56:50	[INFO]	<<-- FINISHED READING VDDM & TEMPERATURE
240219-19:56:50	[INFO]	-->> LOADING DEFAULT TRIM VALUES
240219-19:57:17	[INFO]	<<-- FINISHED LOADING DEFAULT TRIM VALUES
240219-19:57:17	[INFO]	-->> FINDING VREF_P, VREF_N & THR@_GLB FOR CALIBRATION
240219-20:00:49	[INFO]	<<-- FINISHED FINDING VREF_P, VREF_N & THR@_GLB FOR CALIBRATION
240219-20:00:49	[INFO]	--> SETTING THE CALIBRATION PARAMETERS
240219-20:00:49	[INFO]	<<-- FINISHED SETTING THE CALIBRATION PARAMETERS
240219-20:00:49	[INFO]	-->> CALIBRATING THE MODULE
240219-20:00:49	[INFO]	SKIP_ASIC_HW_ADDR_0
240219-20:00:49	[INFO]	SKIP_ASIC_HW_ADDR_1
240219-20:00:49	[INFO]	SKIP_ASIC_HW_ADDR_2
240219-20:00:49	[INFO]	SKIP_ASIC_HW_ADDR_3
240219-20:00:49	[INFO]	SKIP_ASIC_HW_ADDR_4
240219-20:00:49	[INFO]	SKIP_ASIC_HW_ADDR_5
240219-20:07:04	[INFO]	CAL_ASIC_HW_ADDR_6: ftrim_XA-000-08-002-002-008-034-05_HW_6_SET_58_25_118_46_R_30_247_elect.txt
240219-20:13:23	[INFO]	CAL_ASIC_HW_ADDR_7: ftrim_XA-000-08-002-000-000-140-04_HW_7_SET_57_31_118_34_R_30_247_elect.txt
240219-20:19:38	[INFO]	CAL_ASIC_HW_ADDR_0: ftrim_XA-000-08-002-000-006-251-13_HW_0_SET_57_20_118_44_R_30_247_holes.txt
240219-20:25:53	[INFO]	CAL_ASIC_HW_ADDR_1: ftrim_XA-000-08-002-000-000-135-04_HW_1_SET_57_24_118_37_R_30_247_holes.txt
240219-20:32:08	[INFO]	CAL_ASIC_HW_ADDR_2: ftrim_XA-000-08-002-000-006-246-13_HW_2_SET_56_23_118_41_R_30_247_holes.txt
240219-20:38:20	[INFO]	CAL_ASIC_HW_ADDR_3: ftrim_XA-000-08-002-000-006-239-10_HW_3_SET_56_21_118_43_R_30_247_holes.txt
240219-20:44:51	[INFO]	CAL_ASIC_HW_ADDR_4: ftrim_XA-000-08-002-000-006-241-13_HW_4_SET_56_22_118_36_R_30_247_holes.txt
240219-20:51:06	[INFO]	CAL_ASIC_HW_ADDR_5: ftrim_XA-000-08-002-000-000-147-03_HW_5_SET_55_23_118_39_R_30_247_holes.txt
240219-20:57:24	[INFO]	CAL_ASIC_HW_ADDR_6: ftrim_XA-000-08-002-000-006-247-13_HW_6_SET_56_20_118_49_R_30_247_holes.txt
240219-21:10:33	MODULE_ID:	M3DL3T4101124A2_240219_2110
240219-21:10:33	[INFO]	TEST_CENTER: GSI
240219-21:10:33	[INFO]	OPERATOR_ID: Dairon Rodriguez Garces
240219-21:10:33	[INFO]	MODULE ID: 	M3DL3T4101124A2
240219-21:10:33	[INFO]	SENSOR_SIZE [mm]: 	124
240219-21:10:33	[INFO]	SENSOR_QGRADE: 	C
240219-21:10:33	[INFO]	-->> RUNNING SYNCHRONIZATION
240219-21:10:59	[INFO]	<<-- FINISHED SYNCHRONIZATION
240219-21:10:59	[INFO]	-->> READING LV VALUES BEFORE CONFIGURATION
240219-21:10:59	[INFO]	<<-- FINISHED READING LV VALUES BEFORE CONFIGURATION
240219-21:10:59	[INFO]	-->> LOADING STANDARD CONFIGURATION
240219-21:11:04	[INFO]	<<-- FINISHED LOADING STANDARD CONFIGURATION
240219-21:11:04	[INFO]	-->> READING ASICs ID
240219-21:11:05	[INFO]	<<-- FINISHED READING ASICs ID
240219-21:11:05	[INFO]	-->> READING LV VALUES AFTER CONFIGURATION
240219-21:11:16	[INFO]	<<-- FINISHED READING LV VALUES AFTER CONFIGURATION
240219-21:11:16	[INFO]	-->> READING VDDM & TEMPERATURE
240219-21:11:22	[INFO]	<<-- FINISHED READING VDDM & TEMPERATURE
240219-21:11:22	[INFO]	-->> LOADING DEFAULT TRIM VALUES
240219-21:11:25	[INFO]	<<-- FINISHED LOADING DEFAULT TRIM VALUES
240219-21:11:25	[INFO]	-->> FINDING VREF_P, VREF_N & THR@_GLB FOR CALIBRATION
240219-21:11:46	[INFO]	<<-- FINISHED FINDING VREF_P, VREF_N & THR@_GLB FOR CALIBRATION
240219-21:11:46	[INFO]	--> SETTING THE CALIBRATION PARAMETERS
240219-21:11:46	[INFO]	<<-- FINISHED SETTING THE CALIBRATION PARAMETERS
240219-21:11:46	[INFO]	-->> CALIBRATING THE MODULE
240219-21:11:46	[INFO]	SKIP_ASIC_HW_ADDR_0
240219-21:11:46	[INFO]	SKIP_ASIC_HW_ADDR_1
240219-21:11:46	[INFO]	SKIP_ASIC_HW_ADDR_2
240219-21:11:46	[INFO]	SKIP_ASIC_HW_ADDR_3
240219-21:11:46	[INFO]	SKIP_ASIC_HW_ADDR_4
240219-21:11:46	[INFO]	SKIP_ASIC_HW_ADDR_5
240219-21:11:46	[INFO]	SKIP_ASIC_HW_ADDR_6
240219-21:11:46	[INFO]	SKIP_ASIC_HW_ADDR_7
240219-21:11:46	[INFO]	SKIP_ASIC_HW_ADDR_0
240219-21:11:46	[INFO]	SKIP_ASIC_HW_ADDR_1
240219-21:11:46	[INFO]	SKIP_ASIC_HW_ADDR_2
240219-21:11:46	[INFO]	SKIP_ASIC_HW_ADDR_3
240219-21:11:46	[INFO]	SKIP_ASIC_HW_ADDR_4
240219-21:11:46	[INFO]	SKIP_ASIC_HW_ADDR_5
240219-21:11:46	[INFO]	SKIP_ASIC_HW_ADDR_6
240219-21:18:02	[INFO]	CAL_ASIC_HW_ADDR_7: ftrim_XA-000-08-002-000-006-240-13_HW_7_SET_56_20_118_10_R_30_247_holes.txt
240219-21:18:02	[INFO]	<<-- FINISHED CALIBRATING THE MODULE
240219-21:34:27	MODULE_ID:	M3DL3T4101124A2_240219_2134
240219-21:34:27	[INFO]	TEST_CENTER: GSI
240219-21:34:27	[INFO]	OPERATOR_ID: Dairon Rodriguez Garces
240219-21:34:27	[INFO]	MODULE ID: 	M3DL3T4101124A2
240219-21:34:27	[INFO]	SENSOR_SIZE [mm]: 	124
240219-21:34:27	[INFO]	SENSOR_QGRADE: 	C
240219-21:34:27	[INFO]	-->> RUNNING SYNCHRONIZATION
240219-21:34:53	[INFO]	<<-- FINISHED SYNCHRONIZATION
240219-21:34:53	[INFO]	-->> READING LV VALUES BEFORE CONFIGURATION
240219-21:34:53	[INFO]	<<-- FINISHED READING LV VALUES BEFORE CONFIGURATION
240219-21:34:53	[INFO]	-->> LOADING STANDARD CONFIGURATION
240219-21:34:58	[INFO]	<<-- FINISHED LOADING STANDARD CONFIGURATION
240219-21:34:58	[INFO]	-->> READING ASICs ID
240219-21:34:59	[INFO]	<<-- FINISHED READING ASICs ID
240219-21:34:59	[INFO]	-->> READING LV VALUES AFTER CONFIGURATION
240219-21:35:09	[INFO]	<<-- FINISHED READING LV VALUES AFTER CONFIGURATION
240219-21:35:09	[INFO]	-->> READING VDDM & TEMPERATURE
240219-21:35:16	[INFO]	<<-- FINISHED READING VDDM & TEMPERATURE
240219-21:35:16	[INFO]	--> SETTING THE CALIBRATION TRIM
240219-21:36:33	[INFO]	<<-- FINISHED SETTING THE CALIBRATION TRIM
240219-21:36:33	[INFO]	--> MEASURING ENC AND CHECKING CALIBRATION
240219-21:41:59	[INFO]	PSCAN_ASIC_HW_ADDR_0: pscan_240219_2136_XA-000-08-002-000-000-149-03_HW_0_SET_58_24_118_39_VP_0_255_1_NP_100_elect.txt
240219-21:47:25	[INFO]	PSCAN_ASIC_HW_ADDR_1: pscan_240219_2141_XA-000-08-002-002-008-037-05_HW_1_SET_56_23_118_39_VP_0_255_1_NP_100_elect.txt
240219-21:52:48	[INFO]	PSCAN_ASIC_HW_ADDR_2: pscan_240219_2147_XA-000-08-002-002-008-041-05_HW_2_SET_56_27_118_35_VP_0_255_1_NP_100_elect.txt
240219-21:58:13	[INFO]	PSCAN_ASIC_HW_ADDR_3: pscan_240219_2152_XA-000-08-002-000-000-143-04_HW_3_SET_57_29_118_33_VP_0_255_1_NP_100_elect.txt
240219-22:03:39	[INFO]	PSCAN_ASIC_HW_ADDR_4: pscan_240219_2158_XA-000-08-002-002-008-046-05_HW_4_SET_56_28_118_28_VP_0_255_1_NP_100_elect.txt
240219-22:09:02	[INFO]	PSCAN_ASIC_HW_ADDR_5: pscan_240219_2203_XA-000-08-002-002-008-035-05_HW_5_SET_57_26_118_32_VP_0_255_1_NP_100_elect.txt
240219-22:14:27	[INFO]	PSCAN_ASIC_HW_ADDR_6: pscan_240219_2209_XA-000-08-002-002-008-034-05_HW_6_SET_58_25_118_46_VP_0_255_1_NP_100_elect.txt
240219-22:19:50	[INFO]	PSCAN_ASIC_HW_ADDR_7: pscan_240219_2214_XA-000-08-002-000-000-140-04_HW_7_SET_57_31_118_34_VP_0_255_1_NP_100_elect.txt
240219-22:25:13	[INFO]	PSCAN_ASIC_HW_ADDR_0: pscan_240219_2219_XA-000-08-002-000-006-251-13_HW_0_SET_57_20_118_44_VP_0_255_1_NP_100_holes.txt
240219-22:30:36	[INFO]	PSCAN_ASIC_HW_ADDR_1: pscan_240219_2225_XA-000-08-002-000-000-135-04_HW_1_SET_57_24_118_37_VP_0_255_1_NP_100_holes.txt
240219-22:35:59	[INFO]	PSCAN_ASIC_HW_ADDR_2: pscan_240219_2230_XA-000-08-002-000-006-246-13_HW_2_SET_56_23_118_41_VP_0_255_1_NP_100_holes.txt
240219-22:41:22	[INFO]	PSCAN_ASIC_HW_ADDR_3: pscan_240219_2235_XA-000-08-002-000-006-239-10_HW_3_SET_56_21_118_43_VP_0_255_1_NP_100_holes.txt
240219-22:46:45	[INFO]	PSCAN_ASIC_HW_ADDR_4: pscan_240219_2241_XA-000-08-002-000-006-241-13_HW_4_SET_56_22_118_36_VP_0_255_1_NP_100_holes.txt
240219-22:52:09	[INFO]	PSCAN_ASIC_HW_ADDR_5: pscan_240219_2246_XA-000-08-002-000-000-147-03_HW_5_SET_55_23_118_39_VP_0_255_1_NP_100_holes.txt
240219-22:57:32	[INFO]	PSCAN_ASIC_HW_ADDR_6: pscan_240219_2252_XA-000-08-002-000-006-247-13_HW_6_SET_56_20_118_49_VP_0_255_1_NP_100_holes.txt
240219-23:02:57	[INFO]	PSCAN_ASIC_HW_ADDR_7: pscan_240219_2257_XA-000-08-002-000-006-240-13_HW_7_SET_56_20_118_10_VP_0_255_1_NP_100_holes.txt
240219-23:02:57	[INFO]	<<-- FINISHED MEASURING ENC AND CHECKING CALIBRATION
240219-23:31:40	MODULE_ID:	M3DL3T4101124A2_240219_2331
240219-23:31:40	[INFO]	TEST_CENTER: GSI
240219-23:31:40	[INFO]	OPERATOR_ID: Dairon Rodriguez Garces
240219-23:31:40	[INFO]	MODULE ID: 	M3DL3T4101124A2
240219-23:31:40	[INFO]	SENSOR_SIZE [mm]: 	124
240219-23:31:40	[INFO]	SENSOR_QGRADE: 	C
240219-23:31:40	[INFO]	-->> RUNNING SYNCHRONIZATION
240219-23:32:06	[INFO]	<<-- FINISHED SYNCHRONIZATION
240219-23:32:06	[INFO]	-->> READING LV VALUES BEFORE CONFIGURATION
240219-23:32:07	[INFO]	<<-- FINISHED READING LV VALUES BEFORE CONFIGURATION
240219-23:32:07	[INFO]	-->> LOADING STANDARD CONFIGURATION
240219-23:32:12	[INFO]	<<-- FINISHED LOADING STANDARD CONFIGURATION
240219-23:32:12	[INFO]	-->> READING ASICs ID
240219-23:32:12	[INFO]	<<-- FINISHED READING ASICs ID
240219-23:32:12	[INFO]	-->> READING LV VALUES AFTER CONFIGURATION
240219-23:32:23	[INFO]	<<-- FINISHED READING LV VALUES AFTER CONFIGURATION
240219-23:32:23	[INFO]	-->> READING VDDM & TEMPERATURE
240219-23:32:29	[INFO]	<<-- FINISHED READING VDDM & TEMPERATURE
240219-23:32:29	[INFO]	--> SETTING THE CALIBRATION TRIM
240219-23:33:48	[INFO]	<<-- FINISHED SETTING THE CALIBRATION TRIM
240219-23:33:48	[INFO]	--> CHECKING CHANNELS' CONNECTIVITY
240219-23:33:48	[INFO]	CONN-CHECK_ASIC_HW_ADDR_0: elect
240219-23:34:00	[INFO]	CONN-CHECK_ASIC_HW_ADDR_1: elect
240219-23:34:13	[INFO]	CONN-CHECK_ASIC_HW_ADDR_2: elect
240219-23:34:25	[INFO]	CONN-CHECK_ASIC_HW_ADDR_3: elect
240219-23:34:38	[INFO]	CONN-CHECK_ASIC_HW_ADDR_4: elect
240219-23:34:50	[INFO]	CONN-CHECK_ASIC_HW_ADDR_5: elect
240219-23:35:03	[INFO]	CONN-CHECK_ASIC_HW_ADDR_6: elect
240219-23:35:15	[INFO]	CONN-CHECK_ASIC_HW_ADDR_7: elect
240219-23:35:28	[INFO]	CONN-CHECK_ASIC_HW_ADDR_0: holes
240219-23:35:41	[INFO]	CONN-CHECK_ASIC_HW_ADDR_1: holes
240219-23:35:53	[INFO]	CONN-CHECK_ASIC_HW_ADDR_2: holes
240219-23:36:06	[INFO]	CONN-CHECK_ASIC_HW_ADDR_3: holes
240219-23:36:18	[INFO]	CONN-CHECK_ASIC_HW_ADDR_4: holes
240219-23:36:31	[INFO]	CONN-CHECK_ASIC_HW_ADDR_5: holes
240219-23:36:44	[INFO]	CONN-CHECK_ASIC_HW_ADDR_6: holes
240219-23:36:56	[INFO]	CONN-CHECK_ASIC_HW_ADDR_7: holes
240219-23:37:09	[INFO]	<<-- FINISHED CHECKING CHANNELS' CONNECTIVITY
