240618-10:53:51	MODULE_ID:	M4UL2B3010313A2
240618-10:53:51	[INFO]	TEST_CENTER: GSI
240618-10:53:51	[INFO]	OPERATOR_ID: Dairon Rodriguez Garces
240618-10:53:51	[INFO]	MODULE ID: 	M4UL2B3010313A2
240618-10:53:51	[INFO]	SENSOR_SIZE [mm]: 	62
240618-10:53:51	[INFO]	SENSOR_QGRADE: 	B
240618-10:54:18	[INFO]	-->> RUNNING SYNCHRONIZATION
240618-10:54:47	[INFO]	<<-- FINISHED SYNCHRONIZATION
240618-10:54:47	[INFO]	-->> READING LV VALUES BEFORE CONFIGURATION
240618-10:54:48	[INFO]	<<-- FINISHED READING LV VALUES BEFORE CONFIGURATION
240618-10:54:48	[INFO]	-->> LOADING STANDARD CONFIGURATION
240618-10:54:55	[INFO]	<<-- FINISHED LOADING STANDARD CONFIGURATION
240618-10:54:55	[INFO]	-->> READING ASICs ID
240618-10:54:56	[INFO]	<<-- FINISHED READING ASICs ID
240618-10:54:56	[INFO]	-->> LOADING DEFAULT TRIM VALUES
240618-10:55:51	[INFO]	<<-- FINISHED LOADING DEFAULT TRIM VALUES
240618-10:55:51	[INFO]	-->> READING LV VALUES AFTER CONFIGURATION
240618-10:56:01	[INFO]	<<-- FINISHED READING LV VALUES AFTER CONFIGURATION
240618-10:56:01	[INFO]	-->> READING VDDM & TEMPERATURE
240618-10:56:04	[INFO]	<<-- FINISHED READING VDDM & TEMPERATURE
240618-10:56:04	[INFO]	-->> LOADING DEFAULT TRIM VALUES
240618-10:56:58	[INFO]	<<-- FINISHED LOADING DEFAULT TRIM VALUES
240618-10:56:58	[INFO]	-->> FINDING VREF_P, VREF_N & THR@_GLB FOR CALIBRATION
240618-11:03:55	[INFO]	<<-- FINISHED FINDING VREF_P, VREF_N & THR@_GLB FOR CALIBRATION
240618-11:03:55	[INFO]	--> SETTING THE CALIBRATION PARAMETERS
240618-11:03:55	[INFO]	<<-- FINISHED SETTING THE CALIBRATION PARAMETERS
240618-11:03:55	[INFO]	-->> CALIBRATING THE MODULE
240618-11:12:58	[INFO]	CAL_ASIC_HW_ADDR_1: ftrim_XA-000-08-002-000-001-053-10_HW_1_SET_57_22_118_34_R_30_247_elect.txt
240618-11:22:13	[INFO]	CAL_ASIC_HW_ADDR_0: ftrim_XA-000-08-002-000-001-061-10_HW_0_SET_55_24_118_41_R_30_247_elect.txt
240618-11:31:51	[INFO]	CAL_ASIC_HW_ADDR_3: ftrim_XA-000-08-002-000-001-051-10_HW_3_SET_57_27_118_40_R_30_247_elect.txt
240618-11:41:04	[INFO]	CAL_ASIC_HW_ADDR_2: ftrim_XA-000-08-002-000-001-072-06_HW_2_SET_56_24_118_32_R_30_247_elect.txt
240618-11:50:15	[INFO]	CAL_ASIC_HW_ADDR_5: ftrim_XA-000-08-002-000-001-044-13_HW_5_SET_57_23_118_39_R_30_247_elect.txt
240618-11:59:22	[INFO]	CAL_ASIC_HW_ADDR_4: ftrim_XA-000-08-002-000-001-134-09_HW_4_SET_56_30_118_33_R_30_247_elect.txt
240618-12:08:42	[INFO]	CAL_ASIC_HW_ADDR_7: ftrim_XA-000-08-002-000-001-066-06_HW_7_SET_57_24_118_35_R_30_247_elect.txt
240618-12:17:52	[INFO]	CAL_ASIC_HW_ADDR_6: ftrim_XA-000-08-002-000-001-133-09_HW_6_SET_57_27_118_33_R_30_247_elect.txt
240618-12:26:57	[INFO]	CAL_ASIC_HW_ADDR_7: ftrim_XA-000-08-002-000-001-079-06_HW_7_SET_56_21_118_44_R_30_247_holes.txt
240618-12:36:01	[INFO]	CAL_ASIC_HW_ADDR_6: ftrim_XA-000-08-002-000-001-041-13_HW_6_SET_56_21_118_28_R_30_247_holes.txt
240618-12:45:08	[INFO]	CAL_ASIC_HW_ADDR_5: ftrim_XA-000-08-002-000-001-077-06_HW_5_SET_57_22_118_39_R_30_247_holes.txt
240618-12:54:11	[INFO]	CAL_ASIC_HW_ADDR_4: ftrim_XA-000-08-002-000-001-062-10_HW_4_SET_56_20_118_37_R_30_247_holes.txt
240618-13:03:15	[INFO]	CAL_ASIC_HW_ADDR_3: ftrim_XA-000-08-002-000-001-043-13_HW_3_SET_56_21_118_40_R_30_247_holes.txt
240618-13:12:26	[INFO]	CAL_ASIC_HW_ADDR_2: ftrim_XA-000-08-002-000-001-055-10_HW_2_SET_57_21_118_36_R_30_247_holes.txt
240618-13:21:45	[INFO]	CAL_ASIC_HW_ADDR_1: ftrim_XA-000-08-002-000-001-042-13_HW_1_SET_55_19_118_42_R_30_247_holes.txt
240618-13:31:03	[INFO]	CAL_ASIC_HW_ADDR_0: ftrim_XA-000-08-002-000-001-080-01_HW_0_SET_56_22_118_33_R_30_247_holes.txt
240618-13:31:03	[INFO]	<<-- FINISHED CALIBRATING THE MODULE
240618-13:31:03	[INFO]	--> SETTING THE CALIBRATION TRIM
240618-13:32:56	[INFO]	<<-- FINISHED SETTING THE CALIBRATION TRIM
240618-13:32:56	[INFO]	--> MEASURING ENC AND CHECKING CALIBRATION
240618-13:40:05	[INFO]	PSCAN_ASIC_HW_ADDR_1: pscan_240618_1332_XA-000-08-002-000-001-053-10_HW_1_SET_57_22_118_34_VP_0_255_1_NP_100_elect.txt
240618-13:47:18	[INFO]	PSCAN_ASIC_HW_ADDR_0: pscan_240618_1340_XA-000-08-002-000-001-061-10_HW_0_SET_55_24_118_41_VP_0_255_1_NP_100_elect.txt
240618-13:54:26	[INFO]	PSCAN_ASIC_HW_ADDR_3: pscan_240618_1347_XA-000-08-002-000-001-051-10_HW_3_SET_57_27_118_40_VP_0_255_1_NP_100_elect.txt
240618-14:01:31	[INFO]	PSCAN_ASIC_HW_ADDR_2: pscan_240618_1354_XA-000-08-002-000-001-072-06_HW_2_SET_56_24_118_32_VP_0_255_1_NP_100_elect.txt
240618-14:08:38	[INFO]	PSCAN_ASIC_HW_ADDR_5: pscan_240618_1401_XA-000-08-002-000-001-044-13_HW_5_SET_57_23_118_39_VP_0_255_1_NP_100_elect.txt
240618-14:15:48	[INFO]	PSCAN_ASIC_HW_ADDR_4: pscan_240618_1408_XA-000-08-002-000-001-134-09_HW_4_SET_56_30_118_33_VP_0_255_1_NP_100_elect.txt
240618-14:22:53	[INFO]	PSCAN_ASIC_HW_ADDR_7: pscan_240618_1415_XA-000-08-002-000-001-066-06_HW_7_SET_57_24_118_35_VP_0_255_1_NP_100_elect.txt
240618-14:29:56	[INFO]	PSCAN_ASIC_HW_ADDR_6: pscan_240618_1422_XA-000-08-002-000-001-133-09_HW_6_SET_57_27_118_33_VP_0_255_1_NP_100_elect.txt
240618-14:37:00	[INFO]	PSCAN_ASIC_HW_ADDR_7: pscan_240618_1429_XA-000-08-002-000-001-079-06_HW_7_SET_56_21_118_44_VP_0_255_1_NP_100_holes.txt
240618-14:44:01	[INFO]	PSCAN_ASIC_HW_ADDR_6: pscan_240618_1437_XA-000-08-002-000-001-041-13_HW_6_SET_56_21_118_28_VP_0_255_1_NP_100_holes.txt
240618-14:50:59	[INFO]	PSCAN_ASIC_HW_ADDR_5: pscan_240618_1444_XA-000-08-002-000-001-077-06_HW_5_SET_57_22_118_39_VP_0_255_1_NP_100_holes.txt
240618-14:58:01	[INFO]	PSCAN_ASIC_HW_ADDR_4: pscan_240618_1450_XA-000-08-002-000-001-062-10_HW_4_SET_56_20_118_37_VP_0_255_1_NP_100_holes.txt
240618-15:05:00	[INFO]	PSCAN_ASIC_HW_ADDR_3: pscan_240618_1458_XA-000-08-002-000-001-043-13_HW_3_SET_56_21_118_40_VP_0_255_1_NP_100_holes.txt
240618-15:12:01	[INFO]	PSCAN_ASIC_HW_ADDR_2: pscan_240618_1505_XA-000-08-002-000-001-055-10_HW_2_SET_57_21_118_36_VP_0_255_1_NP_100_holes.txt
240618-15:19:03	[INFO]	PSCAN_ASIC_HW_ADDR_1: pscan_240618_1512_XA-000-08-002-000-001-042-13_HW_1_SET_55_19_118_42_VP_0_255_1_NP_100_holes.txt
240618-15:26:03	[INFO]	PSCAN_ASIC_HW_ADDR_0: pscan_240618_1519_XA-000-08-002-000-001-080-01_HW_0_SET_56_22_118_33_VP_0_255_1_NP_100_holes.txt
240618-15:26:03	[INFO]	<<-- FINISHED MEASURING ENC AND CHECKING CALIBRATION
240618-16:07:34	MODULE_ID:	M4UL2B3010313A2_240618_1607
240618-16:07:34	[INFO]	TEST_CENTER: GSI
240618-16:07:34	[INFO]	OPERATOR_ID: Dairon Rodriguez Garces
240618-16:07:34	[INFO]	MODULE ID: 	M4UL2B3010313A2
240618-16:07:34	[INFO]	SENSOR_SIZE [mm]: 	62
240618-16:07:34	[INFO]	SENSOR_QGRADE: 	B
240618-16:07:49	[INFO]	-->> RUNNING SYNCHRONIZATION
240618-16:08:19	[INFO]	<<-- FINISHED SYNCHRONIZATION
240618-16:08:19	[INFO]	-->> READING LV VALUES BEFORE CONFIGURATION
240618-16:08:19	[INFO]	<<-- FINISHED READING LV VALUES BEFORE CONFIGURATION
240618-16:08:19	[INFO]	-->> LOADING STANDARD CONFIGURATION
240618-16:08:26	[INFO]	<<-- FINISHED LOADING STANDARD CONFIGURATION
240618-16:08:26	[INFO]	-->> READING ASICs ID
240618-16:08:27	[INFO]	<<-- FINISHED READING ASICs ID
240618-16:08:27	[INFO]	-->> LOADING DEFAULT TRIM VALUES
240618-16:09:23	[INFO]	<<-- FINISHED LOADING DEFAULT TRIM VALUES
240618-16:09:23	[INFO]	-->> READING LV VALUES AFTER CONFIGURATION
240618-16:09:33	[INFO]	<<-- FINISHED READING LV VALUES AFTER CONFIGURATION
240618-16:09:33	[INFO]	-->> READING VDDM & TEMPERATURE
240618-16:09:36	[INFO]	<<-- FINISHED READING VDDM & TEMPERATURE
240618-16:09:36	[INFO]	--> SETTING THE CALIBRATION TRIM
240618-16:11:47	[INFO]	<<-- FINISHED SETTING THE CALIBRATION TRIM
240618-16:11:47	[INFO]	--> CHECKING CHANNELS' CONNECTIVITY
240618-16:11:47	[INFO]	CONN-CHECK_ASIC_HW_ADDR_1: elect
240618-16:12:09	[INFO]	CONN-CHECK_ASIC_HW_ADDR_0: elect
240618-16:12:30	[INFO]	CONN-CHECK_ASIC_HW_ADDR_3: elect
240618-16:12:52	[INFO]	CONN-CHECK_ASIC_HW_ADDR_2: elect
240618-16:13:13	[INFO]	CONN-CHECK_ASIC_HW_ADDR_5: elect
240618-16:13:34	[INFO]	CONN-CHECK_ASIC_HW_ADDR_4: elect
240618-16:13:55	[INFO]	CONN-CHECK_ASIC_HW_ADDR_7: elect
240618-16:14:16	[INFO]	CONN-CHECK_ASIC_HW_ADDR_6: elect
240618-16:14:37	[INFO]	CONN-CHECK_ASIC_HW_ADDR_7: holes
240618-16:14:59	[INFO]	CONN-CHECK_ASIC_HW_ADDR_6: holes
240618-16:15:20	[INFO]	CONN-CHECK_ASIC_HW_ADDR_5: holes
240618-16:15:42	[INFO]	CONN-CHECK_ASIC_HW_ADDR_4: holes
240618-16:16:03	[INFO]	CONN-CHECK_ASIC_HW_ADDR_3: holes
240618-16:16:22	[INFO]	CONN-CHECK_ASIC_HW_ADDR_2: holes
240618-16:16:42	[INFO]	CONN-CHECK_ASIC_HW_ADDR_1: holes
240618-16:17:01	[INFO]	CONN-CHECK_ASIC_HW_ADDR_0: holes
240618-16:17:19	[INFO]	<<-- FINISHED CHECKING CHANNELS' CONNECTIVITY
