240508-17:30:54	MODULE_ID:	M4UL4T1010321B2
240508-17:30:54	[INFO]	TEST_CENTER: GSI
240508-17:30:54	[INFO]	OPERATOR_ID: Dairon Rodriguez Garces
240508-17:30:54	[INFO]	MODULE ID: 	M4UL4T1010321B2
240508-17:30:54	[INFO]	SENSOR_SIZE [mm]: 	42
240508-17:30:54	[INFO]	SENSOR_QGRADE: 	C
240508-17:31:51	[INFO]	-->> RUNNING SYNCHRONIZATION
240508-17:32:22	[INFO]	<<-- FINISHED SYNCHRONIZATION
240508-17:32:22	[INFO]	-->> READING LV VALUES BEFORE CONFIGURATION
240508-17:32:22	[INFO]	<<-- FINISHED READING LV VALUES BEFORE CONFIGURATION
240508-17:32:22	[INFO]	-->> LOADING STANDARD CONFIGURATION
240508-17:32:30	[INFO]	<<-- FINISHED LOADING STANDARD CONFIGURATION
240508-17:32:30	[INFO]	-->> READING ASICs ID
240508-17:32:31	[INFO]	<<-- FINISHED READING ASICs ID
240508-17:32:31	[INFO]	-->> READING LV VALUES AFTER CONFIGURATION
240508-17:32:41	[INFO]	<<-- FINISHED READING LV VALUES AFTER CONFIGURATION
240508-17:32:41	[INFO]	-->> READING VDDM & TEMPERATURE
240508-17:32:48	[INFO]	<<-- FINISHED READING VDDM & TEMPERATURE
240508-17:32:48	[INFO]	-->> LOADING DEFAULT TRIM VALUES
240508-17:33:42	[INFO]	<<-- FINISHED LOADING DEFAULT TRIM VALUES
240508-17:33:42	[INFO]	-->> FINDING VREF_P, VREF_N & THR@_GLB FOR CALIBRATION
240508-17:41:04	[INFO]	<<-- FINISHED FINDING VREF_P, VREF_N & THR@_GLB FOR CALIBRATION
240508-17:41:04	[INFO]	--> SETTING THE CALIBRATION PARAMETERS
240508-17:41:04	[INFO]	<<-- FINISHED SETTING THE CALIBRATION PARAMETERS
240508-17:41:04	[INFO]	-->> CALIBRATING THE MODULE
240508-17:50:13	[INFO]	CAL_ASIC_HW_ADDR_7: ftrim_XA-000-08-002-000-001-160-07_HW_7_SET_57_24_118_43_R_30_247_elect.txt
240508-17:59:14	[INFO]	CAL_ASIC_HW_ADDR_6: ftrim_XA-000-08-002-000-005-199-10_HW_6_SET_57_24_118_35_R_30_247_elect.txt
240508-18:08:15	[INFO]	CAL_ASIC_HW_ADDR_5: ftrim_XA-000-08-002-000-001-165-07_HW_5_SET_57_27_118_33_R_30_247_elect.txt
240508-18:17:09	[INFO]	CAL_ASIC_HW_ADDR_4: ftrim_XA-000-08-002-000-005-185-06_HW_4_SET_56_26_118_41_R_30_247_elect.txt
240508-18:25:55	[INFO]	CAL_ASIC_HW_ADDR_3: ftrim_XA-000-08-002-000-001-157-14_HW_3_SET_57_28_118_31_R_30_247_elect.txt
240508-18:34:43	[INFO]	CAL_ASIC_HW_ADDR_2: ftrim_XA-000-08-002-000-005-212-13_HW_2_SET_57_24_118_35_R_30_247_elect.txt
240508-18:43:32	[INFO]	CAL_ASIC_HW_ADDR_1: ftrim_XA-000-08-002-000-001-143-09_HW_1_SET_56_26_118_37_R_30_247_elect.txt
240508-18:52:17	[INFO]	CAL_ASIC_HW_ADDR_0: ftrim_XA-000-08-002-000-005-209-13_HW_0_SET_56_24_118_32_R_30_247_elect.txt
240508-19:01:06	[INFO]	CAL_ASIC_HW_ADDR_1: ftrim_XA-000-08-002-000-001-168-07_HW_1_SET_56_24_118_63_R_30_247_holes.txt
240508-19:09:55	[INFO]	CAL_ASIC_HW_ADDR_0: ftrim_XA-000-08-002-000-005-241-03_HW_0_SET_55_20_118_37_R_30_247_holes.txt
240508-19:18:41	[INFO]	CAL_ASIC_HW_ADDR_3: ftrim_XA-000-08-002-000-001-166-07_HW_3_SET_56_21_118_32_R_30_247_holes.txt
240508-19:27:26	[INFO]	CAL_ASIC_HW_ADDR_2: ftrim_XA-000-08-002-000-001-163-07_HW_2_SET_55_21_118_32_R_30_247_holes.txt
240508-19:36:11	[INFO]	CAL_ASIC_HW_ADDR_5: ftrim_XA-000-08-002-000-001-144-14_HW_5_SET_56_23_118_39_R_30_247_holes.txt
240508-19:44:58	[INFO]	CAL_ASIC_HW_ADDR_4: ftrim_XA-000-08-002-000-005-202-10_HW_4_SET_55_22_118_39_R_30_247_holes.txt
240508-19:53:43	[INFO]	CAL_ASIC_HW_ADDR_7: ftrim_XA-000-08-002-000-001-167-07_HW_7_SET_57_21_118_29_R_30_247_holes.txt
240508-20:02:24	[INFO]	CAL_ASIC_HW_ADDR_6: ftrim_XA-000-08-002-000-005-188-06_HW_6_SET_57_21_118_43_R_30_247_holes.txt
240508-20:02:24	[INFO]	<<-- FINISHED CALIBRATING THE MODULE
240508-20:02:24	[INFO]	--> SETTING THE CALIBRATION TRIM
240508-20:04:12	[INFO]	<<-- FINISHED SETTING THE CALIBRATION TRIM
240508-20:04:12	[INFO]	--> MEASURING ENC AND CHECKING CALIBRATION
240508-20:11:04	[INFO]	PSCAN_ASIC_HW_ADDR_7: pscan_240508_2004_XA-000-08-002-000-001-160-07_HW_7_SET_57_24_118_43_VP_0_255_1_NP_100_elect.txt
240508-20:18:00	[INFO]	PSCAN_ASIC_HW_ADDR_6: pscan_240508_2011_XA-000-08-002-000-005-199-10_HW_6_SET_57_24_118_35_VP_0_255_1_NP_100_elect.txt
240508-20:24:53	[INFO]	PSCAN_ASIC_HW_ADDR_5: pscan_240508_2018_XA-000-08-002-000-001-165-07_HW_5_SET_57_27_118_33_VP_0_255_1_NP_100_elect.txt
240508-20:31:43	[INFO]	PSCAN_ASIC_HW_ADDR_4: pscan_240508_2024_XA-000-08-002-000-005-185-06_HW_4_SET_56_26_118_41_VP_0_255_1_NP_100_elect.txt
240508-20:38:39	[INFO]	PSCAN_ASIC_HW_ADDR_3: pscan_240508_2031_XA-000-08-002-000-001-157-14_HW_3_SET_57_28_118_31_VP_0_255_1_NP_100_elect.txt
240508-20:45:36	[INFO]	PSCAN_ASIC_HW_ADDR_2: pscan_240508_2038_XA-000-08-002-000-005-212-13_HW_2_SET_57_24_118_35_VP_0_255_1_NP_100_elect.txt
240508-20:52:34	[INFO]	PSCAN_ASIC_HW_ADDR_1: pscan_240508_2045_XA-000-08-002-000-001-143-09_HW_1_SET_56_26_118_37_VP_0_255_1_NP_100_elect.txt
240508-20:59:32	[INFO]	PSCAN_ASIC_HW_ADDR_0: pscan_240508_2052_XA-000-08-002-000-005-209-13_HW_0_SET_56_24_118_32_VP_0_255_1_NP_100_elect.txt
240508-21:06:28	[INFO]	PSCAN_ASIC_HW_ADDR_1: pscan_240508_2059_XA-000-08-002-000-001-168-07_HW_1_SET_56_24_118_63_VP_0_255_1_NP_100_holes.txt
240508-21:13:26	[INFO]	PSCAN_ASIC_HW_ADDR_0: pscan_240508_2106_XA-000-08-002-000-005-241-03_HW_0_SET_55_20_118_37_VP_0_255_1_NP_100_holes.txt
240508-21:20:25	[INFO]	PSCAN_ASIC_HW_ADDR_3: pscan_240508_2113_XA-000-08-002-000-001-166-07_HW_3_SET_56_21_118_32_VP_0_255_1_NP_100_holes.txt
240508-21:27:18	[INFO]	PSCAN_ASIC_HW_ADDR_2: pscan_240508_2120_XA-000-08-002-000-001-163-07_HW_2_SET_55_21_118_32_VP_0_255_1_NP_100_holes.txt
240508-21:34:17	[INFO]	PSCAN_ASIC_HW_ADDR_5: pscan_240508_2127_XA-000-08-002-000-001-144-14_HW_5_SET_56_23_118_39_VP_0_255_1_NP_100_holes.txt
240508-21:41:13	[INFO]	PSCAN_ASIC_HW_ADDR_4: pscan_240508_2134_XA-000-08-002-000-005-202-10_HW_4_SET_55_22_118_39_VP_0_255_1_NP_100_holes.txt
240508-21:48:10	[INFO]	PSCAN_ASIC_HW_ADDR_7: pscan_240508_2141_XA-000-08-002-000-001-167-07_HW_7_SET_57_21_118_29_VP_0_255_1_NP_100_holes.txt
240508-21:55:04	[INFO]	PSCAN_ASIC_HW_ADDR_6: pscan_240508_2148_XA-000-08-002-000-005-188-06_HW_6_SET_57_21_118_43_VP_0_255_1_NP_100_holes.txt
240508-21:55:04	[INFO]	<<-- FINISHED MEASURING ENC AND CHECKING CALIBRATION
240513-10:25:39	MODULE_ID:	M4UL4T1010321B2_240513_1025
240513-10:25:39	[INFO]	TEST_CENTER: GSI
240513-10:25:39	[INFO]	OPERATOR_ID: Dairon Rodriguez Garces
240513-10:25:39	[INFO]	MODULE ID: 	M4UL4T1010321B2
240513-10:25:39	[INFO]	SENSOR_SIZE [mm]: 	42
240513-10:25:39	[INFO]	SENSOR_QGRADE: 	C
240513-10:26:12	[INFO]	-->> RUNNING SYNCHRONIZATION
240513-10:26:43	[INFO]	<<-- FINISHED SYNCHRONIZATION
240513-10:26:43	[INFO]	-->> READING LV VALUES BEFORE CONFIGURATION
240513-10:26:43	[INFO]	<<-- FINISHED READING LV VALUES BEFORE CONFIGURATION
240513-10:26:43	[INFO]	-->> LOADING STANDARD CONFIGURATION
240513-10:26:51	[INFO]	<<-- FINISHED LOADING STANDARD CONFIGURATION
240513-10:26:51	[INFO]	-->> READING ASICs ID
240513-10:26:52	[INFO]	<<-- FINISHED READING ASICs ID
240513-10:26:52	[INFO]	-->> READING LV VALUES AFTER CONFIGURATION
240513-10:27:02	[INFO]	<<-- FINISHED READING LV VALUES AFTER CONFIGURATION
240513-10:27:02	[INFO]	-->> READING VDDM & TEMPERATURE
240513-10:27:09	[INFO]	<<-- FINISHED READING VDDM & TEMPERATURE
240513-10:27:09	[INFO]	--> SETTING THE CALIBRATION TRIM
240513-10:29:02	[INFO]	<<-- FINISHED SETTING THE CALIBRATION TRIM
240513-10:29:02	[INFO]	--> CHECKING CHANNELS' CONNECTIVITY
240513-10:29:02	[INFO]	CONN-CHECK_ASIC_HW_ADDR_7: elect
240513-10:29:20	[INFO]	CONN-CHECK_ASIC_HW_ADDR_6: elect
240513-10:29:37	[INFO]	CONN-CHECK_ASIC_HW_ADDR_5: elect
240513-10:29:55	[INFO]	CONN-CHECK_ASIC_HW_ADDR_4: elect
240513-10:30:13	[INFO]	CONN-CHECK_ASIC_HW_ADDR_3: elect
240513-10:30:31	[INFO]	CONN-CHECK_ASIC_HW_ADDR_2: elect
240513-10:30:49	[INFO]	CONN-CHECK_ASIC_HW_ADDR_1: elect
240513-10:31:07	[INFO]	CONN-CHECK_ASIC_HW_ADDR_0: elect
240513-10:31:26	[INFO]	CONN-CHECK_ASIC_HW_ADDR_1: holes
240513-10:31:44	[INFO]	CONN-CHECK_ASIC_HW_ADDR_0: holes
240513-10:32:02	[INFO]	CONN-CHECK_ASIC_HW_ADDR_3: holes
240513-10:32:20	[INFO]	CONN-CHECK_ASIC_HW_ADDR_2: holes
240513-10:32:38	[INFO]	CONN-CHECK_ASIC_HW_ADDR_5: holes
240513-10:32:56	[INFO]	CONN-CHECK_ASIC_HW_ADDR_4: holes
240513-10:33:14	[INFO]	CONN-CHECK_ASIC_HW_ADDR_7: holes
240513-10:33:32	[INFO]	CONN-CHECK_ASIC_HW_ADDR_6: holes
240513-10:33:50	[INFO]	<<-- FINISHED CHECKING CHANNELS' CONNECTIVITY
