240719-09:57:48	MODULE_ID:	M4UL0B0010550A2
240719-09:57:48	[INFO]	TEST_CENTER: GSI
240719-09:57:48	[INFO]	OPERATOR_ID: Dairon Rodriguez Garces
240719-09:57:48	[INFO]	MODULE ID: 	M4UL0B0010550A2
240719-09:57:48	[INFO]	SENSOR_SIZE [mm]: 	42
240719-09:57:48	[INFO]	SENSOR_QGRADE: 	A
240719-09:59:49	[INFO]	-->> RUNNING SYNCHRONIZATION
240719-10:00:20	[INFO]	<<-- FINISHED SYNCHRONIZATION
240719-10:00:20	[INFO]	-->> READING LV VALUES BEFORE CONFIGURATION
240719-10:00:20	[INFO]	<<-- FINISHED READING LV VALUES BEFORE CONFIGURATION
240719-10:00:20	[INFO]	-->> LOADING STANDARD CONFIGURATION
240719-10:00:28	[INFO]	<<-- FINISHED LOADING STANDARD CONFIGURATION
240719-10:00:28	[INFO]	-->> READING ASICs ID
240719-10:00:29	[INFO]	<<-- FINISHED READING ASICs ID
240719-10:00:29	[INFO]	-->> LOADING DEFAULT TRIM VALUES
240719-10:01:26	[INFO]	<<-- FINISHED LOADING DEFAULT TRIM VALUES
240719-10:01:26	[INFO]	-->> READING LV VALUES AFTER CONFIGURATION
240719-10:01:36	[INFO]	<<-- FINISHED READING LV VALUES AFTER CONFIGURATION
240719-10:01:36	[INFO]	-->> READING VDDM & TEMPERATURE
240719-10:01:39	[INFO]	<<-- FINISHED READING VDDM & TEMPERATURE
240719-10:01:39	[INFO]	-->> LOADING DEFAULT TRIM VALUES
240719-10:02:37	[INFO]	<<-- FINISHED LOADING DEFAULT TRIM VALUES
240719-10:02:37	[INFO]	-->> FINDING VREF_P, VREF_N & THR@_GLB FOR CALIBRATION
240719-10:09:50	[INFO]	<<-- FINISHED FINDING VREF_P, VREF_N & THR@_GLB FOR CALIBRATION
240719-10:09:50	[INFO]	--> SETTING THE CALIBRATION PARAMETERS
240719-10:09:50	[INFO]	<<-- FINISHED SETTING THE CALIBRATION PARAMETERS
240719-10:09:50	[INFO]	-->> CALIBRATING THE MODULE
240719-10:19:15	[INFO]	CAL_ASIC_HW_ADDR_1: ftrim_XA-000-08-002-000-007-113-10_HW_1_SET_57_22_118_35_R_30_247_elect.txt
240719-10:28:35	[INFO]	CAL_ASIC_HW_ADDR_0: ftrim_XA-000-08-002-000-007-122-10_HW_0_SET_56_23_118_35_R_30_247_elect.txt
240719-10:38:17	[INFO]	CAL_ASIC_HW_ADDR_3: ftrim_XA-000-08-002-000-007-096-13_HW_3_SET_58_23_118_37_R_30_247_elect.txt
240719-10:48:07	[INFO]	CAL_ASIC_HW_ADDR_2: ftrim_XA-000-08-002-000-007-101-13_HW_2_SET_56_22_118_42_R_30_247_elect.txt
240719-10:57:40	[INFO]	CAL_ASIC_HW_ADDR_5: ftrim_XA-000-08-002-000-007-106-13_HW_5_SET_57_22_118_35_R_30_247_elect.txt
240719-11:07:04	[INFO]	CAL_ASIC_HW_ADDR_4: ftrim_XA-000-08-002-000-007-105-13_HW_4_SET_56_21_118_34_R_30_247_elect.txt
240719-11:16:23	[INFO]	CAL_ASIC_HW_ADDR_7: ftrim_XA-000-08-002-000-008-163-06_HW_7_SET_56_26_118_32_R_30_247_elect.txt
240719-11:25:41	[INFO]	CAL_ASIC_HW_ADDR_6: ftrim_XA-000-08-002-000-007-110-13_HW_6_SET_55_24_118_33_R_30_247_elect.txt
240719-11:34:49	[INFO]	CAL_ASIC_HW_ADDR_7: ftrim_XA-000-08-002-000-007-094-04_HW_7_SET_57_22_118_70_R_30_247_holes.txt
240719-11:43:55	[INFO]	CAL_ASIC_HW_ADDR_6: ftrim_XA-000-08-002-000-007-002-06_HW_6_SET_57_22_118_33_R_30_247_holes.txt
240719-11:53:05	[INFO]	CAL_ASIC_HW_ADDR_5: ftrim_XA-000-08-002-000-008-161-06_HW_5_SET_55_20_118_35_R_30_247_holes.txt
240719-12:02:20	[INFO]	CAL_ASIC_HW_ADDR_4: ftrim_XA-000-08-002-000-007-097-13_HW_4_SET_56_21_118_41_R_30_247_holes.txt
240719-12:11:32	[INFO]	CAL_ASIC_HW_ADDR_3: ftrim_XA-000-08-002-000-007-111-13_HW_3_SET_58_21_118_36_R_30_247_holes.txt
240719-12:20:40	[INFO]	CAL_ASIC_HW_ADDR_2: ftrim_XA-000-08-002-000-007-099-13_HW_2_SET_56_20_118_28_R_30_247_holes.txt
240719-12:29:46	[INFO]	CAL_ASIC_HW_ADDR_1: ftrim_XA-000-08-002-000-007-004-06_HW_1_SET_57_21_118_37_R_30_247_holes.txt
240719-12:39:00	[INFO]	CAL_ASIC_HW_ADDR_0: ftrim_XA-000-08-002-001-008-049-03_HW_0_SET_56_20_118_31_R_30_247_holes.txt
240719-12:39:00	[INFO]	<<-- FINISHED CALIBRATING THE MODULE
240719-12:39:00	[INFO]	--> SETTING THE CALIBRATION TRIM
240719-12:40:56	[INFO]	<<-- FINISHED SETTING THE CALIBRATION TRIM
240719-12:40:56	[INFO]	--> MEASURING ENC AND CHECKING CALIBRATION
240719-12:48:28	[INFO]	PSCAN_ASIC_HW_ADDR_1: pscan_240719_1240_XA-000-08-002-000-007-113-10_HW_1_SET_57_22_118_35_VP_0_255_1_NP_100_elect.txt
240719-12:55:54	[INFO]	PSCAN_ASIC_HW_ADDR_0: pscan_240719_1248_XA-000-08-002-000-007-122-10_HW_0_SET_56_23_118_35_VP_0_255_1_NP_100_elect.txt
240719-13:03:17	[INFO]	PSCAN_ASIC_HW_ADDR_3: pscan_240719_1255_XA-000-08-002-000-007-096-13_HW_3_SET_58_23_118_37_VP_0_255_1_NP_100_elect.txt
240719-13:10:44	[INFO]	PSCAN_ASIC_HW_ADDR_2: pscan_240719_1303_XA-000-08-002-000-007-101-13_HW_2_SET_56_22_118_42_VP_0_255_1_NP_100_elect.txt
240719-13:18:03	[INFO]	PSCAN_ASIC_HW_ADDR_5: pscan_240719_1310_XA-000-08-002-000-007-106-13_HW_5_SET_57_22_118_35_VP_0_255_1_NP_100_elect.txt
240719-13:25:18	[INFO]	PSCAN_ASIC_HW_ADDR_4: pscan_240719_1318_XA-000-08-002-000-007-105-13_HW_4_SET_56_21_118_34_VP_0_255_1_NP_100_elect.txt
240719-13:32:38	[INFO]	PSCAN_ASIC_HW_ADDR_7: pscan_240719_1325_XA-000-08-002-000-008-163-06_HW_7_SET_56_26_118_32_VP_0_255_1_NP_100_elect.txt
240719-13:40:00	[INFO]	PSCAN_ASIC_HW_ADDR_6: pscan_240719_1332_XA-000-08-002-000-007-110-13_HW_6_SET_55_24_118_33_VP_0_255_1_NP_100_elect.txt
240719-13:47:20	[INFO]	PSCAN_ASIC_HW_ADDR_7: pscan_240719_1340_XA-000-08-002-000-007-094-04_HW_7_SET_57_22_118_70_VP_0_255_1_NP_100_holes.txt
240719-13:54:44	[INFO]	PSCAN_ASIC_HW_ADDR_6: pscan_240719_1347_XA-000-08-002-000-007-002-06_HW_6_SET_57_22_118_33_VP_0_255_1_NP_100_holes.txt
240719-14:02:15	[INFO]	PSCAN_ASIC_HW_ADDR_5: pscan_240719_1354_XA-000-08-002-000-008-161-06_HW_5_SET_55_20_118_35_VP_0_255_1_NP_100_holes.txt
240719-14:09:39	[INFO]	PSCAN_ASIC_HW_ADDR_4: pscan_240719_1402_XA-000-08-002-000-007-097-13_HW_4_SET_56_21_118_41_VP_0_255_1_NP_100_holes.txt
240719-14:17:01	[INFO]	PSCAN_ASIC_HW_ADDR_3: pscan_240719_1409_XA-000-08-002-000-007-111-13_HW_3_SET_58_21_118_36_VP_0_255_1_NP_100_holes.txt
240719-14:24:18	[INFO]	PSCAN_ASIC_HW_ADDR_2: pscan_240719_1417_XA-000-08-002-000-007-099-13_HW_2_SET_56_20_118_28_VP_0_255_1_NP_100_holes.txt
240719-14:31:32	[INFO]	PSCAN_ASIC_HW_ADDR_1: pscan_240719_1424_XA-000-08-002-000-007-004-06_HW_1_SET_57_21_118_37_VP_0_255_1_NP_100_holes.txt
240719-14:39:03	[INFO]	PSCAN_ASIC_HW_ADDR_0: pscan_240719_1431_XA-000-08-002-001-008-049-03_HW_0_SET_56_20_118_31_VP_0_255_1_NP_100_holes.txt
240719-14:39:03	[INFO]	<<-- FINISHED MEASURING ENC AND CHECKING CALIBRATION
240719-14:40:03	MODULE_ID:	M4UL0B0010550A2_240719_1440
240719-14:40:03	[INFO]	TEST_CENTER: GSI
240719-14:40:03	[INFO]	OPERATOR_ID: Dairon Rodriguez Garces
240719-14:40:03	[INFO]	MODULE ID: 	M4UL0B0010550A2
240719-14:40:03	[INFO]	SENSOR_SIZE [mm]: 	42
240719-14:40:03	[INFO]	SENSOR_QGRADE: 	A
240719-14:44:27	[INFO]	-->> RUNNING SYNCHRONIZATION
240719-14:44:56	[INFO]	<<-- FINISHED SYNCHRONIZATION
240719-14:44:56	[INFO]	-->> READING LV VALUES BEFORE CONFIGURATION
240719-14:44:57	[INFO]	<<-- FINISHED READING LV VALUES BEFORE CONFIGURATION
240719-14:44:57	[INFO]	-->> LOADING STANDARD CONFIGURATION
240719-14:45:04	[INFO]	<<-- FINISHED LOADING STANDARD CONFIGURATION
240719-14:45:04	[INFO]	-->> READING ASICs ID
240719-14:45:05	[INFO]	<<-- FINISHED READING ASICs ID
240719-14:45:05	[INFO]	-->> LOADING DEFAULT TRIM VALUES
240719-14:45:59	[INFO]	<<-- FINISHED LOADING DEFAULT TRIM VALUES
240719-14:45:59	[INFO]	-->> READING LV VALUES AFTER CONFIGURATION
240719-14:46:10	[INFO]	<<-- FINISHED READING LV VALUES AFTER CONFIGURATION
240719-14:46:10	[INFO]	-->> READING VDDM & TEMPERATURE
240719-14:46:13	[INFO]	<<-- FINISHED READING VDDM & TEMPERATURE
240719-14:46:13	[INFO]	--> SETTING THE CALIBRATION TRIM
240719-14:48:07	[INFO]	<<-- FINISHED SETTING THE CALIBRATION TRIM
240719-14:48:07	[INFO]	--> CHECKING CHANNELS' CONNECTIVITY
240719-14:48:07	[INFO]	CONN-CHECK_ASIC_HW_ADDR_1: elect
240719-14:48:26	[INFO]	CONN-CHECK_ASIC_HW_ADDR_0: elect
240719-14:48:44	[INFO]	CONN-CHECK_ASIC_HW_ADDR_3: elect
240719-14:49:03	[INFO]	CONN-CHECK_ASIC_HW_ADDR_2: elect
240719-14:49:21	[INFO]	CONN-CHECK_ASIC_HW_ADDR_5: elect
240719-14:49:39	[INFO]	CONN-CHECK_ASIC_HW_ADDR_4: elect
240719-14:49:59	[INFO]	CONN-CHECK_ASIC_HW_ADDR_7: elect
240719-14:50:17	[INFO]	CONN-CHECK_ASIC_HW_ADDR_6: elect
240719-14:50:36	[INFO]	CONN-CHECK_ASIC_HW_ADDR_7: holes
240719-14:50:54	[INFO]	CONN-CHECK_ASIC_HW_ADDR_6: holes
240719-14:51:12	[INFO]	CONN-CHECK_ASIC_HW_ADDR_5: holes
240719-14:51:31	[INFO]	CONN-CHECK_ASIC_HW_ADDR_4: holes
240719-14:51:49	[INFO]	CONN-CHECK_ASIC_HW_ADDR_3: holes
240719-14:52:07	[INFO]	CONN-CHECK_ASIC_HW_ADDR_2: holes
240719-14:52:26	[INFO]	CONN-CHECK_ASIC_HW_ADDR_1: holes
240719-14:52:44	[INFO]	CONN-CHECK_ASIC_HW_ADDR_0: holes
240719-14:53:02	[INFO]	<<-- FINISHED CHECKING CHANNELS' CONNECTIVITY
