240507-11:40:48	MODULE_ID:	M4UL4B3010323A2
240507-11:40:48	[INFO]	TEST_CENTER: GSI
240507-11:40:48	[INFO]	OPERATOR_ID: Dairon Rodriguez Garces
240507-11:40:48	[INFO]	MODULE ID: 	M4UL4B3010323A2
240507-11:40:48	[INFO]	SENSOR_SIZE [mm]: 	124
240507-11:40:48	[INFO]	SENSOR_QGRADE: 	C
240507-11:41:03	[INFO]	-->> RUNNING SYNCHRONIZATION
240507-11:41:33	[INFO]	<<-- FINISHED SYNCHRONIZATION
240507-11:41:33	[INFO]	-->> READING LV VALUES BEFORE CONFIGURATION
240507-11:41:33	[INFO]	<<-- FINISHED READING LV VALUES BEFORE CONFIGURATION
240507-11:41:33	[INFO]	-->> LOADING STANDARD CONFIGURATION
240507-11:41:41	[INFO]	<<-- FINISHED LOADING STANDARD CONFIGURATION
240507-11:41:41	[INFO]	-->> READING ASICs ID
240507-11:41:42	[INFO]	<<-- FINISHED READING ASICs ID
240507-11:41:42	[INFO]	-->> LOADING DEFAULT TRIM VALUES
240507-11:42:38	[INFO]	<<-- FINISHED LOADING DEFAULT TRIM VALUES
240507-11:42:38	[INFO]	-->> READING LV VALUES AFTER CONFIGURATION
240507-11:42:48	[INFO]	<<-- FINISHED READING LV VALUES AFTER CONFIGURATION
240507-11:42:48	[INFO]	-->> READING VDDM & TEMPERATURE
240507-11:42:54	[INFO]	<<-- FINISHED READING VDDM & TEMPERATURE
240507-11:42:54	[INFO]	-->> LOADING DEFAULT TRIM VALUES
240507-11:43:52	[INFO]	<<-- FINISHED LOADING DEFAULT TRIM VALUES
240507-11:43:52	[INFO]	-->> FINDING VREF_P, VREF_N & THR@_GLB FOR CALIBRATION
240507-11:50:56	[INFO]	<<-- FINISHED FINDING VREF_P, VREF_N & THR@_GLB FOR CALIBRATION
240507-11:50:56	[INFO]	--> SETTING THE CALIBRATION PARAMETERS
240507-11:50:56	[INFO]	<<-- FINISHED SETTING THE CALIBRATION PARAMETERS
240507-11:50:56	[INFO]	-->> CALIBRATING THE MODULE
240507-12:00:03	[INFO]	CAL_ASIC_HW_ADDR_1: ftrim_XA-000-08-002-000-005-251-03_HW_1_SET_57_27_118_42_R_30_247_elect.txt
240507-12:09:08	[INFO]	CAL_ASIC_HW_ADDR_0: ftrim_XA-000-08-002-000-005-204-10_HW_0_SET_56_26_118_42_R_30_247_elect.txt
240507-12:18:09	[INFO]	CAL_ASIC_HW_ADDR_3: ftrim_XA-000-08-002-000-006-010-11_HW_3_SET_58_27_118_39_R_30_247_elect.txt
240507-12:27:16	[INFO]	CAL_ASIC_HW_ADDR_2: ftrim_XA-000-08-002-000-005-250-03_HW_2_SET_56_25_118_41_R_30_247_elect.txt
240507-12:36:20	[INFO]	CAL_ASIC_HW_ADDR_5: ftrim_XA-000-08-002-000-005-191-06_HW_5_SET_56_27_118_30_R_30_247_elect.txt
240507-12:45:26	[INFO]	CAL_ASIC_HW_ADDR_4: ftrim_XA-000-08-002-000-005-238-04_HW_4_SET_55_26_118_36_R_30_247_elect.txt
240507-12:54:32	[INFO]	CAL_ASIC_HW_ADDR_7: ftrim_XA-000-08-002-000-006-008-11_HW_7_SET_57_27_118_43_R_30_247_elect.txt
240507-13:03:39	[INFO]	CAL_ASIC_HW_ADDR_6: ftrim_XA-000-08-002-000-005-227-04_HW_6_SET_55_25_118_60_R_30_247_elect.txt
240507-13:12:46	[INFO]	CAL_ASIC_HW_ADDR_7: ftrim_XA-000-08-002-000-001-149-14_HW_7_SET_56_24_118_10_R_30_247_holes.txt
240507-13:21:54	[INFO]	CAL_ASIC_HW_ADDR_6: ftrim_XA-000-08-002-000-005-216-13_HW_6_SET_58_21_118_10_R_30_247_holes.txt
240507-13:30:59	[INFO]	CAL_ASIC_HW_ADDR_5: ftrim_XA-000-08-002-000-001-150-14_HW_5_SET_57_22_118_54_R_30_247_holes.txt
240507-13:40:08	[INFO]	CAL_ASIC_HW_ADDR_4: ftrim_XA-000-08-002-000-005-208-13_HW_4_SET_58_19_118_50_R_30_247_holes.txt
240507-13:49:13	[INFO]	CAL_ASIC_HW_ADDR_3: ftrim_XA-000-08-002-000-001-148-14_HW_3_SET_57_21_118_43_R_30_247_holes.txt
240507-13:58:23	[INFO]	CAL_ASIC_HW_ADDR_2: ftrim_XA-000-08-002-000-005-181-06_HW_2_SET_57_20_118_52_R_30_247_holes.txt
240507-14:07:32	[INFO]	CAL_ASIC_HW_ADDR_1: ftrim_XA-000-08-002-000-001-151-14_HW_1_SET_58_21_118_51_R_30_247_holes.txt
240507-14:16:51	[INFO]	CAL_ASIC_HW_ADDR_0: ftrim_XA-000-08-002-000-005-247-03_HW_0_SET_57_19_118_54_R_30_247_holes.txt
240507-14:16:51	[INFO]	<<-- FINISHED CALIBRATING THE MODULE
240507-14:16:51	[INFO]	--> SETTING THE CALIBRATION TRIM
240507-14:18:46	[INFO]	<<-- FINISHED SETTING THE CALIBRATION TRIM
240507-14:18:46	[INFO]	--> MEASURING ENC AND CHECKING CALIBRATION
240507-14:25:57	[INFO]	PSCAN_ASIC_HW_ADDR_1: pscan_240507_1418_XA-000-08-002-000-005-251-03_HW_1_SET_57_27_118_42_VP_0_255_1_NP_100_elect.txt
240507-14:33:10	[INFO]	PSCAN_ASIC_HW_ADDR_0: pscan_240507_1425_XA-000-08-002-000-005-204-10_HW_0_SET_56_26_118_42_VP_0_255_1_NP_100_elect.txt
240507-14:40:20	[INFO]	PSCAN_ASIC_HW_ADDR_3: pscan_240507_1433_XA-000-08-002-000-006-010-11_HW_3_SET_58_27_118_39_VP_0_255_1_NP_100_elect.txt
240507-14:47:30	[INFO]	PSCAN_ASIC_HW_ADDR_2: pscan_240507_1440_XA-000-08-002-000-005-250-03_HW_2_SET_56_25_118_41_VP_0_255_1_NP_100_elect.txt
240507-14:54:43	[INFO]	PSCAN_ASIC_HW_ADDR_5: pscan_240507_1447_XA-000-08-002-000-005-191-06_HW_5_SET_56_27_118_30_VP_0_255_1_NP_100_elect.txt
240507-15:01:51	[INFO]	PSCAN_ASIC_HW_ADDR_4: pscan_240507_1454_XA-000-08-002-000-005-238-04_HW_4_SET_55_26_118_36_VP_0_255_1_NP_100_elect.txt
240507-15:09:01	[INFO]	PSCAN_ASIC_HW_ADDR_7: pscan_240507_1501_XA-000-08-002-000-006-008-11_HW_7_SET_57_27_118_43_VP_0_255_1_NP_100_elect.txt
240507-15:16:08	[INFO]	PSCAN_ASIC_HW_ADDR_6: pscan_240507_1509_XA-000-08-002-000-005-227-04_HW_6_SET_55_25_118_60_VP_0_255_1_NP_100_elect.txt
240507-15:23:17	[INFO]	PSCAN_ASIC_HW_ADDR_7: pscan_240507_1516_XA-000-08-002-000-001-149-14_HW_7_SET_56_24_118_10_VP_0_255_1_NP_100_holes.txt
240507-15:30:29	[INFO]	PSCAN_ASIC_HW_ADDR_6: pscan_240507_1523_XA-000-08-002-000-005-216-13_HW_6_SET_58_21_118_10_VP_0_255_1_NP_100_holes.txt
240507-15:37:41	[INFO]	PSCAN_ASIC_HW_ADDR_5: pscan_240507_1530_XA-000-08-002-000-001-150-14_HW_5_SET_57_22_118_54_VP_0_255_1_NP_100_holes.txt
240507-15:44:55	[INFO]	PSCAN_ASIC_HW_ADDR_4: pscan_240507_1537_XA-000-08-002-000-005-208-13_HW_4_SET_58_19_118_50_VP_0_255_1_NP_100_holes.txt
240507-15:52:04	[INFO]	PSCAN_ASIC_HW_ADDR_3: pscan_240507_1544_XA-000-08-002-000-001-148-14_HW_3_SET_57_21_118_43_VP_0_255_1_NP_100_holes.txt
240507-15:59:11	[INFO]	PSCAN_ASIC_HW_ADDR_2: pscan_240507_1552_XA-000-08-002-000-005-181-06_HW_2_SET_57_20_118_52_VP_0_255_1_NP_100_holes.txt
240507-16:06:47	[INFO]	PSCAN_ASIC_HW_ADDR_1: pscan_240507_1559_XA-000-08-002-000-001-151-14_HW_1_SET_58_21_118_51_VP_0_255_1_NP_100_holes.txt
240507-16:15:50	[INFO]	PSCAN_ASIC_HW_ADDR_0: pscan_240507_1606_XA-000-08-002-000-005-247-03_HW_0_SET_57_19_118_54_VP_0_255_1_NP_100_holes.txt
240507-16:15:50	[INFO]	<<-- FINISHED MEASURING ENC AND CHECKING CALIBRATION
240508-09:54:24	MODULE_ID:	M4UL4B3010323A2_240508_0954
240508-09:54:24	[INFO]	TEST_CENTER: GSI
240508-09:54:24	[INFO]	OPERATOR_ID: Dairon Rodriguez Garces
240508-09:54:24	[INFO]	MODULE ID: 	M4UL4B3010323A2
240508-09:54:24	[INFO]	SENSOR_SIZE [mm]: 	124
240508-09:54:24	[INFO]	SENSOR_QGRADE: 	C
240508-09:54:38	[INFO]	-->> RUNNING SYNCHRONIZATION
240508-09:55:11	[INFO]	<<-- FINISHED SYNCHRONIZATION
240508-09:55:11	[INFO]	-->> READING LV VALUES BEFORE CONFIGURATION
240508-09:55:11	[INFO]	<<-- FINISHED READING LV VALUES BEFORE CONFIGURATION
240508-09:55:11	[INFO]	-->> LOADING STANDARD CONFIGURATION
240508-09:55:19	[INFO]	<<-- FINISHED LOADING STANDARD CONFIGURATION
240508-09:55:19	[INFO]	-->> READING ASICs ID
240508-09:55:20	[INFO]	<<-- FINISHED READING ASICs ID
240508-09:55:20	[INFO]	-->> LOADING DEFAULT TRIM VALUES
240508-09:56:15	[INFO]	<<-- FINISHED LOADING DEFAULT TRIM VALUES
240508-09:56:15	[INFO]	-->> READING LV VALUES AFTER CONFIGURATION
240508-09:56:26	[INFO]	<<-- FINISHED READING LV VALUES AFTER CONFIGURATION
240508-09:56:26	[INFO]	-->> READING VDDM & TEMPERATURE
240508-09:56:32	[INFO]	<<-- FINISHED READING VDDM & TEMPERATURE
240508-09:56:32	[INFO]	--> SETTING THE CALIBRATION TRIM
240508-09:58:27	[INFO]	<<-- FINISHED SETTING THE CALIBRATION TRIM
240508-09:58:27	[INFO]	--> CHECKING CHANNELS' CONNECTIVITY
240508-09:58:27	[INFO]	CONN-CHECK_ASIC_HW_ADDR_1: elect
240508-09:58:45	[INFO]	CONN-CHECK_ASIC_HW_ADDR_0: elect
240508-09:59:04	[INFO]	CONN-CHECK_ASIC_HW_ADDR_3: elect
240508-09:59:22	[INFO]	CONN-CHECK_ASIC_HW_ADDR_2: elect
240508-09:59:40	[INFO]	CONN-CHECK_ASIC_HW_ADDR_5: elect
240508-09:59:58	[INFO]	CONN-CHECK_ASIC_HW_ADDR_4: elect
240508-10:00:16	[INFO]	CONN-CHECK_ASIC_HW_ADDR_7: elect
240508-10:00:35	[INFO]	CONN-CHECK_ASIC_HW_ADDR_6: elect
240508-10:00:53	[INFO]	CONN-CHECK_ASIC_HW_ADDR_7: holes
240508-10:01:11	[INFO]	CONN-CHECK_ASIC_HW_ADDR_6: holes
240508-10:01:30	[INFO]	CONN-CHECK_ASIC_HW_ADDR_5: holes
240508-10:01:48	[INFO]	CONN-CHECK_ASIC_HW_ADDR_4: holes
240508-10:02:06	[INFO]	CONN-CHECK_ASIC_HW_ADDR_3: holes
240508-10:02:25	[INFO]	CONN-CHECK_ASIC_HW_ADDR_2: holes
240508-10:02:44	[INFO]	CONN-CHECK_ASIC_HW_ADDR_1: holes
240508-10:03:02	[INFO]	CONN-CHECK_ASIC_HW_ADDR_0: holes
240508-10:03:21	[INFO]	<<-- FINISHED CHECKING CHANNELS' CONNECTIVITY
