240513-11:55:45	MODULE_ID:	M5DL1B4001164B2
240513-11:55:45	[INFO]	TEST_CENTER: GSI
240513-11:55:45	[INFO]	OPERATOR_ID: Dairon Rodriguez Garces
240513-11:55:45	[INFO]	MODULE ID: 	M5DL1B4001164B2
240513-11:55:45	[INFO]	SENSOR_SIZE [mm]: 	124
240513-11:55:45	[INFO]	SENSOR_QGRADE: 	C
240513-11:56:11	[INFO]	-->> RUNNING SYNCHRONIZATION
240513-11:56:40	[INFO]	<<-- FINISHED SYNCHRONIZATION
240513-11:56:40	[INFO]	-->> READING LV VALUES BEFORE CONFIGURATION
240513-11:56:40	[INFO]	<<-- FINISHED READING LV VALUES BEFORE CONFIGURATION
240513-11:56:40	[INFO]	-->> LOADING STANDARD CONFIGURATION
240513-11:56:47	[INFO]	<<-- FINISHED LOADING STANDARD CONFIGURATION
240513-11:56:47	[INFO]	-->> READING ASICs ID
240513-11:56:48	[INFO]	<<-- FINISHED READING ASICs ID
240513-11:56:48	[INFO]	-->> LOADING DEFAULT TRIM VALUES
240513-11:57:42	[INFO]	<<-- FINISHED LOADING DEFAULT TRIM VALUES
240513-11:57:42	[INFO]	-->> READING LV VALUES AFTER CONFIGURATION
240513-11:57:52	[INFO]	<<-- FINISHED READING LV VALUES AFTER CONFIGURATION
240513-11:57:52	[INFO]	-->> READING VDDM & TEMPERATURE
240513-11:57:58	[INFO]	<<-- FINISHED READING VDDM & TEMPERATURE
240513-11:57:58	[INFO]	-->> LOADING DEFAULT TRIM VALUES
240513-11:58:53	[INFO]	<<-- FINISHED LOADING DEFAULT TRIM VALUES
240513-11:58:53	[INFO]	-->> FINDING VREF_P, VREF_N & THR@_GLB FOR CALIBRATION
240513-12:05:47	[INFO]	<<-- FINISHED FINDING VREF_P, VREF_N & THR@_GLB FOR CALIBRATION
240513-12:05:47	[INFO]	--> SETTING THE CALIBRATION PARAMETERS
240513-12:05:47	[INFO]	<<-- FINISHED SETTING THE CALIBRATION PARAMETERS
240513-12:05:47	[INFO]	-->> CALIBRATING THE MODULE
240513-12:14:44	[INFO]	CAL_ASIC_HW_ADDR_7: ftrim_XA-000-08-002-000-006-100-00_HW_7_SET_58_23_118_40_R_30_247_elect.txt
240513-12:23:33	[INFO]	CAL_ASIC_HW_ADDR_6: ftrim_XA-000-08-002-000-006-112-07_HW_6_SET_56_22_118_39_R_30_247_elect.txt
240513-12:32:20	[INFO]	CAL_ASIC_HW_ADDR_5: ftrim_XA-000-08-002-000-006-104-00_HW_5_SET_57_25_118_43_R_30_247_elect.txt
240513-12:41:07	[INFO]	CAL_ASIC_HW_ADDR_4: ftrim_XA-000-08-002-000-006-070-14_HW_4_SET_55_24_118_39_R_30_247_elect.txt
240513-12:49:55	[INFO]	CAL_ASIC_HW_ADDR_3: ftrim_XA-000-08-002-000-006-105-00_HW_3_SET_58_24_118_43_R_30_247_elect.txt
240513-12:58:39	[INFO]	CAL_ASIC_HW_ADDR_2: ftrim_XA-000-08-002-000-006-108-00_HW_2_SET_56_22_118_36_R_30_247_elect.txt
240513-13:07:25	[INFO]	CAL_ASIC_HW_ADDR_1: ftrim_XA-000-08-002-000-006-109-00_HW_1_SET_58_21_118_41_R_30_247_elect.txt
240513-13:16:15	[INFO]	CAL_ASIC_HW_ADDR_0: ftrim_XA-000-08-002-000-006-103-00_HW_0_SET_56_21_118_41_R_30_247_elect.txt
240513-13:25:05	[INFO]	CAL_ASIC_HW_ADDR_1: ftrim_XA-000-08-002-000-005-163-01_HW_1_SET_56_19_118_10_R_30_247_holes.txt
240513-13:33:53	[INFO]	CAL_ASIC_HW_ADDR_0: ftrim_XA-000-08-002-001-006-065-06_HW_0_SET_58_21_118_69_R_30_247_holes.txt
240513-13:42:41	[INFO]	CAL_ASIC_HW_ADDR_3: ftrim_XA-000-08-002-000-005-156-08_HW_3_SET_57_21_118_47_R_30_247_holes.txt
240513-13:51:31	[INFO]	CAL_ASIC_HW_ADDR_2: ftrim_XA-000-08-002-000-005-161-01_HW_2_SET_55_17_118_42_R_30_247_holes.txt
240513-14:00:22	[INFO]	CAL_ASIC_HW_ADDR_5: ftrim_XA-000-08-002-000-005-159-08_HW_5_SET_55_20_118_45_R_30_247_holes.txt
240513-14:09:10	[INFO]	CAL_ASIC_HW_ADDR_4: ftrim_XA-000-08-002-000-005-158-08_HW_4_SET_57_21_118_47_R_30_247_holes.txt
240513-14:17:59	[INFO]	CAL_ASIC_HW_ADDR_7: ftrim_XA-000-08-002-000-005-162-01_HW_7_SET_55_18_118_37_R_30_247_holes.txt
240513-14:26:50	[INFO]	CAL_ASIC_HW_ADDR_6: ftrim_XA-000-08-002-000-005-155-08_HW_6_SET_56_19_118_42_R_30_247_holes.txt
240513-14:26:50	[INFO]	<<-- FINISHED CALIBRATING THE MODULE
240513-14:26:50	[INFO]	--> SETTING THE CALIBRATION TRIM
240513-14:28:40	[INFO]	<<-- FINISHED SETTING THE CALIBRATION TRIM
240513-14:28:40	[INFO]	--> MEASURING ENC AND CHECKING CALIBRATION
240513-14:35:38	[INFO]	PSCAN_ASIC_HW_ADDR_7: pscan_240513_1428_XA-000-08-002-000-006-100-00_HW_7_SET_58_23_118_40_VP_0_255_1_NP_100_elect.txt
240513-14:42:34	[INFO]	PSCAN_ASIC_HW_ADDR_6: pscan_240513_1435_XA-000-08-002-000-006-112-07_HW_6_SET_56_22_118_39_VP_0_255_1_NP_100_elect.txt
240513-14:49:31	[INFO]	PSCAN_ASIC_HW_ADDR_5: pscan_240513_1442_XA-000-08-002-000-006-104-00_HW_5_SET_57_25_118_43_VP_0_255_1_NP_100_elect.txt
240513-14:56:28	[INFO]	PSCAN_ASIC_HW_ADDR_4: pscan_240513_1449_XA-000-08-002-000-006-070-14_HW_4_SET_55_24_118_39_VP_0_255_1_NP_100_elect.txt
240513-15:03:20	[INFO]	PSCAN_ASIC_HW_ADDR_3: pscan_240513_1456_XA-000-08-002-000-006-105-00_HW_3_SET_58_24_118_43_VP_0_255_1_NP_100_elect.txt
240513-15:10:12	[INFO]	PSCAN_ASIC_HW_ADDR_2: pscan_240513_1503_XA-000-08-002-000-006-108-00_HW_2_SET_56_22_118_36_VP_0_255_1_NP_100_elect.txt
240513-15:17:07	[INFO]	PSCAN_ASIC_HW_ADDR_1: pscan_240513_1510_XA-000-08-002-000-006-109-00_HW_1_SET_58_21_118_41_VP_0_255_1_NP_100_elect.txt
240513-15:23:58	[INFO]	PSCAN_ASIC_HW_ADDR_0: pscan_240513_1517_XA-000-08-002-000-006-103-00_HW_0_SET_56_21_118_41_VP_0_255_1_NP_100_elect.txt
240513-15:30:49	[INFO]	PSCAN_ASIC_HW_ADDR_1: pscan_240513_1523_XA-000-08-002-000-005-163-01_HW_1_SET_56_19_118_10_VP_0_255_1_NP_100_holes.txt
240513-15:37:45	[INFO]	PSCAN_ASIC_HW_ADDR_0: pscan_240513_1530_XA-000-08-002-001-006-065-06_HW_0_SET_58_21_118_69_VP_0_255_1_NP_100_holes.txt
240513-15:44:38	[INFO]	PSCAN_ASIC_HW_ADDR_3: pscan_240513_1537_XA-000-08-002-000-005-156-08_HW_3_SET_57_21_118_47_VP_0_255_1_NP_100_holes.txt
240513-15:51:33	[INFO]	PSCAN_ASIC_HW_ADDR_2: pscan_240513_1544_XA-000-08-002-000-005-161-01_HW_2_SET_55_17_118_42_VP_0_255_1_NP_100_holes.txt
240513-15:58:25	[INFO]	PSCAN_ASIC_HW_ADDR_5: pscan_240513_1551_XA-000-08-002-000-005-159-08_HW_5_SET_55_20_118_45_VP_0_255_1_NP_100_holes.txt
240513-16:05:21	[INFO]	PSCAN_ASIC_HW_ADDR_4: pscan_240513_1558_XA-000-08-002-000-005-158-08_HW_4_SET_57_21_118_47_VP_0_255_1_NP_100_holes.txt
240513-16:12:20	[INFO]	PSCAN_ASIC_HW_ADDR_7: pscan_240513_1605_XA-000-08-002-000-005-162-01_HW_7_SET_55_18_118_37_VP_0_255_1_NP_100_holes.txt
240513-16:19:26	[INFO]	PSCAN_ASIC_HW_ADDR_6: pscan_240513_1612_XA-000-08-002-000-005-155-08_HW_6_SET_56_19_118_42_VP_0_255_1_NP_100_holes.txt
240513-16:19:26	[INFO]	<<-- FINISHED MEASURING ENC AND CHECKING CALIBRATION
240514-09:49:32	MODULE_ID:	M5DL1B4001164B2_240514_0949
240514-09:49:32	[INFO]	TEST_CENTER: GSI
240514-09:49:32	[INFO]	OPERATOR_ID: Dairon Rodriguez Garces
240514-09:49:32	[INFO]	MODULE ID: 	M5DL1B4001164B2
240514-09:49:32	[INFO]	SENSOR_SIZE [mm]: 	124
240514-09:49:32	[INFO]	SENSOR_QGRADE: 	C
240514-09:49:54	[INFO]	-->> RUNNING SYNCHRONIZATION
240514-09:50:24	[INFO]	<<-- FINISHED SYNCHRONIZATION
240514-09:50:24	[INFO]	-->> READING LV VALUES BEFORE CONFIGURATION
240514-09:50:24	[INFO]	<<-- FINISHED READING LV VALUES BEFORE CONFIGURATION
240514-09:50:24	[INFO]	-->> LOADING STANDARD CONFIGURATION
240514-09:50:31	[INFO]	<<-- FINISHED LOADING STANDARD CONFIGURATION
240514-09:50:31	[INFO]	-->> READING ASICs ID
240514-09:50:32	[INFO]	<<-- FINISHED READING ASICs ID
240514-09:50:32	[INFO]	-->> LOADING DEFAULT TRIM VALUES
240514-09:51:28	[INFO]	<<-- FINISHED LOADING DEFAULT TRIM VALUES
240514-09:51:28	[INFO]	-->> READING LV VALUES AFTER CONFIGURATION
240514-09:51:38	[INFO]	<<-- FINISHED READING LV VALUES AFTER CONFIGURATION
240514-09:51:38	[INFO]	-->> READING VDDM & TEMPERATURE
240514-09:51:44	[INFO]	<<-- FINISHED READING VDDM & TEMPERATURE
240514-09:51:44	[INFO]	--> SETTING THE CALIBRATION TRIM
240514-09:53:40	[INFO]	<<-- FINISHED SETTING THE CALIBRATION TRIM
240514-09:53:40	[INFO]	--> CHECKING CHANNELS' CONNECTIVITY
240514-09:53:40	[INFO]	CONN-CHECK_ASIC_HW_ADDR_7: elect
240514-09:53:58	[INFO]	CONN-CHECK_ASIC_HW_ADDR_6: elect
240514-09:54:16	[INFO]	CONN-CHECK_ASIC_HW_ADDR_5: elect
240514-09:54:34	[INFO]	CONN-CHECK_ASIC_HW_ADDR_4: elect
240514-09:54:52	[INFO]	CONN-CHECK_ASIC_HW_ADDR_3: elect
240514-09:55:10	[INFO]	CONN-CHECK_ASIC_HW_ADDR_2: elect
240514-09:55:28	[INFO]	CONN-CHECK_ASIC_HW_ADDR_1: elect
240514-09:55:46	[INFO]	CONN-CHECK_ASIC_HW_ADDR_0: elect
240514-09:56:04	[INFO]	CONN-CHECK_ASIC_HW_ADDR_1: holes
240514-09:56:22	[INFO]	CONN-CHECK_ASIC_HW_ADDR_0: holes
240514-09:56:40	[INFO]	CONN-CHECK_ASIC_HW_ADDR_3: holes
240514-09:56:58	[INFO]	CONN-CHECK_ASIC_HW_ADDR_2: holes
240514-09:57:16	[INFO]	CONN-CHECK_ASIC_HW_ADDR_5: holes
240514-09:57:34	[INFO]	CONN-CHECK_ASIC_HW_ADDR_4: holes
240514-09:57:51	[INFO]	CONN-CHECK_ASIC_HW_ADDR_7: holes
240514-09:58:09	[INFO]	CONN-CHECK_ASIC_HW_ADDR_6: holes
240514-09:58:29	[INFO]	<<-- FINISHED CHECKING CHANNELS' CONNECTIVITY
240514-11:09:35	MODULE_ID:	M5DL1B4001164B2_240514_1109
240514-11:09:35	[INFO]	TEST_CENTER: GSI
240514-11:09:35	[INFO]	OPERATOR_ID: Dairon Rodriguez Garces
240514-11:09:35	[INFO]	MODULE ID: 	M5DL1B4001164B2
240514-11:09:35	[INFO]	SENSOR_SIZE [mm]: 	124
240514-11:09:35	[INFO]	SENSOR_QGRADE: 	C
240514-11:10:00	[INFO]	-->> RUNNING SYNCHRONIZATION
240514-11:10:31	[INFO]	<<-- FINISHED SYNCHRONIZATION
240514-11:10:31	[INFO]	-->> READING LV VALUES BEFORE CONFIGURATION
240514-11:10:31	[INFO]	<<-- FINISHED READING LV VALUES BEFORE CONFIGURATION
240514-11:10:31	[INFO]	-->> LOADING STANDARD CONFIGURATION
240514-11:10:38	[INFO]	<<-- FINISHED LOADING STANDARD CONFIGURATION
240514-11:10:38	[INFO]	-->> READING ASICs ID
240514-11:10:39	[INFO]	<<-- FINISHED READING ASICs ID
240514-11:10:39	[INFO]	-->> LOADING DEFAULT TRIM VALUES
240514-11:10:43	[INFO]	<<-- FINISHED LOADING DEFAULT TRIM VALUES
240514-11:10:43	[INFO]	-->> READING LV VALUES AFTER CONFIGURATION
240514-11:10:53	[INFO]	<<-- FINISHED READING LV VALUES AFTER CONFIGURATION
240514-11:10:53	[INFO]	-->> READING VDDM & TEMPERATURE
240514-11:11:00	[INFO]	<<-- FINISHED READING VDDM & TEMPERATURE
240514-11:11:00	[INFO]	--> SETTING THE CALIBRATION TRIM
240514-11:11:07	[INFO]	<<-- FINISHED SETTING THE CALIBRATION TRIM
240514-11:11:07	[INFO]	--> MEASURING ENC AND CHECKING CALIBRATION
240514-11:18:05	[INFO]	PSCAN_ASIC_HW_ADDR_2: pscan_240514_1111_XA-000-08-002-000-005-161-01_HW_2_SET_55_17_118_42_VP_0_255_1_NP_100_holes.txt
240514-11:18:05	[INFO]	<<-- FINISHED MEASURING ENC AND CHECKING CALIBRATION
240514-11:39:06	MODULE_ID:	M5DL1B4001164B2_240514_1139
240514-11:39:06	[INFO]	TEST_CENTER: GSI
240514-11:39:06	[INFO]	OPERATOR_ID: Dairon Rodriguez Garces
240514-11:39:06	[INFO]	MODULE ID: 	M5DL1B4001164B2
240514-11:39:06	[INFO]	SENSOR_SIZE [mm]: 	124
240514-11:39:06	[INFO]	SENSOR_QGRADE: 	C
240514-11:39:22	[INFO]	-->> RUNNING SYNCHRONIZATION
240514-11:39:52	[INFO]	<<-- FINISHED SYNCHRONIZATION
240514-11:39:52	[INFO]	-->> READING LV VALUES BEFORE CONFIGURATION
240514-11:39:52	[INFO]	<<-- FINISHED READING LV VALUES BEFORE CONFIGURATION
240514-11:39:52	[INFO]	-->> LOADING STANDARD CONFIGURATION
240514-11:39:59	[INFO]	<<-- FINISHED LOADING STANDARD CONFIGURATION
240514-11:39:59	[INFO]	-->> READING ASICs ID
240514-11:40:00	[INFO]	<<-- FINISHED READING ASICs ID
240514-11:40:00	[INFO]	-->> LOADING DEFAULT TRIM VALUES
240514-11:40:26	[INFO]	<<-- FINISHED LOADING DEFAULT TRIM VALUES
240514-11:40:26	[INFO]	-->> READING LV VALUES AFTER CONFIGURATION
240514-11:40:36	[INFO]	<<-- FINISHED READING LV VALUES AFTER CONFIGURATION
240514-11:40:36	[INFO]	-->> READING VDDM & TEMPERATURE
240514-11:40:43	[INFO]	<<-- FINISHED READING VDDM & TEMPERATURE
240514-11:40:43	[INFO]	-->> LOADING DEFAULT TRIM VALUES
240514-11:41:10	[INFO]	<<-- FINISHED LOADING DEFAULT TRIM VALUES
240514-11:41:10	[INFO]	-->> FINDING VREF_P, VREF_N & THR@_GLB FOR CALIBRATION
240514-11:44:38	[INFO]	<<-- FINISHED FINDING VREF_P, VREF_N & THR@_GLB FOR CALIBRATION
240514-11:44:38	[INFO]	--> SETTING THE CALIBRATION PARAMETERS
240514-11:44:38	[INFO]	<<-- FINISHED SETTING THE CALIBRATION PARAMETERS
240514-11:44:38	[INFO]	-->> CALIBRATING THE MODULE
240514-11:53:47	[INFO]	CAL_ASIC_HW_ADDR_1: ftrim_XA-000-08-002-000-005-163-01_HW_1_SET_57_19_118_61_R_30_247_holes.txt
240514-12:02:40	[INFO]	CAL_ASIC_HW_ADDR_0: ftrim_XA-000-08-002-001-006-065-06_HW_0_SET_58_21_118_34_R_30_247_holes.txt
240514-12:11:39	[INFO]	CAL_ASIC_HW_ADDR_3: ftrim_XA-000-08-002-000-005-156-08_HW_3_SET_57_21_118_47_R_30_247_holes.txt
240514-12:20:30	[INFO]	CAL_ASIC_HW_ADDR_2: ftrim_XA-000-08-002-000-005-161-01_HW_2_SET_55_17_118_29_R_30_247_holes.txt
240514-12:29:23	[INFO]	CAL_ASIC_HW_ADDR_5: ftrim_XA-000-08-002-000-005-159-08_HW_5_SET_55_19_118_35_R_30_247_holes.txt
240514-12:38:14	[INFO]	CAL_ASIC_HW_ADDR_4: ftrim_XA-000-08-002-000-005-158-08_HW_4_SET_57_20_118_30_R_30_247_holes.txt
240514-12:47:05	[INFO]	CAL_ASIC_HW_ADDR_7: ftrim_XA-000-08-002-000-005-162-01_HW_7_SET_55_17_118_34_R_30_247_holes.txt
240514-12:55:59	[INFO]	CAL_ASIC_HW_ADDR_6: ftrim_XA-000-08-002-000-005-155-08_HW_6_SET_56_19_118_25_R_30_247_holes.txt
240514-12:55:59	[INFO]	<<-- FINISHED CALIBRATING THE MODULE
240514-12:55:59	[INFO]	--> SETTING THE CALIBRATION TRIM
240514-12:56:54	[INFO]	<<-- FINISHED SETTING THE CALIBRATION TRIM
240514-12:56:54	[INFO]	--> MEASURING ENC AND CHECKING CALIBRATION
240514-13:04:02	[INFO]	PSCAN_ASIC_HW_ADDR_1: pscan_240514_1256_XA-000-08-002-000-005-163-01_HW_1_SET_57_19_118_61_VP_0_255_1_NP_100_holes.txt
240514-13:11:11	[INFO]	PSCAN_ASIC_HW_ADDR_0: pscan_240514_1304_XA-000-08-002-001-006-065-06_HW_0_SET_58_21_118_34_VP_0_255_1_NP_100_holes.txt
240514-13:18:20	[INFO]	PSCAN_ASIC_HW_ADDR_3: pscan_240514_1311_XA-000-08-002-000-005-156-08_HW_3_SET_57_21_118_47_VP_0_255_1_NP_100_holes.txt
240514-13:25:26	[INFO]	PSCAN_ASIC_HW_ADDR_2: pscan_240514_1318_XA-000-08-002-000-005-161-01_HW_2_SET_55_17_118_29_VP_0_255_1_NP_100_holes.txt
240514-13:32:32	[INFO]	PSCAN_ASIC_HW_ADDR_5: pscan_240514_1325_XA-000-08-002-000-005-159-08_HW_5_SET_55_19_118_35_VP_0_255_1_NP_100_holes.txt
240514-13:39:41	[INFO]	PSCAN_ASIC_HW_ADDR_4: pscan_240514_1332_XA-000-08-002-000-005-158-08_HW_4_SET_57_20_118_30_VP_0_255_1_NP_100_holes.txt
240514-13:46:49	[INFO]	PSCAN_ASIC_HW_ADDR_7: pscan_240514_1339_XA-000-08-002-000-005-162-01_HW_7_SET_55_17_118_34_VP_0_255_1_NP_100_holes.txt
240514-13:53:57	[INFO]	PSCAN_ASIC_HW_ADDR_6: pscan_240514_1346_XA-000-08-002-000-005-155-08_HW_6_SET_56_19_118_25_VP_0_255_1_NP_100_holes.txt
240514-13:53:57	[INFO]	<<-- FINISHED MEASURING ENC AND CHECKING CALIBRATION
240516-11:12:56	MODULE_ID:	M5DL1B4001164B2_240516_1112
240516-11:12:56	[INFO]	TEST_CENTER: GSI
240516-11:12:56	[INFO]	OPERATOR_ID: Dairon Rodriguez Garces
240516-11:12:56	[INFO]	MODULE ID: 	M5DL1B4001164B2
240516-11:12:56	[INFO]	SENSOR_SIZE [mm]: 	124
240516-11:12:56	[INFO]	SENSOR_QGRADE: 	C
240516-11:13:21	[INFO]	-->> RUNNING SYNCHRONIZATION
240516-11:13:51	[INFO]	<<-- FINISHED SYNCHRONIZATION
240516-11:13:51	[INFO]	-->> READING LV VALUES BEFORE CONFIGURATION
240516-11:13:51	[INFO]	<<-- FINISHED READING LV VALUES BEFORE CONFIGURATION
240516-11:13:51	[INFO]	-->> LOADING STANDARD CONFIGURATION
240516-11:13:58	[INFO]	<<-- FINISHED LOADING STANDARD CONFIGURATION
240516-11:13:58	[INFO]	-->> READING ASICs ID
240516-11:13:59	[INFO]	<<-- FINISHED READING ASICs ID
240516-11:13:59	[INFO]	-->> LOADING DEFAULT TRIM VALUES
240516-11:14:56	[INFO]	<<-- FINISHED LOADING DEFAULT TRIM VALUES
240516-11:14:56	[INFO]	-->> READING LV VALUES AFTER CONFIGURATION
240516-11:15:06	[INFO]	<<-- FINISHED READING LV VALUES AFTER CONFIGURATION
240516-11:15:06	[INFO]	-->> READING VDDM & TEMPERATURE
240516-11:15:13	[INFO]	<<-- FINISHED READING VDDM & TEMPERATURE
240516-11:15:13	[INFO]	--> SETTING THE CALIBRATION TRIM
240516-11:17:06	[INFO]	<<-- FINISHED SETTING THE CALIBRATION TRIM
240516-11:17:06	[INFO]	--> CHECKING CHANNELS' CONNECTIVITY
240516-11:17:06	[INFO]	CONN-CHECK_ASIC_HW_ADDR_7: elect
240516-11:17:23	[INFO]	CONN-CHECK_ASIC_HW_ADDR_6: elect
240516-11:17:40	[INFO]	CONN-CHECK_ASIC_HW_ADDR_5: elect
240516-11:17:58	[INFO]	CONN-CHECK_ASIC_HW_ADDR_4: elect
240516-11:18:15	[INFO]	CONN-CHECK_ASIC_HW_ADDR_3: elect
240516-11:18:33	[INFO]	CONN-CHECK_ASIC_HW_ADDR_2: elect
240516-11:18:50	[INFO]	CONN-CHECK_ASIC_HW_ADDR_1: elect
240516-11:19:08	[INFO]	CONN-CHECK_ASIC_HW_ADDR_0: elect
240516-11:19:25	[INFO]	CONN-CHECK_ASIC_HW_ADDR_1: holes
240516-11:19:42	[INFO]	CONN-CHECK_ASIC_HW_ADDR_0: holes
240516-11:20:00	[INFO]	CONN-CHECK_ASIC_HW_ADDR_3: holes
240516-11:20:17	[INFO]	CONN-CHECK_ASIC_HW_ADDR_2: holes
240516-11:20:35	[INFO]	CONN-CHECK_ASIC_HW_ADDR_5: holes
240516-11:20:58	[INFO]	CONN-CHECK_ASIC_HW_ADDR_4: holes
240516-11:21:20	[INFO]	CONN-CHECK_ASIC_HW_ADDR_7: holes
240516-11:21:43	[INFO]	CONN-CHECK_ASIC_HW_ADDR_6: holes
240516-11:22:05	[INFO]	<<-- FINISHED CHECKING CHANNELS' CONNECTIVITY
