240715-11:05:56	MODULE_ID:	M4UL0T1010551B2
240715-11:05:56	[INFO]	TEST_CENTER: GSI
240715-11:05:56	[INFO]	OPERATOR_ID: Dairon Rodriguez Garces
240715-11:05:56	[INFO]	MODULE ID: 	M4UL0T1010551B2
240715-11:05:56	[INFO]	SENSOR_SIZE [mm]: 	42
240715-11:05:56	[INFO]	SENSOR_QGRADE: 	A
240715-11:07:03	[INFO]	-->> RUNNING SYNCHRONIZATION
240715-11:07:33	[INFO]	<<-- FINISHED SYNCHRONIZATION
240715-11:07:33	[INFO]	-->> READING LV VALUES BEFORE CONFIGURATION
240715-11:07:33	[INFO]	<<-- FINISHED READING LV VALUES BEFORE CONFIGURATION
240715-11:07:33	[INFO]	-->> LOADING STANDARD CONFIGURATION
240715-11:07:46	MODULE_ID:	M4UL0T1010551B2_240715_1107
240715-11:07:46	[INFO]	TEST_CENTER: GSI
240715-11:07:46	[INFO]	OPERATOR_ID: Dairon Rodriguez Garces
240715-11:07:46	[INFO]	MODULE ID: 	M4UL0T1010551B2
240715-11:07:46	[INFO]	SENSOR_SIZE [mm]: 	42
240715-11:07:46	[INFO]	SENSOR_QGRADE: 	A
240715-11:08:00	[INFO]	-->> RUNNING SYNCHRONIZATION
240715-11:08:29	[INFO]	<<-- FINISHED SYNCHRONIZATION
240715-11:08:29	[INFO]	-->> READING LV VALUES BEFORE CONFIGURATION
240715-11:08:30	[INFO]	<<-- FINISHED READING LV VALUES BEFORE CONFIGURATION
240715-11:08:30	[INFO]	-->> LOADING STANDARD CONFIGURATION
240715-11:08:37	[INFO]	<<-- FINISHED LOADING STANDARD CONFIGURATION
240715-11:08:37	[INFO]	-->> READING ASICs ID
240715-11:08:38	[INFO]	<<-- FINISHED READING ASICs ID
240715-11:08:38	[INFO]	-->> LOADING DEFAULT TRIM VALUES
240715-11:09:32	[INFO]	<<-- FINISHED LOADING DEFAULT TRIM VALUES
240715-11:09:32	[INFO]	-->> READING LV VALUES AFTER CONFIGURATION
240715-11:09:42	[INFO]	<<-- FINISHED READING LV VALUES AFTER CONFIGURATION
240715-11:09:42	[INFO]	-->> READING VDDM & TEMPERATURE
240715-11:09:45	[INFO]	<<-- FINISHED READING VDDM & TEMPERATURE
240715-11:09:45	[INFO]	-->> LOADING DEFAULT TRIM VALUES
240715-11:10:40	[INFO]	<<-- FINISHED LOADING DEFAULT TRIM VALUES
240715-11:10:40	[INFO]	-->> FINDING VREF_P, VREF_N & THR@_GLB FOR CALIBRATION
240715-11:17:40	MODULE_ID:	M4UL0T1010551B2_240715_1117
240715-11:17:40	[INFO]	TEST_CENTER: GSI
240715-11:17:40	[INFO]	OPERATOR_ID: Dairon Rodriguez Garces
240715-11:17:40	[INFO]	MODULE ID: 	M4UL0T1010551B2
240715-11:17:40	[INFO]	SENSOR_SIZE [mm]: 	42
240715-11:17:40	[INFO]	SENSOR_QGRADE: 	A
240715-11:17:58	[INFO]	-->> RUNNING SYNCHRONIZATION
240715-11:18:27	[INFO]	<<-- FINISHED SYNCHRONIZATION
240715-11:18:27	[INFO]	-->> READING LV VALUES BEFORE CONFIGURATION
240715-11:18:27	[INFO]	<<-- FINISHED READING LV VALUES BEFORE CONFIGURATION
240715-11:18:27	[INFO]	-->> LOADING STANDARD CONFIGURATION
240715-11:18:35	[INFO]	<<-- FINISHED LOADING STANDARD CONFIGURATION
240715-11:18:35	[INFO]	-->> READING ASICs ID
240715-11:18:35	[INFO]	<<-- FINISHED READING ASICs ID
240715-11:18:35	[INFO]	-->> LOADING DEFAULT TRIM VALUES
240715-11:19:29	[INFO]	<<-- FINISHED LOADING DEFAULT TRIM VALUES
240715-11:19:29	[INFO]	-->> READING LV VALUES AFTER CONFIGURATION
240715-11:19:39	[INFO]	<<-- FINISHED READING LV VALUES AFTER CONFIGURATION
240715-11:19:39	[INFO]	-->> READING VDDM & TEMPERATURE
240715-11:19:42	[INFO]	<<-- FINISHED READING VDDM & TEMPERATURE
240715-11:19:42	[INFO]	-->> LOADING DEFAULT TRIM VALUES
240715-11:20:36	[INFO]	<<-- FINISHED LOADING DEFAULT TRIM VALUES
240715-11:20:36	[INFO]	-->> FINDING VREF_P, VREF_N & THR@_GLB FOR CALIBRATION
240715-11:30:04	MODULE_ID:	M4UL0T1010551B2_240715_1130
240715-11:30:04	[INFO]	TEST_CENTER: GSI
240715-11:30:04	[INFO]	OPERATOR_ID: Dairon Rodriguez Garces
240715-11:30:04	[INFO]	MODULE ID: 	M4UL0T1010551B2
240715-11:30:04	[INFO]	SENSOR_SIZE [mm]: 	42
240715-11:30:04	[INFO]	SENSOR_QGRADE: 	A
240715-11:30:25	[INFO]	-->> RUNNING SYNCHRONIZATION
240715-11:30:55	[INFO]	<<-- FINISHED SYNCHRONIZATION
240715-11:30:55	[INFO]	-->> READING LV VALUES BEFORE CONFIGURATION
240715-11:30:55	[INFO]	<<-- FINISHED READING LV VALUES BEFORE CONFIGURATION
240715-11:30:55	[INFO]	-->> LOADING STANDARD CONFIGURATION
240715-11:31:02	[INFO]	<<-- FINISHED LOADING STANDARD CONFIGURATION
240715-11:31:02	[INFO]	-->> READING ASICs ID
240715-11:31:03	[INFO]	<<-- FINISHED READING ASICs ID
240715-11:31:03	[INFO]	-->> LOADING DEFAULT TRIM VALUES
240715-11:31:56	[INFO]	<<-- FINISHED LOADING DEFAULT TRIM VALUES
240715-11:31:56	[INFO]	-->> READING LV VALUES AFTER CONFIGURATION
240715-11:32:07	[INFO]	<<-- FINISHED READING LV VALUES AFTER CONFIGURATION
240715-11:32:07	[INFO]	-->> READING VDDM & TEMPERATURE
240715-11:32:10	[INFO]	<<-- FINISHED READING VDDM & TEMPERATURE
240715-11:32:10	[INFO]	-->> LOADING DEFAULT TRIM VALUES
240715-11:33:03	[INFO]	<<-- FINISHED LOADING DEFAULT TRIM VALUES
240715-11:33:03	[INFO]	-->> FINDING VREF_P, VREF_N & THR@_GLB FOR CALIBRATION
240715-11:39:53	[INFO]	<<-- FINISHED FINDING VREF_P, VREF_N & THR@_GLB FOR CALIBRATION
240715-11:39:53	[INFO]	--> SETTING THE CALIBRATION PARAMETERS
240715-11:39:53	[INFO]	<<-- FINISHED SETTING THE CALIBRATION PARAMETERS
240715-11:39:53	[INFO]	-->> CALIBRATING THE MODULE
240715-11:48:37	[INFO]	CAL_ASIC_HW_ADDR_7: ftrim_XA-000-08-002-001-008-036-04_HW_7_SET_57_29_118_43_R_30_247_elect.txt
240715-11:57:20	[INFO]	CAL_ASIC_HW_ADDR_6: ftrim_XA-000-08-002-000-005-224-04_HW_6_SET_56_25_118_55_R_30_247_elect.txt
240715-12:06:07	[INFO]	CAL_ASIC_HW_ADDR_5: ftrim_XA-000-08-002-001-008-044-04_HW_5_SET_58_27_118_42_R_30_247_elect.txt
240715-12:14:49	[INFO]	CAL_ASIC_HW_ADDR_4: ftrim_XA-000-08-002-000-005-205-10_HW_4_SET_56_27_118_48_R_30_247_elect.txt
240715-12:23:29	[INFO]	CAL_ASIC_HW_ADDR_3: ftrim_XA-000-08-002-001-008-039-04_HW_3_SET_55_26_118_48_R_30_247_elect.txt
240715-12:32:08	[INFO]	CAL_ASIC_HW_ADDR_2: ftrim_XA-000-08-002-000-005-189-06_HW_2_SET_57_26_118_40_R_30_247_elect.txt
240715-12:40:50	[INFO]	CAL_ASIC_HW_ADDR_1: ftrim_XA-000-08-002-001-008-031-13_HW_1_SET_57_25_118_43_R_30_247_elect.txt
240715-12:49:35	[INFO]	CAL_ASIC_HW_ADDR_0: ftrim_XA-000-08-002-000-005-253-03_HW_0_SET_56_25_118_53_R_30_247_elect.txt
240715-12:58:16	[INFO]	CAL_ASIC_HW_ADDR_1: ftrim_XA-000-08-002-001-008-033-04_HW_1_SET_57_24_118_42_R_30_247_holes.txt
240715-13:06:55	[INFO]	CAL_ASIC_HW_ADDR_0: ftrim_XA-000-08-002-000-005-233-04_HW_0_SET_56_21_118_42_R_30_247_holes.txt
240715-13:15:38	[INFO]	CAL_ASIC_HW_ADDR_3: ftrim_XA-000-08-002-001-008-053-03_HW_3_SET_57_22_118_42_R_30_247_holes.txt
240715-13:24:14	[INFO]	CAL_ASIC_HW_ADDR_2: ftrim_XA-000-08-002-000-005-045-11_HW_2_SET_56_20_118_50_R_30_247_holes.txt
240715-13:32:55	[INFO]	CAL_ASIC_HW_ADDR_5: ftrim_XA-000-08-002-001-008-043-04_HW_5_SET_55_22_118_50_R_30_247_holes.txt
240715-13:41:43	[INFO]	CAL_ASIC_HW_ADDR_4: ftrim_XA-000-08-002-000-005-068-00_HW_4_SET_57_23_118_57_R_30_247_holes.txt
240715-13:50:26	[INFO]	CAL_ASIC_HW_ADDR_7: ftrim_XA-000-08-002-000-005-237-04_HW_7_SET_55_21_118_52_R_30_247_holes.txt
240715-13:59:07	[INFO]	CAL_ASIC_HW_ADDR_6: ftrim_XA-000-08-002-000-005-139-15_HW_6_SET_56_22_118_54_R_30_247_holes.txt
240715-13:59:07	[INFO]	<<-- FINISHED CALIBRATING THE MODULE
240715-13:59:07	[INFO]	--> MEASURING ENC AND CHECKING CALIBRATION
240715-14:06:02	[INFO]	PSCAN_ASIC_HW_ADDR_7: pscan_240715_1359_XA-000-08-002-001-008-036-04_HW_7_SET_57_29_118_43_VP_0_255_1_NP_100_elect.txt
240715-14:12:56	[INFO]	PSCAN_ASIC_HW_ADDR_6: pscan_240715_1406_XA-000-08-002-000-005-224-04_HW_6_SET_56_25_118_55_VP_0_255_1_NP_100_elect.txt
240715-14:19:45	[INFO]	PSCAN_ASIC_HW_ADDR_5: pscan_240715_1412_XA-000-08-002-001-008-044-04_HW_5_SET_58_27_118_42_VP_0_255_1_NP_100_elect.txt
240715-14:26:33	[INFO]	PSCAN_ASIC_HW_ADDR_4: pscan_240715_1419_XA-000-08-002-000-005-205-10_HW_4_SET_56_27_118_48_VP_0_255_1_NP_100_elect.txt
240715-14:33:19	[INFO]	PSCAN_ASIC_HW_ADDR_3: pscan_240715_1426_XA-000-08-002-001-008-039-04_HW_3_SET_55_26_118_48_VP_0_255_1_NP_100_elect.txt
240715-14:40:08	[INFO]	PSCAN_ASIC_HW_ADDR_2: pscan_240715_1433_XA-000-08-002-000-005-189-06_HW_2_SET_57_26_118_40_VP_0_255_1_NP_100_elect.txt
240715-14:46:59	[INFO]	PSCAN_ASIC_HW_ADDR_1: pscan_240715_1440_XA-000-08-002-001-008-031-13_HW_1_SET_57_25_118_43_VP_0_255_1_NP_100_elect.txt
240715-14:53:51	[INFO]	PSCAN_ASIC_HW_ADDR_0: pscan_240715_1446_XA-000-08-002-000-005-253-03_HW_0_SET_56_25_118_53_VP_0_255_1_NP_100_elect.txt
240715-15:00:42	[INFO]	PSCAN_ASIC_HW_ADDR_1: pscan_240715_1453_XA-000-08-002-001-008-033-04_HW_1_SET_57_24_118_42_VP_0_255_1_NP_100_holes.txt
240715-15:07:36	[INFO]	PSCAN_ASIC_HW_ADDR_0: pscan_240715_1500_XA-000-08-002-000-005-233-04_HW_0_SET_56_21_118_42_VP_0_255_1_NP_100_holes.txt
240715-15:14:25	[INFO]	PSCAN_ASIC_HW_ADDR_3: pscan_240715_1507_XA-000-08-002-001-008-053-03_HW_3_SET_57_22_118_42_VP_0_255_1_NP_100_holes.txt
240715-15:21:17	[INFO]	PSCAN_ASIC_HW_ADDR_2: pscan_240715_1514_XA-000-08-002-000-005-045-11_HW_2_SET_56_20_118_50_VP_0_255_1_NP_100_holes.txt
240715-15:28:17	[INFO]	PSCAN_ASIC_HW_ADDR_5: pscan_240715_1521_XA-000-08-002-001-008-043-04_HW_5_SET_55_22_118_50_VP_0_255_1_NP_100_holes.txt
240715-15:35:20	[INFO]	PSCAN_ASIC_HW_ADDR_4: pscan_240715_1528_XA-000-08-002-000-005-068-00_HW_4_SET_57_23_118_57_VP_0_255_1_NP_100_holes.txt
240715-15:43:11	[INFO]	PSCAN_ASIC_HW_ADDR_7: pscan_240715_1535_XA-000-08-002-000-005-237-04_HW_7_SET_55_21_118_52_VP_0_255_1_NP_100_holes.txt
240715-15:51:03	[INFO]	PSCAN_ASIC_HW_ADDR_6: pscan_240715_1543_XA-000-08-002-000-005-139-15_HW_6_SET_56_22_118_54_VP_0_255_1_NP_100_holes.txt
240715-15:51:03	[INFO]	<<-- FINISHED MEASURING ENC AND CHECKING CALIBRATION
240715-17:06:40	MODULE_ID:	M4UL0T1010551B2_240715_1706
240715-17:06:40	[INFO]	TEST_CENTER: GSI
240715-17:06:40	[INFO]	OPERATOR_ID: Dairon Rodriguez Garces
240715-17:06:40	[INFO]	MODULE ID: 	M4UL0T1010551B2
240715-17:06:40	[INFO]	SENSOR_SIZE [mm]: 	42
240715-17:06:40	[INFO]	SENSOR_QGRADE: 	A
240715-17:06:57	[INFO]	-->> RUNNING SYNCHRONIZATION
240715-17:07:26	[INFO]	<<-- FINISHED SYNCHRONIZATION
240715-17:07:26	[INFO]	-->> READING LV VALUES BEFORE CONFIGURATION
240715-17:07:26	[INFO]	<<-- FINISHED READING LV VALUES BEFORE CONFIGURATION
240715-17:07:26	[INFO]	-->> LOADING STANDARD CONFIGURATION
240715-17:07:33	[INFO]	<<-- FINISHED LOADING STANDARD CONFIGURATION
240715-17:07:33	[INFO]	-->> READING ASICs ID
240715-17:07:34	[INFO]	<<-- FINISHED READING ASICs ID
240715-17:07:34	[INFO]	-->> LOADING DEFAULT TRIM VALUES
240715-17:08:29	[INFO]	<<-- FINISHED LOADING DEFAULT TRIM VALUES
240715-17:08:29	[INFO]	-->> READING LV VALUES AFTER CONFIGURATION
240715-17:08:39	[INFO]	<<-- FINISHED READING LV VALUES AFTER CONFIGURATION
240715-17:08:39	[INFO]	-->> READING VDDM & TEMPERATURE
240715-17:08:42	[INFO]	<<-- FINISHED READING VDDM & TEMPERATURE
240715-17:08:42	[INFO]	--> SETTING THE CALIBRATION TRIM
240715-17:10:36	[INFO]	<<-- FINISHED SETTING THE CALIBRATION TRIM
240715-17:10:36	[INFO]	--> CHECKING CHANNELS' CONNECTIVITY
240715-17:10:36	[INFO]	CONN-CHECK_ASIC_HW_ADDR_7: elect
240715-17:10:54	[INFO]	CONN-CHECK_ASIC_HW_ADDR_6: elect
240715-17:11:12	[INFO]	CONN-CHECK_ASIC_HW_ADDR_5: elect
240715-17:11:29	[INFO]	CONN-CHECK_ASIC_HW_ADDR_4: elect
240715-17:11:47	[INFO]	CONN-CHECK_ASIC_HW_ADDR_3: elect
240715-17:12:05	[INFO]	CONN-CHECK_ASIC_HW_ADDR_2: elect
240715-17:12:22	[INFO]	CONN-CHECK_ASIC_HW_ADDR_1: elect
240715-17:12:40	[INFO]	CONN-CHECK_ASIC_HW_ADDR_0: elect
240715-17:12:58	[INFO]	CONN-CHECK_ASIC_HW_ADDR_1: holes
240715-17:13:16	[INFO]	CONN-CHECK_ASIC_HW_ADDR_0: holes
240715-17:13:33	[INFO]	CONN-CHECK_ASIC_HW_ADDR_3: holes
240715-17:13:51	[INFO]	CONN-CHECK_ASIC_HW_ADDR_2: holes
240715-17:14:09	[INFO]	CONN-CHECK_ASIC_HW_ADDR_5: holes
240715-17:14:27	[INFO]	CONN-CHECK_ASIC_HW_ADDR_4: holes
240715-17:14:44	[INFO]	CONN-CHECK_ASIC_HW_ADDR_7: holes
240715-17:15:02	[INFO]	CONN-CHECK_ASIC_HW_ADDR_6: holes
240715-17:15:21	[INFO]	<<-- FINISHED CHECKING CHANNELS' CONNECTIVITY
240715-17:48:04	MODULE_ID:	M4UL0T1010551B2_240715_1748
240715-17:48:04	[INFO]	TEST_CENTER: GSI
240715-17:48:04	[INFO]	OPERATOR_ID: Dairon Rodriguez Garces
240715-17:48:04	[INFO]	MODULE ID: 	M4UL0T1010551B2
240715-17:48:04	[INFO]	SENSOR_SIZE [mm]: 	42
240715-17:48:04	[INFO]	SENSOR_QGRADE: 	A
240715-17:48:35	[INFO]	-->> RUNNING SYNCHRONIZATION
240715-17:49:05	[INFO]	<<-- FINISHED SYNCHRONIZATION
240715-17:49:05	[INFO]	-->> READING LV VALUES BEFORE CONFIGURATION
240715-17:49:06	[INFO]	<<-- FINISHED READING LV VALUES BEFORE CONFIGURATION
240715-17:49:06	[INFO]	-->> LOADING STANDARD CONFIGURATION
240715-17:49:13	[INFO]	<<-- FINISHED LOADING STANDARD CONFIGURATION
240715-17:49:13	[INFO]	-->> READING ASICs ID
240715-17:49:14	[INFO]	<<-- FINISHED READING ASICs ID
240715-17:49:14	[INFO]	-->> LOADING DEFAULT TRIM VALUES
240715-17:52:29	MODULE_ID:	M4UL0T1010551B2_240715_1752
240715-17:52:29	[INFO]	TEST_CENTER: GSI
240715-17:52:29	[INFO]	OPERATOR_ID: Dairon Rodriguez Garces
240715-17:52:29	[INFO]	MODULE ID: 	M4UL0T1010551B2
240715-17:52:29	[INFO]	SENSOR_SIZE [mm]: 	42
240715-17:52:29	[INFO]	SENSOR_QGRADE: 	A
240715-17:53:00	[INFO]	-->> RUNNING SYNCHRONIZATION
240715-17:53:39	MODULE_ID:	M4UL0T1010551B2_240715_1753
240715-17:53:39	[INFO]	TEST_CENTER: GSI
240715-17:53:39	[INFO]	OPERATOR_ID: Dairon Rodriguez Garces
240715-17:53:39	[INFO]	MODULE ID: 	M4UL0T1010551B2
240715-17:53:39	[INFO]	SENSOR_SIZE [mm]: 	42
240715-17:53:39	[INFO]	SENSOR_QGRADE: 	A
240715-17:54:05	[INFO]	-->> RUNNING SYNCHRONIZATION
240715-17:54:34	[INFO]	<<-- FINISHED SYNCHRONIZATION
240715-17:54:34	[INFO]	-->> READING LV VALUES BEFORE CONFIGURATION
240715-17:54:34	[INFO]	<<-- FINISHED READING LV VALUES BEFORE CONFIGURATION
240715-17:54:34	[INFO]	-->> LOADING STANDARD CONFIGURATION
240715-17:54:41	[INFO]	<<-- FINISHED LOADING STANDARD CONFIGURATION
240715-17:54:41	[INFO]	-->> READING ASICs ID
240715-17:54:42	[INFO]	<<-- FINISHED READING ASICs ID
240715-17:54:42	[INFO]	-->> LOADING DEFAULT TRIM VALUES
240715-17:56:17	MODULE_ID:	M4UL0T1010551B2_240715_1756
240715-17:56:17	[INFO]	TEST_CENTER: GSI
240715-17:56:17	[INFO]	OPERATOR_ID: Dairon Rodriguez Garces
240715-17:56:17	[INFO]	MODULE ID: 	M4UL0T1010551B2
240715-17:56:17	[INFO]	SENSOR_SIZE [mm]: 	42
240715-17:56:17	[INFO]	SENSOR_QGRADE: 	A
240715-17:56:29	[INFO]	-->> RUNNING SYNCHRONIZATION
240715-17:56:59	[INFO]	<<-- FINISHED SYNCHRONIZATION
240715-17:56:59	[INFO]	-->> READING LV VALUES BEFORE CONFIGURATION
240715-17:56:59	[INFO]	<<-- FINISHED READING LV VALUES BEFORE CONFIGURATION
240715-17:56:59	[INFO]	-->> LOADING STANDARD CONFIGURATION
240715-17:57:06	[INFO]	<<-- FINISHED LOADING STANDARD CONFIGURATION
240715-17:57:06	[INFO]	-->> READING ASICs ID
240715-17:57:07	[INFO]	<<-- FINISHED READING ASICs ID
240715-17:57:07	[INFO]	-->> LOADING DEFAULT TRIM VALUES
240715-17:58:05	[INFO]	<<-- FINISHED LOADING DEFAULT TRIM VALUES
240715-17:58:05	[INFO]	-->> READING LV VALUES AFTER CONFIGURATION
240715-17:58:15	[INFO]	<<-- FINISHED READING LV VALUES AFTER CONFIGURATION
240715-17:58:15	[INFO]	-->> READING VDDM & TEMPERATURE
240715-17:58:18	[INFO]	<<-- FINISHED READING VDDM & TEMPERATURE
240715-17:58:18	[INFO]	--> SETTING THE CALIBRATION TRIM
240715-18:00:15	[INFO]	<<-- FINISHED SETTING THE CALIBRATION TRIM
240715-18:00:15	[INFO]	--> MEASURING ENC AND CHECKING CALIBRATION
240715-18:07:08	[INFO]	PSCAN_ASIC_HW_ADDR_7: pscan_240715_1800_XA-000-08-002-001-008-036-04_HW_7_SET_57_29_118_43_VP_0_255_1_NP_100_elect.txt
240715-18:14:00	[INFO]	PSCAN_ASIC_HW_ADDR_6: pscan_240715_1807_XA-000-08-002-000-005-224-04_HW_6_SET_56_25_118_55_VP_0_255_1_NP_100_elect.txt
240715-18:20:52	[INFO]	PSCAN_ASIC_HW_ADDR_5: pscan_240715_1814_XA-000-08-002-001-008-044-04_HW_5_SET_58_27_118_42_VP_0_255_1_NP_100_elect.txt
240715-18:27:44	[INFO]	PSCAN_ASIC_HW_ADDR_4: pscan_240715_1820_XA-000-08-002-000-005-205-10_HW_4_SET_56_27_118_48_VP_0_255_1_NP_100_elect.txt
240715-18:34:35	[INFO]	PSCAN_ASIC_HW_ADDR_3: pscan_240715_1827_XA-000-08-002-001-008-039-04_HW_3_SET_55_26_118_48_VP_0_255_1_NP_100_elect.txt
240715-18:41:28	[INFO]	PSCAN_ASIC_HW_ADDR_2: pscan_240715_1834_XA-000-08-002-000-005-189-06_HW_2_SET_57_26_118_40_VP_0_255_1_NP_100_elect.txt
240715-18:48:15	[INFO]	PSCAN_ASIC_HW_ADDR_1: pscan_240715_1841_XA-000-08-002-001-008-031-13_HW_1_SET_57_25_118_43_VP_0_255_1_NP_100_elect.txt
240715-18:55:18	[INFO]	PSCAN_ASIC_HW_ADDR_0: pscan_240715_1848_XA-000-08-002-000-005-253-03_HW_0_SET_56_25_118_53_VP_0_255_1_NP_100_elect.txt
240715-19:02:16	[INFO]	PSCAN_ASIC_HW_ADDR_1: pscan_240715_1855_XA-000-08-002-001-008-033-04_HW_1_SET_57_24_118_42_VP_0_255_1_NP_100_holes.txt
240715-19:09:06	[INFO]	PSCAN_ASIC_HW_ADDR_0: pscan_240715_1902_XA-000-08-002-000-005-233-04_HW_0_SET_56_21_118_42_VP_0_255_1_NP_100_holes.txt
240715-19:15:58	[INFO]	PSCAN_ASIC_HW_ADDR_3: pscan_240715_1909_XA-000-08-002-001-008-053-03_HW_3_SET_57_22_118_42_VP_0_255_1_NP_100_holes.txt
240715-19:22:47	[INFO]	PSCAN_ASIC_HW_ADDR_2: pscan_240715_1915_XA-000-08-002-000-005-045-11_HW_2_SET_56_20_118_50_VP_0_255_1_NP_100_holes.txt
240715-19:29:36	[INFO]	PSCAN_ASIC_HW_ADDR_5: pscan_240715_1922_XA-000-08-002-001-008-043-04_HW_5_SET_55_22_118_50_VP_0_255_1_NP_100_holes.txt
240715-19:36:22	[INFO]	PSCAN_ASIC_HW_ADDR_4: pscan_240715_1929_XA-000-08-002-000-005-068-00_HW_4_SET_57_23_118_57_VP_0_255_1_NP_100_holes.txt
240715-19:43:11	[INFO]	PSCAN_ASIC_HW_ADDR_7: pscan_240715_1936_XA-000-08-002-000-005-237-04_HW_7_SET_55_21_118_52_VP_0_255_1_NP_100_holes.txt
240715-19:49:59	[INFO]	PSCAN_ASIC_HW_ADDR_6: pscan_240715_1943_XA-000-08-002-000-005-139-15_HW_6_SET_56_22_118_54_VP_0_255_1_NP_100_holes.txt
240715-19:49:59	[INFO]	<<-- FINISHED MEASURING ENC AND CHECKING CALIBRATION
