240715-17:44:01	MODULE_ID:	M4UL0T2010552B2
240715-17:44:01	[INFO]	TEST_CENTER: GSI
240715-17:44:01	[INFO]	OPERATOR_ID: Dairon Rodriguez Garces
240715-17:44:01	[INFO]	MODULE ID: 	M4UL0T2010552B2
240715-17:44:01	[INFO]	SENSOR_SIZE [mm]: 	62
240715-17:44:01	[INFO]	SENSOR_QGRADE: 	A
240715-17:45:13	[INFO]	-->> RUNNING SYNCHRONIZATION
240715-17:49:47	MODULE_ID:	M4UL0T2010552B2_240715_1749
240715-17:49:47	[INFO]	TEST_CENTER: GSI
240715-17:49:47	[INFO]	OPERATOR_ID: Dairon Rodriguez Garces
240715-17:49:47	[INFO]	MODULE ID: 	M4UL0T2010552B2
240715-17:49:47	[INFO]	SENSOR_SIZE [mm]: 	62
240715-17:49:47	[INFO]	SENSOR_QGRADE: 	A
240715-17:50:24	[INFO]	-->> RUNNING SYNCHRONIZATION
240715-17:50:54	[INFO]	<<-- FINISHED SYNCHRONIZATION
240715-17:50:54	[INFO]	-->> READING LV VALUES BEFORE CONFIGURATION
240715-17:50:55	[INFO]	<<-- FINISHED READING LV VALUES BEFORE CONFIGURATION
240715-17:50:55	[INFO]	-->> LOADING STANDARD CONFIGURATION
240715-17:51:02	[INFO]	<<-- FINISHED LOADING STANDARD CONFIGURATION
240715-17:51:02	[INFO]	-->> READING ASICs ID
240715-17:51:03	[INFO]	<<-- FINISHED READING ASICs ID
240715-17:51:03	[INFO]	-->> READING LV VALUES AFTER CONFIGURATION
240715-17:51:14	[INFO]	<<-- FINISHED READING LV VALUES AFTER CONFIGURATION
240715-17:51:14	[INFO]	-->> READING VDDM & TEMPERATURE
240715-17:51:17	[INFO]	<<-- FINISHED READING VDDM & TEMPERATURE
240715-17:51:17	[INFO]	-->> LOADING DEFAULT TRIM VALUES
240715-17:52:15	[INFO]	<<-- FINISHED LOADING DEFAULT TRIM VALUES
240715-17:52:15	[INFO]	-->> FINDING VREF_P, VREF_N & THR@_GLB FOR CALIBRATION
240715-17:59:24	[INFO]	<<-- FINISHED FINDING VREF_P, VREF_N & THR@_GLB FOR CALIBRATION
240715-17:59:24	[INFO]	--> SETTING THE CALIBRATION PARAMETERS
240715-17:59:24	[INFO]	<<-- FINISHED SETTING THE CALIBRATION PARAMETERS
240715-17:59:24	[INFO]	-->> CALIBRATING THE MODULE
240715-18:08:26	[INFO]	CAL_ASIC_HW_ADDR_7: ftrim_XA-000-08-002-000-007-126-10_HW_7_SET_56_22_118_30_R_30_247_elect.txt
240715-18:17:15	[INFO]	CAL_ASIC_HW_ADDR_6: ftrim_XA-000-08-002-001-007-254-08_HW_6_SET_57_24_118_32_R_30_247_elect.txt
240715-18:26:05	[INFO]	CAL_ASIC_HW_ADDR_5: ftrim_XA-000-08-002-001-008-054-03_HW_5_SET_58_26_118_37_R_30_247_elect.txt
240715-18:34:52	[INFO]	CAL_ASIC_HW_ADDR_4: ftrim_XA-000-08-002-001-007-252-08_HW_4_SET_55_24_118_38_R_30_247_elect.txt
240715-18:43:39	[INFO]	CAL_ASIC_HW_ADDR_3: ftrim_XA-000-08-002-001-008-002-10_HW_3_SET_57_26_118_39_R_30_247_elect.txt
240715-18:52:37	[INFO]	CAL_ASIC_HW_ADDR_2: ftrim_XA-000-08-002-001-008-028-13_HW_2_SET_57_25_118_38_R_30_247_elect.txt
240715-19:01:39	[INFO]	CAL_ASIC_HW_ADDR_1: ftrim_XA-000-08-002-001-007-255-08_HW_1_SET_57_23_118_35_R_30_247_elect.txt
240715-19:10:36	[INFO]	CAL_ASIC_HW_ADDR_0: ftrim_XA-000-08-002-000-006-187-08_HW_0_SET_56_21_118_50_R_30_247_elect.txt
240715-19:19:28	[INFO]	CAL_ASIC_HW_ADDR_1: ftrim_XA-000-08-002-000-006-189-08_HW_1_SET_58_22_118_10_R_30_247_holes.txt
240715-19:28:12	[INFO]	CAL_ASIC_HW_ADDR_0: ftrim_XA-000-08-002-000-006-030-12_HW_0_SET_56_20_118_39_R_30_247_holes.txt
240715-19:36:53	[INFO]	CAL_ASIC_HW_ADDR_3: ftrim_XA-000-08-002-000-006-244-13_HW_3_SET_58_18_118_41_R_30_247_holes.txt
240715-19:45:38	[INFO]	CAL_ASIC_HW_ADDR_2: ftrim_XA-000-08-002-000-006-049-02_HW_2_SET_56_18_118_39_R_30_247_holes.txt
240715-19:54:16	[INFO]	CAL_ASIC_HW_ADDR_5: ftrim_XA-000-08-002-000-006-032-05_HW_5_SET_55_21_118_42_R_30_247_holes.txt
240715-20:03:06	[INFO]	CAL_ASIC_HW_ADDR_4: ftrim_XA-000-08-002-000-006-046-05_HW_4_SET_57_19_118_37_R_30_247_holes.txt
240715-20:12:05	[INFO]	CAL_ASIC_HW_ADDR_7: ftrim_XA-000-08-002-000-006-035-05_HW_7_SET_57_21_118_36_R_30_247_holes.txt
240715-20:20:48	[INFO]	CAL_ASIC_HW_ADDR_6: ftrim_XA-000-08-002-000-006-038-05_HW_6_SET_56_19_118_34_R_30_247_holes.txt
240715-20:20:48	[INFO]	<<-- FINISHED CALIBRATING THE MODULE
240715-20:20:48	[INFO]	--> SETTING THE CALIBRATION TRIM
240715-20:22:36	[INFO]	<<-- FINISHED SETTING THE CALIBRATION TRIM
240715-20:22:36	[INFO]	--> MEASURING ENC AND CHECKING CALIBRATION
240715-20:29:39	[INFO]	PSCAN_ASIC_HW_ADDR_7: pscan_240715_2022_XA-000-08-002-000-007-126-10_HW_7_SET_56_22_118_30_VP_0_255_1_NP_100_elect.txt
240715-20:36:37	[INFO]	PSCAN_ASIC_HW_ADDR_6: pscan_240715_2029_XA-000-08-002-001-007-254-08_HW_6_SET_57_24_118_32_VP_0_255_1_NP_100_elect.txt
240715-20:43:35	[INFO]	PSCAN_ASIC_HW_ADDR_5: pscan_240715_2036_XA-000-08-002-001-008-054-03_HW_5_SET_58_26_118_37_VP_0_255_1_NP_100_elect.txt
240715-20:50:34	[INFO]	PSCAN_ASIC_HW_ADDR_4: pscan_240715_2043_XA-000-08-002-001-007-252-08_HW_4_SET_55_24_118_38_VP_0_255_1_NP_100_elect.txt
240715-20:57:32	[INFO]	PSCAN_ASIC_HW_ADDR_3: pscan_240715_2050_XA-000-08-002-001-008-002-10_HW_3_SET_57_26_118_39_VP_0_255_1_NP_100_elect.txt
240715-21:04:39	[INFO]	PSCAN_ASIC_HW_ADDR_2: pscan_240715_2057_XA-000-08-002-001-008-028-13_HW_2_SET_57_25_118_38_VP_0_255_1_NP_100_elect.txt
240715-21:11:43	[INFO]	PSCAN_ASIC_HW_ADDR_1: pscan_240715_2104_XA-000-08-002-001-007-255-08_HW_1_SET_57_23_118_35_VP_0_255_1_NP_100_elect.txt
240715-21:18:48	[INFO]	PSCAN_ASIC_HW_ADDR_0: pscan_240715_2111_XA-000-08-002-000-006-187-08_HW_0_SET_56_21_118_50_VP_0_255_1_NP_100_elect.txt
240715-21:25:51	[INFO]	PSCAN_ASIC_HW_ADDR_1: pscan_240715_2118_XA-000-08-002-000-006-189-08_HW_1_SET_58_22_118_10_VP_0_255_1_NP_100_holes.txt
240715-21:32:55	[INFO]	PSCAN_ASIC_HW_ADDR_0: pscan_240715_2125_XA-000-08-002-000-006-030-12_HW_0_SET_56_20_118_39_VP_0_255_1_NP_100_holes.txt
240715-21:39:49	[INFO]	PSCAN_ASIC_HW_ADDR_3: pscan_240715_2132_XA-000-08-002-000-006-244-13_HW_3_SET_58_18_118_41_VP_0_255_1_NP_100_holes.txt
240715-21:46:45	[INFO]	PSCAN_ASIC_HW_ADDR_2: pscan_240715_2139_XA-000-08-002-000-006-049-02_HW_2_SET_56_18_118_39_VP_0_255_1_NP_100_holes.txt
240715-21:53:43	[INFO]	PSCAN_ASIC_HW_ADDR_5: pscan_240715_2146_XA-000-08-002-000-006-032-05_HW_5_SET_55_21_118_42_VP_0_255_1_NP_100_holes.txt
240715-22:00:41	[INFO]	PSCAN_ASIC_HW_ADDR_4: pscan_240715_2153_XA-000-08-002-000-006-046-05_HW_4_SET_57_19_118_37_VP_0_255_1_NP_100_holes.txt
240715-22:07:40	[INFO]	PSCAN_ASIC_HW_ADDR_7: pscan_240715_2200_XA-000-08-002-000-006-035-05_HW_7_SET_57_21_118_36_VP_0_255_1_NP_100_holes.txt
240715-22:14:54	[INFO]	PSCAN_ASIC_HW_ADDR_6: pscan_240715_2207_XA-000-08-002-000-006-038-05_HW_6_SET_56_19_118_34_VP_0_255_1_NP_100_holes.txt
240715-22:14:54	[INFO]	<<-- FINISHED MEASURING ENC AND CHECKING CALIBRATION
240716-09:29:07	MODULE_ID:	M4UL0T2010552B2_240716_0929
240716-09:29:07	[INFO]	TEST_CENTER: GSI
240716-09:29:07	[INFO]	OPERATOR_ID: Dairon Rodriguez Garces
240716-09:29:07	[INFO]	MODULE ID: 	M4UL0T2010552B2
240716-09:29:07	[INFO]	SENSOR_SIZE [mm]: 	62
240716-09:29:07	[INFO]	SENSOR_QGRADE: 	A
240716-09:31:46	[INFO]	-->> RUNNING SYNCHRONIZATION
240716-09:32:16	[INFO]	<<-- FINISHED SYNCHRONIZATION
240716-09:32:16	[INFO]	-->> READING LV VALUES BEFORE CONFIGURATION
240716-09:32:16	[INFO]	<<-- FINISHED READING LV VALUES BEFORE CONFIGURATION
240716-09:32:16	[INFO]	-->> LOADING STANDARD CONFIGURATION
240716-09:32:23	[INFO]	<<-- FINISHED LOADING STANDARD CONFIGURATION
240716-09:32:23	[INFO]	-->> READING ASICs ID
240716-09:32:24	[INFO]	<<-- FINISHED READING ASICs ID
240716-09:32:24	[INFO]	-->> READING LV VALUES AFTER CONFIGURATION
240716-09:32:35	[INFO]	<<-- FINISHED READING LV VALUES AFTER CONFIGURATION
240716-09:32:35	[INFO]	-->> READING VDDM & TEMPERATURE
240716-09:32:38	[INFO]	<<-- FINISHED READING VDDM & TEMPERATURE
240716-09:32:38	[INFO]	--> SETTING THE CALIBRATION TRIM
240716-09:34:44	[INFO]	<<-- FINISHED SETTING THE CALIBRATION TRIM
240716-09:34:44	[INFO]	--> CHECKING CHANNELS' CONNECTIVITY
240716-09:34:44	[INFO]	CONN-CHECK_ASIC_HW_ADDR_7: elect
240716-09:35:07	[INFO]	CONN-CHECK_ASIC_HW_ADDR_6: elect
240716-09:35:29	[INFO]	CONN-CHECK_ASIC_HW_ADDR_5: elect
240716-09:35:51	[INFO]	CONN-CHECK_ASIC_HW_ADDR_4: elect
240716-09:36:14	[INFO]	CONN-CHECK_ASIC_HW_ADDR_3: elect
240716-09:36:36	[INFO]	CONN-CHECK_ASIC_HW_ADDR_2: elect
240716-09:36:59	[INFO]	CONN-CHECK_ASIC_HW_ADDR_1: elect
240716-09:37:21	[INFO]	CONN-CHECK_ASIC_HW_ADDR_0: elect
240716-09:37:44	[INFO]	CONN-CHECK_ASIC_HW_ADDR_1: holes
240716-09:38:06	[INFO]	CONN-CHECK_ASIC_HW_ADDR_0: holes
240716-09:38:29	[INFO]	CONN-CHECK_ASIC_HW_ADDR_3: holes
240716-09:38:50	[INFO]	CONN-CHECK_ASIC_HW_ADDR_2: holes
240716-09:39:10	[INFO]	CONN-CHECK_ASIC_HW_ADDR_5: holes
240716-09:39:28	[INFO]	CONN-CHECK_ASIC_HW_ADDR_4: holes
240716-09:39:45	[INFO]	CONN-CHECK_ASIC_HW_ADDR_7: holes
240716-09:40:03	[INFO]	CONN-CHECK_ASIC_HW_ADDR_6: holes
240716-09:40:20	[INFO]	<<-- FINISHED CHECKING CHANNELS' CONNECTIVITY
