240429-11:00:01	MODULE_ID:	M5DL3T3001173A2
240429-11:00:01	[INFO]	TEST_CENTER: GSI
240429-11:00:01	[INFO]	OPERATOR_ID: Dairon Rodriguez Garces
240429-11:00:01	[INFO]	MODULE ID: 	M5DL3T3001173A2
240429-11:00:01	[INFO]	SENSOR_SIZE [mm]: 	124
240429-11:00:01	[INFO]	SENSOR_QGRADE: 	C
240429-11:00:17	[INFO]	-->> RUNNING SYNCHRONIZATION
240429-11:00:46	[INFO]	<<-- FINISHED SYNCHRONIZATION
240429-11:00:46	[INFO]	-->> READING LV VALUES BEFORE CONFIGURATION
240429-11:00:47	[INFO]	<<-- FINISHED READING LV VALUES BEFORE CONFIGURATION
240429-11:00:47	[INFO]	-->> LOADING STANDARD CONFIGURATION
240429-11:00:54	[INFO]	<<-- FINISHED LOADING STANDARD CONFIGURATION
240429-11:00:54	[INFO]	-->> READING ASICs ID
240429-11:00:55	[INFO]	<<-- FINISHED READING ASICs ID
240429-11:00:55	[INFO]	-->> LOADING DEFAULT TRIM VALUES
240429-11:01:54	[INFO]	<<-- FINISHED LOADING DEFAULT TRIM VALUES
240429-11:01:54	[INFO]	-->> READING LV VALUES AFTER CONFIGURATION
240429-11:02:05	[INFO]	<<-- FINISHED READING LV VALUES AFTER CONFIGURATION
240429-11:02:05	[INFO]	-->> READING VDDM & TEMPERATURE
240429-11:02:11	[INFO]	<<-- FINISHED READING VDDM & TEMPERATURE
240429-11:02:11	[INFO]	-->> LOADING DEFAULT TRIM VALUES
240429-11:03:11	[INFO]	<<-- FINISHED LOADING DEFAULT TRIM VALUES
240429-11:03:11	[INFO]	-->> FINDING VREF_P, VREF_N & THR@_GLB FOR CALIBRATION
240429-11:10:54	[INFO]	<<-- FINISHED FINDING VREF_P, VREF_N & THR@_GLB FOR CALIBRATION
240429-11:10:54	[INFO]	--> SETTING THE CALIBRATION PARAMETERS
240429-11:10:54	[INFO]	<<-- FINISHED SETTING THE CALIBRATION PARAMETERS
240429-11:10:54	[INFO]	-->> CALIBRATING THE MODULE
240429-11:21:06	[INFO]	CAL_ASIC_HW_ADDR_1: ftrim_XA-000-08-002-000-002-062-04_HW_1_SET_55_25_118_40_R_30_247_elect.txt
240429-11:32:13	[INFO]	CAL_ASIC_HW_ADDR_0: ftrim_XA-000-08-002-000-004-218-00_HW_0_SET_58_24_118_35_R_30_247_elect.txt
240429-11:43:38	[INFO]	CAL_ASIC_HW_ADDR_3: ftrim_XA-000-08-002-000-000-253-08_HW_3_SET_58_27_118_40_R_30_247_elect.txt
240429-11:54:04	[INFO]	CAL_ASIC_HW_ADDR_2: ftrim_XA-000-08-002-000-004-216-00_HW_2_SET_56_26_118_38_R_30_247_elect.txt
240429-12:04:17	[INFO]	CAL_ASIC_HW_ADDR_5: ftrim_XA-000-08-002-000-004-219-00_HW_5_SET_58_26_118_36_R_30_247_elect.txt
240429-12:13:53	[INFO]	CAL_ASIC_HW_ADDR_4: ftrim_XA-000-08-002-000-004-208-00_HW_4_SET_56_26_118_36_R_30_247_elect.txt
240429-12:23:27	[INFO]	CAL_ASIC_HW_ADDR_7: ftrim_XA-000-08-002-000-004-215-00_HW_7_SET_58_25_118_35_R_30_247_elect.txt
240429-12:32:33	[INFO]	CAL_ASIC_HW_ADDR_6: ftrim_XA-000-08-002-000-004-065-13_HW_6_SET_56_27_118_44_R_30_247_elect.txt
240429-12:41:33	[INFO]	CAL_ASIC_HW_ADDR_7: ftrim_XA-000-08-002-000-004-169-12_HW_7_SET_58_19_118_10_R_30_247_holes.txt
240429-12:50:47	[INFO]	CAL_ASIC_HW_ADDR_6: ftrim_XA-000-08-002-000-000-250-08_HW_6_SET_56_21_118_61_R_30_247_holes.txt
240429-13:00:06	[INFO]	CAL_ASIC_HW_ADDR_5: ftrim_XA-000-08-002-000-004-183-11_HW_5_SET_56_21_118_47_R_30_247_holes.txt
240429-13:09:25	[INFO]	CAL_ASIC_HW_ADDR_4: ftrim_XA-000-08-002-000-000-249-08_HW_4_SET_58_21_118_45_R_30_247_holes.txt
240429-13:18:45	[INFO]	CAL_ASIC_HW_ADDR_3: ftrim_XA-000-08-002-000-004-214-00_HW_3_SET_58_20_118_42_R_30_247_holes.txt
240429-13:27:48	[INFO]	CAL_ASIC_HW_ADDR_2: ftrim_XA-000-08-002-000-005-010-05_HW_2_SET_57_23_118_39_R_30_247_holes.txt
240429-13:36:50	[INFO]	CAL_ASIC_HW_ADDR_1: ftrim_XA-000-08-002-000-004-210-00_HW_1_SET_56_21_118_41_R_30_247_holes.txt
240429-13:45:49	[INFO]	CAL_ASIC_HW_ADDR_0: ftrim_XA-000-08-002-000-000-248-08_HW_0_SET_57_20_118_33_R_30_247_holes.txt
240429-13:45:49	[INFO]	<<-- FINISHED CALIBRATING THE MODULE
240429-13:45:49	[INFO]	--> SETTING THE CALIBRATION TRIM
240429-13:47:38	[INFO]	<<-- FINISHED SETTING THE CALIBRATION TRIM
240429-13:47:38	[INFO]	--> MEASURING ENC AND CHECKING CALIBRATION
240429-13:54:55	[INFO]	PSCAN_ASIC_HW_ADDR_1: pscan_240429_1347_XA-000-08-002-000-002-062-04_HW_1_SET_55_25_118_40_VP_0_255_1_NP_100_elect.txt
240429-14:02:16	[INFO]	PSCAN_ASIC_HW_ADDR_0: pscan_240429_1354_XA-000-08-002-000-004-218-00_HW_0_SET_58_24_118_35_VP_0_255_1_NP_100_elect.txt
240429-14:09:31	[INFO]	PSCAN_ASIC_HW_ADDR_3: pscan_240429_1402_XA-000-08-002-000-000-253-08_HW_3_SET_58_27_118_40_VP_0_255_1_NP_100_elect.txt
240429-14:16:53	[INFO]	PSCAN_ASIC_HW_ADDR_2: pscan_240429_1409_XA-000-08-002-000-004-216-00_HW_2_SET_56_26_118_38_VP_0_255_1_NP_100_elect.txt
240429-14:24:10	[INFO]	PSCAN_ASIC_HW_ADDR_5: pscan_240429_1416_XA-000-08-002-000-004-219-00_HW_5_SET_58_26_118_36_VP_0_255_1_NP_100_elect.txt
240429-14:31:31	[INFO]	PSCAN_ASIC_HW_ADDR_4: pscan_240429_1424_XA-000-08-002-000-004-208-00_HW_4_SET_56_26_118_36_VP_0_255_1_NP_100_elect.txt
240429-14:39:10	[INFO]	PSCAN_ASIC_HW_ADDR_7: pscan_240429_1431_XA-000-08-002-000-004-215-00_HW_7_SET_58_25_118_35_VP_0_255_1_NP_100_elect.txt
240429-14:46:38	[INFO]	PSCAN_ASIC_HW_ADDR_6: pscan_240429_1439_XA-000-08-002-000-004-065-13_HW_6_SET_56_27_118_44_VP_0_255_1_NP_100_elect.txt
240429-14:54:01	[INFO]	PSCAN_ASIC_HW_ADDR_7: pscan_240429_1446_XA-000-08-002-000-004-169-12_HW_7_SET_58_19_118_10_VP_0_255_1_NP_100_holes.txt
240429-15:01:31	[INFO]	PSCAN_ASIC_HW_ADDR_6: pscan_240429_1454_XA-000-08-002-000-000-250-08_HW_6_SET_56_21_118_61_VP_0_255_1_NP_100_holes.txt
240429-15:08:57	[INFO]	PSCAN_ASIC_HW_ADDR_5: pscan_240429_1501_XA-000-08-002-000-004-183-11_HW_5_SET_56_21_118_47_VP_0_255_1_NP_100_holes.txt
240429-15:16:18	[INFO]	PSCAN_ASIC_HW_ADDR_4: pscan_240429_1508_XA-000-08-002-000-000-249-08_HW_4_SET_58_21_118_45_VP_0_255_1_NP_100_holes.txt
240429-15:23:36	[INFO]	PSCAN_ASIC_HW_ADDR_3: pscan_240429_1516_XA-000-08-002-000-004-214-00_HW_3_SET_58_20_118_42_VP_0_255_1_NP_100_holes.txt
240429-15:30:46	[INFO]	PSCAN_ASIC_HW_ADDR_2: pscan_240429_1523_XA-000-08-002-000-005-010-05_HW_2_SET_57_23_118_39_VP_0_255_1_NP_100_holes.txt
240429-15:38:12	[INFO]	PSCAN_ASIC_HW_ADDR_1: pscan_240429_1530_XA-000-08-002-000-004-210-00_HW_1_SET_56_21_118_41_VP_0_255_1_NP_100_holes.txt
240429-15:45:31	[INFO]	PSCAN_ASIC_HW_ADDR_0: pscan_240429_1538_XA-000-08-002-000-000-248-08_HW_0_SET_57_20_118_33_VP_0_255_1_NP_100_holes.txt
240429-15:45:31	[INFO]	<<-- FINISHED MEASURING ENC AND CHECKING CALIBRATION
240429-16:23:08	MODULE_ID:	M5DL3T3001173A2_240429_1623
240429-16:23:08	[INFO]	TEST_CENTER: GSI
240429-16:23:08	[INFO]	OPERATOR_ID: Dairon Rodriguez Garces
240429-16:23:08	[INFO]	MODULE ID: 	M5DL3T3001173A2
240429-16:23:08	[INFO]	SENSOR_SIZE [mm]: 	124
240429-16:23:08	[INFO]	SENSOR_QGRADE: 	C
240429-16:23:20	[INFO]	-->> RUNNING SYNCHRONIZATION
240429-16:23:50	[INFO]	<<-- FINISHED SYNCHRONIZATION
240429-16:23:50	[INFO]	-->> READING LV VALUES BEFORE CONFIGURATION
240429-16:23:50	[INFO]	<<-- FINISHED READING LV VALUES BEFORE CONFIGURATION
240429-16:23:50	[INFO]	-->> LOADING STANDARD CONFIGURATION
240429-16:23:58	[INFO]	<<-- FINISHED LOADING STANDARD CONFIGURATION
240429-16:23:58	[INFO]	-->> READING ASICs ID
240429-16:23:59	[INFO]	<<-- FINISHED READING ASICs ID
240429-16:23:59	[INFO]	-->> LOADING DEFAULT TRIM VALUES
240429-16:24:58	[INFO]	<<-- FINISHED LOADING DEFAULT TRIM VALUES
240429-16:24:58	[INFO]	-->> READING LV VALUES AFTER CONFIGURATION
240429-16:25:08	[INFO]	<<-- FINISHED READING LV VALUES AFTER CONFIGURATION
240429-16:25:08	[INFO]	-->> READING VDDM & TEMPERATURE
240429-16:25:15	[INFO]	<<-- FINISHED READING VDDM & TEMPERATURE
240429-16:25:15	[INFO]	--> SETTING THE CALIBRATION TRIM
240429-16:27:15	[INFO]	<<-- FINISHED SETTING THE CALIBRATION TRIM
240429-16:27:15	[INFO]	--> CHECKING CHANNELS' CONNECTIVITY
240429-16:27:15	[INFO]	CONN-CHECK_ASIC_HW_ADDR_1: elect
240429-16:27:35	[INFO]	CONN-CHECK_ASIC_HW_ADDR_0: elect
240429-16:27:54	[INFO]	CONN-CHECK_ASIC_HW_ADDR_3: elect
240429-16:28:13	[INFO]	CONN-CHECK_ASIC_HW_ADDR_2: elect
240429-16:28:32	[INFO]	CONN-CHECK_ASIC_HW_ADDR_5: elect
240429-16:28:52	[INFO]	CONN-CHECK_ASIC_HW_ADDR_4: elect
240429-16:29:10	[INFO]	CONN-CHECK_ASIC_HW_ADDR_7: elect
240429-16:29:30	[INFO]	CONN-CHECK_ASIC_HW_ADDR_6: elect
240429-16:29:49	[INFO]	CONN-CHECK_ASIC_HW_ADDR_7: holes
240429-16:30:08	[INFO]	CONN-CHECK_ASIC_HW_ADDR_6: holes
240429-16:30:27	[INFO]	CONN-CHECK_ASIC_HW_ADDR_5: holes
240429-16:30:46	[INFO]	CONN-CHECK_ASIC_HW_ADDR_4: holes
240429-16:31:06	[INFO]	CONN-CHECK_ASIC_HW_ADDR_3: holes
240429-16:31:25	[INFO]	CONN-CHECK_ASIC_HW_ADDR_2: holes
240429-16:31:45	[INFO]	CONN-CHECK_ASIC_HW_ADDR_1: holes
240429-16:32:04	[INFO]	CONN-CHECK_ASIC_HW_ADDR_0: holes
240429-16:32:26	[INFO]	<<-- FINISHED CHECKING CHANNELS' CONNECTIVITY
