240508-10:28:44	MODULE_ID:	M4UL4T2110322B2
240508-10:28:44	[INFO]	TEST_CENTER: GSI
240508-10:28:44	[INFO]	OPERATOR_ID: Dairon Rodriguez Garces
240508-10:28:44	[INFO]	MODULE ID: 	M4UL4T2110322B2
240508-10:28:44	[INFO]	SENSOR_SIZE [mm]: 	62
240508-10:28:44	[INFO]	SENSOR_QGRADE: 	C
240508-10:28:57	[INFO]	-->> RUNNING SYNCHRONIZATION
240508-10:29:29	[INFO]	<<-- FINISHED SYNCHRONIZATION
240508-10:29:29	[INFO]	-->> READING LV VALUES BEFORE CONFIGURATION
240508-10:29:30	[INFO]	<<-- FINISHED READING LV VALUES BEFORE CONFIGURATION
240508-10:29:30	[INFO]	-->> LOADING STANDARD CONFIGURATION
240508-10:29:38	[INFO]	<<-- FINISHED LOADING STANDARD CONFIGURATION
240508-10:29:38	[INFO]	-->> READING ASICs ID
240508-10:29:39	[INFO]	<<-- FINISHED READING ASICs ID
240508-10:29:39	[INFO]	-->> LOADING DEFAULT TRIM VALUES
240508-10:30:36	[INFO]	<<-- FINISHED LOADING DEFAULT TRIM VALUES
240508-10:30:36	[INFO]	-->> READING LV VALUES AFTER CONFIGURATION
240508-10:30:46	[INFO]	<<-- FINISHED READING LV VALUES AFTER CONFIGURATION
240508-10:30:46	[INFO]	-->> READING VDDM & TEMPERATURE
240508-10:30:53	[INFO]	<<-- FINISHED READING VDDM & TEMPERATURE
240508-10:30:53	[INFO]	-->> LOADING DEFAULT TRIM VALUES
240508-10:31:52	[INFO]	<<-- FINISHED LOADING DEFAULT TRIM VALUES
240508-10:31:52	[INFO]	-->> FINDING VREF_P, VREF_N & THR@_GLB FOR CALIBRATION
240508-10:39:22	[INFO]	<<-- FINISHED FINDING VREF_P, VREF_N & THR@_GLB FOR CALIBRATION
240508-10:39:22	[INFO]	--> SETTING THE CALIBRATION PARAMETERS
240508-10:39:23	[INFO]	<<-- FINISHED SETTING THE CALIBRATION PARAMETERS
240508-10:39:23	[INFO]	-->> CALIBRATING THE MODULE
240508-10:49:12	[INFO]	CAL_ASIC_HW_ADDR_7: ftrim_XA-000-08-002-002-008-223-03_HW_7_SET_57_23_118_49_R_30_247_elect.txt
240508-10:59:04	[INFO]	CAL_ASIC_HW_ADDR_6: ftrim_XA-000-08-002-001-006-006-03_HW_6_SET_56_23_118_55_R_30_247_elect.txt
240508-11:08:56	[INFO]	CAL_ASIC_HW_ADDR_5: ftrim_XA-000-08-002-000-006-053-02_HW_5_SET_55_22_118_47_R_30_247_elect.txt
240508-11:18:47	[INFO]	CAL_ASIC_HW_ADDR_4: ftrim_XA-000-08-002-001-006-001-03_HW_4_SET_56_23_118_46_R_30_247_elect.txt
240508-11:28:41	[INFO]	CAL_ASIC_HW_ADDR_3: ftrim_XA-000-08-002-001-006-066-06_HW_3_SET_56_23_118_49_R_30_247_elect.txt
240508-11:38:33	[INFO]	CAL_ASIC_HW_ADDR_2: ftrim_XA-000-08-002-000-008-251-04_HW_2_SET_56_22_118_46_R_30_247_elect.txt
240508-11:48:18	[INFO]	CAL_ASIC_HW_ADDR_1: ftrim_XA-000-08-002-001-006-060-10_HW_1_SET_57_24_118_50_R_30_247_elect.txt
240508-11:58:09	[INFO]	CAL_ASIC_HW_ADDR_0: ftrim_XA-000-08-002-000-006-084-09_HW_0_SET_57_22_118_57_R_30_247_elect.txt
240508-12:07:57	[INFO]	CAL_ASIC_HW_ADDR_1: ftrim_XA-000-08-002-000-001-074-06_HW_1_SET_58_22_118_10_R_30_247_holes.txt
240508-12:17:48	[INFO]	CAL_ASIC_HW_ADDR_0: ftrim_XA-000-08-002-000-001-071-06_HW_0_SET_58_25_118_45_R_30_247_holes.txt
240508-12:27:38	[INFO]	CAL_ASIC_HW_ADDR_3: ftrim_XA-000-08-002-000-001-082-01_HW_3_SET_57_22_118_45_R_30_247_holes.txt
240508-12:38:46	[INFO]	CAL_ASIC_HW_ADDR_2: ftrim_XA-000-08-002-000-001-076-06_HW_2_SET_57_22_118_52_R_30_247_holes.txt
240508-12:50:56	[INFO]	CAL_ASIC_HW_ADDR_5: ftrim_XA-000-08-002-000-001-091-01_HW_5_SET_56_24_118_42_R_30_247_holes.txt
240508-13:03:09	[INFO]	CAL_ASIC_HW_ADDR_4: ftrim_XA-000-08-002-000-001-081-01_HW_4_SET_58_24_118_49_R_30_247_holes.txt
240508-13:15:20	[INFO]	CAL_ASIC_HW_ADDR_7: ftrim_XA-000-08-002-000-001-098-08_HW_7_SET_58_24_118_38_R_30_247_holes.txt
240508-13:27:35	[INFO]	CAL_ASIC_HW_ADDR_6: ftrim_XA-000-08-002-000-001-112-15_HW_6_SET_56_23_118_46_R_30_247_holes.txt
240508-13:27:35	[INFO]	<<-- FINISHED CALIBRATING THE MODULE
240508-13:27:35	[INFO]	--> SETTING THE CALIBRATION TRIM
240508-13:30:07	[INFO]	<<-- FINISHED SETTING THE CALIBRATION TRIM
240508-13:30:07	[INFO]	--> MEASURING ENC AND CHECKING CALIBRATION
240508-13:39:07	[INFO]	PSCAN_ASIC_HW_ADDR_7: pscan_240508_1330_XA-000-08-002-002-008-223-03_HW_7_SET_57_23_118_49_VP_0_255_1_NP_100_elect.txt
240508-13:48:08	[INFO]	PSCAN_ASIC_HW_ADDR_6: pscan_240508_1339_XA-000-08-002-001-006-006-03_HW_6_SET_56_23_118_55_VP_0_255_1_NP_100_elect.txt
240508-13:57:09	[INFO]	PSCAN_ASIC_HW_ADDR_5: pscan_240508_1348_XA-000-08-002-000-006-053-02_HW_5_SET_55_22_118_47_VP_0_255_1_NP_100_elect.txt
240508-14:06:10	[INFO]	PSCAN_ASIC_HW_ADDR_4: pscan_240508_1357_XA-000-08-002-001-006-001-03_HW_4_SET_56_23_118_46_VP_0_255_1_NP_100_elect.txt
240508-14:15:08	[INFO]	PSCAN_ASIC_HW_ADDR_3: pscan_240508_1406_XA-000-08-002-001-006-066-06_HW_3_SET_56_23_118_49_VP_0_255_1_NP_100_elect.txt
240508-14:24:11	[INFO]	PSCAN_ASIC_HW_ADDR_2: pscan_240508_1415_XA-000-08-002-000-008-251-04_HW_2_SET_56_22_118_46_VP_0_255_1_NP_100_elect.txt
240508-14:33:13	[INFO]	PSCAN_ASIC_HW_ADDR_1: pscan_240508_1424_XA-000-08-002-001-006-060-10_HW_1_SET_57_24_118_50_VP_0_255_1_NP_100_elect.txt
240508-14:42:14	[INFO]	PSCAN_ASIC_HW_ADDR_0: pscan_240508_1433_XA-000-08-002-000-006-084-09_HW_0_SET_57_22_118_57_VP_0_255_1_NP_100_elect.txt
240508-14:51:14	[INFO]	PSCAN_ASIC_HW_ADDR_1: pscan_240508_1442_XA-000-08-002-000-001-074-06_HW_1_SET_58_22_118_10_VP_0_255_1_NP_100_holes.txt
240508-15:00:14	[INFO]	PSCAN_ASIC_HW_ADDR_0: pscan_240508_1451_XA-000-08-002-000-001-071-06_HW_0_SET_58_25_118_45_VP_0_255_1_NP_100_holes.txt
240508-15:09:14	[INFO]	PSCAN_ASIC_HW_ADDR_3: pscan_240508_1500_XA-000-08-002-000-001-082-01_HW_3_SET_57_22_118_45_VP_0_255_1_NP_100_holes.txt
240508-15:18:15	[INFO]	PSCAN_ASIC_HW_ADDR_2: pscan_240508_1509_XA-000-08-002-000-001-076-06_HW_2_SET_57_22_118_52_VP_0_255_1_NP_100_holes.txt
240508-15:27:15	[INFO]	PSCAN_ASIC_HW_ADDR_5: pscan_240508_1518_XA-000-08-002-000-001-091-01_HW_5_SET_56_24_118_42_VP_0_255_1_NP_100_holes.txt
240508-15:36:16	[INFO]	PSCAN_ASIC_HW_ADDR_4: pscan_240508_1527_XA-000-08-002-000-001-081-01_HW_4_SET_58_24_118_49_VP_0_255_1_NP_100_holes.txt
240508-15:45:16	[INFO]	PSCAN_ASIC_HW_ADDR_7: pscan_240508_1536_XA-000-08-002-000-001-098-08_HW_7_SET_58_24_118_38_VP_0_255_1_NP_100_holes.txt
240508-15:54:19	[INFO]	PSCAN_ASIC_HW_ADDR_6: pscan_240508_1545_XA-000-08-002-000-001-112-15_HW_6_SET_56_23_118_46_VP_0_255_1_NP_100_holes.txt
240508-15:54:19	[INFO]	<<-- FINISHED MEASURING ENC AND CHECKING CALIBRATION
240508-16:11:02	MODULE_ID:	M4UL4T2110322B2_240508_1611
240508-16:11:02	[INFO]	TEST_CENTER: GSI
240508-16:11:02	[INFO]	OPERATOR_ID: Dairon Rodriguez Garces
240508-16:11:02	[INFO]	MODULE ID: 	M4UL4T2110322B2
240508-16:11:02	[INFO]	SENSOR_SIZE [mm]: 	62
240508-16:11:02	[INFO]	SENSOR_QGRADE: 	C
240508-16:12:13	[INFO]	-->> RUNNING SYNCHRONIZATION
240508-16:12:45	[INFO]	<<-- FINISHED SYNCHRONIZATION
240508-16:12:45	[INFO]	-->> READING LV VALUES BEFORE CONFIGURATION
240508-16:12:45	[INFO]	<<-- FINISHED READING LV VALUES BEFORE CONFIGURATION
240508-16:12:45	[INFO]	-->> LOADING STANDARD CONFIGURATION
240508-16:12:53	[INFO]	<<-- FINISHED LOADING STANDARD CONFIGURATION
240508-16:12:53	[INFO]	-->> READING ASICs ID
240508-16:12:54	[INFO]	<<-- FINISHED READING ASICs ID
240508-16:12:54	[INFO]	-->> LOADING DEFAULT TRIM VALUES
240508-16:14:03	[INFO]	<<-- FINISHED LOADING DEFAULT TRIM VALUES
240508-16:14:03	[INFO]	-->> READING LV VALUES AFTER CONFIGURATION
240508-16:14:13	[INFO]	<<-- FINISHED READING LV VALUES AFTER CONFIGURATION
240508-16:14:13	[INFO]	-->> READING VDDM & TEMPERATURE
240508-16:14:20	[INFO]	<<-- FINISHED READING VDDM & TEMPERATURE
240508-16:14:20	[INFO]	--> SETTING THE CALIBRATION TRIM
240508-16:16:48	[INFO]	<<-- FINISHED SETTING THE CALIBRATION TRIM
240508-16:16:48	[INFO]	--> CHECKING CHANNELS' CONNECTIVITY
240508-16:16:48	[INFO]	CONN-CHECK_ASIC_HW_ADDR_7: elect
240508-16:17:12	[INFO]	CONN-CHECK_ASIC_HW_ADDR_6: elect
240508-16:17:35	[INFO]	CONN-CHECK_ASIC_HW_ADDR_5: elect
240508-16:17:59	[INFO]	CONN-CHECK_ASIC_HW_ADDR_4: elect
240508-16:18:23	[INFO]	CONN-CHECK_ASIC_HW_ADDR_3: elect
240508-16:18:46	[INFO]	CONN-CHECK_ASIC_HW_ADDR_2: elect
240508-16:19:10	[INFO]	CONN-CHECK_ASIC_HW_ADDR_1: elect
240508-16:19:34	[INFO]	CONN-CHECK_ASIC_HW_ADDR_0: elect
240508-16:19:57	[INFO]	CONN-CHECK_ASIC_HW_ADDR_1: holes
240508-16:20:21	[INFO]	CONN-CHECK_ASIC_HW_ADDR_0: holes
240508-16:20:44	[INFO]	CONN-CHECK_ASIC_HW_ADDR_3: holes
240508-16:21:07	[INFO]	CONN-CHECK_ASIC_HW_ADDR_2: holes
240508-16:21:31	[INFO]	CONN-CHECK_ASIC_HW_ADDR_5: holes
240508-16:21:54	[INFO]	CONN-CHECK_ASIC_HW_ADDR_4: holes
240508-16:22:17	[INFO]	CONN-CHECK_ASIC_HW_ADDR_7: holes
240508-16:22:41	[INFO]	CONN-CHECK_ASIC_HW_ADDR_6: holes
240508-16:23:05	[INFO]	<<-- FINISHED CHECKING CHANNELS' CONNECTIVITY
240508-16:46:38	MODULE_ID:	M4UL4T2110322B2_240508_1646
240508-16:46:38	[INFO]	TEST_CENTER: GSI
240508-16:46:38	[INFO]	OPERATOR_ID: Dairon Rodriguez Garces
240508-16:46:38	[INFO]	MODULE ID: 	M4UL4T2110322B2
240508-16:46:38	[INFO]	SENSOR_SIZE [mm]: 	62
240508-16:46:38	[INFO]	SENSOR_QGRADE: 	C
240508-16:46:51	[INFO]	-->> RUNNING SYNCHRONIZATION
240508-16:47:25	[INFO]	<<-- FINISHED SYNCHRONIZATION
240508-16:47:25	[INFO]	-->> READING LV VALUES BEFORE CONFIGURATION
240508-16:47:25	[INFO]	<<-- FINISHED READING LV VALUES BEFORE CONFIGURATION
240508-16:47:25	[INFO]	-->> LOADING STANDARD CONFIGURATION
240508-16:47:34	[INFO]	<<-- FINISHED LOADING STANDARD CONFIGURATION
240508-16:47:34	[INFO]	-->> READING ASICs ID
240508-16:47:36	[INFO]	<<-- FINISHED READING ASICs ID
240508-16:47:36	[INFO]	-->> LOADING DEFAULT TRIM VALUES
240508-16:47:40	[INFO]	<<-- FINISHED LOADING DEFAULT TRIM VALUES
240508-16:47:40	[INFO]	-->> READING LV VALUES AFTER CONFIGURATION
240508-16:47:50	[INFO]	<<-- FINISHED READING LV VALUES AFTER CONFIGURATION
240508-16:47:50	[INFO]	-->> READING VDDM & TEMPERATURE
240508-16:47:57	[INFO]	<<-- FINISHED READING VDDM & TEMPERATURE
240508-16:47:57	[INFO]	--> SETTING THE CALIBRATION TRIM
240508-16:48:07	[INFO]	<<-- FINISHED SETTING THE CALIBRATION TRIM
240508-16:48:07	[INFO]	--> MEASURING ENC AND CHECKING CALIBRATION
240508-16:57:08	[INFO]	PSCAN_ASIC_HW_ADDR_5: pscan_240508_1648_XA-000-08-002-000-001-091-01_HW_5_SET_56_24_118_42_VP_0_255_1_NP_100_holes.txt
240508-16:57:08	[INFO]	<<-- FINISHED MEASURING ENC AND CHECKING CALIBRATION
240508-17:32:05	MODULE_ID:	M4UL4T2110322B2_240508_1732
240508-17:32:05	[INFO]	TEST_CENTER: GSI
240508-17:32:05	[INFO]	OPERATOR_ID: Dairon Rodriguez Garces
240508-17:32:05	[INFO]	MODULE ID: 	M4UL4T2110322B2
240508-17:32:05	[INFO]	SENSOR_SIZE [mm]: 	62
240508-17:32:05	[INFO]	SENSOR_QGRADE: 	C
240508-17:32:40	[INFO]	-->> RUNNING SYNCHRONIZATION
240508-17:33:09	[INFO]	<<-- FINISHED SYNCHRONIZATION
240508-17:33:09	[INFO]	-->> READING LV VALUES BEFORE CONFIGURATION
240508-17:33:10	[INFO]	<<-- FINISHED READING LV VALUES BEFORE CONFIGURATION
240508-17:33:10	[INFO]	-->> LOADING STANDARD CONFIGURATION
240508-17:33:17	[INFO]	<<-- FINISHED LOADING STANDARD CONFIGURATION
240508-17:33:17	[INFO]	-->> READING ASICs ID
240508-17:33:18	[INFO]	<<-- FINISHED READING ASICs ID
240508-17:33:18	[INFO]	-->> LOADING DEFAULT TRIM VALUES
240508-17:34:16	[INFO]	<<-- FINISHED LOADING DEFAULT TRIM VALUES
240508-17:34:16	[INFO]	-->> READING LV VALUES AFTER CONFIGURATION
240508-17:34:26	[INFO]	<<-- FINISHED READING LV VALUES AFTER CONFIGURATION
240508-17:34:26	[INFO]	-->> READING VDDM & TEMPERATURE
240508-17:34:33	[INFO]	<<-- FINISHED READING VDDM & TEMPERATURE
240508-17:34:33	[INFO]	-->> LOADING DEFAULT TRIM VALUES
240508-17:35:34	[INFO]	<<-- FINISHED LOADING DEFAULT TRIM VALUES
240508-17:35:34	[INFO]	-->> FINDING VREF_P, VREF_N & THR@_GLB FOR CALIBRATION
240508-17:43:04	[INFO]	<<-- FINISHED FINDING VREF_P, VREF_N & THR@_GLB FOR CALIBRATION
240508-17:43:04	[INFO]	--> SETTING THE CALIBRATION PARAMETERS
240508-17:43:04	[INFO]	<<-- FINISHED SETTING THE CALIBRATION PARAMETERS
240508-17:43:04	[INFO]	-->> CALIBRATING THE MODULE
240508-17:52:25	[INFO]	CAL_ASIC_HW_ADDR_7: ftrim_XA-000-08-002-002-008-223-03_HW_7_SET_57_23_118_37_R_30_247_elect.txt
240508-18:01:42	[INFO]	CAL_ASIC_HW_ADDR_6: ftrim_XA-000-08-002-001-006-006-03_HW_6_SET_56_24_118_42_R_30_247_elect.txt
240508-18:10:58	[INFO]	CAL_ASIC_HW_ADDR_5: ftrim_XA-000-08-002-000-006-053-02_HW_5_SET_55_22_118_41_R_30_247_elect.txt
240508-18:20:05	[INFO]	CAL_ASIC_HW_ADDR_4: ftrim_XA-000-08-002-001-006-001-03_HW_4_SET_56_23_118_36_R_30_247_elect.txt
240508-18:29:06	[INFO]	CAL_ASIC_HW_ADDR_3: ftrim_XA-000-08-002-001-006-066-06_HW_3_SET_56_22_118_38_R_30_247_elect.txt
240508-18:38:09	[INFO]	CAL_ASIC_HW_ADDR_2: ftrim_XA-000-08-002-000-008-251-04_HW_2_SET_56_22_118_39_R_30_247_elect.txt
240508-18:47:13	[INFO]	CAL_ASIC_HW_ADDR_1: ftrim_XA-000-08-002-001-006-060-10_HW_1_SET_57_24_118_40_R_30_247_elect.txt
240508-18:56:16	[INFO]	CAL_ASIC_HW_ADDR_0: ftrim_XA-000-08-002-000-006-084-09_HW_0_SET_57_22_118_51_R_30_247_elect.txt
240508-19:05:18	[INFO]	CAL_ASIC_HW_ADDR_1: ftrim_XA-000-08-002-000-001-074-06_HW_1_SET_58_22_118_10_R_30_247_holes.txt
240508-19:14:25	[INFO]	CAL_ASIC_HW_ADDR_0: ftrim_XA-000-08-002-000-001-071-06_HW_0_SET_58_25_118_35_R_30_247_holes.txt
240508-19:23:26	[INFO]	CAL_ASIC_HW_ADDR_3: ftrim_XA-000-08-002-000-001-082-01_HW_3_SET_57_21_118_38_R_30_247_holes.txt
240508-19:32:25	[INFO]	CAL_ASIC_HW_ADDR_2: ftrim_XA-000-08-002-000-001-076-06_HW_2_SET_57_21_118_41_R_30_247_holes.txt
240508-19:41:27	[INFO]	CAL_ASIC_HW_ADDR_5: ftrim_XA-000-08-002-000-001-091-01_HW_5_SET_56_23_118_37_R_30_247_holes.txt
240508-19:50:29	[INFO]	CAL_ASIC_HW_ADDR_4: ftrim_XA-000-08-002-000-001-081-01_HW_4_SET_58_23_118_41_R_30_247_holes.txt
240508-19:59:27	[INFO]	CAL_ASIC_HW_ADDR_7: ftrim_XA-000-08-002-000-001-098-08_HW_7_SET_58_23_118_35_R_30_247_holes.txt
240508-20:08:30	[INFO]	CAL_ASIC_HW_ADDR_6: ftrim_XA-000-08-002-000-001-112-15_HW_6_SET_56_22_118_37_R_30_247_holes.txt
240508-20:08:30	[INFO]	<<-- FINISHED CALIBRATING THE MODULE
240508-20:08:30	[INFO]	--> SETTING THE CALIBRATION TRIM
240508-20:10:23	[INFO]	<<-- FINISHED SETTING THE CALIBRATION TRIM
240508-20:10:23	[INFO]	--> MEASURING ENC AND CHECKING CALIBRATION
240508-20:17:28	[INFO]	PSCAN_ASIC_HW_ADDR_7: pscan_240508_2010_XA-000-08-002-002-008-223-03_HW_7_SET_57_23_118_37_VP_0_255_1_NP_100_elect.txt
240508-20:24:31	[INFO]	PSCAN_ASIC_HW_ADDR_6: pscan_240508_2017_XA-000-08-002-001-006-006-03_HW_6_SET_56_24_118_42_VP_0_255_1_NP_100_elect.txt
240508-20:31:34	[INFO]	PSCAN_ASIC_HW_ADDR_5: pscan_240508_2024_XA-000-08-002-000-006-053-02_HW_5_SET_55_22_118_41_VP_0_255_1_NP_100_elect.txt
240508-20:38:40	[INFO]	PSCAN_ASIC_HW_ADDR_4: pscan_240508_2031_XA-000-08-002-001-006-001-03_HW_4_SET_56_23_118_36_VP_0_255_1_NP_100_elect.txt
240508-20:45:48	[INFO]	PSCAN_ASIC_HW_ADDR_3: pscan_240508_2038_XA-000-08-002-001-006-066-06_HW_3_SET_56_22_118_38_VP_0_255_1_NP_100_elect.txt
240508-20:52:58	[INFO]	PSCAN_ASIC_HW_ADDR_2: pscan_240508_2045_XA-000-08-002-000-008-251-04_HW_2_SET_56_22_118_39_VP_0_255_1_NP_100_elect.txt
240508-21:00:08	[INFO]	PSCAN_ASIC_HW_ADDR_1: pscan_240508_2052_XA-000-08-002-001-006-060-10_HW_1_SET_57_24_118_40_VP_0_255_1_NP_100_elect.txt
240508-21:07:15	[INFO]	PSCAN_ASIC_HW_ADDR_0: pscan_240508_2100_XA-000-08-002-000-006-084-09_HW_0_SET_57_22_118_51_VP_0_255_1_NP_100_elect.txt
240508-21:14:22	[INFO]	PSCAN_ASIC_HW_ADDR_1: pscan_240508_2107_XA-000-08-002-000-001-074-06_HW_1_SET_58_22_118_10_VP_0_255_1_NP_100_holes.txt
240508-21:21:30	[INFO]	PSCAN_ASIC_HW_ADDR_0: pscan_240508_2114_XA-000-08-002-000-001-071-06_HW_0_SET_58_25_118_35_VP_0_255_1_NP_100_holes.txt
240508-21:28:36	[INFO]	PSCAN_ASIC_HW_ADDR_3: pscan_240508_2121_XA-000-08-002-000-001-082-01_HW_3_SET_57_21_118_38_VP_0_255_1_NP_100_holes.txt
240508-21:35:44	[INFO]	PSCAN_ASIC_HW_ADDR_2: pscan_240508_2128_XA-000-08-002-000-001-076-06_HW_2_SET_57_21_118_41_VP_0_255_1_NP_100_holes.txt
240508-21:42:50	[INFO]	PSCAN_ASIC_HW_ADDR_5: pscan_240508_2135_XA-000-08-002-000-001-091-01_HW_5_SET_56_23_118_37_VP_0_255_1_NP_100_holes.txt
240508-21:49:57	[INFO]	PSCAN_ASIC_HW_ADDR_4: pscan_240508_2142_XA-000-08-002-000-001-081-01_HW_4_SET_58_23_118_41_VP_0_255_1_NP_100_holes.txt
240508-21:57:11	[INFO]	PSCAN_ASIC_HW_ADDR_7: pscan_240508_2149_XA-000-08-002-000-001-098-08_HW_7_SET_58_23_118_35_VP_0_255_1_NP_100_holes.txt
240508-22:04:44	[INFO]	PSCAN_ASIC_HW_ADDR_6: pscan_240508_2157_XA-000-08-002-000-001-112-15_HW_6_SET_56_22_118_37_VP_0_255_1_NP_100_holes.txt
240508-22:04:44	[INFO]	<<-- FINISHED MEASURING ENC AND CHECKING CALIBRATION
240513-10:26:31	MODULE_ID:	M4UL4T2110322B2_240513_1026
240513-10:26:31	[INFO]	TEST_CENTER: GSI
240513-10:26:31	[INFO]	OPERATOR_ID: Dairon Rodriguez Garces
240513-10:26:31	[INFO]	MODULE ID: 	M4UL4T2110322B2
240513-10:26:31	[INFO]	SENSOR_SIZE [mm]: 	62
240513-10:26:31	[INFO]	SENSOR_QGRADE: 	C
240513-10:27:01	[INFO]	-->> RUNNING SYNCHRONIZATION
240513-10:27:31	[INFO]	<<-- FINISHED SYNCHRONIZATION
240513-10:27:31	[INFO]	-->> READING LV VALUES BEFORE CONFIGURATION
240513-10:27:32	[INFO]	<<-- FINISHED READING LV VALUES BEFORE CONFIGURATION
240513-10:27:32	[INFO]	-->> LOADING STANDARD CONFIGURATION
240513-10:27:39	[INFO]	<<-- FINISHED LOADING STANDARD CONFIGURATION
240513-10:27:39	[INFO]	-->> READING ASICs ID
240513-10:27:40	[INFO]	<<-- FINISHED READING ASICs ID
240513-10:27:40	[INFO]	-->> LOADING DEFAULT TRIM VALUES
240513-10:28:38	[INFO]	<<-- FINISHED LOADING DEFAULT TRIM VALUES
240513-10:28:38	[INFO]	-->> READING LV VALUES AFTER CONFIGURATION
240513-10:28:48	[INFO]	<<-- FINISHED READING LV VALUES AFTER CONFIGURATION
240513-10:28:48	[INFO]	-->> READING VDDM & TEMPERATURE
240513-10:28:54	[INFO]	<<-- FINISHED READING VDDM & TEMPERATURE
240513-10:28:54	[INFO]	--> SETTING THE CALIBRATION TRIM
240513-10:30:53	[INFO]	<<-- FINISHED SETTING THE CALIBRATION TRIM
240513-10:30:53	[INFO]	--> CHECKING CHANNELS' CONNECTIVITY
240513-10:30:53	[INFO]	CONN-CHECK_ASIC_HW_ADDR_7: elect
240513-10:31:11	[INFO]	CONN-CHECK_ASIC_HW_ADDR_6: elect
240513-10:31:30	[INFO]	CONN-CHECK_ASIC_HW_ADDR_5: elect
240513-10:31:49	[INFO]	CONN-CHECK_ASIC_HW_ADDR_4: elect
240513-10:32:08	[INFO]	CONN-CHECK_ASIC_HW_ADDR_3: elect
240513-10:32:26	[INFO]	CONN-CHECK_ASIC_HW_ADDR_2: elect
240513-10:32:45	[INFO]	CONN-CHECK_ASIC_HW_ADDR_1: elect
240513-10:33:04	[INFO]	CONN-CHECK_ASIC_HW_ADDR_0: elect
240513-10:33:22	[INFO]	CONN-CHECK_ASIC_HW_ADDR_1: holes
240513-10:33:41	[INFO]	CONN-CHECK_ASIC_HW_ADDR_0: holes
240513-10:33:59	[INFO]	CONN-CHECK_ASIC_HW_ADDR_3: holes
240513-10:34:18	[INFO]	CONN-CHECK_ASIC_HW_ADDR_2: holes
240513-10:34:36	[INFO]	CONN-CHECK_ASIC_HW_ADDR_5: holes
240513-10:34:55	[INFO]	CONN-CHECK_ASIC_HW_ADDR_4: holes
240513-10:35:14	[INFO]	CONN-CHECK_ASIC_HW_ADDR_7: holes
240513-10:35:33	[INFO]	CONN-CHECK_ASIC_HW_ADDR_6: holes
240513-10:35:51	[INFO]	<<-- FINISHED CHECKING CHANNELS' CONNECTIVITY
