240506-18:07:29	MODULE_ID:	M4UL4B1010321A2
240506-18:07:29	[INFO]	TEST_CENTER: GSI
240506-18:07:29	[INFO]	OPERATOR_ID: Dairon Rodriguez Garces
240506-18:07:29	[INFO]	MODULE ID: 	M4UL4B1010321A2
240506-18:07:29	[INFO]	SENSOR_SIZE [mm]: 	42
240506-18:07:29	[INFO]	SENSOR_QGRADE: 	C
240506-18:07:45	[INFO]	-->> RUNNING SYNCHRONIZATION
240506-18:08:14	[INFO]	<<-- FINISHED SYNCHRONIZATION
240506-18:08:14	[INFO]	-->> READING LV VALUES BEFORE CONFIGURATION
240506-18:08:14	[INFO]	<<-- FINISHED READING LV VALUES BEFORE CONFIGURATION
240506-18:08:14	[INFO]	-->> LOADING STANDARD CONFIGURATION
240506-18:08:22	[INFO]	<<-- FINISHED LOADING STANDARD CONFIGURATION
240506-18:08:22	[INFO]	-->> READING ASICs ID
240506-18:08:23	[INFO]	<<-- FINISHED READING ASICs ID
240506-18:08:23	[INFO]	-->> LOADING DEFAULT TRIM VALUES
240506-18:09:17	[INFO]	<<-- FINISHED LOADING DEFAULT TRIM VALUES
240506-18:09:17	[INFO]	-->> READING LV VALUES AFTER CONFIGURATION
240506-18:09:28	[INFO]	<<-- FINISHED READING LV VALUES AFTER CONFIGURATION
240506-18:09:28	[INFO]	-->> READING VDDM & TEMPERATURE
240506-18:09:34	[INFO]	<<-- FINISHED READING VDDM & TEMPERATURE
240506-18:09:34	[INFO]	-->> LOADING DEFAULT TRIM VALUES
240506-18:10:29	[INFO]	<<-- FINISHED LOADING DEFAULT TRIM VALUES
240506-18:10:29	[INFO]	-->> FINDING VREF_P, VREF_N & THR@_GLB FOR CALIBRATION
240506-18:17:31	[INFO]	<<-- FINISHED FINDING VREF_P, VREF_N & THR@_GLB FOR CALIBRATION
240506-18:17:31	[INFO]	--> SETTING THE CALIBRATION PARAMETERS
240506-18:17:31	[INFO]	<<-- FINISHED SETTING THE CALIBRATION PARAMETERS
240506-18:17:31	[INFO]	-->> CALIBRATING THE MODULE
240506-18:26:38	[INFO]	CAL_ASIC_HW_ADDR_1: ftrim_XA-000-08-003-000-000-006-04_HW_1_SET_57_25_118_37_R_30_247_elect.txt
240506-18:35:48	[INFO]	CAL_ASIC_HW_ADDR_0: ftrim_XA-000-08-002-000-001-179-00_HW_0_SET_56_20_118_35_R_30_247_elect.txt
240506-18:44:54	[INFO]	CAL_ASIC_HW_ADDR_3: ftrim_XA-000-08-003-000-000-000-04_HW_3_SET_57_24_118_36_R_30_247_elect.txt
240506-18:54:01	[INFO]	CAL_ASIC_HW_ADDR_2: ftrim_XA-000-08-002-000-001-175-07_HW_2_SET_56_25_118_37_R_30_247_elect.txt
240506-19:03:07	[INFO]	CAL_ASIC_HW_ADDR_5: ftrim_XA-000-08-002-000-001-192-12_HW_5_SET_56_26_118_40_R_30_247_elect.txt
240506-19:12:14	[INFO]	CAL_ASIC_HW_ADDR_4: ftrim_XA-000-08-002-000-001-184-00_HW_4_SET_55_24_118_37_R_30_247_elect.txt
240506-19:21:20	[INFO]	CAL_ASIC_HW_ADDR_7: ftrim_XA-000-08-002-000-001-193-12_HW_7_SET_55_24_118_38_R_30_247_elect.txt
240506-19:30:28	[INFO]	CAL_ASIC_HW_ADDR_6: ftrim_XA-000-08-002-000-001-198-12_HW_6_SET_57_28_118_36_R_30_247_elect.txt
240506-19:39:32	[INFO]	CAL_ASIC_HW_ADDR_7: ftrim_XA-000-08-002-000-005-255-03_HW_7_SET_56_18_118_41_R_30_247_holes.txt
240506-19:48:47	[INFO]	CAL_ASIC_HW_ADDR_6: ftrim_XA-000-08-002-000-005-254-03_HW_6_SET_56_17_118_29_R_30_247_holes.txt
240506-19:57:58	[INFO]	CAL_ASIC_HW_ADDR_5: ftrim_XA-000-08-002-000-005-193-10_HW_5_SET_56_19_118_32_R_30_247_holes.txt
240506-20:07:08	[INFO]	CAL_ASIC_HW_ADDR_4: ftrim_XA-000-08-002-000-006-004-11_HW_4_SET_55_18_118_38_R_30_247_holes.txt
240506-20:16:19	[INFO]	CAL_ASIC_HW_ADDR_3: ftrim_XA-000-08-002-000-005-190-06_HW_3_SET_54_19_118_29_R_30_247_holes.txt
240506-20:25:29	[INFO]	CAL_ASIC_HW_ADDR_2: ftrim_XA-000-08-002-000-005-194-10_HW_2_SET_55_19_118_30_R_30_247_holes.txt
240506-20:34:33	[INFO]	CAL_ASIC_HW_ADDR_1: ftrim_XA-000-08-002-000-005-186-06_HW_1_SET_55_17_118_31_R_30_247_holes.txt
240506-20:43:39	[INFO]	CAL_ASIC_HW_ADDR_0: ftrim_XA-000-08-002-000-005-187-06_HW_0_SET_55_19_118_34_R_30_247_holes.txt
240506-20:43:39	[INFO]	<<-- FINISHED CALIBRATING THE MODULE
240506-20:43:39	[INFO]	--> SETTING THE CALIBRATION TRIM
240506-20:45:31	[INFO]	<<-- FINISHED SETTING THE CALIBRATION TRIM
240506-20:45:31	[INFO]	--> MEASURING ENC AND CHECKING CALIBRATION
240506-20:52:41	[INFO]	PSCAN_ASIC_HW_ADDR_1: pscan_240506_2045_XA-000-08-003-000-000-006-04_HW_1_SET_57_25_118_37_VP_0_255_1_NP_100_elect.txt
240506-20:59:39	[INFO]	PSCAN_ASIC_HW_ADDR_0: pscan_240506_2052_XA-000-08-002-000-001-179-00_HW_0_SET_56_20_118_35_VP_0_255_1_NP_100_elect.txt
240506-21:06:40	[INFO]	PSCAN_ASIC_HW_ADDR_3: pscan_240506_2059_XA-000-08-003-000-000-000-04_HW_3_SET_57_24_118_36_VP_0_255_1_NP_100_elect.txt
240506-21:13:40	[INFO]	PSCAN_ASIC_HW_ADDR_2: pscan_240506_2106_XA-000-08-002-000-001-175-07_HW_2_SET_56_25_118_37_VP_0_255_1_NP_100_elect.txt
240506-21:20:40	[INFO]	PSCAN_ASIC_HW_ADDR_5: pscan_240506_2113_XA-000-08-002-000-001-192-12_HW_5_SET_56_26_118_40_VP_0_255_1_NP_100_elect.txt
240506-21:27:39	[INFO]	PSCAN_ASIC_HW_ADDR_4: pscan_240506_2120_XA-000-08-002-000-001-184-00_HW_4_SET_55_24_118_37_VP_0_255_1_NP_100_elect.txt
240506-21:34:39	[INFO]	PSCAN_ASIC_HW_ADDR_7: pscan_240506_2127_XA-000-08-002-000-001-193-12_HW_7_SET_55_24_118_38_VP_0_255_1_NP_100_elect.txt
240506-21:41:39	[INFO]	PSCAN_ASIC_HW_ADDR_6: pscan_240506_2134_XA-000-08-002-000-001-198-12_HW_6_SET_57_28_118_36_VP_0_255_1_NP_100_elect.txt
240506-21:48:40	[INFO]	PSCAN_ASIC_HW_ADDR_7: pscan_240506_2141_XA-000-08-002-000-005-255-03_HW_7_SET_56_18_118_41_VP_0_255_1_NP_100_holes.txt
240506-21:55:43	[INFO]	PSCAN_ASIC_HW_ADDR_6: pscan_240506_2148_XA-000-08-002-000-005-254-03_HW_6_SET_56_17_118_29_VP_0_255_1_NP_100_holes.txt
240506-22:02:49	[INFO]	PSCAN_ASIC_HW_ADDR_5: pscan_240506_2155_XA-000-08-002-000-005-193-10_HW_5_SET_56_19_118_32_VP_0_255_1_NP_100_holes.txt
240506-22:10:05	[INFO]	PSCAN_ASIC_HW_ADDR_4: pscan_240506_2202_XA-000-08-002-000-006-004-11_HW_4_SET_55_18_118_38_VP_0_255_1_NP_100_holes.txt
240506-22:17:05	[INFO]	PSCAN_ASIC_HW_ADDR_3: pscan_240506_2210_XA-000-08-002-000-005-190-06_HW_3_SET_54_19_118_29_VP_0_255_1_NP_100_holes.txt
240506-22:24:08	[INFO]	PSCAN_ASIC_HW_ADDR_2: pscan_240506_2217_XA-000-08-002-000-005-194-10_HW_2_SET_55_19_118_30_VP_0_255_1_NP_100_holes.txt
240506-22:31:09	[INFO]	PSCAN_ASIC_HW_ADDR_1: pscan_240506_2224_XA-000-08-002-000-005-186-06_HW_1_SET_55_17_118_31_VP_0_255_1_NP_100_holes.txt
240506-22:38:09	[INFO]	PSCAN_ASIC_HW_ADDR_0: pscan_240506_2231_XA-000-08-002-000-005-187-06_HW_0_SET_55_19_118_34_VP_0_255_1_NP_100_holes.txt
240506-22:38:09	[INFO]	<<-- FINISHED MEASURING ENC AND CHECKING CALIBRATION
240507-09:15:56	MODULE_ID:	M4UL4B1010321A2_240507_0915
240507-09:15:56	[INFO]	TEST_CENTER: GSI
240507-09:15:56	[INFO]	OPERATOR_ID: Dairon Rodriguez Garces
240507-09:15:56	[INFO]	MODULE ID: 	M4UL4B1010321A2
240507-09:15:56	[INFO]	SENSOR_SIZE [mm]: 	42
240507-09:15:56	[INFO]	SENSOR_QGRADE: 	C
240507-09:16:10	[INFO]	-->> RUNNING SYNCHRONIZATION
240507-09:16:39	[INFO]	<<-- FINISHED SYNCHRONIZATION
240507-09:16:39	[INFO]	-->> READING LV VALUES BEFORE CONFIGURATION
240507-09:16:40	[INFO]	<<-- FINISHED READING LV VALUES BEFORE CONFIGURATION
240507-09:16:40	[INFO]	-->> LOADING STANDARD CONFIGURATION
240507-09:16:47	[INFO]	<<-- FINISHED LOADING STANDARD CONFIGURATION
240507-09:16:47	[INFO]	-->> READING ASICs ID
240507-09:16:48	[INFO]	<<-- FINISHED READING ASICs ID
240507-09:16:48	[INFO]	-->> LOADING DEFAULT TRIM VALUES
240507-09:17:41	[INFO]	<<-- FINISHED LOADING DEFAULT TRIM VALUES
240507-09:17:41	[INFO]	-->> READING LV VALUES AFTER CONFIGURATION
240507-09:17:51	[INFO]	<<-- FINISHED READING LV VALUES AFTER CONFIGURATION
240507-09:17:51	[INFO]	-->> READING VDDM & TEMPERATURE
240507-09:17:58	[INFO]	<<-- FINISHED READING VDDM & TEMPERATURE
240507-09:17:58	[INFO]	--> SETTING THE CALIBRATION TRIM
240507-09:19:45	[INFO]	<<-- FINISHED SETTING THE CALIBRATION TRIM
240507-09:19:45	[INFO]	--> CHECKING CHANNELS' CONNECTIVITY
240507-09:19:45	[INFO]	CONN-CHECK_ASIC_HW_ADDR_1: elect
240507-09:20:02	[INFO]	CONN-CHECK_ASIC_HW_ADDR_0: elect
240507-09:20:20	[INFO]	CONN-CHECK_ASIC_HW_ADDR_3: elect
240507-09:20:37	[INFO]	CONN-CHECK_ASIC_HW_ADDR_2: elect
240507-09:20:53	[INFO]	CONN-CHECK_ASIC_HW_ADDR_5: elect
240507-09:21:10	[INFO]	CONN-CHECK_ASIC_HW_ADDR_4: elect
240507-09:21:28	[INFO]	CONN-CHECK_ASIC_HW_ADDR_7: elect
240507-09:21:45	[INFO]	CONN-CHECK_ASIC_HW_ADDR_6: elect
240507-09:22:02	[INFO]	CONN-CHECK_ASIC_HW_ADDR_7: holes
240507-09:22:19	[INFO]	CONN-CHECK_ASIC_HW_ADDR_6: holes
240507-09:22:40	[INFO]	CONN-CHECK_ASIC_HW_ADDR_5: holes
240507-09:23:01	[INFO]	CONN-CHECK_ASIC_HW_ADDR_4: holes
240507-09:23:20	[INFO]	CONN-CHECK_ASIC_HW_ADDR_3: holes
240507-09:23:41	[INFO]	CONN-CHECK_ASIC_HW_ADDR_2: holes
240507-09:24:01	[INFO]	CONN-CHECK_ASIC_HW_ADDR_1: holes
240507-09:24:18	[INFO]	CONN-CHECK_ASIC_HW_ADDR_0: holes
240507-09:24:38	[INFO]	<<-- FINISHED CHECKING CHANNELS' CONNECTIVITY
