240716-12:03:02	MODULE_ID:	M4UL0T0010550B2
240716-12:03:02	[INFO]	TEST_CENTER: GSI
240716-12:03:02	[INFO]	OPERATOR_ID: Dairon Rodriguez Garces
240716-12:03:02	[INFO]	MODULE ID: 	M4UL0T0010550B2
240716-12:03:02	[INFO]	SENSOR_SIZE [mm]: 	42
240716-12:03:02	[INFO]	SENSOR_QGRADE: 	A
240716-12:09:04	[INFO]	-->> RUNNING SYNCHRONIZATION
240716-12:09:34	[INFO]	<<-- FINISHED SYNCHRONIZATION
240716-12:09:34	[INFO]	-->> READING LV VALUES BEFORE CONFIGURATION
240716-12:09:35	[INFO]	<<-- FINISHED READING LV VALUES BEFORE CONFIGURATION
240716-12:09:35	[INFO]	-->> LOADING STANDARD CONFIGURATION
240716-12:09:41	[INFO]	<<-- FINISHED LOADING STANDARD CONFIGURATION
240716-12:09:41	[INFO]	-->> READING ASICs ID
240716-12:09:42	[INFO]	<<-- FINISHED READING ASICs ID
240716-12:09:42	[INFO]	-->> LOADING DEFAULT TRIM VALUES
240716-12:11:12	MODULE_ID:	M4UL0T0010550B2_240716_1211
240716-12:11:12	[INFO]	TEST_CENTER: GSI
240716-12:11:12	[INFO]	OPERATOR_ID: Dairon Rodriguez Garces
240716-12:11:12	[INFO]	MODULE ID: 	M4UL0T0010550B2
240716-12:11:12	[INFO]	SENSOR_SIZE [mm]: 	42
240716-12:11:12	[INFO]	SENSOR_QGRADE: 	A
240716-12:11:55	[INFO]	-->> RUNNING SYNCHRONIZATION
240716-12:12:34	MODULE_ID:	M4UL0T0010550B2_240716_1212
240716-12:12:34	[INFO]	TEST_CENTER: GSI
240716-12:12:34	[INFO]	OPERATOR_ID: Dairon Rodriguez Garces
240716-12:12:34	[INFO]	MODULE ID: 	M4UL0T0010550B2
240716-12:12:34	[INFO]	SENSOR_SIZE [mm]: 	42
240716-12:12:34	[INFO]	SENSOR_QGRADE: 	A
240716-12:12:56	[INFO]	-->> RUNNING SYNCHRONIZATION
240716-12:13:42	MODULE_ID:	M4UL0T0010550B2_240716_1213
240716-12:13:42	[INFO]	TEST_CENTER: GSI
240716-12:13:42	[INFO]	OPERATOR_ID: Dairon Rodriguez Garces
240716-12:13:42	[INFO]	MODULE ID: 	M4UL0T0010550B2
240716-12:13:42	[INFO]	SENSOR_SIZE [mm]: 	42
240716-12:13:42	[INFO]	SENSOR_QGRADE: 	A
240716-12:14:02	[INFO]	-->> RUNNING SYNCHRONIZATION
240716-14:04:37	MODULE_ID:	M4UL0T0010550B2_240716_1404
240716-14:04:37	[INFO]	TEST_CENTER: GSI
240716-14:04:37	[INFO]	OPERATOR_ID: Dairon Rodriguez Garces
240716-14:04:37	[INFO]	MODULE ID: 	M4UL0T0010550B2
240716-14:04:37	[INFO]	SENSOR_SIZE [mm]: 	42
240716-14:04:37	[INFO]	SENSOR_QGRADE: 	A
240716-14:04:57	[INFO]	-->> RUNNING SYNCHRONIZATION
240716-14:51:35	MODULE_ID:	M4UL0T0010550B2_240716_1451
240716-14:51:35	[INFO]	TEST_CENTER: GSI
240716-14:51:35	[INFO]	OPERATOR_ID: Dairon Rodriguez Garces
240716-14:51:35	[INFO]	MODULE ID: 	M4UL0T0010550B2
240716-14:51:35	[INFO]	SENSOR_SIZE [mm]: 	42
240716-14:51:35	[INFO]	SENSOR_QGRADE: 	A
240716-14:51:55	[INFO]	-->> RUNNING SYNCHRONIZATION
240716-14:52:34	MODULE_ID:	M4UL0T0010550B2_240716_1452
240716-14:52:34	[INFO]	TEST_CENTER: GSI
240716-14:52:34	[INFO]	OPERATOR_ID: Dairon Rodriguez Garces
240716-14:52:34	[INFO]	MODULE ID: 	M4UL0T0010550B2
240716-14:52:34	[INFO]	SENSOR_SIZE [mm]: 	42
240716-14:52:34	[INFO]	SENSOR_QGRADE: 	A
240716-14:53:06	[INFO]	-->> RUNNING SYNCHRONIZATION
240716-14:57:58	MODULE_ID:	M4UL0T0010550B2_240716_1457
240716-14:57:58	[INFO]	TEST_CENTER: GSI
240716-14:57:58	[INFO]	OPERATOR_ID: Dairon Rodriguez Garces
240716-14:57:58	[INFO]	MODULE ID: 	M4UL0T0010550B2
240716-14:57:58	[INFO]	SENSOR_SIZE [mm]: 	42
240716-14:57:58	[INFO]	SENSOR_QGRADE: 	A
240716-14:58:21	[INFO]	-->> RUNNING SYNCHRONIZATION
240716-15:14:05	MODULE_ID:	M4UL0T0010550B2_240716_1514
240716-15:14:05	[INFO]	TEST_CENTER: GSI
240716-15:14:05	[INFO]	OPERATOR_ID: Dairon Rodriguez Garces
240716-15:14:05	[INFO]	MODULE ID: 	M4UL0T0010550B2
240716-15:14:05	[INFO]	SENSOR_SIZE [mm]: 	42
240716-15:14:05	[INFO]	SENSOR_QGRADE: 	A
240716-15:14:26	[INFO]	-->> RUNNING SYNCHRONIZATION
240716-15:35:12	MODULE_ID:	M4UL0T0010550B2_240716_1535
240716-15:35:12	[INFO]	TEST_CENTER: GSI
240716-15:35:12	[INFO]	OPERATOR_ID: Dairon Rodriguez Garces
240716-15:35:12	[INFO]	MODULE ID: 	M4UL0T0010550B2
240716-15:35:12	[INFO]	SENSOR_SIZE [mm]: 	42
240716-15:35:12	[INFO]	SENSOR_QGRADE: 	A
240716-15:35:28	[INFO]	-->> RUNNING SYNCHRONIZATION
240716-15:35:58	[INFO]	<<-- FINISHED SYNCHRONIZATION
240716-15:35:58	[INFO]	-->> READING LV VALUES BEFORE CONFIGURATION
240716-15:35:58	[INFO]	<<-- FINISHED READING LV VALUES BEFORE CONFIGURATION
240716-15:35:58	[INFO]	-->> LOADING STANDARD CONFIGURATION
240716-15:36:04	[INFO]	<<-- FINISHED LOADING STANDARD CONFIGURATION
240716-15:36:04	[INFO]	-->> READING ASICs ID
240716-15:50:03	MODULE_ID:	M4UL0T0010550B2_240716_1550
240716-15:50:03	[INFO]	TEST_CENTER: GSI
240716-15:50:03	[INFO]	OPERATOR_ID: Dairon Rodriguez Garces
240716-15:50:03	[INFO]	MODULE ID: 	M4UL0T0010550B2
240716-15:50:03	[INFO]	SENSOR_SIZE [mm]: 	42
240716-15:50:03	[INFO]	SENSOR_QGRADE: 	A
240716-15:50:31	[INFO]	-->> RUNNING SYNCHRONIZATION
240716-15:51:01	[INFO]	<<-- FINISHED SYNCHRONIZATION
240716-15:51:01	[INFO]	-->> READING LV VALUES BEFORE CONFIGURATION
240716-15:51:01	[INFO]	<<-- FINISHED READING LV VALUES BEFORE CONFIGURATION
240716-15:51:01	[INFO]	-->> LOADING STANDARD CONFIGURATION
240716-15:51:08	[INFO]	<<-- FINISHED LOADING STANDARD CONFIGURATION
240716-15:51:08	[INFO]	-->> READING ASICs ID
240716-15:51:09	[INFO]	<<-- FINISHED READING ASICs ID
240716-15:51:09	[INFO]	-->> LOADING DEFAULT TRIM VALUES
240716-16:50:35	MODULE_ID:	M4UL0T0010550B2_240716_1650
240716-16:50:35	[INFO]	TEST_CENTER: GSI
240716-16:50:35	[INFO]	OPERATOR_ID: Dairon Rodriguez Garces
240716-16:50:35	[INFO]	MODULE ID: 	M4UL0T0010550B2
240716-16:50:35	[INFO]	SENSOR_SIZE [mm]: 	42
240716-16:50:35	[INFO]	SENSOR_QGRADE: 	A
240716-16:51:09	[INFO]	-->> RUNNING SYNCHRONIZATION
240716-16:51:38	[INFO]	<<-- FINISHED SYNCHRONIZATION
240716-16:51:38	[INFO]	-->> READING LV VALUES BEFORE CONFIGURATION
240716-16:51:39	[INFO]	<<-- FINISHED READING LV VALUES BEFORE CONFIGURATION
240716-16:51:39	[INFO]	-->> LOADING STANDARD CONFIGURATION
240716-16:51:46	[INFO]	<<-- FINISHED LOADING STANDARD CONFIGURATION
240716-16:51:46	[INFO]	-->> READING ASICs ID
240716-16:51:47	[INFO]	<<-- FINISHED READING ASICs ID
240716-16:51:47	[INFO]	-->> LOADING DEFAULT TRIM VALUES
240716-16:52:42	[INFO]	<<-- FINISHED LOADING DEFAULT TRIM VALUES
240716-16:52:42	[INFO]	-->> READING LV VALUES AFTER CONFIGURATION
240716-16:52:53	[INFO]	<<-- FINISHED READING LV VALUES AFTER CONFIGURATION
240716-16:52:53	[INFO]	-->> READING VDDM & TEMPERATURE
240716-16:52:56	[INFO]	<<-- FINISHED READING VDDM & TEMPERATURE
240716-16:52:56	[INFO]	-->> LOADING DEFAULT TRIM VALUES
240716-16:53:53	[INFO]	<<-- FINISHED LOADING DEFAULT TRIM VALUES
240716-16:53:53	[INFO]	-->> FINDING VREF_P, VREF_N & THR@_GLB FOR CALIBRATION
240716-17:00:53	[INFO]	<<-- FINISHED FINDING VREF_P, VREF_N & THR@_GLB FOR CALIBRATION
240716-17:00:53	[INFO]	--> SETTING THE CALIBRATION PARAMETERS
240716-17:00:53	[INFO]	<<-- FINISHED SETTING THE CALIBRATION PARAMETERS
240716-17:00:53	[INFO]	-->> CALIBRATING THE MODULE
240716-17:09:52	[INFO]	CAL_ASIC_HW_ADDR_7: ftrim_XA-000-08-002-000-005-184-06_HW_7_SET_56_25_118_48_R_30_247_elect.txt
240716-17:18:43	[INFO]	CAL_ASIC_HW_ADDR_6: ftrim_XA-000-08-002-000-004-248-14_HW_6_SET_56_26_118_55_R_30_247_elect.txt
240716-17:27:31	[INFO]	CAL_ASIC_HW_ADDR_5: ftrim_XA-000-08-002-000-005-172-01_HW_5_SET_57_28_118_58_R_30_247_elect.txt
240716-17:36:17	[INFO]	CAL_ASIC_HW_ADDR_4: ftrim_XA-000-08-002-000-004-243-14_HW_4_SET_57_26_118_56_R_30_247_elect.txt
240716-17:45:00	[INFO]	CAL_ASIC_HW_ADDR_3: ftrim_XA-000-08-002-000-005-164-01_HW_3_SET_57_25_118_56_R_30_247_elect.txt
240716-17:53:51	[INFO]	CAL_ASIC_HW_ADDR_2: ftrim_XA-000-08-003-000-000-011-04_HW_2_SET_55_23_118_56_R_30_247_elect.txt
240716-18:02:39	[INFO]	CAL_ASIC_HW_ADDR_1: ftrim_XA-000-08-002-000-005-036-11_HW_1_SET_58_27_118_56_R_30_247_elect.txt
240716-18:11:27	[INFO]	CAL_ASIC_HW_ADDR_0: ftrim_XA-000-08-003-000-000-018-03_HW_0_SET_57_29_118_54_R_30_247_elect.txt
240716-18:20:18	[INFO]	CAL_ASIC_HW_ADDR_1: ftrim_XA-000-08-002-000-002-124-01_HW_1_SET_58_24_118_45_R_30_247_holes.txt
240716-18:29:10	[INFO]	CAL_ASIC_HW_ADDR_0: ftrim_XA-000-08-002-001-008-047-04_HW_0_SET_56_21_118_58_R_30_247_holes.txt
240716-18:37:59	[INFO]	CAL_ASIC_HW_ADDR_3: ftrim_XA-000-08-002-001-008-060-03_HW_3_SET_57_21_118_54_R_30_247_holes.txt
240716-18:47:15	[INFO]	CAL_ASIC_HW_ADDR_2: ftrim_XA-000-08-002-001-008-042-04_HW_2_SET_57_23_118_59_R_30_247_holes.txt
240716-18:56:13	[INFO]	CAL_ASIC_HW_ADDR_5: ftrim_XA-000-08-002-001-008-059-03_HW_5_SET_55_22_118_53_R_30_247_holes.txt
240716-19:05:08	[INFO]	CAL_ASIC_HW_ADDR_4: ftrim_XA-000-08-002-001-008-045-04_HW_4_SET_56_23_118_62_R_30_247_holes.txt
240716-19:13:59	[INFO]	CAL_ASIC_HW_ADDR_7: ftrim_XA-000-08-002-001-008-061-03_HW_7_SET_56_21_118_51_R_30_247_holes.txt
240716-19:22:47	[INFO]	CAL_ASIC_HW_ADDR_6: ftrim_XA-000-08-002-001-008-046-04_HW_6_SET_56_24_118_55_R_30_247_holes.txt
240716-19:22:47	[INFO]	<<-- FINISHED CALIBRATING THE MODULE
240716-19:22:47	[INFO]	--> SETTING THE CALIBRATION TRIM
240716-19:24:36	[INFO]	<<-- FINISHED SETTING THE CALIBRATION TRIM
240716-19:24:36	[INFO]	--> CHECKING CHANNELS' CONNECTIVITY
240716-19:24:36	[INFO]	CONN-CHECK_ASIC_HW_ADDR_7: elect
240716-19:24:53	[INFO]	CONN-CHECK_ASIC_HW_ADDR_6: elect
240716-19:25:10	[INFO]	CONN-CHECK_ASIC_HW_ADDR_5: elect
240716-19:25:27	[INFO]	CONN-CHECK_ASIC_HW_ADDR_4: elect
240716-19:25:44	[INFO]	CONN-CHECK_ASIC_HW_ADDR_3: elect
240716-19:26:02	[INFO]	CONN-CHECK_ASIC_HW_ADDR_2: elect
240716-19:26:19	[INFO]	CONN-CHECK_ASIC_HW_ADDR_1: elect
240716-19:26:37	[INFO]	CONN-CHECK_ASIC_HW_ADDR_0: elect
240716-19:26:54	[INFO]	CONN-CHECK_ASIC_HW_ADDR_1: holes
240716-19:27:12	[INFO]	CONN-CHECK_ASIC_HW_ADDR_0: holes
240716-19:27:30	[INFO]	CONN-CHECK_ASIC_HW_ADDR_3: holes
240716-19:27:48	[INFO]	CONN-CHECK_ASIC_HW_ADDR_2: holes
240716-19:28:06	[INFO]	CONN-CHECK_ASIC_HW_ADDR_5: holes
240716-19:28:24	[INFO]	CONN-CHECK_ASIC_HW_ADDR_4: holes
240716-19:28:41	[INFO]	CONN-CHECK_ASIC_HW_ADDR_7: holes
240716-19:28:58	[INFO]	CONN-CHECK_ASIC_HW_ADDR_6: holes
240716-19:29:15	[INFO]	<<-- FINISHED CHECKING CHANNELS' CONNECTIVITY
240717-09:46:18	MODULE_ID:	M4UL0T0010550B2_240717_0946
240717-09:46:18	[INFO]	TEST_CENTER: GSI
240717-09:46:18	[INFO]	OPERATOR_ID: Dairon Rodriguez Garces
240717-09:46:18	[INFO]	MODULE ID: 	M4UL0T0010550B2
240717-09:46:18	[INFO]	SENSOR_SIZE [mm]: 	42
240717-09:46:18	[INFO]	SENSOR_QGRADE: 	A
240717-09:46:46	[INFO]	-->> RUNNING SYNCHRONIZATION
240717-09:47:18	[INFO]	<<-- FINISHED SYNCHRONIZATION
240717-09:47:18	[INFO]	-->> READING LV VALUES BEFORE CONFIGURATION
240717-09:47:18	[INFO]	<<-- FINISHED READING LV VALUES BEFORE CONFIGURATION
240717-09:47:18	[INFO]	-->> LOADING STANDARD CONFIGURATION
240717-09:47:27	[INFO]	<<-- FINISHED LOADING STANDARD CONFIGURATION
240717-09:47:27	[INFO]	-->> READING ASICs ID
240717-09:47:28	[INFO]	<<-- FINISHED READING ASICs ID
240717-09:47:28	[INFO]	-->> LOADING DEFAULT TRIM VALUES
240717-09:48:33	[INFO]	<<-- FINISHED LOADING DEFAULT TRIM VALUES
240717-09:48:33	[INFO]	-->> READING LV VALUES AFTER CONFIGURATION
240717-09:48:43	[INFO]	<<-- FINISHED READING LV VALUES AFTER CONFIGURATION
240717-09:48:43	[INFO]	-->> READING VDDM & TEMPERATURE
240717-09:48:47	[INFO]	<<-- FINISHED READING VDDM & TEMPERATURE
240717-09:48:47	[INFO]	--> SETTING THE CALIBRATION TRIM
240717-09:51:12	[INFO]	<<-- FINISHED SETTING THE CALIBRATION TRIM
240717-09:51:12	[INFO]	--> CHECKING CHANNELS' CONNECTIVITY
240717-09:51:12	[INFO]	CONN-CHECK_ASIC_HW_ADDR_7: elect
240717-09:51:34	[INFO]	CONN-CHECK_ASIC_HW_ADDR_6: elect
240717-09:51:54	[INFO]	CONN-CHECK_ASIC_HW_ADDR_5: elect
240717-09:52:13	[INFO]	CONN-CHECK_ASIC_HW_ADDR_4: elect
240717-09:52:33	[INFO]	CONN-CHECK_ASIC_HW_ADDR_3: elect
240717-09:52:52	[INFO]	CONN-CHECK_ASIC_HW_ADDR_2: elect
240717-09:53:11	[INFO]	CONN-CHECK_ASIC_HW_ADDR_1: elect
240717-09:53:30	[INFO]	CONN-CHECK_ASIC_HW_ADDR_0: elect
240717-09:53:49	[INFO]	CONN-CHECK_ASIC_HW_ADDR_1: holes
240717-09:54:09	[INFO]	CONN-CHECK_ASIC_HW_ADDR_0: holes
240717-09:54:28	[INFO]	CONN-CHECK_ASIC_HW_ADDR_3: holes
240717-09:54:47	[INFO]	CONN-CHECK_ASIC_HW_ADDR_2: holes
240717-09:55:06	[INFO]	CONN-CHECK_ASIC_HW_ADDR_5: holes
240717-09:55:28	[INFO]	CONN-CHECK_ASIC_HW_ADDR_4: holes
240717-09:55:51	[INFO]	CONN-CHECK_ASIC_HW_ADDR_7: holes
240717-09:56:14	[INFO]	CONN-CHECK_ASIC_HW_ADDR_6: holes
240717-09:56:36	[INFO]	<<-- FINISHED CHECKING CHANNELS' CONNECTIVITY
240717-11:36:56	MODULE_ID:	M4UL0T0010550B2_240717_1136
240717-11:36:56	[INFO]	TEST_CENTER: GSI
240717-11:36:56	[INFO]	OPERATOR_ID: Dairon Rodriguez Garces
240717-11:36:56	[INFO]	MODULE ID: 	M4UL0T0010550B2
240717-11:36:56	[INFO]	SENSOR_SIZE [mm]: 	42
240717-11:36:56	[INFO]	SENSOR_QGRADE: 	A
240717-11:37:23	[INFO]	-->> RUNNING SYNCHRONIZATION
240717-11:37:54	[INFO]	<<-- FINISHED SYNCHRONIZATION
240717-11:37:54	[INFO]	-->> READING LV VALUES BEFORE CONFIGURATION
240717-11:37:54	[INFO]	<<-- FINISHED READING LV VALUES BEFORE CONFIGURATION
240717-11:37:54	[INFO]	-->> LOADING STANDARD CONFIGURATION
240717-11:38:01	[INFO]	<<-- FINISHED LOADING STANDARD CONFIGURATION
240717-11:38:01	[INFO]	-->> READING ASICs ID
240717-11:38:02	[INFO]	<<-- FINISHED READING ASICs ID
240717-11:38:02	[INFO]	-->> LOADING DEFAULT TRIM VALUES
240717-11:39:02	[INFO]	<<-- FINISHED LOADING DEFAULT TRIM VALUES
240717-11:39:02	[INFO]	-->> READING LV VALUES AFTER CONFIGURATION
240717-11:39:12	[INFO]	<<-- FINISHED READING LV VALUES AFTER CONFIGURATION
240717-11:39:12	[INFO]	-->> READING VDDM & TEMPERATURE
240717-11:39:15	[INFO]	<<-- FINISHED READING VDDM & TEMPERATURE
240717-11:39:15	[INFO]	--> SETTING THE CALIBRATION TRIM
240717-11:41:31	[INFO]	<<-- FINISHED SETTING THE CALIBRATION TRIM
240717-11:41:31	[INFO]	--> MEASURING ENC AND CHECKING CALIBRATION
240717-11:49:41	[INFO]	PSCAN_ASIC_HW_ADDR_7: pscan_240717_1141_XA-000-08-002-000-005-184-06_HW_7_SET_56_25_118_48_VP_0_255_1_NP_100_elect.txt
240717-11:57:18	[INFO]	PSCAN_ASIC_HW_ADDR_6: pscan_240717_1149_XA-000-08-002-000-004-248-14_HW_6_SET_56_26_118_55_VP_0_255_1_NP_100_elect.txt
240717-12:04:14	[INFO]	PSCAN_ASIC_HW_ADDR_5: pscan_240717_1157_XA-000-08-002-000-005-172-01_HW_5_SET_57_28_118_58_VP_0_255_1_NP_100_elect.txt
240717-12:11:49	[INFO]	PSCAN_ASIC_HW_ADDR_4: pscan_240717_1204_XA-000-08-002-000-004-243-14_HW_4_SET_57_26_118_56_VP_0_255_1_NP_100_elect.txt
240717-12:19:29	[INFO]	PSCAN_ASIC_HW_ADDR_3: pscan_240717_1211_XA-000-08-002-000-005-164-01_HW_3_SET_57_25_118_56_VP_0_255_1_NP_100_elect.txt
240717-12:27:39	[INFO]	PSCAN_ASIC_HW_ADDR_2: pscan_240717_1219_XA-000-08-003-000-000-011-04_HW_2_SET_55_23_118_56_VP_0_255_1_NP_100_elect.txt
240717-12:35:33	[INFO]	PSCAN_ASIC_HW_ADDR_1: pscan_240717_1227_XA-000-08-002-000-005-036-11_HW_1_SET_58_27_118_56_VP_0_255_1_NP_100_elect.txt
240717-12:42:12	[INFO]	PSCAN_ASIC_HW_ADDR_0: pscan_240717_1235_XA-000-08-003-000-000-018-03_HW_0_SET_57_29_118_54_VP_0_255_1_NP_100_elect.txt
240717-12:49:44	[INFO]	PSCAN_ASIC_HW_ADDR_1: pscan_240717_1242_XA-000-08-002-000-002-124-01_HW_1_SET_58_24_118_45_VP_0_255_1_NP_100_holes.txt
240717-12:57:45	[INFO]	PSCAN_ASIC_HW_ADDR_0: pscan_240717_1249_XA-000-08-002-001-008-047-04_HW_0_SET_56_21_118_58_VP_0_255_1_NP_100_holes.txt
240717-13:05:49	[INFO]	PSCAN_ASIC_HW_ADDR_3: pscan_240717_1257_XA-000-08-002-001-008-060-03_HW_3_SET_57_21_118_54_VP_0_255_1_NP_100_holes.txt
240717-13:13:10	[INFO]	PSCAN_ASIC_HW_ADDR_2: pscan_240717_1305_XA-000-08-002-001-008-042-04_HW_2_SET_57_23_118_59_VP_0_255_1_NP_100_holes.txt
240717-13:21:05	[INFO]	PSCAN_ASIC_HW_ADDR_5: pscan_240717_1313_XA-000-08-002-001-008-059-03_HW_5_SET_55_22_118_53_VP_0_255_1_NP_100_holes.txt
240717-13:29:22	[INFO]	PSCAN_ASIC_HW_ADDR_4: pscan_240717_1321_XA-000-08-002-001-008-045-04_HW_4_SET_56_23_118_62_VP_0_255_1_NP_100_holes.txt
240717-13:37:33	[INFO]	PSCAN_ASIC_HW_ADDR_7: pscan_240717_1329_XA-000-08-002-001-008-061-03_HW_7_SET_56_21_118_51_VP_0_255_1_NP_100_holes.txt
240717-13:45:26	[INFO]	PSCAN_ASIC_HW_ADDR_6: pscan_240717_1337_XA-000-08-002-001-008-046-04_HW_6_SET_56_24_118_55_VP_0_255_1_NP_100_holes.txt
240717-13:45:26	[INFO]	<<-- FINISHED MEASURING ENC AND CHECKING CALIBRATION
240717-16:04:58	MODULE_ID:	M4UL0T0010550B2_240717_1604
240717-16:04:58	[INFO]	TEST_CENTER: GSI
240717-16:04:58	[INFO]	OPERATOR_ID: Dairon Rodriguez Garces
240717-16:04:58	[INFO]	MODULE ID: 	M4UL0T0010550B2
240717-16:04:58	[INFO]	SENSOR_SIZE [mm]: 	42
240717-16:04:58	[INFO]	SENSOR_QGRADE: 	A
240717-16:05:55	[INFO]	-->> RUNNING SYNCHRONIZATION
240717-16:06:26	[INFO]	<<-- FINISHED SYNCHRONIZATION
240717-16:06:26	[INFO]	-->> READING LV VALUES BEFORE CONFIGURATION
240717-16:06:26	[INFO]	<<-- FINISHED READING LV VALUES BEFORE CONFIGURATION
240717-16:06:26	[INFO]	-->> LOADING STANDARD CONFIGURATION
240717-16:06:34	[INFO]	<<-- FINISHED LOADING STANDARD CONFIGURATION
240717-16:06:34	[INFO]	-->> READING ASICs ID
240717-16:06:35	[INFO]	<<-- FINISHED READING ASICs ID
240717-16:06:35	[INFO]	-->> LOADING DEFAULT TRIM VALUES
240717-16:06:39	[INFO]	<<-- FINISHED LOADING DEFAULT TRIM VALUES
240717-16:06:39	[INFO]	-->> READING LV VALUES AFTER CONFIGURATION
240717-16:06:49	[INFO]	<<-- FINISHED READING LV VALUES AFTER CONFIGURATION
240717-16:06:49	[INFO]	-->> READING VDDM & TEMPERATURE
240717-16:06:52	[INFO]	<<-- FINISHED READING VDDM & TEMPERATURE
240717-16:06:52	[INFO]	-->> LOADING DEFAULT TRIM VALUES
240717-16:06:56	[INFO]	<<-- FINISHED LOADING DEFAULT TRIM VALUES
240717-16:06:56	[INFO]	-->> FINDING VREF_P, VREF_N & THR@_GLB FOR CALIBRATION
240717-16:07:27	[INFO]	<<-- FINISHED FINDING VREF_P, VREF_N & THR@_GLB FOR CALIBRATION
240717-16:07:27	[INFO]	--> SETTING THE CALIBRATION PARAMETERS
240717-16:07:27	[INFO]	<<-- FINISHED SETTING THE CALIBRATION PARAMETERS
240717-16:07:27	[INFO]	-->> CALIBRATING THE MODULE
240717-16:17:59	[INFO]	CAL_ASIC_HW_ADDR_3: ftrim_XA-000-08-002-000-005-164-01_HW_3_SET_57_24_118_55_R_30_247_elect.txt
240717-16:17:59	[INFO]	<<-- FINISHED CALIBRATING THE MODULE
240717-16:17:59	[INFO]	--> SETTING THE CALIBRATION TRIM
240717-16:18:06	[INFO]	<<-- FINISHED SETTING THE CALIBRATION TRIM
240717-16:18:06	[INFO]	--> MEASURING ENC AND CHECKING CALIBRATION
240717-16:25:37	[INFO]	PSCAN_ASIC_HW_ADDR_3: pscan_240717_1618_XA-000-08-002-000-005-164-01_HW_3_SET_57_25_118_56_VP_0_255_1_NP_100_elect.txt
240717-16:25:37	[INFO]	<<-- FINISHED MEASURING ENC AND CHECKING CALIBRATION
240717-17:08:40	MODULE_ID:	M4UL0T0010550B2_240717_1708
240717-17:08:40	[INFO]	TEST_CENTER: GSI
240717-17:08:40	[INFO]	OPERATOR_ID: Dairon Rodriguez Garces
240717-17:08:40	[INFO]	MODULE ID: 	M4UL0T0010550B2
240717-17:08:40	[INFO]	SENSOR_SIZE [mm]: 	42
240717-17:08:40	[INFO]	SENSOR_QGRADE: 	A
240717-17:14:13	[INFO]	-->> RUNNING SYNCHRONIZATION
240717-17:14:42	[INFO]	<<-- FINISHED SYNCHRONIZATION
240717-17:14:42	[INFO]	-->> READING LV VALUES BEFORE CONFIGURATION
240717-17:14:42	[INFO]	<<-- FINISHED READING LV VALUES BEFORE CONFIGURATION
240717-17:14:42	[INFO]	-->> LOADING STANDARD CONFIGURATION
240717-17:14:49	[INFO]	<<-- FINISHED LOADING STANDARD CONFIGURATION
240717-17:14:49	[INFO]	-->> READING ASICs ID
240717-17:14:50	[INFO]	<<-- FINISHED READING ASICs ID
240717-17:14:50	[INFO]	-->> LOADING DEFAULT TRIM VALUES
240717-17:15:45	[INFO]	<<-- FINISHED LOADING DEFAULT TRIM VALUES
240717-17:15:45	[INFO]	-->> READING LV VALUES AFTER CONFIGURATION
240717-17:15:55	[INFO]	<<-- FINISHED READING LV VALUES AFTER CONFIGURATION
240717-17:15:55	[INFO]	-->> READING VDDM & TEMPERATURE
240717-17:15:58	[INFO]	<<-- FINISHED READING VDDM & TEMPERATURE
240717-17:15:58	[INFO]	-->> LOADING DEFAULT TRIM VALUES
240717-17:16:54	[INFO]	<<-- FINISHED LOADING DEFAULT TRIM VALUES
240717-17:16:54	[INFO]	-->> FINDING VREF_P, VREF_N & THR@_GLB FOR CALIBRATION
240717-17:23:53	[INFO]	<<-- FINISHED FINDING VREF_P, VREF_N & THR@_GLB FOR CALIBRATION
240717-17:23:53	[INFO]	--> SETTING THE CALIBRATION PARAMETERS
240717-17:23:53	[INFO]	<<-- FINISHED SETTING THE CALIBRATION PARAMETERS
240717-17:23:53	[INFO]	-->> CALIBRATING THE MODULE
240717-17:32:53	[INFO]	CAL_ASIC_HW_ADDR_7: ftrim_XA-000-08-002-000-005-184-06_HW_7_SET_56_25_118_62_R_30_247_elect.txt
240717-17:41:38	[INFO]	CAL_ASIC_HW_ADDR_6: ftrim_XA-000-08-002-000-004-248-14_HW_6_SET_56_26_118_62_R_30_247_elect.txt
240717-17:50:18	[INFO]	CAL_ASIC_HW_ADDR_5: ftrim_XA-000-08-002-000-005-172-01_HW_5_SET_57_28_118_66_R_30_247_elect.txt
240717-17:59:03	[INFO]	CAL_ASIC_HW_ADDR_4: ftrim_XA-000-08-002-000-004-243-14_HW_4_SET_57_26_118_63_R_30_247_elect.txt
240717-18:07:46	[INFO]	CAL_ASIC_HW_ADDR_3: ftrim_XA-000-08-002-000-005-164-01_HW_3_SET_57_25_118_69_R_30_247_elect.txt
240717-18:16:30	[INFO]	CAL_ASIC_HW_ADDR_2: ftrim_XA-000-08-003-000-000-011-04_HW_2_SET_55_23_118_62_R_30_247_elect.txt
240717-18:25:18	[INFO]	CAL_ASIC_HW_ADDR_1: ftrim_XA-000-08-002-000-005-036-11_HW_1_SET_58_27_118_65_R_30_247_elect.txt
240717-18:34:01	[INFO]	CAL_ASIC_HW_ADDR_0: ftrim_XA-000-08-003-000-000-018-03_HW_0_SET_57_29_118_69_R_30_247_elect.txt
240717-18:42:48	[INFO]	CAL_ASIC_HW_ADDR_1: ftrim_XA-000-08-002-000-002-124-01_HW_1_SET_57_24_118_63_R_30_247_holes.txt
240717-18:51:33	[INFO]	CAL_ASIC_HW_ADDR_0: ftrim_XA-000-08-002-001-008-047-04_HW_0_SET_56_20_118_67_R_30_247_holes.txt
240717-19:00:18	[INFO]	CAL_ASIC_HW_ADDR_3: ftrim_XA-000-08-002-001-008-060-03_HW_3_SET_57_21_118_56_R_30_247_holes.txt
240717-19:09:06	[INFO]	CAL_ASIC_HW_ADDR_2: ftrim_XA-000-08-002-001-008-042-04_HW_2_SET_57_23_118_69_R_30_247_holes.txt
240717-19:17:52	[INFO]	CAL_ASIC_HW_ADDR_5: ftrim_XA-000-08-002-001-008-059-03_HW_5_SET_55_22_118_58_R_30_247_holes.txt
240717-19:26:35	[INFO]	CAL_ASIC_HW_ADDR_4: ftrim_XA-000-08-002-001-008-045-04_HW_4_SET_56_23_118_64_R_30_247_holes.txt
240717-19:35:18	[INFO]	CAL_ASIC_HW_ADDR_7: ftrim_XA-000-08-002-001-008-061-03_HW_7_SET_56_20_118_56_R_30_247_holes.txt
240717-19:44:04	[INFO]	CAL_ASIC_HW_ADDR_6: ftrim_XA-000-08-002-001-008-046-04_HW_6_SET_55_23_118_61_R_30_247_holes.txt
240717-19:44:04	[INFO]	<<-- FINISHED CALIBRATING THE MODULE
240717-19:44:04	[INFO]	--> SETTING THE CALIBRATION TRIM
240717-19:45:52	[INFO]	<<-- FINISHED SETTING THE CALIBRATION TRIM
240717-19:45:52	[INFO]	--> MEASURING ENC AND CHECKING CALIBRATION
240717-19:52:44	[INFO]	PSCAN_ASIC_HW_ADDR_7: pscan_240717_1945_XA-000-08-002-000-005-184-06_HW_7_SET_56_25_118_62_VP_0_255_1_NP_100_elect.txt
240717-19:59:39	[INFO]	PSCAN_ASIC_HW_ADDR_6: pscan_240717_1952_XA-000-08-002-000-004-248-14_HW_6_SET_56_26_118_62_VP_0_255_1_NP_100_elect.txt
240717-20:06:32	[INFO]	PSCAN_ASIC_HW_ADDR_5: pscan_240717_1959_XA-000-08-002-000-005-172-01_HW_5_SET_57_28_118_66_VP_0_255_1_NP_100_elect.txt
240717-20:13:23	[INFO]	PSCAN_ASIC_HW_ADDR_4: pscan_240717_2006_XA-000-08-002-000-004-243-14_HW_4_SET_57_26_118_63_VP_0_255_1_NP_100_elect.txt
240717-20:20:18	[INFO]	PSCAN_ASIC_HW_ADDR_3: pscan_240717_2013_XA-000-08-002-000-005-164-01_HW_3_SET_57_25_118_69_VP_0_255_1_NP_100_elect.txt
240717-20:27:14	[INFO]	PSCAN_ASIC_HW_ADDR_2: pscan_240717_2020_XA-000-08-003-000-000-011-04_HW_2_SET_55_23_118_62_VP_0_255_1_NP_100_elect.txt
240717-20:34:08	[INFO]	PSCAN_ASIC_HW_ADDR_1: pscan_240717_2027_XA-000-08-002-000-005-036-11_HW_1_SET_58_27_118_65_VP_0_255_1_NP_100_elect.txt
240717-20:41:02	[INFO]	PSCAN_ASIC_HW_ADDR_0: pscan_240717_2034_XA-000-08-003-000-000-018-03_HW_0_SET_57_29_118_69_VP_0_255_1_NP_100_elect.txt
240717-20:47:59	[INFO]	PSCAN_ASIC_HW_ADDR_1: pscan_240717_2041_XA-000-08-002-000-002-124-01_HW_1_SET_57_24_118_63_VP_0_255_1_NP_100_holes.txt
240717-20:54:54	[INFO]	PSCAN_ASIC_HW_ADDR_0: pscan_240717_2047_XA-000-08-002-001-008-047-04_HW_0_SET_56_20_118_67_VP_0_255_1_NP_100_holes.txt
240717-21:01:50	[INFO]	PSCAN_ASIC_HW_ADDR_3: pscan_240717_2054_XA-000-08-002-001-008-060-03_HW_3_SET_57_21_118_56_VP_0_255_1_NP_100_holes.txt
240717-21:08:45	[INFO]	PSCAN_ASIC_HW_ADDR_2: pscan_240717_2101_XA-000-08-002-001-008-042-04_HW_2_SET_57_23_118_69_VP_0_255_1_NP_100_holes.txt
240717-21:15:40	[INFO]	PSCAN_ASIC_HW_ADDR_5: pscan_240717_2108_XA-000-08-002-001-008-059-03_HW_5_SET_55_22_118_58_VP_0_255_1_NP_100_holes.txt
240717-21:22:36	[INFO]	PSCAN_ASIC_HW_ADDR_4: pscan_240717_2115_XA-000-08-002-001-008-045-04_HW_4_SET_56_23_118_64_VP_0_255_1_NP_100_holes.txt
240717-21:29:31	[INFO]	PSCAN_ASIC_HW_ADDR_7: pscan_240717_2122_XA-000-08-002-001-008-061-03_HW_7_SET_56_20_118_56_VP_0_255_1_NP_100_holes.txt
240717-21:36:31	[INFO]	PSCAN_ASIC_HW_ADDR_6: pscan_240717_2129_XA-000-08-002-001-008-046-04_HW_6_SET_55_23_118_61_VP_0_255_1_NP_100_holes.txt
240717-21:36:31	[INFO]	<<-- FINISHED MEASURING ENC AND CHECKING CALIBRATION
