240618-10:52:35	MODULE_ID:	M4UL2B0010310A2
240618-10:52:35	[INFO]	TEST_CENTER: GSI
240618-10:52:35	[INFO]	OPERATOR_ID: Dairon Rodriguez Garces
240618-10:52:35	[INFO]	MODULE ID: 	M4UL2B0010310A2
240618-10:52:35	[INFO]	SENSOR_SIZE [mm]: 	42
240618-10:52:35	[INFO]	SENSOR_QGRADE: 	A
240618-10:52:59	[INFO]	-->> RUNNING SYNCHRONIZATION
240618-10:53:30	[INFO]	<<-- FINISHED SYNCHRONIZATION
240618-10:53:30	[INFO]	-->> READING LV VALUES BEFORE CONFIGURATION
240618-10:53:30	[INFO]	<<-- FINISHED READING LV VALUES BEFORE CONFIGURATION
240618-10:53:30	[INFO]	-->> LOADING STANDARD CONFIGURATION
240618-10:53:37	[INFO]	<<-- FINISHED LOADING STANDARD CONFIGURATION
240618-10:53:37	[INFO]	-->> READING ASICs ID
240618-10:53:38	[INFO]	<<-- FINISHED READING ASICs ID
240618-10:53:38	[INFO]	-->> LOADING DEFAULT TRIM VALUES
240618-10:54:36	[INFO]	<<-- FINISHED LOADING DEFAULT TRIM VALUES
240618-10:54:36	[INFO]	-->> READING LV VALUES AFTER CONFIGURATION
240618-10:54:46	[INFO]	<<-- FINISHED READING LV VALUES AFTER CONFIGURATION
240618-10:54:46	[INFO]	-->> READING VDDM & TEMPERATURE
240618-10:54:49	[INFO]	<<-- FINISHED READING VDDM & TEMPERATURE
240618-10:54:49	[INFO]	-->> LOADING DEFAULT TRIM VALUES
240618-10:55:46	[INFO]	<<-- FINISHED LOADING DEFAULT TRIM VALUES
240618-10:55:46	[INFO]	-->> FINDING VREF_P, VREF_N & THR@_GLB FOR CALIBRATION
240618-11:02:53	[INFO]	<<-- FINISHED FINDING VREF_P, VREF_N & THR@_GLB FOR CALIBRATION
240618-11:02:53	[INFO]	--> SETTING THE CALIBRATION PARAMETERS
240618-11:02:53	[INFO]	<<-- FINISHED SETTING THE CALIBRATION PARAMETERS
240618-11:02:53	[INFO]	-->> CALIBRATING THE MODULE
240618-11:12:11	[INFO]	CAL_ASIC_HW_ADDR_1: ftrim_XA-000-08-002-000-004-098-03_HW_1_SET_57_23_118_36_R_30_247_elect.txt
240618-11:21:39	[INFO]	CAL_ASIC_HW_ADDR_0: ftrim_XA-000-08-002-000-001-001-03_HW_0_SET_57_26_118_29_R_30_247_elect.txt
240618-11:31:36	[INFO]	CAL_ASIC_HW_ADDR_3: ftrim_XA-000-08-002-000-004-097-03_HW_3_SET_56_24_118_35_R_30_247_elect.txt
240618-11:41:05	[INFO]	CAL_ASIC_HW_ADDR_2: ftrim_XA-000-08-002-000-001-002-03_HW_2_SET_55_23_118_37_R_30_247_elect.txt
240618-11:50:33	[INFO]	CAL_ASIC_HW_ADDR_5: ftrim_XA-000-08-002-000-004-087-10_HW_5_SET_56_27_118_31_R_30_247_elect.txt
240618-11:59:58	[INFO]	CAL_ASIC_HW_ADDR_4: ftrim_XA-000-08-002-000-003-241-06_HW_4_SET_57_21_118_35_R_30_247_elect.txt
240618-12:09:32	[INFO]	CAL_ASIC_HW_ADDR_7: ftrim_XA-000-08-002-000-004-088-10_HW_7_SET_56_26_118_29_R_30_247_elect.txt
240618-12:19:00	[INFO]	CAL_ASIC_HW_ADDR_6: ftrim_XA-000-08-002-000-003-158-13_HW_6_SET_57_22_118_31_R_30_247_elect.txt
240618-12:28:23	[INFO]	CAL_ASIC_HW_ADDR_7: ftrim_XA-000-08-002-000-004-096-03_HW_7_SET_57_23_118_18_R_30_247_holes.txt
240618-12:37:39	[INFO]	CAL_ASIC_HW_ADDR_6: ftrim_XA-000-08-002-000-004-001-08_HW_6_SET_55_21_118_30_R_30_247_holes.txt
240618-12:47:03	[INFO]	CAL_ASIC_HW_ADDR_5: ftrim_XA-000-08-002-000-004-095-10_HW_5_SET_58_20_118_30_R_30_247_holes.txt
240618-12:56:24	[INFO]	CAL_ASIC_HW_ADDR_4: ftrim_XA-000-08-002-000-003-161-04_HW_4_SET_56_21_118_31_R_30_247_holes.txt
240618-13:05:44	[INFO]	CAL_ASIC_HW_ADDR_3: ftrim_XA-000-08-002-000-004-093-10_HW_3_SET_57_22_118_29_R_30_247_holes.txt
240618-13:15:17	[INFO]	CAL_ASIC_HW_ADDR_2: ftrim_XA-000-08-002-000-004-003-08_HW_2_SET_55_21_118_32_R_30_247_holes.txt
240618-13:24:54	[INFO]	CAL_ASIC_HW_ADDR_1: ftrim_XA-000-08-002-000-004-100-03_HW_1_SET_57_20_118_35_R_30_247_holes.txt
240618-13:34:26	[INFO]	CAL_ASIC_HW_ADDR_0: ftrim_XA-000-08-002-000-004-008-08_HW_0_SET_56_21_118_34_R_30_247_holes.txt
240618-13:34:26	[INFO]	<<-- FINISHED CALIBRATING THE MODULE
240618-13:34:26	[INFO]	--> SETTING THE CALIBRATION TRIM
240618-13:36:23	[INFO]	<<-- FINISHED SETTING THE CALIBRATION TRIM
240618-13:36:23	[INFO]	--> MEASURING ENC AND CHECKING CALIBRATION
240618-13:43:43	[INFO]	PSCAN_ASIC_HW_ADDR_1: pscan_240618_1336_XA-000-08-002-000-004-098-03_HW_1_SET_57_23_118_36_VP_0_255_1_NP_100_elect.txt
240618-13:51:07	[INFO]	PSCAN_ASIC_HW_ADDR_0: pscan_240618_1343_XA-000-08-002-000-001-001-03_HW_0_SET_57_26_118_29_VP_0_255_1_NP_100_elect.txt
240618-13:58:23	[INFO]	PSCAN_ASIC_HW_ADDR_3: pscan_240618_1351_XA-000-08-002-000-004-097-03_HW_3_SET_56_24_118_35_VP_0_255_1_NP_100_elect.txt
240618-14:05:39	[INFO]	PSCAN_ASIC_HW_ADDR_2: pscan_240618_1358_XA-000-08-002-000-001-002-03_HW_2_SET_55_23_118_37_VP_0_255_1_NP_100_elect.txt
240618-14:13:02	[INFO]	PSCAN_ASIC_HW_ADDR_5: pscan_240618_1405_XA-000-08-002-000-004-087-10_HW_5_SET_56_27_118_31_VP_0_255_1_NP_100_elect.txt
240618-14:20:21	[INFO]	PSCAN_ASIC_HW_ADDR_4: pscan_240618_1413_XA-000-08-002-000-003-241-06_HW_4_SET_57_21_118_35_VP_0_255_1_NP_100_elect.txt
240618-14:27:34	[INFO]	PSCAN_ASIC_HW_ADDR_7: pscan_240618_1420_XA-000-08-002-000-004-088-10_HW_7_SET_56_26_118_29_VP_0_255_1_NP_100_elect.txt
240618-14:34:48	[INFO]	PSCAN_ASIC_HW_ADDR_6: pscan_240618_1427_XA-000-08-002-000-003-158-13_HW_6_SET_57_22_118_31_VP_0_255_1_NP_100_elect.txt
240618-14:42:02	[INFO]	PSCAN_ASIC_HW_ADDR_7: pscan_240618_1434_XA-000-08-002-000-004-096-03_HW_7_SET_57_23_118_18_VP_0_255_1_NP_100_holes.txt
240618-14:49:15	[INFO]	PSCAN_ASIC_HW_ADDR_6: pscan_240618_1442_XA-000-08-002-000-004-001-08_HW_6_SET_55_21_118_30_VP_0_255_1_NP_100_holes.txt
240618-14:56:27	[INFO]	PSCAN_ASIC_HW_ADDR_5: pscan_240618_1449_XA-000-08-002-000-004-095-10_HW_5_SET_58_20_118_30_VP_0_255_1_NP_100_holes.txt
240618-15:03:38	[INFO]	PSCAN_ASIC_HW_ADDR_4: pscan_240618_1456_XA-000-08-002-000-003-161-04_HW_4_SET_56_21_118_31_VP_0_255_1_NP_100_holes.txt
240618-15:10:49	[INFO]	PSCAN_ASIC_HW_ADDR_3: pscan_240618_1503_XA-000-08-002-000-004-093-10_HW_3_SET_57_22_118_29_VP_0_255_1_NP_100_holes.txt
240618-15:18:02	[INFO]	PSCAN_ASIC_HW_ADDR_2: pscan_240618_1510_XA-000-08-002-000-004-003-08_HW_2_SET_55_21_118_32_VP_0_255_1_NP_100_holes.txt
240618-15:25:14	[INFO]	PSCAN_ASIC_HW_ADDR_1: pscan_240618_1518_XA-000-08-002-000-004-100-03_HW_1_SET_57_20_118_35_VP_0_255_1_NP_100_holes.txt
240618-15:33:04	[INFO]	PSCAN_ASIC_HW_ADDR_0: pscan_240618_1525_XA-000-08-002-000-004-008-08_HW_0_SET_56_21_118_34_VP_0_255_1_NP_100_holes.txt
240618-15:33:04	[INFO]	<<-- FINISHED MEASURING ENC AND CHECKING CALIBRATION
240618-16:06:59	MODULE_ID:	M4UL2B0010310A2_240618_1606
240618-16:06:59	[INFO]	TEST_CENTER: GSI
240618-16:06:59	[INFO]	OPERATOR_ID: Dairon Rodriguez Garces
240618-16:06:59	[INFO]	MODULE ID: 	M4UL2B0010310A2
240618-16:06:59	[INFO]	SENSOR_SIZE [mm]: 	42
240618-16:06:59	[INFO]	SENSOR_QGRADE: 	A
240618-16:07:20	[INFO]	-->> RUNNING SYNCHRONIZATION
240618-16:07:50	[INFO]	<<-- FINISHED SYNCHRONIZATION
240618-16:07:50	[INFO]	-->> READING LV VALUES BEFORE CONFIGURATION
240618-16:07:50	[INFO]	<<-- FINISHED READING LV VALUES BEFORE CONFIGURATION
240618-16:07:50	[INFO]	-->> LOADING STANDARD CONFIGURATION
240618-16:07:58	[INFO]	<<-- FINISHED LOADING STANDARD CONFIGURATION
240618-16:07:58	[INFO]	-->> READING ASICs ID
240618-16:07:59	[INFO]	<<-- FINISHED READING ASICs ID
240618-16:07:59	[INFO]	-->> LOADING DEFAULT TRIM VALUES
240618-16:08:57	[INFO]	<<-- FINISHED LOADING DEFAULT TRIM VALUES
240618-16:08:57	[INFO]	-->> READING LV VALUES AFTER CONFIGURATION
240618-16:09:08	[INFO]	<<-- FINISHED READING LV VALUES AFTER CONFIGURATION
240618-16:09:08	[INFO]	-->> READING VDDM & TEMPERATURE
240618-16:09:11	[INFO]	<<-- FINISHED READING VDDM & TEMPERATURE
240618-16:09:11	[INFO]	--> SETTING THE CALIBRATION TRIM
240618-16:11:21	[INFO]	<<-- FINISHED SETTING THE CALIBRATION TRIM
240618-16:11:21	[INFO]	--> CHECKING CHANNELS' CONNECTIVITY
240618-16:11:21	[INFO]	CONN-CHECK_ASIC_HW_ADDR_1: elect
240618-16:11:43	[INFO]	CONN-CHECK_ASIC_HW_ADDR_0: elect
240618-16:12:05	[INFO]	CONN-CHECK_ASIC_HW_ADDR_3: elect
240618-16:12:27	[INFO]	CONN-CHECK_ASIC_HW_ADDR_2: elect
240618-16:12:49	[INFO]	CONN-CHECK_ASIC_HW_ADDR_5: elect
240618-16:13:11	[INFO]	CONN-CHECK_ASIC_HW_ADDR_4: elect
240618-16:13:32	[INFO]	CONN-CHECK_ASIC_HW_ADDR_7: elect
240618-16:13:54	[INFO]	CONN-CHECK_ASIC_HW_ADDR_6: elect
240618-16:14:16	[INFO]	CONN-CHECK_ASIC_HW_ADDR_7: holes
240618-16:14:38	[INFO]	CONN-CHECK_ASIC_HW_ADDR_6: holes
240618-16:15:00	[INFO]	CONN-CHECK_ASIC_HW_ADDR_5: holes
240618-16:15:22	[INFO]	CONN-CHECK_ASIC_HW_ADDR_4: holes
240618-16:15:44	[INFO]	CONN-CHECK_ASIC_HW_ADDR_3: holes
240618-16:16:06	[INFO]	CONN-CHECK_ASIC_HW_ADDR_2: holes
240618-16:16:26	[INFO]	CONN-CHECK_ASIC_HW_ADDR_1: holes
240618-16:16:45	[INFO]	CONN-CHECK_ASIC_HW_ADDR_0: holes
240618-16:17:06	[INFO]	<<-- FINISHED CHECKING CHANNELS' CONNECTIVITY
