240716-12:02:40	MODULE_ID:	M4UL0B2010552A2
240716-12:02:40	[INFO]	TEST_CENTER: GSI
240716-12:02:40	[INFO]	OPERATOR_ID: Dairon Rodriguez Garces
240716-12:02:40	[INFO]	MODULE ID: 	M4UL0B2010552A2
240716-12:02:40	[INFO]	SENSOR_SIZE [mm]: 	62
240716-12:02:40	[INFO]	SENSOR_QGRADE: 	A
240716-12:08:58	[INFO]	-->> RUNNING SYNCHRONIZATION
240716-12:09:28	[INFO]	<<-- FINISHED SYNCHRONIZATION
240716-12:09:28	[INFO]	-->> READING LV VALUES BEFORE CONFIGURATION
240716-12:09:28	[INFO]	<<-- FINISHED READING LV VALUES BEFORE CONFIGURATION
240716-12:09:28	[INFO]	-->> LOADING STANDARD CONFIGURATION
240716-12:09:36	[INFO]	<<-- FINISHED LOADING STANDARD CONFIGURATION
240716-12:09:36	[INFO]	-->> READING ASICs ID
240716-12:09:37	[INFO]	<<-- FINISHED READING ASICs ID
240716-12:09:37	[INFO]	-->> LOADING DEFAULT TRIM VALUES
240716-12:10:34	[INFO]	<<-- FINISHED LOADING DEFAULT TRIM VALUES
240716-12:10:34	[INFO]	-->> READING LV VALUES AFTER CONFIGURATION
240716-12:10:44	[INFO]	<<-- FINISHED READING LV VALUES AFTER CONFIGURATION
240716-12:10:44	[INFO]	-->> READING VDDM & TEMPERATURE
240716-12:10:48	[INFO]	<<-- FINISHED READING VDDM & TEMPERATURE
240716-12:10:48	[INFO]	-->> LOADING DEFAULT TRIM VALUES
240716-12:11:47	[INFO]	<<-- FINISHED LOADING DEFAULT TRIM VALUES
240716-12:11:47	[INFO]	-->> FINDING VREF_P, VREF_N & THR@_GLB FOR CALIBRATION
240716-12:19:28	[INFO]	<<-- FINISHED FINDING VREF_P, VREF_N & THR@_GLB FOR CALIBRATION
240716-12:19:28	[INFO]	--> SETTING THE CALIBRATION PARAMETERS
240716-12:19:28	[INFO]	<<-- FINISHED SETTING THE CALIBRATION PARAMETERS
240716-12:19:28	[INFO]	-->> CALIBRATING THE MODULE
240716-12:30:01	[INFO]	CAL_ASIC_HW_ADDR_1: ftrim_XA-000-08-002-000-008-158-15_HW_1_SET_57_25_118_34_R_30_247_elect.txt
240716-12:41:07	[INFO]	CAL_ASIC_HW_ADDR_0: ftrim_XA-000-08-002-000-007-120-10_HW_0_SET_58_25_118_34_R_30_247_elect.txt
240716-12:51:26	[INFO]	CAL_ASIC_HW_ADDR_3: ftrim_XA-000-08-002-000-007-121-10_HW_3_SET_58_24_118_41_R_30_247_elect.txt
240716-13:01:37	[INFO]	CAL_ASIC_HW_ADDR_2: ftrim_XA-000-08-002-000-007-128-12_HW_2_SET_58_25_118_32_R_30_247_elect.txt
240716-13:12:44	[INFO]	CAL_ASIC_HW_ADDR_5: ftrim_XA-000-08-002-000-008-153-15_HW_5_SET_57_22_118_36_R_30_247_elect.txt
240716-13:23:01	[INFO]	CAL_ASIC_HW_ADDR_4: ftrim_XA-000-08-002-000-007-119-10_HW_4_SET_55_23_118_34_R_30_247_elect.txt
240716-13:33:36	[INFO]	CAL_ASIC_HW_ADDR_7: ftrim_XA-000-08-002-000-008-151-15_HW_7_SET_56_25_118_30_R_30_247_elect.txt
240716-13:43:46	[INFO]	CAL_ASIC_HW_ADDR_6: ftrim_XA-000-08-002-000-007-118-10_HW_6_SET_57_25_118_50_R_30_247_elect.txt
240716-13:53:26	[INFO]	CAL_ASIC_HW_ADDR_7: ftrim_XA-000-08-002-000-007-125-10_HW_7_SET_56_21_118_10_R_30_247_holes.txt
240716-14:03:18	[INFO]	CAL_ASIC_HW_ADDR_6: ftrim_XA-000-08-002-000-008-155-15_HW_6_SET_57_19_118_40_R_30_247_holes.txt
240716-14:12:59	[INFO]	CAL_ASIC_HW_ADDR_5: ftrim_XA-000-08-002-000-007-115-10_HW_5_SET_55_21_118_37_R_30_247_holes.txt
240716-14:23:52	[INFO]	CAL_ASIC_HW_ADDR_4: ftrim_XA-000-08-002-000-008-159-15_HW_4_SET_56_19_118_31_R_30_247_holes.txt
240716-14:34:39	[INFO]	CAL_ASIC_HW_ADDR_3: ftrim_XA-000-08-002-000-007-123-10_HW_3_SET_55_18_118_37_R_30_247_holes.txt
240716-14:45:18	[INFO]	CAL_ASIC_HW_ADDR_2: ftrim_XA-000-08-002-000-008-164-06_HW_2_SET_57_20_118_36_R_30_247_holes.txt
240716-14:55:02	[INFO]	CAL_ASIC_HW_ADDR_1: ftrim_XA-000-08-002-000-007-124-10_HW_1_SET_56_19_118_37_R_30_247_holes.txt
240716-15:04:38	[INFO]	CAL_ASIC_HW_ADDR_0: ftrim_XA-000-08-002-000-008-147-15_HW_0_SET_57_21_118_37_R_30_247_holes.txt
240716-15:04:38	[INFO]	<<-- FINISHED CALIBRATING THE MODULE
240716-15:04:38	[INFO]	--> SETTING THE CALIBRATION TRIM
240716-15:06:29	[INFO]	<<-- FINISHED SETTING THE CALIBRATION TRIM
240716-15:06:29	[INFO]	--> MEASURING ENC AND CHECKING CALIBRATION
240716-15:13:58	[INFO]	PSCAN_ASIC_HW_ADDR_1: pscan_240716_1506_XA-000-08-002-000-008-158-15_HW_1_SET_57_25_118_34_VP_0_255_1_NP_100_elect.txt
240716-16:49:20	MODULE_ID:	M4UL0B2010552A2_240716_1649
240716-16:49:20	[INFO]	TEST_CENTER: GSI
240716-16:49:20	[INFO]	OPERATOR_ID: Dairon Rodriguez Garces
240716-16:49:20	[INFO]	MODULE ID: 	M4UL0B2010552A2
240716-16:49:20	[INFO]	SENSOR_SIZE [mm]: 	62
240716-16:49:20	[INFO]	SENSOR_QGRADE: 	A
240716-16:49:56	[INFO]	-->> RUNNING SYNCHRONIZATION
240716-16:50:26	[INFO]	<<-- FINISHED SYNCHRONIZATION
240716-16:50:26	[INFO]	-->> READING LV VALUES BEFORE CONFIGURATION
240716-16:50:27	[INFO]	<<-- FINISHED READING LV VALUES BEFORE CONFIGURATION
240716-16:50:27	[INFO]	-->> LOADING STANDARD CONFIGURATION
240716-16:50:34	[INFO]	<<-- FINISHED LOADING STANDARD CONFIGURATION
240716-16:50:34	[INFO]	-->> READING ASICs ID
240716-16:50:35	[INFO]	<<-- FINISHED READING ASICs ID
240716-16:50:35	[INFO]	-->> LOADING DEFAULT TRIM VALUES
240716-16:51:34	[INFO]	<<-- FINISHED LOADING DEFAULT TRIM VALUES
240716-16:51:34	[INFO]	-->> READING LV VALUES AFTER CONFIGURATION
240716-16:51:44	[INFO]	<<-- FINISHED READING LV VALUES AFTER CONFIGURATION
240716-16:51:44	[INFO]	-->> READING VDDM & TEMPERATURE
240716-16:51:48	[INFO]	<<-- FINISHED READING VDDM & TEMPERATURE
240716-16:51:48	[INFO]	--> SETTING THE CALIBRATION TRIM
240716-16:53:46	[INFO]	<<-- FINISHED SETTING THE CALIBRATION TRIM
240716-16:53:46	[INFO]	--> MEASURING ENC AND CHECKING CALIBRATION
240716-17:01:03	[INFO]	PSCAN_ASIC_HW_ADDR_1: pscan_240716_1653_XA-000-08-002-000-008-158-15_HW_1_SET_57_25_118_34_VP_0_255_1_NP_100_elect.txt
240716-17:08:18	[INFO]	PSCAN_ASIC_HW_ADDR_0: pscan_240716_1701_XA-000-08-002-000-007-120-10_HW_0_SET_58_25_118_34_VP_0_255_1_NP_100_elect.txt
240716-17:15:25	[INFO]	PSCAN_ASIC_HW_ADDR_3: pscan_240716_1708_XA-000-08-002-000-007-121-10_HW_3_SET_58_24_118_41_VP_0_255_1_NP_100_elect.txt
240716-17:22:32	[INFO]	PSCAN_ASIC_HW_ADDR_2: pscan_240716_1715_XA-000-08-002-000-007-128-12_HW_2_SET_58_25_118_32_VP_0_255_1_NP_100_elect.txt
240716-17:29:34	[INFO]	PSCAN_ASIC_HW_ADDR_5: pscan_240716_1722_XA-000-08-002-000-008-153-15_HW_5_SET_57_22_118_36_VP_0_255_1_NP_100_elect.txt
240716-17:36:36	[INFO]	PSCAN_ASIC_HW_ADDR_4: pscan_240716_1729_XA-000-08-002-000-007-119-10_HW_4_SET_55_23_118_34_VP_0_255_1_NP_100_elect.txt
240716-17:43:33	[INFO]	PSCAN_ASIC_HW_ADDR_7: pscan_240716_1736_XA-000-08-002-000-008-151-15_HW_7_SET_56_25_118_30_VP_0_255_1_NP_100_elect.txt
240716-17:50:44	[INFO]	PSCAN_ASIC_HW_ADDR_6: pscan_240716_1743_XA-000-08-002-000-007-118-10_HW_6_SET_57_25_118_50_VP_0_255_1_NP_100_elect.txt
240716-17:57:50	[INFO]	PSCAN_ASIC_HW_ADDR_7: pscan_240716_1750_XA-000-08-002-000-007-125-10_HW_7_SET_56_21_118_10_VP_0_255_1_NP_100_holes.txt
240716-18:04:55	[INFO]	PSCAN_ASIC_HW_ADDR_6: pscan_240716_1757_XA-000-08-002-000-008-155-15_HW_6_SET_57_19_118_40_VP_0_255_1_NP_100_holes.txt
240716-18:11:59	[INFO]	PSCAN_ASIC_HW_ADDR_5: pscan_240716_1804_XA-000-08-002-000-007-115-10_HW_5_SET_55_21_118_37_VP_0_255_1_NP_100_holes.txt
240716-18:19:09	[INFO]	PSCAN_ASIC_HW_ADDR_4: pscan_240716_1811_XA-000-08-002-000-008-159-15_HW_4_SET_56_19_118_31_VP_0_255_1_NP_100_holes.txt
240716-18:26:18	[INFO]	PSCAN_ASIC_HW_ADDR_3: pscan_240716_1819_XA-000-08-002-000-007-123-10_HW_3_SET_55_18_118_37_VP_0_255_1_NP_100_holes.txt
240716-18:33:28	[INFO]	PSCAN_ASIC_HW_ADDR_2: pscan_240716_1826_XA-000-08-002-000-008-164-06_HW_2_SET_57_20_118_36_VP_0_255_1_NP_100_holes.txt
240716-18:40:32	[INFO]	PSCAN_ASIC_HW_ADDR_1: pscan_240716_1833_XA-000-08-002-000-007-124-10_HW_1_SET_56_19_118_37_VP_0_255_1_NP_100_holes.txt
240716-18:48:02	[INFO]	PSCAN_ASIC_HW_ADDR_0: pscan_240716_1840_XA-000-08-002-000-008-147-15_HW_0_SET_57_21_118_37_VP_0_255_1_NP_100_holes.txt
240716-18:48:02	[INFO]	<<-- FINISHED MEASURING ENC AND CHECKING CALIBRATION
240717-09:42:41	MODULE_ID:	M4UL0B2010552A2_240717_0942
240717-09:42:41	[INFO]	TEST_CENTER: GSI
240717-09:42:41	[INFO]	OPERATOR_ID: Dairon Rodriguez Garces
240717-09:42:41	[INFO]	MODULE ID: 	M4UL0B2010552A2
240717-09:42:41	[INFO]	SENSOR_SIZE [mm]: 	62
240717-09:42:41	[INFO]	SENSOR_QGRADE: 	A
240717-09:43:31	[INFO]	-->> RUNNING SYNCHRONIZATION
240717-10:00:43	MODULE_ID:	M4UL0B2010552A2_240717_1000
240717-10:00:43	[INFO]	TEST_CENTER: GSI
240717-10:00:43	[INFO]	OPERATOR_ID: Dairon Rodriguez Garces
240717-10:00:43	[INFO]	MODULE ID: 	M4UL0B2010552A2
240717-10:00:43	[INFO]	SENSOR_SIZE [mm]: 	62
240717-10:00:43	[INFO]	SENSOR_QGRADE: 	A
240717-10:01:09	[INFO]	-->> RUNNING SYNCHRONIZATION
240717-10:01:39	[INFO]	<<-- FINISHED SYNCHRONIZATION
240717-10:01:39	[INFO]	-->> READING LV VALUES BEFORE CONFIGURATION
240717-10:01:40	[INFO]	<<-- FINISHED READING LV VALUES BEFORE CONFIGURATION
240717-10:01:40	[INFO]	-->> LOADING STANDARD CONFIGURATION
240717-10:01:46	[INFO]	<<-- FINISHED LOADING STANDARD CONFIGURATION
240717-10:01:46	[INFO]	-->> READING ASICs ID
240717-10:01:47	[INFO]	<<-- FINISHED READING ASICs ID
240717-10:01:47	[INFO]	-->> LOADING DEFAULT TRIM VALUES
240717-10:02:44	[INFO]	<<-- FINISHED LOADING DEFAULT TRIM VALUES
240717-10:02:44	[INFO]	-->> READING LV VALUES AFTER CONFIGURATION
240717-10:02:54	[INFO]	<<-- FINISHED READING LV VALUES AFTER CONFIGURATION
240717-10:02:54	[INFO]	-->> READING VDDM & TEMPERATURE
240717-10:02:58	[INFO]	<<-- FINISHED READING VDDM & TEMPERATURE
240717-10:02:58	[INFO]	--> SETTING THE CALIBRATION TRIM
240717-10:04:59	[INFO]	<<-- FINISHED SETTING THE CALIBRATION TRIM
240717-10:04:59	[INFO]	--> CHECKING CHANNELS' CONNECTIVITY
240717-10:04:59	[INFO]	CONN-CHECK_ASIC_HW_ADDR_1: elect
240717-10:05:17	[INFO]	CONN-CHECK_ASIC_HW_ADDR_0: elect
240717-10:05:37	[INFO]	CONN-CHECK_ASIC_HW_ADDR_3: elect
240717-10:05:55	[INFO]	CONN-CHECK_ASIC_HW_ADDR_2: elect
240717-10:06:13	[INFO]	CONN-CHECK_ASIC_HW_ADDR_5: elect
240717-10:06:31	[INFO]	CONN-CHECK_ASIC_HW_ADDR_4: elect
240717-10:06:52	[INFO]	CONN-CHECK_ASIC_HW_ADDR_7: elect
240717-10:07:10	[INFO]	CONN-CHECK_ASIC_HW_ADDR_6: elect
240717-10:07:29	[INFO]	CONN-CHECK_ASIC_HW_ADDR_7: holes
240717-10:07:47	[INFO]	CONN-CHECK_ASIC_HW_ADDR_6: holes
240717-10:08:05	[INFO]	CONN-CHECK_ASIC_HW_ADDR_5: holes
240717-10:08:25	[INFO]	CONN-CHECK_ASIC_HW_ADDR_4: holes
240717-10:08:45	[INFO]	CONN-CHECK_ASIC_HW_ADDR_3: holes
240717-10:09:06	[INFO]	CONN-CHECK_ASIC_HW_ADDR_2: holes
240717-10:09:26	[INFO]	CONN-CHECK_ASIC_HW_ADDR_1: holes
240717-10:09:47	[INFO]	CONN-CHECK_ASIC_HW_ADDR_0: holes
240717-10:10:09	[INFO]	<<-- FINISHED CHECKING CHANNELS' CONNECTIVITY
