240802-17:16:08	MODULE_ID:	M6UL0B1010571A2
240802-17:16:08	[INFO]	TEST_CENTER: GSI
240802-17:16:08	[INFO]	OPERATOR_ID: Dairon Rodriguez Garces
240802-17:16:08	[INFO]	MODULE ID: 	M6UL0B1010571A2
240802-17:16:08	[INFO]	SENSOR_SIZE [mm]: 	62
240802-17:16:08	[INFO]	SENSOR_QGRADE: 	A
240802-17:18:30	[INFO]	-->> RUNNING SYNCHRONIZATION
240802-17:18:59	[INFO]	<<-- FINISHED SYNCHRONIZATION
240802-17:18:59	[INFO]	-->> READING LV VALUES BEFORE CONFIGURATION
240802-17:19:00	[INFO]	<<-- FINISHED READING LV VALUES BEFORE CONFIGURATION
240802-17:19:00	[INFO]	-->> LOADING STANDARD CONFIGURATION
240802-17:19:07	[INFO]	<<-- FINISHED LOADING STANDARD CONFIGURATION
240802-17:19:07	[INFO]	-->> READING ASICs ID
240802-17:19:08	[INFO]	<<-- FINISHED READING ASICs ID
240802-17:19:08	[INFO]	-->> READING LV VALUES AFTER CONFIGURATION
240802-17:19:18	[INFO]	<<-- FINISHED READING LV VALUES AFTER CONFIGURATION
240802-17:19:18	[INFO]	-->> READING VDDM & TEMPERATURE
240802-17:19:22	[INFO]	<<-- FINISHED READING VDDM & TEMPERATURE
240802-17:19:22	[INFO]	-->> LOADING DEFAULT TRIM VALUES
240802-17:20:16	[INFO]	<<-- FINISHED LOADING DEFAULT TRIM VALUES
240802-17:20:16	[INFO]	-->> FINDING VREF_P, VREF_N & THR@_GLB FOR CALIBRATION
240802-17:27:19	[INFO]	<<-- FINISHED FINDING VREF_P, VREF_N & THR@_GLB FOR CALIBRATION
240802-17:27:19	[INFO]	--> SETTING THE CALIBRATION PARAMETERS
240802-17:27:19	[INFO]	<<-- FINISHED SETTING THE CALIBRATION PARAMETERS
240802-17:27:19	[INFO]	-->> CALIBRATING THE MODULE
240802-17:36:15	[INFO]	CAL_ASIC_HW_ADDR_1: ftrim_XA-000-08-003-000-004-153-15_HW_1_SET_56_24_118_37_R_30_247_elect.txt
240802-17:45:01	[INFO]	CAL_ASIC_HW_ADDR_0: ftrim_XA-000-08-003-000-004-123-14_HW_0_SET_56_28_118_10_R_30_247_elect.txt
240802-17:53:50	[INFO]	CAL_ASIC_HW_ADDR_3: ftrim_XA-000-08-003-000-004-125-14_HW_3_SET_57_25_118_30_R_30_247_elect.txt
240802-18:02:35	[INFO]	CAL_ASIC_HW_ADDR_2: ftrim_XA-000-08-003-000-004-124-14_HW_2_SET_57_23_118_37_R_30_247_elect.txt
240802-18:11:18	[INFO]	CAL_ASIC_HW_ADDR_5: ftrim_XA-000-08-003-000-004-126-14_HW_5_SET_55_25_118_33_R_30_247_elect.txt
240802-18:20:05	[INFO]	CAL_ASIC_HW_ADDR_4: ftrim_XA-000-08-003-000-004-119-14_HW_4_SET_57_23_118_38_R_30_247_elect.txt
240802-18:28:55	[INFO]	CAL_ASIC_HW_ADDR_7: ftrim_XA-000-08-003-000-004-122-14_HW_7_SET_56_25_118_29_R_30_247_elect.txt
240802-18:37:44	[INFO]	CAL_ASIC_HW_ADDR_6: ftrim_XA-000-08-003-000-004-120-14_HW_6_SET_56_27_118_38_R_30_247_elect.txt
240802-18:46:34	[INFO]	CAL_ASIC_HW_ADDR_7: ftrim_XA-000-08-003-000-004-133-08_HW_7_SET_56_20_118_10_R_30_247_holes.txt
240802-18:55:20	[INFO]	CAL_ASIC_HW_ADDR_6: ftrim_XA-000-08-003-000-004-154-15_HW_6_SET_55_20_118_42_R_30_247_holes.txt
240802-19:04:10	[INFO]	CAL_ASIC_HW_ADDR_5: ftrim_XA-000-08-003-000-004-134-08_HW_5_SET_57_18_118_41_R_30_247_holes.txt
240802-19:13:00	[INFO]	CAL_ASIC_HW_ADDR_4: ftrim_XA-000-08-003-000-004-127-14_HW_4_SET_56_17_118_42_R_30_247_holes.txt
240802-19:21:50	[INFO]	CAL_ASIC_HW_ADDR_3: ftrim_XA-000-08-003-000-004-130-08_HW_3_SET_55_16_118_33_R_30_247_holes.txt
240802-19:30:40	[INFO]	CAL_ASIC_HW_ADDR_2: ftrim_XA-000-08-003-000-004-128-08_HW_2_SET_55_19_118_41_R_30_247_holes.txt
240802-19:39:35	[INFO]	CAL_ASIC_HW_ADDR_1: ftrim_XA-000-08-003-000-004-131-08_HW_1_SET_56_18_118_37_R_30_247_holes.txt
240802-19:48:33	[INFO]	CAL_ASIC_HW_ADDR_0: ftrim_XA-000-08-003-000-004-129-08_HW_0_SET_55_21_118_45_R_30_247_holes.txt
240802-19:48:33	[INFO]	<<-- FINISHED CALIBRATING THE MODULE
240802-19:48:33	[INFO]	--> SETTING THE CALIBRATION TRIM
240802-19:50:24	[INFO]	<<-- FINISHED SETTING THE CALIBRATION TRIM
240802-19:50:24	[INFO]	--> MEASURING ENC AND CHECKING CALIBRATION
240802-19:57:21	[INFO]	PSCAN_ASIC_HW_ADDR_1: pscan_240802_1950_XA-000-08-003-000-004-153-15_HW_1_SET_56_24_118_37_VP_0_255_1_NP_100_elect.txt
240802-20:04:19	[INFO]	PSCAN_ASIC_HW_ADDR_0: pscan_240802_1957_XA-000-08-003-000-004-123-14_HW_0_SET_56_28_118_10_VP_0_255_1_NP_100_elect.txt
240802-20:11:17	[INFO]	PSCAN_ASIC_HW_ADDR_3: pscan_240802_2004_XA-000-08-003-000-004-125-14_HW_3_SET_57_25_118_30_VP_0_255_1_NP_100_elect.txt
240802-20:18:13	[INFO]	PSCAN_ASIC_HW_ADDR_2: pscan_240802_2011_XA-000-08-003-000-004-124-14_HW_2_SET_57_23_118_37_VP_0_255_1_NP_100_elect.txt
240802-20:25:07	[INFO]	PSCAN_ASIC_HW_ADDR_5: pscan_240802_2018_XA-000-08-003-000-004-126-14_HW_5_SET_55_25_118_33_VP_0_255_1_NP_100_elect.txt
240802-20:32:01	[INFO]	PSCAN_ASIC_HW_ADDR_4: pscan_240802_2025_XA-000-08-003-000-004-119-14_HW_4_SET_57_23_118_38_VP_0_255_1_NP_100_elect.txt
240802-20:38:53	[INFO]	PSCAN_ASIC_HW_ADDR_7: pscan_240802_2032_XA-000-08-003-000-004-122-14_HW_7_SET_56_25_118_29_VP_0_255_1_NP_100_elect.txt
240802-20:45:50	[INFO]	PSCAN_ASIC_HW_ADDR_6: pscan_240802_2038_XA-000-08-003-000-004-120-14_HW_6_SET_56_27_118_38_VP_0_255_1_NP_100_elect.txt
240802-20:52:46	[INFO]	PSCAN_ASIC_HW_ADDR_7: pscan_240802_2045_XA-000-08-003-000-004-133-08_HW_7_SET_56_20_118_10_VP_0_255_1_NP_100_holes.txt
240802-20:59:43	[INFO]	PSCAN_ASIC_HW_ADDR_6: pscan_240802_2052_XA-000-08-003-000-004-154-15_HW_6_SET_55_20_118_42_VP_0_255_1_NP_100_holes.txt
240802-21:06:41	[INFO]	PSCAN_ASIC_HW_ADDR_5: pscan_240802_2059_XA-000-08-003-000-004-134-08_HW_5_SET_57_18_118_41_VP_0_255_1_NP_100_holes.txt
240802-21:13:38	[INFO]	PSCAN_ASIC_HW_ADDR_4: pscan_240802_2106_XA-000-08-003-000-004-127-14_HW_4_SET_56_17_118_42_VP_0_255_1_NP_100_holes.txt
240802-21:20:35	[INFO]	PSCAN_ASIC_HW_ADDR_3: pscan_240802_2113_XA-000-08-003-000-004-130-08_HW_3_SET_55_16_118_33_VP_0_255_1_NP_100_holes.txt
240802-21:27:31	[INFO]	PSCAN_ASIC_HW_ADDR_2: pscan_240802_2120_XA-000-08-003-000-004-128-08_HW_2_SET_55_19_118_41_VP_0_255_1_NP_100_holes.txt
240802-21:34:40	[INFO]	PSCAN_ASIC_HW_ADDR_1: pscan_240802_2127_XA-000-08-003-000-004-131-08_HW_1_SET_56_18_118_37_VP_0_255_1_NP_100_holes.txt
240802-21:42:01	[INFO]	PSCAN_ASIC_HW_ADDR_0: pscan_240802_2134_XA-000-08-003-000-004-129-08_HW_0_SET_55_21_118_45_VP_0_255_1_NP_100_holes.txt
240802-21:42:01	[INFO]	<<-- FINISHED MEASURING ENC AND CHECKING CALIBRATION
240805-09:21:49	MODULE_ID:	M6UL0B1010571A2_240805_0921
240805-09:21:49	[INFO]	TEST_CENTER: GSI
240805-09:21:49	[INFO]	OPERATOR_ID: Dairon Rodriguez Garces
240805-09:21:49	[INFO]	MODULE ID: 	M6UL0B1010571A2
240805-09:21:49	[INFO]	SENSOR_SIZE [mm]: 	62
240805-09:21:49	[INFO]	SENSOR_QGRADE: 	A
240805-09:22:30	[INFO]	-->> RUNNING SYNCHRONIZATION
240805-09:22:59	[INFO]	<<-- FINISHED SYNCHRONIZATION
240805-09:22:59	[INFO]	-->> READING LV VALUES BEFORE CONFIGURATION
240805-09:22:59	[INFO]	<<-- FINISHED READING LV VALUES BEFORE CONFIGURATION
240805-09:22:59	[INFO]	-->> LOADING STANDARD CONFIGURATION
240805-09:23:06	[INFO]	<<-- FINISHED LOADING STANDARD CONFIGURATION
240805-09:23:06	[INFO]	-->> READING ASICs ID
240805-09:23:07	[INFO]	<<-- FINISHED READING ASICs ID
240805-09:23:07	[INFO]	-->> READING LV VALUES AFTER CONFIGURATION
240805-09:23:17	[INFO]	<<-- FINISHED READING LV VALUES AFTER CONFIGURATION
240805-09:23:17	[INFO]	-->> READING VDDM & TEMPERATURE
240805-09:23:21	[INFO]	<<-- FINISHED READING VDDM & TEMPERATURE
240805-09:23:21	[INFO]	--> SETTING THE CALIBRATION TRIM
240805-09:25:13	[INFO]	<<-- FINISHED SETTING THE CALIBRATION TRIM
240805-09:25:13	[INFO]	--> CHECKING CHANNELS' CONNECTIVITY
240805-09:25:13	[INFO]	CONN-CHECK_ASIC_HW_ADDR_1: elect
240805-09:25:30	[INFO]	CONN-CHECK_ASIC_HW_ADDR_0: elect
240805-09:25:48	[INFO]	CONN-CHECK_ASIC_HW_ADDR_3: elect
240805-09:26:05	[INFO]	CONN-CHECK_ASIC_HW_ADDR_2: elect
240805-09:26:23	[INFO]	CONN-CHECK_ASIC_HW_ADDR_5: elect
240805-09:26:41	[INFO]	CONN-CHECK_ASIC_HW_ADDR_4: elect
240805-09:26:58	[INFO]	CONN-CHECK_ASIC_HW_ADDR_7: elect
240805-09:27:16	[INFO]	CONN-CHECK_ASIC_HW_ADDR_6: elect
240805-09:27:33	[INFO]	CONN-CHECK_ASIC_HW_ADDR_7: holes
240805-09:27:51	[INFO]	CONN-CHECK_ASIC_HW_ADDR_6: holes
240805-09:28:08	[INFO]	CONN-CHECK_ASIC_HW_ADDR_5: holes
240805-09:28:26	[INFO]	CONN-CHECK_ASIC_HW_ADDR_4: holes
240805-09:28:44	[INFO]	CONN-CHECK_ASIC_HW_ADDR_3: holes
240805-09:29:02	[INFO]	CONN-CHECK_ASIC_HW_ADDR_2: holes
240805-09:29:20	[INFO]	CONN-CHECK_ASIC_HW_ADDR_1: holes
240805-09:29:38	[INFO]	CONN-CHECK_ASIC_HW_ADDR_0: holes
240805-09:29:57	[INFO]	<<-- FINISHED CHECKING CHANNELS' CONNECTIVITY
240805-10:48:30	MODULE_ID:	M6UL0B1010571A2_240805_1048
240805-10:48:30	[INFO]	TEST_CENTER: GSI
240805-10:48:30	[INFO]	OPERATOR_ID: Dairon Rodriguez Garces
240805-10:48:30	[INFO]	MODULE ID: 	M6UL0B1010571A2
240805-10:48:30	[INFO]	SENSOR_SIZE [mm]: 	62
240805-10:48:30	[INFO]	SENSOR_QGRADE: 	A
240805-10:49:21	[INFO]	-->> RUNNING SYNCHRONIZATION
240805-10:51:23	MODULE_ID:	M6UL0B1010571A2_240805_1051
240805-10:51:23	[INFO]	TEST_CENTER: GSI
240805-10:51:23	[INFO]	OPERATOR_ID: Dairon Rodriguez Garces
240805-10:51:23	[INFO]	MODULE ID: 	M6UL0B1010571A2
240805-10:51:23	[INFO]	SENSOR_SIZE [mm]: 	62
240805-10:51:23	[INFO]	SENSOR_QGRADE: 	A
240805-10:52:08	[INFO]	-->> RUNNING SYNCHRONIZATION
240805-10:52:39	[INFO]	<<-- FINISHED SYNCHRONIZATION
240805-10:52:39	[INFO]	-->> READING LV VALUES BEFORE CONFIGURATION
240805-10:52:39	[INFO]	<<-- FINISHED READING LV VALUES BEFORE CONFIGURATION
240805-10:52:39	[INFO]	-->> LOADING STANDARD CONFIGURATION
240805-10:52:47	[INFO]	<<-- FINISHED LOADING STANDARD CONFIGURATION
240805-10:52:47	[INFO]	-->> READING ASICs ID
240805-10:52:48	[INFO]	<<-- FINISHED READING ASICs ID
240805-10:52:48	[INFO]	-->> READING LV VALUES AFTER CONFIGURATION
240805-10:52:58	[INFO]	<<-- FINISHED READING LV VALUES AFTER CONFIGURATION
240805-10:52:58	[INFO]	-->> READING VDDM & TEMPERATURE
240805-10:53:01	[INFO]	<<-- FINISHED READING VDDM & TEMPERATURE
240805-10:53:01	[INFO]	-->> LOADING DEFAULT TRIM VALUES
240805-10:53:09	[INFO]	<<-- FINISHED LOADING DEFAULT TRIM VALUES
240805-10:53:09	[INFO]	-->> FINDING VREF_P, VREF_N & THR@_GLB FOR CALIBRATION
240805-10:54:02	[INFO]	<<-- FINISHED FINDING VREF_P, VREF_N & THR@_GLB FOR CALIBRATION
240805-10:54:02	[INFO]	--> SETTING THE CALIBRATION PARAMETERS
240805-10:54:02	[INFO]	<<-- FINISHED SETTING THE CALIBRATION PARAMETERS
240805-10:54:02	[INFO]	-->> CALIBRATING THE MODULE
240805-11:04:17	[INFO]	CAL_ASIC_HW_ADDR_1: ftrim_XA-000-08-003-000-004-153-15_HW_1_SET_56_24_118_37_R_30_247_elect.txt
240805-11:15:50	[INFO]	CAL_ASIC_HW_ADDR_0: ftrim_XA-000-08-003-000-004-123-14_HW_0_SET_56_28_118_10_R_30_247_elect.txt
240805-11:15:50	[INFO]	<<-- FINISHED CALIBRATING THE MODULE
240805-11:15:50	[INFO]	--> SETTING THE CALIBRATION TRIM
240805-11:16:05	[INFO]	<<-- FINISHED SETTING THE CALIBRATION TRIM
240805-11:16:05	[INFO]	--> MEASURING ENC AND CHECKING CALIBRATION
240805-11:23:01	[INFO]	PSCAN_ASIC_HW_ADDR_1: pscan_240805_1116_XA-000-08-003-000-004-153-15_HW_1_SET_56_24_118_37_VP_0_255_1_NP_100_elect.txt
240805-11:30:09	[INFO]	PSCAN_ASIC_HW_ADDR_0: pscan_240805_1123_XA-000-08-003-000-004-123-14_HW_0_SET_56_28_118_10_VP_0_255_1_NP_100_elect.txt
240805-11:30:09	[INFO]	<<-- FINISHED MEASURING ENC AND CHECKING CALIBRATION
