240618-17:30:39	MODULE_ID:	M4UL6B0010340A2
240618-17:30:39	[INFO]	TEST_CENTER: GSI
240618-17:30:39	[INFO]	OPERATOR_ID: Dairon Rodriguez Garces
240618-17:30:39	[INFO]	MODULE ID: 	M4UL6B0010340A2
240618-17:30:39	[INFO]	SENSOR_SIZE [mm]: 	62
240618-17:30:39	[INFO]	SENSOR_QGRADE: 	C
240618-17:30:59	[INFO]	-->> RUNNING SYNCHRONIZATION
240618-17:31:29	[INFO]	<<-- FINISHED SYNCHRONIZATION
240618-17:31:29	[INFO]	-->> READING LV VALUES BEFORE CONFIGURATION
240618-17:31:30	[INFO]	<<-- FINISHED READING LV VALUES BEFORE CONFIGURATION
240618-17:31:30	[INFO]	-->> LOADING STANDARD CONFIGURATION
240618-17:31:37	[INFO]	<<-- FINISHED LOADING STANDARD CONFIGURATION
240618-17:31:37	[INFO]	-->> READING ASICs ID
240618-17:31:38	[INFO]	<<-- FINISHED READING ASICs ID
240618-17:31:38	[INFO]	-->> LOADING DEFAULT TRIM VALUES
240618-17:32:35	[INFO]	<<-- FINISHED LOADING DEFAULT TRIM VALUES
240618-17:32:35	[INFO]	-->> READING LV VALUES AFTER CONFIGURATION
240618-17:32:45	[INFO]	<<-- FINISHED READING LV VALUES AFTER CONFIGURATION
240618-17:32:45	[INFO]	-->> READING VDDM & TEMPERATURE
240618-17:32:49	[INFO]	<<-- FINISHED READING VDDM & TEMPERATURE
240618-17:32:49	[INFO]	-->> LOADING DEFAULT TRIM VALUES
240618-17:33:45	[INFO]	<<-- FINISHED LOADING DEFAULT TRIM VALUES
240618-17:33:45	[INFO]	-->> FINDING VREF_P, VREF_N & THR@_GLB FOR CALIBRATION
240618-17:40:51	[INFO]	<<-- FINISHED FINDING VREF_P, VREF_N & THR@_GLB FOR CALIBRATION
240618-17:40:51	[INFO]	--> SETTING THE CALIBRATION PARAMETERS
240618-17:40:51	[INFO]	<<-- FINISHED SETTING THE CALIBRATION PARAMETERS
240618-17:40:51	[INFO]	-->> CALIBRATING THE MODULE
240618-17:50:08	[INFO]	CAL_ASIC_HW_ADDR_1: ftrim_XA-000-08-002-000-005-121-09_HW_1_SET_57_25_118_38_R_30_247_elect.txt
240618-17:59:20	[INFO]	CAL_ASIC_HW_ADDR_0: ftrim_XA-000-08-002-000-000-052-07_HW_0_SET_57_30_118_40_R_30_247_elect.txt
240618-18:08:38	[INFO]	CAL_ASIC_HW_ADDR_3: ftrim_XA-000-08-002-000-005-125-09_HW_3_SET_57_25_118_37_R_30_247_elect.txt
240618-18:17:57	[INFO]	CAL_ASIC_HW_ADDR_2: ftrim_XA-000-08-002-000-000-033-00_HW_2_SET_57_27_118_37_R_30_247_elect.txt
240618-18:27:18	[INFO]	CAL_ASIC_HW_ADDR_5: ftrim_XA-000-08-002-000-005-123-09_HW_5_SET_56_25_118_34_R_30_247_elect.txt
240618-18:36:39	[INFO]	CAL_ASIC_HW_ADDR_4: ftrim_XA-000-08-002-000-000-037-00_HW_4_SET_58_26_118_33_R_30_247_elect.txt
240618-18:46:16	[INFO]	CAL_ASIC_HW_ADDR_7: ftrim_XA-000-08-002-000-005-122-09_HW_7_SET_56_28_118_34_R_30_247_elect.txt
240618-18:56:02	[INFO]	CAL_ASIC_HW_ADDR_6: ftrim_XA-000-08-002-000-000-038-00_HW_6_SET_58_28_118_57_R_30_247_elect.txt
240618-19:05:24	[INFO]	CAL_ASIC_HW_ADDR_7: ftrim_XA-000-08-002-000-005-119-09_HW_7_SET_57_23_118_10_R_30_247_holes.txt
240618-19:14:45	[INFO]	CAL_ASIC_HW_ADDR_6: ftrim_XA-000-08-002-000-000-034-00_HW_6_SET_56_23_118_44_R_30_247_holes.txt
240618-19:24:04	[INFO]	CAL_ASIC_HW_ADDR_5: ftrim_XA-000-08-002-000-005-117-09_HW_5_SET_56_21_118_39_R_30_247_holes.txt
240618-19:33:23	[INFO]	CAL_ASIC_HW_ADDR_4: ftrim_XA-000-08-002-000-000-053-07_HW_4_SET_56_22_118_41_R_30_247_holes.txt
240618-19:42:46	[INFO]	CAL_ASIC_HW_ADDR_3: ftrim_XA-000-08-002-000-005-115-09_HW_3_SET_57_19_118_36_R_30_247_holes.txt
240618-19:52:11	[INFO]	CAL_ASIC_HW_ADDR_2: ftrim_XA-000-08-002-000-000-050-07_HW_2_SET_55_24_118_41_R_30_247_holes.txt
240618-20:01:24	[INFO]	CAL_ASIC_HW_ADDR_1: ftrim_XA-000-08-002-000-005-120-09_HW_1_SET_55_18_118_35_R_30_247_holes.txt
240618-20:10:57	[INFO]	CAL_ASIC_HW_ADDR_0: ftrim_XA-000-08-002-000-000-046-00_HW_0_SET_56_24_118_40_R_30_247_holes.txt
240618-20:10:57	[INFO]	<<-- FINISHED CALIBRATING THE MODULE
240618-20:10:57	[INFO]	--> SETTING THE CALIBRATION TRIM
240618-20:12:54	[INFO]	<<-- FINISHED SETTING THE CALIBRATION TRIM
240618-20:12:54	[INFO]	--> MEASURING ENC AND CHECKING CALIBRATION
240618-20:20:06	[INFO]	PSCAN_ASIC_HW_ADDR_1: pscan_240618_2012_XA-000-08-002-000-005-121-09_HW_1_SET_57_25_118_38_VP_0_255_1_NP_100_elect.txt
240618-20:27:15	[INFO]	PSCAN_ASIC_HW_ADDR_0: pscan_240618_2020_XA-000-08-002-000-000-052-07_HW_0_SET_57_30_118_40_VP_0_255_1_NP_100_elect.txt
240618-20:34:30	[INFO]	PSCAN_ASIC_HW_ADDR_3: pscan_240618_2027_XA-000-08-002-000-005-125-09_HW_3_SET_57_25_118_37_VP_0_255_1_NP_100_elect.txt
240618-20:41:50	[INFO]	PSCAN_ASIC_HW_ADDR_2: pscan_240618_2034_XA-000-08-002-000-000-033-00_HW_2_SET_57_27_118_37_VP_0_255_1_NP_100_elect.txt
240618-20:49:14	[INFO]	PSCAN_ASIC_HW_ADDR_5: pscan_240618_2041_XA-000-08-002-000-005-123-09_HW_5_SET_56_25_118_34_VP_0_255_1_NP_100_elect.txt
240618-20:56:31	[INFO]	PSCAN_ASIC_HW_ADDR_4: pscan_240618_2049_XA-000-08-002-000-000-037-00_HW_4_SET_58_26_118_33_VP_0_255_1_NP_100_elect.txt
240618-21:03:54	[INFO]	PSCAN_ASIC_HW_ADDR_7: pscan_240618_2056_XA-000-08-002-000-005-122-09_HW_7_SET_56_28_118_34_VP_0_255_1_NP_100_elect.txt
240618-21:11:19	[INFO]	PSCAN_ASIC_HW_ADDR_6: pscan_240618_2103_XA-000-08-002-000-000-038-00_HW_6_SET_58_28_118_57_VP_0_255_1_NP_100_elect.txt
240618-21:18:42	[INFO]	PSCAN_ASIC_HW_ADDR_7: pscan_240618_2111_XA-000-08-002-000-005-119-09_HW_7_SET_57_23_118_10_VP_0_255_1_NP_100_holes.txt
240618-21:26:03	[INFO]	PSCAN_ASIC_HW_ADDR_6: pscan_240618_2118_XA-000-08-002-000-000-034-00_HW_6_SET_56_23_118_44_VP_0_255_1_NP_100_holes.txt
240618-21:33:28	[INFO]	PSCAN_ASIC_HW_ADDR_5: pscan_240618_2126_XA-000-08-002-000-005-117-09_HW_5_SET_56_21_118_39_VP_0_255_1_NP_100_holes.txt
240618-21:40:51	[INFO]	PSCAN_ASIC_HW_ADDR_4: pscan_240618_2133_XA-000-08-002-000-000-053-07_HW_4_SET_56_22_118_41_VP_0_255_1_NP_100_holes.txt
240618-21:48:15	[INFO]	PSCAN_ASIC_HW_ADDR_3: pscan_240618_2140_XA-000-08-002-000-005-115-09_HW_3_SET_57_19_118_36_VP_0_255_1_NP_100_holes.txt
240618-21:55:41	[INFO]	PSCAN_ASIC_HW_ADDR_2: pscan_240618_2148_XA-000-08-002-000-000-050-07_HW_2_SET_55_24_118_41_VP_0_255_1_NP_100_holes.txt
240618-22:02:58	[INFO]	PSCAN_ASIC_HW_ADDR_1: pscan_240618_2155_XA-000-08-002-000-005-120-09_HW_1_SET_55_18_118_35_VP_0_255_1_NP_100_holes.txt
240618-22:10:44	[INFO]	PSCAN_ASIC_HW_ADDR_0: pscan_240618_2202_XA-000-08-002-000-000-046-00_HW_0_SET_56_24_118_40_VP_0_255_1_NP_100_holes.txt
240618-22:10:44	[INFO]	<<-- FINISHED MEASURING ENC AND CHECKING CALIBRATION
240619-09:41:45	MODULE_ID:	M4UL6B0010340A2_240619_0941
240619-09:41:45	[INFO]	TEST_CENTER: GSI
240619-09:41:45	[INFO]	OPERATOR_ID: Dairon Rodriguez Garces
240619-09:41:45	[INFO]	MODULE ID: 	M4UL6B0010340A2
240619-09:41:45	[INFO]	SENSOR_SIZE [mm]: 	62
240619-09:41:45	[INFO]	SENSOR_QGRADE: 	C
240619-09:42:05	[INFO]	-->> RUNNING SYNCHRONIZATION
240619-09:42:36	[INFO]	<<-- FINISHED SYNCHRONIZATION
240619-09:42:36	[INFO]	-->> READING LV VALUES BEFORE CONFIGURATION
240619-09:42:36	[INFO]	<<-- FINISHED READING LV VALUES BEFORE CONFIGURATION
240619-09:42:36	[INFO]	-->> LOADING STANDARD CONFIGURATION
240619-09:42:43	[INFO]	<<-- FINISHED LOADING STANDARD CONFIGURATION
240619-09:42:43	[INFO]	-->> READING ASICs ID
240619-09:42:44	[INFO]	<<-- FINISHED READING ASICs ID
240619-09:42:44	[INFO]	-->> LOADING DEFAULT TRIM VALUES
240619-09:43:45	[INFO]	<<-- FINISHED LOADING DEFAULT TRIM VALUES
240619-09:43:45	[INFO]	-->> READING LV VALUES AFTER CONFIGURATION
240619-09:43:55	[INFO]	<<-- FINISHED READING LV VALUES AFTER CONFIGURATION
240619-09:43:55	[INFO]	-->> READING VDDM & TEMPERATURE
240619-09:43:58	[INFO]	<<-- FINISHED READING VDDM & TEMPERATURE
240619-09:43:58	[INFO]	--> SETTING THE CALIBRATION TRIM
240619-09:46:01	[INFO]	<<-- FINISHED SETTING THE CALIBRATION TRIM
240619-09:46:01	[INFO]	--> CHECKING CHANNELS' CONNECTIVITY
240619-09:46:01	[INFO]	CONN-CHECK_ASIC_HW_ADDR_1: elect
240619-09:46:20	[INFO]	CONN-CHECK_ASIC_HW_ADDR_0: elect
240619-09:46:39	[INFO]	CONN-CHECK_ASIC_HW_ADDR_3: elect
240619-09:46:58	[INFO]	CONN-CHECK_ASIC_HW_ADDR_2: elect
240619-09:47:17	[INFO]	CONN-CHECK_ASIC_HW_ADDR_5: elect
240619-09:47:36	[INFO]	CONN-CHECK_ASIC_HW_ADDR_4: elect
240619-09:47:55	[INFO]	CONN-CHECK_ASIC_HW_ADDR_7: elect
240619-09:48:13	[INFO]	CONN-CHECK_ASIC_HW_ADDR_6: elect
240619-09:48:32	[INFO]	CONN-CHECK_ASIC_HW_ADDR_7: holes
240619-09:48:51	[INFO]	CONN-CHECK_ASIC_HW_ADDR_6: holes
240619-09:49:10	[INFO]	CONN-CHECK_ASIC_HW_ADDR_5: holes
240619-09:49:29	[INFO]	CONN-CHECK_ASIC_HW_ADDR_4: holes
240619-09:49:47	[INFO]	CONN-CHECK_ASIC_HW_ADDR_3: holes
240619-09:50:05	[INFO]	CONN-CHECK_ASIC_HW_ADDR_2: holes
240619-09:50:24	[INFO]	CONN-CHECK_ASIC_HW_ADDR_1: holes
240619-09:50:42	[INFO]	CONN-CHECK_ASIC_HW_ADDR_0: holes
240619-09:50:59	[INFO]	<<-- FINISHED CHECKING CHANNELS' CONNECTIVITY
