240802-10:13:39	MODULE_ID:	M6DL4B0001200B2
240802-10:13:39	[INFO]	TEST_CENTER: GSI
240802-10:13:39	[INFO]	OPERATOR_ID: Dairon Rodriguez Garces
240802-10:13:39	[INFO]	MODULE ID: 	M6DL4B0001200B2
240802-10:13:39	[INFO]	SENSOR_SIZE [mm]: 	22
240802-10:13:39	[INFO]	SENSOR_QGRADE: 	B
240802-10:16:22	[INFO]	-->> RUNNING SYNCHRONIZATION
240802-10:16:52	[INFO]	<<-- FINISHED SYNCHRONIZATION
240802-10:16:52	[INFO]	-->> READING LV VALUES BEFORE CONFIGURATION
240802-10:16:52	[INFO]	<<-- FINISHED READING LV VALUES BEFORE CONFIGURATION
240802-10:16:52	[INFO]	-->> LOADING STANDARD CONFIGURATION
240802-10:16:59	[INFO]	<<-- FINISHED LOADING STANDARD CONFIGURATION
240802-10:16:59	[INFO]	-->> READING ASICs ID
240802-10:17:00	[INFO]	<<-- FINISHED READING ASICs ID
240802-10:17:00	[INFO]	-->> READING LV VALUES AFTER CONFIGURATION
240802-10:17:10	[INFO]	<<-- FINISHED READING LV VALUES AFTER CONFIGURATION
240802-10:17:10	[INFO]	-->> READING VDDM & TEMPERATURE
240802-10:17:13	[INFO]	<<-- FINISHED READING VDDM & TEMPERATURE
240802-10:17:13	[INFO]	-->> LOADING DEFAULT TRIM VALUES
240802-10:18:09	[INFO]	<<-- FINISHED LOADING DEFAULT TRIM VALUES
240802-10:18:09	[INFO]	-->> FINDING VREF_P, VREF_N & THR@_GLB FOR CALIBRATION
240802-10:25:02	[INFO]	<<-- FINISHED FINDING VREF_P, VREF_N & THR@_GLB FOR CALIBRATION
240802-10:25:02	[INFO]	--> SETTING THE CALIBRATION PARAMETERS
240802-10:25:02	[INFO]	<<-- FINISHED SETTING THE CALIBRATION PARAMETERS
240802-10:25:02	[INFO]	-->> CALIBRATING THE MODULE
240802-10:33:53	[INFO]	CAL_ASIC_HW_ADDR_7: ftrim_XA-000-08-002-001-008-219-02_HW_7_SET_57_22_118_36_R_30_247_elect.txt
240802-10:42:36	[INFO]	CAL_ASIC_HW_ADDR_6: ftrim_XA-000-08-002-001-007-240-08_HW_6_SET_57_22_118_36_R_30_247_elect.txt
240802-10:52:09	[INFO]	CAL_ASIC_HW_ADDR_5: ftrim_XA-000-08-002-001-007-212-06_HW_5_SET_57_22_118_35_R_30_247_elect.txt
240802-11:01:12	[INFO]	CAL_ASIC_HW_ADDR_4: ftrim_XA-000-08-002-001-007-242-08_HW_4_SET_58_24_118_36_R_30_247_elect.txt
240802-11:10:06	[INFO]	CAL_ASIC_HW_ADDR_3: ftrim_XA-000-08-002-001-007-216-06_HW_3_SET_56_24_118_35_R_30_247_elect.txt
240802-11:18:55	[INFO]	CAL_ASIC_HW_ADDR_2: ftrim_XA-000-08-002-002-007-028-08_HW_2_SET_56_24_118_38_R_30_247_elect.txt
240802-11:27:44	[INFO]	CAL_ASIC_HW_ADDR_1: ftrim_XA-000-08-002-001-007-217-06_HW_1_SET_58_24_118_34_R_30_247_elect.txt
240802-11:36:32	[INFO]	CAL_ASIC_HW_ADDR_0: ftrim_XA-000-08-002-001-007-215-06_HW_0_SET_56_24_118_32_R_30_247_elect.txt
240802-11:45:21	[INFO]	CAL_ASIC_HW_ADDR_1: ftrim_XA-000-08-002-001-008-227-11_HW_1_SET_58_18_118_41_R_30_247_holes.txt
240802-11:54:09	[INFO]	CAL_ASIC_HW_ADDR_0: ftrim_XA-000-08-002-001-008-229-11_HW_0_SET_55_19_118_41_R_30_247_holes.txt
240802-12:02:54	[INFO]	CAL_ASIC_HW_ADDR_3: ftrim_XA-000-08-002-001-008-190-09_HW_3_SET_56_20_118_47_R_30_247_holes.txt
240802-12:11:42	[INFO]	CAL_ASIC_HW_ADDR_2: ftrim_XA-000-08-002-001-008-221-02_HW_2_SET_57_18_118_43_R_30_247_holes.txt
240802-12:20:30	[INFO]	CAL_ASIC_HW_ADDR_5: ftrim_XA-000-08-002-001-008-206-05_HW_5_SET_57_16_118_49_R_30_247_holes.txt
240802-12:29:19	[INFO]	CAL_ASIC_HW_ADDR_4: ftrim_XA-000-08-002-001-008-224-11_HW_4_SET_56_18_118_38_R_30_247_holes.txt
240802-12:38:08	[INFO]	CAL_ASIC_HW_ADDR_7: ftrim_XA-000-08-002-001-008-225-11_HW_7_SET_55_19_118_39_R_30_247_holes.txt
240802-12:47:03	[INFO]	CAL_ASIC_HW_ADDR_6: ftrim_XA-000-08-002-001-008-230-11_HW_6_SET_55_18_118_42_R_30_247_holes.txt
240802-12:47:03	[INFO]	<<-- FINISHED CALIBRATING THE MODULE
240802-12:47:03	[INFO]	--> SETTING THE CALIBRATION TRIM
240802-12:48:53	[INFO]	<<-- FINISHED SETTING THE CALIBRATION TRIM
240802-12:48:53	[INFO]	--> MEASURING ENC AND CHECKING CALIBRATION
240802-12:55:46	[INFO]	PSCAN_ASIC_HW_ADDR_7: pscan_240802_1248_XA-000-08-002-001-008-219-02_HW_7_SET_57_22_118_36_VP_0_255_1_NP_100_elect.txt
240802-13:02:50	[INFO]	PSCAN_ASIC_HW_ADDR_6: pscan_240802_1255_XA-000-08-002-001-007-240-08_HW_6_SET_57_22_118_36_VP_0_255_1_NP_100_elect.txt
240802-13:09:54	[INFO]	PSCAN_ASIC_HW_ADDR_5: pscan_240802_1302_XA-000-08-002-001-007-212-06_HW_5_SET_57_22_118_35_VP_0_255_1_NP_100_elect.txt
240802-13:16:55	[INFO]	PSCAN_ASIC_HW_ADDR_4: pscan_240802_1309_XA-000-08-002-001-007-242-08_HW_4_SET_58_24_118_36_VP_0_255_1_NP_100_elect.txt
240802-13:23:52	[INFO]	PSCAN_ASIC_HW_ADDR_3: pscan_240802_1316_XA-000-08-002-001-007-216-06_HW_3_SET_56_24_118_35_VP_0_255_1_NP_100_elect.txt
240802-13:30:48	[INFO]	PSCAN_ASIC_HW_ADDR_2: pscan_240802_1323_XA-000-08-002-002-007-028-08_HW_2_SET_56_24_118_38_VP_0_255_1_NP_100_elect.txt
240802-13:37:43	[INFO]	PSCAN_ASIC_HW_ADDR_1: pscan_240802_1330_XA-000-08-002-001-007-217-06_HW_1_SET_58_24_118_34_VP_0_255_1_NP_100_elect.txt
240802-13:44:40	[INFO]	PSCAN_ASIC_HW_ADDR_0: pscan_240802_1337_XA-000-08-002-001-007-215-06_HW_0_SET_56_24_118_32_VP_0_255_1_NP_100_elect.txt
240802-13:51:37	[INFO]	PSCAN_ASIC_HW_ADDR_1: pscan_240802_1344_XA-000-08-002-001-008-227-11_HW_1_SET_58_18_118_41_VP_0_255_1_NP_100_holes.txt
240802-13:58:31	[INFO]	PSCAN_ASIC_HW_ADDR_0: pscan_240802_1351_XA-000-08-002-001-008-229-11_HW_0_SET_55_19_118_41_VP_0_255_1_NP_100_holes.txt
240802-14:05:26	[INFO]	PSCAN_ASIC_HW_ADDR_3: pscan_240802_1358_XA-000-08-002-001-008-190-09_HW_3_SET_56_20_118_47_VP_0_255_1_NP_100_holes.txt
240802-14:12:26	[INFO]	PSCAN_ASIC_HW_ADDR_2: pscan_240802_1405_XA-000-08-002-001-008-221-02_HW_2_SET_57_18_118_43_VP_0_255_1_NP_100_holes.txt
240802-14:19:23	[INFO]	PSCAN_ASIC_HW_ADDR_5: pscan_240802_1412_XA-000-08-002-001-008-206-05_HW_5_SET_57_16_118_49_VP_0_255_1_NP_100_holes.txt
240802-14:26:22	[INFO]	PSCAN_ASIC_HW_ADDR_4: pscan_240802_1419_XA-000-08-002-001-008-224-11_HW_4_SET_56_18_118_38_VP_0_255_1_NP_100_holes.txt
240802-14:33:19	[INFO]	PSCAN_ASIC_HW_ADDR_7: pscan_240802_1426_XA-000-08-002-001-008-225-11_HW_7_SET_55_19_118_39_VP_0_255_1_NP_100_holes.txt
240802-14:40:19	[INFO]	PSCAN_ASIC_HW_ADDR_6: pscan_240802_1433_XA-000-08-002-001-008-230-11_HW_6_SET_55_18_118_42_VP_0_255_1_NP_100_holes.txt
240802-14:40:19	[INFO]	<<-- FINISHED MEASURING ENC AND CHECKING CALIBRATION
