231208-18:46:31	MODULE_ID:	M3DL3T0001120A2
231208-18:46:31	[INFO]	MODULE ID: 	M3DL3T0001120A2
231208-18:46:46	[INFO]	-->> RUNNING SYNCHRONIZATION
231208-18:47:37	MODULE_ID:	M3DL3T0001120A2
231208-18:47:39	[INFO]	MODULE ID: 	M3DL3T0001120A2
231208-18:47:58	[INFO]	-->> RUNNING SYNCHRONIZATION
231208-18:48:49	MODULE_ID:	M3DL3T0001120A2
231208-18:48:51	[INFO]	MODULE ID: 	M3DL3T0001120A2
231208-18:49:01	[INFO]	-->> RUNNING SYNCHRONIZATION
231208-18:49:26	[INFO]	<<-- FINISHED SYNCHRONIZATION
231208-18:49:26	[INFO]	-->> READING LV VALUES BEFORE CONFIGURATION
231208-18:49:27	[INFO]	<<-- FINISHED READING LV VALUES BEFORE CONFIGURATION
231208-18:49:27	[INFO]	-->> LOADING STANDARD CONFIGURATION
231208-18:49:32	[INFO]	<<-- FINISHED LOADING STANDARD CONFIGURATION
231208-18:49:32	[INFO]	-->> READING ASICs ID
231208-18:49:33	[INFO]	<<-- FINISHED READING ASICs ID
231208-18:49:33	[INFO]	-->> READING LV VALUES AFTER CONFIGURATION
231208-18:49:44	[INFO]	<<-- FINISHED READING LV VALUES AFTER CONFIGURATION
231208-18:49:44	[INFO]	-->> QA LV 1.2 N-side: OK
231208-18:49:44	[INFO]	-->> QA LV 1.8 N-side: OK
231208-18:49:44	[INFO]	-->> QA LV 1.2 P-side: OK
231208-18:49:44	[INFO]	-->> QA LV 1.8 P-side: OK
231208-18:49:44	[INFO]	-->> READING VDDM & TEMPERATURE
231208-18:49:50	[INFO]	<<-- FINISHED READING VDDM & TEMPERATURE
231208-18:49:50	[INFO]	-->> LOADING DEFAULT TRIM VALUES
231208-18:52:34	MODULE_ID:	M3DL3T0001120A2
231208-18:52:36	[INFO]	MODULE ID: 	M3DL3T0001120A2
231208-18:52:51	[INFO]	-->> RUNNING SYNCHRONIZATION
231208-18:53:17	[INFO]	<<-- FINISHED SYNCHRONIZATION
231208-18:53:17	[INFO]	-->> READING LV VALUES BEFORE CONFIGURATION
231208-18:53:18	[INFO]	<<-- FINISHED READING LV VALUES BEFORE CONFIGURATION
231208-18:53:18	[INFO]	-->> LOADING STANDARD CONFIGURATION
231208-18:53:22	[INFO]	<<-- FINISHED LOADING STANDARD CONFIGURATION
231208-18:53:22	[INFO]	-->> READING ASICs ID
231208-18:53:23	[INFO]	<<-- FINISHED READING ASICs ID
231208-18:53:23	[INFO]	-->> READING LV VALUES AFTER CONFIGURATION
231208-18:53:34	[INFO]	<<-- FINISHED READING LV VALUES AFTER CONFIGURATION
231208-18:53:35	[INFO]	-->> QA LV 1.2 N-side: OK
231208-18:53:35	[INFO]	-->> QA LV 1.8 N-side: OK
231208-18:53:35	[INFO]	-->> QA LV 1.2 P-side: OK
231208-18:53:35	[INFO]	-->> QA LV 1.8 P-side: OK
231208-18:53:35	[INFO]	-->> READING VDDM & TEMPERATURE
231208-18:53:41	[INFO]	<<-- FINISHED READING VDDM & TEMPERATURE
231208-18:53:41	[INFO]	-->> LOADING DEFAULT TRIM VALUES
231208-18:54:21	[INFO]	<<-- FINISHED LOADING DEFAULT TRIM VALUES
231208-18:54:21	[INFO]	-->> FINDING VREF_P, VREF_N & THR@_GLB FOR CALIBRATION
231208-18:57:42	[INFO]	<<-- FINISHED FINDING VREF_P, VREF_N & THR@_GLB FOR CALIBRATION
231208-18:57:42	[INFO]	--> SETTING THE CALIBRATION PARAMETERS
231208-18:57:42	[INFO]	<<-- FINISHED SETTING THE CALIBRATION PARAMETERS
231208-18:57:42	[INFO]	-->> CALIBRATING THE MODULE
231208-19:04:10	[INFO]	--> CALIBRATED ASIC with HW ADDRESS 0 in elect
231208-19:10:39	[INFO]	--> CALIBRATED ASIC with HW ADDRESS 1 in elect
231208-19:17:06	[INFO]	--> CALIBRATED ASIC with HW ADDRESS 2 in elect
231208-19:23:29	[INFO]	--> CALIBRATED ASIC with HW ADDRESS 3 in elect
231208-19:29:57	[INFO]	--> CALIBRATED ASIC with HW ADDRESS 4 in elect
231208-19:36:27	[INFO]	--> CALIBRATED ASIC with HW ADDRESS 5 in elect
231208-19:42:57	[INFO]	--> CALIBRATED ASIC with HW ADDRESS 6 in elect
231208-19:49:20	[INFO]	--> CALIBRATED ASIC with HW ADDRESS 7 in elect
231208-19:55:49	[INFO]	--> CALIBRATED ASIC with HW ADDRESS 0 in holes
231208-20:02:23	[INFO]	--> CALIBRATED ASIC with HW ADDRESS 1 in holes
231208-20:08:55	[INFO]	--> CALIBRATED ASIC with HW ADDRESS 2 in holes
231208-20:15:26	[INFO]	--> CALIBRATED ASIC with HW ADDRESS 3 in holes
231208-20:21:56	[INFO]	--> CALIBRATED ASIC with HW ADDRESS 4 in holes
231208-20:28:25	[INFO]	--> CALIBRATED ASIC with HW ADDRESS 5 in holes
231208-20:34:54	[INFO]	--> CALIBRATED ASIC with HW ADDRESS 6 in holes
231208-20:41:22	[INFO]	--> CALIBRATED ASIC with HW ADDRESS 7 in holes
231208-20:41:22	[INFO]	<<-- FINISHED CALIBRATING THE MODULE
231208-20:41:22	[INFO]	--> SETTING THE CALIBRATION TRIM
231208-20:42:44	[INFO]	<<-- FINISHED SETTING THE CALIBRATION TRIM
231208-20:42:44	[INFO]	--> MEASURING ENC AND CHECKING CALIBRATION
231208-22:10:34	[INFO]	<<-- FINISHED MEASURING ENC AND CHECKING CALIBRATION
231209-19:10:26	MODULE_ID:	M3DL3T0001120A2_231209_1910
231209-19:10:28	[INFO]	MODULE ID: 	M3DL3T0001120A2
231209-19:10:45	[INFO]	-->> RUNNING SYNCHRONIZATION
231209-19:11:11	[INFO]	<<-- FINISHED SYNCHRONIZATION
231209-19:11:11	[INFO]	-->> READING LV VALUES BEFORE CONFIGURATION
231209-19:11:11	[INFO]	<<-- FINISHED READING LV VALUES BEFORE CONFIGURATION
231209-19:11:11	[INFO]	-->> LOADING STANDARD CONFIGURATION
231209-19:11:16	[INFO]	<<-- FINISHED LOADING STANDARD CONFIGURATION
231209-19:11:16	[INFO]	-->> READING ASICs ID
231209-19:11:17	[INFO]	<<-- FINISHED READING ASICs ID
231209-19:11:17	[INFO]	-->> READING LV VALUES AFTER CONFIGURATION
231209-19:11:28	[INFO]	<<-- FINISHED READING LV VALUES AFTER CONFIGURATION
231209-19:11:28	[INFO]	-->> LV 1.2 N-side current consumption below 1[A]
231209-19:11:28	[INFO]	-->> LV 1.8 N-side current consumption below 1[A]
231209-19:11:52	[INFO]	-->> QA LV 1.2 P-side: OK
231209-19:11:52	[INFO]	-->> QA LV 1.8 P-side: OK
231209-19:11:52	[INFO]	-->> READING VDDM & TEMPERATURE
231209-19:11:59	[INFO]	<<-- FINISHED READING VDDM & TEMPERATURE
231209-19:11:59	[INFO]	--> SETTING THE CALIBRATION TRIM
231209-19:13:18	[INFO]	<<-- FINISHED SETTING THE CALIBRATION TRIM
231209-19:13:18	[INFO]	--> CHECKING CHANNELS' CONNECTIVITY
231209-19:19:59	[INFO]	<<-- FINISHED CHECKING CHANNELS' CONNECTIVITY
240105-17:00:45	MODULE_ID:	M3DL3T0001120A2_240105_1700
240105-17:00:47	[INFO]	MODULE ID: 	M3DL3T0001120A2
240105-17:01:05	[INFO]	-->> RUNNING SYNCHRONIZATION
240105-17:01:30	[INFO]	<<-- FINISHED SYNCHRONIZATION
240105-17:01:30	[INFO]	-->> LOADING STANDARD CONFIGURATION
240105-17:01:31	[INFO]	<<-- FINISHED LOADING STANDARD CONFIGURATION
240105-17:01:31	[INFO]	-->> READING ASICs ID
240105-17:01:32	[INFO]	<<-- FINISHED READING ASICs ID
240105-17:01:32	[INFO]	-->> READING LV VALUES AFTER CONFIGURATION
240105-17:01:42	[INFO]	<<-- FINISHED READING LV VALUES AFTER CONFIGURATION
240105-17:01:42	[INFO]	-->> QA LV 1.2 N-side: OK
240105-17:01:42	[INFO]	-->> QA LV 1.8 N-side: OK
240105-17:01:43	[INFO]	-->> QA LV 1.2 P-side: OK
240105-17:01:43	[INFO]	-->> QA LV 1.8 P-side: OK
240105-17:01:43	[INFO]	-->> READING VDDM & TEMPERATURE
240105-17:01:49	[INFO]	<<-- FINISHED READING VDDM & TEMPERATURE
240105-17:12:59	MODULE_ID:	M3DL3T0001120A2_240105_1713
240105-17:13:00	[INFO]	MODULE ID: 	M3DL3T0001120A2
240105-17:13:18	[INFO]	-->> RUNNING SYNCHRONIZATION
240105-17:13:43	[INFO]	<<-- FINISHED SYNCHRONIZATION
240105-17:13:43	[INFO]	-->> LOADING STANDARD CONFIGURATION
240105-17:13:44	[INFO]	<<-- FINISHED LOADING STANDARD CONFIGURATION
240105-17:13:44	[INFO]	-->> READING ASICs ID
240105-17:13:45	[INFO]	<<-- FINISHED READING ASICs ID
240105-17:13:45	[INFO]	-->> READING LV VALUES AFTER CONFIGURATION
240105-17:13:55	[INFO]	<<-- FINISHED READING LV VALUES AFTER CONFIGURATION
240105-17:13:55	[INFO]	-->> QA LV 1.2 N-side: OK
240105-17:13:56	[INFO]	-->> QA LV 1.8 N-side: OK
240105-17:13:56	[INFO]	-->> QA LV 1.2 P-side: OK
240105-17:13:56	[INFO]	-->> QA LV 1.8 P-side: OK
240105-17:13:56	[INFO]	-->> READING VDDM & TEMPERATURE
240105-17:14:02	[INFO]	<<-- FINISHED READING VDDM & TEMPERATURE
240105-17:14:02	[INFO]	-->> LOADING DEFAULT TRIM VALUES
240105-17:14:41	[INFO]	<<-- FINISHED LOADING DEFAULT TRIM VALUES
240105-17:14:41	[INFO]	-->> FINDING VREF_P, VREF_N & THR@_GLB FOR CALIBRATION
240105-17:20:15	[INFO]	<<-- FINISHED FINDING VREF_P, VREF_N & THR@_GLB FOR CALIBRATION
240105-17:20:15	[INFO]	--> SETTING THE CALIBRATION PARAMETERS
240105-17:20:15	[INFO]	<<-- FINISHED SETTING THE CALIBRATION PARAMETERS
240105-17:20:15	[INFO]	-->> CALIBRATING THE MODULE
240105-17:26:47	[INFO]	--> CALIBRATED ASIC with HW ADDRESS 0 in elect
240105-17:33:18	[INFO]	--> CALIBRATED ASIC with HW ADDRESS 1 in elect
240105-17:39:46	[INFO]	--> CALIBRATED ASIC with HW ADDRESS 2 in elect
240105-17:46:11	[INFO]	--> CALIBRATED ASIC with HW ADDRESS 3 in elect
240105-17:52:35	[INFO]	--> CALIBRATED ASIC with HW ADDRESS 4 in elect
240105-17:59:04	[INFO]	--> CALIBRATED ASIC with HW ADDRESS 5 in elect
240105-18:05:31	[INFO]	--> CALIBRATED ASIC with HW ADDRESS 6 in elect
240105-18:11:54	[INFO]	--> CALIBRATED ASIC with HW ADDRESS 7 in elect
240105-18:18:19	[INFO]	--> CALIBRATED ASIC with HW ADDRESS 0 in holes
240105-18:24:45	[INFO]	--> CALIBRATED ASIC with HW ADDRESS 1 in holes
240105-18:31:12	[INFO]	--> CALIBRATED ASIC with HW ADDRESS 2 in holes
240105-18:37:40	[INFO]	--> CALIBRATED ASIC with HW ADDRESS 3 in holes
240105-18:44:03	[INFO]	--> CALIBRATED ASIC with HW ADDRESS 4 in holes
240105-18:50:32	[INFO]	--> CALIBRATED ASIC with HW ADDRESS 5 in holes
240105-18:57:00	[INFO]	--> CALIBRATED ASIC with HW ADDRESS 6 in holes
240105-19:03:26	[INFO]	--> CALIBRATED ASIC with HW ADDRESS 7 in holes
240105-19:03:26	[INFO]	<<-- FINISHED CALIBRATING THE MODULE
240105-19:03:26	[INFO]	--> SETTING THE CALIBRATION TRIM
240105-19:04:45	[INFO]	<<-- FINISHED SETTING THE CALIBRATION TRIM
240105-19:04:45	[INFO]	--> MEASURING ENC AND CHECKING CALIBRATION
240105-20:31:41	[INFO]	<<-- FINISHED MEASURING ENC AND CHECKING CALIBRATION
240106-00:58:08	MODULE_ID:	M3DL3T0001120A2_240106_0058
240106-00:58:11	[INFO]	MODULE ID: 	M3DL3T0001120A2
240106-00:58:45	[INFO]	-->> RUNNING SYNCHRONIZATION
240106-00:59:11	[INFO]	<<-- FINISHED SYNCHRONIZATION
240106-00:59:11	[INFO]	-->> LOADING STANDARD CONFIGURATION
240106-00:59:11	[INFO]	<<-- FINISHED LOADING STANDARD CONFIGURATION
240106-00:59:11	[INFO]	-->> READING ASICs ID
240106-00:59:12	[INFO]	<<-- FINISHED READING ASICs ID
240106-00:59:12	[INFO]	-->> READING LV VALUES AFTER CONFIGURATION
240106-00:59:23	[INFO]	<<-- FINISHED READING LV VALUES AFTER CONFIGURATION
240106-00:59:23	[INFO]	-->> QA LV 1.2 N-side: OK
240106-00:59:23	[INFO]	-->> QA LV 1.8 N-side: OK
240106-00:59:23	[INFO]	-->> QA LV 1.2 P-side: OK
240106-00:59:23	[INFO]	-->> QA LV 1.8 P-side: OK
240106-00:59:23	[INFO]	-->> READING VDDM & TEMPERATURE
240106-00:59:29	[INFO]	<<-- FINISHED READING VDDM & TEMPERATURE
240106-00:59:29	[INFO]	--> SETTING THE CALIBRATION TRIM
240106-01:00:48	[INFO]	<<-- FINISHED SETTING THE CALIBRATION TRIM
240106-01:00:48	[INFO]	--> CHECKING ENC LONG RUN STABILITY 
240106-01:12:56	[INFO]	--> RUN 0 of CHECKING ENC LONG RUN STABILITY 
240106-01:24:53	[INFO]	--> RUN 1 of CHECKING ENC LONG RUN STABILITY 
240106-01:36:47	[INFO]	--> RUN 2 of CHECKING ENC LONG RUN STABILITY 
240106-01:48:54	[INFO]	--> RUN 3 of CHECKING ENC LONG RUN STABILITY 
240106-02:01:00	[INFO]	--> RUN 4 of CHECKING ENC LONG RUN STABILITY 
240106-02:13:08	[INFO]	--> RUN 5 of CHECKING ENC LONG RUN STABILITY 
240106-02:25:17	[INFO]	--> RUN 6 of CHECKING ENC LONG RUN STABILITY 
240106-02:37:23	[INFO]	--> RUN 7 of CHECKING ENC LONG RUN STABILITY 
240106-02:49:35	[INFO]	--> RUN 8 of CHECKING ENC LONG RUN STABILITY 
240106-03:01:48	[INFO]	--> RUN 9 of CHECKING ENC LONG RUN STABILITY 
240106-03:13:53	[INFO]	--> RUN 10 of CHECKING ENC LONG RUN STABILITY 
240106-03:26:04	[INFO]	--> RUN 11 of CHECKING ENC LONG RUN STABILITY 
240106-03:38:19	[INFO]	--> RUN 12 of CHECKING ENC LONG RUN STABILITY 
240106-08:50:29	MODULE_ID:	M3DL3T0001120A2_240106_0850
240106-08:50:32	[INFO]	MODULE ID: 	M3DL3T0001120A2
240106-08:51:23	[INFO]	-->> RUNNING SYNCHRONIZATION
240106-08:51:49	[INFO]	<<-- FINISHED SYNCHRONIZATION
240106-08:51:49	[INFO]	-->> LOADING STANDARD CONFIGURATION
240106-08:51:49	[INFO]	<<-- FINISHED LOADING STANDARD CONFIGURATION
240106-08:51:49	[INFO]	-->> READING ASICs ID
240106-08:51:50	[INFO]	<<-- FINISHED READING ASICs ID
240106-08:51:50	[INFO]	-->> READING LV VALUES AFTER CONFIGURATION
240106-08:52:01	[INFO]	<<-- FINISHED READING LV VALUES AFTER CONFIGURATION
240106-08:52:01	[INFO]	-->> QA LV 1.2 N-side: OK
240106-08:52:01	[INFO]	-->> QA LV 1.8 N-side: OK
240106-08:52:01	[INFO]	-->> QA LV 1.2 P-side: OK
240106-08:52:01	[INFO]	-->> QA LV 1.8 P-side: OK
240106-08:52:01	[INFO]	-->> READING VDDM & TEMPERATURE
240106-08:52:08	[INFO]	<<-- FINISHED READING VDDM & TEMPERATURE
240106-08:52:08	[INFO]	--> SETTING THE CALIBRATION TRIM
240106-08:53:27	[INFO]	<<-- FINISHED SETTING THE CALIBRATION TRIM
240106-08:53:27	[INFO]	--> CHECKING ENC LONG RUN STABILITY 
240106-09:05:25	[INFO]	--> RUN 0 of CHECKING ENC LONG RUN STABILITY 
240106-09:05:25	[INFO]	<<-- FINISHED ENC LONG RUN STABILITYY
240106-09:19:38	MODULE_ID:	M3DL3T0001120A2_240106_0919
240106-09:19:40	[INFO]	MODULE ID: 	M3DL3T0001120A2
240106-09:20:11	[INFO]	-->> RUNNING SYNCHRONIZATION
240106-09:20:37	[INFO]	<<-- FINISHED SYNCHRONIZATION
240106-09:20:37	[INFO]	-->> LOADING STANDARD CONFIGURATION
240106-09:20:38	[INFO]	<<-- FINISHED LOADING STANDARD CONFIGURATION
240106-09:20:38	[INFO]	-->> READING ASICs ID
240106-09:20:39	[INFO]	<<-- FINISHED READING ASICs ID
240106-09:20:39	[INFO]	-->> READING LV VALUES AFTER CONFIGURATION
240106-09:20:49	[INFO]	<<-- FINISHED READING LV VALUES AFTER CONFIGURATION
240106-09:20:49	[INFO]	-->> QA LV 1.2 N-side: OK
240106-09:20:49	[INFO]	-->> QA LV 1.8 N-side: OK
240106-09:20:50	[INFO]	-->> QA LV 1.2 P-side: OK
240106-09:20:50	[INFO]	-->> QA LV 1.8 P-side: OK
240106-09:20:50	[INFO]	-->> READING VDDM & TEMPERATURE
240106-09:20:56	[INFO]	<<-- FINISHED READING VDDM & TEMPERATURE
240106-09:20:56	[INFO]	--> SETTING THE CALIBRATION TRIM
240106-09:22:21	[INFO]	<<-- FINISHED SETTING THE CALIBRATION TRIM
240106-09:22:21	[INFO]	--> CHECKING CHANNELS' CONNECTIVITY
240106-09:29:03	[INFO]	<<-- FINISHED CHECKING CHANNELS' CONNECTIVITY
