240514-11:38:27	MODULE_ID:	M5DL1B3001163B2
240514-11:38:27	[INFO]	TEST_CENTER: GSI
240514-11:38:27	[INFO]	OPERATOR_ID: Dairon Rodriguez Garces
240514-11:38:27	[INFO]	MODULE ID: 	M5DL1B3001163B2
240514-11:38:27	[INFO]	SENSOR_SIZE [mm]: 	124
240514-11:38:27	[INFO]	SENSOR_QGRADE: 	B
240514-11:38:48	[INFO]	-->> RUNNING SYNCHRONIZATION
240514-11:39:19	[INFO]	<<-- FINISHED SYNCHRONIZATION
240514-11:39:19	[INFO]	-->> READING LV VALUES BEFORE CONFIGURATION
240514-11:39:19	[INFO]	<<-- FINISHED READING LV VALUES BEFORE CONFIGURATION
240514-11:39:19	[INFO]	-->> LOADING STANDARD CONFIGURATION
240514-11:39:26	[INFO]	<<-- FINISHED LOADING STANDARD CONFIGURATION
240514-11:39:26	[INFO]	-->> READING ASICs ID
240514-11:39:27	[INFO]	<<-- FINISHED READING ASICs ID
240514-11:39:27	[INFO]	-->> READING LV VALUES AFTER CONFIGURATION
240514-11:39:38	[INFO]	<<-- FINISHED READING LV VALUES AFTER CONFIGURATION
240514-11:39:38	[INFO]	-->> READING VDDM & TEMPERATURE
240514-11:39:44	[INFO]	<<-- FINISHED READING VDDM & TEMPERATURE
240514-11:39:44	[INFO]	-->> LOADING DEFAULT TRIM VALUES
240514-11:40:38	[INFO]	<<-- FINISHED LOADING DEFAULT TRIM VALUES
240514-11:40:38	[INFO]	-->> FINDING VREF_P, VREF_N & THR@_GLB FOR CALIBRATION
240514-11:47:41	[INFO]	<<-- FINISHED FINDING VREF_P, VREF_N & THR@_GLB FOR CALIBRATION
240514-11:47:41	[INFO]	--> SETTING THE CALIBRATION PARAMETERS
240514-11:47:41	[INFO]	<<-- FINISHED SETTING THE CALIBRATION PARAMETERS
240514-11:47:41	[INFO]	-->> CALIBRATING THE MODULE
240514-11:56:39	[INFO]	CAL_ASIC_HW_ADDR_7: ftrim_XA-000-08-002-000-008-088-00_HW_7_SET_57_25_118_48_R_30_247_elect.txt
240514-12:05:37	[INFO]	CAL_ASIC_HW_ADDR_6: ftrim_XA-000-08-002-000-003-207-15_HW_6_SET_57_22_118_40_R_30_247_elect.txt
240514-12:14:32	[INFO]	CAL_ASIC_HW_ADDR_5: ftrim_XA-000-08-002-000-008-082-00_HW_5_SET_56_25_118_36_R_30_247_elect.txt
240514-12:23:26	[INFO]	CAL_ASIC_HW_ADDR_4: ftrim_XA-000-08-002-000-003-204-15_HW_4_SET_57_24_118_41_R_30_247_elect.txt
240514-12:32:19	[INFO]	CAL_ASIC_HW_ADDR_3: ftrim_XA-000-08-002-000-008-081-00_HW_3_SET_56_24_118_39_R_30_247_elect.txt
240514-12:41:11	[INFO]	CAL_ASIC_HW_ADDR_2: ftrim_XA-000-08-002-000-003-208-08_HW_2_SET_57_27_118_38_R_30_247_elect.txt
240514-12:50:01	[INFO]	CAL_ASIC_HW_ADDR_1: ftrim_XA-000-08-002-001-006-059-10_HW_1_SET_56_24_118_41_R_30_247_elect.txt
240514-12:59:01	[INFO]	CAL_ASIC_HW_ADDR_0: ftrim_XA-000-08-002-000-003-202-15_HW_0_SET_57_22_118_62_R_30_247_elect.txt
240514-13:08:18	[INFO]	CAL_ASIC_HW_ADDR_1: ftrim_XA-000-08-002-000-003-232-01_HW_1_SET_55_26_118_10_R_30_247_holes.txt
240514-13:17:36	[INFO]	CAL_ASIC_HW_ADDR_0: ftrim_XA-000-08-002-000-003-200-15_HW_0_SET_56_23_118_30_R_30_247_holes.txt
240514-13:26:53	[INFO]	CAL_ASIC_HW_ADDR_3: ftrim_XA-000-08-002-000-003-210-08_HW_3_SET_56_20_118_53_R_30_247_holes.txt
240514-13:36:11	[INFO]	CAL_ASIC_HW_ADDR_2: ftrim_XA-000-08-002-000-003-226-01_HW_2_SET_57_21_118_48_R_30_247_holes.txt
240514-13:45:31	[INFO]	CAL_ASIC_HW_ADDR_5: ftrim_XA-000-08-002-000-003-197-15_HW_5_SET_58_24_118_49_R_30_247_holes.txt
240514-13:54:56	[INFO]	CAL_ASIC_HW_ADDR_4: ftrim_XA-000-08-002-000-003-212-08_HW_4_SET_57_22_118_49_R_30_247_holes.txt
240514-14:04:53	[INFO]	CAL_ASIC_HW_ADDR_7: ftrim_XA-000-08-002-000-003-201-15_HW_7_SET_58_22_118_43_R_30_247_holes.txt
240514-14:16:31	[INFO]	CAL_ASIC_HW_ADDR_6: ftrim_XA-000-08-002-000-003-205-15_HW_6_SET_56_22_118_54_R_30_247_holes.txt
240514-14:16:31	[INFO]	<<-- FINISHED CALIBRATING THE MODULE
240514-14:16:31	[INFO]	--> SETTING THE CALIBRATION TRIM
240514-14:18:56	[INFO]	<<-- FINISHED SETTING THE CALIBRATION TRIM
240514-14:18:56	[INFO]	--> MEASURING ENC AND CHECKING CALIBRATION
240514-14:27:42	[INFO]	PSCAN_ASIC_HW_ADDR_7: pscan_240514_1418_XA-000-08-002-000-008-088-00_HW_7_SET_57_25_118_48_VP_0_255_1_NP_100_elect.txt
240514-14:36:28	[INFO]	PSCAN_ASIC_HW_ADDR_6: pscan_240514_1427_XA-000-08-002-000-003-207-15_HW_6_SET_57_22_118_40_VP_0_255_1_NP_100_elect.txt
240514-14:45:13	[INFO]	PSCAN_ASIC_HW_ADDR_5: pscan_240514_1436_XA-000-08-002-000-008-082-00_HW_5_SET_56_25_118_36_VP_0_255_1_NP_100_elect.txt
240514-14:53:58	[INFO]	PSCAN_ASIC_HW_ADDR_4: pscan_240514_1445_XA-000-08-002-000-003-204-15_HW_4_SET_57_24_118_41_VP_0_255_1_NP_100_elect.txt
240514-15:02:42	[INFO]	PSCAN_ASIC_HW_ADDR_3: pscan_240514_1453_XA-000-08-002-000-008-081-00_HW_3_SET_56_24_118_39_VP_0_255_1_NP_100_elect.txt
240514-15:11:26	[INFO]	PSCAN_ASIC_HW_ADDR_2: pscan_240514_1502_XA-000-08-002-000-003-208-08_HW_2_SET_57_27_118_38_VP_0_255_1_NP_100_elect.txt
240514-15:20:13	[INFO]	PSCAN_ASIC_HW_ADDR_1: pscan_240514_1511_XA-000-08-002-001-006-059-10_HW_1_SET_56_24_118_41_VP_0_255_1_NP_100_elect.txt
240514-15:28:57	[INFO]	PSCAN_ASIC_HW_ADDR_0: pscan_240514_1520_XA-000-08-002-000-003-202-15_HW_0_SET_57_22_118_62_VP_0_255_1_NP_100_elect.txt
240514-15:37:40	[INFO]	PSCAN_ASIC_HW_ADDR_1: pscan_240514_1528_XA-000-08-002-000-003-232-01_HW_1_SET_55_26_118_10_VP_0_255_1_NP_100_holes.txt
240514-15:46:23	[INFO]	PSCAN_ASIC_HW_ADDR_0: pscan_240514_1537_XA-000-08-002-000-003-200-15_HW_0_SET_56_23_118_30_VP_0_255_1_NP_100_holes.txt
240514-15:55:09	[INFO]	PSCAN_ASIC_HW_ADDR_3: pscan_240514_1546_XA-000-08-002-000-003-210-08_HW_3_SET_56_20_118_53_VP_0_255_1_NP_100_holes.txt
240514-16:03:53	[INFO]	PSCAN_ASIC_HW_ADDR_2: pscan_240514_1555_XA-000-08-002-000-003-226-01_HW_2_SET_57_21_118_48_VP_0_255_1_NP_100_holes.txt
240514-16:12:38	[INFO]	PSCAN_ASIC_HW_ADDR_5: pscan_240514_1603_XA-000-08-002-000-003-197-15_HW_5_SET_58_24_118_49_VP_0_255_1_NP_100_holes.txt
240514-16:21:22	[INFO]	PSCAN_ASIC_HW_ADDR_4: pscan_240514_1612_XA-000-08-002-000-003-212-08_HW_4_SET_57_22_118_49_VP_0_255_1_NP_100_holes.txt
240514-16:30:07	[INFO]	PSCAN_ASIC_HW_ADDR_7: pscan_240514_1621_XA-000-08-002-000-003-201-15_HW_7_SET_58_22_118_43_VP_0_255_1_NP_100_holes.txt
240514-16:38:52	[INFO]	PSCAN_ASIC_HW_ADDR_6: pscan_240514_1630_XA-000-08-002-000-003-205-15_HW_6_SET_56_22_118_54_VP_0_255_1_NP_100_holes.txt
240514-16:38:52	[INFO]	<<-- FINISHED MEASURING ENC AND CHECKING CALIBRATION
240516-11:10:48	MODULE_ID:	M5DL1B3001163B2_240516_1110
240516-11:10:48	[INFO]	TEST_CENTER: GSI
240516-11:10:48	[INFO]	OPERATOR_ID: Dairon Rodriguez Garces
240516-11:10:48	[INFO]	MODULE ID: 	M5DL1B3001163B2
240516-11:10:48	[INFO]	SENSOR_SIZE [mm]: 	124
240516-11:10:48	[INFO]	SENSOR_QGRADE: 	B
240516-11:11:08	[INFO]	-->> RUNNING SYNCHRONIZATION
240516-11:11:41	[INFO]	<<-- FINISHED SYNCHRONIZATION
240516-11:11:41	[INFO]	-->> READING LV VALUES BEFORE CONFIGURATION
240516-11:11:42	[INFO]	<<-- FINISHED READING LV VALUES BEFORE CONFIGURATION
240516-11:11:42	[INFO]	-->> LOADING STANDARD CONFIGURATION
240516-11:11:50	[INFO]	<<-- FINISHED LOADING STANDARD CONFIGURATION
240516-11:11:50	[INFO]	-->> READING ASICs ID
240516-11:11:51	[INFO]	<<-- FINISHED READING ASICs ID
240516-11:11:51	[INFO]	-->> READING LV VALUES AFTER CONFIGURATION
240516-11:12:01	[INFO]	<<-- FINISHED READING LV VALUES AFTER CONFIGURATION
240516-11:12:01	[INFO]	-->> READING VDDM & TEMPERATURE
240516-11:12:08	[INFO]	<<-- FINISHED READING VDDM & TEMPERATURE
240516-11:12:08	[INFO]	--> SETTING THE CALIBRATION TRIM
240516-11:14:01	[INFO]	<<-- FINISHED SETTING THE CALIBRATION TRIM
240516-11:14:01	[INFO]	--> CHECKING CHANNELS' CONNECTIVITY
240516-11:14:01	[INFO]	CONN-CHECK_ASIC_HW_ADDR_7: elect
240516-11:14:19	[INFO]	CONN-CHECK_ASIC_HW_ADDR_6: elect
240516-11:14:36	[INFO]	CONN-CHECK_ASIC_HW_ADDR_5: elect
240516-11:14:54	[INFO]	CONN-CHECK_ASIC_HW_ADDR_4: elect
240516-11:15:11	[INFO]	CONN-CHECK_ASIC_HW_ADDR_3: elect
240516-11:15:29	[INFO]	CONN-CHECK_ASIC_HW_ADDR_2: elect
240516-11:15:46	[INFO]	CONN-CHECK_ASIC_HW_ADDR_1: elect
240516-11:16:04	[INFO]	CONN-CHECK_ASIC_HW_ADDR_0: elect
240516-11:16:21	[INFO]	CONN-CHECK_ASIC_HW_ADDR_1: holes
240516-11:16:39	[INFO]	CONN-CHECK_ASIC_HW_ADDR_0: holes
240516-11:16:57	[INFO]	CONN-CHECK_ASIC_HW_ADDR_3: holes
240516-11:17:14	[INFO]	CONN-CHECK_ASIC_HW_ADDR_2: holes
240516-11:17:31	[INFO]	CONN-CHECK_ASIC_HW_ADDR_5: holes
240516-11:17:49	[INFO]	CONN-CHECK_ASIC_HW_ADDR_4: holes
240516-11:18:06	[INFO]	CONN-CHECK_ASIC_HW_ADDR_7: holes
240516-11:18:24	[INFO]	CONN-CHECK_ASIC_HW_ADDR_6: holes
240516-11:18:41	[INFO]	<<-- FINISHED CHECKING CHANNELS' CONNECTIVITY
