240716-12:02:11	MODULE_ID:	M4UL0B1010551A2
240716-12:02:11	[INFO]	TEST_CENTER: GSI
240716-12:02:11	[INFO]	OPERATOR_ID: Dairon Rodriguez Garces
240716-12:02:11	[INFO]	MODULE ID: 	M4UL0B1010551A2
240716-12:02:11	[INFO]	SENSOR_SIZE [mm]: 	42
240716-12:02:11	[INFO]	SENSOR_QGRADE: 	A
240716-12:08:51	[INFO]	-->> RUNNING SYNCHRONIZATION
240716-12:09:21	[INFO]	<<-- FINISHED SYNCHRONIZATION
240716-12:09:21	[INFO]	-->> READING LV VALUES BEFORE CONFIGURATION
240716-12:09:21	[INFO]	<<-- FINISHED READING LV VALUES BEFORE CONFIGURATION
240716-12:09:21	[INFO]	-->> LOADING STANDARD CONFIGURATION
240716-12:09:29	[INFO]	<<-- FINISHED LOADING STANDARD CONFIGURATION
240716-12:09:29	[INFO]	-->> READING ASICs ID
240716-12:09:30	[INFO]	<<-- FINISHED READING ASICs ID
240716-12:09:30	[INFO]	-->> READING LV VALUES AFTER CONFIGURATION
240716-12:09:40	[INFO]	<<-- FINISHED READING LV VALUES AFTER CONFIGURATION
240716-12:09:40	[INFO]	-->> READING VDDM & TEMPERATURE
240716-12:09:43	[INFO]	<<-- FINISHED READING VDDM & TEMPERATURE
240716-12:09:43	[INFO]	-->> LOADING DEFAULT TRIM VALUES
240716-12:10:40	[INFO]	<<-- FINISHED LOADING DEFAULT TRIM VALUES
240716-12:10:40	[INFO]	-->> FINDING VREF_P, VREF_N & THR@_GLB FOR CALIBRATION
240716-14:03:59	MODULE_ID:	M4UL0B1010551A2_240716_1403
240716-14:03:59	[INFO]	TEST_CENTER: GSI
240716-14:03:59	[INFO]	OPERATOR_ID: Dairon Rodriguez Garces
240716-14:03:59	[INFO]	MODULE ID: 	M4UL0B1010551A2
240716-14:03:59	[INFO]	SENSOR_SIZE [mm]: 	42
240716-14:03:59	[INFO]	SENSOR_QGRADE: 	A
240716-14:04:30	[INFO]	-->> RUNNING SYNCHRONIZATION
240716-14:04:59	[INFO]	<<-- FINISHED SYNCHRONIZATION
240716-14:04:59	[INFO]	-->> READING LV VALUES BEFORE CONFIGURATION
240716-14:04:59	[INFO]	<<-- FINISHED READING LV VALUES BEFORE CONFIGURATION
240716-14:04:59	[INFO]	-->> LOADING STANDARD CONFIGURATION
240716-14:05:06	[INFO]	<<-- FINISHED LOADING STANDARD CONFIGURATION
240716-14:05:06	[INFO]	-->> READING ASICs ID
240716-14:05:07	[INFO]	<<-- FINISHED READING ASICs ID
240716-14:05:07	[INFO]	-->> READING LV VALUES AFTER CONFIGURATION
240716-14:05:17	[INFO]	<<-- FINISHED READING LV VALUES AFTER CONFIGURATION
240716-14:05:17	[INFO]	-->> READING VDDM & TEMPERATURE
240716-14:05:20	[INFO]	<<-- FINISHED READING VDDM & TEMPERATURE
240716-14:05:20	[INFO]	-->> LOADING DEFAULT TRIM VALUES
240716-14:06:13	[INFO]	<<-- FINISHED LOADING DEFAULT TRIM VALUES
240716-14:06:13	[INFO]	-->> FINDING VREF_P, VREF_N & THR@_GLB FOR CALIBRATION
240716-14:53:17	MODULE_ID:	M4UL0B1010551A2_240716_1453
240716-14:53:17	[INFO]	TEST_CENTER: GSI
240716-14:53:17	[INFO]	OPERATOR_ID: Dairon Rodriguez Garces
240716-14:53:17	[INFO]	MODULE ID: 	M4UL0B1010551A2
240716-14:53:17	[INFO]	SENSOR_SIZE [mm]: 	42
240716-14:53:17	[INFO]	SENSOR_QGRADE: 	A
240716-14:53:40	[INFO]	-->> RUNNING SYNCHRONIZATION
240716-14:54:10	[INFO]	<<-- FINISHED SYNCHRONIZATION
240716-14:54:10	[INFO]	-->> READING LV VALUES BEFORE CONFIGURATION
240716-14:54:10	[INFO]	<<-- FINISHED READING LV VALUES BEFORE CONFIGURATION
240716-14:54:10	[INFO]	-->> LOADING STANDARD CONFIGURATION
240716-14:54:17	[INFO]	<<-- FINISHED LOADING STANDARD CONFIGURATION
240716-14:54:17	[INFO]	-->> READING ASICs ID
240716-14:54:18	[INFO]	<<-- FINISHED READING ASICs ID
240716-14:54:18	[INFO]	-->> READING LV VALUES AFTER CONFIGURATION
240716-14:54:28	[INFO]	<<-- FINISHED READING LV VALUES AFTER CONFIGURATION
240716-14:54:28	[INFO]	-->> READING VDDM & TEMPERATURE
240716-14:54:31	[INFO]	<<-- FINISHED READING VDDM & TEMPERATURE
240716-14:54:31	[INFO]	-->> LOADING DEFAULT TRIM VALUES
240716-14:55:27	[INFO]	<<-- FINISHED LOADING DEFAULT TRIM VALUES
240716-14:55:27	[INFO]	-->> FINDING VREF_P, VREF_N & THR@_GLB FOR CALIBRATION
240716-15:05:52	MODULE_ID:	M4UL0B1010551A2_240716_1505
240716-15:05:52	[INFO]	TEST_CENTER: GSI
240716-15:05:52	[INFO]	OPERATOR_ID: Dairon Rodriguez Garces
240716-15:05:52	[INFO]	MODULE ID: 	M4UL0B1010551A2
240716-15:05:52	[INFO]	SENSOR_SIZE [mm]: 	42
240716-15:05:52	[INFO]	SENSOR_QGRADE: 	A
240716-15:06:19	[INFO]	-->> RUNNING SYNCHRONIZATION
240716-15:06:48	[INFO]	<<-- FINISHED SYNCHRONIZATION
240716-15:06:48	[INFO]	-->> READING LV VALUES BEFORE CONFIGURATION
240716-15:06:49	[INFO]	<<-- FINISHED READING LV VALUES BEFORE CONFIGURATION
240716-15:06:49	[INFO]	-->> LOADING STANDARD CONFIGURATION
240716-15:06:56	[INFO]	<<-- FINISHED LOADING STANDARD CONFIGURATION
240716-15:06:56	[INFO]	-->> READING ASICs ID
240716-15:06:57	[INFO]	<<-- FINISHED READING ASICs ID
240716-15:06:57	[INFO]	-->> READING LV VALUES AFTER CONFIGURATION
240716-15:07:07	[INFO]	<<-- FINISHED READING LV VALUES AFTER CONFIGURATION
240716-15:07:07	[INFO]	-->> READING VDDM & TEMPERATURE
240716-15:07:10	[INFO]	<<-- FINISHED READING VDDM & TEMPERATURE
240716-15:07:10	[INFO]	-->> LOADING DEFAULT TRIM VALUES
240716-15:08:05	[INFO]	<<-- FINISHED LOADING DEFAULT TRIM VALUES
240716-15:08:05	[INFO]	-->> FINDING VREF_P, VREF_N & THR@_GLB FOR CALIBRATION
240716-15:15:15	[INFO]	<<-- FINISHED FINDING VREF_P, VREF_N & THR@_GLB FOR CALIBRATION
240716-15:15:15	[INFO]	--> SETTING THE CALIBRATION PARAMETERS
240716-15:34:04	MODULE_ID:	M4UL0B1010551A2_240716_1534
240716-15:34:04	[INFO]	TEST_CENTER: GSI
240716-15:34:04	[INFO]	OPERATOR_ID: Dairon Rodriguez Garces
240716-15:34:04	[INFO]	MODULE ID: 	M4UL0B1010551A2
240716-15:34:04	[INFO]	SENSOR_SIZE [mm]: 	42
240716-15:34:04	[INFO]	SENSOR_QGRADE: 	A
240716-15:35:04	[INFO]	-->> RUNNING SYNCHRONIZATION
240716-15:35:34	[INFO]	<<-- FINISHED SYNCHRONIZATION
240716-15:35:34	[INFO]	-->> READING LV VALUES BEFORE CONFIGURATION
240716-15:35:34	[INFO]	<<-- FINISHED READING LV VALUES BEFORE CONFIGURATION
240716-15:35:34	[INFO]	-->> LOADING STANDARD CONFIGURATION
240716-15:35:41	[INFO]	<<-- FINISHED LOADING STANDARD CONFIGURATION
240716-15:35:41	[INFO]	-->> READING ASICs ID
240716-15:35:43	[INFO]	<<-- FINISHED READING ASICs ID
240716-15:35:43	[INFO]	-->> READING LV VALUES AFTER CONFIGURATION
240716-15:35:53	[INFO]	<<-- FINISHED READING LV VALUES AFTER CONFIGURATION
240716-15:35:53	[INFO]	-->> READING VDDM & TEMPERATURE
240716-15:35:56	[INFO]	<<-- FINISHED READING VDDM & TEMPERATURE
240716-15:35:56	[INFO]	-->> LOADING DEFAULT TRIM VALUES
240716-15:47:35	MODULE_ID:	M4UL0B1010551A2_240716_1547
240716-15:47:35	[INFO]	TEST_CENTER: GSI
240716-15:47:35	[INFO]	OPERATOR_ID: Dairon Rodriguez Garces
240716-15:47:35	[INFO]	MODULE ID: 	M4UL0B1010551A2
240716-15:47:35	[INFO]	SENSOR_SIZE [mm]: 	42
240716-15:47:35	[INFO]	SENSOR_QGRADE: 	A
240716-15:48:07	[INFO]	-->> RUNNING SYNCHRONIZATION
240716-15:48:36	[INFO]	<<-- FINISHED SYNCHRONIZATION
240716-15:48:36	[INFO]	-->> READING LV VALUES BEFORE CONFIGURATION
240716-15:48:37	[INFO]	<<-- FINISHED READING LV VALUES BEFORE CONFIGURATION
240716-15:48:37	[INFO]	-->> LOADING STANDARD CONFIGURATION
240716-15:48:43	[INFO]	<<-- FINISHED LOADING STANDARD CONFIGURATION
240716-15:48:43	[INFO]	-->> READING ASICs ID
240716-15:48:44	[INFO]	<<-- FINISHED READING ASICs ID
240716-15:48:44	[INFO]	-->> READING LV VALUES AFTER CONFIGURATION
240716-15:48:55	[INFO]	<<-- FINISHED READING LV VALUES AFTER CONFIGURATION
240716-15:48:55	[INFO]	-->> READING VDDM & TEMPERATURE
240716-16:08:11	MODULE_ID:	M4UL0B1010551A2_240716_1608
240716-16:08:11	[INFO]	TEST_CENTER: GSI
240716-16:08:11	[INFO]	OPERATOR_ID: Dairon Rodriguez Garces
240716-16:08:11	[INFO]	MODULE ID: 	M4UL0B1010551A2
240716-16:08:11	[INFO]	SENSOR_SIZE [mm]: 	42
240716-16:08:11	[INFO]	SENSOR_QGRADE: 	A
240716-16:11:10	[INFO]	-->> RUNNING SYNCHRONIZATION
240716-16:11:30	MODULE_ID:	M4UL0B1010551A2_240716_1611
240716-16:11:30	[INFO]	TEST_CENTER: GSI
240716-16:11:30	[INFO]	OPERATOR_ID: Dairon Rodriguez Garces
240716-16:11:30	[INFO]	MODULE ID: 	M4UL0B1010551A2
240716-16:11:30	[INFO]	SENSOR_SIZE [mm]: 	42
240716-16:11:30	[INFO]	SENSOR_QGRADE: 	A
240716-16:11:47	[INFO]	-->> RUNNING SYNCHRONIZATION
240716-16:14:17	MODULE_ID:	M4UL0B1010551A2_240716_1614
240716-16:14:17	[INFO]	TEST_CENTER: GSI
240716-16:14:17	[INFO]	OPERATOR_ID: Dairon Rodriguez Garces
240716-16:14:17	[INFO]	MODULE ID: 	M4UL0B1010551A2
240716-16:14:17	[INFO]	SENSOR_SIZE [mm]: 	42
240716-16:14:17	[INFO]	SENSOR_QGRADE: 	A
240716-16:14:54	[INFO]	-->> RUNNING SYNCHRONIZATION
240716-16:23:07	MODULE_ID:	M4UL0B1010551A2_240716_1623
240716-16:23:07	[INFO]	TEST_CENTER: GSI
240716-16:23:07	[INFO]	OPERATOR_ID: Dairon Rodriguez Garces
240716-16:23:07	[INFO]	MODULE ID: 	M4UL0B1010551A2
240716-16:23:07	[INFO]	SENSOR_SIZE [mm]: 	42
240716-16:23:07	[INFO]	SENSOR_QGRADE: 	A
240716-16:23:32	[INFO]	-->> RUNNING SYNCHRONIZATION
240719-09:58:36	MODULE_ID:	M4UL0B1010551A2_240719_0958
240719-09:58:36	[INFO]	TEST_CENTER: GSI
240719-09:58:36	[INFO]	OPERATOR_ID: Dairon Rodriguez Garces
240719-09:58:36	[INFO]	MODULE ID: 	M4UL0B1010551A2
240719-09:58:36	[INFO]	SENSOR_SIZE [mm]: 	42
240719-09:58:36	[INFO]	SENSOR_QGRADE: 	A
240719-09:59:57	[INFO]	-->> RUNNING SYNCHRONIZATION
240719-10:00:26	[INFO]	<<-- FINISHED SYNCHRONIZATION
240719-10:00:26	[INFO]	-->> READING LV VALUES BEFORE CONFIGURATION
240719-10:00:27	[INFO]	<<-- FINISHED READING LV VALUES BEFORE CONFIGURATION
240719-10:00:27	[INFO]	-->> LOADING STANDARD CONFIGURATION
240719-10:00:34	[INFO]	<<-- FINISHED LOADING STANDARD CONFIGURATION
240719-10:00:34	[INFO]	-->> READING ASICs ID
240719-10:00:35	[INFO]	<<-- FINISHED READING ASICs ID
240719-10:00:35	[INFO]	-->> LOADING DEFAULT TRIM VALUES
240719-10:01:30	[INFO]	<<-- FINISHED LOADING DEFAULT TRIM VALUES
240719-10:01:30	[INFO]	-->> READING LV VALUES AFTER CONFIGURATION
240719-10:01:40	[INFO]	<<-- FINISHED READING LV VALUES AFTER CONFIGURATION
240719-10:01:40	[INFO]	-->> READING VDDM & TEMPERATURE
240719-10:01:43	[INFO]	<<-- FINISHED READING VDDM & TEMPERATURE
240719-10:01:43	[INFO]	-->> LOADING DEFAULT TRIM VALUES
240719-10:02:39	[INFO]	<<-- FINISHED LOADING DEFAULT TRIM VALUES
240719-10:02:39	[INFO]	-->> FINDING VREF_P, VREF_N & THR@_GLB FOR CALIBRATION
240719-10:09:42	[INFO]	<<-- FINISHED FINDING VREF_P, VREF_N & THR@_GLB FOR CALIBRATION
240719-10:09:42	[INFO]	--> SETTING THE CALIBRATION PARAMETERS
240719-10:09:42	[INFO]	<<-- FINISHED SETTING THE CALIBRATION PARAMETERS
240719-10:09:42	[INFO]	-->> CALIBRATING THE MODULE
240719-10:18:50	[INFO]	CAL_ASIC_HW_ADDR_1: ftrim_XA-000-08-002-000-007-000-06_HW_1_SET_57_25_118_60_R_30_247_elect.txt
240719-10:27:53	[INFO]	CAL_ASIC_HW_ADDR_0: ftrim_XA-000-08-002-000-007-108-13_HW_0_SET_56_22_118_60_R_30_247_elect.txt
240719-10:37:11	[INFO]	CAL_ASIC_HW_ADDR_3: ftrim_XA-000-08-002-000-007-006-06_HW_3_SET_57_24_118_61_R_30_247_elect.txt
240719-10:46:50	[INFO]	CAL_ASIC_HW_ADDR_2: ftrim_XA-000-08-002-000-007-103-13_HW_2_SET_56_23_118_64_R_30_247_elect.txt
240719-10:56:03	[INFO]	CAL_ASIC_HW_ADDR_5: ftrim_XA-000-08-002-000-007-091-04_HW_5_SET_57_26_118_55_R_30_247_elect.txt
240719-11:05:14	[INFO]	CAL_ASIC_HW_ADDR_4: ftrim_XA-000-08-002-000-007-009-06_HW_4_SET_57_23_118_59_R_30_247_elect.txt
240719-11:14:17	[INFO]	CAL_ASIC_HW_ADDR_7: ftrim_XA-000-08-002-000-007-092-04_HW_7_SET_57_24_118_64_R_30_247_elect.txt
240719-11:23:21	[INFO]	CAL_ASIC_HW_ADDR_6: ftrim_XA-000-08-002-000-007-089-04_HW_6_SET_55_23_118_61_R_30_247_elect.txt
240719-13:54:04	MODULE_ID:	M4UL0B1010551A2_240719_1354
240719-13:54:04	[INFO]	TEST_CENTER: GSI
240719-13:54:04	[INFO]	OPERATOR_ID: Dairon Rodriguez Garces
240719-13:54:04	[INFO]	MODULE ID: 	M4UL0B1010551A2
240719-13:54:04	[INFO]	SENSOR_SIZE [mm]: 	42
240719-13:54:04	[INFO]	SENSOR_QGRADE: 	A
240719-13:54:37	[INFO]	-->> RUNNING SYNCHRONIZATION
240719-14:12:25	MODULE_ID:	M4UL0B1010551A2_240719_1412
240719-14:12:25	[INFO]	TEST_CENTER: GSI
240719-14:12:25	[INFO]	OPERATOR_ID: Dairon Rodriguez Garces
240719-14:12:25	[INFO]	MODULE ID: 	M4UL0B1010551A2
240719-14:12:25	[INFO]	SENSOR_SIZE [mm]: 	42
240719-14:12:25	[INFO]	SENSOR_QGRADE: 	A
240719-14:13:25	[INFO]	-->> RUNNING SYNCHRONIZATION
240719-14:13:53	[INFO]	<<-- FINISHED SYNCHRONIZATION
240719-14:13:53	[INFO]	-->> READING LV VALUES BEFORE CONFIGURATION
240719-14:13:54	[INFO]	<<-- FINISHED READING LV VALUES BEFORE CONFIGURATION
240719-14:13:54	[INFO]	-->> LOADING STANDARD CONFIGURATION
240719-14:14:01	[INFO]	<<-- FINISHED LOADING STANDARD CONFIGURATION
240719-14:14:01	[INFO]	-->> READING ASICs ID
240719-14:14:02	[INFO]	<<-- FINISHED READING ASICs ID
240719-14:14:02	[INFO]	-->> LOADING DEFAULT TRIM VALUES
240719-14:14:57	MODULE_ID:	M4UL0B1010551A2_240719_1414
240719-14:14:57	[INFO]	TEST_CENTER: GSI
240719-14:14:57	[INFO]	OPERATOR_ID: Dairon Rodriguez Garces
240719-14:14:57	[INFO]	MODULE ID: 	M4UL0B1010551A2
240719-14:14:57	[INFO]	SENSOR_SIZE [mm]: 	42
240719-14:14:57	[INFO]	SENSOR_QGRADE: 	A
240719-14:15:18	[INFO]	-->> RUNNING SYNCHRONIZATION
240719-14:15:48	[INFO]	<<-- FINISHED SYNCHRONIZATION
240719-14:15:48	[INFO]	-->> READING LV VALUES BEFORE CONFIGURATION
240719-14:15:48	[INFO]	<<-- FINISHED READING LV VALUES BEFORE CONFIGURATION
240719-14:15:48	[INFO]	-->> LOADING STANDARD CONFIGURATION
240719-14:15:55	[INFO]	<<-- FINISHED LOADING STANDARD CONFIGURATION
240719-14:15:55	[INFO]	-->> READING ASICs ID
240719-14:15:56	[INFO]	<<-- FINISHED READING ASICs ID
240719-14:15:56	[INFO]	-->> LOADING DEFAULT TRIM VALUES
240719-14:16:24	[INFO]	<<-- FINISHED LOADING DEFAULT TRIM VALUES
240719-14:16:24	[INFO]	-->> READING LV VALUES AFTER CONFIGURATION
240719-14:16:34	[INFO]	<<-- FINISHED READING LV VALUES AFTER CONFIGURATION
240719-14:16:34	[INFO]	-->> READING VDDM & TEMPERATURE
240719-14:16:37	[INFO]	<<-- FINISHED READING VDDM & TEMPERATURE
240719-14:16:37	[INFO]	-->> LOADING DEFAULT TRIM VALUES
240719-14:17:05	[INFO]	<<-- FINISHED LOADING DEFAULT TRIM VALUES
240719-14:17:05	[INFO]	-->> FINDING VREF_P, VREF_N & THR@_GLB FOR CALIBRATION
240719-14:20:37	[INFO]	<<-- FINISHED FINDING VREF_P, VREF_N & THR@_GLB FOR CALIBRATION
240719-14:20:37	[INFO]	--> SETTING THE CALIBRATION PARAMETERS
240719-14:20:37	[INFO]	<<-- FINISHED SETTING THE CALIBRATION PARAMETERS
240719-14:20:37	[INFO]	-->> CALIBRATING THE MODULE
240719-14:29:38	[INFO]	CAL_ASIC_HW_ADDR_7: ftrim_XA-000-08-002-001-007-251-08_HW_7_SET_56_21_118_10_R_30_247_holes.txt
240719-14:38:56	[INFO]	CAL_ASIC_HW_ADDR_6: ftrim_XA-000-08-002-000-008-168-06_HW_6_SET_57_19_118_57_R_30_247_holes.txt
240719-14:48:12	[INFO]	CAL_ASIC_HW_ADDR_5: ftrim_XA-000-08-002-001-007-238-15_HW_5_SET_56_21_118_52_R_30_247_holes.txt
240719-14:57:44	[INFO]	CAL_ASIC_HW_ADDR_4: ftrim_XA-000-08-002-000-007-010-06_HW_4_SET_58_17_118_59_R_30_247_holes.txt
240719-15:07:17	[INFO]	CAL_ASIC_HW_ADDR_3: ftrim_XA-000-08-002-001-007-234-15_HW_3_SET_55_21_118_55_R_30_247_holes.txt
240719-15:16:37	[INFO]	CAL_ASIC_HW_ADDR_2: ftrim_XA-000-08-002-000-007-088-04_HW_2_SET_56_21_118_37_R_30_247_holes.txt
240719-15:25:50	[INFO]	CAL_ASIC_HW_ADDR_1: ftrim_XA-000-08-002-000-008-165-06_HW_1_SET_55_19_118_51_R_30_247_holes.txt
240719-15:36:20	[INFO]	CAL_ASIC_HW_ADDR_0: ftrim_XA-000-08-002-000-007-011-06_HW_0_SET_57_20_118_56_R_30_247_holes.txt
240719-15:36:20	[INFO]	<<-- FINISHED CALIBRATING THE MODULE
240719-15:41:10	MODULE_ID:	M4UL0B1010551A2_240719_1541
240719-15:41:10	[INFO]	TEST_CENTER: GSI
240719-15:41:10	[INFO]	OPERATOR_ID: Dairon Rodriguez Garces
240719-15:41:10	[INFO]	MODULE ID: 	M4UL0B1010551A2
240719-15:41:10	[INFO]	SENSOR_SIZE [mm]: 	42
240719-15:41:10	[INFO]	SENSOR_QGRADE: 	A
240719-15:41:49	[INFO]	-->> RUNNING SYNCHRONIZATION
240719-15:42:18	[INFO]	<<-- FINISHED SYNCHRONIZATION
240719-15:42:18	[INFO]	-->> READING LV VALUES BEFORE CONFIGURATION
240719-15:42:18	[INFO]	<<-- FINISHED READING LV VALUES BEFORE CONFIGURATION
240719-15:42:18	[INFO]	-->> LOADING STANDARD CONFIGURATION
240719-15:42:26	[INFO]	<<-- FINISHED LOADING STANDARD CONFIGURATION
240719-15:42:26	[INFO]	-->> READING ASICs ID
240719-15:42:27	[INFO]	<<-- FINISHED READING ASICs ID
240719-15:42:27	[INFO]	-->> LOADING DEFAULT TRIM VALUES
240719-15:43:27	[INFO]	<<-- FINISHED LOADING DEFAULT TRIM VALUES
240719-15:43:27	[INFO]	-->> READING LV VALUES AFTER CONFIGURATION
240719-15:43:37	[INFO]	<<-- FINISHED READING LV VALUES AFTER CONFIGURATION
240719-15:43:37	[INFO]	-->> READING VDDM & TEMPERATURE
240719-15:43:40	[INFO]	<<-- FINISHED READING VDDM & TEMPERATURE
240719-15:43:40	[INFO]	--> SETTING THE CALIBRATION TRIM
240719-15:45:42	[INFO]	<<-- FINISHED SETTING THE CALIBRATION TRIM
240719-15:45:42	[INFO]	--> MEASURING ENC AND CHECKING CALIBRATION
240719-15:53:39	[INFO]	PSCAN_ASIC_HW_ADDR_1: pscan_240719_1545_XA-000-08-002-000-007-000-06_HW_1_SET_57_25_118_60_VP_0_255_1_NP_100_elect.txt
240719-16:01:14	[INFO]	PSCAN_ASIC_HW_ADDR_0: pscan_240719_1553_XA-000-08-002-000-007-108-13_HW_0_SET_56_22_118_60_VP_0_255_1_NP_100_elect.txt
240719-16:08:54	[INFO]	PSCAN_ASIC_HW_ADDR_3: pscan_240719_1601_XA-000-08-002-000-007-006-06_HW_3_SET_57_24_118_61_VP_0_255_1_NP_100_elect.txt
240719-16:17:22	[INFO]	PSCAN_ASIC_HW_ADDR_2: pscan_240719_1608_XA-000-08-002-000-007-103-13_HW_2_SET_56_23_118_64_VP_0_255_1_NP_100_elect.txt
240719-16:25:23	[INFO]	PSCAN_ASIC_HW_ADDR_5: pscan_240719_1617_XA-000-08-002-000-007-091-04_HW_5_SET_57_26_118_55_VP_0_255_1_NP_100_elect.txt
240719-16:32:58	[INFO]	PSCAN_ASIC_HW_ADDR_4: pscan_240719_1625_XA-000-08-002-000-007-009-06_HW_4_SET_57_23_118_59_VP_0_255_1_NP_100_elect.txt
240719-16:40:26	[INFO]	PSCAN_ASIC_HW_ADDR_7: pscan_240719_1632_XA-000-08-002-000-007-092-04_HW_7_SET_57_24_118_64_VP_0_255_1_NP_100_elect.txt
240719-16:48:24	[INFO]	PSCAN_ASIC_HW_ADDR_6: pscan_240719_1640_XA-000-08-002-000-007-089-04_HW_6_SET_55_23_118_61_VP_0_255_1_NP_100_elect.txt
240719-16:56:18	[INFO]	PSCAN_ASIC_HW_ADDR_7: pscan_240719_1648_XA-000-08-002-001-007-251-08_HW_7_SET_56_21_118_10_VP_0_255_1_NP_100_holes.txt
240719-17:04:32	[INFO]	PSCAN_ASIC_HW_ADDR_6: pscan_240719_1656_XA-000-08-002-000-008-168-06_HW_6_SET_57_19_118_57_VP_0_255_1_NP_100_holes.txt
240719-17:12:42	[INFO]	PSCAN_ASIC_HW_ADDR_5: pscan_240719_1704_XA-000-08-002-001-007-238-15_HW_5_SET_56_21_118_52_VP_0_255_1_NP_100_holes.txt
240719-17:21:17	[INFO]	PSCAN_ASIC_HW_ADDR_4: pscan_240719_1712_XA-000-08-002-000-007-010-06_HW_4_SET_58_17_118_59_VP_0_255_1_NP_100_holes.txt
240719-17:29:17	[INFO]	PSCAN_ASIC_HW_ADDR_3: pscan_240719_1721_XA-000-08-002-001-007-234-15_HW_3_SET_55_21_118_55_VP_0_255_1_NP_100_holes.txt
240719-17:37:52	[INFO]	PSCAN_ASIC_HW_ADDR_2: pscan_240719_1729_XA-000-08-002-000-007-088-04_HW_2_SET_56_21_118_37_VP_0_255_1_NP_100_holes.txt
240719-17:46:26	[INFO]	PSCAN_ASIC_HW_ADDR_1: pscan_240719_1737_XA-000-08-002-000-008-165-06_HW_1_SET_55_19_118_51_VP_0_255_1_NP_100_holes.txt
240719-17:55:02	[INFO]	PSCAN_ASIC_HW_ADDR_0: pscan_240719_1746_XA-000-08-002-000-007-011-06_HW_0_SET_57_20_118_56_VP_0_255_1_NP_100_holes.txt
240719-17:55:02	[INFO]	<<-- FINISHED MEASURING ENC AND CHECKING CALIBRATION
240722-09:02:01	MODULE_ID:	M4UL0B1010551A2_240722_0902
240722-09:02:01	[INFO]	TEST_CENTER: GSI
240722-09:02:01	[INFO]	OPERATOR_ID: Dairon Rodriguez Garces
240722-09:02:01	[INFO]	MODULE ID: 	M4UL0B1010551A2
240722-09:02:01	[INFO]	SENSOR_SIZE [mm]: 	42
240722-09:02:01	[INFO]	SENSOR_QGRADE: 	A
240722-09:02:35	[INFO]	-->> RUNNING SYNCHRONIZATION
240722-09:03:08	[INFO]	<<-- FINISHED SYNCHRONIZATION
240722-09:03:08	[INFO]	-->> READING LV VALUES BEFORE CONFIGURATION
240722-09:03:09	[INFO]	<<-- FINISHED READING LV VALUES BEFORE CONFIGURATION
240722-09:03:09	[INFO]	-->> LOADING STANDARD CONFIGURATION
240722-09:03:17	[INFO]	<<-- FINISHED LOADING STANDARD CONFIGURATION
240722-09:03:17	[INFO]	-->> READING ASICs ID
240722-09:03:19	[INFO]	<<-- FINISHED READING ASICs ID
240722-09:03:19	[INFO]	-->> LOADING DEFAULT TRIM VALUES
240722-09:04:28	[INFO]	<<-- FINISHED LOADING DEFAULT TRIM VALUES
240722-09:04:28	[INFO]	-->> READING LV VALUES AFTER CONFIGURATION
240722-09:04:38	[INFO]	<<-- FINISHED READING LV VALUES AFTER CONFIGURATION
240722-09:04:38	[INFO]	-->> READING VDDM & TEMPERATURE
240722-09:04:41	[INFO]	<<-- FINISHED READING VDDM & TEMPERATURE
240722-09:04:41	[INFO]	--> SETTING THE CALIBRATION TRIM
240722-09:07:02	[INFO]	<<-- FINISHED SETTING THE CALIBRATION TRIM
240722-09:07:02	[INFO]	--> CHECKING CHANNELS' CONNECTIVITY
240722-09:07:02	[INFO]	CONN-CHECK_ASIC_HW_ADDR_1: elect
240722-09:07:21	[INFO]	CONN-CHECK_ASIC_HW_ADDR_0: elect
240722-09:07:41	[INFO]	CONN-CHECK_ASIC_HW_ADDR_3: elect
240722-09:08:00	[INFO]	CONN-CHECK_ASIC_HW_ADDR_2: elect
240722-09:08:19	[INFO]	CONN-CHECK_ASIC_HW_ADDR_5: elect
240722-09:08:38	[INFO]	CONN-CHECK_ASIC_HW_ADDR_4: elect
240722-09:08:57	[INFO]	CONN-CHECK_ASIC_HW_ADDR_7: elect
240722-09:09:16	[INFO]	CONN-CHECK_ASIC_HW_ADDR_6: elect
240722-09:09:38	[INFO]	CONN-CHECK_ASIC_HW_ADDR_7: holes
240722-09:10:00	[INFO]	CONN-CHECK_ASIC_HW_ADDR_6: holes
240722-09:10:22	[INFO]	CONN-CHECK_ASIC_HW_ADDR_5: holes
240722-09:10:45	[INFO]	CONN-CHECK_ASIC_HW_ADDR_4: holes
240722-09:11:07	[INFO]	CONN-CHECK_ASIC_HW_ADDR_3: holes
240722-09:11:29	[INFO]	CONN-CHECK_ASIC_HW_ADDR_2: holes
240722-09:11:52	[INFO]	CONN-CHECK_ASIC_HW_ADDR_1: holes
240722-09:12:14	[INFO]	CONN-CHECK_ASIC_HW_ADDR_0: holes
240722-09:12:36	[INFO]	<<-- FINISHED CHECKING CHANNELS' CONNECTIVITY
