240521-15:03:52	MODULE_ID:	M5DL1B2001162B2
240521-15:03:52	[INFO]	TEST_CENTER: GSI
240521-15:03:52	[INFO]	OPERATOR_ID: Dairon Rodriguez Garces
240521-15:03:52	[INFO]	MODULE ID: 	M5DL1B2001162B2
240521-15:03:52	[INFO]	SENSOR_SIZE [mm]: 	62
240521-15:03:52	[INFO]	SENSOR_QGRADE: 	A
240521-15:04:33	[INFO]	-->> RUNNING SYNCHRONIZATION
240521-15:05:04	[INFO]	<<-- FINISHED SYNCHRONIZATION
240521-15:05:04	[INFO]	-->> READING LV VALUES BEFORE CONFIGURATION
240521-15:05:04	[INFO]	<<-- FINISHED READING LV VALUES BEFORE CONFIGURATION
240521-15:05:04	[INFO]	-->> LOADING STANDARD CONFIGURATION
240521-15:05:11	[INFO]	<<-- FINISHED LOADING STANDARD CONFIGURATION
240521-15:05:11	[INFO]	-->> READING ASICs ID
240521-15:05:12	[INFO]	<<-- FINISHED READING ASICs ID
240521-15:05:12	[INFO]	-->> LOADING DEFAULT TRIM VALUES
240521-15:06:11	[INFO]	<<-- FINISHED LOADING DEFAULT TRIM VALUES
240521-15:06:11	[INFO]	-->> READING LV VALUES AFTER CONFIGURATION
240521-15:06:21	[INFO]	<<-- FINISHED READING LV VALUES AFTER CONFIGURATION
240521-15:06:21	[INFO]	-->> READING VDDM & TEMPERATURE
240521-15:06:28	[INFO]	<<-- FINISHED READING VDDM & TEMPERATURE
240521-15:06:28	[INFO]	-->> LOADING DEFAULT TRIM VALUES
240521-15:07:27	[INFO]	<<-- FINISHED LOADING DEFAULT TRIM VALUES
240521-15:07:27	[INFO]	-->> FINDING VREF_P, VREF_N & THR@_GLB FOR CALIBRATION
240521-15:14:33	[INFO]	<<-- FINISHED FINDING VREF_P, VREF_N & THR@_GLB FOR CALIBRATION
240521-15:14:33	[INFO]	--> SETTING THE CALIBRATION PARAMETERS
240521-15:14:33	[INFO]	<<-- FINISHED SETTING THE CALIBRATION PARAMETERS
240521-15:14:33	[INFO]	-->> CALIBRATING THE MODULE
240521-15:23:38	[INFO]	CAL_ASIC_HW_ADDR_7: ftrim_XA-000-08-002-001-006-213-11_HW_7_SET_58_23_118_36_R_30_247_elect.txt
240521-15:32:34	[INFO]	CAL_ASIC_HW_ADDR_6: ftrim_XA-000-08-002-001-006-221-11_HW_6_SET_56_26_118_32_R_30_247_elect.txt
240521-15:41:39	[INFO]	CAL_ASIC_HW_ADDR_5: ftrim_XA-000-08-002-001-006-212-11_HW_5_SET_56_25_118_30_R_30_247_elect.txt
240521-15:50:45	[INFO]	CAL_ASIC_HW_ADDR_4: ftrim_XA-000-08-002-001-006-182-00_HW_4_SET_56_22_118_37_R_30_247_elect.txt
240521-15:59:42	[INFO]	CAL_ASIC_HW_ADDR_3: ftrim_XA-000-08-002-001-006-215-11_HW_3_SET_56_21_118_38_R_30_247_elect.txt
240521-16:08:51	[INFO]	CAL_ASIC_HW_ADDR_2: ftrim_XA-000-08-002-001-006-210-11_HW_2_SET_57_25_118_36_R_30_247_elect.txt
240521-16:18:06	[INFO]	CAL_ASIC_HW_ADDR_1: ftrim_XA-000-08-002-001-006-218-11_HW_1_SET_56_26_118_37_R_30_247_elect.txt
240521-16:27:15	[INFO]	CAL_ASIC_HW_ADDR_0: ftrim_XA-000-08-002-001-006-220-11_HW_0_SET_56_26_118_38_R_30_247_elect.txt
240521-16:36:13	[INFO]	CAL_ASIC_HW_ADDR_1: ftrim_XA-000-08-002-001-006-217-11_HW_1_SET_56_20_118_10_R_30_247_holes.txt
240521-16:44:55	[INFO]	CAL_ASIC_HW_ADDR_0: ftrim_XA-000-08-002-001-006-216-11_HW_0_SET_55_17_118_37_R_30_247_holes.txt
240521-16:53:41	[INFO]	CAL_ASIC_HW_ADDR_3: ftrim_XA-000-08-002-001-006-214-11_HW_3_SET_56_20_118_48_R_30_247_holes.txt
240521-17:02:38	[INFO]	CAL_ASIC_HW_ADDR_2: ftrim_XA-000-08-002-001-006-181-00_HW_2_SET_57_18_118_37_R_30_247_holes.txt
240521-17:11:26	[INFO]	CAL_ASIC_HW_ADDR_5: ftrim_XA-000-08-002-001-006-209-11_HW_5_SET_56_18_118_36_R_30_247_holes.txt
240521-17:20:36	[INFO]	CAL_ASIC_HW_ADDR_4: ftrim_XA-000-08-002-001-006-211-11_HW_4_SET_56_21_118_53_R_30_247_holes.txt
240521-17:29:31	[INFO]	CAL_ASIC_HW_ADDR_7: ftrim_XA-000-08-002-001-006-208-11_HW_7_SET_57_21_118_39_R_30_247_holes.txt
240521-17:38:44	[INFO]	CAL_ASIC_HW_ADDR_6: ftrim_XA-000-08-002-001-006-219-11_HW_6_SET_56_21_118_63_R_30_247_holes.txt
240521-17:38:44	[INFO]	<<-- FINISHED CALIBRATING THE MODULE
240521-17:38:44	[INFO]	--> SETTING THE CALIBRATION TRIM
240521-17:40:39	[INFO]	<<-- FINISHED SETTING THE CALIBRATION TRIM
240521-17:40:39	[INFO]	--> MEASURING ENC AND CHECKING CALIBRATION
240521-17:47:52	[INFO]	PSCAN_ASIC_HW_ADDR_7: pscan_240521_1740_XA-000-08-002-001-006-213-11_HW_7_SET_58_23_118_36_VP_0_255_1_NP_100_elect.txt
240521-17:55:02	[INFO]	PSCAN_ASIC_HW_ADDR_6: pscan_240521_1747_XA-000-08-002-001-006-221-11_HW_6_SET_56_26_118_32_VP_0_255_1_NP_100_elect.txt
240521-18:02:20	[INFO]	PSCAN_ASIC_HW_ADDR_5: pscan_240521_1755_XA-000-08-002-001-006-212-11_HW_5_SET_56_25_118_30_VP_0_255_1_NP_100_elect.txt
240521-18:09:37	[INFO]	PSCAN_ASIC_HW_ADDR_4: pscan_240521_1802_XA-000-08-002-001-006-182-00_HW_4_SET_56_22_118_37_VP_0_255_1_NP_100_elect.txt
240521-18:16:55	[INFO]	PSCAN_ASIC_HW_ADDR_3: pscan_240521_1809_XA-000-08-002-001-006-215-11_HW_3_SET_56_21_118_38_VP_0_255_1_NP_100_elect.txt
240521-18:24:12	[INFO]	PSCAN_ASIC_HW_ADDR_2: pscan_240521_1816_XA-000-08-002-001-006-210-11_HW_2_SET_57_25_118_36_VP_0_255_1_NP_100_elect.txt
240521-18:31:27	[INFO]	PSCAN_ASIC_HW_ADDR_1: pscan_240521_1824_XA-000-08-002-001-006-218-11_HW_1_SET_56_26_118_37_VP_0_255_1_NP_100_elect.txt
240521-18:38:31	[INFO]	PSCAN_ASIC_HW_ADDR_0: pscan_240521_1831_XA-000-08-002-001-006-220-11_HW_0_SET_56_26_118_38_VP_0_255_1_NP_100_elect.txt
240521-18:45:49	[INFO]	PSCAN_ASIC_HW_ADDR_1: pscan_240521_1838_XA-000-08-002-001-006-217-11_HW_1_SET_56_20_118_10_VP_0_255_1_NP_100_holes.txt
240521-18:53:04	[INFO]	PSCAN_ASIC_HW_ADDR_0: pscan_240521_1845_XA-000-08-002-001-006-216-11_HW_0_SET_55_17_118_37_VP_0_255_1_NP_100_holes.txt
240521-19:00:17	[INFO]	PSCAN_ASIC_HW_ADDR_3: pscan_240521_1853_XA-000-08-002-001-006-214-11_HW_3_SET_56_20_118_48_VP_0_255_1_NP_100_holes.txt
240521-19:07:34	[INFO]	PSCAN_ASIC_HW_ADDR_2: pscan_240521_1900_XA-000-08-002-001-006-181-00_HW_2_SET_57_18_118_37_VP_0_255_1_NP_100_holes.txt
240521-19:14:47	[INFO]	PSCAN_ASIC_HW_ADDR_5: pscan_240521_1907_XA-000-08-002-001-006-209-11_HW_5_SET_56_18_118_36_VP_0_255_1_NP_100_holes.txt
240521-19:21:58	[INFO]	PSCAN_ASIC_HW_ADDR_4: pscan_240521_1914_XA-000-08-002-001-006-211-11_HW_4_SET_56_21_118_53_VP_0_255_1_NP_100_holes.txt
240521-19:29:13	[INFO]	PSCAN_ASIC_HW_ADDR_7: pscan_240521_1921_XA-000-08-002-001-006-208-11_HW_7_SET_57_21_118_39_VP_0_255_1_NP_100_holes.txt
240521-19:36:27	[INFO]	PSCAN_ASIC_HW_ADDR_6: pscan_240521_1929_XA-000-08-002-001-006-219-11_HW_6_SET_56_21_118_63_VP_0_255_1_NP_100_holes.txt
240521-19:36:27	[INFO]	<<-- FINISHED MEASURING ENC AND CHECKING CALIBRATION
240523-13:37:34	MODULE_ID:	M5DL1B2001162B2_240523_1337
240523-13:37:34	[INFO]	TEST_CENTER: GSI
240523-13:37:34	[INFO]	OPERATOR_ID: Dairon Rodriguez Garces
240523-13:37:34	[INFO]	MODULE ID: 	M5DL1B2001162B2
240523-13:37:34	[INFO]	SENSOR_SIZE [mm]: 	62
240523-13:37:34	[INFO]	SENSOR_QGRADE: 	A
240523-13:37:46	[INFO]	-->> RUNNING SYNCHRONIZATION
240523-13:38:15	[INFO]	<<-- FINISHED SYNCHRONIZATION
240523-13:38:15	[INFO]	-->> READING LV VALUES BEFORE CONFIGURATION
240523-13:38:15	[INFO]	<<-- FINISHED READING LV VALUES BEFORE CONFIGURATION
240523-13:38:15	[INFO]	-->> LOADING STANDARD CONFIGURATION
240523-13:38:22	[INFO]	<<-- FINISHED LOADING STANDARD CONFIGURATION
240523-13:38:22	[INFO]	-->> READING ASICs ID
240523-13:38:23	[INFO]	<<-- FINISHED READING ASICs ID
240523-13:38:23	[INFO]	-->> LOADING DEFAULT TRIM VALUES
240523-13:39:21	[INFO]	<<-- FINISHED LOADING DEFAULT TRIM VALUES
240523-13:39:21	[INFO]	-->> READING LV VALUES AFTER CONFIGURATION
240523-13:39:31	[INFO]	<<-- FINISHED READING LV VALUES AFTER CONFIGURATION
240523-13:39:31	[INFO]	-->> READING VDDM & TEMPERATURE
240523-13:39:37	[INFO]	<<-- FINISHED READING VDDM & TEMPERATURE
240523-13:39:37	[INFO]	--> SETTING THE CALIBRATION TRIM
240523-13:41:25	[INFO]	<<-- FINISHED SETTING THE CALIBRATION TRIM
240523-13:41:25	[INFO]	--> CHECKING CHANNELS' CONNECTIVITY
240523-13:41:25	[INFO]	CONN-CHECK_ASIC_HW_ADDR_7: elect
240523-13:41:43	[INFO]	CONN-CHECK_ASIC_HW_ADDR_6: elect
240523-13:42:01	[INFO]	CONN-CHECK_ASIC_HW_ADDR_5: elect
240523-13:42:18	[INFO]	CONN-CHECK_ASIC_HW_ADDR_4: elect
240523-13:42:37	[INFO]	CONN-CHECK_ASIC_HW_ADDR_3: elect
240523-13:42:55	[INFO]	CONN-CHECK_ASIC_HW_ADDR_2: elect
240523-13:43:12	[INFO]	CONN-CHECK_ASIC_HW_ADDR_1: elect
240523-13:43:29	[INFO]	CONN-CHECK_ASIC_HW_ADDR_0: elect
240523-13:43:46	[INFO]	CONN-CHECK_ASIC_HW_ADDR_1: holes
240523-13:44:04	[INFO]	CONN-CHECK_ASIC_HW_ADDR_0: holes
240523-13:44:21	[INFO]	CONN-CHECK_ASIC_HW_ADDR_3: holes
240523-13:44:38	[INFO]	CONN-CHECK_ASIC_HW_ADDR_2: holes
240523-13:44:57	[INFO]	CONN-CHECK_ASIC_HW_ADDR_5: holes
240523-13:45:16	[INFO]	CONN-CHECK_ASIC_HW_ADDR_4: holes
240523-13:45:35	[INFO]	CONN-CHECK_ASIC_HW_ADDR_7: holes
240523-13:45:56	[INFO]	CONN-CHECK_ASIC_HW_ADDR_6: holes
240523-13:46:18	[INFO]	<<-- FINISHED CHECKING CHANNELS' CONNECTIVITY
