240801-11:48:27	MODULE_ID:	M4DL2T0001160A2
240801-11:48:27	[INFO]	TEST_CENTER: GSI
240801-11:48:27	[INFO]	OPERATOR_ID: Dairon Rodriguez Garces
240801-11:48:27	[INFO]	MODULE ID: 	M4DL2T0001160A2
240801-11:48:27	[INFO]	SENSOR_SIZE [mm]: 	42
240801-11:48:27	[INFO]	SENSOR_QGRADE: 	A
240801-11:49:28	[INFO]	-->> RUNNING SYNCHRONIZATION
240801-11:49:58	[INFO]	<<-- FINISHED SYNCHRONIZATION
240801-11:49:58	[INFO]	-->> READING LV VALUES BEFORE CONFIGURATION
240801-11:49:59	[INFO]	<<-- FINISHED READING LV VALUES BEFORE CONFIGURATION
240801-11:49:59	[INFO]	-->> LOADING STANDARD CONFIGURATION
240801-11:50:06	[INFO]	<<-- FINISHED LOADING STANDARD CONFIGURATION
240801-11:50:06	[INFO]	-->> READING ASICs ID
240801-11:50:07	[INFO]	<<-- FINISHED READING ASICs ID
240801-11:50:07	[INFO]	-->> LOADING DEFAULT TRIM VALUES
240801-11:51:06	[INFO]	<<-- FINISHED LOADING DEFAULT TRIM VALUES
240801-11:51:06	[INFO]	-->> READING LV VALUES AFTER CONFIGURATION
240801-11:51:17	[INFO]	<<-- FINISHED READING LV VALUES AFTER CONFIGURATION
240801-11:51:17	[INFO]	-->> READING VDDM & TEMPERATURE
240801-11:51:20	[INFO]	<<-- FINISHED READING VDDM & TEMPERATURE
240801-11:51:20	[INFO]	-->> LOADING DEFAULT TRIM VALUES
240801-11:52:17	[INFO]	<<-- FINISHED LOADING DEFAULT TRIM VALUES
240801-11:52:17	[INFO]	-->> FINDING VREF_P, VREF_N & THR@_GLB FOR CALIBRATION
240801-11:59:21	[INFO]	<<-- FINISHED FINDING VREF_P, VREF_N & THR@_GLB FOR CALIBRATION
240801-11:59:21	[INFO]	--> SETTING THE CALIBRATION PARAMETERS
240801-11:59:21	[INFO]	<<-- FINISHED SETTING THE CALIBRATION PARAMETERS
240801-11:59:21	[INFO]	-->> CALIBRATING THE MODULE
240801-12:08:31	[INFO]	CAL_ASIC_HW_ADDR_1: ftrim_XA-000-08-002-000-002-144-00_HW_1_SET_57_22_118_35_R_30_247_elect.txt
240801-12:17:50	[INFO]	CAL_ASIC_HW_ADDR_0: ftrim_XA-000-08-002-000-002-100-06_HW_0_SET_57_24_118_37_R_30_247_elect.txt
240801-12:27:28	[INFO]	CAL_ASIC_HW_ADDR_3: ftrim_XA-000-08-002-000-002-148-00_HW_3_SET_54_21_118_37_R_30_247_elect.txt
240801-12:36:43	[INFO]	CAL_ASIC_HW_ADDR_2: ftrim_XA-000-08-002-000-003-037-14_HW_2_SET_56_22_118_34_R_30_247_elect.txt
240801-12:45:55	[INFO]	CAL_ASIC_HW_ADDR_5: ftrim_XA-000-08-002-000-002-152-00_HW_5_SET_57_25_118_36_R_30_247_elect.txt
240801-12:55:06	[INFO]	CAL_ASIC_HW_ADDR_4: ftrim_XA-000-08-002-000-002-099-06_HW_4_SET_55_26_118_35_R_30_247_elect.txt
240801-13:04:11	[INFO]	CAL_ASIC_HW_ADDR_7: ftrim_XA-000-08-002-000-002-154-00_HW_7_SET_57_25_118_35_R_30_247_elect.txt
240801-13:13:12	[INFO]	CAL_ASIC_HW_ADDR_6: ftrim_XA-000-08-002-000-002-108-06_HW_6_SET_57_26_118_30_R_30_247_elect.txt
240801-13:22:17	[INFO]	CAL_ASIC_HW_ADDR_7: ftrim_XA-000-08-002-000-002-107-06_HW_7_SET_56_20_118_42_R_30_247_holes.txt
240801-13:31:25	[INFO]	CAL_ASIC_HW_ADDR_6: ftrim_XA-000-08-002-000-002-134-07_HW_6_SET_57_19_118_34_R_30_247_holes.txt
240801-13:40:34	[INFO]	CAL_ASIC_HW_ADDR_5: ftrim_XA-000-08-002-000-002-166-09_HW_5_SET_55_21_118_37_R_30_247_holes.txt
240801-13:49:50	[INFO]	CAL_ASIC_HW_ADDR_4: ftrim_XA-000-08-002-000-002-132-07_HW_4_SET_56_18_118_46_R_30_247_holes.txt
240801-13:58:59	[INFO]	CAL_ASIC_HW_ADDR_3: ftrim_XA-000-08-002-000-002-162-09_HW_3_SET_56_21_118_39_R_30_247_holes.txt
240801-14:08:08	[INFO]	CAL_ASIC_HW_ADDR_2: ftrim_XA-000-08-002-000-002-133-07_HW_2_SET_57_19_118_41_R_30_247_holes.txt
240801-14:17:14	[INFO]	CAL_ASIC_HW_ADDR_1: ftrim_XA-000-08-002-000-002-155-00_HW_1_SET_57_19_118_45_R_30_247_holes.txt
240801-14:26:30	[INFO]	CAL_ASIC_HW_ADDR_0: ftrim_XA-000-08-002-000-002-135-07_HW_0_SET_56_19_118_38_R_30_247_holes.txt
240801-14:26:30	[INFO]	<<-- FINISHED CALIBRATING THE MODULE
240801-14:26:30	[INFO]	--> SETTING THE CALIBRATION TRIM
240801-14:28:30	[INFO]	<<-- FINISHED SETTING THE CALIBRATION TRIM
240801-14:28:30	[INFO]	--> MEASURING ENC AND CHECKING CALIBRATION
240801-14:35:53	[INFO]	PSCAN_ASIC_HW_ADDR_1: pscan_240801_1428_XA-000-08-002-000-002-144-00_HW_1_SET_57_22_118_35_VP_0_255_1_NP_100_elect.txt
240801-14:43:13	[INFO]	PSCAN_ASIC_HW_ADDR_0: pscan_240801_1435_XA-000-08-002-000-002-100-06_HW_0_SET_57_24_118_37_VP_0_255_1_NP_100_elect.txt
240801-14:50:38	[INFO]	PSCAN_ASIC_HW_ADDR_3: pscan_240801_1443_XA-000-08-002-000-002-148-00_HW_3_SET_54_21_118_37_VP_0_255_1_NP_100_elect.txt
240801-14:58:01	[INFO]	PSCAN_ASIC_HW_ADDR_2: pscan_240801_1450_XA-000-08-002-000-003-037-14_HW_2_SET_56_22_118_34_VP_0_255_1_NP_100_elect.txt
240801-15:05:22	[INFO]	PSCAN_ASIC_HW_ADDR_5: pscan_240801_1458_XA-000-08-002-000-002-152-00_HW_5_SET_57_25_118_36_VP_0_255_1_NP_100_elect.txt
240801-15:12:44	[INFO]	PSCAN_ASIC_HW_ADDR_4: pscan_240801_1505_XA-000-08-002-000-002-099-06_HW_4_SET_55_26_118_35_VP_0_255_1_NP_100_elect.txt
240801-15:20:06	[INFO]	PSCAN_ASIC_HW_ADDR_7: pscan_240801_1512_XA-000-08-002-000-002-154-00_HW_7_SET_57_25_118_35_VP_0_255_1_NP_100_elect.txt
240801-15:27:31	[INFO]	PSCAN_ASIC_HW_ADDR_6: pscan_240801_1520_XA-000-08-002-000-002-108-06_HW_6_SET_57_26_118_30_VP_0_255_1_NP_100_elect.txt
240801-15:34:56	[INFO]	PSCAN_ASIC_HW_ADDR_7: pscan_240801_1527_XA-000-08-002-000-002-107-06_HW_7_SET_56_20_118_42_VP_0_255_1_NP_100_holes.txt
240801-15:42:22	[INFO]	PSCAN_ASIC_HW_ADDR_6: pscan_240801_1534_XA-000-08-002-000-002-134-07_HW_6_SET_57_19_118_34_VP_0_255_1_NP_100_holes.txt
240801-15:49:48	[INFO]	PSCAN_ASIC_HW_ADDR_5: pscan_240801_1542_XA-000-08-002-000-002-166-09_HW_5_SET_55_21_118_37_VP_0_255_1_NP_100_holes.txt
240801-15:57:16	[INFO]	PSCAN_ASIC_HW_ADDR_4: pscan_240801_1549_XA-000-08-002-000-002-132-07_HW_4_SET_56_18_118_46_VP_0_255_1_NP_100_holes.txt
240801-16:04:39	[INFO]	PSCAN_ASIC_HW_ADDR_3: pscan_240801_1557_XA-000-08-002-000-002-162-09_HW_3_SET_56_21_118_39_VP_0_255_1_NP_100_holes.txt
240801-16:12:07	[INFO]	PSCAN_ASIC_HW_ADDR_2: pscan_240801_1604_XA-000-08-002-000-002-133-07_HW_2_SET_57_19_118_41_VP_0_255_1_NP_100_holes.txt
240801-16:19:33	[INFO]	PSCAN_ASIC_HW_ADDR_1: pscan_240801_1612_XA-000-08-002-000-002-155-00_HW_1_SET_57_19_118_45_VP_0_255_1_NP_100_holes.txt
240801-16:27:19	[INFO]	PSCAN_ASIC_HW_ADDR_0: pscan_240801_1619_XA-000-08-002-000-002-135-07_HW_0_SET_56_19_118_38_VP_0_255_1_NP_100_holes.txt
240801-16:27:19	[INFO]	<<-- FINISHED MEASURING ENC AND CHECKING CALIBRATION
