240802-17:18:54	MODULE_ID:	M6DL4B2001202B2
240802-17:18:54	[INFO]	TEST_CENTER: GSI
240802-17:18:54	[INFO]	OPERATOR_ID: Dairon Rodriguez Garces
240802-17:18:54	[INFO]	MODULE ID: 	M6DL4B2001202B2
240802-17:18:54	[INFO]	SENSOR_SIZE [mm]: 	124
240802-17:18:54	[INFO]	SENSOR_QGRADE: 	C
240802-17:23:15	[INFO]	-->> RUNNING SYNCHRONIZATION
240802-17:23:46	[INFO]	<<-- FINISHED SYNCHRONIZATION
240802-17:23:46	[INFO]	-->> READING LV VALUES BEFORE CONFIGURATION
240802-17:23:47	[INFO]	<<-- FINISHED READING LV VALUES BEFORE CONFIGURATION
240802-17:23:47	[INFO]	-->> LOADING STANDARD CONFIGURATION
240802-17:23:55	[INFO]	<<-- FINISHED LOADING STANDARD CONFIGURATION
240802-17:23:55	[INFO]	-->> READING ASICs ID
240802-17:23:56	[INFO]	<<-- FINISHED READING ASICs ID
240802-17:23:56	[INFO]	-->> LOADING DEFAULT TRIM VALUES
240802-17:24:55	[INFO]	<<-- FINISHED LOADING DEFAULT TRIM VALUES
240802-17:24:55	[INFO]	-->> READING LV VALUES AFTER CONFIGURATION
240802-17:25:06	[INFO]	<<-- FINISHED READING LV VALUES AFTER CONFIGURATION
240802-17:25:06	[INFO]	-->> READING VDDM & TEMPERATURE
240802-17:25:09	[INFO]	<<-- FINISHED READING VDDM & TEMPERATURE
240802-17:25:09	[INFO]	-->> LOADING DEFAULT TRIM VALUES
240802-17:26:04	[INFO]	<<-- FINISHED LOADING DEFAULT TRIM VALUES
240802-17:26:04	[INFO]	-->> FINDING VREF_P, VREF_N & THR@_GLB FOR CALIBRATION
240802-17:33:10	[INFO]	<<-- FINISHED FINDING VREF_P, VREF_N & THR@_GLB FOR CALIBRATION
240802-17:33:10	[INFO]	--> SETTING THE CALIBRATION PARAMETERS
240802-17:33:10	[INFO]	<<-- FINISHED SETTING THE CALIBRATION PARAMETERS
240802-17:33:10	[INFO]	-->> CALIBRATING THE MODULE
240802-17:42:14	[INFO]	CAL_ASIC_HW_ADDR_7: ftrim_XA-000-08-002-001-008-168-14_HW_7_SET_58_28_118_10_R_30_247_elect.txt
240802-17:51:17	[INFO]	CAL_ASIC_HW_ADDR_6: ftrim_XA-000-08-002-001-008-247-12_HW_6_SET_56_26_118_38_R_30_247_elect.txt
240802-18:00:18	[INFO]	CAL_ASIC_HW_ADDR_5: ftrim_XA-000-08-002-001-008-166-14_HW_5_SET_57_26_118_37_R_30_247_elect.txt
240802-18:09:17	[INFO]	CAL_ASIC_HW_ADDR_4: ftrim_XA-000-08-002-002-006-010-02_HW_4_SET_54_25_118_35_R_30_247_elect.txt
240802-18:18:19	[INFO]	CAL_ASIC_HW_ADDR_3: ftrim_XA-000-08-002-001-008-208-02_HW_3_SET_56_25_118_36_R_30_247_elect.txt
240802-18:27:23	[INFO]	CAL_ASIC_HW_ADDR_2: ftrim_XA-000-08-002-002-006-018-05_HW_2_SET_57_26_118_40_R_30_247_elect.txt
240802-18:36:28	[INFO]	CAL_ASIC_HW_ADDR_1: ftrim_XA-000-08-002-001-008-241-12_HW_1_SET_57_26_118_36_R_30_247_elect.txt
240802-18:45:34	[INFO]	CAL_ASIC_HW_ADDR_0: ftrim_XA-000-08-002-001-008-238-11_HW_0_SET_57_27_118_47_R_30_247_elect.txt
240802-18:54:36	[INFO]	CAL_ASIC_HW_ADDR_1: ftrim_XA-000-08-002-001-008-201-05_HW_1_SET_57_22_118_10_R_30_247_holes.txt
240802-19:03:41	[INFO]	CAL_ASIC_HW_ADDR_0: ftrim_XA-000-08-002-001-008-165-14_HW_0_SET_57_22_118_55_R_30_247_holes.txt
240802-19:12:47	[INFO]	CAL_ASIC_HW_ADDR_3: ftrim_XA-000-08-002-001-008-199-05_HW_3_SET_56_21_118_37_R_30_247_holes.txt
240802-19:21:54	[INFO]	CAL_ASIC_HW_ADDR_2: ftrim_XA-000-08-002-001-008-204-05_HW_2_SET_56_22_118_32_R_30_247_holes.txt
240802-19:31:00	[INFO]	CAL_ASIC_HW_ADDR_5: ftrim_XA-000-08-002-001-008-203-05_HW_5_SET_56_22_118_36_R_30_247_holes.txt
240802-19:40:12	[INFO]	CAL_ASIC_HW_ADDR_4: ftrim_XA-000-08-002-001-007-220-06_HW_4_SET_56_21_118_36_R_30_247_holes.txt
240802-19:49:26	[INFO]	CAL_ASIC_HW_ADDR_7: ftrim_XA-000-08-002-001-008-195-05_HW_7_SET_57_22_118_41_R_30_247_holes.txt
240802-19:58:42	[INFO]	CAL_ASIC_HW_ADDR_6: ftrim_XA-000-08-002-001-008-200-05_HW_6_SET_58_22_118_34_R_30_247_holes.txt
240802-19:58:42	[INFO]	<<-- FINISHED CALIBRATING THE MODULE
240802-19:58:42	[INFO]	--> SETTING THE CALIBRATION TRIM
240802-20:00:35	[INFO]	<<-- FINISHED SETTING THE CALIBRATION TRIM
240802-20:00:35	[INFO]	--> MEASURING ENC AND CHECKING CALIBRATION
240802-20:07:43	[INFO]	PSCAN_ASIC_HW_ADDR_7: pscan_240802_2000_XA-000-08-002-001-008-168-14_HW_7_SET_58_28_118_10_VP_0_255_1_NP_100_elect.txt
240802-20:14:51	[INFO]	PSCAN_ASIC_HW_ADDR_6: pscan_240802_2007_XA-000-08-002-001-008-247-12_HW_6_SET_56_26_118_38_VP_0_255_1_NP_100_elect.txt
240802-20:21:58	[INFO]	PSCAN_ASIC_HW_ADDR_5: pscan_240802_2014_XA-000-08-002-001-008-166-14_HW_5_SET_57_26_118_37_VP_0_255_1_NP_100_elect.txt
240802-20:29:03	[INFO]	PSCAN_ASIC_HW_ADDR_4: pscan_240802_2021_XA-000-08-002-002-006-010-02_HW_4_SET_54_25_118_35_VP_0_255_1_NP_100_elect.txt
240802-20:36:10	[INFO]	PSCAN_ASIC_HW_ADDR_3: pscan_240802_2029_XA-000-08-002-001-008-208-02_HW_3_SET_56_25_118_36_VP_0_255_1_NP_100_elect.txt
240802-20:43:13	[INFO]	PSCAN_ASIC_HW_ADDR_2: pscan_240802_2036_XA-000-08-002-002-006-018-05_HW_2_SET_57_26_118_40_VP_0_255_1_NP_100_elect.txt
240802-20:50:23	[INFO]	PSCAN_ASIC_HW_ADDR_1: pscan_240802_2043_XA-000-08-002-001-008-241-12_HW_1_SET_57_26_118_36_VP_0_255_1_NP_100_elect.txt
240802-20:57:30	[INFO]	PSCAN_ASIC_HW_ADDR_0: pscan_240802_2050_XA-000-08-002-001-008-238-11_HW_0_SET_57_27_118_47_VP_0_255_1_NP_100_elect.txt
240802-21:04:39	[INFO]	PSCAN_ASIC_HW_ADDR_1: pscan_240802_2057_XA-000-08-002-001-008-201-05_HW_1_SET_57_22_118_10_VP_0_255_1_NP_100_holes.txt
240802-21:11:46	[INFO]	PSCAN_ASIC_HW_ADDR_0: pscan_240802_2104_XA-000-08-002-001-008-165-14_HW_0_SET_57_22_118_55_VP_0_255_1_NP_100_holes.txt
240802-21:18:52	[INFO]	PSCAN_ASIC_HW_ADDR_3: pscan_240802_2111_XA-000-08-002-001-008-199-05_HW_3_SET_56_21_118_37_VP_0_255_1_NP_100_holes.txt
240802-21:26:00	[INFO]	PSCAN_ASIC_HW_ADDR_2: pscan_240802_2118_XA-000-08-002-001-008-204-05_HW_2_SET_56_22_118_32_VP_0_255_1_NP_100_holes.txt
240802-21:33:16	[INFO]	PSCAN_ASIC_HW_ADDR_5: pscan_240802_2126_XA-000-08-002-001-008-203-05_HW_5_SET_56_22_118_36_VP_0_255_1_NP_100_holes.txt
240802-21:40:52	[INFO]	PSCAN_ASIC_HW_ADDR_4: pscan_240802_2133_XA-000-08-002-001-007-220-06_HW_4_SET_56_21_118_36_VP_0_255_1_NP_100_holes.txt
240802-21:48:55	[INFO]	PSCAN_ASIC_HW_ADDR_7: pscan_240802_2140_XA-000-08-002-001-008-195-05_HW_7_SET_57_22_118_41_VP_0_255_1_NP_100_holes.txt
240802-21:57:09	[INFO]	PSCAN_ASIC_HW_ADDR_6: pscan_240802_2148_XA-000-08-002-001-008-200-05_HW_6_SET_58_22_118_34_VP_0_255_1_NP_100_holes.txt
240802-21:57:09	[INFO]	<<-- FINISHED MEASURING ENC AND CHECKING CALIBRATION
240805-09:23:11	MODULE_ID:	M6DL4B2001202B2_240805_0923
240805-09:23:11	[INFO]	TEST_CENTER: GSI
240805-09:23:11	[INFO]	OPERATOR_ID: Dairon Rodriguez Garces
240805-09:23:11	[INFO]	MODULE ID: 	M6DL4B2001202B2
240805-09:23:11	[INFO]	SENSOR_SIZE [mm]: 	124
240805-09:23:11	[INFO]	SENSOR_QGRADE: 	C
240805-09:23:48	[INFO]	-->> RUNNING SYNCHRONIZATION
240805-09:31:12	MODULE_ID:	M6DL4B2001202B2_240805_0931
240805-09:31:12	[INFO]	TEST_CENTER: GSI
240805-09:31:12	[INFO]	OPERATOR_ID: Dairon Rodriguez Garces
240805-09:31:12	[INFO]	MODULE ID: 	M6DL4B2001202B2
240805-09:31:12	[INFO]	SENSOR_SIZE [mm]: 	124
240805-09:31:12	[INFO]	SENSOR_QGRADE: 	C
240805-09:31:34	[INFO]	-->> RUNNING SYNCHRONIZATION
240805-09:32:04	[INFO]	<<-- FINISHED SYNCHRONIZATION
240805-09:32:04	[INFO]	-->> READING LV VALUES BEFORE CONFIGURATION
240805-09:32:04	[INFO]	<<-- FINISHED READING LV VALUES BEFORE CONFIGURATION
240805-09:32:04	[INFO]	-->> LOADING STANDARD CONFIGURATION
240805-09:32:12	[INFO]	<<-- FINISHED LOADING STANDARD CONFIGURATION
240805-09:32:12	[INFO]	-->> READING ASICs ID
240805-09:32:13	[INFO]	<<-- FINISHED READING ASICs ID
240805-09:32:13	[INFO]	-->> LOADING DEFAULT TRIM VALUES
240805-09:33:11	[INFO]	<<-- FINISHED LOADING DEFAULT TRIM VALUES
240805-09:33:11	[INFO]	-->> READING LV VALUES AFTER CONFIGURATION
240805-09:33:21	[INFO]	<<-- FINISHED READING LV VALUES AFTER CONFIGURATION
240805-09:33:21	[INFO]	-->> READING VDDM & TEMPERATURE
240805-09:33:25	[INFO]	<<-- FINISHED READING VDDM & TEMPERATURE
240805-09:33:25	[INFO]	--> SETTING THE CALIBRATION TRIM
240805-09:35:36	[INFO]	<<-- FINISHED SETTING THE CALIBRATION TRIM
240805-09:35:36	[INFO]	--> CHECKING CHANNELS' CONNECTIVITY
240805-09:35:36	[INFO]	CONN-CHECK_ASIC_HW_ADDR_7: elect
240805-09:35:59	[INFO]	CONN-CHECK_ASIC_HW_ADDR_6: elect
240805-09:36:22	[INFO]	CONN-CHECK_ASIC_HW_ADDR_5: elect
240805-09:36:45	[INFO]	CONN-CHECK_ASIC_HW_ADDR_4: elect
240805-09:37:09	[INFO]	CONN-CHECK_ASIC_HW_ADDR_3: elect
240805-09:37:32	[INFO]	CONN-CHECK_ASIC_HW_ADDR_2: elect
240805-09:37:55	[INFO]	CONN-CHECK_ASIC_HW_ADDR_1: elect
240805-09:38:19	[INFO]	CONN-CHECK_ASIC_HW_ADDR_0: elect
240805-09:38:42	[INFO]	CONN-CHECK_ASIC_HW_ADDR_1: holes
240805-09:39:04	[INFO]	CONN-CHECK_ASIC_HW_ADDR_0: holes
240805-09:39:24	[INFO]	CONN-CHECK_ASIC_HW_ADDR_3: holes
240805-09:39:44	[INFO]	CONN-CHECK_ASIC_HW_ADDR_2: holes
240805-09:40:04	[INFO]	CONN-CHECK_ASIC_HW_ADDR_5: holes
240805-09:40:27	[INFO]	CONN-CHECK_ASIC_HW_ADDR_4: holes
240805-09:40:50	[INFO]	CONN-CHECK_ASIC_HW_ADDR_7: holes
240805-09:41:12	[INFO]	CONN-CHECK_ASIC_HW_ADDR_6: holes
240805-09:41:36	[INFO]	<<-- FINISHED CHECKING CHANNELS' CONNECTIVITY
240805-11:33:24	MODULE_ID:	M6DL4B2001202B2_240805_1133
240805-11:33:24	[INFO]	TEST_CENTER: GSI
240805-11:33:24	[INFO]	OPERATOR_ID: Dairon Rodriguez Garces
240805-11:33:24	[INFO]	MODULE ID: 	M6DL4B2001202B2
240805-11:33:24	[INFO]	SENSOR_SIZE [mm]: 	124
240805-11:33:24	[INFO]	SENSOR_QGRADE: 	C
240805-11:37:02	[INFO]	-->> RUNNING SYNCHRONIZATION
240805-11:37:32	[INFO]	<<-- FINISHED SYNCHRONIZATION
240805-11:37:32	[INFO]	-->> READING LV VALUES BEFORE CONFIGURATION
240805-11:37:32	[INFO]	<<-- FINISHED READING LV VALUES BEFORE CONFIGURATION
240805-11:37:32	[INFO]	-->> LOADING STANDARD CONFIGURATION
240805-11:37:40	[INFO]	<<-- FINISHED LOADING STANDARD CONFIGURATION
240805-11:37:40	[INFO]	-->> READING ASICs ID
240805-11:37:41	[INFO]	<<-- FINISHED READING ASICs ID
240805-11:37:41	[INFO]	-->> LOADING DEFAULT TRIM VALUES
240805-11:37:49	[INFO]	<<-- FINISHED LOADING DEFAULT TRIM VALUES
240805-11:37:49	[INFO]	-->> READING LV VALUES AFTER CONFIGURATION
240805-11:37:59	[INFO]	<<-- FINISHED READING LV VALUES AFTER CONFIGURATION
240805-11:37:59	[INFO]	-->> READING VDDM & TEMPERATURE
240805-11:38:02	[INFO]	<<-- FINISHED READING VDDM & TEMPERATURE
240805-11:38:02	[INFO]	-->> LOADING DEFAULT TRIM VALUES
240805-11:38:09	[INFO]	<<-- FINISHED LOADING DEFAULT TRIM VALUES
240805-11:38:09	[INFO]	-->> FINDING VREF_P, VREF_N & THR@_GLB FOR CALIBRATION
240805-11:39:06	[INFO]	<<-- FINISHED FINDING VREF_P, VREF_N & THR@_GLB FOR CALIBRATION
240805-11:39:06	[INFO]	--> SETTING THE CALIBRATION PARAMETERS
240805-11:39:06	[INFO]	<<-- FINISHED SETTING THE CALIBRATION PARAMETERS
240805-11:39:06	[INFO]	-->> CALIBRATING THE MODULE
240805-11:48:42	[INFO]	CAL_ASIC_HW_ADDR_7: ftrim_XA-000-08-002-001-008-168-14_HW_7_SET_58_28_118_10_R_30_247_elect.txt
240805-11:59:41	[INFO]	CAL_ASIC_HW_ADDR_1: ftrim_XA-000-08-002-001-008-241-12_HW_1_SET_58_26_118_36_R_30_247_elect.txt
240805-11:59:41	[INFO]	<<-- FINISHED CALIBRATING THE MODULE
240805-11:59:41	[INFO]	--> SETTING THE CALIBRATION TRIM
240805-11:59:58	[INFO]	<<-- FINISHED SETTING THE CALIBRATION TRIM
240805-11:59:58	[INFO]	--> MEASURING ENC AND CHECKING CALIBRATION
240805-12:08:32	[INFO]	PSCAN_ASIC_HW_ADDR_7: pscan_240805_1159_XA-000-08-002-001-008-168-14_HW_7_SET_58_28_118_10_VP_0_255_1_NP_100_elect.txt
240805-12:17:06	[INFO]	PSCAN_ASIC_HW_ADDR_1: pscan_240805_1208_XA-000-08-002-001-008-241-12_HW_1_SET_58_26_118_36_VP_0_255_1_NP_100_elect.txt
240805-12:17:06	[INFO]	<<-- FINISHED MEASURING ENC AND CHECKING CALIBRATION
