240724-12:16:06	MODULE_ID:	M5UL1T4010164B2
240724-12:16:06	[INFO]	TEST_CENTER: GSI
240724-12:16:06	[INFO]	OPERATOR_ID: Dairon Rodriguez Garces
240724-12:16:06	[INFO]	MODULE ID: 	M5UL1T4010164B2
240724-12:16:06	[INFO]	SENSOR_SIZE [mm]: 	124
240724-12:16:06	[INFO]	SENSOR_QGRADE: 	C
240724-12:17:14	[INFO]	-->> RUNNING SYNCHRONIZATION
240724-12:17:43	[INFO]	<<-- FINISHED SYNCHRONIZATION
240724-12:17:43	[INFO]	-->> READING LV VALUES BEFORE CONFIGURATION
240724-12:17:43	[INFO]	<<-- FINISHED READING LV VALUES BEFORE CONFIGURATION
240724-12:17:43	[INFO]	-->> LOADING STANDARD CONFIGURATION
240724-12:17:50	[INFO]	<<-- FINISHED LOADING STANDARD CONFIGURATION
240724-12:17:50	[INFO]	-->> READING ASICs ID
240724-12:17:51	[INFO]	<<-- FINISHED READING ASICs ID
240724-12:17:51	[INFO]	-->> READING LV VALUES AFTER CONFIGURATION
240724-12:18:01	[INFO]	<<-- FINISHED READING LV VALUES AFTER CONFIGURATION
240724-12:18:01	[INFO]	-->> READING VDDM & TEMPERATURE
240724-12:18:04	[INFO]	<<-- FINISHED READING VDDM & TEMPERATURE
240724-12:18:04	[INFO]	-->> LOADING DEFAULT TRIM VALUES
240724-12:19:06	[INFO]	<<-- FINISHED LOADING DEFAULT TRIM VALUES
240724-12:19:06	[INFO]	-->> FINDING VREF_P, VREF_N & THR@_GLB FOR CALIBRATION
240724-12:26:55	[INFO]	<<-- FINISHED FINDING VREF_P, VREF_N & THR@_GLB FOR CALIBRATION
240724-12:26:55	[INFO]	--> SETTING THE CALIBRATION PARAMETERS
240724-12:26:56	[INFO]	<<-- FINISHED SETTING THE CALIBRATION PARAMETERS
240724-12:26:56	[INFO]	-->> CALIBRATING THE MODULE
240724-12:36:08	[INFO]	CAL_ASIC_HW_ADDR_7: ftrim_XA-000-08-003-000-001-002-09_HW_7_SET_56_25_118_33_R_30_247_elect.txt
240724-12:45:06	[INFO]	CAL_ASIC_HW_ADDR_6: ftrim_XA-000-08-003-000-001-053-00_HW_6_SET_56_24_118_48_R_30_247_elect.txt
240724-12:53:58	[INFO]	CAL_ASIC_HW_ADDR_5: ftrim_XA-000-08-003-000-001-012-09_HW_5_SET_56_24_118_32_R_30_247_elect.txt
240724-13:02:45	[INFO]	CAL_ASIC_HW_ADDR_4: ftrim_XA-000-08-003-000-001-050-00_HW_4_SET_56_29_118_42_R_30_247_elect.txt
240724-13:11:41	[INFO]	CAL_ASIC_HW_ADDR_3: ftrim_XA-000-08-003-000-001-009-09_HW_3_SET_58_26_118_34_R_30_247_elect.txt
240724-13:20:35	[INFO]	CAL_ASIC_HW_ADDR_2: ftrim_XA-000-08-003-000-001-058-00_HW_2_SET_55_23_118_40_R_30_247_elect.txt
240724-13:29:34	[INFO]	CAL_ASIC_HW_ADDR_1: ftrim_XA-000-08-003-000-001-014-09_HW_1_SET_57_24_118_40_R_30_247_elect.txt
240724-13:38:22	[INFO]	CAL_ASIC_HW_ADDR_0: ftrim_XA-000-08-003-000-001-064-12_HW_0_SET_56_22_118_62_R_30_247_elect.txt
240724-13:47:09	[INFO]	CAL_ASIC_HW_ADDR_1: ftrim_XA-000-08-003-000-000-253-02_HW_1_SET_55_24_118_10_R_30_247_holes.txt
240724-13:55:59	[INFO]	CAL_ASIC_HW_ADDR_0: ftrim_XA-000-08-003-000-001-007-09_HW_0_SET_57_22_118_10_R_30_247_holes.txt
240724-14:04:50	[INFO]	CAL_ASIC_HW_ADDR_3: ftrim_XA-000-08-003-000-001-005-09_HW_3_SET_56_21_118_45_R_30_247_holes.txt
240724-14:13:37	[INFO]	CAL_ASIC_HW_ADDR_2: ftrim_XA-000-08-003-000-001-011-09_HW_2_SET_58_20_118_46_R_30_247_holes.txt
240724-14:22:24	[INFO]	CAL_ASIC_HW_ADDR_5: ftrim_XA-000-08-003-000-001-010-09_HW_5_SET_56_19_118_50_R_30_247_holes.txt
240724-14:31:09	[INFO]	CAL_ASIC_HW_ADDR_4: ftrim_XA-000-08-003-000-001-001-09_HW_4_SET_56_18_118_48_R_30_247_holes.txt
240724-14:39:56	[INFO]	CAL_ASIC_HW_ADDR_7: ftrim_XA-000-08-003-000-001-000-09_HW_7_SET_57_22_118_50_R_30_247_holes.txt
240724-14:48:44	[INFO]	CAL_ASIC_HW_ADDR_6: ftrim_XA-000-08-003-000-001-008-09_HW_6_SET_57_19_118_45_R_30_247_holes.txt
240724-14:48:44	[INFO]	<<-- FINISHED CALIBRATING THE MODULE
240724-14:48:44	[INFO]	--> SETTING THE CALIBRATION TRIM
240724-14:50:34	[INFO]	<<-- FINISHED SETTING THE CALIBRATION TRIM
240724-14:50:34	[INFO]	--> MEASURING ENC AND CHECKING CALIBRATION
240724-14:57:36	[INFO]	PSCAN_ASIC_HW_ADDR_7: pscan_240724_1450_XA-000-08-003-000-001-002-09_HW_7_SET_56_25_118_33_VP_0_255_1_NP_100_elect.txt
240724-15:04:38	[INFO]	PSCAN_ASIC_HW_ADDR_6: pscan_240724_1457_XA-000-08-003-000-001-053-00_HW_6_SET_56_24_118_48_VP_0_255_1_NP_100_elect.txt
240724-15:11:45	[INFO]	PSCAN_ASIC_HW_ADDR_5: pscan_240724_1504_XA-000-08-003-000-001-012-09_HW_5_SET_56_24_118_32_VP_0_255_1_NP_100_elect.txt
240724-15:18:51	[INFO]	PSCAN_ASIC_HW_ADDR_4: pscan_240724_1511_XA-000-08-003-000-001-050-00_HW_4_SET_56_29_118_42_VP_0_255_1_NP_100_elect.txt
240724-15:26:02	[INFO]	PSCAN_ASIC_HW_ADDR_3: pscan_240724_1518_XA-000-08-003-000-001-009-09_HW_3_SET_58_26_118_34_VP_0_255_1_NP_100_elect.txt
240724-15:33:13	[INFO]	PSCAN_ASIC_HW_ADDR_2: pscan_240724_1526_XA-000-08-003-000-001-058-00_HW_2_SET_55_23_118_40_VP_0_255_1_NP_100_elect.txt
240724-15:40:17	[INFO]	PSCAN_ASIC_HW_ADDR_1: pscan_240724_1533_XA-000-08-003-000-001-014-09_HW_1_SET_57_24_118_40_VP_0_255_1_NP_100_elect.txt
240724-15:47:22	[INFO]	PSCAN_ASIC_HW_ADDR_0: pscan_240724_1540_XA-000-08-003-000-001-064-12_HW_0_SET_56_22_118_62_VP_0_255_1_NP_100_elect.txt
240724-15:54:29	[INFO]	PSCAN_ASIC_HW_ADDR_1: pscan_240724_1547_XA-000-08-003-000-000-253-02_HW_1_SET_55_24_118_10_VP_0_255_1_NP_100_holes.txt
240724-16:01:43	[INFO]	PSCAN_ASIC_HW_ADDR_0: pscan_240724_1554_XA-000-08-003-000-001-007-09_HW_0_SET_57_22_118_10_VP_0_255_1_NP_100_holes.txt
240724-16:08:51	[INFO]	PSCAN_ASIC_HW_ADDR_3: pscan_240724_1601_XA-000-08-003-000-001-005-09_HW_3_SET_56_21_118_45_VP_0_255_1_NP_100_holes.txt
240724-16:16:07	[INFO]	PSCAN_ASIC_HW_ADDR_2: pscan_240724_1608_XA-000-08-003-000-001-011-09_HW_2_SET_58_20_118_46_VP_0_255_1_NP_100_holes.txt
240724-16:23:23	[INFO]	PSCAN_ASIC_HW_ADDR_5: pscan_240724_1616_XA-000-08-003-000-001-010-09_HW_5_SET_56_19_118_50_VP_0_255_1_NP_100_holes.txt
240724-16:30:40	[INFO]	PSCAN_ASIC_HW_ADDR_4: pscan_240724_1623_XA-000-08-003-000-001-001-09_HW_4_SET_56_18_118_48_VP_0_255_1_NP_100_holes.txt
240724-16:38:00	[INFO]	PSCAN_ASIC_HW_ADDR_7: pscan_240724_1630_XA-000-08-003-000-001-000-09_HW_7_SET_57_22_118_50_VP_0_255_1_NP_100_holes.txt
240724-16:45:14	[INFO]	PSCAN_ASIC_HW_ADDR_6: pscan_240724_1638_XA-000-08-003-000-001-008-09_HW_6_SET_57_19_118_45_VP_0_255_1_NP_100_holes.txt
240724-16:45:14	[INFO]	<<-- FINISHED MEASURING ENC AND CHECKING CALIBRATION
