240731-17:50:40	MODULE_ID:	M4DL2B0001160B2
240731-17:50:40	[INFO]	TEST_CENTER: GSI
240731-17:50:40	[INFO]	OPERATOR_ID: Dairon Rodriguez Garces
240731-17:50:40	[INFO]	MODULE ID: 	M4DL2B0001160B2
240731-17:50:40	[INFO]	SENSOR_SIZE [mm]: 	42
240731-17:50:40	[INFO]	SENSOR_QGRADE: 	A
240731-17:51:10	[INFO]	-->> RUNNING SYNCHRONIZATION
240731-17:51:40	[INFO]	<<-- FINISHED SYNCHRONIZATION
240731-17:51:40	[INFO]	-->> READING LV VALUES BEFORE CONFIGURATION
240731-17:51:40	[INFO]	<<-- FINISHED READING LV VALUES BEFORE CONFIGURATION
240731-17:51:40	[INFO]	-->> LOADING STANDARD CONFIGURATION
240731-17:51:47	[INFO]	<<-- FINISHED LOADING STANDARD CONFIGURATION
240731-17:51:47	[INFO]	-->> READING ASICs ID
240731-17:51:48	[INFO]	<<-- FINISHED READING ASICs ID
240731-17:51:48	[INFO]	-->> READING LV VALUES AFTER CONFIGURATION
240731-17:51:58	[INFO]	<<-- FINISHED READING LV VALUES AFTER CONFIGURATION
240731-17:51:58	[INFO]	-->> READING VDDM & TEMPERATURE
240731-17:52:01	[INFO]	<<-- FINISHED READING VDDM & TEMPERATURE
240731-17:52:01	[INFO]	-->> LOADING DEFAULT TRIM VALUES
240731-17:52:31	[INFO]	<<-- FINISHED LOADING DEFAULT TRIM VALUES
240731-17:52:31	[INFO]	-->> FINDING VREF_P, VREF_N & THR@_GLB FOR CALIBRATION
240731-17:56:16	[INFO]	<<-- FINISHED FINDING VREF_P, VREF_N & THR@_GLB FOR CALIBRATION
240731-17:56:16	[INFO]	--> SETTING THE CALIBRATION PARAMETERS
240731-17:56:16	[INFO]	<<-- FINISHED SETTING THE CALIBRATION PARAMETERS
240731-17:56:16	[INFO]	-->> CALIBRATING THE MODULE
240731-18:05:08	[INFO]	CAL_ASIC_HW_ADDR_1: ftrim_XA-000-08-002-000-000-123-02_HW_1_SET_57_21_118_64_R_30_247_holes.txt
240731-18:14:15	[INFO]	CAL_ASIC_HW_ADDR_0: ftrim_XA-000-08-002-000-002-167-09_HW_0_SET_55_19_118_58_R_30_247_holes.txt
240731-18:23:37	[INFO]	CAL_ASIC_HW_ADDR_3: ftrim_XA-000-08-002-000-000-120-02_HW_3_SET_55_21_118_33_R_30_247_holes.txt
240731-18:32:38	[INFO]	CAL_ASIC_HW_ADDR_2: ftrim_XA-000-08-002-000-003-034-14_HW_2_SET_56_17_118_41_R_30_247_holes.txt
240731-18:41:44	[INFO]	CAL_ASIC_HW_ADDR_5: ftrim_XA-000-08-002-000-000-119-02_HW_5_SET_57_21_118_37_R_30_247_holes.txt
240731-18:50:48	[INFO]	CAL_ASIC_HW_ADDR_4: ftrim_XA-000-08-002-000-003-033-14_HW_4_SET_56_19_118_39_R_30_247_holes.txt
240731-18:59:53	[INFO]	CAL_ASIC_HW_ADDR_7: ftrim_XA-000-08-002-000-004-192-07_HW_7_SET_56_19_118_36_R_30_247_holes.txt
240731-19:09:00	[INFO]	CAL_ASIC_HW_ADDR_6: ftrim_XA-000-08-002-000-004-191-11_HW_6_SET_56_18_118_35_R_30_247_holes.txt
240731-19:09:00	[INFO]	<<-- FINISHED CALIBRATING THE MODULE
240731-19:09:00	[INFO]	--> SETTING THE CALIBRATION TRIM
240731-19:09:59	[INFO]	<<-- FINISHED SETTING THE CALIBRATION TRIM
240731-19:09:59	[INFO]	--> MEASURING ENC AND CHECKING CALIBRATION
240731-19:17:04	[INFO]	PSCAN_ASIC_HW_ADDR_1: pscan_240731_1909_XA-000-08-002-000-000-123-02_HW_1_SET_57_21_118_64_VP_0_255_1_NP_100_holes.txt
240731-19:24:10	[INFO]	PSCAN_ASIC_HW_ADDR_0: pscan_240731_1917_XA-000-08-002-000-002-167-09_HW_0_SET_55_19_118_58_VP_0_255_1_NP_100_holes.txt
240731-19:31:11	[INFO]	PSCAN_ASIC_HW_ADDR_3: pscan_240731_1924_XA-000-08-002-000-000-120-02_HW_3_SET_55_21_118_33_VP_0_255_1_NP_100_holes.txt
240731-19:38:18	[INFO]	PSCAN_ASIC_HW_ADDR_2: pscan_240731_1931_XA-000-08-002-000-003-034-14_HW_2_SET_56_17_118_41_VP_0_255_1_NP_100_holes.txt
240731-19:45:14	[INFO]	PSCAN_ASIC_HW_ADDR_5: pscan_240731_1938_XA-000-08-002-000-000-119-02_HW_5_SET_57_21_118_37_VP_0_255_1_NP_100_holes.txt
240731-19:52:20	[INFO]	PSCAN_ASIC_HW_ADDR_4: pscan_240731_1945_XA-000-08-002-000-003-033-14_HW_4_SET_56_19_118_39_VP_0_255_1_NP_100_holes.txt
240731-19:59:19	[INFO]	PSCAN_ASIC_HW_ADDR_7: pscan_240731_1952_XA-000-08-002-000-004-192-07_HW_7_SET_56_19_118_36_VP_0_255_1_NP_100_holes.txt
240731-20:06:11	[INFO]	PSCAN_ASIC_HW_ADDR_6: pscan_240731_1959_XA-000-08-002-000-004-191-11_HW_6_SET_56_18_118_35_VP_0_255_1_NP_100_holes.txt
240731-20:06:11	[INFO]	<<-- FINISHED MEASURING ENC AND CHECKING CALIBRATION
240801-09:33:10	MODULE_ID:	M4DL2B0001160B2_240801_0933
240801-09:33:10	[INFO]	TEST_CENTER: GSI
240801-09:33:10	[INFO]	OPERATOR_ID: Dairon Rodriguez Garces
240801-09:33:10	[INFO]	MODULE ID: 	M4DL2B0001160B2
240801-09:33:10	[INFO]	SENSOR_SIZE [mm]: 	42
240801-09:33:10	[INFO]	SENSOR_QGRADE: 	A
240801-09:33:37	[INFO]	-->> RUNNING SYNCHRONIZATION
240801-09:34:10	[INFO]	<<-- FINISHED SYNCHRONIZATION
240801-09:34:10	[INFO]	-->> READING LV VALUES BEFORE CONFIGURATION
240801-09:34:10	[INFO]	<<-- FINISHED READING LV VALUES BEFORE CONFIGURATION
240801-09:34:10	[INFO]	-->> LOADING STANDARD CONFIGURATION
240801-09:34:19	[INFO]	<<-- FINISHED LOADING STANDARD CONFIGURATION
240801-09:34:19	[INFO]	-->> READING ASICs ID
240801-09:34:21	[INFO]	<<-- FINISHED READING ASICs ID
240801-09:34:21	[INFO]	-->> READING LV VALUES AFTER CONFIGURATION
240801-09:34:31	[INFO]	<<-- FINISHED READING LV VALUES AFTER CONFIGURATION
240801-09:34:31	[INFO]	-->> READING VDDM & TEMPERATURE
240801-09:34:34	[INFO]	<<-- FINISHED READING VDDM & TEMPERATURE
240801-09:34:34	[INFO]	--> SETTING THE CALIBRATION TRIM
240801-09:36:04	[INFO]	<<-- FINISHED SETTING THE CALIBRATION TRIM
240801-09:36:04	[INFO]	--> CHECKING CHANNELS' CONNECTIVITY
240801-09:36:04	[INFO]	CONN-CHECK_ASIC_HW_ADDR_7: elect
240801-09:36:24	[INFO]	CONN-CHECK_ASIC_HW_ADDR_6: elect
240801-09:36:40	[INFO]	CONN-CHECK_ASIC_HW_ADDR_5: elect
240801-09:36:58	[INFO]	CONN-CHECK_ASIC_HW_ADDR_4: elect
240801-09:37:16	[INFO]	CONN-CHECK_ASIC_HW_ADDR_3: elect
240801-09:37:35	[INFO]	CONN-CHECK_ASIC_HW_ADDR_2: elect
240801-09:37:53	[INFO]	CONN-CHECK_ASIC_HW_ADDR_1: elect
240801-09:38:10	[INFO]	CONN-CHECK_ASIC_HW_ADDR_0: elect
240801-09:38:27	[INFO]	CONN-CHECK_ASIC_HW_ADDR_1: holes
240801-09:38:44	[INFO]	CONN-CHECK_ASIC_HW_ADDR_0: holes
240801-09:39:01	[INFO]	CONN-CHECK_ASIC_HW_ADDR_3: holes
240801-09:39:18	[INFO]	CONN-CHECK_ASIC_HW_ADDR_2: holes
240801-09:39:35	[INFO]	CONN-CHECK_ASIC_HW_ADDR_5: holes
240801-09:39:52	[INFO]	CONN-CHECK_ASIC_HW_ADDR_4: holes
240801-09:40:09	[INFO]	CONN-CHECK_ASIC_HW_ADDR_7: holes
240801-09:40:26	[INFO]	CONN-CHECK_ASIC_HW_ADDR_6: holes
240801-09:40:43	[INFO]	<<-- FINISHED CHECKING CHANNELS' CONNECTIVITY
240801-10:01:30	MODULE_ID:	M4DL2B0001160B2_240801_1001
240801-10:01:30	[INFO]	TEST_CENTER: GSI
240801-10:01:30	[INFO]	OPERATOR_ID: Dairon Rodriguez Garces
240801-10:01:30	[INFO]	MODULE ID: 	M4DL2B0001160B2
240801-10:01:30	[INFO]	SENSOR_SIZE [mm]: 	42
240801-10:01:30	[INFO]	SENSOR_QGRADE: 	A
240801-10:02:01	[INFO]	-->> RUNNING SYNCHRONIZATION
240801-10:02:31	[INFO]	<<-- FINISHED SYNCHRONIZATION
240801-10:02:31	[INFO]	-->> READING LV VALUES BEFORE CONFIGURATION
240801-10:02:31	[INFO]	<<-- FINISHED READING LV VALUES BEFORE CONFIGURATION
240801-10:02:31	[INFO]	-->> LOADING STANDARD CONFIGURATION
240801-10:02:39	[INFO]	<<-- FINISHED LOADING STANDARD CONFIGURATION
240801-10:02:39	[INFO]	-->> READING ASICs ID
240801-10:02:40	[INFO]	<<-- FINISHED READING ASICs ID
240801-10:02:40	[INFO]	-->> READING LV VALUES AFTER CONFIGURATION
240801-10:02:50	[INFO]	<<-- FINISHED READING LV VALUES AFTER CONFIGURATION
240801-10:02:50	[INFO]	-->> READING VDDM & TEMPERATURE
240801-10:02:54	[INFO]	<<-- FINISHED READING VDDM & TEMPERATURE
240801-10:02:54	[INFO]	-->> LOADING DEFAULT TRIM VALUES
240801-10:03:23	[INFO]	<<-- FINISHED LOADING DEFAULT TRIM VALUES
240801-10:03:23	[INFO]	-->> FINDING VREF_P, VREF_N & THR@_GLB FOR CALIBRATION
240801-10:07:32	[INFO]	<<-- FINISHED FINDING VREF_P, VREF_N & THR@_GLB FOR CALIBRATION
240801-10:07:32	[INFO]	--> SETTING THE CALIBRATION PARAMETERS
240801-10:07:32	[INFO]	<<-- FINISHED SETTING THE CALIBRATION PARAMETERS
240801-10:07:32	[INFO]	-->> CALIBRATING THE MODULE
240801-10:16:59	[INFO]	CAL_ASIC_HW_ADDR_7: ftrim_XA-000-08-002-000-003-036-14_HW_7_SET_57_23_118_34_R_30_247_elect.txt
240801-10:27:24	[INFO]	CAL_ASIC_HW_ADDR_6: ftrim_XA-000-08-002-000-006-249-13_HW_6_SET_56_20_118_40_R_30_247_elect.txt
240801-10:38:25	[INFO]	CAL_ASIC_HW_ADDR_5: ftrim_XA-000-08-002-000-003-038-14_HW_5_SET_57_21_118_36_R_30_247_elect.txt
240801-10:49:25	[INFO]	CAL_ASIC_HW_ADDR_4: ftrim_XA-000-08-002-000-002-160-09_HW_4_SET_56_21_118_37_R_30_247_elect.txt
240801-10:59:57	[INFO]	CAL_ASIC_HW_ADDR_3: ftrim_XA-000-08-002-000-002-159-00_HW_3_SET_56_23_118_36_R_30_247_elect.txt
240801-11:10:28	[INFO]	CAL_ASIC_HW_ADDR_2: ftrim_XA-000-08-002-000-002-156-00_HW_2_SET_56_23_118_39_R_30_247_elect.txt
240801-11:20:47	[INFO]	CAL_ASIC_HW_ADDR_1: ftrim_XA-000-08-002-000-002-165-09_HW_1_SET_56_25_118_31_R_30_247_elect.txt
240801-11:32:21	[INFO]	CAL_ASIC_HW_ADDR_0: ftrim_XA-000-08-002-000-002-161-09_HW_0_SET_55_21_118_36_R_30_247_elect.txt
240801-11:32:21	[INFO]	<<-- FINISHED CALIBRATING THE MODULE
240801-11:32:21	[INFO]	--> SETTING THE CALIBRATION TRIM
240801-11:33:30	[INFO]	<<-- FINISHED SETTING THE CALIBRATION TRIM
240801-11:33:30	[INFO]	--> MEASURING ENC AND CHECKING CALIBRATION
240801-11:42:08	[INFO]	PSCAN_ASIC_HW_ADDR_7: pscan_240801_1133_XA-000-08-002-000-003-036-14_HW_7_SET_57_23_118_34_VP_0_255_1_NP_100_elect.txt
240801-11:50:37	[INFO]	PSCAN_ASIC_HW_ADDR_6: pscan_240801_1142_XA-000-08-002-000-006-249-13_HW_6_SET_56_20_118_40_VP_0_255_1_NP_100_elect.txt
240801-11:57:41	[INFO]	PSCAN_ASIC_HW_ADDR_5: pscan_240801_1150_XA-000-08-002-000-003-038-14_HW_5_SET_57_21_118_36_VP_0_255_1_NP_100_elect.txt
240801-12:04:38	[INFO]	PSCAN_ASIC_HW_ADDR_4: pscan_240801_1157_XA-000-08-002-000-002-160-09_HW_4_SET_56_21_118_37_VP_0_255_1_NP_100_elect.txt
240801-12:11:32	[INFO]	PSCAN_ASIC_HW_ADDR_3: pscan_240801_1204_XA-000-08-002-000-002-159-00_HW_3_SET_56_23_118_36_VP_0_255_1_NP_100_elect.txt
240801-12:18:40	[INFO]	PSCAN_ASIC_HW_ADDR_2: pscan_240801_1211_XA-000-08-002-000-002-156-00_HW_2_SET_56_23_118_39_VP_0_255_1_NP_100_elect.txt
240801-12:26:01	[INFO]	PSCAN_ASIC_HW_ADDR_1: pscan_240801_1218_XA-000-08-002-000-002-165-09_HW_1_SET_56_25_118_31_VP_0_255_1_NP_100_elect.txt
240801-12:33:00	[INFO]	PSCAN_ASIC_HW_ADDR_0: pscan_240801_1226_XA-000-08-002-000-002-161-09_HW_0_SET_55_21_118_36_VP_0_255_1_NP_100_elect.txt
240801-12:33:00	[INFO]	<<-- FINISHED MEASURING ENC AND CHECKING CALIBRATION
