240108-17:31:44	MODULE_ID:	M3DL3B4001124B2
240108-17:31:51	[INFO]	TEST_CENTER: GSI
240108-17:32:42	[INFO]	OPERATOR_ID: None
240108-17:32:42	[INFO]	MODULE ID: 	M3DL3B4001124B2
240108-17:32:42	[INFO]	SENSOR_SIZE [mm]: 	124
240108-17:32:42	[INFO]	SENSOR_QGRADE: 	C
240108-17:33:19	[INFO]	-->> RUNNING SYNCHRONIZATION
240108-17:33:48	[INFO]	<<-- FINISHED SYNCHRONIZATION
240108-17:33:48	[INFO]	-->> READING LV VALUES BEFORE CONFIGURATION
240108-17:33:49	[INFO]	<<-- FINISHED READING LV VALUES BEFORE CONFIGURATION
240108-17:33:49	[INFO]	-->> LOADING STANDARD CONFIGURATION
240108-17:33:57	[INFO]	<<-- FINISHED LOADING STANDARD CONFIGURATION
240108-17:33:57	[INFO]	-->> READING ASICs ID
240108-17:33:58	[INFO]	<<-- FINISHED READING ASICs ID
240108-17:33:58	[INFO]	-->> LOADING DEFAULT TRIM VALUES
240108-17:34:46	[INFO]	<<-- FINISHED LOADING DEFAULT TRIM VALUES
240108-17:34:46	[INFO]	-->> READING LV VALUES AFTER CONFIGURATION
240108-17:34:57	[INFO]	<<-- FINISHED READING LV VALUES AFTER CONFIGURATION
240108-17:34:57	[INFO]	-->> READING VDDM & TEMPERATURE
240108-17:35:04	[INFO]	<<-- FINISHED READING VDDM & TEMPERATURE
240108-17:46:55	MODULE_ID:	M3DL3B4001124B2_240108_1746
240108-17:47:03	[INFO]	TEST_CENTER: GSI
240108-17:47:15	[INFO]	OPERATOR_ID: None
240108-17:47:15	[INFO]	MODULE ID: 	M3DL3B4001124B2
240108-17:47:15	[INFO]	SENSOR_SIZE [mm]: 	124
240108-17:47:15	[INFO]	SENSOR_QGRADE: 	C
240108-17:47:40	[INFO]	-->> RUNNING SYNCHRONIZATION
240108-17:48:06	[INFO]	<<-- FINISHED SYNCHRONIZATION
240108-17:48:06	[INFO]	-->> READING LV VALUES BEFORE CONFIGURATION
240108-17:48:07	[INFO]	<<-- FINISHED READING LV VALUES BEFORE CONFIGURATION
240108-17:48:07	[INFO]	-->> LOADING STANDARD CONFIGURATION
240108-17:48:12	[INFO]	<<-- FINISHED LOADING STANDARD CONFIGURATION
240108-17:48:12	[INFO]	-->> READING ASICs ID
240108-17:48:13	[INFO]	<<-- FINISHED READING ASICs ID
240108-17:48:13	[INFO]	-->> READING LV VALUES AFTER CONFIGURATION
240108-17:48:24	[INFO]	<<-- FINISHED READING LV VALUES AFTER CONFIGURATION
240108-17:48:24	[INFO]	-->> READING VDDM & TEMPERATURE
240108-17:48:30	[INFO]	<<-- FINISHED READING VDDM & TEMPERATURE
240108-17:48:30	[INFO]	-->> LOADING DEFAULT TRIM VALUES
240108-17:49:11	[INFO]	<<-- FINISHED LOADING DEFAULT TRIM VALUES
240108-17:49:11	[INFO]	-->> FINDING VREF_P, VREF_N & THR@_GLB FOR CALIBRATION
240108-17:54:52	[INFO]	<<-- FINISHED FINDING VREF_P, VREF_N & THR@_GLB FOR CALIBRATION
240108-17:54:52	[INFO]	--> SETTING THE CALIBRATION PARAMETERS
240108-17:54:52	[INFO]	<<-- FINISHED SETTING THE CALIBRATION PARAMETERS
240108-17:54:52	[INFO]	-->> CALIBRATING THE MODULE
240108-18:01:23	[INFO]	CAL_ASIC_HW_ADDR_0: ftrim_XA-000-08-002-000-001-243-05_HW_0_SET_57_25_118_49_R_30_247_elect.txt
240108-18:07:52	[INFO]	CAL_ASIC_HW_ADDR_1: ftrim_XA-000-08-002-000-003-086-02_HW_1_SET_54_23_118_42_R_30_247_elect.txt
240108-18:14:22	[INFO]	CAL_ASIC_HW_ADDR_2: ftrim_XA-000-08-002-000-003-082-02_HW_2_SET_56_26_118_42_R_30_247_elect.txt
240108-18:20:51	[INFO]	CAL_ASIC_HW_ADDR_3: ftrim_XA-000-08-002-000-003-089-02_HW_3_SET_57_25_118_38_R_30_247_elect.txt
240108-18:27:20	[INFO]	CAL_ASIC_HW_ADDR_4: ftrim_XA-000-08-002-000-003-083-02_HW_4_SET_57_25_118_28_R_30_247_elect.txt
240108-18:33:50	[INFO]	CAL_ASIC_HW_ADDR_5: ftrim_XA-000-08-002-000-003-085-02_HW_5_SET_56_22_118_40_R_30_247_elect.txt
240108-18:40:19	[INFO]	CAL_ASIC_HW_ADDR_6: ftrim_XA-000-08-002-000-003-084-02_HW_6_SET_55_23_118_33_R_30_247_elect.txt
240108-18:46:45	[INFO]	CAL_ASIC_HW_ADDR_7: ftrim_XA-000-08-002-000-003-088-02_HW_7_SET_57_24_118_31_R_30_247_elect.txt
240108-18:53:14	[INFO]	CAL_ASIC_HW_ADDR_0: ftrim_XA-000-08-002-000-001-242-05_HW_0_SET_57_22_118_48_R_30_247_holes.txt
240108-18:59:45	[INFO]	CAL_ASIC_HW_ADDR_1: ftrim_XA-000-08-002-000-001-228-02_HW_1_SET_58_26_118_58_R_30_247_holes.txt
240108-19:06:15	[INFO]	CAL_ASIC_HW_ADDR_2: ftrim_XA-000-08-002-000-001-240-05_HW_2_SET_56_21_118_33_R_30_247_holes.txt
240108-19:12:45	[INFO]	CAL_ASIC_HW_ADDR_3: ftrim_XA-000-08-002-000-001-232-02_HW_3_SET_58_20_118_32_R_30_247_holes.txt
240108-19:19:13	[INFO]	CAL_ASIC_HW_ADDR_4: ftrim_XA-000-08-002-000-001-235-02_HW_4_SET_56_19_118_33_R_30_247_holes.txt
240108-19:25:44	[INFO]	CAL_ASIC_HW_ADDR_5: ftrim_XA-000-08-002-000-001-239-02_HW_5_SET_57_20_118_25_R_30_247_holes.txt
240108-19:32:11	[INFO]	CAL_ASIC_HW_ADDR_6: ftrim_XA-000-08-002-000-001-229-02_HW_6_SET_57_21_118_32_R_30_247_holes.txt
240108-19:38:42	[INFO]	CAL_ASIC_HW_ADDR_7: ftrim_XA-000-08-002-000-001-241-05_HW_7_SET_58_20_118_28_R_30_247_holes.txt
240108-19:38:42	[INFO]	<<-- FINISHED CALIBRATING THE MODULE
240108-19:38:42	[INFO]	--> SETTING THE CALIBRATION TRIM
240108-19:40:05	[INFO]	<<-- FINISHED SETTING THE CALIBRATION TRIM
240108-19:40:05	[INFO]	--> MEASURING ENC AND CHECKING CALIBRATION
240108-19:45:36	[INFO]	PSCAN_ASIC_HW_ADDR_0: pscan_240108_1940_XA-000-08-002-000-001-243-05_HW_0_SET_57_25_118_49_VP_0_255_1_NP_100_elect.txt
240108-19:51:08	[INFO]	PSCAN_ASIC_HW_ADDR_1: pscan_240108_1945_XA-000-08-002-000-003-086-02_HW_1_SET_54_23_118_42_VP_0_255_1_NP_100_elect.txt
240108-19:56:39	[INFO]	PSCAN_ASIC_HW_ADDR_2: pscan_240108_1951_XA-000-08-002-000-003-082-02_HW_2_SET_56_26_118_42_VP_0_255_1_NP_100_elect.txt
240108-20:02:09	[INFO]	PSCAN_ASIC_HW_ADDR_3: pscan_240108_1956_XA-000-08-002-000-003-089-02_HW_3_SET_57_25_118_38_VP_0_255_1_NP_100_elect.txt
240108-20:07:39	[INFO]	PSCAN_ASIC_HW_ADDR_4: pscan_240108_2002_XA-000-08-002-000-003-083-02_HW_4_SET_57_25_118_28_VP_0_255_1_NP_100_elect.txt
240108-20:13:10	[INFO]	PSCAN_ASIC_HW_ADDR_5: pscan_240108_2007_XA-000-08-002-000-003-085-02_HW_5_SET_56_22_118_40_VP_0_255_1_NP_100_elect.txt
240108-20:18:41	[INFO]	PSCAN_ASIC_HW_ADDR_6: pscan_240108_2013_XA-000-08-002-000-003-084-02_HW_6_SET_55_23_118_33_VP_0_255_1_NP_100_elect.txt
240108-20:24:12	[INFO]	PSCAN_ASIC_HW_ADDR_7: pscan_240108_2018_XA-000-08-002-000-003-088-02_HW_7_SET_57_24_118_31_VP_0_255_1_NP_100_elect.txt
240108-20:29:41	[INFO]	PSCAN_ASIC_HW_ADDR_0: pscan_240108_2024_XA-000-08-002-000-001-242-05_HW_0_SET_57_22_118_48_VP_0_255_1_NP_100_holes.txt
240108-20:35:13	[INFO]	PSCAN_ASIC_HW_ADDR_1: pscan_240108_2029_XA-000-08-002-000-001-228-02_HW_1_SET_58_26_118_58_VP_0_255_1_NP_100_holes.txt
240108-20:40:47	[INFO]	PSCAN_ASIC_HW_ADDR_2: pscan_240108_2035_XA-000-08-002-000-001-240-05_HW_2_SET_56_21_118_33_VP_0_255_1_NP_100_holes.txt
240108-20:46:16	[INFO]	PSCAN_ASIC_HW_ADDR_3: pscan_240108_2040_XA-000-08-002-000-001-232-02_HW_3_SET_58_20_118_32_VP_0_255_1_NP_100_holes.txt
240108-20:51:48	[INFO]	PSCAN_ASIC_HW_ADDR_4: pscan_240108_2046_XA-000-08-002-000-001-235-02_HW_4_SET_56_19_118_33_VP_0_255_1_NP_100_holes.txt
240108-20:57:17	[INFO]	PSCAN_ASIC_HW_ADDR_5: pscan_240108_2051_XA-000-08-002-000-001-239-02_HW_5_SET_57_20_118_25_VP_0_255_1_NP_100_holes.txt
240108-21:02:48	[INFO]	PSCAN_ASIC_HW_ADDR_6: pscan_240108_2057_XA-000-08-002-000-001-229-02_HW_6_SET_57_21_118_32_VP_0_255_1_NP_100_holes.txt
240108-21:09:24	[INFO]	PSCAN_ASIC_HW_ADDR_7: pscan_240108_2102_XA-000-08-002-000-001-241-05_HW_7_SET_58_20_118_28_VP_0_255_1_NP_100_holes.txt
240108-21:09:24	[INFO]	<<-- FINISHED MEASURING ENC AND CHECKING CALIBRATION
240109-09:47:52	MODULE_ID:	M3DL3B4001124B2_240109_0947
240109-09:48:00	[INFO]	TEST_CENTER: GSI
240109-09:48:10	[INFO]	OPERATOR_ID: None
240109-09:48:10	[INFO]	MODULE ID: 	M3DL3B4001124B2
240109-09:48:10	[INFO]	SENSOR_SIZE [mm]: 	124
240109-09:48:10	[INFO]	SENSOR_QGRADE: 	C
240109-09:48:30	[INFO]	-->> RUNNING SYNCHRONIZATION
240109-09:48:55	[INFO]	<<-- FINISHED SYNCHRONIZATION
240109-09:48:55	[INFO]	-->> READING LV VALUES BEFORE CONFIGURATION
240109-09:48:56	[INFO]	<<-- FINISHED READING LV VALUES BEFORE CONFIGURATION
240109-09:48:56	[INFO]	-->> LOADING STANDARD CONFIGURATION
240109-09:49:02	[INFO]	<<-- FINISHED LOADING STANDARD CONFIGURATION
240109-09:49:02	[INFO]	-->> READING ASICs ID
240109-09:49:02	[INFO]	<<-- FINISHED READING ASICs ID
240109-09:49:02	[INFO]	-->> READING LV VALUES AFTER CONFIGURATION
240109-09:49:14	[INFO]	<<-- FINISHED READING LV VALUES AFTER CONFIGURATION
240109-09:49:14	[INFO]	-->> READING VDDM & TEMPERATURE
240109-09:49:20	[INFO]	<<-- FINISHED READING VDDM & TEMPERATURE
240109-09:49:20	[INFO]	--> SETTING THE CALIBRATION TRIM
240109-09:50:42	[INFO]	<<-- FINISHED SETTING THE CALIBRATION TRIM
240109-09:50:42	[INFO]	--> CHECKING CHANNELS' CONNECTIVITY
240109-09:50:42	[INFO]	CONN-CHECK_ASIC_HW_ADDR_0: elect
240109-09:50:55	[INFO]	CONN-CHECK_ASIC_HW_ADDR_1: elect
240109-09:51:08	[INFO]	CONN-CHECK_ASIC_HW_ADDR_2: elect
240109-09:51:21	[INFO]	CONN-CHECK_ASIC_HW_ADDR_3: elect
240109-09:51:35	[INFO]	CONN-CHECK_ASIC_HW_ADDR_4: elect
240109-09:51:48	[INFO]	CONN-CHECK_ASIC_HW_ADDR_5: elect
240109-09:52:01	[INFO]	CONN-CHECK_ASIC_HW_ADDR_6: elect
240109-09:52:14	[INFO]	CONN-CHECK_ASIC_HW_ADDR_7: elect
240109-09:52:28	[INFO]	CONN-CHECK_ASIC_HW_ADDR_0: holes
240109-09:52:41	[INFO]	CONN-CHECK_ASIC_HW_ADDR_1: holes
240109-09:52:54	[INFO]	CONN-CHECK_ASIC_HW_ADDR_2: holes
240109-09:53:06	[INFO]	CONN-CHECK_ASIC_HW_ADDR_3: holes
240109-09:53:19	[INFO]	CONN-CHECK_ASIC_HW_ADDR_4: holes
240109-09:53:31	[INFO]	CONN-CHECK_ASIC_HW_ADDR_5: holes
240109-09:53:43	[INFO]	CONN-CHECK_ASIC_HW_ADDR_6: holes
240109-09:53:55	[INFO]	CONN-CHECK_ASIC_HW_ADDR_7: holes
240109-09:54:07	[INFO]	<<-- FINISHED CHECKING CHANNELS' CONNECTIVITY
