240506-18:04:39	MODULE_ID:	M4UL4B0010320A2
240506-18:04:39	[INFO]	TEST_CENTER: GSI
240506-18:04:39	[INFO]	OPERATOR_ID: Dairon Rodriguez Garces
240506-18:04:39	[INFO]	MODULE ID: 	M4UL4B0010320A2
240506-18:04:39	[INFO]	SENSOR_SIZE [mm]: 	42
240506-18:04:39	[INFO]	SENSOR_QGRADE: 	C
240506-18:05:01	[INFO]	-->> RUNNING SYNCHRONIZATION
240506-18:05:32	[INFO]	<<-- FINISHED SYNCHRONIZATION
240506-18:05:32	[INFO]	-->> READING LV VALUES BEFORE CONFIGURATION
240506-18:05:32	[INFO]	<<-- FINISHED READING LV VALUES BEFORE CONFIGURATION
240506-18:05:32	[INFO]	-->> LOADING STANDARD CONFIGURATION
240506-18:05:39	[INFO]	<<-- FINISHED LOADING STANDARD CONFIGURATION
240506-18:05:39	[INFO]	-->> READING ASICs ID
240506-18:05:40	[INFO]	<<-- FINISHED READING ASICs ID
240506-18:05:40	[INFO]	-->> READING LV VALUES AFTER CONFIGURATION
240506-18:05:50	[INFO]	<<-- FINISHED READING LV VALUES AFTER CONFIGURATION
240506-18:05:50	[INFO]	-->> READING VDDM & TEMPERATURE
240506-18:05:57	[INFO]	<<-- FINISHED READING VDDM & TEMPERATURE
240506-18:05:57	[INFO]	-->> LOADING DEFAULT TRIM VALUES
240506-18:06:53	[INFO]	<<-- FINISHED LOADING DEFAULT TRIM VALUES
240506-18:06:53	[INFO]	-->> FINDING VREF_P, VREF_N & THR@_GLB FOR CALIBRATION
240506-18:13:56	[INFO]	<<-- FINISHED FINDING VREF_P, VREF_N & THR@_GLB FOR CALIBRATION
240506-18:13:56	[INFO]	--> SETTING THE CALIBRATION PARAMETERS
240506-18:13:56	[INFO]	<<-- FINISHED SETTING THE CALIBRATION PARAMETERS
240506-18:13:56	[INFO]	-->> CALIBRATING THE MODULE
240506-18:23:03	[INFO]	CAL_ASIC_HW_ADDR_1: ftrim_XA-000-08-002-000-001-191-00_HW_1_SET_58_27_118_34_R_30_247_elect.txt
240506-18:32:11	[INFO]	CAL_ASIC_HW_ADDR_0: ftrim_XA-000-08-003-000-000-001-04_HW_0_SET_58_24_118_37_R_30_247_elect.txt
240506-18:41:18	[INFO]	CAL_ASIC_HW_ADDR_3: ftrim_XA-000-08-002-000-001-070-06_HW_3_SET_57_28_118_34_R_30_247_elect.txt
240506-18:50:28	[INFO]	CAL_ASIC_HW_ADDR_2: ftrim_XA-000-08-002-000-006-002-11_HW_2_SET_57_25_118_35_R_30_247_elect.txt
240506-18:59:34	[INFO]	CAL_ASIC_HW_ADDR_5: ftrim_XA-000-08-003-000-000-013-04_HW_5_SET_58_25_118_31_R_30_247_elect.txt
240506-19:08:42	[INFO]	CAL_ASIC_HW_ADDR_4: ftrim_XA-000-08-002-000-005-252-03_HW_4_SET_57_26_118_36_R_30_247_elect.txt
240506-19:17:49	[INFO]	CAL_ASIC_HW_ADDR_7: ftrim_XA-000-08-003-000-000-004-04_HW_7_SET_56_25_118_38_R_30_247_elect.txt
240506-19:26:57	[INFO]	CAL_ASIC_HW_ADDR_6: ftrim_XA-000-08-002-000-006-001-11_HW_6_SET_56_24_118_39_R_30_247_elect.txt
240506-19:36:03	[INFO]	CAL_ASIC_HW_ADDR_7: ftrim_XA-000-08-002-000-001-108-08_HW_7_SET_57_26_118_10_R_30_247_holes.txt
240506-19:45:13	[INFO]	CAL_ASIC_HW_ADDR_6: ftrim_XA-000-08-002-000-001-208-11_HW_6_SET_57_23_118_39_R_30_247_holes.txt
240506-19:54:30	[INFO]	CAL_ASIC_HW_ADDR_5: ftrim_XA-000-08-002-000-001-109-08_HW_5_SET_56_22_118_32_R_30_247_holes.txt
240506-20:03:40	[INFO]	CAL_ASIC_HW_ADDR_4: ftrim_XA-000-08-002-000-001-075-06_HW_4_SET_57_21_118_44_R_30_247_holes.txt
240506-20:12:51	[INFO]	CAL_ASIC_HW_ADDR_3: ftrim_XA-000-08-002-000-001-180-00_HW_3_SET_58_23_118_41_R_30_247_holes.txt
240506-20:22:01	[INFO]	CAL_ASIC_HW_ADDR_2: ftrim_XA-000-08-002-001-006-005-03_HW_2_SET_56_21_118_41_R_30_247_holes.txt
240506-20:31:10	[INFO]	CAL_ASIC_HW_ADDR_1: ftrim_XA-000-08-002-000-001-199-12_HW_1_SET_58_26_118_38_R_30_247_holes.txt
240506-20:40:12	[INFO]	CAL_ASIC_HW_ADDR_0: ftrim_XA-000-08-002-000-001-210-11_HW_0_SET_56_23_118_39_R_30_247_holes.txt
240506-20:40:12	[INFO]	<<-- FINISHED CALIBRATING THE MODULE
240506-20:40:12	[INFO]	--> SETTING THE CALIBRATION TRIM
240506-20:42:04	[INFO]	<<-- FINISHED SETTING THE CALIBRATION TRIM
240506-20:42:04	[INFO]	--> MEASURING ENC AND CHECKING CALIBRATION
240506-20:49:16	[INFO]	PSCAN_ASIC_HW_ADDR_1: pscan_240506_2042_XA-000-08-002-000-001-191-00_HW_1_SET_58_27_118_34_VP_0_255_1_NP_100_elect.txt
240506-20:56:17	[INFO]	PSCAN_ASIC_HW_ADDR_0: pscan_240506_2049_XA-000-08-003-000-000-001-04_HW_0_SET_58_24_118_37_VP_0_255_1_NP_100_elect.txt
240506-21:03:17	[INFO]	PSCAN_ASIC_HW_ADDR_3: pscan_240506_2056_XA-000-08-002-000-001-070-06_HW_3_SET_57_28_118_34_VP_0_255_1_NP_100_elect.txt
240506-21:10:18	[INFO]	PSCAN_ASIC_HW_ADDR_2: pscan_240506_2103_XA-000-08-002-000-006-002-11_HW_2_SET_57_25_118_35_VP_0_255_1_NP_100_elect.txt
240506-21:17:19	[INFO]	PSCAN_ASIC_HW_ADDR_5: pscan_240506_2110_XA-000-08-003-000-000-013-04_HW_5_SET_58_25_118_31_VP_0_255_1_NP_100_elect.txt
240506-21:24:17	[INFO]	PSCAN_ASIC_HW_ADDR_4: pscan_240506_2117_XA-000-08-002-000-005-252-03_HW_4_SET_57_26_118_36_VP_0_255_1_NP_100_elect.txt
240506-21:31:18	[INFO]	PSCAN_ASIC_HW_ADDR_7: pscan_240506_2124_XA-000-08-003-000-000-004-04_HW_7_SET_56_25_118_38_VP_0_255_1_NP_100_elect.txt
240506-21:38:19	[INFO]	PSCAN_ASIC_HW_ADDR_6: pscan_240506_2131_XA-000-08-002-000-006-001-11_HW_6_SET_56_24_118_39_VP_0_255_1_NP_100_elect.txt
240506-21:45:23	[INFO]	PSCAN_ASIC_HW_ADDR_7: pscan_240506_2138_XA-000-08-002-000-001-108-08_HW_7_SET_57_26_118_10_VP_0_255_1_NP_100_holes.txt
240506-21:52:26	[INFO]	PSCAN_ASIC_HW_ADDR_6: pscan_240506_2145_XA-000-08-002-000-001-208-11_HW_6_SET_57_23_118_39_VP_0_255_1_NP_100_holes.txt
240506-21:59:27	[INFO]	PSCAN_ASIC_HW_ADDR_5: pscan_240506_2152_XA-000-08-002-000-001-109-08_HW_5_SET_56_22_118_32_VP_0_255_1_NP_100_holes.txt
240506-22:06:44	[INFO]	PSCAN_ASIC_HW_ADDR_4: pscan_240506_2159_XA-000-08-002-000-001-075-06_HW_4_SET_57_21_118_44_VP_0_255_1_NP_100_holes.txt
240506-22:13:52	[INFO]	PSCAN_ASIC_HW_ADDR_3: pscan_240506_2206_XA-000-08-002-000-001-180-00_HW_3_SET_58_23_118_41_VP_0_255_1_NP_100_holes.txt
240506-22:20:55	[INFO]	PSCAN_ASIC_HW_ADDR_2: pscan_240506_2213_XA-000-08-002-001-006-005-03_HW_2_SET_56_21_118_41_VP_0_255_1_NP_100_holes.txt
240506-22:27:57	[INFO]	PSCAN_ASIC_HW_ADDR_1: pscan_240506_2220_XA-000-08-002-000-001-199-12_HW_1_SET_58_26_118_38_VP_0_255_1_NP_100_holes.txt
240506-22:34:59	[INFO]	PSCAN_ASIC_HW_ADDR_0: pscan_240506_2227_XA-000-08-002-000-001-210-11_HW_0_SET_56_23_118_39_VP_0_255_1_NP_100_holes.txt
240506-22:34:59	[INFO]	<<-- FINISHED MEASURING ENC AND CHECKING CALIBRATION
240507-09:13:55	MODULE_ID:	M4UL4B0010320A2_240507_0913
240507-09:13:55	[INFO]	TEST_CENTER: GSI
240507-09:13:55	[INFO]	OPERATOR_ID: Dairon Rodriguez Garces
240507-09:13:55	[INFO]	MODULE ID: 	M4UL4B0010320A2
240507-09:13:55	[INFO]	SENSOR_SIZE [mm]: 	42
240507-09:13:55	[INFO]	SENSOR_QGRADE: 	C
240507-09:14:56	[INFO]	-->> RUNNING SYNCHRONIZATION
240507-09:15:25	[INFO]	<<-- FINISHED SYNCHRONIZATION
240507-09:15:25	[INFO]	-->> READING LV VALUES BEFORE CONFIGURATION
240507-09:15:26	[INFO]	<<-- FINISHED READING LV VALUES BEFORE CONFIGURATION
240507-09:15:26	[INFO]	-->> LOADING STANDARD CONFIGURATION
240507-09:15:33	[INFO]	<<-- FINISHED LOADING STANDARD CONFIGURATION
240507-09:15:33	[INFO]	-->> READING ASICs ID
240507-09:15:34	[INFO]	<<-- FINISHED READING ASICs ID
240507-09:15:34	[INFO]	-->> READING LV VALUES AFTER CONFIGURATION
240507-09:15:44	[INFO]	<<-- FINISHED READING LV VALUES AFTER CONFIGURATION
240507-09:15:44	[INFO]	-->> READING VDDM & TEMPERATURE
240507-09:15:51	[INFO]	<<-- FINISHED READING VDDM & TEMPERATURE
240507-09:15:51	[INFO]	--> SETTING THE CALIBRATION TRIM
240507-09:17:46	[INFO]	<<-- FINISHED SETTING THE CALIBRATION TRIM
240507-09:17:46	[INFO]	--> CHECKING CHANNELS' CONNECTIVITY
240507-09:17:46	[INFO]	CONN-CHECK_ASIC_HW_ADDR_1: elect
240507-09:18:04	[INFO]	CONN-CHECK_ASIC_HW_ADDR_0: elect
240507-09:18:20	[INFO]	CONN-CHECK_ASIC_HW_ADDR_3: elect
240507-09:18:37	[INFO]	CONN-CHECK_ASIC_HW_ADDR_2: elect
240507-09:18:53	[INFO]	CONN-CHECK_ASIC_HW_ADDR_5: elect
240507-09:19:09	[INFO]	CONN-CHECK_ASIC_HW_ADDR_4: elect
240507-09:19:26	[INFO]	CONN-CHECK_ASIC_HW_ADDR_7: elect
240507-09:19:44	[INFO]	CONN-CHECK_ASIC_HW_ADDR_6: elect
240507-09:20:01	[INFO]	CONN-CHECK_ASIC_HW_ADDR_7: holes
240507-09:20:19	[INFO]	CONN-CHECK_ASIC_HW_ADDR_6: holes
240507-09:20:36	[INFO]	CONN-CHECK_ASIC_HW_ADDR_5: holes
240507-09:20:52	[INFO]	CONN-CHECK_ASIC_HW_ADDR_4: holes
240507-09:21:09	[INFO]	CONN-CHECK_ASIC_HW_ADDR_3: holes
240507-09:21:27	[INFO]	CONN-CHECK_ASIC_HW_ADDR_2: holes
240507-09:21:44	[INFO]	CONN-CHECK_ASIC_HW_ADDR_1: holes
240507-09:22:01	[INFO]	CONN-CHECK_ASIC_HW_ADDR_0: holes
240507-09:22:19	[INFO]	<<-- FINISHED CHECKING CHANNELS' CONNECTIVITY
240507-10:59:43	MODULE_ID:	M4UL4B0010320A2_240507_1059
240507-10:59:43	[INFO]	TEST_CENTER: GSI
240507-10:59:43	[INFO]	OPERATOR_ID: Dairon Rodriguez Garces
240507-10:59:43	[INFO]	MODULE ID: 	M4UL4B0010320A2
240507-10:59:43	[INFO]	SENSOR_SIZE [mm]: 	42
240507-10:59:43	[INFO]	SENSOR_QGRADE: 	C
240507-11:00:00	[INFO]	-->> RUNNING SYNCHRONIZATION
240507-11:00:30	[INFO]	<<-- FINISHED SYNCHRONIZATION
240507-11:00:30	[INFO]	-->> READING LV VALUES BEFORE CONFIGURATION
240507-11:00:30	[INFO]	<<-- FINISHED READING LV VALUES BEFORE CONFIGURATION
240507-11:00:30	[INFO]	-->> LOADING STANDARD CONFIGURATION
240507-11:00:37	[INFO]	<<-- FINISHED LOADING STANDARD CONFIGURATION
240507-11:00:37	[INFO]	-->> READING ASICs ID
240507-11:00:38	[INFO]	<<-- FINISHED READING ASICs ID
240507-11:00:38	[INFO]	-->> READING LV VALUES AFTER CONFIGURATION
240507-11:00:49	[INFO]	<<-- FINISHED READING LV VALUES AFTER CONFIGURATION
240507-11:00:49	[INFO]	-->> READING VDDM & TEMPERATURE
240507-11:00:55	[INFO]	<<-- FINISHED READING VDDM & TEMPERATURE
240507-11:00:55	[INFO]	--> SETTING THE CALIBRATION TRIM
240507-11:01:02	[INFO]	<<-- FINISHED SETTING THE CALIBRATION TRIM
240507-11:01:02	[INFO]	--> MEASURING ENC AND CHECKING CALIBRATION
240507-11:08:07	[INFO]	PSCAN_ASIC_HW_ADDR_2: pscan_240507_1101_XA-000-08-002-001-006-005-03_HW_2_SET_56_21_118_41_VP_0_255_1_NP_100_holes.txt
240507-11:08:07	[INFO]	<<-- FINISHED MEASURING ENC AND CHECKING CALIBRATION
240507-11:23:07	MODULE_ID:	M4UL4B0010320A2_240507_1123
240507-11:23:07	[INFO]	TEST_CENTER: GSI
240507-11:23:07	[INFO]	OPERATOR_ID: Dairon Rodriguez Garces
240507-11:23:07	[INFO]	MODULE ID: 	M4UL4B0010320A2
240507-11:23:07	[INFO]	SENSOR_SIZE [mm]: 	42
240507-11:23:07	[INFO]	SENSOR_QGRADE: 	C
240507-11:23:20	[INFO]	-->> RUNNING SYNCHRONIZATION
240507-11:23:51	[INFO]	<<-- FINISHED SYNCHRONIZATION
240507-11:23:51	[INFO]	-->> READING LV VALUES BEFORE CONFIGURATION
240507-11:23:51	[INFO]	<<-- FINISHED READING LV VALUES BEFORE CONFIGURATION
240507-11:23:51	[INFO]	-->> LOADING STANDARD CONFIGURATION
240507-11:23:59	[INFO]	<<-- FINISHED LOADING STANDARD CONFIGURATION
240507-11:23:59	[INFO]	-->> READING ASICs ID
240507-11:24:00	[INFO]	<<-- FINISHED READING ASICs ID
240507-11:24:00	[INFO]	-->> READING LV VALUES AFTER CONFIGURATION
240507-11:24:10	[INFO]	<<-- FINISHED READING LV VALUES AFTER CONFIGURATION
240507-11:24:10	[INFO]	-->> READING VDDM & TEMPERATURE
240507-11:24:17	[INFO]	<<-- FINISHED READING VDDM & TEMPERATURE
240507-11:24:17	[INFO]	--> SETTING THE CALIBRATION TRIM
240507-11:24:25	[INFO]	<<-- FINISHED SETTING THE CALIBRATION TRIM
240507-11:24:25	[INFO]	--> MEASURING ENC AND CHECKING CALIBRATION
240507-11:33:05	[INFO]	PSCAN_ASIC_HW_ADDR_2: pscan_240507_1124_XA-000-08-002-001-006-005-03_HW_2_SET_56_21_118_41_VP_0_255_1_NP_100_holes.txt
240507-11:33:05	[INFO]	<<-- FINISHED MEASURING ENC AND CHECKING CALIBRATION
240507-11:39:38	MODULE_ID:	M4UL4B0010320A2_240507_1139
240507-11:39:38	[INFO]	TEST_CENTER: GSI
240507-11:39:38	[INFO]	OPERATOR_ID: Dairon Rodriguez Garces
240507-11:39:38	[INFO]	MODULE ID: 	M4UL4B0010320A2
240507-11:39:38	[INFO]	SENSOR_SIZE [mm]: 	42
240507-11:39:38	[INFO]	SENSOR_QGRADE: 	C
240507-11:39:49	[INFO]	-->> RUNNING SYNCHRONIZATION
240507-11:40:20	[INFO]	<<-- FINISHED SYNCHRONIZATION
240507-11:40:20	[INFO]	-->> READING LV VALUES BEFORE CONFIGURATION
240507-11:40:20	[INFO]	<<-- FINISHED READING LV VALUES BEFORE CONFIGURATION
240507-11:40:20	[INFO]	-->> LOADING STANDARD CONFIGURATION
240507-11:40:28	[INFO]	<<-- FINISHED LOADING STANDARD CONFIGURATION
240507-11:40:28	[INFO]	-->> READING ASICs ID
240507-11:40:29	[INFO]	<<-- FINISHED READING ASICs ID
240507-11:40:29	[INFO]	-->> READING LV VALUES AFTER CONFIGURATION
240507-11:40:39	[INFO]	<<-- FINISHED READING LV VALUES AFTER CONFIGURATION
240507-11:40:39	[INFO]	-->> READING VDDM & TEMPERATURE
240507-11:40:46	[INFO]	<<-- FINISHED READING VDDM & TEMPERATURE
240507-11:40:46	[INFO]	-->> LOADING DEFAULT TRIM VALUES
240507-11:41:44	[INFO]	<<-- FINISHED LOADING DEFAULT TRIM VALUES
240507-11:41:44	[INFO]	-->> FINDING VREF_P, VREF_N & THR@_GLB FOR CALIBRATION
240507-11:48:39	[INFO]	<<-- FINISHED FINDING VREF_P, VREF_N & THR@_GLB FOR CALIBRATION
240507-11:48:39	[INFO]	--> SETTING THE CALIBRATION PARAMETERS
240507-11:48:39	[INFO]	<<-- FINISHED SETTING THE CALIBRATION PARAMETERS
240507-11:48:39	[INFO]	-->> CALIBRATING THE MODULE
240507-11:57:26	[INFO]	CAL_ASIC_HW_ADDR_1: ftrim_XA-000-08-002-000-001-191-00_HW_1_SET_58_27_118_32_R_30_247_elect.txt
240507-12:06:14	[INFO]	CAL_ASIC_HW_ADDR_0: ftrim_XA-000-08-003-000-000-001-04_HW_0_SET_58_24_118_34_R_30_247_elect.txt
240507-12:14:54	[INFO]	CAL_ASIC_HW_ADDR_3: ftrim_XA-000-08-002-000-001-070-06_HW_3_SET_56_28_118_32_R_30_247_elect.txt
240507-12:23:42	[INFO]	CAL_ASIC_HW_ADDR_2: ftrim_XA-000-08-002-000-006-002-11_HW_2_SET_57_25_118_32_R_30_247_elect.txt
240507-12:32:27	[INFO]	CAL_ASIC_HW_ADDR_5: ftrim_XA-000-08-003-000-000-013-04_HW_5_SET_58_25_118_30_R_30_247_elect.txt
240507-12:41:12	[INFO]	CAL_ASIC_HW_ADDR_4: ftrim_XA-000-08-002-000-005-252-03_HW_4_SET_57_26_118_34_R_30_247_elect.txt
240507-12:49:58	[INFO]	CAL_ASIC_HW_ADDR_7: ftrim_XA-000-08-003-000-000-004-04_HW_7_SET_56_25_118_37_R_30_247_elect.txt
240507-12:58:46	[INFO]	CAL_ASIC_HW_ADDR_6: ftrim_XA-000-08-002-000-006-001-11_HW_6_SET_56_24_118_36_R_30_247_elect.txt
240507-13:07:33	[INFO]	CAL_ASIC_HW_ADDR_7: ftrim_XA-000-08-002-000-001-108-08_HW_7_SET_58_26_118_62_R_30_247_holes.txt
240507-13:16:22	[INFO]	CAL_ASIC_HW_ADDR_6: ftrim_XA-000-08-002-000-001-208-11_HW_6_SET_57_23_118_41_R_30_247_holes.txt
240507-13:25:11	[INFO]	CAL_ASIC_HW_ADDR_5: ftrim_XA-000-08-002-000-001-109-08_HW_5_SET_56_22_118_31_R_30_247_holes.txt
240507-13:33:59	[INFO]	CAL_ASIC_HW_ADDR_4: ftrim_XA-000-08-002-000-001-075-06_HW_4_SET_57_21_118_40_R_30_247_holes.txt
240507-13:42:46	[INFO]	CAL_ASIC_HW_ADDR_3: ftrim_XA-000-08-002-000-001-180-00_HW_3_SET_58_23_118_38_R_30_247_holes.txt
240507-13:51:34	[INFO]	CAL_ASIC_HW_ADDR_2: ftrim_XA-000-08-002-001-006-005-03_HW_2_SET_56_21_118_33_R_30_247_holes.txt
240507-14:00:24	[INFO]	CAL_ASIC_HW_ADDR_1: ftrim_XA-000-08-002-000-001-199-12_HW_1_SET_58_26_118_37_R_30_247_holes.txt
240507-14:09:15	[INFO]	CAL_ASIC_HW_ADDR_0: ftrim_XA-000-08-002-000-001-210-11_HW_0_SET_56_23_118_36_R_30_247_holes.txt
240507-14:09:15	[INFO]	<<-- FINISHED CALIBRATING THE MODULE
240507-14:09:15	[INFO]	--> SETTING THE CALIBRATION TRIM
240507-14:11:06	[INFO]	<<-- FINISHED SETTING THE CALIBRATION TRIM
240507-14:11:06	[INFO]	--> MEASURING ENC AND CHECKING CALIBRATION
240507-14:18:06	[INFO]	PSCAN_ASIC_HW_ADDR_1: pscan_240507_1411_XA-000-08-002-000-001-191-00_HW_1_SET_58_27_118_32_VP_0_255_1_NP_100_elect.txt
240507-14:25:05	[INFO]	PSCAN_ASIC_HW_ADDR_0: pscan_240507_1418_XA-000-08-003-000-000-001-04_HW_0_SET_58_24_118_34_VP_0_255_1_NP_100_elect.txt
240507-14:32:06	[INFO]	PSCAN_ASIC_HW_ADDR_3: pscan_240507_1425_XA-000-08-002-000-001-070-06_HW_3_SET_56_28_118_32_VP_0_255_1_NP_100_elect.txt
240507-14:39:01	[INFO]	PSCAN_ASIC_HW_ADDR_2: pscan_240507_1432_XA-000-08-002-000-006-002-11_HW_2_SET_57_25_118_32_VP_0_255_1_NP_100_elect.txt
240507-14:45:58	[INFO]	PSCAN_ASIC_HW_ADDR_5: pscan_240507_1439_XA-000-08-003-000-000-013-04_HW_5_SET_58_25_118_30_VP_0_255_1_NP_100_elect.txt
240507-14:52:56	[INFO]	PSCAN_ASIC_HW_ADDR_4: pscan_240507_1445_XA-000-08-002-000-005-252-03_HW_4_SET_57_26_118_34_VP_0_255_1_NP_100_elect.txt
240507-14:59:51	[INFO]	PSCAN_ASIC_HW_ADDR_7: pscan_240507_1452_XA-000-08-003-000-000-004-04_HW_7_SET_56_25_118_37_VP_0_255_1_NP_100_elect.txt
240507-15:06:47	[INFO]	PSCAN_ASIC_HW_ADDR_6: pscan_240507_1459_XA-000-08-002-000-006-001-11_HW_6_SET_56_24_118_36_VP_0_255_1_NP_100_elect.txt
240507-15:13:44	[INFO]	PSCAN_ASIC_HW_ADDR_7: pscan_240507_1506_XA-000-08-002-000-001-108-08_HW_7_SET_58_26_118_62_VP_0_255_1_NP_100_holes.txt
240507-15:20:39	[INFO]	PSCAN_ASIC_HW_ADDR_6: pscan_240507_1513_XA-000-08-002-000-001-208-11_HW_6_SET_57_23_118_41_VP_0_255_1_NP_100_holes.txt
240507-15:27:34	[INFO]	PSCAN_ASIC_HW_ADDR_5: pscan_240507_1520_XA-000-08-002-000-001-109-08_HW_5_SET_56_22_118_31_VP_0_255_1_NP_100_holes.txt
240507-15:34:33	[INFO]	PSCAN_ASIC_HW_ADDR_4: pscan_240507_1527_XA-000-08-002-000-001-075-06_HW_4_SET_57_21_118_40_VP_0_255_1_NP_100_holes.txt
240507-15:41:31	[INFO]	PSCAN_ASIC_HW_ADDR_3: pscan_240507_1534_XA-000-08-002-000-001-180-00_HW_3_SET_58_23_118_38_VP_0_255_1_NP_100_holes.txt
240507-15:48:30	[INFO]	PSCAN_ASIC_HW_ADDR_2: pscan_240507_1541_XA-000-08-002-001-006-005-03_HW_2_SET_56_21_118_33_VP_0_255_1_NP_100_holes.txt
240507-15:55:26	[INFO]	PSCAN_ASIC_HW_ADDR_1: pscan_240507_1548_XA-000-08-002-000-001-199-12_HW_1_SET_58_26_118_37_VP_0_255_1_NP_100_holes.txt
240507-16:02:21	[INFO]	PSCAN_ASIC_HW_ADDR_0: pscan_240507_1555_XA-000-08-002-000-001-210-11_HW_0_SET_56_23_118_36_VP_0_255_1_NP_100_holes.txt
240507-16:02:21	[INFO]	<<-- FINISHED MEASURING ENC AND CHECKING CALIBRATION
240508-09:54:00	MODULE_ID:	M4UL4B0010320A2_240508_0954
240508-09:54:00	[INFO]	TEST_CENTER: GSI
240508-09:54:00	[INFO]	OPERATOR_ID: Dairon Rodriguez Garces
240508-09:54:00	[INFO]	MODULE ID: 	M4UL4B0010320A2
240508-09:54:00	[INFO]	SENSOR_SIZE [mm]: 	42
240508-09:54:00	[INFO]	SENSOR_QGRADE: 	C
240508-09:54:13	[INFO]	-->> RUNNING SYNCHRONIZATION
240508-09:54:44	[INFO]	<<-- FINISHED SYNCHRONIZATION
240508-09:54:44	[INFO]	-->> READING LV VALUES BEFORE CONFIGURATION
240508-09:54:45	[INFO]	<<-- FINISHED READING LV VALUES BEFORE CONFIGURATION
240508-09:54:45	[INFO]	-->> LOADING STANDARD CONFIGURATION
240508-09:54:53	[INFO]	<<-- FINISHED LOADING STANDARD CONFIGURATION
240508-09:54:53	[INFO]	-->> READING ASICs ID
240508-09:54:54	[INFO]	<<-- FINISHED READING ASICs ID
240508-09:54:54	[INFO]	-->> READING LV VALUES AFTER CONFIGURATION
240508-09:55:04	[INFO]	<<-- FINISHED READING LV VALUES AFTER CONFIGURATION
240508-09:55:04	[INFO]	-->> READING VDDM & TEMPERATURE
240508-09:55:11	[INFO]	<<-- FINISHED READING VDDM & TEMPERATURE
240508-09:55:11	[INFO]	--> SETTING THE CALIBRATION TRIM
240508-09:57:01	[INFO]	<<-- FINISHED SETTING THE CALIBRATION TRIM
240508-09:57:01	[INFO]	--> CHECKING CHANNELS' CONNECTIVITY
240508-09:57:01	[INFO]	CONN-CHECK_ASIC_HW_ADDR_1: elect
240508-09:57:18	[INFO]	CONN-CHECK_ASIC_HW_ADDR_0: elect
240508-09:57:35	[INFO]	CONN-CHECK_ASIC_HW_ADDR_3: elect
240508-09:57:53	[INFO]	CONN-CHECK_ASIC_HW_ADDR_2: elect
240508-09:58:11	[INFO]	CONN-CHECK_ASIC_HW_ADDR_5: elect
240508-09:58:28	[INFO]	CONN-CHECK_ASIC_HW_ADDR_4: elect
240508-09:58:45	[INFO]	CONN-CHECK_ASIC_HW_ADDR_7: elect
240508-09:59:03	[INFO]	CONN-CHECK_ASIC_HW_ADDR_6: elect
240508-09:59:21	[INFO]	CONN-CHECK_ASIC_HW_ADDR_7: holes
240508-09:59:39	[INFO]	CONN-CHECK_ASIC_HW_ADDR_6: holes
240508-09:59:56	[INFO]	CONN-CHECK_ASIC_HW_ADDR_5: holes
240508-10:00:14	[INFO]	CONN-CHECK_ASIC_HW_ADDR_4: holes
240508-10:00:31	[INFO]	CONN-CHECK_ASIC_HW_ADDR_3: holes
240508-10:00:49	[INFO]	CONN-CHECK_ASIC_HW_ADDR_2: holes
240508-10:01:07	[INFO]	CONN-CHECK_ASIC_HW_ADDR_1: holes
240508-10:01:24	[INFO]	CONN-CHECK_ASIC_HW_ADDR_0: holes
240508-10:01:42	[INFO]	<<-- FINISHED CHECKING CHANNELS' CONNECTIVITY
