240606-11:30:33	MODULE_ID:	M5DL1T0001160A2
240606-11:30:33	[INFO]	TEST_CENTER: GSI
240606-11:30:33	[INFO]	OPERATOR_ID: Dairon Rodriguez Garces
240606-11:30:33	[INFO]	MODULE ID: 	M5DL1T0001160A2
240606-11:30:33	[INFO]	SENSOR_SIZE [mm]: 	42
240606-11:30:33	[INFO]	SENSOR_QGRADE: 	A
240606-11:30:51	[INFO]	-->> RUNNING SYNCHRONIZATION
240606-11:31:23	[INFO]	<<-- FINISHED SYNCHRONIZATION
240606-11:31:23	[INFO]	-->> READING LV VALUES BEFORE CONFIGURATION
240606-11:31:23	[INFO]	<<-- FINISHED READING LV VALUES BEFORE CONFIGURATION
240606-11:31:23	[INFO]	-->> LOADING STANDARD CONFIGURATION
240606-11:31:31	[INFO]	<<-- FINISHED LOADING STANDARD CONFIGURATION
240606-11:31:31	[INFO]	-->> READING ASICs ID
240606-11:31:32	[INFO]	<<-- FINISHED READING ASICs ID
240606-11:31:32	[INFO]	-->> READING LV VALUES AFTER CONFIGURATION
240606-11:31:42	[INFO]	<<-- FINISHED READING LV VALUES AFTER CONFIGURATION
240606-11:31:42	[INFO]	-->> READING VDDM & TEMPERATURE
240606-11:31:49	[INFO]	<<-- FINISHED READING VDDM & TEMPERATURE
240606-11:31:49	[INFO]	-->> LOADING DEFAULT TRIM VALUES
240606-11:32:47	[INFO]	<<-- FINISHED LOADING DEFAULT TRIM VALUES
240606-11:32:47	[INFO]	-->> FINDING VREF_P, VREF_N & THR@_GLB FOR CALIBRATION
240606-11:39:57	[INFO]	<<-- FINISHED FINDING VREF_P, VREF_N & THR@_GLB FOR CALIBRATION
240606-11:39:57	[INFO]	--> SETTING THE CALIBRATION PARAMETERS
240606-11:39:57	[INFO]	<<-- FINISHED SETTING THE CALIBRATION PARAMETERS
240606-11:39:57	[INFO]	-->> CALIBRATING THE MODULE
240606-11:49:30	[INFO]	CAL_ASIC_HW_ADDR_1: ftrim_XA-000-08-002-000-008-089-00_HW_1_SET_55_25_118_34_R_30_247_elect.txt
240606-11:58:48	[INFO]	CAL_ASIC_HW_ADDR_0: ftrim_XA-000-08-002-000-008-085-00_HW_0_SET_57_22_118_35_R_30_247_elect.txt
240606-12:08:02	[INFO]	CAL_ASIC_HW_ADDR_3: ftrim_XA-000-08-002-000-008-062-11_HW_3_SET_56_25_118_37_R_30_247_elect.txt
240606-12:17:19	[INFO]	CAL_ASIC_HW_ADDR_2: ftrim_XA-000-08-002-000-008-080-00_HW_2_SET_56_26_118_37_R_30_247_elect.txt
240606-12:26:39	[INFO]	CAL_ASIC_HW_ADDR_5: ftrim_XA-000-08-002-000-008-092-00_HW_5_SET_57_23_118_36_R_30_247_elect.txt
240606-12:35:59	[INFO]	CAL_ASIC_HW_ADDR_4: ftrim_XA-000-08-002-000-008-065-07_HW_4_SET_58_24_118_35_R_30_247_elect.txt
240606-12:45:21	[INFO]	CAL_ASIC_HW_ADDR_7: ftrim_XA-000-08-002-000-008-090-00_HW_7_SET_57_25_118_31_R_30_247_elect.txt
240606-12:54:54	[INFO]	CAL_ASIC_HW_ADDR_6: ftrim_XA-000-08-002-000-008-084-00_HW_6_SET_55_24_118_33_R_30_247_elect.txt
240606-13:04:18	[INFO]	CAL_ASIC_HW_ADDR_7: ftrim_XA-000-08-002-000-008-044-12_HW_7_SET_56_22_118_10_R_30_247_holes.txt
240606-13:13:49	[INFO]	CAL_ASIC_HW_ADDR_6: ftrim_XA-000-08-002-000-008-052-11_HW_6_SET_56_20_118_36_R_30_247_holes.txt
240606-13:23:41	[INFO]	CAL_ASIC_HW_ADDR_5: ftrim_XA-000-08-002-000-008-027-05_HW_5_SET_57_19_118_32_R_30_247_holes.txt
240606-13:33:05	[INFO]	CAL_ASIC_HW_ADDR_4: ftrim_XA-000-08-002-000-008-051-11_HW_4_SET_56_20_118_36_R_30_247_holes.txt
240606-13:42:41	[INFO]	CAL_ASIC_HW_ADDR_3: ftrim_XA-000-08-002-000-008-026-05_HW_3_SET_57_19_118_34_R_30_247_holes.txt
240606-13:52:23	[INFO]	CAL_ASIC_HW_ADDR_2: ftrim_XA-000-08-002-000-008-057-11_HW_2_SET_58_20_118_30_R_30_247_holes.txt
240606-14:02:00	[INFO]	CAL_ASIC_HW_ADDR_1: ftrim_XA-000-08-002-000-008-048-11_HW_1_SET_57_20_118_34_R_30_247_holes.txt
240606-14:11:28	[INFO]	CAL_ASIC_HW_ADDR_0: ftrim_XA-000-08-002-000-008-060-11_HW_0_SET_56_20_118_32_R_30_247_holes.txt
240606-14:11:28	[INFO]	<<-- FINISHED CALIBRATING THE MODULE
240606-14:11:28	[INFO]	--> SETTING THE CALIBRATION TRIM
240606-14:13:25	[INFO]	<<-- FINISHED SETTING THE CALIBRATION TRIM
240606-14:13:25	[INFO]	--> MEASURING ENC AND CHECKING CALIBRATION
240606-14:20:33	[INFO]	PSCAN_ASIC_HW_ADDR_1: pscan_240606_1413_XA-000-08-002-000-008-089-00_HW_1_SET_55_25_118_34_VP_0_255_1_NP_100_elect.txt
240606-14:27:43	[INFO]	PSCAN_ASIC_HW_ADDR_0: pscan_240606_1420_XA-000-08-002-000-008-085-00_HW_0_SET_57_22_118_35_VP_0_255_1_NP_100_elect.txt
240606-14:34:53	[INFO]	PSCAN_ASIC_HW_ADDR_3: pscan_240606_1427_XA-000-08-002-000-008-062-11_HW_3_SET_56_25_118_37_VP_0_255_1_NP_100_elect.txt
240606-14:42:11	[INFO]	PSCAN_ASIC_HW_ADDR_2: pscan_240606_1434_XA-000-08-002-000-008-080-00_HW_2_SET_56_26_118_37_VP_0_255_1_NP_100_elect.txt
240606-14:49:20	[INFO]	PSCAN_ASIC_HW_ADDR_5: pscan_240606_1442_XA-000-08-002-000-008-092-00_HW_5_SET_57_23_118_36_VP_0_255_1_NP_100_elect.txt
240606-14:56:29	[INFO]	PSCAN_ASIC_HW_ADDR_4: pscan_240606_1449_XA-000-08-002-000-008-065-07_HW_4_SET_58_24_118_35_VP_0_255_1_NP_100_elect.txt
240606-15:03:32	[INFO]	PSCAN_ASIC_HW_ADDR_7: pscan_240606_1456_XA-000-08-002-000-008-090-00_HW_7_SET_57_25_118_31_VP_0_255_1_NP_100_elect.txt
240606-15:10:39	[INFO]	PSCAN_ASIC_HW_ADDR_6: pscan_240606_1503_XA-000-08-002-000-008-084-00_HW_6_SET_55_24_118_33_VP_0_255_1_NP_100_elect.txt
240606-15:17:52	[INFO]	PSCAN_ASIC_HW_ADDR_7: pscan_240606_1510_XA-000-08-002-000-008-044-12_HW_7_SET_56_22_118_10_VP_0_255_1_NP_100_holes.txt
240606-15:25:05	[INFO]	PSCAN_ASIC_HW_ADDR_6: pscan_240606_1517_XA-000-08-002-000-008-052-11_HW_6_SET_56_20_118_36_VP_0_255_1_NP_100_holes.txt
240606-15:32:17	[INFO]	PSCAN_ASIC_HW_ADDR_5: pscan_240606_1525_XA-000-08-002-000-008-027-05_HW_5_SET_57_19_118_32_VP_0_255_1_NP_100_holes.txt
240606-15:39:49	[INFO]	PSCAN_ASIC_HW_ADDR_4: pscan_240606_1532_XA-000-08-002-000-008-051-11_HW_4_SET_56_20_118_36_VP_0_255_1_NP_100_holes.txt
240606-15:47:01	[INFO]	PSCAN_ASIC_HW_ADDR_3: pscan_240606_1539_XA-000-08-002-000-008-026-05_HW_3_SET_57_19_118_34_VP_0_255_1_NP_100_holes.txt
240606-15:54:14	[INFO]	PSCAN_ASIC_HW_ADDR_2: pscan_240606_1547_XA-000-08-002-000-008-057-11_HW_2_SET_58_20_118_30_VP_0_255_1_NP_100_holes.txt
240606-16:01:22	[INFO]	PSCAN_ASIC_HW_ADDR_1: pscan_240606_1554_XA-000-08-002-000-008-048-11_HW_1_SET_57_20_118_34_VP_0_255_1_NP_100_holes.txt
240606-16:08:30	[INFO]	PSCAN_ASIC_HW_ADDR_0: pscan_240606_1601_XA-000-08-002-000-008-060-11_HW_0_SET_56_20_118_32_VP_0_255_1_NP_100_holes.txt
240606-16:08:30	[INFO]	<<-- FINISHED MEASURING ENC AND CHECKING CALIBRATION
240606-16:22:53	MODULE_ID:	M5DL1T0001160A2_240606_1622
240606-16:22:53	[INFO]	TEST_CENTER: GSI
240606-16:22:53	[INFO]	OPERATOR_ID: Dairon Rodriguez Garces
240606-16:22:53	[INFO]	MODULE ID: 	M5DL1T0001160A2
240606-16:22:53	[INFO]	SENSOR_SIZE [mm]: 	42
240606-16:22:53	[INFO]	SENSOR_QGRADE: 	A
240606-16:23:13	[INFO]	-->> RUNNING SYNCHRONIZATION
240606-16:23:43	[INFO]	<<-- FINISHED SYNCHRONIZATION
240606-16:23:43	[INFO]	-->> READING LV VALUES BEFORE CONFIGURATION
240606-16:23:43	[INFO]	<<-- FINISHED READING LV VALUES BEFORE CONFIGURATION
240606-16:23:43	[INFO]	-->> LOADING STANDARD CONFIGURATION
240606-16:23:50	[INFO]	<<-- FINISHED LOADING STANDARD CONFIGURATION
240606-16:23:50	[INFO]	-->> READING ASICs ID
240606-16:23:51	[INFO]	<<-- FINISHED READING ASICs ID
240606-16:23:51	[INFO]	-->> READING LV VALUES AFTER CONFIGURATION
240606-16:24:02	[INFO]	<<-- FINISHED READING LV VALUES AFTER CONFIGURATION
240606-16:24:02	[INFO]	-->> READING VDDM & TEMPERATURE
240606-16:24:08	[INFO]	<<-- FINISHED READING VDDM & TEMPERATURE
240606-16:24:08	[INFO]	--> SETTING THE CALIBRATION TRIM
240606-16:26:11	[INFO]	<<-- FINISHED SETTING THE CALIBRATION TRIM
240606-16:26:11	[INFO]	--> CHECKING CHANNELS' CONNECTIVITY
240606-16:26:11	[INFO]	CONN-CHECK_ASIC_HW_ADDR_1: elect
240606-16:26:32	[INFO]	CONN-CHECK_ASIC_HW_ADDR_0: elect
240606-16:26:52	[INFO]	CONN-CHECK_ASIC_HW_ADDR_3: elect
240606-16:27:12	[INFO]	CONN-CHECK_ASIC_HW_ADDR_2: elect
240606-16:27:33	[INFO]	CONN-CHECK_ASIC_HW_ADDR_5: elect
240606-16:27:54	[INFO]	CONN-CHECK_ASIC_HW_ADDR_4: elect
240606-16:28:16	[INFO]	CONN-CHECK_ASIC_HW_ADDR_7: elect
240606-16:28:38	[INFO]	CONN-CHECK_ASIC_HW_ADDR_6: elect
240606-16:28:59	[INFO]	CONN-CHECK_ASIC_HW_ADDR_7: holes
240606-16:29:20	[INFO]	CONN-CHECK_ASIC_HW_ADDR_6: holes
240606-16:29:41	[INFO]	CONN-CHECK_ASIC_HW_ADDR_5: holes
240606-16:30:02	[INFO]	CONN-CHECK_ASIC_HW_ADDR_4: holes
240606-16:30:23	[INFO]	CONN-CHECK_ASIC_HW_ADDR_3: holes
240606-16:30:43	[INFO]	CONN-CHECK_ASIC_HW_ADDR_2: holes
240606-16:31:03	[INFO]	CONN-CHECK_ASIC_HW_ADDR_1: holes
240606-16:31:23	[INFO]	CONN-CHECK_ASIC_HW_ADDR_0: holes
240606-16:31:41	[INFO]	<<-- FINISHED CHECKING CHANNELS' CONNECTIVITY
