240103-11:56:52	MODULE_ID:	M3DL3T3001123A2
240103-11:56:52	[INFO]	MODULE ID: 	M3DL3T3001123A2
240103-11:57:15	[INFO]	-->> RUNNING SYNCHRONIZATION
240103-11:57:42	[INFO]	<<-- FINISHED SYNCHRONIZATION
240103-11:57:42	[INFO]	-->> READING LV VALUES BEFORE CONFIGURATION
240103-11:57:43	[INFO]	<<-- FINISHED READING LV VALUES BEFORE CONFIGURATION
240103-11:57:43	[INFO]	-->> LOADING STANDARD CONFIGURATION
240103-11:57:48	[INFO]	<<-- FINISHED LOADING STANDARD CONFIGURATION
240103-11:57:48	[INFO]	-->> READING ASICs ID
240103-11:57:49	[INFO]	<<-- FINISHED READING ASICs ID
240103-11:57:49	[INFO]	-->> LOADING DEFAULT TRIM VALUES
240103-11:58:29	[INFO]	<<-- FINISHED LOADING DEFAULT TRIM VALUES
240103-11:58:29	[INFO]	-->> READING LV VALUES AFTER CONFIGURATION
240103-11:58:39	[INFO]	<<-- FINISHED READING LV VALUES AFTER CONFIGURATION
240103-11:58:39	[INFO]	-->> QA LV 1.2 N-side: OK
240103-11:58:40	[INFO]	-->> QA LV 1.8 N-side: OK
240103-11:58:40	[INFO]	-->> QA LV 1.2 P-side: OK
240103-11:58:40	[INFO]	-->> QA LV 1.8 P-side: OK
240103-11:58:40	[INFO]	-->> READING VDDM & TEMPERATURE
240103-11:58:46	[INFO]	<<-- FINISHED READING VDDM & TEMPERATURE
240103-12:11:47	MODULE_ID:	M3DL3T3001123A2_240103_1211
240103-12:11:49	[INFO]	MODULE ID: 	M3DL3T3001123A2
240103-12:12:25	[INFO]	-->> RUNNING SYNCHRONIZATION
240103-12:12:51	[INFO]	<<-- FINISHED SYNCHRONIZATION
240103-12:12:51	[INFO]	-->> READING LV VALUES BEFORE CONFIGURATION
240103-12:12:51	[INFO]	<<-- FINISHED READING LV VALUES BEFORE CONFIGURATION
240103-12:12:51	[INFO]	-->> LOADING STANDARD CONFIGURATION
240103-12:12:56	[INFO]	<<-- FINISHED LOADING STANDARD CONFIGURATION
240103-12:12:56	[INFO]	-->> READING ASICs ID
240103-12:12:57	[INFO]	<<-- FINISHED READING ASICs ID
240103-12:12:57	[INFO]	-->> READING LV VALUES AFTER CONFIGURATION
240103-12:13:08	[INFO]	<<-- FINISHED READING LV VALUES AFTER CONFIGURATION
240103-12:13:08	[INFO]	-->> QA LV 1.2 N-side: OK
240103-12:13:08	[INFO]	-->> QA LV 1.8 N-side: OK
240103-12:13:08	[INFO]	-->> QA LV 1.2 P-side: OK
240103-12:13:08	[INFO]	-->> QA LV 1.8 P-side: OK
240103-12:13:08	[INFO]	-->> READING VDDM & TEMPERATURE
240103-12:13:15	[INFO]	<<-- FINISHED READING VDDM & TEMPERATURE
240103-12:13:15	[INFO]	-->> LOADING DEFAULT TRIM VALUES
240103-12:13:56	[INFO]	<<-- FINISHED LOADING DEFAULT TRIM VALUES
240103-12:13:56	[INFO]	-->> FINDING VREF_P, VREF_N & THR@_GLB FOR CALIBRATION
240103-12:23:07	MODULE_ID:	M3DL3T3001123A2_240103_1223
240103-12:23:09	[INFO]	MODULE ID: 	M3DL3T3001123A2
240103-12:23:21	[INFO]	-->> RUNNING SYNCHRONIZATION
240103-12:23:46	[INFO]	<<-- FINISHED SYNCHRONIZATION
240103-12:23:46	[INFO]	-->> READING LV VALUES BEFORE CONFIGURATION
240103-12:23:47	[INFO]	<<-- FINISHED READING LV VALUES BEFORE CONFIGURATION
240103-12:23:47	[INFO]	-->> LOADING STANDARD CONFIGURATION
240103-12:23:52	[INFO]	<<-- FINISHED LOADING STANDARD CONFIGURATION
240103-12:23:52	[INFO]	-->> READING ASICs ID
240103-12:23:53	[INFO]	<<-- FINISHED READING ASICs ID
240103-12:23:53	[INFO]	-->> READING LV VALUES AFTER CONFIGURATION
240103-12:24:03	[INFO]	<<-- FINISHED READING LV VALUES AFTER CONFIGURATION
240103-12:24:03	[INFO]	-->> QA LV 1.2 N-side: OK
240103-12:24:03	[INFO]	-->> QA LV 1.8 N-side: OK
240103-12:24:04	[INFO]	-->> QA LV 1.2 P-side: OK
240103-12:24:04	[INFO]	-->> QA LV 1.8 P-side: OK
240103-12:24:04	[INFO]	-->> READING VDDM & TEMPERATURE
240103-12:24:10	[INFO]	<<-- FINISHED READING VDDM & TEMPERATURE
240103-12:24:10	[INFO]	-->> LOADING DEFAULT TRIM VALUES
240103-12:24:51	[INFO]	<<-- FINISHED LOADING DEFAULT TRIM VALUES
240103-12:24:51	[INFO]	-->> FINDING VREF_P, VREF_N & THR@_GLB FOR CALIBRATION
240103-12:30:25	[INFO]	<<-- FINISHED FINDING VREF_P, VREF_N & THR@_GLB FOR CALIBRATION
240103-12:30:25	[INFO]	--> SETTING THE CALIBRATION PARAMETERS
240103-12:30:25	[INFO]	<<-- FINISHED SETTING THE CALIBRATION PARAMETERS
240103-12:30:25	[INFO]	-->> CALIBRATING THE MODULE
240103-12:36:51	[INFO]	--> CALIBRATED ASIC with HW ADDRESS 0 in elect
240103-12:43:18	[INFO]	--> CALIBRATED ASIC with HW ADDRESS 1 in elect
240103-12:49:40	[INFO]	--> CALIBRATED ASIC with HW ADDRESS 2 in elect
240103-12:56:07	[INFO]	--> CALIBRATED ASIC with HW ADDRESS 3 in elect
240103-13:02:35	[INFO]	--> CALIBRATED ASIC with HW ADDRESS 4 in elect
240103-13:08:59	[INFO]	--> CALIBRATED ASIC with HW ADDRESS 5 in elect
240103-13:15:28	[INFO]	--> CALIBRATED ASIC with HW ADDRESS 6 in elect
240103-13:21:54	[INFO]	--> CALIBRATED ASIC with HW ADDRESS 7 in elect
240103-13:28:24	[INFO]	--> CALIBRATED ASIC with HW ADDRESS 0 in holes
240103-13:34:52	[INFO]	--> CALIBRATED ASIC with HW ADDRESS 1 in holes
240103-13:41:22	[INFO]	--> CALIBRATED ASIC with HW ADDRESS 2 in holes
240103-13:47:56	[INFO]	--> CALIBRATED ASIC with HW ADDRESS 3 in holes
240103-13:54:23	[INFO]	--> CALIBRATED ASIC with HW ADDRESS 4 in holes
240103-14:00:57	[INFO]	--> CALIBRATED ASIC with HW ADDRESS 5 in holes
240103-14:07:25	[INFO]	--> CALIBRATED ASIC with HW ADDRESS 6 in holes
240103-14:13:56	[INFO]	--> CALIBRATED ASIC with HW ADDRESS 7 in holes
240103-14:13:56	[INFO]	<<-- FINISHED CALIBRATING THE MODULE
240103-14:13:56	[INFO]	--> SETTING THE CALIBRATION TRIM
240103-14:15:16	[INFO]	<<-- FINISHED SETTING THE CALIBRATION TRIM
240103-14:15:16	[INFO]	--> MEASURING ENC AND CHECKING CALIBRATION
240103-15:42:00	[INFO]	<<-- FINISHED MEASURING ENC AND CHECKING CALIBRATION
240105-10:25:00	MODULE_ID:	M3DL3T3001123A2_240105_1025
240105-10:25:05	[INFO]	MODULE ID: 	M3DL3T3001123A2
240105-10:25:21	[INFO]	-->> RUNNING SYNCHRONIZATION
240105-10:25:49	[INFO]	<<-- FINISHED SYNCHRONIZATION
240105-10:25:49	[INFO]	-->> READING LV VALUES BEFORE CONFIGURATION
240105-10:25:50	[INFO]	<<-- FINISHED READING LV VALUES BEFORE CONFIGURATION
240105-10:25:50	[INFO]	-->> LOADING STANDARD CONFIGURATION
240105-10:25:57	[INFO]	<<-- FINISHED LOADING STANDARD CONFIGURATION
240105-10:25:57	[INFO]	-->> READING ASICs ID
240105-10:25:58	[INFO]	<<-- FINISHED READING ASICs ID
240105-10:25:58	[INFO]	-->> READING LV VALUES AFTER CONFIGURATION
240105-10:26:08	[INFO]	<<-- FINISHED READING LV VALUES AFTER CONFIGURATION
240105-10:26:08	[INFO]	-->> QA LV 1.2 N-side: OK
240105-10:26:09	[INFO]	-->> QA LV 1.8 N-side: OK
240105-10:26:09	[INFO]	-->> QA LV 1.2 P-side: OK
240105-10:26:09	[INFO]	-->> QA LV 1.8 P-side: OK
240105-10:26:09	[INFO]	-->> READING VDDM & TEMPERATURE
240105-10:26:15	[INFO]	<<-- FINISHED READING VDDM & TEMPERATURE
240105-10:26:15	[INFO]	--> SETTING THE CALIBRATION TRIM
240105-10:42:05	MODULE_ID:	M3DL3T3001123A2_240105_1042
240105-10:42:07	[INFO]	MODULE ID: 	M3DL3T3001123A2
240105-10:42:17	[INFO]	-->> RUNNING SYNCHRONIZATION
240105-10:42:46	[INFO]	<<-- FINISHED SYNCHRONIZATION
240105-10:42:46	[INFO]	-->> READING LV VALUES BEFORE CONFIGURATION
240105-10:42:46	[INFO]	<<-- FINISHED READING LV VALUES BEFORE CONFIGURATION
240105-10:42:46	[INFO]	-->> LOADING STANDARD CONFIGURATION
240105-10:42:52	[INFO]	<<-- FINISHED LOADING STANDARD CONFIGURATION
240105-10:42:52	[INFO]	-->> READING ASICs ID
240105-10:42:53	[INFO]	<<-- FINISHED READING ASICs ID
240105-10:42:53	[INFO]	-->> READING LV VALUES AFTER CONFIGURATION
240105-10:43:04	[INFO]	<<-- FINISHED READING LV VALUES AFTER CONFIGURATION
240105-10:43:04	[INFO]	-->> QA LV 1.2 N-side: OK
240105-10:43:04	[INFO]	-->> QA LV 1.8 N-side: OK
240105-10:43:04	[INFO]	-->> QA LV 1.2 P-side: OK
240105-10:43:04	[INFO]	-->> QA LV 1.8 P-side: OK
240105-10:43:04	[INFO]	-->> READING VDDM & TEMPERATURE
240105-10:43:11	[INFO]	<<-- FINISHED READING VDDM & TEMPERATURE
240105-10:43:11	[INFO]	--> SETTING THE CALIBRATION TRIM
240105-10:44:45	MODULE_ID:	M3DL3T3001123A2_240105_1044
240105-10:44:47	[INFO]	MODULE ID: 	M3DL3T3001123A2
240105-10:44:56	[INFO]	-->> RUNNING SYNCHRONIZATION
240105-10:45:21	[INFO]	<<-- FINISHED SYNCHRONIZATION
240105-10:45:21	[INFO]	-->> READING LV VALUES BEFORE CONFIGURATION
240105-10:45:21	[INFO]	<<-- FINISHED READING LV VALUES BEFORE CONFIGURATION
240105-10:45:21	[INFO]	-->> LOADING STANDARD CONFIGURATION
240105-10:45:26	[INFO]	<<-- FINISHED LOADING STANDARD CONFIGURATION
240105-10:45:26	[INFO]	-->> READING ASICs ID
240105-10:45:27	[INFO]	<<-- FINISHED READING ASICs ID
240105-10:45:27	[INFO]	-->> READING LV VALUES AFTER CONFIGURATION
240105-10:45:37	[INFO]	<<-- FINISHED READING LV VALUES AFTER CONFIGURATION
240105-10:45:38	[INFO]	-->> QA LV 1.2 N-side: OK
240105-10:45:38	[INFO]	-->> QA LV 1.8 N-side: OK
240105-10:45:38	[INFO]	-->> QA LV 1.2 P-side: OK
240105-10:45:38	[INFO]	-->> QA LV 1.8 P-side: OK
240105-10:45:38	[INFO]	-->> READING VDDM & TEMPERATURE
240105-10:45:44	[INFO]	<<-- FINISHED READING VDDM & TEMPERATURE
240105-10:45:44	[INFO]	--> SETTING THE CALIBRATION TRIM
240105-10:47:07	[INFO]	<<-- FINISHED SETTING THE CALIBRATION TRIM
240105-10:47:07	[INFO]	--> CHECKING CHANNELS' CONNECTIVITY
240105-10:53:47	[INFO]	<<-- FINISHED CHECKING CHANNELS' CONNECTIVITY
240105-11:45:07	MODULE_ID:	M3DL3T3001123A2_240105_1145
240105-11:45:09	[INFO]	MODULE ID: 	M3DL3T3001123A2
240105-11:45:26	[INFO]	-->> RUNNING SYNCHRONIZATION
240105-11:45:51	[INFO]	<<-- FINISHED SYNCHRONIZATION
240105-11:45:51	[INFO]	-->> READING LV VALUES BEFORE CONFIGURATION
240105-11:45:52	[INFO]	<<-- FINISHED READING LV VALUES BEFORE CONFIGURATION
240105-11:45:52	[INFO]	-->> LOADING STANDARD CONFIGURATION
240105-11:45:57	[INFO]	<<-- FINISHED LOADING STANDARD CONFIGURATION
240105-11:45:57	[INFO]	-->> READING ASICs ID
240105-11:45:57	[INFO]	<<-- FINISHED READING ASICs ID
240105-11:45:57	[INFO]	-->> READING LV VALUES AFTER CONFIGURATION
240105-11:46:08	[INFO]	<<-- FINISHED READING LV VALUES AFTER CONFIGURATION
240105-11:46:08	[INFO]	-->> QA LV 1.2 N-side: OK
240105-11:46:08	[INFO]	-->> QA LV 1.8 N-side: OK
240105-11:46:08	[INFO]	-->> QA LV 1.2 P-side: OK
240105-11:46:09	[INFO]	-->> QA LV 1.8 P-side: OK
240105-11:46:09	[INFO]	-->> READING VDDM & TEMPERATURE
240105-11:46:15	[INFO]	<<-- FINISHED READING VDDM & TEMPERATURE
240105-11:46:15	[INFO]	--> SETTING THE CALIBRATION TRIM
240105-11:47:35	[INFO]	<<-- FINISHED SETTING THE CALIBRATION TRIM
240105-11:47:35	[INFO]	--> CHECKING ENC LONG RUN STABILITY 
240105-11:59:42	[INFO]	--> RUN 0 of CHECKING ENC LONG RUN STABILITY 
240105-12:11:49	[INFO]	--> RUN 1 of CHECKING ENC LONG RUN STABILITY 
240105-12:24:01	[INFO]	--> RUN 2 of CHECKING ENC LONG RUN STABILITY 
240105-12:36:10	[INFO]	--> RUN 3 of CHECKING ENC LONG RUN STABILITY 
240105-12:48:20	[INFO]	--> RUN 4 of CHECKING ENC LONG RUN STABILITY 
240105-13:00:29	[INFO]	--> RUN 5 of CHECKING ENC LONG RUN STABILITY 
240105-13:12:40	[INFO]	--> RUN 6 of CHECKING ENC LONG RUN STABILITY 
240105-13:24:48	[INFO]	--> RUN 7 of CHECKING ENC LONG RUN STABILITY 
240105-13:36:42	[INFO]	--> RUN 8 of CHECKING ENC LONG RUN STABILITY 
240105-14:28:50	MODULE_ID:	M3DL3T3001123A2_240105_1428
240105-14:28:53	[INFO]	MODULE ID: 	M3DL3T3001123A2
240105-14:29:10	[INFO]	-->> RUNNING SYNCHRONIZATION
240105-14:29:42	MODULE_ID:	M3DL3T3001123A2_240105_1429
240105-14:29:44	[INFO]	MODULE ID: 	M3DL3T3001123A2
240105-14:29:55	[INFO]	-->> RUNNING SYNCHRONIZATION
240105-14:32:04	MODULE_ID:	M3DL3T3001123A2_240105_1432
240105-14:32:07	[INFO]	MODULE ID: 	M3DL3T3001123A2
240105-14:32:20	[INFO]	-->> RUNNING SYNCHRONIZATION
240105-14:32:46	[INFO]	<<-- FINISHED SYNCHRONIZATION
240105-14:32:46	[INFO]	-->> READING LV VALUES BEFORE CONFIGURATION
240105-14:32:46	[INFO]	<<-- FINISHED READING LV VALUES BEFORE CONFIGURATION
240105-14:32:46	[INFO]	-->> LOADING STANDARD CONFIGURATION
240105-14:32:51	[INFO]	<<-- FINISHED LOADING STANDARD CONFIGURATION
240105-14:32:51	[INFO]	-->> READING ASICs ID
240105-14:32:52	[INFO]	<<-- FINISHED READING ASICs ID
240105-14:32:52	[INFO]	-->> READING LV VALUES AFTER CONFIGURATION
240105-14:33:02	[INFO]	<<-- FINISHED READING LV VALUES AFTER CONFIGURATION
240105-14:33:03	[INFO]	-->> QA LV 1.2 N-side: OK
240105-14:33:03	[INFO]	-->> QA LV 1.8 N-side: OK
240105-14:33:03	[INFO]	-->> QA LV 1.2 P-side: OK
240105-14:33:03	[INFO]	-->> QA LV 1.8 P-side: OK
240105-14:33:03	[INFO]	-->> READING VDDM & TEMPERATURE
240105-14:33:09	[INFO]	<<-- FINISHED READING VDDM & TEMPERATURE
240105-14:33:09	[INFO]	--> SETTING THE CALIBRATION TRIM
240105-14:34:30	[INFO]	<<-- FINISHED SETTING THE CALIBRATION TRIM
240105-14:34:30	[INFO]	--> CHECKING ENC LONG RUN STABILITY 
240105-14:46:39	[INFO]	--> RUN 0 of CHECKING ENC LONG RUN STABILITY 
240105-14:58:41	[INFO]	--> RUN 1 of CHECKING ENC LONG RUN STABILITY 
240105-15:10:47	[INFO]	--> RUN 2 of CHECKING ENC LONG RUN STABILITY 
240105-15:22:53	[INFO]	--> RUN 3 of CHECKING ENC LONG RUN STABILITY 
240105-15:34:48	[INFO]	--> RUN 4 of CHECKING ENC LONG RUN STABILITY 
240105-15:34:48	[INFO]	<<-- FINISHED ENC LONG RUN STABILITYY
