240410-16:27:20	MODULE_ID:	M5DL3T1001171A2
240410-16:27:20	[INFO]	TEST_CENTER: GSI
240410-16:27:20	[INFO]	OPERATOR_ID: Dairon Rodriguez Garces
240410-16:27:20	[INFO]	MODULE ID: 	M5DL3T1001171A2
240410-16:27:20	[INFO]	SENSOR_SIZE [mm]: 	62
240410-16:27:20	[INFO]	SENSOR_QGRADE: 	B
240410-16:29:46	[INFO]	-->> RUNNING SYNCHRONIZATION
240410-16:35:00	MODULE_ID:	M5DL3T1001171A2_240410_1635
240410-16:35:00	[INFO]	TEST_CENTER: GSI
240410-16:35:00	[INFO]	OPERATOR_ID: Dairon Rodriguez Garces
240410-16:35:00	[INFO]	MODULE ID: 	M5DL3T1001171A2
240410-16:35:00	[INFO]	SENSOR_SIZE [mm]: 	62
240410-16:35:00	[INFO]	SENSOR_QGRADE: 	B
240410-16:35:10	[INFO]	-->> RUNNING SYNCHRONIZATION
240410-16:35:40	[INFO]	<<-- FINISHED SYNCHRONIZATION
240410-16:35:40	[INFO]	-->> READING LV VALUES BEFORE CONFIGURATION
240410-16:35:40	[INFO]	<<-- FINISHED READING LV VALUES BEFORE CONFIGURATION
240410-16:35:40	[INFO]	-->> LOADING STANDARD CONFIGURATION
240410-16:35:47	[INFO]	<<-- FINISHED LOADING STANDARD CONFIGURATION
240410-16:35:47	[INFO]	-->> READING ASICs ID
240410-16:35:48	[INFO]	<<-- FINISHED READING ASICs ID
240410-16:35:48	[INFO]	-->> READING LV VALUES AFTER CONFIGURATION
240410-16:35:58	[INFO]	<<-- FINISHED READING LV VALUES AFTER CONFIGURATION
240410-16:35:58	[INFO]	-->> READING VDDM & TEMPERATURE
240410-16:36:04	[INFO]	<<-- FINISHED READING VDDM & TEMPERATURE
240410-16:36:04	[INFO]	-->> LOADING DEFAULT TRIM VALUES
240410-16:37:02	[INFO]	<<-- FINISHED LOADING DEFAULT TRIM VALUES
240410-16:37:02	[INFO]	-->> FINDING VREF_P, VREF_N & THR@_GLB FOR CALIBRATION
240410-16:43:59	[INFO]	<<-- FINISHED FINDING VREF_P, VREF_N & THR@_GLB FOR CALIBRATION
240410-16:43:59	[INFO]	--> SETTING THE CALIBRATION PARAMETERS
240410-16:43:59	[INFO]	<<-- FINISHED SETTING THE CALIBRATION PARAMETERS
240410-16:43:59	[INFO]	-->> CALIBRATING THE MODULE
240410-16:53:05	[INFO]	CAL_ASIC_HW_ADDR_1: ftrim_XA-000-08-002-000-004-194-07_HW_1_SET_58_24_118_40_R_30_247_elect.txt
240410-17:02:16	[INFO]	CAL_ASIC_HW_ADDR_0: ftrim_XA-000-08-002-000-004-187-11_HW_0_SET_57_22_118_41_R_30_247_elect.txt
240410-17:11:20	[INFO]	CAL_ASIC_HW_ADDR_3: ftrim_XA-000-08-002-000-004-188-11_HW_3_SET_56_25_118_41_R_30_247_elect.txt
240410-17:20:26	[INFO]	CAL_ASIC_HW_ADDR_2: ftrim_XA-000-08-002-000-004-122-04_HW_2_SET_56_26_118_41_R_30_247_elect.txt
240410-17:29:30	[INFO]	CAL_ASIC_HW_ADDR_5: ftrim_XA-000-08-002-000-004-182-11_HW_5_SET_57_24_118_37_R_30_247_elect.txt
240410-17:38:32	[INFO]	CAL_ASIC_HW_ADDR_4: ftrim_XA-000-08-002-000-004-124-04_HW_4_SET_57_25_118_36_R_30_247_elect.txt
240410-17:47:36	[INFO]	CAL_ASIC_HW_ADDR_7: ftrim_XA-000-08-002-000-004-190-11_HW_7_SET_56_25_118_38_R_30_247_elect.txt
240410-17:56:40	[INFO]	CAL_ASIC_HW_ADDR_6: ftrim_XA-000-08-002-000-004-121-04_HW_6_SET_56_24_118_47_R_30_247_elect.txt
240410-18:05:44	[INFO]	CAL_ASIC_HW_ADDR_7: ftrim_XA-000-08-002-000-004-198-07_HW_7_SET_58_24_118_10_R_30_247_holes.txt
240410-18:14:48	[INFO]	CAL_ASIC_HW_ADDR_6: ftrim_XA-000-08-002-000-000-234-15_HW_6_SET_56_23_118_33_R_30_247_holes.txt
240410-18:23:52	[INFO]	CAL_ASIC_HW_ADDR_5: ftrim_XA-000-08-002-000-004-199-07_HW_5_SET_56_22_118_30_R_30_247_holes.txt
240410-18:32:57	[INFO]	CAL_ASIC_HW_ADDR_4: ftrim_XA-000-08-002-000-000-223-06_HW_4_SET_58_22_118_37_R_30_247_holes.txt
240410-18:42:02	[INFO]	CAL_ASIC_HW_ADDR_3: ftrim_XA-000-08-002-000-004-200-07_HW_3_SET_58_22_118_42_R_30_247_holes.txt
240410-18:51:06	[INFO]	CAL_ASIC_HW_ADDR_2: ftrim_XA-000-08-002-000-000-230-15_HW_2_SET_58_22_118_31_R_30_247_holes.txt
240410-19:00:09	[INFO]	CAL_ASIC_HW_ADDR_1: ftrim_XA-000-08-002-000-004-195-07_HW_1_SET_57_23_118_36_R_30_247_holes.txt
240410-19:09:13	[INFO]	CAL_ASIC_HW_ADDR_0: ftrim_XA-000-08-002-000-000-235-15_HW_0_SET_58_23_118_35_R_30_247_holes.txt
240410-19:09:13	[INFO]	<<-- FINISHED CALIBRATING THE MODULE
240410-19:09:13	[INFO]	--> SETTING THE CALIBRATION TRIM
240410-19:11:06	[INFO]	<<-- FINISHED SETTING THE CALIBRATION TRIM
240410-19:11:06	[INFO]	--> MEASURING ENC AND CHECKING CALIBRATION
240410-19:18:09	[INFO]	PSCAN_ASIC_HW_ADDR_1: pscan_240410_1911_XA-000-08-002-000-004-194-07_HW_1_SET_58_24_118_40_VP_0_255_1_NP_100_elect.txt
240410-19:25:07	[INFO]	PSCAN_ASIC_HW_ADDR_0: pscan_240410_1918_XA-000-08-002-000-004-187-11_HW_0_SET_57_22_118_41_VP_0_255_1_NP_100_elect.txt
240410-19:32:07	[INFO]	PSCAN_ASIC_HW_ADDR_3: pscan_240410_1925_XA-000-08-002-000-004-188-11_HW_3_SET_56_25_118_41_VP_0_255_1_NP_100_elect.txt
240410-19:39:05	[INFO]	PSCAN_ASIC_HW_ADDR_2: pscan_240410_1932_XA-000-08-002-000-004-122-04_HW_2_SET_56_26_118_41_VP_0_255_1_NP_100_elect.txt
240410-19:46:01	[INFO]	PSCAN_ASIC_HW_ADDR_5: pscan_240410_1939_XA-000-08-002-000-004-182-11_HW_5_SET_57_24_118_37_VP_0_255_1_NP_100_elect.txt
240410-19:52:57	[INFO]	PSCAN_ASIC_HW_ADDR_4: pscan_240410_1946_XA-000-08-002-000-004-124-04_HW_4_SET_57_25_118_36_VP_0_255_1_NP_100_elect.txt
240410-19:59:56	[INFO]	PSCAN_ASIC_HW_ADDR_7: pscan_240410_1952_XA-000-08-002-000-004-190-11_HW_7_SET_56_25_118_38_VP_0_255_1_NP_100_elect.txt
240410-20:06:50	[INFO]	PSCAN_ASIC_HW_ADDR_6: pscan_240410_1959_XA-000-08-002-000-004-121-04_HW_6_SET_56_24_118_47_VP_0_255_1_NP_100_elect.txt
240410-20:13:47	[INFO]	PSCAN_ASIC_HW_ADDR_7: pscan_240410_2006_XA-000-08-002-000-004-198-07_HW_7_SET_58_24_118_10_VP_0_255_1_NP_100_holes.txt
240410-20:20:42	[INFO]	PSCAN_ASIC_HW_ADDR_6: pscan_240410_2013_XA-000-08-002-000-000-234-15_HW_6_SET_56_23_118_33_VP_0_255_1_NP_100_holes.txt
240410-20:27:38	[INFO]	PSCAN_ASIC_HW_ADDR_5: pscan_240410_2020_XA-000-08-002-000-004-199-07_HW_5_SET_56_22_118_30_VP_0_255_1_NP_100_holes.txt
240410-20:34:36	[INFO]	PSCAN_ASIC_HW_ADDR_4: pscan_240410_2027_XA-000-08-002-000-000-223-06_HW_4_SET_58_22_118_37_VP_0_255_1_NP_100_holes.txt
240410-20:41:33	[INFO]	PSCAN_ASIC_HW_ADDR_3: pscan_240410_2034_XA-000-08-002-000-004-200-07_HW_3_SET_58_22_118_42_VP_0_255_1_NP_100_holes.txt
240410-20:48:28	[INFO]	PSCAN_ASIC_HW_ADDR_2: pscan_240410_2041_XA-000-08-002-000-000-230-15_HW_2_SET_58_22_118_31_VP_0_255_1_NP_100_holes.txt
240410-20:55:28	[INFO]	PSCAN_ASIC_HW_ADDR_1: pscan_240410_2048_XA-000-08-002-000-004-195-07_HW_1_SET_57_23_118_36_VP_0_255_1_NP_100_holes.txt
240410-21:02:25	[INFO]	PSCAN_ASIC_HW_ADDR_0: pscan_240410_2055_XA-000-08-002-000-000-235-15_HW_0_SET_58_23_118_35_VP_0_255_1_NP_100_holes.txt
240410-21:02:25	[INFO]	<<-- FINISHED MEASURING ENC AND CHECKING CALIBRATION
240411-08:57:35	MODULE_ID:	M5DL3T1001171A2_240411_0857
240411-08:57:35	[INFO]	TEST_CENTER: GSI
240411-08:57:35	[INFO]	OPERATOR_ID: Dairon Rodriguez Garces
240411-08:57:35	[INFO]	MODULE ID: 	M5DL3T1001171A2
240411-08:57:35	[INFO]	SENSOR_SIZE [mm]: 	62
240411-08:57:35	[INFO]	SENSOR_QGRADE: 	B
240411-08:58:01	[INFO]	-->> RUNNING SYNCHRONIZATION
240411-08:58:32	[INFO]	<<-- FINISHED SYNCHRONIZATION
240411-08:58:32	[INFO]	-->> READING LV VALUES BEFORE CONFIGURATION
240411-08:58:32	[INFO]	<<-- FINISHED READING LV VALUES BEFORE CONFIGURATION
240411-08:58:32	[INFO]	-->> LOADING STANDARD CONFIGURATION
240411-08:58:39	[INFO]	<<-- FINISHED LOADING STANDARD CONFIGURATION
240411-08:58:39	[INFO]	-->> READING ASICs ID
240411-08:58:40	[INFO]	<<-- FINISHED READING ASICs ID
240411-08:58:40	[INFO]	-->> READING LV VALUES AFTER CONFIGURATION
240411-08:58:51	[INFO]	<<-- FINISHED READING LV VALUES AFTER CONFIGURATION
240411-08:58:51	[INFO]	-->> READING VDDM & TEMPERATURE
240411-08:58:57	[INFO]	<<-- FINISHED READING VDDM & TEMPERATURE
240411-08:58:57	[INFO]	--> SETTING THE CALIBRATION TRIM
240411-09:00:53	[INFO]	<<-- FINISHED SETTING THE CALIBRATION TRIM
240411-09:00:53	[INFO]	--> CHECKING CHANNELS' CONNECTIVITY
240411-09:00:53	[INFO]	CONN-CHECK_ASIC_HW_ADDR_1: elect
240411-09:01:12	[INFO]	CONN-CHECK_ASIC_HW_ADDR_0: elect
240411-09:01:30	[INFO]	CONN-CHECK_ASIC_HW_ADDR_3: elect
240411-09:01:49	[INFO]	CONN-CHECK_ASIC_HW_ADDR_2: elect
240411-09:02:09	[INFO]	CONN-CHECK_ASIC_HW_ADDR_5: elect
240411-09:02:28	[INFO]	CONN-CHECK_ASIC_HW_ADDR_4: elect
240411-09:02:47	[INFO]	CONN-CHECK_ASIC_HW_ADDR_7: elect
240411-09:03:06	[INFO]	CONN-CHECK_ASIC_HW_ADDR_6: elect
240411-09:03:25	[INFO]	CONN-CHECK_ASIC_HW_ADDR_7: holes
240411-09:03:45	[INFO]	CONN-CHECK_ASIC_HW_ADDR_6: holes
240411-09:04:04	[INFO]	CONN-CHECK_ASIC_HW_ADDR_5: holes
240411-09:04:23	[INFO]	CONN-CHECK_ASIC_HW_ADDR_4: holes
240411-09:04:42	[INFO]	CONN-CHECK_ASIC_HW_ADDR_3: holes
240411-09:05:01	[INFO]	CONN-CHECK_ASIC_HW_ADDR_2: holes
240411-09:05:20	[INFO]	CONN-CHECK_ASIC_HW_ADDR_1: holes
240411-09:05:39	[INFO]	CONN-CHECK_ASIC_HW_ADDR_0: holes
240411-09:05:58	[INFO]	<<-- FINISHED CHECKING CHANNELS' CONNECTIVITY
240411-10:53:57	MODULE_ID:	M5DL3T1001171A2_240411_1053
240411-10:53:57	[INFO]	TEST_CENTER: GSI
240411-10:53:57	[INFO]	OPERATOR_ID: Dairon Rodriguez Garces
240411-10:53:57	[INFO]	MODULE ID: 	M5DL3T1001171A2
240411-10:53:57	[INFO]	SENSOR_SIZE [mm]: 	62
240411-10:53:57	[INFO]	SENSOR_QGRADE: 	B
240411-10:54:21	[INFO]	-->> RUNNING SYNCHRONIZATION
240411-10:54:50	[INFO]	<<-- FINISHED SYNCHRONIZATION
240411-10:54:50	[INFO]	-->> READING LV VALUES BEFORE CONFIGURATION
240411-10:54:50	[INFO]	<<-- FINISHED READING LV VALUES BEFORE CONFIGURATION
240411-10:54:50	[INFO]	-->> LOADING STANDARD CONFIGURATION
240411-10:54:57	[INFO]	<<-- FINISHED LOADING STANDARD CONFIGURATION
240411-10:54:57	[INFO]	-->> READING ASICs ID
240411-10:54:58	[INFO]	<<-- FINISHED READING ASICs ID
240411-10:54:58	[INFO]	-->> LOADING DEFAULT TRIM VALUES
240411-10:55:26	[INFO]	<<-- FINISHED LOADING DEFAULT TRIM VALUES
240411-10:55:26	[INFO]	-->> READING LV VALUES AFTER CONFIGURATION
240411-10:55:36	[INFO]	<<-- FINISHED READING LV VALUES AFTER CONFIGURATION
240411-10:55:36	[INFO]	-->> READING VDDM & TEMPERATURE
240411-10:55:42	[INFO]	<<-- FINISHED READING VDDM & TEMPERATURE
240411-10:55:42	[INFO]	--> MEASURING ENC AND CHECKING CALIBRATION
240411-11:02:43	[INFO]	PSCAN_ASIC_HW_ADDR_7: pscan_240411_1055_XA-000-08-002-000-004-198-07_HW_7_SET_58_22_118_40_VP_0_255_1_NP_100_holes.txt
240411-11:09:41	[INFO]	PSCAN_ASIC_HW_ADDR_6: pscan_240411_1102_XA-000-08-002-000-000-234-15_HW_6_SET_58_22_118_40_VP_0_255_1_NP_100_holes.txt
240411-11:16:41	[INFO]	PSCAN_ASIC_HW_ADDR_5: pscan_240411_1109_XA-000-08-002-000-004-199-07_HW_5_SET_58_22_118_40_VP_0_255_1_NP_100_holes.txt
240411-11:41:18	MODULE_ID:	M5DL3T1001171A2_240411_1141
240411-11:41:18	[INFO]	TEST_CENTER: GSI
240411-11:41:18	[INFO]	OPERATOR_ID: Dairon Rodriguez Garces
240411-11:41:18	[INFO]	MODULE ID: 	M5DL3T1001171A2
240411-11:41:18	[INFO]	SENSOR_SIZE [mm]: 	62
240411-11:41:18	[INFO]	SENSOR_QGRADE: 	B
240411-11:41:36	[INFO]	-->> RUNNING SYNCHRONIZATION
240411-11:42:05	[INFO]	<<-- FINISHED SYNCHRONIZATION
240411-11:42:05	[INFO]	-->> READING LV VALUES BEFORE CONFIGURATION
240411-11:42:05	[INFO]	<<-- FINISHED READING LV VALUES BEFORE CONFIGURATION
240411-11:42:05	[INFO]	-->> LOADING STANDARD CONFIGURATION
240411-11:42:12	[INFO]	<<-- FINISHED LOADING STANDARD CONFIGURATION
240411-11:42:12	[INFO]	-->> READING ASICs ID
240411-11:42:13	[INFO]	<<-- FINISHED READING ASICs ID
240411-11:42:13	[INFO]	-->> READING LV VALUES AFTER CONFIGURATION
240411-11:42:23	[INFO]	<<-- FINISHED READING LV VALUES AFTER CONFIGURATION
240411-11:42:23	[INFO]	-->> READING VDDM & TEMPERATURE
240411-11:42:30	[INFO]	<<-- FINISHED READING VDDM & TEMPERATURE
240411-11:42:30	[INFO]	-->> LOADING DEFAULT TRIM VALUES
240411-11:42:58	[INFO]	<<-- FINISHED LOADING DEFAULT TRIM VALUES
240411-11:42:58	[INFO]	-->> FINDING VREF_P, VREF_N & THR@_GLB FOR CALIBRATION
240411-11:46:30	[INFO]	<<-- FINISHED FINDING VREF_P, VREF_N & THR@_GLB FOR CALIBRATION
240411-11:46:30	[INFO]	--> SETTING THE CALIBRATION PARAMETERS
240411-11:46:30	[INFO]	<<-- FINISHED SETTING THE CALIBRATION PARAMETERS
240411-11:46:30	[INFO]	-->> CALIBRATING THE MODULE
240411-11:55:37	[INFO]	CAL_ASIC_HW_ADDR_7: ftrim_XA-000-08-002-000-004-198-07_HW_7_SET_58_23_118_32_R_30_247_holes.txt
240411-12:04:44	[INFO]	CAL_ASIC_HW_ADDR_6: ftrim_XA-000-08-002-000-000-234-15_HW_6_SET_56_22_118_28_R_30_247_holes.txt
240411-12:13:54	[INFO]	CAL_ASIC_HW_ADDR_5: ftrim_XA-000-08-002-000-004-199-07_HW_5_SET_56_21_118_30_R_30_247_holes.txt
240411-12:23:01	[INFO]	CAL_ASIC_HW_ADDR_4: ftrim_XA-000-08-002-000-000-223-06_HW_4_SET_58_21_118_37_R_30_247_holes.txt
240411-12:32:05	[INFO]	CAL_ASIC_HW_ADDR_3: ftrim_XA-000-08-002-000-004-200-07_HW_3_SET_58_22_118_40_R_30_247_holes.txt
240411-12:41:08	[INFO]	CAL_ASIC_HW_ADDR_2: ftrim_XA-000-08-002-000-000-230-15_HW_2_SET_58_23_118_36_R_30_247_holes.txt
240411-12:50:10	[INFO]	CAL_ASIC_HW_ADDR_1: ftrim_XA-000-08-002-000-004-195-07_HW_1_SET_57_23_118_40_R_30_247_holes.txt
240411-12:59:11	[INFO]	CAL_ASIC_HW_ADDR_0: ftrim_XA-000-08-002-000-000-235-15_HW_0_SET_58_22_118_33_R_30_247_holes.txt
240411-12:59:11	[INFO]	<<-- FINISHED CALIBRATING THE MODULE
240411-12:59:11	[INFO]	--> SETTING THE CALIBRATION TRIM
240411-13:00:07	[INFO]	<<-- FINISHED SETTING THE CALIBRATION TRIM
240411-13:00:07	[INFO]	--> MEASURING ENC AND CHECKING CALIBRATION
240411-13:07:07	[INFO]	PSCAN_ASIC_HW_ADDR_7: pscan_240411_1300_XA-000-08-002-000-004-198-07_HW_7_SET_58_23_118_32_VP_0_255_1_NP_100_holes.txt
240411-13:14:08	[INFO]	PSCAN_ASIC_HW_ADDR_6: pscan_240411_1307_XA-000-08-002-000-000-234-15_HW_6_SET_56_22_118_28_VP_0_255_1_NP_100_holes.txt
240411-13:21:07	[INFO]	PSCAN_ASIC_HW_ADDR_5: pscan_240411_1314_XA-000-08-002-000-004-199-07_HW_5_SET_56_21_118_30_VP_0_255_1_NP_100_holes.txt
240411-13:28:04	[INFO]	PSCAN_ASIC_HW_ADDR_4: pscan_240411_1321_XA-000-08-002-000-000-223-06_HW_4_SET_58_21_118_37_VP_0_255_1_NP_100_holes.txt
240411-13:35:03	[INFO]	PSCAN_ASIC_HW_ADDR_3: pscan_240411_1328_XA-000-08-002-000-004-200-07_HW_3_SET_58_22_118_40_VP_0_255_1_NP_100_holes.txt
240411-13:42:03	[INFO]	PSCAN_ASIC_HW_ADDR_2: pscan_240411_1335_XA-000-08-002-000-000-230-15_HW_2_SET_58_23_118_36_VP_0_255_1_NP_100_holes.txt
240411-13:49:08	[INFO]	PSCAN_ASIC_HW_ADDR_1: pscan_240411_1342_XA-000-08-002-000-004-195-07_HW_1_SET_57_23_118_40_VP_0_255_1_NP_100_holes.txt
240411-13:56:06	[INFO]	PSCAN_ASIC_HW_ADDR_0: pscan_240411_1349_XA-000-08-002-000-000-235-15_HW_0_SET_58_22_118_33_VP_0_255_1_NP_100_holes.txt
240411-13:56:06	[INFO]	<<-- FINISHED MEASURING ENC AND CHECKING CALIBRATION
