240521-14:59:28	MODULE_ID:	M5DL1B1001161B2
240521-14:59:28	[INFO]	TEST_CENTER: GSI
240521-14:59:28	[INFO]	OPERATOR_ID: Dairon Rodriguez Garces
240521-14:59:28	[INFO]	MODULE ID: 	M5DL1B1001161B2
240521-14:59:28	[INFO]	SENSOR_SIZE [mm]: 	42
240521-14:59:28	[INFO]	SENSOR_QGRADE: 	A
240521-15:00:15	[INFO]	-->> RUNNING SYNCHRONIZATION
240521-15:00:47	[INFO]	<<-- FINISHED SYNCHRONIZATION
240521-15:00:47	[INFO]	-->> READING LV VALUES BEFORE CONFIGURATION
240521-15:00:47	[INFO]	<<-- FINISHED READING LV VALUES BEFORE CONFIGURATION
240521-15:00:47	[INFO]	-->> LOADING STANDARD CONFIGURATION
240521-15:00:55	[INFO]	<<-- FINISHED LOADING STANDARD CONFIGURATION
240521-15:00:55	[INFO]	-->> READING ASICs ID
240521-15:00:56	[INFO]	<<-- FINISHED READING ASICs ID
240521-15:00:56	[INFO]	-->> LOADING DEFAULT TRIM VALUES
240521-15:01:57	[INFO]	<<-- FINISHED LOADING DEFAULT TRIM VALUES
240521-15:01:57	[INFO]	-->> READING LV VALUES AFTER CONFIGURATION
240521-15:02:08	[INFO]	<<-- FINISHED READING LV VALUES AFTER CONFIGURATION
240521-15:02:08	[INFO]	-->> READING VDDM & TEMPERATURE
240521-15:02:14	[INFO]	<<-- FINISHED READING VDDM & TEMPERATURE
240521-15:02:14	[INFO]	-->> LOADING DEFAULT TRIM VALUES
240521-15:03:15	[INFO]	<<-- FINISHED LOADING DEFAULT TRIM VALUES
240521-15:03:15	[INFO]	-->> FINDING VREF_P, VREF_N & THR@_GLB FOR CALIBRATION
240521-15:10:38	[INFO]	<<-- FINISHED FINDING VREF_P, VREF_N & THR@_GLB FOR CALIBRATION
240521-15:10:38	[INFO]	--> SETTING THE CALIBRATION PARAMETERS
240521-15:10:38	[INFO]	<<-- FINISHED SETTING THE CALIBRATION PARAMETERS
240521-15:10:38	[INFO]	-->> CALIBRATING THE MODULE
240521-15:20:16	[INFO]	CAL_ASIC_HW_ADDR_7: ftrim_XA-000-08-002-001-007-053-07_HW_7_SET_57_24_118_50_R_30_247_elect.txt
240521-15:29:29	[INFO]	CAL_ASIC_HW_ADDR_6: ftrim_XA-000-08-002-001-007-102-05_HW_6_SET_57_23_118_54_R_30_247_elect.txt
240521-15:39:00	[INFO]	CAL_ASIC_HW_ADDR_5: ftrim_XA-000-08-002-001-007-062-07_HW_5_SET_58_23_118_46_R_30_247_elect.txt
240521-15:48:12	[INFO]	CAL_ASIC_HW_ADDR_4: ftrim_XA-000-08-002-001-007-104-05_HW_4_SET_55_24_118_49_R_30_247_elect.txt
240521-15:57:37	[INFO]	CAL_ASIC_HW_ADDR_3: ftrim_XA-000-08-002-001-007-057-07_HW_3_SET_57_25_118_47_R_30_247_elect.txt
240521-16:07:12	[INFO]	CAL_ASIC_HW_ADDR_2: ftrim_XA-000-08-002-001-007-105-05_HW_2_SET_57_23_118_49_R_30_247_elect.txt
240521-16:16:47	[INFO]	CAL_ASIC_HW_ADDR_1: ftrim_XA-000-08-002-001-007-061-07_HW_1_SET_57_24_118_45_R_30_247_elect.txt
240521-16:26:15	[INFO]	CAL_ASIC_HW_ADDR_0: ftrim_XA-000-08-002-002-007-135-05_HW_0_SET_56_26_118_47_R_30_247_elect.txt
240521-16:35:36	[INFO]	CAL_ASIC_HW_ADDR_1: ftrim_XA-000-08-002-001-007-055-07_HW_1_SET_58_22_118_67_R_30_247_holes.txt
240521-16:44:40	[INFO]	CAL_ASIC_HW_ADDR_0: ftrim_XA-000-08-002-001-007-058-07_HW_0_SET_56_18_118_63_R_30_247_holes.txt
240521-16:53:45	[INFO]	CAL_ASIC_HW_ADDR_3: ftrim_XA-000-08-002-000-008-242-04_HW_3_SET_56_21_118_41_R_30_247_holes.txt
240521-17:02:59	[INFO]	CAL_ASIC_HW_ADDR_2: ftrim_XA-000-08-002-001-007-034-00_HW_2_SET_55_22_118_47_R_30_247_holes.txt
240521-17:12:15	[INFO]	CAL_ASIC_HW_ADDR_5: ftrim_XA-000-08-002-001-007-049-07_HW_5_SET_56_20_118_41_R_30_247_holes.txt
240521-17:21:50	[INFO]	CAL_ASIC_HW_ADDR_4: ftrim_XA-000-08-002-001-007-052-07_HW_4_SET_57_22_118_66_R_30_247_holes.txt
240521-17:31:10	[INFO]	CAL_ASIC_HW_ADDR_7: ftrim_XA-000-08-002-001-007-056-07_HW_7_SET_57_22_118_43_R_30_247_holes.txt
240521-17:40:38	[INFO]	CAL_ASIC_HW_ADDR_6: ftrim_XA-000-08-002-001-007-046-00_HW_6_SET_56_19_118_60_R_30_247_holes.txt
240521-17:40:38	[INFO]	<<-- FINISHED CALIBRATING THE MODULE
240521-17:40:38	[INFO]	--> SETTING THE CALIBRATION TRIM
240521-17:42:38	[INFO]	<<-- FINISHED SETTING THE CALIBRATION TRIM
240521-17:42:38	[INFO]	--> MEASURING ENC AND CHECKING CALIBRATION
240521-17:50:04	[INFO]	PSCAN_ASIC_HW_ADDR_7: pscan_240521_1742_XA-000-08-002-001-007-053-07_HW_7_SET_57_24_118_50_VP_0_255_1_NP_100_elect.txt
240521-17:57:31	[INFO]	PSCAN_ASIC_HW_ADDR_6: pscan_240521_1750_XA-000-08-002-001-007-102-05_HW_6_SET_57_23_118_54_VP_0_255_1_NP_100_elect.txt
240521-18:05:02	[INFO]	PSCAN_ASIC_HW_ADDR_5: pscan_240521_1757_XA-000-08-002-001-007-062-07_HW_5_SET_58_23_118_46_VP_0_255_1_NP_100_elect.txt
240521-18:12:35	[INFO]	PSCAN_ASIC_HW_ADDR_4: pscan_240521_1805_XA-000-08-002-001-007-104-05_HW_4_SET_55_24_118_49_VP_0_255_1_NP_100_elect.txt
240521-18:20:05	[INFO]	PSCAN_ASIC_HW_ADDR_3: pscan_240521_1812_XA-000-08-002-001-007-057-07_HW_3_SET_57_25_118_47_VP_0_255_1_NP_100_elect.txt
240521-18:27:35	[INFO]	PSCAN_ASIC_HW_ADDR_2: pscan_240521_1820_XA-000-08-002-001-007-105-05_HW_2_SET_57_23_118_49_VP_0_255_1_NP_100_elect.txt
240521-18:35:00	[INFO]	PSCAN_ASIC_HW_ADDR_1: pscan_240521_1827_XA-000-08-002-001-007-061-07_HW_1_SET_57_24_118_45_VP_0_255_1_NP_100_elect.txt
240521-18:42:26	[INFO]	PSCAN_ASIC_HW_ADDR_0: pscan_240521_1835_XA-000-08-002-002-007-135-05_HW_0_SET_56_26_118_47_VP_0_255_1_NP_100_elect.txt
240521-18:49:55	[INFO]	PSCAN_ASIC_HW_ADDR_1: pscan_240521_1842_XA-000-08-002-001-007-055-07_HW_1_SET_58_22_118_67_VP_0_255_1_NP_100_holes.txt
240521-18:57:22	[INFO]	PSCAN_ASIC_HW_ADDR_0: pscan_240521_1849_XA-000-08-002-001-007-058-07_HW_0_SET_56_18_118_63_VP_0_255_1_NP_100_holes.txt
240521-19:04:54	[INFO]	PSCAN_ASIC_HW_ADDR_3: pscan_240521_1857_XA-000-08-002-000-008-242-04_HW_3_SET_56_21_118_41_VP_0_255_1_NP_100_holes.txt
240521-19:12:19	[INFO]	PSCAN_ASIC_HW_ADDR_2: pscan_240521_1904_XA-000-08-002-001-007-034-00_HW_2_SET_55_22_118_47_VP_0_255_1_NP_100_holes.txt
240521-19:19:43	[INFO]	PSCAN_ASIC_HW_ADDR_5: pscan_240521_1912_XA-000-08-002-001-007-049-07_HW_5_SET_56_20_118_41_VP_0_255_1_NP_100_holes.txt
240521-19:27:12	[INFO]	PSCAN_ASIC_HW_ADDR_4: pscan_240521_1919_XA-000-08-002-001-007-052-07_HW_4_SET_57_22_118_66_VP_0_255_1_NP_100_holes.txt
240521-19:34:38	[INFO]	PSCAN_ASIC_HW_ADDR_7: pscan_240521_1927_XA-000-08-002-001-007-056-07_HW_7_SET_57_22_118_43_VP_0_255_1_NP_100_holes.txt
240521-19:43:13	[INFO]	PSCAN_ASIC_HW_ADDR_6: pscan_240521_1934_XA-000-08-002-001-007-046-00_HW_6_SET_56_19_118_60_VP_0_255_1_NP_100_holes.txt
240521-19:43:13	[INFO]	<<-- FINISHED MEASURING ENC AND CHECKING CALIBRATION
240523-13:36:45	MODULE_ID:	M5DL1B1001161B2_240523_1336
240523-13:36:45	[INFO]	TEST_CENTER: GSI
240523-13:36:45	[INFO]	OPERATOR_ID: Dairon Rodriguez Garces
240523-13:36:45	[INFO]	MODULE ID: 	M5DL1B1001161B2
240523-13:36:45	[INFO]	SENSOR_SIZE [mm]: 	42
240523-13:36:45	[INFO]	SENSOR_QGRADE: 	A
240523-13:37:04	[INFO]	-->> RUNNING SYNCHRONIZATION
240523-13:37:35	[INFO]	<<-- FINISHED SYNCHRONIZATION
240523-13:37:35	[INFO]	-->> READING LV VALUES BEFORE CONFIGURATION
240523-13:37:35	[INFO]	<<-- FINISHED READING LV VALUES BEFORE CONFIGURATION
240523-13:37:35	[INFO]	-->> LOADING STANDARD CONFIGURATION
240523-13:37:43	[INFO]	<<-- FINISHED LOADING STANDARD CONFIGURATION
240523-13:37:43	[INFO]	-->> READING ASICs ID
240523-13:37:44	[INFO]	<<-- FINISHED READING ASICs ID
240523-13:37:44	[INFO]	-->> LOADING DEFAULT TRIM VALUES
240523-13:38:43	[INFO]	<<-- FINISHED LOADING DEFAULT TRIM VALUES
240523-13:38:43	[INFO]	-->> READING LV VALUES AFTER CONFIGURATION
240523-13:38:53	[INFO]	<<-- FINISHED READING LV VALUES AFTER CONFIGURATION
240523-13:38:53	[INFO]	-->> READING VDDM & TEMPERATURE
240523-13:39:00	[INFO]	<<-- FINISHED READING VDDM & TEMPERATURE
240523-13:39:00	[INFO]	--> SETTING THE CALIBRATION TRIM
240523-13:40:51	[INFO]	<<-- FINISHED SETTING THE CALIBRATION TRIM
240523-13:40:51	[INFO]	--> CHECKING CHANNELS' CONNECTIVITY
240523-13:40:51	[INFO]	CONN-CHECK_ASIC_HW_ADDR_7: elect
240523-13:41:09	[INFO]	CONN-CHECK_ASIC_HW_ADDR_6: elect
240523-13:41:27	[INFO]	CONN-CHECK_ASIC_HW_ADDR_5: elect
240523-13:41:46	[INFO]	CONN-CHECK_ASIC_HW_ADDR_4: elect
240523-13:42:04	[INFO]	CONN-CHECK_ASIC_HW_ADDR_3: elect
240523-13:42:22	[INFO]	CONN-CHECK_ASIC_HW_ADDR_2: elect
240523-13:42:41	[INFO]	CONN-CHECK_ASIC_HW_ADDR_1: elect
240523-13:42:59	[INFO]	CONN-CHECK_ASIC_HW_ADDR_0: elect
240523-13:43:17	[INFO]	CONN-CHECK_ASIC_HW_ADDR_1: holes
240523-13:43:35	[INFO]	CONN-CHECK_ASIC_HW_ADDR_0: holes
240523-13:43:53	[INFO]	CONN-CHECK_ASIC_HW_ADDR_3: holes
240523-13:44:12	[INFO]	CONN-CHECK_ASIC_HW_ADDR_2: holes
240523-13:44:29	[INFO]	CONN-CHECK_ASIC_HW_ADDR_5: holes
240523-13:44:47	[INFO]	CONN-CHECK_ASIC_HW_ADDR_4: holes
240523-13:45:08	[INFO]	CONN-CHECK_ASIC_HW_ADDR_7: holes
240523-13:45:28	[INFO]	CONN-CHECK_ASIC_HW_ADDR_6: holes
240523-13:45:48	[INFO]	<<-- FINISHED CHECKING CHANNELS' CONNECTIVITY
