240618-17:31:18	MODULE_ID:	M4UL6T0110340B2
240618-17:31:18	[INFO]	TEST_CENTER: GSI
240618-17:31:18	[INFO]	OPERATOR_ID: Dairon Rodriguez Garces
240618-17:31:18	[INFO]	MODULE ID: 	M4UL6T0110340B2
240618-17:31:18	[INFO]	SENSOR_SIZE [mm]: 	62
240618-17:31:18	[INFO]	SENSOR_QGRADE: 	C
240618-17:31:44	[INFO]	-->> RUNNING SYNCHRONIZATION
240618-17:32:13	[INFO]	<<-- FINISHED SYNCHRONIZATION
240618-17:32:13	[INFO]	-->> READING LV VALUES BEFORE CONFIGURATION
240618-17:32:14	[INFO]	<<-- FINISHED READING LV VALUES BEFORE CONFIGURATION
240618-17:32:14	[INFO]	-->> LOADING STANDARD CONFIGURATION
240618-17:32:21	[INFO]	<<-- FINISHED LOADING STANDARD CONFIGURATION
240618-17:32:21	[INFO]	-->> READING ASICs ID
240618-17:32:22	[INFO]	<<-- FINISHED READING ASICs ID
240618-17:32:22	[INFO]	-->> LOADING DEFAULT TRIM VALUES
240618-17:33:17	[INFO]	<<-- FINISHED LOADING DEFAULT TRIM VALUES
240618-17:33:17	[INFO]	-->> READING LV VALUES AFTER CONFIGURATION
240618-17:33:27	[INFO]	<<-- FINISHED READING LV VALUES AFTER CONFIGURATION
240618-17:33:27	[INFO]	-->> READING VDDM & TEMPERATURE
240618-17:33:30	[INFO]	<<-- FINISHED READING VDDM & TEMPERATURE
240618-17:33:30	[INFO]	-->> LOADING DEFAULT TRIM VALUES
240618-17:34:24	[INFO]	<<-- FINISHED LOADING DEFAULT TRIM VALUES
240618-17:34:24	[INFO]	-->> FINDING VREF_P, VREF_N & THR@_GLB FOR CALIBRATION
240618-17:41:18	[INFO]	<<-- FINISHED FINDING VREF_P, VREF_N & THR@_GLB FOR CALIBRATION
240618-17:41:18	[INFO]	--> SETTING THE CALIBRATION PARAMETERS
240618-17:41:18	[INFO]	<<-- FINISHED SETTING THE CALIBRATION PARAMETERS
240618-17:41:18	[INFO]	-->> CALIBRATING THE MODULE
240618-17:50:21	[INFO]	CAL_ASIC_HW_ADDR_7: ftrim_XA-000-08-002-002-007-254-09_HW_7_SET_57_25_118_33_R_30_247_elect.txt
240618-17:59:16	[INFO]	CAL_ASIC_HW_ADDR_6: ftrim_XA-000-08-002-002-008-001-11_HW_6_SET_58_26_118_29_R_30_247_elect.txt
240618-18:08:18	[INFO]	CAL_ASIC_HW_ADDR_5: ftrim_XA-000-08-002-002-008-004-11_HW_5_SET_58_25_118_41_R_30_247_elect.txt
240618-18:17:20	[INFO]	CAL_ASIC_HW_ADDR_4: ftrim_XA-000-08-002-002-008-002-11_HW_4_SET_57_26_118_38_R_30_247_elect.txt
240618-18:26:25	[INFO]	CAL_ASIC_HW_ADDR_3: ftrim_XA-000-08-002-002-008-003-11_HW_3_SET_56_25_118_40_R_30_247_elect.txt
240618-18:35:30	[INFO]	CAL_ASIC_HW_ADDR_2: ftrim_XA-000-08-002-002-007-253-09_HW_2_SET_57_26_118_35_R_30_247_elect.txt
240618-18:44:42	[INFO]	CAL_ASIC_HW_ADDR_1: ftrim_XA-000-08-002-002-008-000-11_HW_1_SET_57_27_118_34_R_30_247_elect.txt
240618-18:54:18	[INFO]	CAL_ASIC_HW_ADDR_0: ftrim_XA-000-08-002-002-008-005-11_HW_0_SET_58_27_118_46_R_30_247_elect.txt
240618-19:03:28	[INFO]	CAL_ASIC_HW_ADDR_1: ftrim_XA-000-08-002-000-008-232-03_HW_1_SET_55_21_118_10_R_30_247_holes.txt
240618-19:12:35	[INFO]	CAL_ASIC_HW_ADDR_0: ftrim_XA-000-08-002-000-008-218-10_HW_0_SET_57_18_118_33_R_30_247_holes.txt
240618-19:21:36	[INFO]	CAL_ASIC_HW_ADDR_3: ftrim_XA-000-08-002-000-008-222-10_HW_3_SET_57_22_118_35_R_30_247_holes.txt
240618-19:30:42	[INFO]	CAL_ASIC_HW_ADDR_2: ftrim_XA-000-08-002-000-008-227-03_HW_2_SET_57_20_118_32_R_30_247_holes.txt
240618-19:39:47	[INFO]	CAL_ASIC_HW_ADDR_5: ftrim_XA-000-08-002-000-008-207-13_HW_5_SET_56_20_118_37_R_30_247_holes.txt
240618-19:48:53	[INFO]	CAL_ASIC_HW_ADDR_4: ftrim_XA-000-08-002-000-008-214-10_HW_4_SET_57_20_118_29_R_30_247_holes.txt
240618-19:57:56	[INFO]	CAL_ASIC_HW_ADDR_7: ftrim_XA-000-08-002-000-008-212-10_HW_7_SET_57_20_118_34_R_30_247_holes.txt
240618-20:07:09	[INFO]	CAL_ASIC_HW_ADDR_6: ftrim_XA-000-08-002-000-008-190-01_HW_6_SET_56_18_118_29_R_30_247_holes.txt
240618-20:07:09	[INFO]	<<-- FINISHED CALIBRATING THE MODULE
240618-20:07:09	[INFO]	--> SETTING THE CALIBRATION TRIM
240618-20:09:01	[INFO]	<<-- FINISHED SETTING THE CALIBRATION TRIM
240618-20:09:01	[INFO]	--> MEASURING ENC AND CHECKING CALIBRATION
240618-20:16:05	[INFO]	PSCAN_ASIC_HW_ADDR_7: pscan_240618_2009_XA-000-08-002-002-007-254-09_HW_7_SET_57_25_118_33_VP_0_255_1_NP_100_elect.txt
240618-20:23:03	[INFO]	PSCAN_ASIC_HW_ADDR_6: pscan_240618_2016_XA-000-08-002-002-008-001-11_HW_6_SET_58_26_118_29_VP_0_255_1_NP_100_elect.txt
240618-20:30:07	[INFO]	PSCAN_ASIC_HW_ADDR_5: pscan_240618_2023_XA-000-08-002-002-008-004-11_HW_5_SET_58_25_118_41_VP_0_255_1_NP_100_elect.txt
240618-20:37:08	[INFO]	PSCAN_ASIC_HW_ADDR_4: pscan_240618_2030_XA-000-08-002-002-008-002-11_HW_4_SET_57_26_118_38_VP_0_255_1_NP_100_elect.txt
240618-20:44:18	[INFO]	PSCAN_ASIC_HW_ADDR_3: pscan_240618_2037_XA-000-08-002-002-008-003-11_HW_3_SET_56_25_118_40_VP_0_255_1_NP_100_elect.txt
240618-20:51:30	[INFO]	PSCAN_ASIC_HW_ADDR_2: pscan_240618_2044_XA-000-08-002-002-007-253-09_HW_2_SET_57_26_118_35_VP_0_255_1_NP_100_elect.txt
240618-20:58:36	[INFO]	PSCAN_ASIC_HW_ADDR_1: pscan_240618_2051_XA-000-08-002-002-008-000-11_HW_1_SET_57_27_118_34_VP_0_255_1_NP_100_elect.txt
240618-21:05:50	[INFO]	PSCAN_ASIC_HW_ADDR_0: pscan_240618_2058_XA-000-08-002-002-008-005-11_HW_0_SET_58_27_118_46_VP_0_255_1_NP_100_elect.txt
240618-21:13:03	[INFO]	PSCAN_ASIC_HW_ADDR_1: pscan_240618_2105_XA-000-08-002-000-008-232-03_HW_1_SET_55_21_118_10_VP_0_255_1_NP_100_holes.txt
240618-21:20:14	[INFO]	PSCAN_ASIC_HW_ADDR_0: pscan_240618_2113_XA-000-08-002-000-008-218-10_HW_0_SET_57_18_118_33_VP_0_255_1_NP_100_holes.txt
240618-21:27:24	[INFO]	PSCAN_ASIC_HW_ADDR_3: pscan_240618_2120_XA-000-08-002-000-008-222-10_HW_3_SET_57_22_118_35_VP_0_255_1_NP_100_holes.txt
240618-21:34:37	[INFO]	PSCAN_ASIC_HW_ADDR_2: pscan_240618_2127_XA-000-08-002-000-008-227-03_HW_2_SET_57_20_118_32_VP_0_255_1_NP_100_holes.txt
240618-21:41:46	[INFO]	PSCAN_ASIC_HW_ADDR_5: pscan_240618_2134_XA-000-08-002-000-008-207-13_HW_5_SET_56_20_118_37_VP_0_255_1_NP_100_holes.txt
240618-21:49:00	[INFO]	PSCAN_ASIC_HW_ADDR_4: pscan_240618_2141_XA-000-08-002-000-008-214-10_HW_4_SET_57_20_118_29_VP_0_255_1_NP_100_holes.txt
240618-21:56:13	[INFO]	PSCAN_ASIC_HW_ADDR_7: pscan_240618_2149_XA-000-08-002-000-008-212-10_HW_7_SET_57_20_118_34_VP_0_255_1_NP_100_holes.txt
240618-22:03:19	[INFO]	PSCAN_ASIC_HW_ADDR_6: pscan_240618_2156_XA-000-08-002-000-008-190-01_HW_6_SET_56_18_118_29_VP_0_255_1_NP_100_holes.txt
240618-22:03:19	[INFO]	<<-- FINISHED MEASURING ENC AND CHECKING CALIBRATION
240619-09:40:47	MODULE_ID:	M4UL6T0110340B2_240619_0940
240619-09:40:47	[INFO]	TEST_CENTER: GSI
240619-09:40:47	[INFO]	OPERATOR_ID: Dairon Rodriguez Garces
240619-09:40:47	[INFO]	MODULE ID: 	M4UL6T0110340B2
240619-09:40:47	[INFO]	SENSOR_SIZE [mm]: 	62
240619-09:40:47	[INFO]	SENSOR_QGRADE: 	C
240619-09:41:33	[INFO]	-->> RUNNING SYNCHRONIZATION
240619-09:42:02	[INFO]	<<-- FINISHED SYNCHRONIZATION
240619-09:42:02	[INFO]	-->> READING LV VALUES BEFORE CONFIGURATION
240619-09:42:02	[INFO]	<<-- FINISHED READING LV VALUES BEFORE CONFIGURATION
240619-09:42:02	[INFO]	-->> LOADING STANDARD CONFIGURATION
240619-09:42:10	[INFO]	<<-- FINISHED LOADING STANDARD CONFIGURATION
240619-09:42:10	[INFO]	-->> READING ASICs ID
240619-09:42:11	[INFO]	<<-- FINISHED READING ASICs ID
240619-09:42:11	[INFO]	-->> LOADING DEFAULT TRIM VALUES
240619-09:43:08	[INFO]	<<-- FINISHED LOADING DEFAULT TRIM VALUES
240619-09:43:08	[INFO]	-->> READING LV VALUES AFTER CONFIGURATION
240619-09:43:18	[INFO]	<<-- FINISHED READING LV VALUES AFTER CONFIGURATION
240619-09:43:18	[INFO]	-->> READING VDDM & TEMPERATURE
240619-09:43:21	[INFO]	<<-- FINISHED READING VDDM & TEMPERATURE
240619-09:43:21	[INFO]	--> SETTING THE CALIBRATION TRIM
240619-09:45:19	[INFO]	<<-- FINISHED SETTING THE CALIBRATION TRIM
240619-09:45:19	[INFO]	--> CHECKING CHANNELS' CONNECTIVITY
240619-09:45:19	[INFO]	CONN-CHECK_ASIC_HW_ADDR_7: elect
240619-09:45:38	[INFO]	CONN-CHECK_ASIC_HW_ADDR_6: elect
240619-09:45:56	[INFO]	CONN-CHECK_ASIC_HW_ADDR_5: elect
240619-09:46:15	[INFO]	CONN-CHECK_ASIC_HW_ADDR_4: elect
240619-09:46:34	[INFO]	CONN-CHECK_ASIC_HW_ADDR_3: elect
240619-09:46:52	[INFO]	CONN-CHECK_ASIC_HW_ADDR_2: elect
240619-09:47:11	[INFO]	CONN-CHECK_ASIC_HW_ADDR_1: elect
240619-09:47:29	[INFO]	CONN-CHECK_ASIC_HW_ADDR_0: elect
240619-09:47:47	[INFO]	CONN-CHECK_ASIC_HW_ADDR_1: holes
240619-09:48:05	[INFO]	CONN-CHECK_ASIC_HW_ADDR_0: holes
240619-09:48:23	[INFO]	CONN-CHECK_ASIC_HW_ADDR_3: holes
240619-09:48:41	[INFO]	CONN-CHECK_ASIC_HW_ADDR_2: holes
240619-09:49:00	[INFO]	CONN-CHECK_ASIC_HW_ADDR_5: holes
240619-09:49:18	[INFO]	CONN-CHECK_ASIC_HW_ADDR_4: holes
240619-09:49:36	[INFO]	CONN-CHECK_ASIC_HW_ADDR_7: holes
240619-09:49:53	[INFO]	CONN-CHECK_ASIC_HW_ADDR_6: holes
240619-09:50:10	[INFO]	<<-- FINISHED CHECKING CHANNELS' CONNECTIVITY
