240617-11:11:26	MODULE_ID:	M4UL2B4010314A2
240617-11:11:26	[INFO]	TEST_CENTER: GSI
240617-11:11:26	[INFO]	OPERATOR_ID: Dairon Rodriguez Garces
240617-11:11:26	[INFO]	MODULE ID: 	M4UL2B4010314A2
240617-11:11:26	[INFO]	SENSOR_SIZE [mm]: 	124
240617-11:11:26	[INFO]	SENSOR_QGRADE: 	C
240617-11:12:11	[INFO]	-->> RUNNING SYNCHRONIZATION
240617-11:12:41	[INFO]	<<-- FINISHED SYNCHRONIZATION
240617-11:12:41	[INFO]	-->> READING LV VALUES BEFORE CONFIGURATION
240617-11:12:41	[INFO]	<<-- FINISHED READING LV VALUES BEFORE CONFIGURATION
240617-11:12:41	[INFO]	-->> LOADING STANDARD CONFIGURATION
240617-11:12:48	[INFO]	<<-- FINISHED LOADING STANDARD CONFIGURATION
240617-11:12:48	[INFO]	-->> READING ASICs ID
240617-11:12:49	[INFO]	<<-- FINISHED READING ASICs ID
240617-11:12:49	[INFO]	-->> READING LV VALUES AFTER CONFIGURATION
240617-11:13:00	[INFO]	<<-- FINISHED READING LV VALUES AFTER CONFIGURATION
240617-11:13:00	[INFO]	-->> READING VDDM & TEMPERATURE
240617-11:13:03	[INFO]	<<-- FINISHED READING VDDM & TEMPERATURE
240617-11:13:03	[INFO]	-->> LOADING DEFAULT TRIM VALUES
240617-11:13:59	[INFO]	<<-- FINISHED LOADING DEFAULT TRIM VALUES
240617-11:13:59	[INFO]	-->> FINDING VREF_P, VREF_N & THR@_GLB FOR CALIBRATION
240617-11:21:13	[INFO]	<<-- FINISHED FINDING VREF_P, VREF_N & THR@_GLB FOR CALIBRATION
240617-11:21:13	[INFO]	--> SETTING THE CALIBRATION PARAMETERS
240617-11:21:13	[INFO]	<<-- FINISHED SETTING THE CALIBRATION PARAMETERS
240617-11:21:13	[INFO]	-->> CALIBRATING THE MODULE
240617-11:30:30	[INFO]	CAL_ASIC_HW_ADDR_1: ftrim_XA-000-08-002-000-001-118-15_HW_1_SET_56_26_118_43_R_30_247_elect.txt
240617-11:39:47	[INFO]	CAL_ASIC_HW_ADDR_0: ftrim_XA-000-08-002-000-001-057-10_HW_0_SET_57_25_118_47_R_30_247_elect.txt
240617-11:49:09	[INFO]	CAL_ASIC_HW_ADDR_3: ftrim_XA-000-08-002-000-001-136-09_HW_3_SET_56_28_118_39_R_30_247_elect.txt
240617-11:58:34	[INFO]	CAL_ASIC_HW_ADDR_2: ftrim_XA-000-08-002-000-001-067-06_HW_2_SET_57_29_118_38_R_30_247_elect.txt
240617-12:07:50	[INFO]	CAL_ASIC_HW_ADDR_5: ftrim_XA-000-08-002-000-001-131-09_HW_5_SET_57_29_118_37_R_30_247_elect.txt
240617-12:17:03	[INFO]	CAL_ASIC_HW_ADDR_4: ftrim_XA-000-08-002-000-001-059-10_HW_4_SET_56_25_118_41_R_30_247_elect.txt
240617-12:26:11	[INFO]	CAL_ASIC_HW_ADDR_7: ftrim_XA-000-08-002-000-001-127-15_HW_7_SET_57_26_118_45_R_30_247_elect.txt
240617-12:35:14	[INFO]	CAL_ASIC_HW_ADDR_6: ftrim_XA-000-08-002-000-001-060-10_HW_6_SET_57_28_118_50_R_30_247_elect.txt
240617-12:44:25	[INFO]	CAL_ASIC_HW_ADDR_7: ftrim_XA-000-08-002-000-001-119-15_HW_7_SET_58_27_118_10_R_30_247_holes.txt
240617-12:53:44	[INFO]	CAL_ASIC_HW_ADDR_6: ftrim_XA-000-08-002-000-001-132-09_HW_6_SET_58_26_118_10_R_30_247_holes.txt
240617-13:03:05	[INFO]	CAL_ASIC_HW_ADDR_5: ftrim_XA-000-08-002-000-001-122-15_HW_5_SET_57_26_118_44_R_30_247_holes.txt
240617-13:12:19	[INFO]	CAL_ASIC_HW_ADDR_4: ftrim_XA-000-08-002-000-001-137-09_HW_4_SET_56_26_118_40_R_30_247_holes.txt
240617-13:21:32	[INFO]	CAL_ASIC_HW_ADDR_3: ftrim_XA-000-08-002-000-001-130-09_HW_3_SET_57_26_118_38_R_30_247_holes.txt
240617-13:30:59	[INFO]	CAL_ASIC_HW_ADDR_2: ftrim_XA-000-08-002-000-001-117-15_HW_2_SET_57_23_118_34_R_30_247_holes.txt
240617-13:40:12	[INFO]	CAL_ASIC_HW_ADDR_1: ftrim_XA-000-08-002-000-001-129-09_HW_1_SET_58_26_118_39_R_30_247_holes.txt
240617-13:49:35	[INFO]	CAL_ASIC_HW_ADDR_0: ftrim_XA-000-08-002-000-001-121-15_HW_0_SET_57_25_118_42_R_30_247_holes.txt
240617-13:49:35	[INFO]	<<-- FINISHED CALIBRATING THE MODULE
240617-13:49:35	[INFO]	--> SETTING THE CALIBRATION TRIM
240617-13:51:35	[INFO]	<<-- FINISHED SETTING THE CALIBRATION TRIM
240617-13:51:35	[INFO]	--> MEASURING ENC AND CHECKING CALIBRATION
240617-13:59:01	[INFO]	PSCAN_ASIC_HW_ADDR_1: pscan_240617_1351_XA-000-08-002-000-001-118-15_HW_1_SET_56_26_118_43_VP_0_255_1_NP_100_elect.txt
240617-14:06:16	[INFO]	PSCAN_ASIC_HW_ADDR_0: pscan_240617_1359_XA-000-08-002-000-001-057-10_HW_0_SET_57_25_118_47_VP_0_255_1_NP_100_elect.txt
240617-14:13:28	[INFO]	PSCAN_ASIC_HW_ADDR_3: pscan_240617_1406_XA-000-08-002-000-001-136-09_HW_3_SET_56_28_118_39_VP_0_255_1_NP_100_elect.txt
240617-14:20:35	[INFO]	PSCAN_ASIC_HW_ADDR_2: pscan_240617_1413_XA-000-08-002-000-001-067-06_HW_2_SET_57_29_118_38_VP_0_255_1_NP_100_elect.txt
240617-14:27:41	[INFO]	PSCAN_ASIC_HW_ADDR_5: pscan_240617_1420_XA-000-08-002-000-001-131-09_HW_5_SET_57_29_118_37_VP_0_255_1_NP_100_elect.txt
240617-14:34:46	[INFO]	PSCAN_ASIC_HW_ADDR_4: pscan_240617_1427_XA-000-08-002-000-001-059-10_HW_4_SET_56_25_118_41_VP_0_255_1_NP_100_elect.txt
240617-14:41:52	[INFO]	PSCAN_ASIC_HW_ADDR_7: pscan_240617_1434_XA-000-08-002-000-001-127-15_HW_7_SET_57_26_118_45_VP_0_255_1_NP_100_elect.txt
240617-14:48:57	[INFO]	PSCAN_ASIC_HW_ADDR_6: pscan_240617_1441_XA-000-08-002-000-001-060-10_HW_6_SET_57_28_118_50_VP_0_255_1_NP_100_elect.txt
240617-14:56:03	[INFO]	PSCAN_ASIC_HW_ADDR_7: pscan_240617_1448_XA-000-08-002-000-001-119-15_HW_7_SET_58_27_118_10_VP_0_255_1_NP_100_holes.txt
240617-15:03:11	[INFO]	PSCAN_ASIC_HW_ADDR_6: pscan_240617_1456_XA-000-08-002-000-001-132-09_HW_6_SET_58_26_118_10_VP_0_255_1_NP_100_holes.txt
240617-15:10:20	[INFO]	PSCAN_ASIC_HW_ADDR_5: pscan_240617_1503_XA-000-08-002-000-001-122-15_HW_5_SET_57_26_118_44_VP_0_255_1_NP_100_holes.txt
240617-15:17:30	[INFO]	PSCAN_ASIC_HW_ADDR_4: pscan_240617_1510_XA-000-08-002-000-001-137-09_HW_4_SET_56_26_118_40_VP_0_255_1_NP_100_holes.txt
240617-15:24:36	[INFO]	PSCAN_ASIC_HW_ADDR_3: pscan_240617_1517_XA-000-08-002-000-001-130-09_HW_3_SET_57_26_118_38_VP_0_255_1_NP_100_holes.txt
240617-15:31:45	[INFO]	PSCAN_ASIC_HW_ADDR_2: pscan_240617_1524_XA-000-08-002-000-001-117-15_HW_2_SET_57_23_118_34_VP_0_255_1_NP_100_holes.txt
240617-15:38:52	[INFO]	PSCAN_ASIC_HW_ADDR_1: pscan_240617_1531_XA-000-08-002-000-001-129-09_HW_1_SET_58_26_118_39_VP_0_255_1_NP_100_holes.txt
240617-15:46:09	[INFO]	PSCAN_ASIC_HW_ADDR_0: pscan_240617_1538_XA-000-08-002-000-001-121-15_HW_0_SET_57_25_118_42_VP_0_255_1_NP_100_holes.txt
240617-15:46:09	[INFO]	<<-- FINISHED MEASURING ENC AND CHECKING CALIBRATION
240617-16:03:16	MODULE_ID:	M4UL2B4010314A2_240617_1603
240617-16:03:16	[INFO]	TEST_CENTER: GSI
240617-16:03:16	[INFO]	OPERATOR_ID: Dairon Rodriguez Garces
240617-16:03:16	[INFO]	MODULE ID: 	M4UL2B4010314A2
240617-16:03:16	[INFO]	SENSOR_SIZE [mm]: 	124
240617-16:03:16	[INFO]	SENSOR_QGRADE: 	C
240617-16:03:35	[INFO]	-->> RUNNING SYNCHRONIZATION
240617-16:04:05	[INFO]	<<-- FINISHED SYNCHRONIZATION
240617-16:04:05	[INFO]	-->> READING LV VALUES BEFORE CONFIGURATION
240617-16:04:06	[INFO]	<<-- FINISHED READING LV VALUES BEFORE CONFIGURATION
240617-16:04:06	[INFO]	-->> LOADING STANDARD CONFIGURATION
240617-16:04:13	[INFO]	<<-- FINISHED LOADING STANDARD CONFIGURATION
240617-16:04:13	[INFO]	-->> READING ASICs ID
240617-16:04:14	[INFO]	<<-- FINISHED READING ASICs ID
240617-16:04:14	[INFO]	-->> READING LV VALUES AFTER CONFIGURATION
240617-16:04:24	[INFO]	<<-- FINISHED READING LV VALUES AFTER CONFIGURATION
240617-16:04:24	[INFO]	-->> READING VDDM & TEMPERATURE
240617-16:04:28	[INFO]	<<-- FINISHED READING VDDM & TEMPERATURE
240617-16:04:28	[INFO]	--> SETTING THE CALIBRATION TRIM
240617-16:06:23	[INFO]	<<-- FINISHED SETTING THE CALIBRATION TRIM
240617-16:06:23	[INFO]	--> CHECKING CHANNELS' CONNECTIVITY
240617-16:06:23	[INFO]	CONN-CHECK_ASIC_HW_ADDR_1: elect
240617-16:06:44	[INFO]	CONN-CHECK_ASIC_HW_ADDR_0: elect
240617-16:07:04	[INFO]	CONN-CHECK_ASIC_HW_ADDR_3: elect
240617-16:07:22	[INFO]	CONN-CHECK_ASIC_HW_ADDR_2: elect
240617-16:07:40	[INFO]	CONN-CHECK_ASIC_HW_ADDR_5: elect
240617-16:07:58	[INFO]	CONN-CHECK_ASIC_HW_ADDR_4: elect
240617-16:08:17	[INFO]	CONN-CHECK_ASIC_HW_ADDR_7: elect
240617-16:08:36	[INFO]	CONN-CHECK_ASIC_HW_ADDR_6: elect
240617-16:08:54	[INFO]	CONN-CHECK_ASIC_HW_ADDR_7: holes
240617-16:09:14	[INFO]	CONN-CHECK_ASIC_HW_ADDR_6: holes
240617-16:09:33	[INFO]	CONN-CHECK_ASIC_HW_ADDR_5: holes
240617-16:09:52	[INFO]	CONN-CHECK_ASIC_HW_ADDR_4: holes
240617-16:10:11	[INFO]	CONN-CHECK_ASIC_HW_ADDR_3: holes
240617-16:10:30	[INFO]	CONN-CHECK_ASIC_HW_ADDR_2: holes
240617-16:10:49	[INFO]	CONN-CHECK_ASIC_HW_ADDR_1: holes
240617-16:11:08	[INFO]	CONN-CHECK_ASIC_HW_ADDR_0: holes
240617-16:11:27	[INFO]	<<-- FINISHED CHECKING CHANNELS' CONNECTIVITY
