240619-11:49:43	MODULE_ID:	M4UL2B2010312A2
240619-11:49:43	[INFO]	TEST_CENTER: GSI
240619-11:49:43	[INFO]	OPERATOR_ID: Dairon Rodriguez Garces
240619-11:49:43	[INFO]	MODULE ID: 	M4UL2B2010312A2
240619-11:49:43	[INFO]	SENSOR_SIZE [mm]: 	42
240619-11:49:43	[INFO]	SENSOR_QGRADE: 	A
240619-11:51:37	MODULE_ID:	M4UL2B2010312A2_240619_1151
240619-11:51:37	[INFO]	TEST_CENTER: GSI
240619-11:51:37	[INFO]	OPERATOR_ID: Dairon Rodriguez Garces
240619-11:51:37	[INFO]	MODULE ID: 	M4UL2B2010312A2
240619-11:51:37	[INFO]	SENSOR_SIZE [mm]: 	42
240619-11:51:37	[INFO]	SENSOR_QGRADE: 	A
240619-11:52:04	[INFO]	-->> RUNNING SYNCHRONIZATION
240619-11:52:34	[INFO]	<<-- FINISHED SYNCHRONIZATION
240619-11:52:34	[INFO]	-->> READING LV VALUES BEFORE CONFIGURATION
240619-11:52:34	[INFO]	<<-- FINISHED READING LV VALUES BEFORE CONFIGURATION
240619-11:52:34	[INFO]	-->> LOADING STANDARD CONFIGURATION
240619-11:52:42	[INFO]	<<-- FINISHED LOADING STANDARD CONFIGURATION
240619-11:52:42	[INFO]	-->> READING ASICs ID
240619-11:52:43	[INFO]	<<-- FINISHED READING ASICs ID
240619-11:52:43	[INFO]	-->> READING LV VALUES AFTER CONFIGURATION
240619-11:52:53	[INFO]	<<-- FINISHED READING LV VALUES AFTER CONFIGURATION
240619-11:52:53	[INFO]	-->> READING VDDM & TEMPERATURE
240619-11:52:56	[INFO]	<<-- FINISHED READING VDDM & TEMPERATURE
240619-11:52:56	[INFO]	-->> LOADING DEFAULT TRIM VALUES
240619-11:54:02	[INFO]	<<-- FINISHED LOADING DEFAULT TRIM VALUES
240619-11:54:02	[INFO]	-->> FINDING VREF_P, VREF_N & THR@_GLB FOR CALIBRATION
240619-12:01:18	[INFO]	<<-- FINISHED FINDING VREF_P, VREF_N & THR@_GLB FOR CALIBRATION
240619-12:01:18	[INFO]	--> SETTING THE CALIBRATION PARAMETERS
240619-12:01:18	[INFO]	<<-- FINISHED SETTING THE CALIBRATION PARAMETERS
240619-12:01:18	[INFO]	-->> CALIBRATING THE MODULE
240619-12:10:23	[INFO]	CAL_ASIC_HW_ADDR_1: ftrim_XA-000-08-002-000-001-120-15_HW_1_SET_57_27_118_69_R_30_247_elect.txt
240619-12:19:16	[INFO]	CAL_ASIC_HW_ADDR_0: ftrim_XA-000-08-002-000-001-068-06_HW_0_SET_55_29_118_64_R_30_247_elect.txt
240619-12:28:09	[INFO]	CAL_ASIC_HW_ADDR_3: ftrim_XA-000-08-002-000-001-007-03_HW_3_SET_55_26_118_51_R_30_247_elect.txt
240619-12:36:59	[INFO]	CAL_ASIC_HW_ADDR_2: ftrim_XA-000-08-002-000-001-063-10_HW_2_SET_56_28_118_10_R_30_247_elect.txt
240619-12:45:55	[INFO]	CAL_ASIC_HW_ADDR_5: ftrim_XA-000-08-002-000-001-009-03_HW_5_SET_57_26_118_63_R_30_247_elect.txt
240619-12:54:54	[INFO]	CAL_ASIC_HW_ADDR_4: ftrim_XA-000-08-002-000-001-140-09_HW_4_SET_57_28_118_58_R_30_247_elect.txt
240619-13:03:58	[INFO]	CAL_ASIC_HW_ADDR_7: ftrim_XA-000-08-002-000-001-126-15_HW_7_SET_57_29_118_51_R_30_247_elect.txt
240619-13:12:50	[INFO]	CAL_ASIC_HW_ADDR_6: ftrim_XA-000-08-002-000-001-006-03_HW_6_SET_56_28_118_49_R_30_247_elect.txt
240619-13:21:44	[INFO]	CAL_ASIC_HW_ADDR_7: ftrim_XA-000-08-002-000-001-048-10_HW_7_SET_58_24_118_54_R_30_247_holes.txt
240619-13:30:34	[INFO]	CAL_ASIC_HW_ADDR_6: ftrim_XA-000-08-002-000-001-065-06_HW_6_SET_57_21_118_10_R_30_247_holes.txt
240619-13:39:26	[INFO]	CAL_ASIC_HW_ADDR_5: ftrim_XA-000-08-002-000-001-054-10_HW_5_SET_53_22_118_10_R_30_247_holes.txt
240619-13:48:18	[INFO]	CAL_ASIC_HW_ADDR_4: ftrim_XA-000-08-002-000-001-078-06_HW_4_SET_56_22_118_68_R_30_247_holes.txt
240619-13:57:19	[INFO]	CAL_ASIC_HW_ADDR_3: ftrim_XA-000-08-002-000-001-049-10_HW_3_SET_58_23_118_69_R_30_247_holes.txt
240619-14:06:14	[INFO]	CAL_ASIC_HW_ADDR_2: ftrim_XA-000-08-002-000-001-115-15_HW_2_SET_57_22_118_59_R_30_247_holes.txt
240619-14:15:12	[INFO]	CAL_ASIC_HW_ADDR_1: ftrim_XA-000-08-002-000-001-064-06_HW_1_SET_56_21_118_10_R_30_247_holes.txt
240619-14:24:03	[INFO]	CAL_ASIC_HW_ADDR_0: ftrim_XA-000-08-002-000-001-139-09_HW_0_SET_55_24_118_67_R_30_247_holes.txt
240619-14:24:03	[INFO]	<<-- FINISHED CALIBRATING THE MODULE
240619-14:24:03	[INFO]	--> SETTING THE CALIBRATION TRIM
240619-14:25:55	[INFO]	<<-- FINISHED SETTING THE CALIBRATION TRIM
240619-14:25:55	[INFO]	--> MEASURING ENC AND CHECKING CALIBRATION
240619-14:32:57	[INFO]	PSCAN_ASIC_HW_ADDR_1: pscan_240619_1425_XA-000-08-002-000-001-120-15_HW_1_SET_57_27_118_69_VP_0_255_1_NP_100_elect.txt
240619-14:40:06	[INFO]	PSCAN_ASIC_HW_ADDR_0: pscan_240619_1432_XA-000-08-002-000-001-068-06_HW_0_SET_55_29_118_64_VP_0_255_1_NP_100_elect.txt
240619-14:47:18	[INFO]	PSCAN_ASIC_HW_ADDR_3: pscan_240619_1440_XA-000-08-002-000-001-007-03_HW_3_SET_55_26_118_51_VP_0_255_1_NP_100_elect.txt
240619-14:54:35	[INFO]	PSCAN_ASIC_HW_ADDR_2: pscan_240619_1447_XA-000-08-002-000-001-063-10_HW_2_SET_56_28_118_10_VP_0_255_1_NP_100_elect.txt
240619-15:01:50	[INFO]	PSCAN_ASIC_HW_ADDR_5: pscan_240619_1454_XA-000-08-002-000-001-009-03_HW_5_SET_57_26_118_63_VP_0_255_1_NP_100_elect.txt
240619-15:08:59	[INFO]	PSCAN_ASIC_HW_ADDR_4: pscan_240619_1501_XA-000-08-002-000-001-140-09_HW_4_SET_57_28_118_58_VP_0_255_1_NP_100_elect.txt
240619-15:16:07	[INFO]	PSCAN_ASIC_HW_ADDR_7: pscan_240619_1508_XA-000-08-002-000-001-126-15_HW_7_SET_57_29_118_51_VP_0_255_1_NP_100_elect.txt
240619-15:23:15	[INFO]	PSCAN_ASIC_HW_ADDR_6: pscan_240619_1516_XA-000-08-002-000-001-006-03_HW_6_SET_56_28_118_49_VP_0_255_1_NP_100_elect.txt
240619-15:30:21	[INFO]	PSCAN_ASIC_HW_ADDR_7: pscan_240619_1523_XA-000-08-002-000-001-048-10_HW_7_SET_58_24_118_54_VP_0_255_1_NP_100_holes.txt
240619-15:37:25	[INFO]	PSCAN_ASIC_HW_ADDR_6: pscan_240619_1530_XA-000-08-002-000-001-065-06_HW_6_SET_57_21_118_10_VP_0_255_1_NP_100_holes.txt
240619-15:44:29	[INFO]	PSCAN_ASIC_HW_ADDR_5: pscan_240619_1537_XA-000-08-002-000-001-054-10_HW_5_SET_53_22_118_10_VP_0_255_1_NP_100_holes.txt
240619-15:51:34	[INFO]	PSCAN_ASIC_HW_ADDR_4: pscan_240619_1544_XA-000-08-002-000-001-078-06_HW_4_SET_56_22_118_68_VP_0_255_1_NP_100_holes.txt
240619-15:58:43	[INFO]	PSCAN_ASIC_HW_ADDR_3: pscan_240619_1551_XA-000-08-002-000-001-049-10_HW_3_SET_58_23_118_69_VP_0_255_1_NP_100_holes.txt
240619-16:05:58	[INFO]	PSCAN_ASIC_HW_ADDR_2: pscan_240619_1558_XA-000-08-002-000-001-115-15_HW_2_SET_57_22_118_59_VP_0_255_1_NP_100_holes.txt
240619-16:13:14	[INFO]	PSCAN_ASIC_HW_ADDR_1: pscan_240619_1605_XA-000-08-002-000-001-064-06_HW_1_SET_56_21_118_10_VP_0_255_1_NP_100_holes.txt
240619-16:20:32	[INFO]	PSCAN_ASIC_HW_ADDR_0: pscan_240619_1613_XA-000-08-002-000-001-139-09_HW_0_SET_55_24_118_67_VP_0_255_1_NP_100_holes.txt
240619-16:20:32	[INFO]	<<-- FINISHED MEASURING ENC AND CHECKING CALIBRATION
240619-18:03:07	MODULE_ID:	M4UL2B2010312A2_240619_1803
240619-18:03:07	[INFO]	TEST_CENTER: GSI
240619-18:03:07	[INFO]	OPERATOR_ID: Dairon Rodriguez Garces
240619-18:03:07	[INFO]	MODULE ID: 	M4UL2B2010312A2
240619-18:03:07	[INFO]	SENSOR_SIZE [mm]: 	42
240619-18:03:07	[INFO]	SENSOR_QGRADE: 	A
240619-18:29:24	[INFO]	-->> RUNNING SYNCHRONIZATION
240619-18:29:55	[INFO]	<<-- FINISHED SYNCHRONIZATION
240619-18:29:55	[INFO]	-->> READING LV VALUES BEFORE CONFIGURATION
240619-18:29:55	[INFO]	<<-- FINISHED READING LV VALUES BEFORE CONFIGURATION
240619-18:29:55	[INFO]	-->> LOADING STANDARD CONFIGURATION
240619-18:30:02	[INFO]	<<-- FINISHED LOADING STANDARD CONFIGURATION
240619-18:30:02	[INFO]	-->> READING ASICs ID
240619-18:30:03	[INFO]	<<-- FINISHED READING ASICs ID
240619-18:30:03	[INFO]	-->> READING LV VALUES AFTER CONFIGURATION
240619-18:30:13	[INFO]	<<-- FINISHED READING LV VALUES AFTER CONFIGURATION
240619-18:30:13	[INFO]	-->> READING VDDM & TEMPERATURE
240619-18:30:17	[INFO]	<<-- FINISHED READING VDDM & TEMPERATURE
240619-18:30:17	[INFO]	-->> LOADING DEFAULT TRIM VALUES
240619-18:31:11	[INFO]	<<-- FINISHED LOADING DEFAULT TRIM VALUES
240619-18:31:11	[INFO]	-->> FINDING VREF_P, VREF_N & THR@_GLB FOR CALIBRATION
240619-18:38:10	[INFO]	<<-- FINISHED FINDING VREF_P, VREF_N & THR@_GLB FOR CALIBRATION
240619-18:38:10	[INFO]	--> SETTING THE CALIBRATION PARAMETERS
240619-18:38:11	[INFO]	<<-- FINISHED SETTING THE CALIBRATION PARAMETERS
240619-18:38:11	[INFO]	-->> CALIBRATING THE MODULE
240619-18:47:51	[INFO]	CAL_ASIC_HW_ADDR_1: ftrim_XA-000-08-002-000-001-120-15_HW_1_SET_57_26_118_51_R_30_247_elect.txt
240619-18:57:04	[INFO]	CAL_ASIC_HW_ADDR_0: ftrim_XA-000-08-002-000-001-068-06_HW_0_SET_55_28_118_49_R_30_247_elect.txt
240619-19:06:10	[INFO]	CAL_ASIC_HW_ADDR_3: ftrim_XA-000-08-002-000-001-007-03_HW_3_SET_55_25_118_46_R_30_247_elect.txt
240619-19:15:11	[INFO]	CAL_ASIC_HW_ADDR_2: ftrim_XA-000-08-002-000-001-063-10_HW_2_SET_56_28_118_51_R_30_247_elect.txt
240619-19:24:20	[INFO]	CAL_ASIC_HW_ADDR_5: ftrim_XA-000-08-002-000-001-009-03_HW_5_SET_57_26_118_46_R_30_247_elect.txt
240619-19:33:28	[INFO]	CAL_ASIC_HW_ADDR_4: ftrim_XA-000-08-002-000-001-140-09_HW_4_SET_57_28_118_51_R_30_247_elect.txt
240619-19:42:32	[INFO]	CAL_ASIC_HW_ADDR_7: ftrim_XA-000-08-002-000-001-126-15_HW_7_SET_57_29_118_38_R_30_247_elect.txt
240619-19:51:35	[INFO]	CAL_ASIC_HW_ADDR_6: ftrim_XA-000-08-002-000-001-006-03_HW_6_SET_56_28_118_44_R_30_247_elect.txt
240619-20:00:36	[INFO]	CAL_ASIC_HW_ADDR_7: ftrim_XA-000-08-002-000-001-048-10_HW_7_SET_58_24_118_51_R_30_247_holes.txt
240619-20:09:41	[INFO]	CAL_ASIC_HW_ADDR_6: ftrim_XA-000-08-002-000-001-065-06_HW_6_SET_57_20_118_66_R_30_247_holes.txt
240619-20:18:35	[INFO]	CAL_ASIC_HW_ADDR_5: ftrim_XA-000-08-002-000-001-054-10_HW_5_SET_54_22_118_10_R_30_247_holes.txt
240619-20:27:34	[INFO]	CAL_ASIC_HW_ADDR_4: ftrim_XA-000-08-002-000-001-078-06_HW_4_SET_56_22_118_63_R_30_247_holes.txt
240619-20:36:37	[INFO]	CAL_ASIC_HW_ADDR_3: ftrim_XA-000-08-002-000-001-049-10_HW_3_SET_58_23_118_54_R_30_247_holes.txt
240619-20:45:42	[INFO]	CAL_ASIC_HW_ADDR_2: ftrim_XA-000-08-002-000-001-115-15_HW_2_SET_57_22_118_60_R_30_247_holes.txt
240619-20:54:41	[INFO]	CAL_ASIC_HW_ADDR_1: ftrim_XA-000-08-002-000-001-064-06_HW_1_SET_56_21_118_69_R_30_247_holes.txt
240619-21:03:54	[INFO]	CAL_ASIC_HW_ADDR_0: ftrim_XA-000-08-002-000-001-139-09_HW_0_SET_55_24_118_69_R_30_247_holes.txt
240619-21:03:54	[INFO]	<<-- FINISHED CALIBRATING THE MODULE
240619-21:03:54	[INFO]	--> SETTING THE CALIBRATION TRIM
240619-21:05:54	[INFO]	<<-- FINISHED SETTING THE CALIBRATION TRIM
240619-21:05:54	[INFO]	--> MEASURING ENC AND CHECKING CALIBRATION
240619-21:13:13	[INFO]	PSCAN_ASIC_HW_ADDR_1: pscan_240619_2105_XA-000-08-002-000-001-120-15_HW_1_SET_57_26_118_51_VP_0_255_1_NP_100_elect.txt
240619-21:20:25	[INFO]	PSCAN_ASIC_HW_ADDR_0: pscan_240619_2113_XA-000-08-002-000-001-068-06_HW_0_SET_55_28_118_49_VP_0_255_1_NP_100_elect.txt
240619-21:27:29	[INFO]	PSCAN_ASIC_HW_ADDR_3: pscan_240619_2120_XA-000-08-002-000-001-007-03_HW_3_SET_55_25_118_46_VP_0_255_1_NP_100_elect.txt
240619-21:34:33	[INFO]	PSCAN_ASIC_HW_ADDR_2: pscan_240619_2127_XA-000-08-002-000-001-063-10_HW_2_SET_56_28_118_51_VP_0_255_1_NP_100_elect.txt
240619-21:41:35	[INFO]	PSCAN_ASIC_HW_ADDR_5: pscan_240619_2134_XA-000-08-002-000-001-009-03_HW_5_SET_57_26_118_46_VP_0_255_1_NP_100_elect.txt
240619-21:48:41	[INFO]	PSCAN_ASIC_HW_ADDR_4: pscan_240619_2141_XA-000-08-002-000-001-140-09_HW_4_SET_57_28_118_51_VP_0_255_1_NP_100_elect.txt
240619-21:55:46	[INFO]	PSCAN_ASIC_HW_ADDR_7: pscan_240619_2148_XA-000-08-002-000-001-126-15_HW_7_SET_57_29_118_38_VP_0_255_1_NP_100_elect.txt
240619-22:02:42	[INFO]	PSCAN_ASIC_HW_ADDR_6: pscan_240619_2155_XA-000-08-002-000-001-006-03_HW_6_SET_56_28_118_44_VP_0_255_1_NP_100_elect.txt
240619-22:09:43	[INFO]	PSCAN_ASIC_HW_ADDR_7: pscan_240619_2202_XA-000-08-002-000-001-048-10_HW_7_SET_58_24_118_51_VP_0_255_1_NP_100_holes.txt
240619-22:16:42	[INFO]	PSCAN_ASIC_HW_ADDR_6: pscan_240619_2209_XA-000-08-002-000-001-065-06_HW_6_SET_57_20_118_66_VP_0_255_1_NP_100_holes.txt
240619-22:23:42	[INFO]	PSCAN_ASIC_HW_ADDR_5: pscan_240619_2216_XA-000-08-002-000-001-054-10_HW_5_SET_54_22_118_10_VP_0_255_1_NP_100_holes.txt
240619-22:30:40	[INFO]	PSCAN_ASIC_HW_ADDR_4: pscan_240619_2223_XA-000-08-002-000-001-078-06_HW_4_SET_56_22_118_63_VP_0_255_1_NP_100_holes.txt
240619-22:37:41	[INFO]	PSCAN_ASIC_HW_ADDR_3: pscan_240619_2230_XA-000-08-002-000-001-049-10_HW_3_SET_58_23_118_54_VP_0_255_1_NP_100_holes.txt
240619-22:44:38	[INFO]	PSCAN_ASIC_HW_ADDR_2: pscan_240619_2237_XA-000-08-002-000-001-115-15_HW_2_SET_57_22_118_60_VP_0_255_1_NP_100_holes.txt
240619-22:51:38	[INFO]	PSCAN_ASIC_HW_ADDR_1: pscan_240619_2244_XA-000-08-002-000-001-064-06_HW_1_SET_56_21_118_69_VP_0_255_1_NP_100_holes.txt
240619-22:58:34	[INFO]	PSCAN_ASIC_HW_ADDR_0: pscan_240619_2251_XA-000-08-002-000-001-139-09_HW_0_SET_55_24_118_69_VP_0_255_1_NP_100_holes.txt
240619-22:58:34	[INFO]	<<-- FINISHED MEASURING ENC AND CHECKING CALIBRATION
240620-09:49:36	MODULE_ID:	M4UL2B2010312A2_240620_0949
240620-09:49:36	[INFO]	TEST_CENTER: GSI
240620-09:49:36	[INFO]	OPERATOR_ID: Dairon Rodriguez Garces
240620-09:49:36	[INFO]	MODULE ID: 	M4UL2B2010312A2
240620-09:49:36	[INFO]	SENSOR_SIZE [mm]: 	42
240620-09:49:36	[INFO]	SENSOR_QGRADE: 	A
240620-09:50:55	[INFO]	-->> RUNNING SYNCHRONIZATION
240620-09:51:25	[INFO]	<<-- FINISHED SYNCHRONIZATION
240620-09:51:25	[INFO]	-->> READING LV VALUES BEFORE CONFIGURATION
240620-09:51:25	[INFO]	<<-- FINISHED READING LV VALUES BEFORE CONFIGURATION
240620-09:51:25	[INFO]	-->> LOADING STANDARD CONFIGURATION
240620-09:51:32	[INFO]	<<-- FINISHED LOADING STANDARD CONFIGURATION
240620-09:51:32	[INFO]	-->> READING ASICs ID
240620-09:51:33	[INFO]	<<-- FINISHED READING ASICs ID
240620-09:51:33	[INFO]	-->> READING LV VALUES AFTER CONFIGURATION
240620-09:51:44	[INFO]	<<-- FINISHED READING LV VALUES AFTER CONFIGURATION
240620-09:51:44	[INFO]	-->> READING VDDM & TEMPERATURE
240620-09:51:47	[INFO]	<<-- FINISHED READING VDDM & TEMPERATURE
240620-09:51:47	[INFO]	--> SETTING THE CALIBRATION TRIM
240620-09:53:44	[INFO]	<<-- FINISHED SETTING THE CALIBRATION TRIM
240620-09:53:44	[INFO]	--> CHECKING CHANNELS' CONNECTIVITY
240620-09:53:44	[INFO]	CONN-CHECK_ASIC_HW_ADDR_1: elect
240620-09:54:02	[INFO]	CONN-CHECK_ASIC_HW_ADDR_0: elect
240620-09:54:21	[INFO]	CONN-CHECK_ASIC_HW_ADDR_3: elect
240620-09:54:38	[INFO]	CONN-CHECK_ASIC_HW_ADDR_2: elect
240620-09:54:57	[INFO]	CONN-CHECK_ASIC_HW_ADDR_5: elect
240620-09:55:14	[INFO]	CONN-CHECK_ASIC_HW_ADDR_4: elect
240620-09:55:32	[INFO]	CONN-CHECK_ASIC_HW_ADDR_7: elect
240620-09:55:50	[INFO]	CONN-CHECK_ASIC_HW_ADDR_6: elect
240620-09:56:09	[INFO]	CONN-CHECK_ASIC_HW_ADDR_7: holes
240620-09:56:27	[INFO]	CONN-CHECK_ASIC_HW_ADDR_6: holes
240620-09:56:46	[INFO]	CONN-CHECK_ASIC_HW_ADDR_5: holes
240620-09:57:04	[INFO]	CONN-CHECK_ASIC_HW_ADDR_4: holes
240620-09:57:23	[INFO]	CONN-CHECK_ASIC_HW_ADDR_3: holes
240620-09:57:41	[INFO]	CONN-CHECK_ASIC_HW_ADDR_2: holes
240620-09:58:00	[INFO]	CONN-CHECK_ASIC_HW_ADDR_1: holes
240620-09:58:18	[INFO]	CONN-CHECK_ASIC_HW_ADDR_0: holes
240620-09:58:36	[INFO]	<<-- FINISHED CHECKING CHANNELS' CONNECTIVITY
