240606-11:28:36	MODULE_ID:	M5DL1B0001160B2
240606-11:28:36	[INFO]	TEST_CENTER: GSI
240606-11:28:36	[INFO]	OPERATOR_ID: Dairon Rodriguez Garces
240606-11:28:36	[INFO]	MODULE ID: 	M5DL1B0001160B2
240606-11:28:36	[INFO]	SENSOR_SIZE [mm]: 	42
240606-11:28:36	[INFO]	SENSOR_QGRADE: 	A
240606-11:29:17	[INFO]	-->> RUNNING SYNCHRONIZATION
240606-11:29:45	[INFO]	<<-- FINISHED SYNCHRONIZATION
240606-11:29:45	[INFO]	-->> READING LV VALUES BEFORE CONFIGURATION
240606-11:29:46	[INFO]	<<-- FINISHED READING LV VALUES BEFORE CONFIGURATION
240606-11:29:46	[INFO]	-->> LOADING STANDARD CONFIGURATION
240606-11:29:53	[INFO]	<<-- FINISHED LOADING STANDARD CONFIGURATION
240606-11:29:53	[INFO]	-->> READING ASICs ID
240606-11:29:54	[INFO]	<<-- FINISHED READING ASICs ID
240606-11:29:54	[INFO]	-->> LOADING DEFAULT TRIM VALUES
240606-11:30:49	[INFO]	<<-- FINISHED LOADING DEFAULT TRIM VALUES
240606-11:30:49	[INFO]	-->> READING LV VALUES AFTER CONFIGURATION
240606-11:30:59	[INFO]	<<-- FINISHED READING LV VALUES AFTER CONFIGURATION
240606-11:30:59	[INFO]	-->> READING VDDM & TEMPERATURE
240606-11:31:06	[INFO]	<<-- FINISHED READING VDDM & TEMPERATURE
240606-11:31:06	[INFO]	-->> LOADING DEFAULT TRIM VALUES
240606-11:32:06	[INFO]	<<-- FINISHED LOADING DEFAULT TRIM VALUES
240606-11:32:06	[INFO]	-->> FINDING VREF_P, VREF_N & THR@_GLB FOR CALIBRATION
240606-11:39:17	[INFO]	<<-- FINISHED FINDING VREF_P, VREF_N & THR@_GLB FOR CALIBRATION
240606-11:39:17	[INFO]	--> SETTING THE CALIBRATION PARAMETERS
240606-11:39:17	[INFO]	<<-- FINISHED SETTING THE CALIBRATION PARAMETERS
240606-11:39:17	[INFO]	-->> CALIBRATING THE MODULE
240606-11:48:46	[INFO]	CAL_ASIC_HW_ADDR_7: ftrim_XA-000-08-002-000-006-091-09_HW_7_SET_56_24_118_31_R_30_247_elect.txt
240606-11:58:06	[INFO]	CAL_ASIC_HW_ADDR_6: ftrim_XA-000-08-002-000-006-090-09_HW_6_SET_57_24_118_28_R_30_247_elect.txt
240606-12:07:21	[INFO]	CAL_ASIC_HW_ADDR_5: ftrim_XA-000-08-002-000-006-082-09_HW_5_SET_55_23_118_36_R_30_247_elect.txt
240606-12:16:38	[INFO]	CAL_ASIC_HW_ADDR_4: ftrim_XA-000-08-002-000-006-089-09_HW_4_SET_56_25_118_31_R_30_247_elect.txt
240606-12:25:58	[INFO]	CAL_ASIC_HW_ADDR_3: ftrim_XA-000-08-002-000-006-088-09_HW_3_SET_57_24_118_33_R_30_247_elect.txt
240606-12:35:15	[INFO]	CAL_ASIC_HW_ADDR_2: ftrim_XA-000-08-002-000-006-087-09_HW_2_SET_56_24_118_30_R_30_247_elect.txt
240606-12:44:36	[INFO]	CAL_ASIC_HW_ADDR_1: ftrim_XA-000-08-002-000-006-085-09_HW_1_SET_56_24_118_36_R_30_247_elect.txt
240606-12:54:11	[INFO]	CAL_ASIC_HW_ADDR_0: ftrim_XA-000-08-002-000-006-093-09_HW_0_SET_57_23_118_36_R_30_247_elect.txt
240606-13:03:33	[INFO]	CAL_ASIC_HW_ADDR_1: ftrim_XA-000-08-002-000-006-102-00_HW_1_SET_57_22_118_65_R_30_247_holes.txt
240606-13:13:04	[INFO]	CAL_ASIC_HW_ADDR_0: ftrim_XA-000-08-002-000-006-099-00_HW_0_SET_56_17_118_32_R_30_247_holes.txt
240606-13:22:59	[INFO]	CAL_ASIC_HW_ADDR_3: ftrim_XA-000-08-002-000-006-101-00_HW_3_SET_54_18_118_28_R_30_247_holes.txt
240606-13:32:23	[INFO]	CAL_ASIC_HW_ADDR_2: ftrim_XA-000-08-002-000-006-094-09_HW_2_SET_57_18_118_34_R_30_247_holes.txt
240606-13:41:58	[INFO]	CAL_ASIC_HW_ADDR_5: ftrim_XA-000-08-002-000-006-097-00_HW_5_SET_57_19_118_35_R_30_247_holes.txt
240606-13:51:38	[INFO]	CAL_ASIC_HW_ADDR_4: ftrim_XA-000-08-002-000-006-096-00_HW_4_SET_55_17_118_37_R_30_247_holes.txt
240606-14:01:17	[INFO]	CAL_ASIC_HW_ADDR_7: ftrim_XA-000-08-002-000-006-098-00_HW_7_SET_58_18_118_32_R_30_247_holes.txt
240606-14:10:46	[INFO]	CAL_ASIC_HW_ADDR_6: ftrim_XA-000-08-002-000-005-169-01_HW_6_SET_57_21_118_24_R_30_247_holes.txt
240606-14:10:46	[INFO]	<<-- FINISHED CALIBRATING THE MODULE
240606-14:10:46	[INFO]	--> SETTING THE CALIBRATION TRIM
240606-14:12:44	[INFO]	<<-- FINISHED SETTING THE CALIBRATION TRIM
240606-14:12:44	[INFO]	--> MEASURING ENC AND CHECKING CALIBRATION
240606-14:19:54	[INFO]	PSCAN_ASIC_HW_ADDR_7: pscan_240606_1412_XA-000-08-002-000-006-091-09_HW_7_SET_56_24_118_31_VP_0_255_1_NP_100_elect.txt
240606-14:27:05	[INFO]	PSCAN_ASIC_HW_ADDR_6: pscan_240606_1419_XA-000-08-002-000-006-090-09_HW_6_SET_57_24_118_28_VP_0_255_1_NP_100_elect.txt
240606-14:34:15	[INFO]	PSCAN_ASIC_HW_ADDR_5: pscan_240606_1427_XA-000-08-002-000-006-082-09_HW_5_SET_55_23_118_36_VP_0_255_1_NP_100_elect.txt
240606-14:41:32	[INFO]	PSCAN_ASIC_HW_ADDR_4: pscan_240606_1434_XA-000-08-002-000-006-089-09_HW_4_SET_56_25_118_31_VP_0_255_1_NP_100_elect.txt
240606-14:48:43	[INFO]	PSCAN_ASIC_HW_ADDR_3: pscan_240606_1441_XA-000-08-002-000-006-088-09_HW_3_SET_57_24_118_33_VP_0_255_1_NP_100_elect.txt
240606-14:55:53	[INFO]	PSCAN_ASIC_HW_ADDR_2: pscan_240606_1448_XA-000-08-002-000-006-087-09_HW_2_SET_56_24_118_30_VP_0_255_1_NP_100_elect.txt
240606-15:02:56	[INFO]	PSCAN_ASIC_HW_ADDR_1: pscan_240606_1455_XA-000-08-002-000-006-085-09_HW_1_SET_56_24_118_36_VP_0_255_1_NP_100_elect.txt
240606-15:10:00	[INFO]	PSCAN_ASIC_HW_ADDR_0: pscan_240606_1502_XA-000-08-002-000-006-093-09_HW_0_SET_57_23_118_36_VP_0_255_1_NP_100_elect.txt
240606-15:17:12	[INFO]	PSCAN_ASIC_HW_ADDR_1: pscan_240606_1510_XA-000-08-002-000-006-102-00_HW_1_SET_57_22_118_65_VP_0_255_1_NP_100_holes.txt
240606-15:24:25	[INFO]	PSCAN_ASIC_HW_ADDR_0: pscan_240606_1517_XA-000-08-002-000-006-099-00_HW_0_SET_56_17_118_32_VP_0_255_1_NP_100_holes.txt
240606-15:31:38	[INFO]	PSCAN_ASIC_HW_ADDR_3: pscan_240606_1524_XA-000-08-002-000-006-101-00_HW_3_SET_54_18_118_28_VP_0_255_1_NP_100_holes.txt
240606-15:39:11	[INFO]	PSCAN_ASIC_HW_ADDR_2: pscan_240606_1531_XA-000-08-002-000-006-094-09_HW_2_SET_57_18_118_34_VP_0_255_1_NP_100_holes.txt
240606-15:46:22	[INFO]	PSCAN_ASIC_HW_ADDR_5: pscan_240606_1539_XA-000-08-002-000-006-097-00_HW_5_SET_57_19_118_35_VP_0_255_1_NP_100_holes.txt
240606-15:53:34	[INFO]	PSCAN_ASIC_HW_ADDR_4: pscan_240606_1546_XA-000-08-002-000-006-096-00_HW_4_SET_55_17_118_37_VP_0_255_1_NP_100_holes.txt
240606-16:00:45	[INFO]	PSCAN_ASIC_HW_ADDR_7: pscan_240606_1553_XA-000-08-002-000-006-098-00_HW_7_SET_58_18_118_32_VP_0_255_1_NP_100_holes.txt
240606-16:07:52	[INFO]	PSCAN_ASIC_HW_ADDR_6: pscan_240606_1600_XA-000-08-002-000-005-169-01_HW_6_SET_57_21_118_24_VP_0_255_1_NP_100_holes.txt
240606-16:07:52	[INFO]	<<-- FINISHED MEASURING ENC AND CHECKING CALIBRATION
240606-16:21:45	MODULE_ID:	M5DL1B0001160B2_240606_1621
240606-16:21:45	[INFO]	TEST_CENTER: GSI
240606-16:21:45	[INFO]	OPERATOR_ID: Dairon Rodriguez Garces
240606-16:21:45	[INFO]	MODULE ID: 	M5DL1B0001160B2
240606-16:21:45	[INFO]	SENSOR_SIZE [mm]: 	42
240606-16:21:45	[INFO]	SENSOR_QGRADE: 	A
240606-16:22:10	[INFO]	-->> RUNNING SYNCHRONIZATION
240606-16:22:38	[INFO]	<<-- FINISHED SYNCHRONIZATION
240606-16:22:38	[INFO]	-->> READING LV VALUES BEFORE CONFIGURATION
240606-16:22:39	[INFO]	<<-- FINISHED READING LV VALUES BEFORE CONFIGURATION
240606-16:22:39	[INFO]	-->> LOADING STANDARD CONFIGURATION
240606-16:22:45	[INFO]	<<-- FINISHED LOADING STANDARD CONFIGURATION
240606-16:22:45	[INFO]	-->> READING ASICs ID
240606-16:22:46	[INFO]	<<-- FINISHED READING ASICs ID
240606-16:22:46	[INFO]	-->> LOADING DEFAULT TRIM VALUES
240606-16:23:42	[INFO]	<<-- FINISHED LOADING DEFAULT TRIM VALUES
240606-16:23:42	[INFO]	-->> READING LV VALUES AFTER CONFIGURATION
240606-16:23:52	[INFO]	<<-- FINISHED READING LV VALUES AFTER CONFIGURATION
240606-16:23:52	[INFO]	-->> READING VDDM & TEMPERATURE
240606-16:23:59	[INFO]	<<-- FINISHED READING VDDM & TEMPERATURE
240606-16:23:59	[INFO]	--> SETTING THE CALIBRATION TRIM
240606-16:26:02	[INFO]	<<-- FINISHED SETTING THE CALIBRATION TRIM
240606-16:26:02	[INFO]	--> CHECKING CHANNELS' CONNECTIVITY
240606-16:26:02	[INFO]	CONN-CHECK_ASIC_HW_ADDR_7: elect
240606-16:26:22	[INFO]	CONN-CHECK_ASIC_HW_ADDR_6: elect
240606-16:26:42	[INFO]	CONN-CHECK_ASIC_HW_ADDR_5: elect
240606-16:27:01	[INFO]	CONN-CHECK_ASIC_HW_ADDR_4: elect
240606-16:27:22	[INFO]	CONN-CHECK_ASIC_HW_ADDR_3: elect
240606-16:27:44	[INFO]	CONN-CHECK_ASIC_HW_ADDR_2: elect
240606-16:28:05	[INFO]	CONN-CHECK_ASIC_HW_ADDR_1: elect
240606-16:28:26	[INFO]	CONN-CHECK_ASIC_HW_ADDR_0: elect
240606-16:28:47	[INFO]	CONN-CHECK_ASIC_HW_ADDR_1: holes
240606-16:29:09	[INFO]	CONN-CHECK_ASIC_HW_ADDR_0: holes
240606-16:29:30	[INFO]	CONN-CHECK_ASIC_HW_ADDR_3: holes
240606-16:29:51	[INFO]	CONN-CHECK_ASIC_HW_ADDR_2: holes
240606-16:30:13	[INFO]	CONN-CHECK_ASIC_HW_ADDR_5: holes
240606-16:30:34	[INFO]	CONN-CHECK_ASIC_HW_ADDR_4: holes
240606-16:30:53	[INFO]	CONN-CHECK_ASIC_HW_ADDR_7: holes
240606-16:31:12	[INFO]	CONN-CHECK_ASIC_HW_ADDR_6: holes
240606-16:31:32	[INFO]	<<-- FINISHED CHECKING CHANNELS' CONNECTIVITY
240611-10:32:26	MODULE_ID:	M5DL1B0001160B2_240611_1032
240611-10:32:26	[INFO]	TEST_CENTER: GSI
240611-10:32:26	[INFO]	OPERATOR_ID: Dairon Rodriguez Garces
240611-10:32:26	[INFO]	MODULE ID: 	M5DL1B0001160B2
240611-10:32:26	[INFO]	SENSOR_SIZE [mm]: 	42
240611-10:32:26	[INFO]	SENSOR_QGRADE: 	A
240611-10:32:48	[INFO]	-->> RUNNING SYNCHRONIZATION
240611-10:33:17	[INFO]	<<-- FINISHED SYNCHRONIZATION
240611-10:33:17	[INFO]	-->> READING LV VALUES BEFORE CONFIGURATION
240611-10:33:18	[INFO]	<<-- FINISHED READING LV VALUES BEFORE CONFIGURATION
240611-10:33:18	[INFO]	-->> LOADING STANDARD CONFIGURATION
240611-10:33:25	[INFO]	<<-- FINISHED LOADING STANDARD CONFIGURATION
240611-10:33:25	[INFO]	-->> READING ASICs ID
240611-10:33:26	[INFO]	<<-- FINISHED READING ASICs ID
240611-10:33:26	[INFO]	-->> LOADING DEFAULT TRIM VALUES
240611-10:34:23	[INFO]	<<-- FINISHED LOADING DEFAULT TRIM VALUES
240611-10:34:23	[INFO]	-->> READING LV VALUES AFTER CONFIGURATION
240611-10:34:34	[INFO]	<<-- FINISHED READING LV VALUES AFTER CONFIGURATION
240611-10:34:34	[INFO]	-->> READING VDDM & TEMPERATURE
240611-10:34:40	[INFO]	<<-- FINISHED READING VDDM & TEMPERATURE
240611-10:34:40	[INFO]	--> SETTING THE CALIBRATION TRIM
240611-10:36:36	[INFO]	<<-- FINISHED SETTING THE CALIBRATION TRIM
240611-10:36:36	[INFO]	--> MEASURING ENC AND CHECKING CALIBRATION
240611-11:00:47	[INFO]	PSCAN_ASIC_HW_ADDR_7: pscan_240611_1036_XA-000-08-002-000-006-091-09_HW_7_SET_56_24_118_31_VP_0_255_1_NP_500_elect.txt
240611-11:25:12	[INFO]	PSCAN_ASIC_HW_ADDR_6: pscan_240611_1100_XA-000-08-002-000-006-090-09_HW_6_SET_57_24_118_28_VP_0_255_1_NP_500_elect.txt
240611-11:49:32	[INFO]	PSCAN_ASIC_HW_ADDR_5: pscan_240611_1125_XA-000-08-002-000-006-082-09_HW_5_SET_55_23_118_36_VP_0_255_1_NP_500_elect.txt
240611-12:13:51	[INFO]	PSCAN_ASIC_HW_ADDR_4: pscan_240611_1149_XA-000-08-002-000-006-089-09_HW_4_SET_56_25_118_31_VP_0_255_1_NP_500_elect.txt
240611-12:37:50	[INFO]	PSCAN_ASIC_HW_ADDR_3: pscan_240611_1213_XA-000-08-002-000-006-088-09_HW_3_SET_57_24_118_33_VP_0_255_1_NP_500_elect.txt
240611-13:02:05	[INFO]	PSCAN_ASIC_HW_ADDR_2: pscan_240611_1237_XA-000-08-002-000-006-087-09_HW_2_SET_56_24_118_30_VP_0_255_1_NP_500_elect.txt
240611-13:26:03	[INFO]	PSCAN_ASIC_HW_ADDR_1: pscan_240611_1302_XA-000-08-002-000-006-085-09_HW_1_SET_56_24_118_36_VP_0_255_1_NP_500_elect.txt
240611-13:50:04	[INFO]	PSCAN_ASIC_HW_ADDR_0: pscan_240611_1326_XA-000-08-002-000-006-093-09_HW_0_SET_57_23_118_36_VP_0_255_1_NP_500_elect.txt
240611-14:14:26	[INFO]	PSCAN_ASIC_HW_ADDR_1: pscan_240611_1350_XA-000-08-002-000-006-102-00_HW_1_SET_57_22_118_65_VP_0_255_1_NP_500_holes.txt
240611-14:38:35	[INFO]	PSCAN_ASIC_HW_ADDR_0: pscan_240611_1414_XA-000-08-002-000-006-099-00_HW_0_SET_56_17_118_32_VP_0_255_1_NP_500_holes.txt
240611-15:02:48	[INFO]	PSCAN_ASIC_HW_ADDR_3: pscan_240611_1438_XA-000-08-002-000-006-101-00_HW_3_SET_54_18_118_28_VP_0_255_1_NP_500_holes.txt
240611-15:26:46	[INFO]	PSCAN_ASIC_HW_ADDR_2: pscan_240611_1502_XA-000-08-002-000-006-094-09_HW_2_SET_57_18_118_34_VP_0_255_1_NP_500_holes.txt
240611-15:50:31	[INFO]	PSCAN_ASIC_HW_ADDR_5: pscan_240611_1526_XA-000-08-002-000-006-097-00_HW_5_SET_57_19_118_35_VP_0_255_1_NP_500_holes.txt
240611-16:14:44	[INFO]	PSCAN_ASIC_HW_ADDR_4: pscan_240611_1550_XA-000-08-002-000-006-096-00_HW_4_SET_55_17_118_37_VP_0_255_1_NP_500_holes.txt
240611-16:39:34	[INFO]	PSCAN_ASIC_HW_ADDR_7: pscan_240611_1614_XA-000-08-002-000-006-098-00_HW_7_SET_58_18_118_32_VP_0_255_1_NP_500_holes.txt
240611-17:04:32	[INFO]	PSCAN_ASIC_HW_ADDR_6: pscan_240611_1639_XA-000-08-002-000-005-169-01_HW_6_SET_57_21_118_24_VP_0_255_1_NP_500_holes.txt
240611-17:04:32	[INFO]	<<-- FINISHED MEASURING ENC AND CHECKING CALIBRATION
