240410-16:35:34	MODULE_ID:	M5DL3B0001170B2
240410-16:35:34	[INFO]	TEST_CENTER: GSI
240410-16:35:34	[INFO]	OPERATOR_ID: Dairon Rodriguez Garces
240410-16:35:34	[INFO]	MODULE ID: 	M5DL3B0001170B2
240410-16:35:34	[INFO]	SENSOR_SIZE [mm]: 	42
240410-16:35:34	[INFO]	SENSOR_QGRADE: 	B
240410-16:36:31	[INFO]	-->> RUNNING SYNCHRONIZATION
240410-16:37:00	[INFO]	<<-- FINISHED SYNCHRONIZATION
240410-16:37:00	[INFO]	-->> READING LV VALUES BEFORE CONFIGURATION
240410-16:37:01	[INFO]	<<-- FINISHED READING LV VALUES BEFORE CONFIGURATION
240410-16:37:01	[INFO]	-->> LOADING STANDARD CONFIGURATION
240410-16:37:08	[INFO]	<<-- FINISHED LOADING STANDARD CONFIGURATION
240410-16:37:08	[INFO]	-->> READING ASICs ID
240410-16:37:09	[INFO]	<<-- FINISHED READING ASICs ID
240410-16:37:09	[INFO]	-->> READING LV VALUES AFTER CONFIGURATION
240410-16:37:20	[INFO]	<<-- FINISHED READING LV VALUES AFTER CONFIGURATION
240410-16:37:20	[INFO]	-->> READING VDDM & TEMPERATURE
240410-16:37:26	[INFO]	<<-- FINISHED READING VDDM & TEMPERATURE
240410-16:37:26	[INFO]	-->> LOADING DEFAULT TRIM VALUES
240410-16:38:25	[INFO]	<<-- FINISHED LOADING DEFAULT TRIM VALUES
240410-16:38:25	[INFO]	-->> FINDING VREF_P, VREF_N & THR@_GLB FOR CALIBRATION
240410-16:45:29	[INFO]	<<-- FINISHED FINDING VREF_P, VREF_N & THR@_GLB FOR CALIBRATION
240410-16:45:29	[INFO]	--> SETTING THE CALIBRATION PARAMETERS
240410-16:45:29	[INFO]	<<-- FINISHED SETTING THE CALIBRATION PARAMETERS
240410-16:45:29	[INFO]	-->> CALIBRATING THE MODULE
240410-16:54:57	[INFO]	CAL_ASIC_HW_ADDR_7: ftrim_XA-000-08-002-000-005-007-05_HW_7_SET_57_23_118_38_R_30_247_elect.txt
240410-17:04:22	[INFO]	CAL_ASIC_HW_ADDR_6: ftrim_XA-000-08-002-000-004-254-14_HW_6_SET_57_24_118_31_R_30_247_elect.txt
240410-17:13:42	[INFO]	CAL_ASIC_HW_ADDR_5: ftrim_XA-000-08-002-000-005-004-05_HW_5_SET_58_24_118_30_R_30_247_elect.txt
240410-17:23:03	[INFO]	CAL_ASIC_HW_ADDR_4: ftrim_XA-000-08-002-000-003-073-05_HW_4_SET_56_24_118_31_R_30_247_elect.txt
240410-17:32:23	[INFO]	CAL_ASIC_HW_ADDR_3: ftrim_XA-000-08-002-000-005-001-05_HW_3_SET_56_25_118_33_R_30_247_elect.txt
240410-17:41:41	[INFO]	CAL_ASIC_HW_ADDR_2: ftrim_XA-000-08-002-000-004-255-14_HW_2_SET_56_26_118_32_R_30_247_elect.txt
240410-17:51:01	[INFO]	CAL_ASIC_HW_ADDR_1: ftrim_XA-000-08-002-000-004-253-14_HW_1_SET_56_21_118_34_R_30_247_elect.txt
240410-18:00:20	[INFO]	CAL_ASIC_HW_ADDR_0: ftrim_XA-000-08-002-000-005-000-05_HW_0_SET_55_23_118_37_R_30_247_elect.txt
240410-18:09:39	[INFO]	CAL_ASIC_HW_ADDR_1: ftrim_XA-000-08-002-000-004-211-00_HW_1_SET_57_21_118_26_R_30_247_holes.txt
240410-18:18:59	[INFO]	CAL_ASIC_HW_ADDR_0: ftrim_XA-000-08-002-000-004-012-08_HW_0_SET_57_20_118_31_R_30_247_holes.txt
240410-18:28:18	[INFO]	CAL_ASIC_HW_ADDR_3: ftrim_XA-000-08-002-000-004-212-00_HW_3_SET_58_18_118_28_R_30_247_holes.txt
240410-18:37:41	[INFO]	CAL_ASIC_HW_ADDR_2: ftrim_XA-000-08-002-000-005-008-05_HW_2_SET_57_18_118_30_R_30_247_holes.txt
240410-18:47:02	[INFO]	CAL_ASIC_HW_ADDR_5: ftrim_XA-000-08-002-000-004-213-00_HW_5_SET_56_19_118_30_R_30_247_holes.txt
240410-18:56:20	[INFO]	CAL_ASIC_HW_ADDR_4: ftrim_XA-000-08-002-000-005-003-05_HW_4_SET_56_18_118_34_R_30_247_holes.txt
240410-19:05:40	[INFO]	CAL_ASIC_HW_ADDR_7: ftrim_XA-000-08-002-000-005-002-05_HW_7_SET_56_18_118_33_R_30_247_holes.txt
240410-19:15:02	[INFO]	CAL_ASIC_HW_ADDR_6: ftrim_XA-000-08-002-000-005-006-05_HW_6_SET_55_18_118_27_R_30_247_holes.txt
240410-19:15:02	[INFO]	<<-- FINISHED CALIBRATING THE MODULE
240410-19:15:02	[INFO]	--> SETTING THE CALIBRATION TRIM
240410-19:16:58	[INFO]	<<-- FINISHED SETTING THE CALIBRATION TRIM
240410-19:16:58	[INFO]	--> MEASURING ENC AND CHECKING CALIBRATION
240410-19:24:05	[INFO]	PSCAN_ASIC_HW_ADDR_7: pscan_240410_1916_XA-000-08-002-000-005-007-05_HW_7_SET_57_23_118_38_VP_0_255_1_NP_100_elect.txt
240410-19:31:16	[INFO]	PSCAN_ASIC_HW_ADDR_6: pscan_240410_1924_XA-000-08-002-000-004-254-14_HW_6_SET_57_24_118_31_VP_0_255_1_NP_100_elect.txt
240410-19:38:26	[INFO]	PSCAN_ASIC_HW_ADDR_5: pscan_240410_1931_XA-000-08-002-000-005-004-05_HW_5_SET_58_24_118_30_VP_0_255_1_NP_100_elect.txt
240410-19:45:33	[INFO]	PSCAN_ASIC_HW_ADDR_4: pscan_240410_1938_XA-000-08-002-000-003-073-05_HW_4_SET_56_24_118_31_VP_0_255_1_NP_100_elect.txt
240410-19:52:40	[INFO]	PSCAN_ASIC_HW_ADDR_3: pscan_240410_1945_XA-000-08-002-000-005-001-05_HW_3_SET_56_25_118_33_VP_0_255_1_NP_100_elect.txt
240410-19:59:50	[INFO]	PSCAN_ASIC_HW_ADDR_2: pscan_240410_1952_XA-000-08-002-000-004-255-14_HW_2_SET_56_26_118_32_VP_0_255_1_NP_100_elect.txt
240410-20:06:56	[INFO]	PSCAN_ASIC_HW_ADDR_1: pscan_240410_1959_XA-000-08-002-000-004-253-14_HW_1_SET_56_21_118_34_VP_0_255_1_NP_100_elect.txt
240410-20:14:01	[INFO]	PSCAN_ASIC_HW_ADDR_0: pscan_240410_2006_XA-000-08-002-000-005-000-05_HW_0_SET_55_23_118_37_VP_0_255_1_NP_100_elect.txt
240410-20:21:08	[INFO]	PSCAN_ASIC_HW_ADDR_1: pscan_240410_2014_XA-000-08-002-000-004-211-00_HW_1_SET_57_21_118_26_VP_0_255_1_NP_100_holes.txt
240410-20:28:16	[INFO]	PSCAN_ASIC_HW_ADDR_0: pscan_240410_2021_XA-000-08-002-000-004-012-08_HW_0_SET_57_20_118_31_VP_0_255_1_NP_100_holes.txt
240410-20:35:26	[INFO]	PSCAN_ASIC_HW_ADDR_3: pscan_240410_2028_XA-000-08-002-000-004-212-00_HW_3_SET_58_18_118_28_VP_0_255_1_NP_100_holes.txt
240410-20:42:33	[INFO]	PSCAN_ASIC_HW_ADDR_2: pscan_240410_2035_XA-000-08-002-000-005-008-05_HW_2_SET_57_18_118_30_VP_0_255_1_NP_100_holes.txt
240410-20:49:41	[INFO]	PSCAN_ASIC_HW_ADDR_5: pscan_240410_2042_XA-000-08-002-000-004-213-00_HW_5_SET_56_19_118_30_VP_0_255_1_NP_100_holes.txt
240410-20:56:50	[INFO]	PSCAN_ASIC_HW_ADDR_4: pscan_240410_2049_XA-000-08-002-000-005-003-05_HW_4_SET_56_18_118_34_VP_0_255_1_NP_100_holes.txt
240410-21:03:59	[INFO]	PSCAN_ASIC_HW_ADDR_7: pscan_240410_2056_XA-000-08-002-000-005-002-05_HW_7_SET_56_18_118_33_VP_0_255_1_NP_100_holes.txt
240410-21:11:52	[INFO]	PSCAN_ASIC_HW_ADDR_6: pscan_240410_2103_XA-000-08-002-000-005-006-05_HW_6_SET_55_18_118_27_VP_0_255_1_NP_100_holes.txt
240410-21:11:52	[INFO]	<<-- FINISHED MEASURING ENC AND CHECKING CALIBRATION
240411-08:58:15	MODULE_ID:	M5DL3B0001170B2_240411_0858
240411-08:58:15	[INFO]	TEST_CENTER: GSI
240411-08:58:15	[INFO]	OPERATOR_ID: Dairon Rodriguez Garces
240411-08:58:15	[INFO]	MODULE ID: 	M5DL3B0001170B2
240411-08:58:15	[INFO]	SENSOR_SIZE [mm]: 	42
240411-08:58:15	[INFO]	SENSOR_QGRADE: 	B
240411-08:58:30	[INFO]	-->> RUNNING SYNCHRONIZATION
240411-08:59:01	[INFO]	<<-- FINISHED SYNCHRONIZATION
240411-08:59:01	[INFO]	-->> READING LV VALUES BEFORE CONFIGURATION
240411-08:59:01	[INFO]	<<-- FINISHED READING LV VALUES BEFORE CONFIGURATION
240411-08:59:01	[INFO]	-->> LOADING STANDARD CONFIGURATION
240411-08:59:09	[INFO]	<<-- FINISHED LOADING STANDARD CONFIGURATION
240411-08:59:09	[INFO]	-->> READING ASICs ID
240411-08:59:10	[INFO]	<<-- FINISHED READING ASICs ID
240411-08:59:10	[INFO]	-->> READING LV VALUES AFTER CONFIGURATION
240411-08:59:20	[INFO]	<<-- FINISHED READING LV VALUES AFTER CONFIGURATION
240411-08:59:20	[INFO]	-->> READING VDDM & TEMPERATURE
240411-08:59:26	[INFO]	<<-- FINISHED READING VDDM & TEMPERATURE
240411-08:59:26	[INFO]	--> SETTING THE CALIBRATION TRIM
240411-09:01:28	[INFO]	<<-- FINISHED SETTING THE CALIBRATION TRIM
240411-09:01:28	[INFO]	--> CHECKING CHANNELS' CONNECTIVITY
240411-09:01:28	[INFO]	CONN-CHECK_ASIC_HW_ADDR_7: elect
240411-09:01:48	[INFO]	CONN-CHECK_ASIC_HW_ADDR_6: elect
240411-09:02:08	[INFO]	CONN-CHECK_ASIC_HW_ADDR_5: elect
240411-09:02:27	[INFO]	CONN-CHECK_ASIC_HW_ADDR_4: elect
240411-09:02:47	[INFO]	CONN-CHECK_ASIC_HW_ADDR_3: elect
240411-09:03:07	[INFO]	CONN-CHECK_ASIC_HW_ADDR_2: elect
240411-09:03:26	[INFO]	CONN-CHECK_ASIC_HW_ADDR_1: elect
240411-09:03:46	[INFO]	CONN-CHECK_ASIC_HW_ADDR_0: elect
240411-09:04:06	[INFO]	CONN-CHECK_ASIC_HW_ADDR_1: holes
240411-09:04:26	[INFO]	CONN-CHECK_ASIC_HW_ADDR_0: holes
240411-09:04:45	[INFO]	CONN-CHECK_ASIC_HW_ADDR_3: holes
240411-09:05:05	[INFO]	CONN-CHECK_ASIC_HW_ADDR_2: holes
240411-09:05:24	[INFO]	CONN-CHECK_ASIC_HW_ADDR_5: holes
240411-09:05:44	[INFO]	CONN-CHECK_ASIC_HW_ADDR_4: holes
240411-09:06:03	[INFO]	CONN-CHECK_ASIC_HW_ADDR_7: holes
240411-09:06:21	[INFO]	CONN-CHECK_ASIC_HW_ADDR_6: holes
240411-09:06:39	[INFO]	<<-- FINISHED CHECKING CHANNELS' CONNECTIVITY
