240617-17:08:05	MODULE_ID:	M4UL2T3110313B2
240617-17:08:05	[INFO]	TEST_CENTER: GSI
240617-17:08:05	[INFO]	OPERATOR_ID: Dairon Rodriguez Garces
240617-17:08:05	[INFO]	MODULE ID: 	M4UL2T3110313B2
240617-17:08:05	[INFO]	SENSOR_SIZE [mm]: 	62
240617-17:08:05	[INFO]	SENSOR_QGRADE: 	B
240617-17:08:27	[INFO]	-->> RUNNING SYNCHRONIZATION
240617-17:08:57	[INFO]	<<-- FINISHED SYNCHRONIZATION
240617-17:08:57	[INFO]	-->> READING LV VALUES BEFORE CONFIGURATION
240617-17:08:58	[INFO]	<<-- FINISHED READING LV VALUES BEFORE CONFIGURATION
240617-17:08:58	[INFO]	-->> LOADING STANDARD CONFIGURATION
240617-17:09:05	[INFO]	<<-- FINISHED LOADING STANDARD CONFIGURATION
240617-17:09:05	[INFO]	-->> READING ASICs ID
240617-17:09:06	[INFO]	<<-- FINISHED READING ASICs ID
240617-17:09:06	[INFO]	-->> LOADING DEFAULT TRIM VALUES
240617-17:10:03	[INFO]	<<-- FINISHED LOADING DEFAULT TRIM VALUES
240617-17:10:03	[INFO]	-->> READING LV VALUES AFTER CONFIGURATION
240617-17:10:14	[INFO]	<<-- FINISHED READING LV VALUES AFTER CONFIGURATION
240617-17:10:14	[INFO]	-->> READING VDDM & TEMPERATURE
240617-17:10:17	[INFO]	<<-- FINISHED READING VDDM & TEMPERATURE
240617-17:10:17	[INFO]	-->> LOADING DEFAULT TRIM VALUES
240617-17:11:13	[INFO]	<<-- FINISHED LOADING DEFAULT TRIM VALUES
240617-17:11:13	[INFO]	-->> FINDING VREF_P, VREF_N & THR@_GLB FOR CALIBRATION
240617-17:18:22	[INFO]	<<-- FINISHED FINDING VREF_P, VREF_N & THR@_GLB FOR CALIBRATION
240617-17:18:22	[INFO]	--> SETTING THE CALIBRATION PARAMETERS
240617-17:18:22	[INFO]	<<-- FINISHED SETTING THE CALIBRATION PARAMETERS
240617-17:18:22	[INFO]	-->> CALIBRATING THE MODULE
240617-17:27:44	[INFO]	CAL_ASIC_HW_ADDR_7: ftrim_XA-000-08-002-002-008-068-14_HW_7_SET_58_24_118_41_R_30_247_elect.txt
240617-17:37:07	[INFO]	CAL_ASIC_HW_ADDR_6: ftrim_XA-000-08-002-002-008-064-14_HW_6_SET_55_22_118_34_R_30_247_elect.txt
240617-17:46:30	[INFO]	CAL_ASIC_HW_ADDR_5: ftrim_XA-000-08-002-002-008-049-02_HW_5_SET_55_24_118_37_R_30_247_elect.txt
240617-17:55:52	[INFO]	CAL_ASIC_HW_ADDR_4: ftrim_XA-000-08-002-002-008-065-14_HW_4_SET_56_24_118_35_R_30_247_elect.txt
240617-18:05:16	[INFO]	CAL_ASIC_HW_ADDR_3: ftrim_XA-000-08-002-002-008-197-04_HW_3_SET_55_25_118_45_R_30_247_elect.txt
240617-18:15:06	[INFO]	CAL_ASIC_HW_ADDR_2: ftrim_XA-000-08-002-002-008-067-14_HW_2_SET_56_22_118_40_R_30_247_elect.txt
240617-18:25:03	[INFO]	CAL_ASIC_HW_ADDR_1: ftrim_XA-000-08-002-002-008-066-14_HW_1_SET_56_23_118_37_R_30_247_elect.txt
240617-18:34:34	[INFO]	CAL_ASIC_HW_ADDR_0: ftrim_XA-000-08-002-002-008-075-14_HW_0_SET_57_23_118_36_R_30_247_elect.txt
240617-18:43:57	[INFO]	CAL_ASIC_HW_ADDR_1: ftrim_XA-000-08-002-000-006-228-10_HW_1_SET_58_23_118_10_R_30_247_holes.txt
240617-18:53:19	[INFO]	CAL_ASIC_HW_ADDR_0: ftrim_XA-000-08-002-000-007-015-06_HW_0_SET_57_20_118_36_R_30_247_holes.txt
240617-19:02:45	[INFO]	CAL_ASIC_HW_ADDR_3: ftrim_XA-000-08-002-000-006-204-04_HW_3_SET_58_21_118_38_R_30_247_holes.txt
240617-19:12:14	[INFO]	CAL_ASIC_HW_ADDR_2: ftrim_XA-000-08-002-000-006-137-01_HW_2_SET_58_19_118_37_R_30_247_holes.txt
240617-19:21:41	[INFO]	CAL_ASIC_HW_ADDR_5: ftrim_XA-000-08-002-000-007-033-08_HW_5_SET_57_23_118_39_R_30_247_holes.txt
240617-19:30:58	[INFO]	CAL_ASIC_HW_ADDR_4: ftrim_XA-000-08-002-000-006-140-01_HW_4_SET_56_22_118_31_R_30_247_holes.txt
240617-19:40:23	[INFO]	CAL_ASIC_HW_ADDR_7: ftrim_XA-000-08-002-000-007-021-01_HW_7_SET_57_21_118_35_R_30_247_holes.txt
240617-19:49:49	[INFO]	CAL_ASIC_HW_ADDR_6: ftrim_XA-000-08-002-000-006-143-01_HW_6_SET_57_23_118_10_R_30_247_holes.txt
240617-19:49:49	[INFO]	<<-- FINISHED CALIBRATING THE MODULE
240617-19:49:49	[INFO]	--> SETTING THE CALIBRATION TRIM
240617-19:51:44	[INFO]	<<-- FINISHED SETTING THE CALIBRATION TRIM
240617-19:51:44	[INFO]	--> MEASURING ENC AND CHECKING CALIBRATION
240617-19:59:03	[INFO]	PSCAN_ASIC_HW_ADDR_7: pscan_240617_1951_XA-000-08-002-002-008-068-14_HW_7_SET_58_24_118_41_VP_0_255_1_NP_100_elect.txt
240617-20:06:18	[INFO]	PSCAN_ASIC_HW_ADDR_6: pscan_240617_1959_XA-000-08-002-002-008-064-14_HW_6_SET_55_22_118_34_VP_0_255_1_NP_100_elect.txt
240617-20:13:30	[INFO]	PSCAN_ASIC_HW_ADDR_5: pscan_240617_2006_XA-000-08-002-002-008-049-02_HW_5_SET_55_24_118_37_VP_0_255_1_NP_100_elect.txt
240617-20:20:46	[INFO]	PSCAN_ASIC_HW_ADDR_4: pscan_240617_2013_XA-000-08-002-002-008-065-14_HW_4_SET_56_24_118_35_VP_0_255_1_NP_100_elect.txt
240617-20:28:04	[INFO]	PSCAN_ASIC_HW_ADDR_3: pscan_240617_2020_XA-000-08-002-002-008-197-04_HW_3_SET_55_25_118_45_VP_0_255_1_NP_100_elect.txt
240617-20:35:21	[INFO]	PSCAN_ASIC_HW_ADDR_2: pscan_240617_2028_XA-000-08-002-002-008-067-14_HW_2_SET_56_22_118_40_VP_0_255_1_NP_100_elect.txt
240617-20:42:38	[INFO]	PSCAN_ASIC_HW_ADDR_1: pscan_240617_2035_XA-000-08-002-002-008-066-14_HW_1_SET_56_23_118_37_VP_0_255_1_NP_100_elect.txt
240617-20:49:53	[INFO]	PSCAN_ASIC_HW_ADDR_0: pscan_240617_2042_XA-000-08-002-002-008-075-14_HW_0_SET_57_23_118_36_VP_0_255_1_NP_100_elect.txt
240617-20:57:11	[INFO]	PSCAN_ASIC_HW_ADDR_1: pscan_240617_2049_XA-000-08-002-000-006-228-10_HW_1_SET_58_23_118_10_VP_0_255_1_NP_100_holes.txt
240617-21:04:26	[INFO]	PSCAN_ASIC_HW_ADDR_0: pscan_240617_2057_XA-000-08-002-000-007-015-06_HW_0_SET_57_20_118_36_VP_0_255_1_NP_100_holes.txt
240617-21:11:38	[INFO]	PSCAN_ASIC_HW_ADDR_3: pscan_240617_2104_XA-000-08-002-000-006-204-04_HW_3_SET_58_21_118_38_VP_0_255_1_NP_100_holes.txt
240617-21:18:53	[INFO]	PSCAN_ASIC_HW_ADDR_2: pscan_240617_2111_XA-000-08-002-000-006-137-01_HW_2_SET_58_19_118_37_VP_0_255_1_NP_100_holes.txt
240617-21:26:08	[INFO]	PSCAN_ASIC_HW_ADDR_5: pscan_240617_2118_XA-000-08-002-000-007-033-08_HW_5_SET_57_23_118_39_VP_0_255_1_NP_100_holes.txt
240617-21:33:19	[INFO]	PSCAN_ASIC_HW_ADDR_4: pscan_240617_2126_XA-000-08-002-000-006-140-01_HW_4_SET_56_22_118_31_VP_0_255_1_NP_100_holes.txt
240617-21:40:40	[INFO]	PSCAN_ASIC_HW_ADDR_7: pscan_240617_2133_XA-000-08-002-000-007-021-01_HW_7_SET_57_21_118_35_VP_0_255_1_NP_100_holes.txt
240617-21:48:37	[INFO]	PSCAN_ASIC_HW_ADDR_6: pscan_240617_2140_XA-000-08-002-000-006-143-01_HW_6_SET_57_23_118_10_VP_0_255_1_NP_100_holes.txt
240617-21:48:37	[INFO]	<<-- FINISHED MEASURING ENC AND CHECKING CALIBRATION
240618-09:35:52	MODULE_ID:	M4UL2T3110313B2_240618_0935
240618-09:35:52	[INFO]	TEST_CENTER: GSI
240618-09:35:52	[INFO]	OPERATOR_ID: Dairon Rodriguez Garces
240618-09:35:52	[INFO]	MODULE ID: 	M4UL2T3110313B2
240618-09:35:52	[INFO]	SENSOR_SIZE [mm]: 	62
240618-09:35:52	[INFO]	SENSOR_QGRADE: 	B
240618-09:36:07	[INFO]	-->> RUNNING SYNCHRONIZATION
240618-09:36:39	[INFO]	<<-- FINISHED SYNCHRONIZATION
240618-09:36:39	[INFO]	-->> READING LV VALUES BEFORE CONFIGURATION
240618-09:36:40	[INFO]	<<-- FINISHED READING LV VALUES BEFORE CONFIGURATION
240618-09:36:40	[INFO]	-->> LOADING STANDARD CONFIGURATION
240618-09:36:47	[INFO]	<<-- FINISHED LOADING STANDARD CONFIGURATION
240618-09:36:47	[INFO]	-->> READING ASICs ID
240618-09:36:48	[INFO]	<<-- FINISHED READING ASICs ID
240618-09:36:48	[INFO]	-->> LOADING DEFAULT TRIM VALUES
240618-09:37:45	[INFO]	<<-- FINISHED LOADING DEFAULT TRIM VALUES
240618-09:37:45	[INFO]	-->> READING LV VALUES AFTER CONFIGURATION
240618-09:37:55	[INFO]	<<-- FINISHED READING LV VALUES AFTER CONFIGURATION
240618-09:37:55	[INFO]	-->> READING VDDM & TEMPERATURE
240618-09:37:58	[INFO]	<<-- FINISHED READING VDDM & TEMPERATURE
240618-09:37:58	[INFO]	--> SETTING THE CALIBRATION TRIM
240618-09:39:55	[INFO]	<<-- FINISHED SETTING THE CALIBRATION TRIM
240618-09:39:55	[INFO]	--> CHECKING CHANNELS' CONNECTIVITY
240618-09:39:55	[INFO]	CONN-CHECK_ASIC_HW_ADDR_7: elect
240618-09:40:13	[INFO]	CONN-CHECK_ASIC_HW_ADDR_6: elect
240618-09:40:32	[INFO]	CONN-CHECK_ASIC_HW_ADDR_5: elect
240618-09:40:50	[INFO]	CONN-CHECK_ASIC_HW_ADDR_4: elect
240618-09:41:09	[INFO]	CONN-CHECK_ASIC_HW_ADDR_3: elect
240618-09:41:27	[INFO]	CONN-CHECK_ASIC_HW_ADDR_2: elect
240618-09:41:46	[INFO]	CONN-CHECK_ASIC_HW_ADDR_1: elect
240618-09:42:04	[INFO]	CONN-CHECK_ASIC_HW_ADDR_0: elect
240618-09:42:23	[INFO]	CONN-CHECK_ASIC_HW_ADDR_1: holes
240618-09:42:42	[INFO]	CONN-CHECK_ASIC_HW_ADDR_0: holes
240618-09:43:01	[INFO]	CONN-CHECK_ASIC_HW_ADDR_3: holes
240618-09:43:19	[INFO]	CONN-CHECK_ASIC_HW_ADDR_2: holes
240618-09:43:37	[INFO]	CONN-CHECK_ASIC_HW_ADDR_5: holes
240618-09:43:56	[INFO]	CONN-CHECK_ASIC_HW_ADDR_4: holes
240618-09:44:15	[INFO]	CONN-CHECK_ASIC_HW_ADDR_7: holes
240618-09:44:33	[INFO]	CONN-CHECK_ASIC_HW_ADDR_6: holes
240618-09:44:52	[INFO]	<<-- FINISHED CHECKING CHANNELS' CONNECTIVITY
