240109-10:38:06	MODULE_ID:	M3DL3T4001124A2
240109-10:38:12	[INFO]	TEST_CENTER: GSI
240109-10:38:20	[INFO]	OPERATOR_ID: None
240109-10:38:20	[INFO]	MODULE ID: 	M3DL3T4001124A2
240109-10:38:20	[INFO]	SENSOR_SIZE [mm]: 	124
240109-10:38:20	[INFO]	SENSOR_QGRADE: 	C
240109-10:40:34	MODULE_ID:	M3DL3T4001124A2
240109-10:40:39	[INFO]	TEST_CENTER: GSI
240109-10:40:45	[INFO]	OPERATOR_ID: None
240109-10:40:45	[INFO]	MODULE ID: 	M3DL3T4001124A2
240109-10:40:45	[INFO]	SENSOR_SIZE [mm]: 	124
240109-10:40:45	[INFO]	SENSOR_QGRADE: 	C
240109-10:41:02	[INFO]	-->> RUNNING SYNCHRONIZATION
240109-10:41:27	[INFO]	<<-- FINISHED SYNCHRONIZATION
240109-10:41:27	[INFO]	-->> READING LV VALUES BEFORE CONFIGURATION
240109-10:41:29	[INFO]	<<-- FINISHED READING LV VALUES BEFORE CONFIGURATION
240109-10:41:29	[INFO]	-->> LOADING STANDARD CONFIGURATION
240109-10:41:34	[INFO]	<<-- FINISHED LOADING STANDARD CONFIGURATION
240109-10:41:34	[INFO]	-->> READING ASICs ID
240109-10:41:35	[INFO]	<<-- FINISHED READING ASICs ID
240109-10:41:35	[INFO]	-->> LOADING DEFAULT TRIM VALUES
240109-10:42:15	[INFO]	<<-- FINISHED LOADING DEFAULT TRIM VALUES
240109-10:42:15	[INFO]	-->> READING LV VALUES AFTER CONFIGURATION
240109-10:42:26	[INFO]	<<-- FINISHED READING LV VALUES AFTER CONFIGURATION
240109-10:42:26	[INFO]	-->> READING VDDM & TEMPERATURE
240109-10:42:32	[INFO]	<<-- FINISHED READING VDDM & TEMPERATURE
240109-10:43:45	MODULE_ID:	M3DL3T4001124A2_240109_1043
240109-10:43:51	[INFO]	TEST_CENTER: GSI
240109-10:44:01	[INFO]	OPERATOR_ID: None
240109-10:44:01	[INFO]	MODULE ID: 	M3DL3T4001124A2
240109-10:44:01	[INFO]	SENSOR_SIZE [mm]: 	124
240109-10:44:01	[INFO]	SENSOR_QGRADE: 	C
240109-10:45:49	[INFO]	-->> RUNNING SYNCHRONIZATION
240109-10:46:14	[INFO]	<<-- FINISHED SYNCHRONIZATION
240109-10:46:14	[INFO]	-->> READING LV VALUES BEFORE CONFIGURATION
240109-10:46:15	[INFO]	<<-- FINISHED READING LV VALUES BEFORE CONFIGURATION
240109-10:46:15	[INFO]	-->> LOADING STANDARD CONFIGURATION
240109-10:46:20	[INFO]	<<-- FINISHED LOADING STANDARD CONFIGURATION
240109-10:46:20	[INFO]	-->> READING ASICs ID
240109-10:46:21	[INFO]	<<-- FINISHED READING ASICs ID
240109-10:46:21	[INFO]	-->> READING LV VALUES AFTER CONFIGURATION
240109-10:46:32	[INFO]	<<-- FINISHED READING LV VALUES AFTER CONFIGURATION
240109-10:46:32	[INFO]	-->> READING VDDM & TEMPERATURE
240109-10:46:38	[INFO]	<<-- FINISHED READING VDDM & TEMPERATURE
240109-10:46:38	[INFO]	-->> LOADING DEFAULT TRIM VALUES
240109-10:47:14	[INFO]	<<-- FINISHED LOADING DEFAULT TRIM VALUES
240109-10:47:14	[INFO]	-->> FINDING VREF_P, VREF_N & THR@_GLB FOR CALIBRATION
240109-10:52:45	[INFO]	<<-- FINISHED FINDING VREF_P, VREF_N & THR@_GLB FOR CALIBRATION
240109-10:52:45	[INFO]	--> SETTING THE CALIBRATION PARAMETERS
240109-10:52:45	[INFO]	<<-- FINISHED SETTING THE CALIBRATION PARAMETERS
240109-10:52:45	[INFO]	-->> CALIBRATING THE MODULE
240109-10:59:01	[INFO]	CAL_ASIC_HW_ADDR_0: ftrim_XA-000-08-002-000-002-013-13_HW_0_SET_56_23_118_42_R_30_247_elect.txt
240109-11:05:05	[INFO]	CAL_ASIC_HW_ADDR_1: ftrim_XA-000-08-002-000-002-007-13_HW_1_SET_55_24_118_40_R_30_247_elect.txt
240109-11:11:22	[INFO]	CAL_ASIC_HW_ADDR_2: ftrim_XA-000-08-002-000-001-254-05_HW_2_SET_54_25_118_37_R_30_247_elect.txt
240109-11:17:37	[INFO]	CAL_ASIC_HW_ADDR_3: ftrim_XA-000-08-002-000-001-253-05_HW_3_SET_56_25_118_36_R_30_247_elect.txt
240109-11:24:07	[INFO]	CAL_ASIC_HW_ADDR_4: ftrim_XA-000-08-002-000-002-002-13_HW_4_SET_55_25_118_37_R_30_247_elect.txt
240109-11:30:45	[INFO]	CAL_ASIC_HW_ADDR_5: ftrim_XA-000-08-002-000-002-000-13_HW_5_SET_57_25_118_36_R_30_247_elect.txt
240109-11:37:46	[INFO]	CAL_ASIC_HW_ADDR_6: ftrim_XA-000-08-002-000-001-250-05_HW_6_SET_56_26_118_42_R_30_247_elect.txt
240109-11:46:21	[INFO]	CAL_ASIC_HW_ADDR_7: ftrim_XA-000-08-002-000-002-003-13_HW_7_SET_57_25_118_32_R_30_247_elect.txt
240109-11:54:41	[INFO]	CAL_ASIC_HW_ADDR_0: ftrim_XA-000-08-002-000-002-005-13_HW_0_SET_55_23_118_41_R_30_247_holes.txt
240109-12:02:07	[INFO]	CAL_ASIC_HW_ADDR_1: ftrim_XA-000-08-002-000-000-000-14_HW_1_SET_54_20_118_38_R_30_247_holes.txt
240109-12:10:12	[INFO]	CAL_ASIC_HW_ADDR_2: ftrim_XA-000-08-002-000-002-001-13_HW_2_SET_56_23_118_39_R_30_247_holes.txt
240109-12:18:20	[INFO]	CAL_ASIC_HW_ADDR_3: ftrim_XA-000-08-002-000-001-238-02_HW_3_SET_57_21_118_41_R_30_247_holes.txt
240109-12:26:35	[INFO]	CAL_ASIC_HW_ADDR_4: ftrim_XA-000-08-002-000-002-004-13_HW_4_SET_57_19_118_38_R_30_247_holes.txt
240109-12:34:41	[INFO]	CAL_ASIC_HW_ADDR_5: ftrim_XA-000-08-002-000-001-237-02_HW_5_SET_58_22_118_42_R_30_247_holes.txt
240109-12:42:17	[INFO]	CAL_ASIC_HW_ADDR_6: ftrim_XA-000-08-002-000-001-251-05_HW_6_SET_57_22_118_62_R_30_247_holes.txt
240109-12:49:13	[INFO]	CAL_ASIC_HW_ADDR_7: ftrim_XA-000-08-002-000-001-255-05_HW_7_SET_57_22_118_56_R_30_247_holes.txt
240109-12:49:13	[INFO]	<<-- FINISHED CALIBRATING THE MODULE
240109-12:49:13	[INFO]	--> SETTING THE CALIBRATION TRIM
240109-12:50:31	[INFO]	<<-- FINISHED SETTING THE CALIBRATION TRIM
240109-12:50:31	[INFO]	--> MEASURING ENC AND CHECKING CALIBRATION
240109-12:55:50	[INFO]	PSCAN_ASIC_HW_ADDR_0: pscan_240109_1250_XA-000-08-002-000-002-013-13_HW_0_SET_56_23_118_42_VP_0_255_1_NP_100_elect.txt
240109-13:02:05	[INFO]	PSCAN_ASIC_HW_ADDR_1: pscan_240109_1255_XA-000-08-002-000-002-007-13_HW_1_SET_55_24_118_40_VP_0_255_1_NP_100_elect.txt
240109-13:08:28	[INFO]	PSCAN_ASIC_HW_ADDR_2: pscan_240109_1302_XA-000-08-002-000-001-254-05_HW_2_SET_54_25_118_37_VP_0_255_1_NP_100_elect.txt
240109-13:14:53	[INFO]	PSCAN_ASIC_HW_ADDR_3: pscan_240109_1308_XA-000-08-002-000-001-253-05_HW_3_SET_56_25_118_36_VP_0_255_1_NP_100_elect.txt
240109-13:21:17	[INFO]	PSCAN_ASIC_HW_ADDR_4: pscan_240109_1314_XA-000-08-002-000-002-002-13_HW_4_SET_55_25_118_37_VP_0_255_1_NP_100_elect.txt
240109-13:26:58	[INFO]	PSCAN_ASIC_HW_ADDR_5: pscan_240109_1321_XA-000-08-002-000-002-000-13_HW_5_SET_57_25_118_36_VP_0_255_1_NP_100_elect.txt
240109-13:32:19	[INFO]	PSCAN_ASIC_HW_ADDR_6: pscan_240109_1326_XA-000-08-002-000-001-250-05_HW_6_SET_56_26_118_42_VP_0_255_1_NP_100_elect.txt
240109-13:37:46	[INFO]	PSCAN_ASIC_HW_ADDR_7: pscan_240109_1332_XA-000-08-002-000-002-003-13_HW_7_SET_57_25_118_32_VP_0_255_1_NP_100_elect.txt
240109-13:42:56	[INFO]	PSCAN_ASIC_HW_ADDR_0: pscan_240109_1337_XA-000-08-002-000-002-005-13_HW_0_SET_55_23_118_41_VP_0_255_1_NP_100_holes.txt
240109-13:48:27	[INFO]	PSCAN_ASIC_HW_ADDR_1: pscan_240109_1342_XA-000-08-002-000-000-000-14_HW_1_SET_54_20_118_38_VP_0_255_1_NP_100_holes.txt
240109-13:58:11	MODULE_ID:	M3DL3T4001124A2_240109_1358
240109-13:58:29	[INFO]	TEST_CENTER: GSI
240109-13:58:41	[INFO]	OPERATOR_ID: None
240109-13:58:41	[INFO]	MODULE ID: 	M3DL3T4001124A2
240109-13:58:41	[INFO]	SENSOR_SIZE [mm]: 	124
240109-13:58:41	[INFO]	SENSOR_QGRADE: 	C
240109-13:59:12	[INFO]	-->> RUNNING SYNCHRONIZATION
240109-13:59:37	[INFO]	<<-- FINISHED SYNCHRONIZATION
240109-13:59:37	[INFO]	-->> READING LV VALUES BEFORE CONFIGURATION
240109-13:59:38	[INFO]	<<-- FINISHED READING LV VALUES BEFORE CONFIGURATION
240109-13:59:38	[INFO]	-->> LOADING STANDARD CONFIGURATION
240109-13:59:42	[INFO]	<<-- FINISHED LOADING STANDARD CONFIGURATION
240109-13:59:42	[INFO]	-->> READING ASICs ID
240109-13:59:43	[INFO]	<<-- FINISHED READING ASICs ID
240109-13:59:43	[INFO]	-->> READING LV VALUES AFTER CONFIGURATION
240109-13:59:54	[INFO]	<<-- FINISHED READING LV VALUES AFTER CONFIGURATION
240109-13:59:54	[INFO]	-->> READING VDDM & TEMPERATURE
240109-14:00:00	[INFO]	<<-- FINISHED READING VDDM & TEMPERATURE
240109-14:00:00	[INFO]	-->> LOADING DEFAULT TRIM VALUES
240109-14:00:15	[INFO]	<<-- FINISHED LOADING DEFAULT TRIM VALUES
240109-14:00:15	[INFO]	-->> FINDING VREF_P, VREF_N & THR@_GLB FOR CALIBRATION
240109-14:01:04	MODULE_ID:	M3DL3T4001124A2_240109_1401
240109-14:01:10	[INFO]	TEST_CENTER: GSI
240109-14:01:19	[INFO]	OPERATOR_ID: None
240109-14:01:19	[INFO]	MODULE ID: 	M3DL3T4001124A2
240109-14:01:19	[INFO]	SENSOR_SIZE [mm]: 	124
240109-14:01:19	[INFO]	SENSOR_QGRADE: 	C
240109-14:01:55	[INFO]	-->> RUNNING SYNCHRONIZATION
240109-14:02:21	[INFO]	<<-- FINISHED SYNCHRONIZATION
240109-14:02:21	[INFO]	-->> READING LV VALUES BEFORE CONFIGURATION
240109-14:02:22	[INFO]	<<-- FINISHED READING LV VALUES BEFORE CONFIGURATION
240109-14:02:22	[INFO]	-->> LOADING STANDARD CONFIGURATION
240109-14:02:27	[INFO]	<<-- FINISHED LOADING STANDARD CONFIGURATION
240109-14:02:27	[INFO]	-->> READING ASICs ID
240109-14:02:27	[INFO]	<<-- FINISHED READING ASICs ID
240109-14:02:27	[INFO]	-->> READING LV VALUES AFTER CONFIGURATION
240109-14:02:38	[INFO]	<<-- FINISHED READING LV VALUES AFTER CONFIGURATION
240109-14:02:38	[INFO]	-->> READING VDDM & TEMPERATURE
240109-14:02:45	[INFO]	<<-- FINISHED READING VDDM & TEMPERATURE
240109-14:02:45	[INFO]	--> SETTING THE CALIBRATION TRIM
240109-14:03:15	[INFO]	<<-- FINISHED SETTING THE CALIBRATION TRIM
240109-14:03:15	[INFO]	--> MEASURING ENC AND CHECKING CALIBRATION
240109-14:03:15	[INFO]	SKIP_PSCAN_ASIC_HW_ADDR_0
240109-14:03:15	[INFO]	SKIP_PSCAN_ASIC_HW_ADDR_1
240109-14:03:15	[INFO]	SKIP_PSCAN_ASIC_HW_ADDR_2
240109-14:03:15	[INFO]	SKIP_PSCAN_ASIC_HW_ADDR_3
240109-14:03:15	[INFO]	SKIP_PSCAN_ASIC_HW_ADDR_4
240109-14:03:15	[INFO]	SKIP_PSCAN_ASIC_HW_ADDR_5
240109-14:03:15	[INFO]	SKIP_PSCAN_ASIC_HW_ADDR_6
240109-14:03:15	[INFO]	SKIP_PSCAN_ASIC_HW_ADDR_7
240109-14:03:15	[INFO]	SKIP_PSCAN_ASIC_HW_ADDR_0
240109-14:03:15	[INFO]	SKIP_PSCAN_ASIC_HW_ADDR_1
240109-14:08:37	[INFO]	PSCAN_ASIC_HW_ADDR_2: pscan_240109_1403_XA-000-08-002-000-002-001-13_HW_2_SET_56_23_118_39_VP_0_255_1_NP_100_holes.txt
240109-14:13:58	[INFO]	PSCAN_ASIC_HW_ADDR_3: pscan_240109_1408_XA-000-08-002-000-001-238-02_HW_3_SET_57_21_118_41_VP_0_255_1_NP_100_holes.txt
240109-14:19:17	[INFO]	PSCAN_ASIC_HW_ADDR_4: pscan_240109_1413_XA-000-08-002-000-002-004-13_HW_4_SET_57_19_118_38_VP_0_255_1_NP_100_holes.txt
240109-14:24:36	[INFO]	PSCAN_ASIC_HW_ADDR_5: pscan_240109_1419_XA-000-08-002-000-001-237-02_HW_5_SET_58_22_118_42_VP_0_255_1_NP_100_holes.txt
240109-14:30:50	[INFO]	PSCAN_ASIC_HW_ADDR_6: pscan_240109_1424_XA-000-08-002-000-001-251-05_HW_6_SET_57_22_118_62_VP_0_255_1_NP_100_holes.txt
240109-14:36:40	[INFO]	PSCAN_ASIC_HW_ADDR_7: pscan_240109_1430_XA-000-08-002-000-001-255-05_HW_7_SET_57_22_118_56_VP_0_255_1_NP_100_holes.txt
240109-14:36:40	[INFO]	<<-- FINISHED MEASURING ENC AND CHECKING CALIBRATION
240109-14:49:31	MODULE_ID:	M3DL3T4001124A2_240109_1450
240109-14:50:53	[INFO]	TEST_CENTER: GSI
240109-14:51:56	[INFO]	OPERATOR_ID: None
240109-14:51:56	[INFO]	MODULE ID: 	M3DL3T4001124A2
240109-14:51:56	[INFO]	SENSOR_SIZE [mm]: 	124
240109-14:51:56	[INFO]	SENSOR_QGRADE: 	C
240109-14:52:24	[INFO]	-->> RUNNING SYNCHRONIZATION
240109-14:52:50	[INFO]	<<-- FINISHED SYNCHRONIZATION
240109-14:52:50	[INFO]	-->> READING LV VALUES BEFORE CONFIGURATION
240109-14:52:52	[INFO]	<<-- FINISHED READING LV VALUES BEFORE CONFIGURATION
240109-14:52:52	[INFO]	-->> LOADING STANDARD CONFIGURATION
240109-14:52:57	[INFO]	<<-- FINISHED LOADING STANDARD CONFIGURATION
240109-14:52:57	[INFO]	-->> READING ASICs ID
240109-14:52:58	[INFO]	<<-- FINISHED READING ASICs ID
240109-14:52:58	[INFO]	-->> READING LV VALUES AFTER CONFIGURATION
240109-14:53:09	[INFO]	<<-- FINISHED READING LV VALUES AFTER CONFIGURATION
240109-14:53:09	[INFO]	--> SETTING THE CALIBRATION TRIM
240109-14:54:25	[INFO]	<<-- FINISHED SETTING THE CALIBRATION TRIM
240109-14:54:25	[INFO]	--> CHECKING CHANNELS' CONNECTIVITY
240109-14:54:25	[INFO]	CONN-CHECK_ASIC_HW_ADDR_0: elect
240109-14:54:38	[INFO]	CONN-CHECK_ASIC_HW_ADDR_1: elect
240109-14:54:50	[INFO]	CONN-CHECK_ASIC_HW_ADDR_2: elect
240109-14:55:03	[INFO]	CONN-CHECK_ASIC_HW_ADDR_3: elect
240109-14:55:15	[INFO]	CONN-CHECK_ASIC_HW_ADDR_4: elect
240109-14:55:28	[INFO]	CONN-CHECK_ASIC_HW_ADDR_5: elect
240109-14:55:40	[INFO]	CONN-CHECK_ASIC_HW_ADDR_6: elect
240109-14:55:52	[INFO]	CONN-CHECK_ASIC_HW_ADDR_7: elect
240109-14:56:05	[INFO]	CONN-CHECK_ASIC_HW_ADDR_0: holes
240109-14:56:18	[INFO]	CONN-CHECK_ASIC_HW_ADDR_1: holes
240109-14:56:31	[INFO]	CONN-CHECK_ASIC_HW_ADDR_2: holes
240109-14:56:43	[INFO]	CONN-CHECK_ASIC_HW_ADDR_3: holes
240109-14:56:55	[INFO]	CONN-CHECK_ASIC_HW_ADDR_4: holes
240109-14:57:08	[INFO]	CONN-CHECK_ASIC_HW_ADDR_5: holes
240109-14:57:20	[INFO]	CONN-CHECK_ASIC_HW_ADDR_6: holes
240109-14:57:33	[INFO]	CONN-CHECK_ASIC_HW_ADDR_7: holes
240109-14:57:45	[INFO]	<<-- FINISHED CHECKING CHANNELS' CONNECTIVITY
240126-16:02:13	MODULE_ID:	M3DL3T4001124A2_240126_1602
240126-16:02:13	[INFO]	TEST_CENTER: GSI
240126-16:02:13	[INFO]	OPERATOR_ID: Dairon Rodriguez Garces
240126-16:02:13	[INFO]	MODULE ID: 	M3DL3T4001124A2
240126-16:02:13	[INFO]	SENSOR_SIZE [mm]: 	124
240126-16:02:13	[INFO]	SENSOR_QGRADE: 	C
240126-16:02:18	[INFO]	-->> RUNNING SYNCHRONIZATION
240126-16:02:44	[INFO]	<<-- FINISHED SYNCHRONIZATION
240126-16:02:44	[INFO]	-->> READING LV VALUES BEFORE CONFIGURATION
240126-16:02:45	[INFO]	<<-- FINISHED READING LV VALUES BEFORE CONFIGURATION
240126-16:02:45	[INFO]	-->> LOADING STANDARD CONFIGURATION
240126-16:02:50	[INFO]	<<-- FINISHED LOADING STANDARD CONFIGURATION
240126-16:02:50	[INFO]	-->> READING ASICs ID
240126-16:02:51	[INFO]	<<-- FINISHED READING ASICs ID
240126-16:02:51	[INFO]	-->> READING LV VALUES AFTER CONFIGURATION
240126-16:03:02	[INFO]	<<-- FINISHED READING LV VALUES AFTER CONFIGURATION
240126-16:03:02	[INFO]	-->> READING VDDM & TEMPERATURE
240126-16:03:08	[INFO]	<<-- FINISHED READING VDDM & TEMPERATURE
240126-16:03:08	[INFO]	--> SETTING THE CALIBRATION TRIM
240126-16:03:23	[INFO]	<<-- FINISHED SETTING THE CALIBRATION TRIM
240126-16:03:23	[INFO]	--> MEASURING ENC AND CHECKING CALIBRATION
240126-16:03:23	[INFO]	SKIP_PSCAN_ASIC_HW_ADDR_0
240126-16:03:23	[INFO]	SKIP_PSCAN_ASIC_HW_ADDR_1
240126-16:03:23	[INFO]	SKIP_PSCAN_ASIC_HW_ADDR_2
240126-16:03:23	[INFO]	SKIP_PSCAN_ASIC_HW_ADDR_3
240126-16:03:23	[INFO]	SKIP_PSCAN_ASIC_HW_ADDR_4
240126-16:03:23	[INFO]	SKIP_PSCAN_ASIC_HW_ADDR_5
240126-16:03:23	[INFO]	SKIP_PSCAN_ASIC_HW_ADDR_6
240126-16:03:23	[INFO]	SKIP_PSCAN_ASIC_HW_ADDR_7
240126-16:03:23	[INFO]	SKIP_PSCAN_ASIC_HW_ADDR_0
240126-16:03:23	[INFO]	SKIP_PSCAN_ASIC_HW_ADDR_1
240126-16:03:23	[INFO]	SKIP_PSCAN_ASIC_HW_ADDR_2
240126-16:03:23	[INFO]	SKIP_PSCAN_ASIC_HW_ADDR_3
240126-16:03:23	[INFO]	SKIP_PSCAN_ASIC_HW_ADDR_4
240126-16:08:46	[INFO]	PSCAN_ASIC_HW_ADDR_5: pscan_240126_1603_XA-000-08-002-000-001-237-02_HW_5_SET_58_22_118_42_VP_0_255_1_NP_100_holes.txt
240126-16:14:09	[INFO]	PSCAN_ASIC_HW_ADDR_6: pscan_240126_1608_XA-000-08-002-000-001-251-05_HW_6_SET_57_22_118_62_VP_0_255_1_NP_100_holes.txt
240126-16:19:33	[INFO]	PSCAN_ASIC_HW_ADDR_7: pscan_240126_1614_XA-000-08-002-000-001-255-05_HW_7_SET_57_22_118_56_VP_0_255_1_NP_100_holes.txt
240126-16:19:33	[INFO]	<<-- FINISHED MEASURING ENC AND CHECKING CALIBRATION
