240801-17:56:08	MODULE_ID:	M6UL0T2010572B2
240801-17:56:08	[INFO]	TEST_CENTER: GSI
240801-17:56:08	[INFO]	OPERATOR_ID: Dairon Rodriguez Garces
240801-17:56:08	[INFO]	MODULE ID: 	M6UL0T2010572B2
240801-17:56:08	[INFO]	SENSOR_SIZE [mm]: 	124
240801-17:56:08	[INFO]	SENSOR_QGRADE: 	B
240801-17:56:31	[INFO]	-->> RUNNING SYNCHRONIZATION
240801-17:57:01	[INFO]	<<-- FINISHED SYNCHRONIZATION
240801-17:57:01	[INFO]	-->> READING LV VALUES BEFORE CONFIGURATION
240801-17:57:01	[INFO]	<<-- FINISHED READING LV VALUES BEFORE CONFIGURATION
240801-17:57:01	[INFO]	-->> LOADING STANDARD CONFIGURATION
240801-17:57:08	[INFO]	<<-- FINISHED LOADING STANDARD CONFIGURATION
240801-17:57:08	[INFO]	-->> READING ASICs ID
240801-17:57:09	[INFO]	<<-- FINISHED READING ASICs ID
240801-17:57:09	[INFO]	-->> LOADING DEFAULT TRIM VALUES
240801-17:58:07	[INFO]	<<-- FINISHED LOADING DEFAULT TRIM VALUES
240801-17:58:07	[INFO]	-->> READING LV VALUES AFTER CONFIGURATION
240801-17:58:18	[INFO]	<<-- FINISHED READING LV VALUES AFTER CONFIGURATION
240801-17:58:18	[INFO]	-->> READING VDDM & TEMPERATURE
240801-17:58:21	[INFO]	<<-- FINISHED READING VDDM & TEMPERATURE
240801-17:58:21	[INFO]	-->> LOADING DEFAULT TRIM VALUES
240801-17:59:20	[INFO]	<<-- FINISHED LOADING DEFAULT TRIM VALUES
240801-17:59:20	[INFO]	-->> FINDING VREF_P, VREF_N & THR@_GLB FOR CALIBRATION
240801-18:06:28	[INFO]	<<-- FINISHED FINDING VREF_P, VREF_N & THR@_GLB FOR CALIBRATION
240801-18:06:28	[INFO]	--> SETTING THE CALIBRATION PARAMETERS
240801-18:06:28	[INFO]	<<-- FINISHED SETTING THE CALIBRATION PARAMETERS
240801-18:06:28	[INFO]	-->> CALIBRATING THE MODULE
240801-18:15:44	[INFO]	CAL_ASIC_HW_ADDR_7: ftrim_XA-000-08-003-000-005-150-02_HW_7_SET_56_33_118_32_R_30_247_elect.txt
240801-18:24:57	[INFO]	CAL_ASIC_HW_ADDR_6: ftrim_XA-000-08-003-000-003-041-04_HW_6_SET_57_27_118_36_R_30_247_elect.txt
240801-18:34:08	[INFO]	CAL_ASIC_HW_ADDR_5: ftrim_XA-000-08-003-000-003-040-04_HW_5_SET_57_25_118_41_R_30_247_elect.txt
240801-18:43:19	[INFO]	CAL_ASIC_HW_ADDR_4: ftrim_XA-000-08-003-000-003-045-04_HW_4_SET_57_24_118_41_R_30_247_elect.txt
240801-18:52:28	[INFO]	CAL_ASIC_HW_ADDR_3: ftrim_XA-000-08-003-000-003-044-04_HW_3_SET_56_24_118_42_R_30_247_elect.txt
240801-19:01:38	[INFO]	CAL_ASIC_HW_ADDR_2: ftrim_XA-000-08-003-000-003-050-03_HW_2_SET_57_23_118_36_R_30_247_elect.txt
240801-19:10:49	[INFO]	CAL_ASIC_HW_ADDR_1: ftrim_XA-000-08-003-000-003-048-03_HW_1_SET_57_22_118_34_R_30_247_elect.txt
240801-19:20:02	[INFO]	CAL_ASIC_HW_ADDR_0: ftrim_XA-000-08-003-000-003-241-12_HW_0_SET_57_22_118_39_R_30_247_elect.txt
240801-19:29:15	[INFO]	CAL_ASIC_HW_ADDR_1: ftrim_XA-000-08-003-000-004-062-11_HW_1_SET_56_22_118_43_R_30_247_holes.txt
240801-19:38:30	[INFO]	CAL_ASIC_HW_ADDR_0: ftrim_XA-000-08-003-000-003-042-04_HW_0_SET_58_25_118_46_R_30_247_holes.txt
240801-19:47:42	[INFO]	CAL_ASIC_HW_ADDR_3: ftrim_XA-000-08-003-000-004-060-11_HW_3_SET_58_22_118_33_R_30_247_holes.txt
240801-19:56:57	[INFO]	CAL_ASIC_HW_ADDR_2: ftrim_XA-000-08-003-000-003-046-04_HW_2_SET_56_20_118_40_R_30_247_holes.txt
240801-20:06:14	[INFO]	CAL_ASIC_HW_ADDR_5: ftrim_XA-000-08-003-000-004-059-11_HW_5_SET_57_21_118_30_R_30_247_holes.txt
240801-20:15:24	[INFO]	CAL_ASIC_HW_ADDR_4: ftrim_XA-000-08-003-000-003-039-04_HW_4_SET_57_21_118_32_R_30_247_holes.txt
240801-20:24:37	[INFO]	CAL_ASIC_HW_ADDR_7: ftrim_XA-000-08-003-000-003-038-04_HW_7_SET_55_22_118_46_R_30_247_holes.txt
240801-20:33:51	[INFO]	CAL_ASIC_HW_ADDR_6: ftrim_XA-000-08-003-000-003-043-04_HW_6_SET_57_23_118_37_R_30_247_holes.txt
240801-20:33:51	[INFO]	<<-- FINISHED CALIBRATING THE MODULE
240801-20:33:51	[INFO]	--> SETTING THE CALIBRATION TRIM
240801-20:35:47	[INFO]	<<-- FINISHED SETTING THE CALIBRATION TRIM
240801-20:35:47	[INFO]	--> MEASURING ENC AND CHECKING CALIBRATION
240801-20:42:56	[INFO]	PSCAN_ASIC_HW_ADDR_7: pscan_240801_2035_XA-000-08-003-000-005-150-02_HW_7_SET_56_33_118_32_VP_0_255_1_NP_100_elect.txt
240801-20:50:05	[INFO]	PSCAN_ASIC_HW_ADDR_6: pscan_240801_2042_XA-000-08-003-000-003-041-04_HW_6_SET_57_27_118_36_VP_0_255_1_NP_100_elect.txt
240801-20:57:12	[INFO]	PSCAN_ASIC_HW_ADDR_5: pscan_240801_2050_XA-000-08-003-000-003-040-04_HW_5_SET_57_25_118_41_VP_0_255_1_NP_100_elect.txt
240801-21:04:25	[INFO]	PSCAN_ASIC_HW_ADDR_4: pscan_240801_2057_XA-000-08-003-000-003-045-04_HW_4_SET_57_24_118_41_VP_0_255_1_NP_100_elect.txt
240801-21:11:35	[INFO]	PSCAN_ASIC_HW_ADDR_3: pscan_240801_2104_XA-000-08-003-000-003-044-04_HW_3_SET_56_24_118_42_VP_0_255_1_NP_100_elect.txt
240801-21:18:47	[INFO]	PSCAN_ASIC_HW_ADDR_2: pscan_240801_2111_XA-000-08-003-000-003-050-03_HW_2_SET_57_23_118_36_VP_0_255_1_NP_100_elect.txt
240801-21:25:53	[INFO]	PSCAN_ASIC_HW_ADDR_1: pscan_240801_2118_XA-000-08-003-000-003-048-03_HW_1_SET_57_22_118_34_VP_0_255_1_NP_100_elect.txt
240801-21:33:00	[INFO]	PSCAN_ASIC_HW_ADDR_0: pscan_240801_2125_XA-000-08-003-000-003-241-12_HW_0_SET_57_22_118_39_VP_0_255_1_NP_100_elect.txt
240801-21:40:07	[INFO]	PSCAN_ASIC_HW_ADDR_1: pscan_240801_2133_XA-000-08-003-000-004-062-11_HW_1_SET_56_22_118_43_VP_0_255_1_NP_100_holes.txt
240801-21:47:14	[INFO]	PSCAN_ASIC_HW_ADDR_0: pscan_240801_2140_XA-000-08-003-000-003-042-04_HW_0_SET_58_25_118_46_VP_0_255_1_NP_100_holes.txt
240801-21:54:19	[INFO]	PSCAN_ASIC_HW_ADDR_3: pscan_240801_2147_XA-000-08-003-000-004-060-11_HW_3_SET_58_22_118_33_VP_0_255_1_NP_100_holes.txt
240801-22:01:26	[INFO]	PSCAN_ASIC_HW_ADDR_2: pscan_240801_2154_XA-000-08-003-000-003-046-04_HW_2_SET_56_20_118_40_VP_0_255_1_NP_100_holes.txt
240801-22:08:39	[INFO]	PSCAN_ASIC_HW_ADDR_5: pscan_240801_2201_XA-000-08-003-000-004-059-11_HW_5_SET_57_21_118_30_VP_0_255_1_NP_100_holes.txt
240801-22:16:00	[INFO]	PSCAN_ASIC_HW_ADDR_4: pscan_240801_2208_XA-000-08-003-000-003-039-04_HW_4_SET_57_21_118_32_VP_0_255_1_NP_100_holes.txt
240801-22:23:22	[INFO]	PSCAN_ASIC_HW_ADDR_7: pscan_240801_2216_XA-000-08-003-000-003-038-04_HW_7_SET_55_22_118_46_VP_0_255_1_NP_100_holes.txt
240801-22:31:03	[INFO]	PSCAN_ASIC_HW_ADDR_6: pscan_240801_2223_XA-000-08-003-000-003-043-04_HW_6_SET_57_23_118_37_VP_0_255_1_NP_100_holes.txt
240801-22:31:03	[INFO]	<<-- FINISHED MEASURING ENC AND CHECKING CALIBRATION
