240513-11:54:37	MODULE_ID:	M5DL1T3001163A2
240513-11:54:37	[INFO]	TEST_CENTER: GSI
240513-11:54:37	[INFO]	OPERATOR_ID: Dairon Rodriguez Garces
240513-11:54:37	[INFO]	MODULE ID: 	M5DL1T3001163A2
240513-11:54:37	[INFO]	SENSOR_SIZE [mm]: 	124
240513-11:54:37	[INFO]	SENSOR_QGRADE: 	B
240513-11:55:11	MODULE_ID:	M5DL1T3001163A2_240513_1155
240513-11:55:11	[INFO]	TEST_CENTER: GSI
240513-11:55:11	[INFO]	OPERATOR_ID: Dairon Rodriguez Garces
240513-11:55:11	[INFO]	MODULE ID: 	M5DL1T3001163A2
240513-11:55:11	[INFO]	SENSOR_SIZE [mm]: 	124
240513-11:55:11	[INFO]	SENSOR_QGRADE: 	B
240513-11:55:35	[INFO]	-->> RUNNING SYNCHRONIZATION
240513-11:56:05	[INFO]	<<-- FINISHED SYNCHRONIZATION
240513-11:56:05	[INFO]	-->> READING LV VALUES BEFORE CONFIGURATION
240513-11:56:05	[INFO]	<<-- FINISHED READING LV VALUES BEFORE CONFIGURATION
240513-11:56:05	[INFO]	-->> LOADING STANDARD CONFIGURATION
240513-11:56:13	[INFO]	<<-- FINISHED LOADING STANDARD CONFIGURATION
240513-11:56:13	[INFO]	-->> READING ASICs ID
240513-11:56:14	[INFO]	<<-- FINISHED READING ASICs ID
240513-11:56:14	[INFO]	-->> LOADING DEFAULT TRIM VALUES
240513-11:57:09	[INFO]	<<-- FINISHED LOADING DEFAULT TRIM VALUES
240513-11:57:09	[INFO]	-->> READING LV VALUES AFTER CONFIGURATION
240513-11:57:20	[INFO]	<<-- FINISHED READING LV VALUES AFTER CONFIGURATION
240513-11:57:20	[INFO]	-->> READING VDDM & TEMPERATURE
240513-11:57:26	[INFO]	<<-- FINISHED READING VDDM & TEMPERATURE
240513-11:57:26	[INFO]	-->> LOADING DEFAULT TRIM VALUES
240513-11:58:23	[INFO]	<<-- FINISHED LOADING DEFAULT TRIM VALUES
240513-11:58:23	[INFO]	-->> FINDING VREF_P, VREF_N & THR@_GLB FOR CALIBRATION
240513-12:05:27	[INFO]	<<-- FINISHED FINDING VREF_P, VREF_N & THR@_GLB FOR CALIBRATION
240513-12:05:27	[INFO]	--> SETTING THE CALIBRATION PARAMETERS
240513-12:05:27	[INFO]	<<-- FINISHED SETTING THE CALIBRATION PARAMETERS
240513-12:05:27	[INFO]	-->> CALIBRATING THE MODULE
240513-12:14:44	[INFO]	CAL_ASIC_HW_ADDR_1: ftrim_XA-000-08-002-000-005-142-15_HW_1_SET_58_23_118_43_R_30_247_elect.txt
240513-12:23:53	[INFO]	CAL_ASIC_HW_ADDR_0: ftrim_XA-000-08-002-000-000-010-14_HW_0_SET_55_27_118_35_R_30_247_elect.txt
240513-12:33:00	[INFO]	CAL_ASIC_HW_ADDR_3: ftrim_XA-000-08-002-000-005-141-15_HW_3_SET_56_24_118_38_R_30_247_elect.txt
240513-12:42:06	[INFO]	CAL_ASIC_HW_ADDR_2: ftrim_XA-000-08-002-000-000-017-09_HW_2_SET_57_26_118_41_R_30_247_elect.txt
240513-12:51:14	[INFO]	CAL_ASIC_HW_ADDR_5: ftrim_XA-000-08-002-000-005-140-15_HW_5_SET_56_26_118_47_R_30_247_elect.txt
240513-13:00:16	[INFO]	CAL_ASIC_HW_ADDR_4: ftrim_XA-000-08-002-000-000-012-14_HW_4_SET_57_27_118_38_R_30_247_elect.txt
240513-13:09:21	[INFO]	CAL_ASIC_HW_ADDR_7: ftrim_XA-000-08-002-000-005-138-15_HW_7_SET_58_24_118_57_R_30_247_elect.txt
240513-13:18:29	[INFO]	CAL_ASIC_HW_ADDR_6: ftrim_XA-000-08-002-000-000-014-14_HW_6_SET_55_27_118_10_R_30_247_elect.txt
240513-13:27:40	[INFO]	CAL_ASIC_HW_ADDR_7: ftrim_XA-000-08-001-064-042-200-06_HW_7_SET_55_23_118_10_R_30_247_holes.txt
240513-13:36:47	[INFO]	CAL_ASIC_HW_ADDR_6: ftrim_XA-000-08-002-000-000-008-14_HW_6_SET_56_23_118_10_R_30_247_holes.txt
240513-13:45:55	[INFO]	CAL_ASIC_HW_ADDR_5: ftrim_XA-000-08-002-000-006-083-09_HW_5_SET_56_18_118_68_R_30_247_holes.txt
240513-13:55:04	[INFO]	CAL_ASIC_HW_ADDR_4: ftrim_XA-000-08-002-000-005-143-15_HW_4_SET_57_20_118_64_R_30_247_holes.txt
240513-14:04:11	[INFO]	CAL_ASIC_HW_ADDR_3: ftrim_XA-000-08-002-000-003-187-03_HW_3_SET_58_22_118_56_R_30_247_holes.txt
240513-14:13:19	[INFO]	CAL_ASIC_HW_ADDR_2: ftrim_XA-000-08-001-064-042-024-14_HW_2_SET_58_23_118_55_R_30_247_holes.txt
240513-14:22:27	[INFO]	CAL_ASIC_HW_ADDR_1: ftrim_XA-000-08-001-064-043-224-05_HW_1_SET_57_22_118_52_R_30_247_holes.txt
240513-14:31:42	[INFO]	CAL_ASIC_HW_ADDR_0: ftrim_XA-000-08-001-064-041-248-01_HW_0_SET_56_24_118_49_R_30_247_holes.txt
240513-14:31:42	[INFO]	<<-- FINISHED CALIBRATING THE MODULE
240513-14:31:42	[INFO]	--> SETTING THE CALIBRATION TRIM
240513-14:33:36	[INFO]	<<-- FINISHED SETTING THE CALIBRATION TRIM
240513-14:33:36	[INFO]	--> MEASURING ENC AND CHECKING CALIBRATION
240513-14:40:46	[INFO]	PSCAN_ASIC_HW_ADDR_1: pscan_240513_1433_XA-000-08-002-000-005-142-15_HW_1_SET_58_23_118_43_VP_0_255_1_NP_100_elect.txt
240513-14:47:55	[INFO]	PSCAN_ASIC_HW_ADDR_0: pscan_240513_1440_XA-000-08-002-000-000-010-14_HW_0_SET_55_27_118_35_VP_0_255_1_NP_100_elect.txt
240513-14:55:05	[INFO]	PSCAN_ASIC_HW_ADDR_3: pscan_240513_1447_XA-000-08-002-000-005-141-15_HW_3_SET_56_24_118_38_VP_0_255_1_NP_100_elect.txt
240513-15:02:13	[INFO]	PSCAN_ASIC_HW_ADDR_2: pscan_240513_1455_XA-000-08-002-000-000-017-09_HW_2_SET_57_26_118_41_VP_0_255_1_NP_100_elect.txt
240513-15:09:20	[INFO]	PSCAN_ASIC_HW_ADDR_5: pscan_240513_1502_XA-000-08-002-000-005-140-15_HW_5_SET_56_26_118_47_VP_0_255_1_NP_100_elect.txt
240513-15:16:27	[INFO]	PSCAN_ASIC_HW_ADDR_4: pscan_240513_1509_XA-000-08-002-000-000-012-14_HW_4_SET_57_27_118_38_VP_0_255_1_NP_100_elect.txt
240513-15:23:32	[INFO]	PSCAN_ASIC_HW_ADDR_7: pscan_240513_1516_XA-000-08-002-000-005-138-15_HW_7_SET_58_24_118_57_VP_0_255_1_NP_100_elect.txt
240513-15:30:38	[INFO]	PSCAN_ASIC_HW_ADDR_6: pscan_240513_1523_XA-000-08-002-000-000-014-14_HW_6_SET_55_27_118_10_VP_0_255_1_NP_100_elect.txt
240513-15:37:47	[INFO]	PSCAN_ASIC_HW_ADDR_7: pscan_240513_1530_XA-000-08-001-064-042-200-06_HW_7_SET_55_23_118_10_VP_0_255_1_NP_100_holes.txt
240513-15:44:54	[INFO]	PSCAN_ASIC_HW_ADDR_6: pscan_240513_1537_XA-000-08-002-000-000-008-14_HW_6_SET_56_23_118_10_VP_0_255_1_NP_100_holes.txt
240513-15:52:03	[INFO]	PSCAN_ASIC_HW_ADDR_5: pscan_240513_1544_XA-000-08-002-000-006-083-09_HW_5_SET_56_18_118_68_VP_0_255_1_NP_100_holes.txt
240513-15:59:08	[INFO]	PSCAN_ASIC_HW_ADDR_4: pscan_240513_1552_XA-000-08-002-000-005-143-15_HW_4_SET_57_20_118_64_VP_0_255_1_NP_100_holes.txt
240513-16:06:17	[INFO]	PSCAN_ASIC_HW_ADDR_3: pscan_240513_1559_XA-000-08-002-000-003-187-03_HW_3_SET_58_22_118_56_VP_0_255_1_NP_100_holes.txt
240513-16:13:31	[INFO]	PSCAN_ASIC_HW_ADDR_2: pscan_240513_1606_XA-000-08-001-064-042-024-14_HW_2_SET_58_23_118_55_VP_0_255_1_NP_100_holes.txt
240513-16:21:08	[INFO]	PSCAN_ASIC_HW_ADDR_1: pscan_240513_1613_XA-000-08-001-064-043-224-05_HW_1_SET_57_22_118_52_VP_0_255_1_NP_100_holes.txt
240513-16:29:51	[INFO]	PSCAN_ASIC_HW_ADDR_0: pscan_240513_1621_XA-000-08-001-064-041-248-01_HW_0_SET_56_24_118_49_VP_0_255_1_NP_100_holes.txt
240513-16:29:51	[INFO]	<<-- FINISHED MEASURING ENC AND CHECKING CALIBRATION
240514-09:49:07	MODULE_ID:	M5DL1T3001163A2_240514_0949
240514-09:49:07	[INFO]	TEST_CENTER: GSI
240514-09:49:07	[INFO]	OPERATOR_ID: Dairon Rodriguez Garces
240514-09:49:07	[INFO]	MODULE ID: 	M5DL1T3001163A2
240514-09:49:07	[INFO]	SENSOR_SIZE [mm]: 	124
240514-09:49:07	[INFO]	SENSOR_QGRADE: 	B
240514-09:49:22	[INFO]	-->> RUNNING SYNCHRONIZATION
240514-09:49:54	[INFO]	<<-- FINISHED SYNCHRONIZATION
240514-09:49:54	[INFO]	-->> READING LV VALUES BEFORE CONFIGURATION
240514-09:49:54	[INFO]	<<-- FINISHED READING LV VALUES BEFORE CONFIGURATION
240514-09:49:54	[INFO]	-->> LOADING STANDARD CONFIGURATION
240514-09:50:02	[INFO]	<<-- FINISHED LOADING STANDARD CONFIGURATION
240514-09:50:02	[INFO]	-->> READING ASICs ID
240514-09:50:03	[INFO]	<<-- FINISHED READING ASICs ID
240514-09:50:03	[INFO]	-->> LOADING DEFAULT TRIM VALUES
240514-09:51:00	[INFO]	<<-- FINISHED LOADING DEFAULT TRIM VALUES
240514-09:51:00	[INFO]	-->> READING LV VALUES AFTER CONFIGURATION
240514-09:51:10	[INFO]	<<-- FINISHED READING LV VALUES AFTER CONFIGURATION
240514-09:51:10	[INFO]	-->> READING VDDM & TEMPERATURE
240514-09:51:16	[INFO]	<<-- FINISHED READING VDDM & TEMPERATURE
240514-09:51:16	[INFO]	--> SETTING THE CALIBRATION TRIM
240514-09:53:15	[INFO]	<<-- FINISHED SETTING THE CALIBRATION TRIM
240514-09:53:15	[INFO]	--> CHECKING CHANNELS' CONNECTIVITY
240514-09:53:15	[INFO]	CONN-CHECK_ASIC_HW_ADDR_1: elect
240514-09:53:34	[INFO]	CONN-CHECK_ASIC_HW_ADDR_0: elect
240514-09:53:53	[INFO]	CONN-CHECK_ASIC_HW_ADDR_3: elect
240514-09:54:11	[INFO]	CONN-CHECK_ASIC_HW_ADDR_2: elect
240514-09:54:30	[INFO]	CONN-CHECK_ASIC_HW_ADDR_5: elect
240514-09:54:48	[INFO]	CONN-CHECK_ASIC_HW_ADDR_4: elect
240514-09:55:07	[INFO]	CONN-CHECK_ASIC_HW_ADDR_7: elect
240514-09:55:26	[INFO]	CONN-CHECK_ASIC_HW_ADDR_6: elect
240514-09:55:44	[INFO]	CONN-CHECK_ASIC_HW_ADDR_7: holes
240514-09:56:03	[INFO]	CONN-CHECK_ASIC_HW_ADDR_6: holes
240514-09:56:21	[INFO]	CONN-CHECK_ASIC_HW_ADDR_5: holes
240514-09:56:40	[INFO]	CONN-CHECK_ASIC_HW_ADDR_4: holes
240514-09:56:59	[INFO]	CONN-CHECK_ASIC_HW_ADDR_3: holes
240514-09:57:17	[INFO]	CONN-CHECK_ASIC_HW_ADDR_2: holes
240514-09:57:36	[INFO]	CONN-CHECK_ASIC_HW_ADDR_1: holes
240514-09:57:54	[INFO]	CONN-CHECK_ASIC_HW_ADDR_0: holes
240514-09:58:13	[INFO]	<<-- FINISHED CHECKING CHANNELS' CONNECTIVITY
240514-11:05:57	MODULE_ID:	M5DL1T3001163A2_240514_1105
240514-11:05:57	[INFO]	TEST_CENTER: GSI
240514-11:05:57	[INFO]	OPERATOR_ID: Dairon Rodriguez Garces
240514-11:05:57	[INFO]	MODULE ID: 	M5DL1T3001163A2
240514-11:05:57	[INFO]	SENSOR_SIZE [mm]: 	124
240514-11:05:57	[INFO]	SENSOR_QGRADE: 	B
240514-11:06:41	[INFO]	-->> RUNNING SYNCHRONIZATION
240514-11:07:12	[INFO]	<<-- FINISHED SYNCHRONIZATION
240514-11:07:12	[INFO]	-->> READING LV VALUES BEFORE CONFIGURATION
240514-11:07:13	[INFO]	<<-- FINISHED READING LV VALUES BEFORE CONFIGURATION
240514-11:07:13	[INFO]	-->> LOADING STANDARD CONFIGURATION
240514-11:07:21	[INFO]	<<-- FINISHED LOADING STANDARD CONFIGURATION
240514-11:07:21	[INFO]	-->> READING ASICs ID
240514-11:07:22	[INFO]	<<-- FINISHED READING ASICs ID
240514-11:07:22	[INFO]	-->> LOADING DEFAULT TRIM VALUES
240514-11:07:26	[INFO]	<<-- FINISHED LOADING DEFAULT TRIM VALUES
240514-11:07:26	[INFO]	-->> READING LV VALUES AFTER CONFIGURATION
240514-11:07:36	[INFO]	<<-- FINISHED READING LV VALUES AFTER CONFIGURATION
240514-11:07:36	[INFO]	-->> READING VDDM & TEMPERATURE
240514-11:07:43	[INFO]	<<-- FINISHED READING VDDM & TEMPERATURE
240514-11:07:43	[INFO]	--> SETTING THE CALIBRATION TRIM
240514-11:07:51	[INFO]	<<-- FINISHED SETTING THE CALIBRATION TRIM
240514-11:07:51	[INFO]	--> MEASURING ENC AND CHECKING CALIBRATION
240514-11:15:38	[INFO]	PSCAN_ASIC_HW_ADDR_7: pscan_240514_1107_XA-000-08-001-064-042-200-06_HW_7_SET_55_23_118_10_VP_0_255_1_NP_100_holes.txt
240514-11:15:38	[INFO]	<<-- FINISHED MEASURING ENC AND CHECKING CALIBRATION
240514-11:34:19	MODULE_ID:	M5DL1T3001163A2_240514_1134
240514-11:34:19	[INFO]	TEST_CENTER: GSI
240514-11:34:19	[INFO]	OPERATOR_ID: Dairon Rodriguez Garces
240514-11:34:19	[INFO]	MODULE ID: 	M5DL1T3001163A2
240514-11:34:19	[INFO]	SENSOR_SIZE [mm]: 	124
240514-11:34:19	[INFO]	SENSOR_QGRADE: 	B
240514-11:35:52	[INFO]	-->> RUNNING SYNCHRONIZATION
240514-11:36:26	[INFO]	<<-- FINISHED SYNCHRONIZATION
240514-11:36:26	[INFO]	-->> READING LV VALUES BEFORE CONFIGURATION
240514-11:36:26	[INFO]	<<-- FINISHED READING LV VALUES BEFORE CONFIGURATION
240514-11:36:26	[INFO]	-->> LOADING STANDARD CONFIGURATION
240514-11:36:36	[INFO]	<<-- FINISHED LOADING STANDARD CONFIGURATION
240514-11:36:36	[INFO]	-->> READING ASICs ID
240514-11:36:37	[INFO]	<<-- FINISHED READING ASICs ID
240514-11:36:37	[INFO]	-->> LOADING DEFAULT TRIM VALUES
240514-11:36:42	[INFO]	<<-- FINISHED LOADING DEFAULT TRIM VALUES
240514-11:36:42	[INFO]	-->> READING LV VALUES AFTER CONFIGURATION
240514-11:36:52	[INFO]	<<-- FINISHED READING LV VALUES AFTER CONFIGURATION
240514-11:36:52	[INFO]	-->> READING VDDM & TEMPERATURE
240514-11:36:59	[INFO]	<<-- FINISHED READING VDDM & TEMPERATURE
240514-11:36:59	[INFO]	--> SETTING THE CALIBRATION TRIM
240514-11:37:08	[INFO]	<<-- FINISHED SETTING THE CALIBRATION TRIM
240514-11:37:08	[INFO]	--> MEASURING ENC AND CHECKING CALIBRATION
240514-11:44:48	[INFO]	PSCAN_ASIC_HW_ADDR_7: pscan_240514_1137_XA-000-08-001-064-042-200-06_HW_7_SET_55_23_118_10_VP_0_255_1_NP_100_holes.txt
240514-11:44:48	[INFO]	<<-- FINISHED MEASURING ENC AND CHECKING CALIBRATION
240516-11:11:28	MODULE_ID:	M5DL1T3001163A2_240516_1111
240516-11:11:28	[INFO]	TEST_CENTER: GSI
240516-11:11:28	[INFO]	OPERATOR_ID: Dairon Rodriguez Garces
240516-11:11:28	[INFO]	MODULE ID: 	M5DL1T3001163A2
240516-11:11:28	[INFO]	SENSOR_SIZE [mm]: 	124
240516-11:11:28	[INFO]	SENSOR_QGRADE: 	B
240516-11:11:43	[INFO]	-->> RUNNING SYNCHRONIZATION
240516-11:12:14	[INFO]	<<-- FINISHED SYNCHRONIZATION
240516-11:12:14	[INFO]	-->> READING LV VALUES BEFORE CONFIGURATION
240516-11:12:15	[INFO]	<<-- FINISHED READING LV VALUES BEFORE CONFIGURATION
240516-11:12:15	[INFO]	-->> LOADING STANDARD CONFIGURATION
240516-11:12:22	[INFO]	<<-- FINISHED LOADING STANDARD CONFIGURATION
240516-11:12:22	[INFO]	-->> READING ASICs ID
240516-11:12:23	[INFO]	<<-- FINISHED READING ASICs ID
240516-11:12:23	[INFO]	-->> LOADING DEFAULT TRIM VALUES
240516-11:13:21	[INFO]	<<-- FINISHED LOADING DEFAULT TRIM VALUES
240516-11:13:21	[INFO]	-->> READING LV VALUES AFTER CONFIGURATION
240516-11:13:31	[INFO]	<<-- FINISHED READING LV VALUES AFTER CONFIGURATION
240516-11:13:31	[INFO]	-->> READING VDDM & TEMPERATURE
240516-11:13:37	[INFO]	<<-- FINISHED READING VDDM & TEMPERATURE
240516-11:13:37	[INFO]	--> SETTING THE CALIBRATION TRIM
240516-11:15:35	[INFO]	<<-- FINISHED SETTING THE CALIBRATION TRIM
240516-11:15:35	[INFO]	--> CHECKING CHANNELS' CONNECTIVITY
240516-11:15:35	[INFO]	CONN-CHECK_ASIC_HW_ADDR_1: elect
240516-11:15:53	[INFO]	CONN-CHECK_ASIC_HW_ADDR_0: elect
240516-11:16:11	[INFO]	CONN-CHECK_ASIC_HW_ADDR_3: elect
240516-11:16:30	[INFO]	CONN-CHECK_ASIC_HW_ADDR_2: elect
240516-11:16:48	[INFO]	CONN-CHECK_ASIC_HW_ADDR_5: elect
240516-11:17:06	[INFO]	CONN-CHECK_ASIC_HW_ADDR_4: elect
240516-11:17:24	[INFO]	CONN-CHECK_ASIC_HW_ADDR_7: elect
240516-11:17:43	[INFO]	CONN-CHECK_ASIC_HW_ADDR_6: elect
240516-11:18:00	[INFO]	CONN-CHECK_ASIC_HW_ADDR_7: holes
240516-11:18:19	[INFO]	CONN-CHECK_ASIC_HW_ADDR_6: holes
240516-11:18:37	[INFO]	CONN-CHECK_ASIC_HW_ADDR_5: holes
240516-11:18:55	[INFO]	CONN-CHECK_ASIC_HW_ADDR_4: holes
240516-11:19:13	[INFO]	CONN-CHECK_ASIC_HW_ADDR_3: holes
240516-11:19:31	[INFO]	CONN-CHECK_ASIC_HW_ADDR_2: holes
240516-11:19:49	[INFO]	CONN-CHECK_ASIC_HW_ADDR_1: holes
240516-11:20:07	[INFO]	CONN-CHECK_ASIC_HW_ADDR_0: holes
240516-11:20:25	[INFO]	<<-- FINISHED CHECKING CHANNELS' CONNECTIVITY
