240606-11:29:45	MODULE_ID:	M5DL1T1001161A2
240606-11:29:45	[INFO]	TEST_CENTER: GSI
240606-11:29:45	[INFO]	OPERATOR_ID: Dairon Rodriguez Garces
240606-11:29:45	[INFO]	MODULE ID: 	M5DL1T1001161A2
240606-11:29:45	[INFO]	SENSOR_SIZE [mm]: 	42
240606-11:29:45	[INFO]	SENSOR_QGRADE: 	A
240606-11:30:10	[INFO]	-->> RUNNING SYNCHRONIZATION
240606-11:30:40	[INFO]	<<-- FINISHED SYNCHRONIZATION
240606-11:30:40	[INFO]	-->> READING LV VALUES BEFORE CONFIGURATION
240606-11:30:40	[INFO]	<<-- FINISHED READING LV VALUES BEFORE CONFIGURATION
240606-11:30:40	[INFO]	-->> LOADING STANDARD CONFIGURATION
240606-11:30:47	[INFO]	<<-- FINISHED LOADING STANDARD CONFIGURATION
240606-11:30:47	[INFO]	-->> READING ASICs ID
240606-11:30:48	[INFO]	<<-- FINISHED READING ASICs ID
240606-11:30:48	[INFO]	-->> LOADING DEFAULT TRIM VALUES
240606-11:31:45	[INFO]	<<-- FINISHED LOADING DEFAULT TRIM VALUES
240606-11:31:45	[INFO]	-->> READING LV VALUES AFTER CONFIGURATION
240606-11:31:55	[INFO]	<<-- FINISHED READING LV VALUES AFTER CONFIGURATION
240606-11:31:55	[INFO]	-->> READING VDDM & TEMPERATURE
240606-11:32:01	[INFO]	<<-- FINISHED READING VDDM & TEMPERATURE
240606-11:32:01	[INFO]	-->> LOADING DEFAULT TRIM VALUES
240606-11:32:57	[INFO]	<<-- FINISHED LOADING DEFAULT TRIM VALUES
240606-11:32:57	[INFO]	-->> FINDING VREF_P, VREF_N & THR@_GLB FOR CALIBRATION
240606-11:39:47	[INFO]	<<-- FINISHED FINDING VREF_P, VREF_N & THR@_GLB FOR CALIBRATION
240606-11:39:47	[INFO]	--> SETTING THE CALIBRATION PARAMETERS
240606-11:39:47	[INFO]	<<-- FINISHED SETTING THE CALIBRATION PARAMETERS
240606-11:39:47	[INFO]	-->> CALIBRATING THE MODULE
240606-11:49:34	[INFO]	CAL_ASIC_HW_ADDR_1: ftrim_XA-000-08-002-000-006-107-00_HW_1_SET_56_22_118_35_R_30_247_elect.txt
240606-11:59:10	[INFO]	CAL_ASIC_HW_ADDR_0: ftrim_XA-000-08-002-000-006-208-03_HW_0_SET_55_23_118_33_R_30_247_elect.txt
240606-12:08:38	[INFO]	CAL_ASIC_HW_ADDR_3: ftrim_XA-000-08-002-000-006-111-00_HW_3_SET_56_23_118_39_R_30_247_elect.txt
240606-12:18:11	[INFO]	CAL_ASIC_HW_ADDR_2: ftrim_XA-000-08-002-000-006-202-04_HW_2_SET_57_24_118_36_R_30_247_elect.txt
240606-12:27:45	[INFO]	CAL_ASIC_HW_ADDR_5: ftrim_XA-000-08-002-000-006-075-14_HW_5_SET_55_27_118_33_R_30_247_elect.txt
240606-12:37:19	[INFO]	CAL_ASIC_HW_ADDR_4: ftrim_XA-000-08-002-000-006-203-04_HW_4_SET_57_23_118_37_R_30_247_elect.txt
240606-12:47:00	[INFO]	CAL_ASIC_HW_ADDR_7: ftrim_XA-000-08-002-000-006-209-03_HW_7_SET_57_26_118_30_R_30_247_elect.txt
240606-12:56:47	[INFO]	CAL_ASIC_HW_ADDR_6: ftrim_XA-000-08-002-000-006-206-04_HW_6_SET_55_24_118_33_R_30_247_elect.txt
240606-13:06:28	[INFO]	CAL_ASIC_HW_ADDR_7: ftrim_XA-000-08-002-000-005-154-08_HW_7_SET_58_22_118_69_R_30_247_holes.txt
240606-13:16:13	[INFO]	CAL_ASIC_HW_ADDR_6: ftrim_XA-000-08-002-000-005-151-08_HW_6_SET_54_19_118_35_R_30_247_holes.txt
240606-13:26:21	[INFO]	CAL_ASIC_HW_ADDR_5: ftrim_XA-000-08-002-000-006-110-00_HW_5_SET_56_18_118_35_R_30_247_holes.txt
240606-13:35:58	[INFO]	CAL_ASIC_HW_ADDR_4: ftrim_XA-000-08-002-000-005-152-08_HW_4_SET_57_21_118_38_R_30_247_holes.txt
240606-13:45:54	[INFO]	CAL_ASIC_HW_ADDR_2: ftrim_XA-000-08-002-000-005-153-08_HW_2_SET_55_22_118_32_R_30_247_holes.txt
240606-13:55:47	[INFO]	CAL_ASIC_HW_ADDR_1: ftrim_XA-000-08-002-000-005-150-08_HW_1_SET_56_20_118_34_R_30_247_holes.txt
240606-14:05:34	[INFO]	CAL_ASIC_HW_ADDR_0: ftrim_XA-000-08-002-000-005-166-01_HW_0_SET_58_20_118_32_R_30_247_holes.txt
240606-14:05:34	[INFO]	<<-- FINISHED CALIBRATING THE MODULE
240606-14:05:34	[INFO]	--> SETTING THE CALIBRATION TRIM
240606-14:07:33	[INFO]	<<-- FINISHED SETTING THE CALIBRATION TRIM
240606-14:07:33	[INFO]	--> MEASURING ENC AND CHECKING CALIBRATION
240606-14:15:02	[INFO]	PSCAN_ASIC_HW_ADDR_1: pscan_240606_1407_XA-000-08-002-000-006-107-00_HW_1_SET_56_22_118_35_VP_0_255_1_NP_100_elect.txt
240606-14:22:20	[INFO]	PSCAN_ASIC_HW_ADDR_0: pscan_240606_1415_XA-000-08-002-000-006-208-03_HW_0_SET_55_23_118_33_VP_0_255_1_NP_100_elect.txt
240606-14:29:42	[INFO]	PSCAN_ASIC_HW_ADDR_3: pscan_240606_1422_XA-000-08-002-000-006-111-00_HW_3_SET_56_23_118_39_VP_0_255_1_NP_100_elect.txt
240606-14:37:03	[INFO]	PSCAN_ASIC_HW_ADDR_2: pscan_240606_1429_XA-000-08-002-000-006-202-04_HW_2_SET_57_24_118_36_VP_0_255_1_NP_100_elect.txt
240606-14:44:30	[INFO]	PSCAN_ASIC_HW_ADDR_5: pscan_240606_1437_XA-000-08-002-000-006-075-14_HW_5_SET_55_27_118_33_VP_0_255_1_NP_100_elect.txt
240606-14:51:50	[INFO]	PSCAN_ASIC_HW_ADDR_4: pscan_240606_1444_XA-000-08-002-000-006-203-04_HW_4_SET_57_23_118_37_VP_0_255_1_NP_100_elect.txt
240606-14:59:05	[INFO]	PSCAN_ASIC_HW_ADDR_7: pscan_240606_1451_XA-000-08-002-000-006-209-03_HW_7_SET_57_26_118_30_VP_0_255_1_NP_100_elect.txt
240606-15:06:20	[INFO]	PSCAN_ASIC_HW_ADDR_6: pscan_240606_1459_XA-000-08-002-000-006-206-04_HW_6_SET_55_24_118_33_VP_0_255_1_NP_100_elect.txt
240606-15:13:43	[INFO]	PSCAN_ASIC_HW_ADDR_7: pscan_240606_1506_XA-000-08-002-000-005-154-08_HW_7_SET_58_22_118_69_VP_0_255_1_NP_100_holes.txt
240606-15:21:03	[INFO]	PSCAN_ASIC_HW_ADDR_6: pscan_240606_1513_XA-000-08-002-000-005-151-08_HW_6_SET_54_19_118_35_VP_0_255_1_NP_100_holes.txt
240606-15:28:27	[INFO]	PSCAN_ASIC_HW_ADDR_5: pscan_240606_1521_XA-000-08-002-000-006-110-00_HW_5_SET_56_18_118_35_VP_0_255_1_NP_100_holes.txt
240606-15:36:03	[INFO]	PSCAN_ASIC_HW_ADDR_4: pscan_240606_1528_XA-000-08-002-000-005-152-08_HW_4_SET_57_21_118_38_VP_0_255_1_NP_100_holes.txt
240606-15:43:30	[INFO]	PSCAN_ASIC_HW_ADDR_2: pscan_240606_1536_XA-000-08-002-000-005-153-08_HW_2_SET_55_22_118_32_VP_0_255_1_NP_100_holes.txt
240606-15:50:52	[INFO]	PSCAN_ASIC_HW_ADDR_1: pscan_240606_1543_XA-000-08-002-000-005-150-08_HW_1_SET_56_20_118_34_VP_0_255_1_NP_100_holes.txt
240606-15:58:15	[INFO]	PSCAN_ASIC_HW_ADDR_0: pscan_240606_1550_XA-000-08-002-000-005-166-01_HW_0_SET_58_20_118_32_VP_0_255_1_NP_100_holes.txt
240606-15:58:15	[INFO]	<<-- FINISHED MEASURING ENC AND CHECKING CALIBRATION
240606-16:22:21	MODULE_ID:	M5DL1T1001161A2_240606_1622
240606-16:22:21	[INFO]	TEST_CENTER: GSI
240606-16:22:21	[INFO]	OPERATOR_ID: Dairon Rodriguez Garces
240606-16:22:21	[INFO]	MODULE ID: 	M5DL1T1001161A2
240606-16:22:21	[INFO]	SENSOR_SIZE [mm]: 	42
240606-16:22:21	[INFO]	SENSOR_QGRADE: 	A
240606-16:22:40	[INFO]	-->> RUNNING SYNCHRONIZATION
240606-16:23:10	[INFO]	<<-- FINISHED SYNCHRONIZATION
240606-16:23:10	[INFO]	-->> READING LV VALUES BEFORE CONFIGURATION
240606-16:23:11	[INFO]	<<-- FINISHED READING LV VALUES BEFORE CONFIGURATION
240606-16:23:11	[INFO]	-->> LOADING STANDARD CONFIGURATION
240606-16:23:18	[INFO]	<<-- FINISHED LOADING STANDARD CONFIGURATION
240606-16:23:18	[INFO]	-->> READING ASICs ID
240606-16:23:19	[INFO]	<<-- FINISHED READING ASICs ID
240606-16:23:19	[INFO]	-->> LOADING DEFAULT TRIM VALUES
240606-16:24:19	[INFO]	<<-- FINISHED LOADING DEFAULT TRIM VALUES
240606-16:24:19	[INFO]	-->> READING LV VALUES AFTER CONFIGURATION
240606-16:24:29	[INFO]	<<-- FINISHED READING LV VALUES AFTER CONFIGURATION
240606-16:24:29	[INFO]	-->> READING VDDM & TEMPERATURE
240606-16:24:36	[INFO]	<<-- FINISHED READING VDDM & TEMPERATURE
240606-16:24:36	[INFO]	--> SETTING THE CALIBRATION TRIM
240606-16:26:41	[INFO]	<<-- FINISHED SETTING THE CALIBRATION TRIM
240606-16:26:41	[INFO]	--> CHECKING CHANNELS' CONNECTIVITY
240606-16:26:41	[INFO]	CONN-CHECK_ASIC_HW_ADDR_1: elect
240606-16:27:01	[INFO]	CONN-CHECK_ASIC_HW_ADDR_0: elect
240606-16:27:22	[INFO]	CONN-CHECK_ASIC_HW_ADDR_3: elect
240606-16:27:44	[INFO]	CONN-CHECK_ASIC_HW_ADDR_2: elect
240606-16:28:06	[INFO]	CONN-CHECK_ASIC_HW_ADDR_5: elect
240606-16:28:28	[INFO]	CONN-CHECK_ASIC_HW_ADDR_4: elect
240606-16:28:50	[INFO]	CONN-CHECK_ASIC_HW_ADDR_7: elect
240606-16:29:11	[INFO]	CONN-CHECK_ASIC_HW_ADDR_6: elect
240606-16:29:33	[INFO]	CONN-CHECK_ASIC_HW_ADDR_7: holes
240606-16:29:55	[INFO]	CONN-CHECK_ASIC_HW_ADDR_6: holes
240606-16:30:17	[INFO]	CONN-CHECK_ASIC_HW_ADDR_5: holes
240606-16:30:38	[INFO]	CONN-CHECK_ASIC_HW_ADDR_4: holes
240606-16:30:58	[INFO]	CONN-CHECK_ASIC_HW_ADDR_3: holes
240606-16:31:18	[INFO]	CONN-CHECK_ASIC_HW_ADDR_2: holes
240606-16:31:37	[INFO]	CONN-CHECK_ASIC_HW_ADDR_1: holes
240606-16:31:56	[INFO]	CONN-CHECK_ASIC_HW_ADDR_0: holes
240606-16:32:16	[INFO]	<<-- FINISHED CHECKING CHANNELS' CONNECTIVITY
240607-10:12:04	MODULE_ID:	M5DL1T1001161A2_240607_1012
240607-10:12:04	[INFO]	TEST_CENTER: GSI
240607-10:12:04	[INFO]	OPERATOR_ID: Dairon Rodriguez Garces
240607-10:12:04	[INFO]	MODULE ID: 	M5DL1T1001161A2
240607-10:12:04	[INFO]	SENSOR_SIZE [mm]: 	42
240607-10:12:04	[INFO]	SENSOR_QGRADE: 	A
240607-10:22:16	[INFO]	-->> RUNNING SYNCHRONIZATION
240607-10:22:47	[INFO]	<<-- FINISHED SYNCHRONIZATION
240607-10:22:47	[INFO]	-->> READING LV VALUES BEFORE CONFIGURATION
240607-10:22:47	[INFO]	<<-- FINISHED READING LV VALUES BEFORE CONFIGURATION
240607-10:22:47	[INFO]	-->> LOADING STANDARD CONFIGURATION
240607-10:22:54	[INFO]	<<-- FINISHED LOADING STANDARD CONFIGURATION
240607-10:22:54	[INFO]	-->> READING ASICs ID
240607-10:22:55	[INFO]	<<-- FINISHED READING ASICs ID
240607-10:22:55	[INFO]	-->> LOADING DEFAULT TRIM VALUES
240607-10:22:58	[INFO]	<<-- FINISHED LOADING DEFAULT TRIM VALUES
240607-10:22:58	[INFO]	-->> READING LV VALUES AFTER CONFIGURATION
240607-10:23:08	[INFO]	<<-- FINISHED READING LV VALUES AFTER CONFIGURATION
240607-10:23:08	[INFO]	-->> READING VDDM & TEMPERATURE
240607-10:23:15	[INFO]	<<-- FINISHED READING VDDM & TEMPERATURE
240607-10:23:15	[INFO]	-->> LOADING DEFAULT TRIM VALUES
240607-10:23:19	[INFO]	<<-- FINISHED LOADING DEFAULT TRIM VALUES
240607-10:23:19	[INFO]	-->> FINDING VREF_P, VREF_N & THR@_GLB FOR CALIBRATION
240607-10:23:49	[INFO]	<<-- FINISHED FINDING VREF_P, VREF_N & THR@_GLB FOR CALIBRATION
240607-10:23:49	[INFO]	--> SETTING THE CALIBRATION PARAMETERS
240607-10:23:49	[INFO]	<<-- FINISHED SETTING THE CALIBRATION PARAMETERS
240607-10:23:49	[INFO]	-->> CALIBRATING THE MODULE
240607-10:34:10	[INFO]	CAL_ASIC_HW_ADDR_3: ftrim_XA-000-08-002-000-005-157-08_HW_3_SET_56_21_118_33_R_30_247_holes.txt
240607-10:34:10	[INFO]	<<-- FINISHED CALIBRATING THE MODULE
240607-10:34:10	[INFO]	--> SETTING THE CALIBRATION TRIM
240607-10:34:19	[INFO]	<<-- FINISHED SETTING THE CALIBRATION TRIM
240607-10:34:19	[INFO]	--> MEASURING ENC AND CHECKING CALIBRATION
240607-10:41:58	[INFO]	PSCAN_ASIC_HW_ADDR_3: pscan_240607_1034_XA-000-08-002-000-005-157-08_HW_3_SET_56_21_118_33_VP_0_255_1_NP_100_holes.txt
240607-10:41:58	[INFO]	<<-- FINISHED MEASURING ENC AND CHECKING CALIBRATION
240607-10:41:58	[INFO]	--> CHECKING CHANNELS' CONNECTIVITY
240607-10:41:58	[INFO]	CONN-CHECK_ASIC_HW_ADDR_3: holes
240607-10:42:18	[INFO]	<<-- FINISHED CHECKING CHANNELS' CONNECTIVITY
240611-10:31:10	MODULE_ID:	M5DL1T1001161A2_240611_1031
240611-10:31:10	[INFO]	TEST_CENTER: GSI
240611-10:31:10	[INFO]	OPERATOR_ID: Dairon Rodriguez Garces
240611-10:31:10	[INFO]	MODULE ID: 	M5DL1T1001161A2
240611-10:31:10	[INFO]	SENSOR_SIZE [mm]: 	42
240611-10:31:10	[INFO]	SENSOR_QGRADE: 	A
240611-10:31:45	[INFO]	-->> RUNNING SYNCHRONIZATION
240611-10:32:16	[INFO]	<<-- FINISHED SYNCHRONIZATION
240611-10:32:16	[INFO]	-->> READING LV VALUES BEFORE CONFIGURATION
240611-10:32:16	[INFO]	<<-- FINISHED READING LV VALUES BEFORE CONFIGURATION
240611-10:32:16	[INFO]	-->> LOADING STANDARD CONFIGURATION
240611-10:32:23	[INFO]	<<-- FINISHED LOADING STANDARD CONFIGURATION
240611-10:32:23	[INFO]	-->> READING ASICs ID
240611-10:32:24	[INFO]	<<-- FINISHED READING ASICs ID
240611-10:32:24	[INFO]	-->> LOADING DEFAULT TRIM VALUES
240611-10:33:22	[INFO]	<<-- FINISHED LOADING DEFAULT TRIM VALUES
240611-10:33:22	[INFO]	-->> READING LV VALUES AFTER CONFIGURATION
240611-10:33:33	[INFO]	<<-- FINISHED READING LV VALUES AFTER CONFIGURATION
240611-10:33:33	[INFO]	-->> READING VDDM & TEMPERATURE
240611-10:33:39	[INFO]	<<-- FINISHED READING VDDM & TEMPERATURE
240611-10:33:39	[INFO]	-->> LOADING DEFAULT TRIM VALUES
240611-10:34:38	[INFO]	<<-- FINISHED LOADING DEFAULT TRIM VALUES
240611-10:34:38	[INFO]	-->> FINDING VREF_P, VREF_N & THR@_GLB FOR CALIBRATION
240611-10:35:20	MODULE_ID:	M5DL1T1001161A2_240611_1035
240611-10:35:20	[INFO]	TEST_CENTER: GSI
240611-10:35:20	[INFO]	OPERATOR_ID: Dairon Rodriguez Garces
240611-10:35:20	[INFO]	MODULE ID: 	M5DL1T1001161A2
240611-10:35:20	[INFO]	SENSOR_SIZE [mm]: 	42
240611-10:35:20	[INFO]	SENSOR_QGRADE: 	A
240611-10:35:36	[INFO]	-->> RUNNING SYNCHRONIZATION
240611-10:36:01	MODULE_ID:	M5DL1T1001161A2_240611_1036
240611-10:36:01	[INFO]	TEST_CENTER: GSI
240611-10:36:01	[INFO]	OPERATOR_ID: Dairon Rodriguez Garces
240611-10:36:01	[INFO]	MODULE ID: 	M5DL1T1001161A2
240611-10:36:01	[INFO]	SENSOR_SIZE [mm]: 	42
240611-10:36:01	[INFO]	SENSOR_QGRADE: 	A
240611-10:36:14	[INFO]	-->> RUNNING SYNCHRONIZATION
240611-10:36:44	[INFO]	<<-- FINISHED SYNCHRONIZATION
240611-10:36:44	[INFO]	-->> READING LV VALUES BEFORE CONFIGURATION
240611-10:36:45	[INFO]	<<-- FINISHED READING LV VALUES BEFORE CONFIGURATION
240611-10:36:45	[INFO]	-->> LOADING STANDARD CONFIGURATION
240611-10:36:52	[INFO]	<<-- FINISHED LOADING STANDARD CONFIGURATION
240611-10:36:52	[INFO]	-->> READING ASICs ID
240611-10:36:53	[INFO]	<<-- FINISHED READING ASICs ID
240611-10:36:53	[INFO]	-->> LOADING DEFAULT TRIM VALUES
240611-10:37:52	[INFO]	<<-- FINISHED LOADING DEFAULT TRIM VALUES
240611-10:37:52	[INFO]	-->> READING LV VALUES AFTER CONFIGURATION
240611-10:38:02	[INFO]	<<-- FINISHED READING LV VALUES AFTER CONFIGURATION
240611-10:38:02	[INFO]	-->> READING VDDM & TEMPERATURE
240611-10:38:09	[INFO]	<<-- FINISHED READING VDDM & TEMPERATURE
240611-10:38:09	[INFO]	--> SETTING THE CALIBRATION TRIM
240611-10:40:10	[INFO]	<<-- FINISHED SETTING THE CALIBRATION TRIM
240611-10:40:10	[INFO]	--> MEASURING ENC AND CHECKING CALIBRATION
240611-11:05:04	[INFO]	PSCAN_ASIC_HW_ADDR_1: pscan_240611_1040_XA-000-08-002-000-006-107-00_HW_1_SET_56_22_118_35_VP_0_255_1_NP_500_elect.txt
240611-11:30:06	[INFO]	PSCAN_ASIC_HW_ADDR_0: pscan_240611_1105_XA-000-08-002-000-006-208-03_HW_0_SET_55_23_118_33_VP_0_255_1_NP_500_elect.txt
240611-11:55:07	[INFO]	PSCAN_ASIC_HW_ADDR_3: pscan_240611_1130_XA-000-08-002-000-006-111-00_HW_3_SET_56_23_118_39_VP_0_255_1_NP_500_elect.txt
240611-12:20:11	[INFO]	PSCAN_ASIC_HW_ADDR_2: pscan_240611_1155_XA-000-08-002-000-006-202-04_HW_2_SET_57_24_118_36_VP_0_255_1_NP_500_elect.txt
240611-12:45:04	[INFO]	PSCAN_ASIC_HW_ADDR_5: pscan_240611_1220_XA-000-08-002-000-006-075-14_HW_5_SET_55_27_118_33_VP_0_255_1_NP_500_elect.txt
240611-13:09:53	[INFO]	PSCAN_ASIC_HW_ADDR_4: pscan_240611_1245_XA-000-08-002-000-006-203-04_HW_4_SET_57_23_118_37_VP_0_255_1_NP_500_elect.txt
240611-13:34:30	[INFO]	PSCAN_ASIC_HW_ADDR_7: pscan_240611_1309_XA-000-08-002-000-006-209-03_HW_7_SET_57_26_118_30_VP_0_255_1_NP_500_elect.txt
240611-13:59:23	[INFO]	PSCAN_ASIC_HW_ADDR_6: pscan_240611_1334_XA-000-08-002-000-006-206-04_HW_6_SET_55_24_118_33_VP_0_255_1_NP_500_elect.txt
240611-14:24:19	[INFO]	PSCAN_ASIC_HW_ADDR_7: pscan_240611_1359_XA-000-08-002-000-005-154-08_HW_7_SET_58_22_118_69_VP_0_255_1_NP_500_holes.txt
240611-14:49:16	[INFO]	PSCAN_ASIC_HW_ADDR_6: pscan_240611_1424_XA-000-08-002-000-005-151-08_HW_6_SET_54_19_118_35_VP_0_255_1_NP_500_holes.txt
240611-15:14:04	[INFO]	PSCAN_ASIC_HW_ADDR_5: pscan_240611_1449_XA-000-08-002-000-006-110-00_HW_5_SET_56_18_118_35_VP_0_255_1_NP_500_holes.txt
240611-15:38:36	[INFO]	PSCAN_ASIC_HW_ADDR_4: pscan_240611_1514_XA-000-08-002-000-005-152-08_HW_4_SET_57_21_118_38_VP_0_255_1_NP_500_holes.txt
240611-16:03:01	[INFO]	PSCAN_ASIC_HW_ADDR_3: pscan_240611_1538_XA-000-08-002-000-005-157-08_HW_3_SET_56_21_118_33_VP_0_255_1_NP_500_holes.txt
240611-16:28:38	[INFO]	PSCAN_ASIC_HW_ADDR_2: pscan_240611_1603_XA-000-08-002-000-005-153-08_HW_2_SET_55_22_118_32_VP_0_255_1_NP_500_holes.txt
240611-16:54:17	[INFO]	PSCAN_ASIC_HW_ADDR_1: pscan_240611_1628_XA-000-08-002-000-005-150-08_HW_1_SET_56_20_118_34_VP_0_255_1_NP_500_holes.txt
240611-17:21:34	[INFO]	PSCAN_ASIC_HW_ADDR_0: pscan_240611_1654_XA-000-08-002-000-005-166-01_HW_0_SET_58_20_118_32_VP_0_255_1_NP_500_holes.txt
240611-17:21:34	[INFO]	<<-- FINISHED MEASURING ENC AND CHECKING CALIBRATION
240611-17:21:34	[INFO]	--> CHECKING CHANNELS' CONNECTIVITY
240611-17:21:34	[INFO]	CONN-CHECK_ASIC_HW_ADDR_1: elect
240611-17:21:55	[INFO]	CONN-CHECK_ASIC_HW_ADDR_0: elect
240611-17:22:15	[INFO]	CONN-CHECK_ASIC_HW_ADDR_3: elect
240611-17:22:35	[INFO]	CONN-CHECK_ASIC_HW_ADDR_2: elect
240611-17:22:56	[INFO]	CONN-CHECK_ASIC_HW_ADDR_5: elect
240611-17:23:16	[INFO]	CONN-CHECK_ASIC_HW_ADDR_4: elect
240611-17:23:36	[INFO]	CONN-CHECK_ASIC_HW_ADDR_7: elect
240611-17:23:56	[INFO]	CONN-CHECK_ASIC_HW_ADDR_6: elect
240611-17:24:17	[INFO]	CONN-CHECK_ASIC_HW_ADDR_7: holes
240611-17:24:37	[INFO]	CONN-CHECK_ASIC_HW_ADDR_6: holes
240611-17:24:57	[INFO]	CONN-CHECK_ASIC_HW_ADDR_5: holes
240611-17:25:18	[INFO]	CONN-CHECK_ASIC_HW_ADDR_4: holes
240611-17:25:38	[INFO]	CONN-CHECK_ASIC_HW_ADDR_3: holes
240611-17:25:58	[INFO]	CONN-CHECK_ASIC_HW_ADDR_2: holes
240611-17:26:19	[INFO]	CONN-CHECK_ASIC_HW_ADDR_1: holes
240611-17:26:39	[INFO]	CONN-CHECK_ASIC_HW_ADDR_0: holes
240611-17:26:59	[INFO]	<<-- FINISHED CHECKING CHANNELS' CONNECTIVITY
240612-12:00:13	MODULE_ID:	M5DL1T1001161A2_240612_1200
240612-12:00:13	[INFO]	TEST_CENTER: GSI
240612-12:00:13	[INFO]	OPERATOR_ID: Dairon Rodriguez Garces
240612-12:00:13	[INFO]	MODULE ID: 	M5DL1T1001161A2
240612-12:00:13	[INFO]	SENSOR_SIZE [mm]: 	42
240612-12:00:13	[INFO]	SENSOR_QGRADE: 	A
240612-12:00:30	[INFO]	-->> RUNNING SYNCHRONIZATION
240612-12:00:57	MODULE_ID:	M5DL1T1001161A2_240612_1200
240612-12:00:57	[INFO]	TEST_CENTER: GSI
240612-12:00:57	[INFO]	OPERATOR_ID: Dairon Rodriguez Garces
240612-12:00:57	[INFO]	MODULE ID: 	M5DL1T1001161A2
240612-12:00:57	[INFO]	SENSOR_SIZE [mm]: 	42
240612-12:00:57	[INFO]	SENSOR_QGRADE: 	A
240612-12:01:11	[INFO]	-->> RUNNING SYNCHRONIZATION
240612-12:01:42	[INFO]	<<-- FINISHED SYNCHRONIZATION
240612-12:01:42	[INFO]	-->> READING LV VALUES BEFORE CONFIGURATION
240612-12:01:42	[INFO]	<<-- FINISHED READING LV VALUES BEFORE CONFIGURATION
240612-12:01:42	[INFO]	-->> LOADING STANDARD CONFIGURATION
240612-12:01:50	[INFO]	<<-- FINISHED LOADING STANDARD CONFIGURATION
240612-12:01:50	[INFO]	-->> READING ASICs ID
240612-12:01:51	[INFO]	<<-- FINISHED READING ASICs ID
240612-12:01:51	[INFO]	-->> LOADING DEFAULT TRIM VALUES
240612-12:02:50	[INFO]	<<-- FINISHED LOADING DEFAULT TRIM VALUES
240612-12:02:50	[INFO]	-->> READING LV VALUES AFTER CONFIGURATION
240612-12:03:00	[INFO]	<<-- FINISHED READING LV VALUES AFTER CONFIGURATION
240612-12:03:00	[INFO]	-->> READING VDDM & TEMPERATURE
240612-12:03:03	[INFO]	<<-- FINISHED READING VDDM & TEMPERATURE
240612-12:03:03	[INFO]	--> CHECKING ENC LONG RUN STABILITY 
240612-12:03:07	[INFO]	--> RUN 0 of CHECKING ENC LONG RUN STABILITY 
240612-12:03:40	[INFO]	--> RUN 1 of CHECKING ENC LONG RUN STABILITY 
240612-12:04:14	[INFO]	--> RUN 2 of CHECKING ENC LONG RUN STABILITY 
240612-12:04:47	[INFO]	--> RUN 3 of CHECKING ENC LONG RUN STABILITY 
240612-12:05:20	[INFO]	--> RUN 4 of CHECKING ENC LONG RUN STABILITY 
240612-12:05:54	[INFO]	--> RUN 5 of CHECKING ENC LONG RUN STABILITY 
240612-12:06:27	[INFO]	--> RUN 6 of CHECKING ENC LONG RUN STABILITY 
240612-12:07:00	[INFO]	--> RUN 7 of CHECKING ENC LONG RUN STABILITY 
240612-12:07:34	[INFO]	--> RUN 8 of CHECKING ENC LONG RUN STABILITY 
240612-12:08:07	[INFO]	--> RUN 9 of CHECKING ENC LONG RUN STABILITY 
240612-12:08:41	[INFO]	--> RUN 10 of CHECKING ENC LONG RUN STABILITY 
240612-12:09:14	[INFO]	--> RUN 11 of CHECKING ENC LONG RUN STABILITY 
240612-12:09:47	[INFO]	--> RUN 12 of CHECKING ENC LONG RUN STABILITY 
240612-12:10:21	[INFO]	--> RUN 13 of CHECKING ENC LONG RUN STABILITY 
240612-12:10:54	[INFO]	--> RUN 14 of CHECKING ENC LONG RUN STABILITY 
240612-12:11:28	[INFO]	--> RUN 15 of CHECKING ENC LONG RUN STABILITY 
240612-12:12:01	[INFO]	--> RUN 16 of CHECKING ENC LONG RUN STABILITY 
240612-12:12:34	[INFO]	--> RUN 17 of CHECKING ENC LONG RUN STABILITY 
240612-12:13:08	[INFO]	--> RUN 18 of CHECKING ENC LONG RUN STABILITY 
240612-12:13:41	[INFO]	--> RUN 19 of CHECKING ENC LONG RUN STABILITY 
240612-12:14:14	[INFO]	--> RUN 20 of CHECKING ENC LONG RUN STABILITY 
240612-12:14:48	[INFO]	--> RUN 21 of CHECKING ENC LONG RUN STABILITY 
240612-12:15:21	[INFO]	--> RUN 22 of CHECKING ENC LONG RUN STABILITY 
240612-12:15:54	[INFO]	--> RUN 23 of CHECKING ENC LONG RUN STABILITY 
240612-12:16:28	[INFO]	--> RUN 24 of CHECKING ENC LONG RUN STABILITY 
240612-12:17:01	[INFO]	--> RUN 25 of CHECKING ENC LONG RUN STABILITY 
240612-12:17:34	[INFO]	--> RUN 26 of CHECKING ENC LONG RUN STABILITY 
240612-12:18:07	[INFO]	--> RUN 27 of CHECKING ENC LONG RUN STABILITY 
240612-12:18:41	[INFO]	--> RUN 28 of CHECKING ENC LONG RUN STABILITY 
240612-12:19:14	[INFO]	--> RUN 29 of CHECKING ENC LONG RUN STABILITY 
240612-12:19:47	[INFO]	--> RUN 30 of CHECKING ENC LONG RUN STABILITY 
240612-12:20:20	[INFO]	--> RUN 31 of CHECKING ENC LONG RUN STABILITY 
240612-12:20:53	[INFO]	--> RUN 32 of CHECKING ENC LONG RUN STABILITY 
240612-12:21:27	[INFO]	--> RUN 33 of CHECKING ENC LONG RUN STABILITY 
240612-12:22:00	[INFO]	--> RUN 34 of CHECKING ENC LONG RUN STABILITY 
240612-12:22:33	[INFO]	--> RUN 35 of CHECKING ENC LONG RUN STABILITY 
240612-12:23:06	[INFO]	--> RUN 36 of CHECKING ENC LONG RUN STABILITY 
240612-12:23:39	[INFO]	--> RUN 37 of CHECKING ENC LONG RUN STABILITY 
240612-12:24:12	[INFO]	--> RUN 38 of CHECKING ENC LONG RUN STABILITY 
240612-12:24:46	[INFO]	--> RUN 39 of CHECKING ENC LONG RUN STABILITY 
240612-12:25:19	[INFO]	--> RUN 40 of CHECKING ENC LONG RUN STABILITY 
240612-12:25:52	[INFO]	--> RUN 41 of CHECKING ENC LONG RUN STABILITY 
240612-12:26:25	[INFO]	--> RUN 42 of CHECKING ENC LONG RUN STABILITY 
240612-12:26:59	[INFO]	--> RUN 43 of CHECKING ENC LONG RUN STABILITY 
240612-12:27:32	[INFO]	--> RUN 44 of CHECKING ENC LONG RUN STABILITY 
240612-12:28:05	[INFO]	--> RUN 45 of CHECKING ENC LONG RUN STABILITY 
240612-12:28:38	[INFO]	--> RUN 46 of CHECKING ENC LONG RUN STABILITY 
240612-12:29:12	[INFO]	--> RUN 47 of CHECKING ENC LONG RUN STABILITY 
240612-12:29:45	[INFO]	--> RUN 48 of CHECKING ENC LONG RUN STABILITY 
240612-12:30:19	[INFO]	--> RUN 49 of CHECKING ENC LONG RUN STABILITY 
240612-12:30:49	[INFO]	<<-- FINISHED ENC LONG RUN STABILITYY
