240618-17:29:53	MODULE_ID:	M4UL6T1010341B2
240618-17:29:53	[INFO]	TEST_CENTER: GSI
240618-17:29:53	[INFO]	OPERATOR_ID: Dairon Rodriguez Garces
240618-17:29:53	[INFO]	MODULE ID: 	M4UL6T1010341B2
240618-17:29:53	[INFO]	SENSOR_SIZE [mm]: 	62
240618-17:29:53	[INFO]	SENSOR_QGRADE: 	C
240618-17:30:24	[INFO]	-->> RUNNING SYNCHRONIZATION
240618-17:30:52	[INFO]	<<-- FINISHED SYNCHRONIZATION
240618-17:30:52	[INFO]	-->> READING LV VALUES BEFORE CONFIGURATION
240618-17:30:53	[INFO]	<<-- FINISHED READING LV VALUES BEFORE CONFIGURATION
240618-17:30:53	[INFO]	-->> LOADING STANDARD CONFIGURATION
240618-17:30:59	[INFO]	<<-- FINISHED LOADING STANDARD CONFIGURATION
240618-17:30:59	[INFO]	-->> READING ASICs ID
240618-17:31:00	[INFO]	<<-- FINISHED READING ASICs ID
240618-17:31:00	[INFO]	-->> READING LV VALUES AFTER CONFIGURATION
240618-17:31:10	[INFO]	<<-- FINISHED READING LV VALUES AFTER CONFIGURATION
240618-17:31:10	[INFO]	-->> READING VDDM & TEMPERATURE
240618-17:31:14	[INFO]	<<-- FINISHED READING VDDM & TEMPERATURE
240618-17:31:14	[INFO]	-->> LOADING DEFAULT TRIM VALUES
240618-17:32:08	[INFO]	<<-- FINISHED LOADING DEFAULT TRIM VALUES
240618-17:32:08	[INFO]	-->> FINDING VREF_P, VREF_N & THR@_GLB FOR CALIBRATION
240618-17:39:03	[INFO]	<<-- FINISHED FINDING VREF_P, VREF_N & THR@_GLB FOR CALIBRATION
240618-17:39:03	[INFO]	--> SETTING THE CALIBRATION PARAMETERS
240618-17:39:03	[INFO]	<<-- FINISHED SETTING THE CALIBRATION PARAMETERS
240618-17:39:03	[INFO]	-->> CALIBRATING THE MODULE
240618-17:48:00	[INFO]	CAL_ASIC_HW_ADDR_7: ftrim_XA-000-08-002-000-005-129-15_HW_7_SET_57_23_118_46_R_30_247_elect.txt
240618-17:56:57	[INFO]	CAL_ASIC_HW_ADDR_6: ftrim_XA-000-08-002-000-005-126-09_HW_6_SET_56_26_118_46_R_30_247_elect.txt
240618-18:05:57	[INFO]	CAL_ASIC_HW_ADDR_5: ftrim_XA-000-08-002-000-005-130-15_HW_5_SET_55_24_118_38_R_30_247_elect.txt
240618-18:15:01	[INFO]	CAL_ASIC_HW_ADDR_4: ftrim_XA-000-08-002-000-000-027-09_HW_4_SET_55_27_118_44_R_30_247_elect.txt
240618-18:24:04	[INFO]	CAL_ASIC_HW_ADDR_3: ftrim_XA-000-08-002-000-005-128-15_HW_3_SET_57_20_118_52_R_30_247_elect.txt
240618-18:33:14	[INFO]	CAL_ASIC_HW_ADDR_2: ftrim_XA-000-08-002-000-000-026-09_HW_2_SET_57_31_118_42_R_30_247_elect.txt
240618-18:42:12	[INFO]	CAL_ASIC_HW_ADDR_1: ftrim_XA-000-08-002-000-005-127-09_HW_1_SET_56_25_118_52_R_30_247_elect.txt
240618-18:52:01	[INFO]	CAL_ASIC_HW_ADDR_0: ftrim_XA-000-08-002-000-000-022-09_HW_0_SET_57_29_118_56_R_30_247_elect.txt
240618-19:01:09	[INFO]	CAL_ASIC_HW_ADDR_1: ftrim_XA-000-08-002-000-006-117-07_HW_1_SET_55_21_118_10_R_30_247_holes.txt
240618-19:10:15	[INFO]	CAL_ASIC_HW_ADDR_0: ftrim_XA-000-08-002-000-000-019-09_HW_0_SET_55_21_118_51_R_30_247_holes.txt
240618-19:19:19	[INFO]	CAL_ASIC_HW_ADDR_3: ftrim_XA-000-08-002-000-006-116-07_HW_3_SET_55_20_118_60_R_30_247_holes.txt
240618-19:28:22	[INFO]	CAL_ASIC_HW_ADDR_2: ftrim_XA-000-08-002-000-000-024-09_HW_2_SET_58_22_118_59_R_30_247_holes.txt
240618-19:37:27	[INFO]	CAL_ASIC_HW_ADDR_5: ftrim_XA-000-08-002-000-006-114-07_HW_5_SET_54_17_118_64_R_30_247_holes.txt
240618-19:46:32	[INFO]	CAL_ASIC_HW_ADDR_4: ftrim_XA-000-08-002-000-000-042-00_HW_4_SET_55_24_118_55_R_30_247_holes.txt
240618-19:55:38	[INFO]	CAL_ASIC_HW_ADDR_7: ftrim_XA-000-08-002-000-006-113-07_HW_7_SET_57_19_118_53_R_30_247_holes.txt
240618-20:04:42	[INFO]	CAL_ASIC_HW_ADDR_6: ftrim_XA-000-08-002-000-000-040-00_HW_6_SET_55_23_118_60_R_30_247_holes.txt
240618-20:04:42	[INFO]	<<-- FINISHED CALIBRATING THE MODULE
240618-20:04:42	[INFO]	--> SETTING THE CALIBRATION TRIM
240618-20:06:39	[INFO]	<<-- FINISHED SETTING THE CALIBRATION TRIM
240618-20:06:39	[INFO]	--> MEASURING ENC AND CHECKING CALIBRATION
240618-20:13:46	[INFO]	PSCAN_ASIC_HW_ADDR_7: pscan_240618_2006_XA-000-08-002-000-005-129-15_HW_7_SET_57_23_118_46_VP_0_255_1_NP_100_elect.txt
240618-20:20:45	[INFO]	PSCAN_ASIC_HW_ADDR_6: pscan_240618_2013_XA-000-08-002-000-005-126-09_HW_6_SET_56_26_118_46_VP_0_255_1_NP_100_elect.txt
240618-20:27:44	[INFO]	PSCAN_ASIC_HW_ADDR_5: pscan_240618_2020_XA-000-08-002-000-005-130-15_HW_5_SET_55_24_118_38_VP_0_255_1_NP_100_elect.txt
240618-20:34:47	[INFO]	PSCAN_ASIC_HW_ADDR_4: pscan_240618_2027_XA-000-08-002-000-000-027-09_HW_4_SET_55_27_118_44_VP_0_255_1_NP_100_elect.txt
240618-20:41:56	[INFO]	PSCAN_ASIC_HW_ADDR_3: pscan_240618_2034_XA-000-08-002-000-005-128-15_HW_3_SET_57_20_118_52_VP_0_255_1_NP_100_elect.txt
240618-20:49:09	[INFO]	PSCAN_ASIC_HW_ADDR_2: pscan_240618_2041_XA-000-08-002-000-000-026-09_HW_2_SET_57_31_118_42_VP_0_255_1_NP_100_elect.txt
240618-20:56:13	[INFO]	PSCAN_ASIC_HW_ADDR_1: pscan_240618_2049_XA-000-08-002-000-005-127-09_HW_1_SET_56_25_118_52_VP_0_255_1_NP_100_elect.txt
240618-21:03:23	[INFO]	PSCAN_ASIC_HW_ADDR_0: pscan_240618_2056_XA-000-08-002-000-000-022-09_HW_0_SET_57_29_118_56_VP_0_255_1_NP_100_elect.txt
240618-21:10:34	[INFO]	PSCAN_ASIC_HW_ADDR_1: pscan_240618_2103_XA-000-08-002-000-006-117-07_HW_1_SET_55_21_118_10_VP_0_255_1_NP_100_holes.txt
240618-21:17:50	[INFO]	PSCAN_ASIC_HW_ADDR_0: pscan_240618_2110_XA-000-08-002-000-000-019-09_HW_0_SET_55_21_118_51_VP_0_255_1_NP_100_holes.txt
240618-21:24:58	[INFO]	PSCAN_ASIC_HW_ADDR_3: pscan_240618_2117_XA-000-08-002-000-006-116-07_HW_3_SET_55_20_118_60_VP_0_255_1_NP_100_holes.txt
240618-21:32:12	[INFO]	PSCAN_ASIC_HW_ADDR_2: pscan_240618_2124_XA-000-08-002-000-000-024-09_HW_2_SET_58_22_118_59_VP_0_255_1_NP_100_holes.txt
240618-21:39:26	[INFO]	PSCAN_ASIC_HW_ADDR_5: pscan_240618_2132_XA-000-08-002-000-006-114-07_HW_5_SET_54_17_118_64_VP_0_255_1_NP_100_holes.txt
240618-21:46:36	[INFO]	PSCAN_ASIC_HW_ADDR_4: pscan_240618_2139_XA-000-08-002-000-000-042-00_HW_4_SET_55_24_118_55_VP_0_255_1_NP_100_holes.txt
240618-21:53:48	[INFO]	PSCAN_ASIC_HW_ADDR_7: pscan_240618_2146_XA-000-08-002-000-006-113-07_HW_7_SET_57_19_118_53_VP_0_255_1_NP_100_holes.txt
240618-22:00:55	[INFO]	PSCAN_ASIC_HW_ADDR_6: pscan_240618_2153_XA-000-08-002-000-000-040-00_HW_6_SET_55_23_118_60_VP_0_255_1_NP_100_holes.txt
240618-22:00:55	[INFO]	<<-- FINISHED MEASURING ENC AND CHECKING CALIBRATION
240619-09:42:19	MODULE_ID:	M4UL6T1010341B2_240619_0942
240619-09:42:19	[INFO]	TEST_CENTER: GSI
240619-09:42:19	[INFO]	OPERATOR_ID: Dairon Rodriguez Garces
240619-09:42:19	[INFO]	MODULE ID: 	M4UL6T1010341B2
240619-09:42:19	[INFO]	SENSOR_SIZE [mm]: 	62
240619-09:42:19	[INFO]	SENSOR_QGRADE: 	C
240619-09:42:32	[INFO]	-->> RUNNING SYNCHRONIZATION
240619-09:43:02	[INFO]	<<-- FINISHED SYNCHRONIZATION
240619-09:43:02	[INFO]	-->> READING LV VALUES BEFORE CONFIGURATION
240619-09:43:02	[INFO]	<<-- FINISHED READING LV VALUES BEFORE CONFIGURATION
240619-09:43:02	[INFO]	-->> LOADING STANDARD CONFIGURATION
240619-09:43:09	[INFO]	<<-- FINISHED LOADING STANDARD CONFIGURATION
240619-09:43:09	[INFO]	-->> READING ASICs ID
240619-09:43:10	[INFO]	<<-- FINISHED READING ASICs ID
240619-09:43:10	[INFO]	-->> READING LV VALUES AFTER CONFIGURATION
240619-09:43:21	[INFO]	<<-- FINISHED READING LV VALUES AFTER CONFIGURATION
240619-09:43:21	[INFO]	-->> READING VDDM & TEMPERATURE
240619-09:43:24	[INFO]	<<-- FINISHED READING VDDM & TEMPERATURE
240619-09:43:24	[INFO]	--> SETTING THE CALIBRATION TRIM
240619-09:45:22	[INFO]	<<-- FINISHED SETTING THE CALIBRATION TRIM
240619-09:45:22	[INFO]	--> CHECKING CHANNELS' CONNECTIVITY
240619-09:45:22	[INFO]	CONN-CHECK_ASIC_HW_ADDR_7: elect
240619-09:45:40	[INFO]	CONN-CHECK_ASIC_HW_ADDR_6: elect
240619-09:45:59	[INFO]	CONN-CHECK_ASIC_HW_ADDR_5: elect
240619-09:46:18	[INFO]	CONN-CHECK_ASIC_HW_ADDR_4: elect
240619-09:46:37	[INFO]	CONN-CHECK_ASIC_HW_ADDR_3: elect
240619-09:46:55	[INFO]	CONN-CHECK_ASIC_HW_ADDR_2: elect
240619-09:47:14	[INFO]	CONN-CHECK_ASIC_HW_ADDR_1: elect
240619-09:47:32	[INFO]	CONN-CHECK_ASIC_HW_ADDR_0: elect
240619-09:47:50	[INFO]	CONN-CHECK_ASIC_HW_ADDR_1: holes
240619-09:48:08	[INFO]	CONN-CHECK_ASIC_HW_ADDR_0: holes
240619-09:48:26	[INFO]	CONN-CHECK_ASIC_HW_ADDR_3: holes
240619-09:48:45	[INFO]	CONN-CHECK_ASIC_HW_ADDR_2: holes
240619-09:49:03	[INFO]	CONN-CHECK_ASIC_HW_ADDR_5: holes
240619-09:49:21	[INFO]	CONN-CHECK_ASIC_HW_ADDR_4: holes
240619-09:49:39	[INFO]	CONN-CHECK_ASIC_HW_ADDR_7: holes
240619-09:49:57	[INFO]	CONN-CHECK_ASIC_HW_ADDR_6: holes
240619-09:50:15	[INFO]	<<-- FINISHED CHECKING CHANNELS' CONNECTIVITY
