240108-17:33:44	MODULE_ID:	M3DL3B2001122B2
240108-17:33:51	[INFO]	TEST_CENTER: GSI
240108-17:34:00	[INFO]	OPERATOR_ID: None
240108-17:34:00	[INFO]	MODULE ID: 	M3DL3B2001122B2
240108-17:34:00	[INFO]	SENSOR_SIZE [mm]: 	42
240108-17:34:00	[INFO]	SENSOR_QGRADE: 	B
240108-17:34:29	[INFO]	-->> RUNNING SYNCHRONIZATION
240108-17:35:20	MODULE_ID:	M3DL3B2001122B2_240108_1735
240108-17:35:32	[INFO]	TEST_CENTER: GSI
240108-17:35:40	[INFO]	OPERATOR_ID: None
240108-17:35:40	[INFO]	MODULE ID: 	M3DL3B2001122B2
240108-17:35:40	[INFO]	SENSOR_SIZE [mm]: 	42
240108-17:35:40	[INFO]	SENSOR_QGRADE: 	B
240108-17:36:04	[INFO]	-->> RUNNING SYNCHRONIZATION
240108-17:36:29	[INFO]	<<-- FINISHED SYNCHRONIZATION
240108-17:36:29	[INFO]	-->> READING LV VALUES BEFORE CONFIGURATION
240108-17:36:31	[INFO]	<<-- FINISHED READING LV VALUES BEFORE CONFIGURATION
240108-17:36:31	[INFO]	-->> LOADING STANDARD CONFIGURATION
240108-17:36:36	[INFO]	<<-- FINISHED LOADING STANDARD CONFIGURATION
240108-17:36:36	[INFO]	-->> READING ASICs ID
240108-17:36:36	[INFO]	<<-- FINISHED READING ASICs ID
240108-17:36:36	[INFO]	-->> LOADING DEFAULT TRIM VALUES
240108-17:37:15	[INFO]	<<-- FINISHED LOADING DEFAULT TRIM VALUES
240108-17:37:15	[INFO]	-->> READING LV VALUES AFTER CONFIGURATION
240108-17:37:27	[INFO]	<<-- FINISHED READING LV VALUES AFTER CONFIGURATION
240108-17:37:27	[INFO]	-->> READING VDDM & TEMPERATURE
240108-17:37:33	[INFO]	<<-- FINISHED READING VDDM & TEMPERATURE
240108-17:37:33	[INFO]	-->> LOADING DEFAULT TRIM VALUES
240108-17:38:12	[INFO]	<<-- FINISHED LOADING DEFAULT TRIM VALUES
240108-17:38:12	[INFO]	-->> FINDING VREF_P, VREF_N & THR@_GLB FOR CALIBRATION
240108-17:39:22	MODULE_ID:	M3DL3B2001122B2_240108_1739
240108-17:39:28	[INFO]	TEST_CENTER: GSI
240108-17:39:40	[INFO]	OPERATOR_ID: None
240108-17:39:40	[INFO]	MODULE ID: 	M3DL3B2001122B2
240108-17:39:40	[INFO]	SENSOR_SIZE [mm]: 	42
240108-17:39:40	[INFO]	SENSOR_QGRADE: 	B
240108-17:39:55	[INFO]	-->> RUNNING SYNCHRONIZATION
240108-17:40:23	[INFO]	<<-- FINISHED SYNCHRONIZATION
240108-17:40:23	[INFO]	-->> READING LV VALUES BEFORE CONFIGURATION
240108-17:40:24	[INFO]	<<-- FINISHED READING LV VALUES BEFORE CONFIGURATION
240108-17:40:24	[INFO]	-->> LOADING STANDARD CONFIGURATION
240108-17:40:32	[INFO]	<<-- FINISHED LOADING STANDARD CONFIGURATION
240108-17:40:32	[INFO]	-->> READING ASICs ID
240108-17:40:33	[INFO]	<<-- FINISHED READING ASICs ID
240108-17:40:33	[INFO]	-->> LOADING DEFAULT TRIM VALUES
240108-17:41:24	[INFO]	<<-- FINISHED LOADING DEFAULT TRIM VALUES
240108-17:41:24	[INFO]	-->> READING LV VALUES AFTER CONFIGURATION
240108-17:41:36	[INFO]	<<-- FINISHED READING LV VALUES AFTER CONFIGURATION
240108-17:41:36	[INFO]	-->> READING VDDM & TEMPERATURE
240108-17:41:42	[INFO]	<<-- FINISHED READING VDDM & TEMPERATURE
240108-17:48:00	MODULE_ID:	M3DL3B2001122B2_240108_1748
240108-17:48:12	[INFO]	TEST_CENTER: GSI
240108-17:48:19	[INFO]	OPERATOR_ID: None
240108-17:48:19	[INFO]	MODULE ID: 	M3DL3B2001122B2
240108-17:48:19	[INFO]	SENSOR_SIZE [mm]: 	42
240108-17:48:19	[INFO]	SENSOR_QGRADE: 	B
240108-17:48:41	[INFO]	-->> RUNNING SYNCHRONIZATION
240108-17:49:07	[INFO]	<<-- FINISHED SYNCHRONIZATION
240108-17:49:07	[INFO]	-->> READING LV VALUES BEFORE CONFIGURATION
240108-17:49:08	[INFO]	<<-- FINISHED READING LV VALUES BEFORE CONFIGURATION
240108-17:49:08	[INFO]	-->> LOADING STANDARD CONFIGURATION
240108-17:49:13	[INFO]	<<-- FINISHED LOADING STANDARD CONFIGURATION
240108-17:49:13	[INFO]	-->> READING ASICs ID
240108-17:49:14	[INFO]	<<-- FINISHED READING ASICs ID
240108-17:49:14	[INFO]	-->> READING LV VALUES AFTER CONFIGURATION
240108-17:49:25	[INFO]	<<-- FINISHED READING LV VALUES AFTER CONFIGURATION
240108-17:49:25	[INFO]	-->> READING VDDM & TEMPERATURE
240108-17:49:30	[INFO]	<<-- FINISHED READING VDDM & TEMPERATURE
240108-17:49:30	[INFO]	-->> LOADING DEFAULT TRIM VALUES
240108-17:50:10	[INFO]	<<-- FINISHED LOADING DEFAULT TRIM VALUES
240108-17:50:10	[INFO]	-->> FINDING VREF_P, VREF_N & THR@_GLB FOR CALIBRATION
240108-17:55:48	[INFO]	<<-- FINISHED FINDING VREF_P, VREF_N & THR@_GLB FOR CALIBRATION
240108-17:55:48	[INFO]	--> SETTING THE CALIBRATION PARAMETERS
240108-17:55:48	[INFO]	<<-- FINISHED SETTING THE CALIBRATION PARAMETERS
240108-17:55:48	[INFO]	-->> CALIBRATING THE MODULE
240108-18:02:04	[INFO]	CAL_ASIC_HW_ADDR_0: ftrim_XA-000-08-001-064-051-000-04_HW_0_SET_54_23_118_36_R_30_247_elect.txt
240108-18:08:20	[INFO]	CAL_ASIC_HW_ADDR_1: ftrim_XA-000-08-002-001-008-214-02_HW_1_SET_56_26_118_30_R_30_247_elect.txt
240108-18:14:36	[INFO]	CAL_ASIC_HW_ADDR_2: ftrim_XA-000-08-001-064-050-248-15_HW_2_SET_56_24_118_33_R_30_247_elect.txt
240108-18:20:51	[INFO]	CAL_ASIC_HW_ADDR_3: ftrim_XA-000-08-001-064-051-008-04_HW_3_SET_57_25_118_32_R_30_247_elect.txt
240108-18:27:08	[INFO]	CAL_ASIC_HW_ADDR_4: ftrim_XA-000-08-001-064-050-224-08_HW_4_SET_56_25_118_38_R_30_247_elect.txt
240108-18:33:24	[INFO]	CAL_ASIC_HW_ADDR_5: ftrim_XA-000-08-001-064-051-040-10_HW_5_SET_57_25_118_29_R_30_247_elect.txt
240108-18:39:40	[INFO]	CAL_ASIC_HW_ADDR_6: ftrim_XA-000-08-001-064-050-232-08_HW_6_SET_56_26_118_40_R_30_247_elect.txt
240108-18:45:55	[INFO]	CAL_ASIC_HW_ADDR_7: ftrim_XA-000-08-001-064-051-016-03_HW_7_SET_55_21_118_40_R_30_247_elect.txt
240108-18:52:09	[INFO]	CAL_ASIC_HW_ADDR_0: ftrim_XA-000-08-001-064-050-240-15_HW_0_SET_56_19_118_34_R_30_247_holes.txt
240108-18:58:26	[INFO]	CAL_ASIC_HW_ADDR_1: ftrim_XA-000-08-002-002-006-003-02_HW_1_SET_55_21_118_49_R_30_247_holes.txt
240108-19:04:44	[INFO]	CAL_ASIC_HW_ADDR_2: ftrim_XA-000-08-001-064-051-048-13_HW_2_SET_56_17_118_35_R_30_247_holes.txt
240108-19:11:04	[INFO]	CAL_ASIC_HW_ADDR_3: ftrim_XA-000-08-001-064-050-176-10_HW_3_SET_57_20_118_31_R_30_247_holes.txt
240108-19:17:17	[INFO]	CAL_ASIC_HW_ADDR_4: ftrim_XA-000-08-001-064-052-072-09_HW_4_SET_55_19_118_35_R_30_247_holes.txt
240108-19:23:34	[INFO]	CAL_ASIC_HW_ADDR_5: ftrim_XA-000-08-001-064-052-056-05_HW_5_SET_55_20_118_37_R_30_247_holes.txt
240108-19:29:50	[INFO]	CAL_ASIC_HW_ADDR_6: ftrim_XA-000-08-001-064-052-064-09_HW_6_SET_57_19_118_30_R_30_247_holes.txt
240108-19:36:06	[INFO]	CAL_ASIC_HW_ADDR_7: ftrim_XA-000-08-001-064-050-208-01_HW_7_SET_56_22_118_29_R_30_247_holes.txt
240108-19:36:06	[INFO]	<<-- FINISHED CALIBRATING THE MODULE
240108-19:36:06	[INFO]	--> SETTING THE CALIBRATION TRIM
240108-19:37:23	[INFO]	<<-- FINISHED SETTING THE CALIBRATION TRIM
240108-19:37:23	[INFO]	--> MEASURING ENC AND CHECKING CALIBRATION
240108-19:42:47	[INFO]	PSCAN_ASIC_HW_ADDR_0: pscan_240108_1937_XA-000-08-001-064-051-000-04_HW_0_SET_54_23_118_36_VP_0_255_1_NP_100_elect.txt
240108-19:48:14	[INFO]	PSCAN_ASIC_HW_ADDR_1: pscan_240108_1942_XA-000-08-002-001-008-214-02_HW_1_SET_56_26_118_30_VP_0_255_1_NP_100_elect.txt
240108-19:53:40	[INFO]	PSCAN_ASIC_HW_ADDR_2: pscan_240108_1948_XA-000-08-001-064-050-248-15_HW_2_SET_56_24_118_33_VP_0_255_1_NP_100_elect.txt
240108-19:59:05	[INFO]	PSCAN_ASIC_HW_ADDR_3: pscan_240108_1953_XA-000-08-001-064-051-008-04_HW_3_SET_57_25_118_32_VP_0_255_1_NP_100_elect.txt
240108-20:04:27	[INFO]	PSCAN_ASIC_HW_ADDR_4: pscan_240108_1959_XA-000-08-001-064-050-224-08_HW_4_SET_56_25_118_38_VP_0_255_1_NP_100_elect.txt
240108-20:09:52	[INFO]	PSCAN_ASIC_HW_ADDR_5: pscan_240108_2004_XA-000-08-001-064-051-040-10_HW_5_SET_57_25_118_29_VP_0_255_1_NP_100_elect.txt
240108-20:15:16	[INFO]	PSCAN_ASIC_HW_ADDR_6: pscan_240108_2009_XA-000-08-001-064-050-232-08_HW_6_SET_56_26_118_40_VP_0_255_1_NP_100_elect.txt
240108-20:20:41	[INFO]	PSCAN_ASIC_HW_ADDR_7: pscan_240108_2015_XA-000-08-001-064-051-016-03_HW_7_SET_55_21_118_40_VP_0_255_1_NP_100_elect.txt
240108-20:26:04	[INFO]	PSCAN_ASIC_HW_ADDR_0: pscan_240108_2020_XA-000-08-001-064-050-240-15_HW_0_SET_56_19_118_34_VP_0_255_1_NP_100_holes.txt
240108-20:31:30	[INFO]	PSCAN_ASIC_HW_ADDR_1: pscan_240108_2026_XA-000-08-002-002-006-003-02_HW_1_SET_55_21_118_49_VP_0_255_1_NP_100_holes.txt
240108-20:36:55	[INFO]	PSCAN_ASIC_HW_ADDR_2: pscan_240108_2031_XA-000-08-001-064-051-048-13_HW_2_SET_56_17_118_35_VP_0_255_1_NP_100_holes.txt
240108-20:42:21	[INFO]	PSCAN_ASIC_HW_ADDR_3: pscan_240108_2036_XA-000-08-001-064-050-176-10_HW_3_SET_57_20_118_31_VP_0_255_1_NP_100_holes.txt
240108-20:47:44	[INFO]	PSCAN_ASIC_HW_ADDR_4: pscan_240108_2042_XA-000-08-001-064-052-072-09_HW_4_SET_55_19_118_35_VP_0_255_1_NP_100_holes.txt
240108-20:53:11	[INFO]	PSCAN_ASIC_HW_ADDR_5: pscan_240108_2047_XA-000-08-001-064-052-056-05_HW_5_SET_55_20_118_37_VP_0_255_1_NP_100_holes.txt
240108-20:58:34	[INFO]	PSCAN_ASIC_HW_ADDR_6: pscan_240108_2053_XA-000-08-001-064-052-064-09_HW_6_SET_57_19_118_30_VP_0_255_1_NP_100_holes.txt
240108-21:03:59	[INFO]	PSCAN_ASIC_HW_ADDR_7: pscan_240108_2058_XA-000-08-001-064-050-208-01_HW_7_SET_56_22_118_29_VP_0_255_1_NP_100_holes.txt
240108-21:03:59	[INFO]	<<-- FINISHED MEASURING ENC AND CHECKING CALIBRATION
240109-09:49:14	MODULE_ID:	M3DL3B2001122B2_240109_0949
240109-09:49:21	[INFO]	TEST_CENTER: GSI
240109-09:49:30	[INFO]	OPERATOR_ID: None
240109-09:49:30	[INFO]	MODULE ID: 	M3DL3B2001122B2
240109-09:49:30	[INFO]	SENSOR_SIZE [mm]: 	42
240109-09:49:30	[INFO]	SENSOR_QGRADE: 	B
240109-09:49:54	[INFO]	-->> RUNNING SYNCHRONIZATION
240109-09:50:20	[INFO]	<<-- FINISHED SYNCHRONIZATION
240109-09:50:20	[INFO]	-->> READING LV VALUES BEFORE CONFIGURATION
240109-09:50:21	[INFO]	<<-- FINISHED READING LV VALUES BEFORE CONFIGURATION
240109-09:50:21	[INFO]	-->> LOADING STANDARD CONFIGURATION
240109-09:50:26	[INFO]	<<-- FINISHED LOADING STANDARD CONFIGURATION
240109-09:50:26	[INFO]	-->> READING ASICs ID
240109-09:50:27	[INFO]	<<-- FINISHED READING ASICs ID
240109-09:50:27	[INFO]	-->> READING LV VALUES AFTER CONFIGURATION
240109-09:50:38	[INFO]	<<-- FINISHED READING LV VALUES AFTER CONFIGURATION
240109-09:50:38	[INFO]	-->> READING VDDM & TEMPERATURE
240109-09:50:44	[INFO]	<<-- FINISHED READING VDDM & TEMPERATURE
240109-09:50:44	[INFO]	--> SETTING THE CALIBRATION TRIM
240109-09:52:05	[INFO]	<<-- FINISHED SETTING THE CALIBRATION TRIM
240109-09:52:05	[INFO]	--> CHECKING CHANNELS' CONNECTIVITY
240109-09:52:05	[INFO]	CONN-CHECK_ASIC_HW_ADDR_0: elect
240109-09:52:18	[INFO]	CONN-CHECK_ASIC_HW_ADDR_1: elect
240109-09:52:31	[INFO]	CONN-CHECK_ASIC_HW_ADDR_2: elect
240109-09:52:43	[INFO]	CONN-CHECK_ASIC_HW_ADDR_3: elect
240109-09:52:56	[INFO]	CONN-CHECK_ASIC_HW_ADDR_4: elect
240109-09:53:08	[INFO]	CONN-CHECK_ASIC_HW_ADDR_5: elect
240109-09:53:21	[INFO]	CONN-CHECK_ASIC_HW_ADDR_6: elect
240109-09:53:33	[INFO]	CONN-CHECK_ASIC_HW_ADDR_7: elect
240109-09:53:45	[INFO]	CONN-CHECK_ASIC_HW_ADDR_0: holes
240109-09:53:58	[INFO]	CONN-CHECK_ASIC_HW_ADDR_1: holes
240109-09:54:10	[INFO]	CONN-CHECK_ASIC_HW_ADDR_2: holes
240109-09:54:21	[INFO]	CONN-CHECK_ASIC_HW_ADDR_3: holes
240109-09:54:33	[INFO]	CONN-CHECK_ASIC_HW_ADDR_4: holes
240109-09:54:45	[INFO]	CONN-CHECK_ASIC_HW_ADDR_5: holes
240109-09:54:56	[INFO]	CONN-CHECK_ASIC_HW_ADDR_6: holes
240109-09:55:08	[INFO]	CONN-CHECK_ASIC_HW_ADDR_7: holes
240109-09:55:20	[INFO]	<<-- FINISHED CHECKING CHANNELS' CONNECTIVITY
