240410-16:37:27	MODULE_ID:	M5DL3B1001171B2
240410-16:37:27	[INFO]	TEST_CENTER: GSI
240410-16:37:27	[INFO]	OPERATOR_ID: Dairon Rodriguez Garces
240410-16:37:27	[INFO]	MODULE ID: 	M5DL3B1001171B2
240410-16:37:27	[INFO]	SENSOR_SIZE [mm]: 	62
240410-16:37:27	[INFO]	SENSOR_QGRADE: 	B
240410-16:37:51	[INFO]	-->> RUNNING SYNCHRONIZATION
240410-16:38:20	[INFO]	<<-- FINISHED SYNCHRONIZATION
240410-16:38:20	[INFO]	-->> READING LV VALUES BEFORE CONFIGURATION
240410-16:38:21	[INFO]	<<-- FINISHED READING LV VALUES BEFORE CONFIGURATION
240410-16:38:21	[INFO]	-->> LOADING STANDARD CONFIGURATION
240410-16:38:28	[INFO]	<<-- FINISHED LOADING STANDARD CONFIGURATION
240410-16:38:28	[INFO]	-->> READING ASICs ID
240410-16:38:29	[INFO]	<<-- FINISHED READING ASICs ID
240410-16:38:29	[INFO]	-->> READING LV VALUES AFTER CONFIGURATION
240410-16:38:39	[INFO]	<<-- FINISHED READING LV VALUES AFTER CONFIGURATION
240410-16:38:39	[INFO]	-->> READING VDDM & TEMPERATURE
240410-16:38:45	[INFO]	<<-- FINISHED READING VDDM & TEMPERATURE
240410-16:38:45	[INFO]	-->> LOADING DEFAULT TRIM VALUES
240410-16:39:40	[INFO]	<<-- FINISHED LOADING DEFAULT TRIM VALUES
240410-16:39:40	[INFO]	-->> FINDING VREF_P, VREF_N & THR@_GLB FOR CALIBRATION
240410-16:46:33	[INFO]	<<-- FINISHED FINDING VREF_P, VREF_N & THR@_GLB FOR CALIBRATION
240410-16:46:33	[INFO]	--> SETTING THE CALIBRATION PARAMETERS
240410-16:46:33	[INFO]	<<-- FINISHED SETTING THE CALIBRATION PARAMETERS
240410-16:46:33	[INFO]	-->> CALIBRATING THE MODULE
240410-16:55:47	[INFO]	CAL_ASIC_HW_ADDR_7: ftrim_XA-000-08-002-000-004-030-15_HW_7_SET_56_22_118_34_R_30_247_elect.txt
240410-17:04:55	[INFO]	CAL_ASIC_HW_ADDR_6: ftrim_XA-000-08-002-000-004-061-01_HW_6_SET_57_24_118_35_R_30_247_elect.txt
240410-17:13:59	[INFO]	CAL_ASIC_HW_ADDR_5: ftrim_XA-000-08-002-000-004-027-15_HW_5_SET_56_23_118_39_R_30_247_elect.txt
240410-17:23:04	[INFO]	CAL_ASIC_HW_ADDR_4: ftrim_XA-000-08-002-000-004-060-01_HW_4_SET_57_24_118_42_R_30_247_elect.txt
240410-17:32:07	[INFO]	CAL_ASIC_HW_ADDR_3: ftrim_XA-000-08-002-000-004-026-15_HW_3_SET_57_22_118_37_R_30_247_elect.txt
240410-17:41:08	[INFO]	CAL_ASIC_HW_ADDR_2: ftrim_XA-000-08-002-000-004-064-13_HW_2_SET_56_21_118_43_R_30_247_elect.txt
240410-17:50:12	[INFO]	CAL_ASIC_HW_ADDR_1: ftrim_XA-000-08-002-000-004-025-15_HW_1_SET_57_21_118_33_R_30_247_elect.txt
240410-17:59:14	[INFO]	CAL_ASIC_HW_ADDR_0: ftrim_XA-000-08-002-000-004-062-01_HW_0_SET_55_23_118_40_R_30_247_elect.txt
240410-18:08:18	[INFO]	CAL_ASIC_HW_ADDR_1: ftrim_XA-000-08-002-000-005-011-05_HW_1_SET_57_22_118_10_R_30_247_holes.txt
240410-18:17:21	[INFO]	CAL_ASIC_HW_ADDR_0: ftrim_XA-000-08-002-000-003-176-03_HW_0_SET_56_20_118_35_R_30_247_holes.txt
240410-18:26:26	[INFO]	CAL_ASIC_HW_ADDR_3: ftrim_XA-000-08-002-000-000-254-08_HW_3_SET_56_21_118_42_R_30_247_holes.txt
240410-18:35:31	[INFO]	CAL_ASIC_HW_ADDR_2: ftrim_XA-000-08-002-000-004-031-15_HW_2_SET_56_19_118_37_R_30_247_holes.txt
240410-18:44:36	[INFO]	CAL_ASIC_HW_ADDR_5: ftrim_XA-000-08-002-000-000-255-08_HW_5_SET_58_22_118_45_R_30_247_holes.txt
240410-18:53:39	[INFO]	CAL_ASIC_HW_ADDR_4: ftrim_XA-000-08-002-000-004-023-15_HW_4_SET_57_19_118_44_R_30_247_holes.txt
240410-19:02:43	[INFO]	CAL_ASIC_HW_ADDR_7: ftrim_XA-000-08-002-000-003-175-04_HW_7_SET_58_22_118_45_R_30_247_holes.txt
240410-19:11:50	[INFO]	CAL_ASIC_HW_ADDR_6: ftrim_XA-000-08-002-000-003-072-05_HW_6_SET_57_18_118_43_R_30_247_holes.txt
240410-19:11:50	[INFO]	<<-- FINISHED CALIBRATING THE MODULE
240410-19:11:50	[INFO]	--> SETTING THE CALIBRATION TRIM
240410-19:13:42	[INFO]	<<-- FINISHED SETTING THE CALIBRATION TRIM
240410-19:13:42	[INFO]	--> MEASURING ENC AND CHECKING CALIBRATION
240410-19:20:41	[INFO]	PSCAN_ASIC_HW_ADDR_7: pscan_240410_1913_XA-000-08-002-000-004-030-15_HW_7_SET_56_22_118_34_VP_0_255_1_NP_100_elect.txt
240410-19:27:39	[INFO]	PSCAN_ASIC_HW_ADDR_6: pscan_240410_1920_XA-000-08-002-000-004-061-01_HW_6_SET_57_24_118_35_VP_0_255_1_NP_100_elect.txt
240410-19:34:38	[INFO]	PSCAN_ASIC_HW_ADDR_5: pscan_240410_1927_XA-000-08-002-000-004-027-15_HW_5_SET_56_23_118_39_VP_0_255_1_NP_100_elect.txt
240410-19:41:36	[INFO]	PSCAN_ASIC_HW_ADDR_4: pscan_240410_1934_XA-000-08-002-000-004-060-01_HW_4_SET_57_24_118_42_VP_0_255_1_NP_100_elect.txt
240410-19:48:33	[INFO]	PSCAN_ASIC_HW_ADDR_3: pscan_240410_1941_XA-000-08-002-000-004-026-15_HW_3_SET_57_22_118_37_VP_0_255_1_NP_100_elect.txt
240410-19:55:31	[INFO]	PSCAN_ASIC_HW_ADDR_2: pscan_240410_1948_XA-000-08-002-000-004-064-13_HW_2_SET_56_21_118_43_VP_0_255_1_NP_100_elect.txt
240410-20:02:27	[INFO]	PSCAN_ASIC_HW_ADDR_1: pscan_240410_1955_XA-000-08-002-000-004-025-15_HW_1_SET_57_21_118_33_VP_0_255_1_NP_100_elect.txt
240410-20:09:22	[INFO]	PSCAN_ASIC_HW_ADDR_0: pscan_240410_2002_XA-000-08-002-000-004-062-01_HW_0_SET_55_23_118_40_VP_0_255_1_NP_100_elect.txt
240410-20:16:18	[INFO]	PSCAN_ASIC_HW_ADDR_1: pscan_240410_2009_XA-000-08-002-000-005-011-05_HW_1_SET_57_22_118_10_VP_0_255_1_NP_100_holes.txt
240410-20:23:15	[INFO]	PSCAN_ASIC_HW_ADDR_0: pscan_240410_2016_XA-000-08-002-000-003-176-03_HW_0_SET_56_20_118_35_VP_0_255_1_NP_100_holes.txt
240410-20:30:11	[INFO]	PSCAN_ASIC_HW_ADDR_3: pscan_240410_2023_XA-000-08-002-000-000-254-08_HW_3_SET_56_21_118_42_VP_0_255_1_NP_100_holes.txt
240410-20:37:09	[INFO]	PSCAN_ASIC_HW_ADDR_2: pscan_240410_2030_XA-000-08-002-000-004-031-15_HW_2_SET_56_19_118_37_VP_0_255_1_NP_100_holes.txt
240410-20:44:07	[INFO]	PSCAN_ASIC_HW_ADDR_5: pscan_240410_2037_XA-000-08-002-000-000-255-08_HW_5_SET_58_22_118_45_VP_0_255_1_NP_100_holes.txt
240410-20:51:04	[INFO]	PSCAN_ASIC_HW_ADDR_4: pscan_240410_2044_XA-000-08-002-000-004-023-15_HW_4_SET_57_19_118_44_VP_0_255_1_NP_100_holes.txt
240410-20:58:02	[INFO]	PSCAN_ASIC_HW_ADDR_7: pscan_240410_2051_XA-000-08-002-000-003-175-04_HW_7_SET_58_22_118_45_VP_0_255_1_NP_100_holes.txt
240410-21:05:01	[INFO]	PSCAN_ASIC_HW_ADDR_6: pscan_240410_2058_XA-000-08-002-000-003-072-05_HW_6_SET_57_18_118_43_VP_0_255_1_NP_100_holes.txt
240410-21:05:01	[INFO]	<<-- FINISHED MEASURING ENC AND CHECKING CALIBRATION
240411-08:59:06	MODULE_ID:	M5DL3B1001171B2_240411_0859
240411-08:59:06	[INFO]	TEST_CENTER: GSI
240411-08:59:06	[INFO]	OPERATOR_ID: Dairon Rodriguez Garces
240411-08:59:06	[INFO]	MODULE ID: 	M5DL3B1001171B2
240411-08:59:06	[INFO]	SENSOR_SIZE [mm]: 	62
240411-08:59:06	[INFO]	SENSOR_QGRADE: 	B
240411-08:59:21	[INFO]	-->> RUNNING SYNCHRONIZATION
240411-08:59:51	[INFO]	<<-- FINISHED SYNCHRONIZATION
240411-08:59:51	[INFO]	-->> READING LV VALUES BEFORE CONFIGURATION
240411-08:59:52	[INFO]	<<-- FINISHED READING LV VALUES BEFORE CONFIGURATION
240411-08:59:52	[INFO]	-->> LOADING STANDARD CONFIGURATION
240411-08:59:59	[INFO]	<<-- FINISHED LOADING STANDARD CONFIGURATION
240411-08:59:59	[INFO]	-->> READING ASICs ID
240411-09:00:00	[INFO]	<<-- FINISHED READING ASICs ID
240411-09:00:00	[INFO]	-->> READING LV VALUES AFTER CONFIGURATION
240411-09:00:10	[INFO]	<<-- FINISHED READING LV VALUES AFTER CONFIGURATION
240411-09:00:10	[INFO]	-->> READING VDDM & TEMPERATURE
240411-09:00:17	[INFO]	<<-- FINISHED READING VDDM & TEMPERATURE
240411-09:00:17	[INFO]	--> SETTING THE CALIBRATION TRIM
240411-09:02:18	[INFO]	<<-- FINISHED SETTING THE CALIBRATION TRIM
240411-09:02:18	[INFO]	--> CHECKING CHANNELS' CONNECTIVITY
240411-09:02:18	[INFO]	CONN-CHECK_ASIC_HW_ADDR_7: elect
240411-09:02:37	[INFO]	CONN-CHECK_ASIC_HW_ADDR_6: elect
240411-09:02:56	[INFO]	CONN-CHECK_ASIC_HW_ADDR_5: elect
240411-09:03:16	[INFO]	CONN-CHECK_ASIC_HW_ADDR_4: elect
240411-09:03:35	[INFO]	CONN-CHECK_ASIC_HW_ADDR_3: elect
240411-09:03:54	[INFO]	CONN-CHECK_ASIC_HW_ADDR_2: elect
240411-09:04:14	[INFO]	CONN-CHECK_ASIC_HW_ADDR_1: elect
240411-09:04:33	[INFO]	CONN-CHECK_ASIC_HW_ADDR_0: elect
240411-09:04:51	[INFO]	CONN-CHECK_ASIC_HW_ADDR_1: holes
240411-09:05:10	[INFO]	CONN-CHECK_ASIC_HW_ADDR_0: holes
240411-09:05:29	[INFO]	CONN-CHECK_ASIC_HW_ADDR_3: holes
240411-09:05:49	[INFO]	CONN-CHECK_ASIC_HW_ADDR_2: holes
240411-09:06:07	[INFO]	CONN-CHECK_ASIC_HW_ADDR_5: holes
240411-09:06:25	[INFO]	CONN-CHECK_ASIC_HW_ADDR_4: holes
240411-09:06:43	[INFO]	CONN-CHECK_ASIC_HW_ADDR_7: holes
240411-09:07:03	[INFO]	CONN-CHECK_ASIC_HW_ADDR_6: holes
240411-09:07:22	[INFO]	<<-- FINISHED CHECKING CHANNELS' CONNECTIVITY
240411-10:55:18	MODULE_ID:	M5DL3B1001171B2_240411_1055
240411-10:55:18	[INFO]	TEST_CENTER: GSI
240411-10:55:18	[INFO]	OPERATOR_ID: Dairon Rodriguez Garces
240411-10:55:18	[INFO]	MODULE ID: 	M5DL3B1001171B2
240411-10:55:18	[INFO]	SENSOR_SIZE [mm]: 	62
240411-10:55:18	[INFO]	SENSOR_QGRADE: 	B
240411-10:55:45	[INFO]	-->> RUNNING SYNCHRONIZATION
240411-10:56:14	[INFO]	<<-- FINISHED SYNCHRONIZATION
240411-10:56:14	[INFO]	-->> READING LV VALUES BEFORE CONFIGURATION
240411-10:56:15	[INFO]	<<-- FINISHED READING LV VALUES BEFORE CONFIGURATION
240411-10:56:15	[INFO]	-->> LOADING STANDARD CONFIGURATION
240411-10:56:22	[INFO]	<<-- FINISHED LOADING STANDARD CONFIGURATION
240411-10:56:22	[INFO]	-->> READING ASICs ID
240411-10:56:23	[INFO]	<<-- FINISHED READING ASICs ID
240411-10:56:23	[INFO]	-->> LOADING DEFAULT TRIM VALUES
240411-10:56:50	[INFO]	<<-- FINISHED LOADING DEFAULT TRIM VALUES
240411-10:56:50	[INFO]	-->> READING LV VALUES AFTER CONFIGURATION
240411-10:57:00	[INFO]	<<-- FINISHED READING LV VALUES AFTER CONFIGURATION
240411-10:57:00	[INFO]	-->> READING VDDM & TEMPERATURE
240411-10:57:06	[INFO]	<<-- FINISHED READING VDDM & TEMPERATURE
240411-10:57:06	[INFO]	--> MEASURING ENC AND CHECKING CALIBRATION
240411-11:04:06	[INFO]	PSCAN_ASIC_HW_ADDR_1: pscan_240411_1057_XA-000-08-002-000-005-011-05_HW_1_SET_58_22_118_40_VP_0_255_1_NP_100_holes.txt
240411-11:11:05	[INFO]	PSCAN_ASIC_HW_ADDR_0: pscan_240411_1104_XA-000-08-002-000-003-176-03_HW_0_SET_58_22_118_40_VP_0_255_1_NP_100_holes.txt
240411-11:18:07	[INFO]	PSCAN_ASIC_HW_ADDR_3: pscan_240411_1111_XA-000-08-002-000-000-254-08_HW_3_SET_58_22_118_40_VP_0_255_1_NP_100_holes.txt
240411-11:40:10	MODULE_ID:	M5DL3B1001171B2_240411_1140
240411-11:40:10	[INFO]	TEST_CENTER: GSI
240411-11:40:10	[INFO]	OPERATOR_ID: Dairon Rodriguez Garces
240411-11:40:10	[INFO]	MODULE ID: 	M5DL3B1001171B2
240411-11:40:10	[INFO]	SENSOR_SIZE [mm]: 	62
240411-11:40:10	[INFO]	SENSOR_QGRADE: 	B
240411-11:40:38	[INFO]	-->> RUNNING SYNCHRONIZATION
240411-11:41:07	[INFO]	<<-- FINISHED SYNCHRONIZATION
240411-11:41:07	[INFO]	-->> READING LV VALUES BEFORE CONFIGURATION
240411-11:41:08	[INFO]	<<-- FINISHED READING LV VALUES BEFORE CONFIGURATION
240411-11:41:08	[INFO]	-->> LOADING STANDARD CONFIGURATION
240411-11:41:15	[INFO]	<<-- FINISHED LOADING STANDARD CONFIGURATION
240411-11:41:15	[INFO]	-->> READING ASICs ID
240411-11:41:16	[INFO]	<<-- FINISHED READING ASICs ID
240411-11:41:16	[INFO]	-->> LOADING DEFAULT TRIM VALUES
240411-11:41:19	[INFO]	<<-- FINISHED LOADING DEFAULT TRIM VALUES
240411-11:41:19	[INFO]	-->> READING LV VALUES AFTER CONFIGURATION
240411-11:41:29	[INFO]	<<-- FINISHED READING LV VALUES AFTER CONFIGURATION
240411-11:41:29	[INFO]	-->> READING VDDM & TEMPERATURE
240411-11:41:36	[INFO]	<<-- FINISHED READING VDDM & TEMPERATURE
240411-11:41:36	[INFO]	--> MEASURING ENC AND CHECKING CALIBRATION
240411-11:48:43	[INFO]	PSCAN_ASIC_HW_ADDR_3: pscan_240411_1141_XA-000-08-002-000-000-254-08_HW_3_SET_58_22_118_40_VP_0_255_1_NP_100_holes.txt
240411-11:48:43	[INFO]	<<-- FINISHED MEASURING ENC AND CHECKING CALIBRATION
240411-11:55:27	MODULE_ID:	M5DL3B1001171B2_240411_1155
240411-11:55:27	[INFO]	TEST_CENTER: GSI
240411-11:55:27	[INFO]	OPERATOR_ID: Dairon Rodriguez Garces
240411-11:55:27	[INFO]	MODULE ID: 	M5DL3B1001171B2
240411-11:55:27	[INFO]	SENSOR_SIZE [mm]: 	62
240411-11:55:27	[INFO]	SENSOR_QGRADE: 	B
240411-11:55:46	[INFO]	-->> RUNNING SYNCHRONIZATION
240411-11:56:16	[INFO]	<<-- FINISHED SYNCHRONIZATION
240411-11:56:16	[INFO]	-->> READING LV VALUES BEFORE CONFIGURATION
240411-11:56:16	[INFO]	<<-- FINISHED READING LV VALUES BEFORE CONFIGURATION
240411-11:56:16	[INFO]	-->> LOADING STANDARD CONFIGURATION
240411-11:56:23	[INFO]	<<-- FINISHED LOADING STANDARD CONFIGURATION
240411-11:56:23	[INFO]	-->> READING ASICs ID
240411-11:56:24	[INFO]	<<-- FINISHED READING ASICs ID
240411-11:56:24	[INFO]	-->> LOADING DEFAULT TRIM VALUES
240411-11:56:51	[INFO]	<<-- FINISHED LOADING DEFAULT TRIM VALUES
240411-11:56:51	[INFO]	-->> READING LV VALUES AFTER CONFIGURATION
240411-11:57:02	[INFO]	<<-- FINISHED READING LV VALUES AFTER CONFIGURATION
240411-11:57:02	[INFO]	-->> READING VDDM & TEMPERATURE
240411-11:57:08	[INFO]	<<-- FINISHED READING VDDM & TEMPERATURE
240411-11:57:08	[INFO]	-->> LOADING DEFAULT TRIM VALUES
240411-11:57:36	[INFO]	<<-- FINISHED LOADING DEFAULT TRIM VALUES
240411-11:57:36	[INFO]	-->> FINDING VREF_P, VREF_N & THR@_GLB FOR CALIBRATION
240411-12:01:05	[INFO]	<<-- FINISHED FINDING VREF_P, VREF_N & THR@_GLB FOR CALIBRATION
240411-12:01:05	[INFO]	--> SETTING THE CALIBRATION PARAMETERS
240411-12:01:05	[INFO]	<<-- FINISHED SETTING THE CALIBRATION PARAMETERS
240411-12:01:05	[INFO]	-->> CALIBRATING THE MODULE
240411-12:10:14	[INFO]	CAL_ASIC_HW_ADDR_1: ftrim_XA-000-08-002-000-005-011-05_HW_1_SET_57_23_118_57_R_30_247_holes.txt
240411-12:19:19	[INFO]	CAL_ASIC_HW_ADDR_0: ftrim_XA-000-08-002-000-003-176-03_HW_0_SET_56_20_118_29_R_30_247_holes.txt
240411-12:28:24	[INFO]	CAL_ASIC_HW_ADDR_3: ftrim_XA-000-08-002-000-000-254-08_HW_3_SET_56_21_118_31_R_30_247_holes.txt
240411-12:37:26	[INFO]	CAL_ASIC_HW_ADDR_2: ftrim_XA-000-08-002-000-004-031-15_HW_2_SET_57_18_118_31_R_30_247_holes.txt
240411-12:46:27	[INFO]	CAL_ASIC_HW_ADDR_5: ftrim_XA-000-08-002-000-000-255-08_HW_5_SET_58_22_118_31_R_30_247_holes.txt
240411-12:55:28	[INFO]	CAL_ASIC_HW_ADDR_4: ftrim_XA-000-08-002-000-004-023-15_HW_4_SET_57_18_118_34_R_30_247_holes.txt
240411-13:04:27	[INFO]	CAL_ASIC_HW_ADDR_7: ftrim_XA-000-08-002-000-003-175-04_HW_7_SET_58_21_118_26_R_30_247_holes.txt
240411-13:13:22	[INFO]	CAL_ASIC_HW_ADDR_6: ftrim_XA-000-08-002-000-003-072-05_HW_6_SET_56_18_118_38_R_30_247_holes.txt
240411-13:13:22	[INFO]	<<-- FINISHED CALIBRATING THE MODULE
240411-13:13:22	[INFO]	--> SETTING THE CALIBRATION TRIM
240411-13:14:17	[INFO]	<<-- FINISHED SETTING THE CALIBRATION TRIM
240411-13:14:17	[INFO]	--> MEASURING ENC AND CHECKING CALIBRATION
240411-13:21:14	[INFO]	PSCAN_ASIC_HW_ADDR_1: pscan_240411_1314_XA-000-08-002-000-005-011-05_HW_1_SET_57_23_118_57_VP_0_255_1_NP_100_holes.txt
240411-13:28:11	[INFO]	PSCAN_ASIC_HW_ADDR_0: pscan_240411_1321_XA-000-08-002-000-003-176-03_HW_0_SET_56_20_118_29_VP_0_255_1_NP_100_holes.txt
240411-13:35:08	[INFO]	PSCAN_ASIC_HW_ADDR_3: pscan_240411_1328_XA-000-08-002-000-000-254-08_HW_3_SET_56_21_118_31_VP_0_255_1_NP_100_holes.txt
240411-13:42:06	[INFO]	PSCAN_ASIC_HW_ADDR_2: pscan_240411_1335_XA-000-08-002-000-004-031-15_HW_2_SET_57_18_118_31_VP_0_255_1_NP_100_holes.txt
240411-13:49:08	[INFO]	PSCAN_ASIC_HW_ADDR_5: pscan_240411_1342_XA-000-08-002-000-000-255-08_HW_5_SET_58_22_118_31_VP_0_255_1_NP_100_holes.txt
240411-13:56:06	[INFO]	PSCAN_ASIC_HW_ADDR_4: pscan_240411_1349_XA-000-08-002-000-004-023-15_HW_4_SET_57_18_118_34_VP_0_255_1_NP_100_holes.txt
240411-14:03:55	[INFO]	PSCAN_ASIC_HW_ADDR_7: pscan_240411_1356_XA-000-08-002-000-003-175-04_HW_7_SET_58_21_118_26_VP_0_255_1_NP_100_holes.txt
240411-14:11:40	[INFO]	PSCAN_ASIC_HW_ADDR_6: pscan_240411_1403_XA-000-08-002-000-003-072-05_HW_6_SET_56_18_118_38_VP_0_255_1_NP_100_holes.txt
240411-14:11:40	[INFO]	<<-- FINISHED MEASURING ENC AND CHECKING CALIBRATION
