240619-18:04:50	MODULE_ID:	M4UL2T2010312B2
240619-18:04:50	[INFO]	TEST_CENTER: GSI
240619-18:04:50	[INFO]	OPERATOR_ID: Dairon Rodriguez Garces
240619-18:04:50	[INFO]	MODULE ID: 	M4UL2T2010312B2
240619-18:04:50	[INFO]	SENSOR_SIZE [mm]: 	42
240619-18:04:50	[INFO]	SENSOR_QGRADE: 	A
240619-18:29:36	[INFO]	-->> RUNNING SYNCHRONIZATION
240619-18:30:06	[INFO]	<<-- FINISHED SYNCHRONIZATION
240619-18:30:06	[INFO]	-->> READING LV VALUES BEFORE CONFIGURATION
240619-18:30:06	[INFO]	<<-- FINISHED READING LV VALUES BEFORE CONFIGURATION
240619-18:30:06	[INFO]	-->> LOADING STANDARD CONFIGURATION
240619-18:30:13	[INFO]	<<-- FINISHED LOADING STANDARD CONFIGURATION
240619-18:30:13	[INFO]	-->> READING ASICs ID
240619-18:30:14	[INFO]	<<-- FINISHED READING ASICs ID
240619-18:30:14	[INFO]	-->> LOADING DEFAULT TRIM VALUES
240619-18:31:08	[INFO]	<<-- FINISHED LOADING DEFAULT TRIM VALUES
240619-18:31:08	[INFO]	-->> READING LV VALUES AFTER CONFIGURATION
240619-18:31:18	[INFO]	<<-- FINISHED READING LV VALUES AFTER CONFIGURATION
240619-18:31:18	[INFO]	-->> READING VDDM & TEMPERATURE
240619-18:31:21	[INFO]	<<-- FINISHED READING VDDM & TEMPERATURE
240619-18:31:21	[INFO]	-->> LOADING DEFAULT TRIM VALUES
240619-18:32:15	[INFO]	<<-- FINISHED LOADING DEFAULT TRIM VALUES
240619-18:32:15	[INFO]	-->> FINDING VREF_P, VREF_N & THR@_GLB FOR CALIBRATION
240619-18:39:17	[INFO]	<<-- FINISHED FINDING VREF_P, VREF_N & THR@_GLB FOR CALIBRATION
240619-18:39:17	[INFO]	--> SETTING THE CALIBRATION PARAMETERS
240619-18:39:17	[INFO]	<<-- FINISHED SETTING THE CALIBRATION PARAMETERS
240619-18:39:17	[INFO]	-->> CALIBRATING THE MODULE
240619-18:49:05	[INFO]	CAL_ASIC_HW_ADDR_7: ftrim_XA-000-08-002-000-005-040-11_HW_7_SET_57_22_118_35_R_30_247_elect.txt
240619-18:58:13	[INFO]	CAL_ASIC_HW_ADDR_6: ftrim_XA-000-08-002-000-005-044-11_HW_6_SET_57_28_118_41_R_30_247_elect.txt
240619-19:07:20	[INFO]	CAL_ASIC_HW_ADDR_5: ftrim_XA-000-08-002-000-005-041-11_HW_5_SET_57_23_118_37_R_30_247_elect.txt
240619-19:16:26	[INFO]	CAL_ASIC_HW_ADDR_4: ftrim_XA-000-08-002-000-005-046-11_HW_4_SET_57_23_118_36_R_30_247_elect.txt
240619-19:25:38	[INFO]	CAL_ASIC_HW_ADDR_3: ftrim_XA-000-08-002-000-005-042-11_HW_3_SET_58_24_118_32_R_30_247_elect.txt
240619-19:34:45	[INFO]	CAL_ASIC_HW_ADDR_2: ftrim_XA-000-08-002-000-004-120-04_HW_2_SET_58_23_118_33_R_30_247_elect.txt
240619-19:43:54	[INFO]	CAL_ASIC_HW_ADDR_1: ftrim_XA-000-08-002-000-005-043-11_HW_1_SET_58_26_118_40_R_30_247_elect.txt
240619-19:52:54	[INFO]	CAL_ASIC_HW_ADDR_0: ftrim_XA-000-08-002-000-005-029-02_HW_0_SET_54_25_118_66_R_30_247_elect.txt
240619-20:01:59	[INFO]	CAL_ASIC_HW_ADDR_1: ftrim_XA-000-08-002-000-005-034-11_HW_1_SET_56_20_118_10_R_30_247_holes.txt
240619-20:11:03	[INFO]	CAL_ASIC_HW_ADDR_0: ftrim_XA-000-08-002-000-005-027-02_HW_0_SET_56_17_118_35_R_30_247_holes.txt
240619-20:20:02	[INFO]	CAL_ASIC_HW_ADDR_3: ftrim_XA-000-08-002-000-005-026-02_HW_3_SET_55_19_118_59_R_30_247_holes.txt
240619-20:28:58	[INFO]	CAL_ASIC_HW_ADDR_2: ftrim_XA-000-08-002-000-005-039-11_HW_2_SET_55_19_118_44_R_30_247_holes.txt
240619-20:38:06	[INFO]	CAL_ASIC_HW_ADDR_5: ftrim_XA-000-08-002-000-005-035-11_HW_5_SET_55_20_118_57_R_30_247_holes.txt
240619-20:47:08	[INFO]	CAL_ASIC_HW_ADDR_4: ftrim_XA-000-08-002-000-005-028-02_HW_4_SET_57_19_118_32_R_30_247_holes.txt
240619-20:56:09	[INFO]	CAL_ASIC_HW_ADDR_7: ftrim_XA-000-08-002-000-005-038-11_HW_7_SET_57_21_118_62_R_30_247_holes.txt
240619-21:05:29	[INFO]	CAL_ASIC_HW_ADDR_6: ftrim_XA-000-08-002-000-005-031-02_HW_6_SET_55_18_118_47_R_30_247_holes.txt
240619-21:05:29	[INFO]	<<-- FINISHED CALIBRATING THE MODULE
240619-21:05:29	[INFO]	--> SETTING THE CALIBRATION TRIM
240619-21:07:26	[INFO]	<<-- FINISHED SETTING THE CALIBRATION TRIM
240619-21:07:26	[INFO]	--> MEASURING ENC AND CHECKING CALIBRATION
240619-21:14:45	[INFO]	PSCAN_ASIC_HW_ADDR_7: pscan_240619_2107_XA-000-08-002-000-005-040-11_HW_7_SET_57_22_118_35_VP_0_255_1_NP_100_elect.txt
240619-21:21:55	[INFO]	PSCAN_ASIC_HW_ADDR_6: pscan_240619_2114_XA-000-08-002-000-005-044-11_HW_6_SET_57_28_118_41_VP_0_255_1_NP_100_elect.txt
240619-21:29:00	[INFO]	PSCAN_ASIC_HW_ADDR_5: pscan_240619_2121_XA-000-08-002-000-005-041-11_HW_5_SET_57_23_118_37_VP_0_255_1_NP_100_elect.txt
240619-21:36:05	[INFO]	PSCAN_ASIC_HW_ADDR_4: pscan_240619_2129_XA-000-08-002-000-005-046-11_HW_4_SET_57_23_118_36_VP_0_255_1_NP_100_elect.txt
240619-21:43:09	[INFO]	PSCAN_ASIC_HW_ADDR_3: pscan_240619_2136_XA-000-08-002-000-005-042-11_HW_3_SET_58_24_118_32_VP_0_255_1_NP_100_elect.txt
240619-21:50:17	[INFO]	PSCAN_ASIC_HW_ADDR_2: pscan_240619_2143_XA-000-08-002-000-004-120-04_HW_2_SET_58_23_118_33_VP_0_255_1_NP_100_elect.txt
240619-21:57:21	[INFO]	PSCAN_ASIC_HW_ADDR_1: pscan_240619_2150_XA-000-08-002-000-005-043-11_HW_1_SET_58_26_118_40_VP_0_255_1_NP_100_elect.txt
240619-22:04:18	[INFO]	PSCAN_ASIC_HW_ADDR_0: pscan_240619_2157_XA-000-08-002-000-005-029-02_HW_0_SET_54_25_118_66_VP_0_255_1_NP_100_elect.txt
240619-22:11:19	[INFO]	PSCAN_ASIC_HW_ADDR_1: pscan_240619_2204_XA-000-08-002-000-005-034-11_HW_1_SET_56_20_118_10_VP_0_255_1_NP_100_holes.txt
240619-22:18:20	[INFO]	PSCAN_ASIC_HW_ADDR_0: pscan_240619_2211_XA-000-08-002-000-005-027-02_HW_0_SET_56_17_118_35_VP_0_255_1_NP_100_holes.txt
240619-22:25:21	[INFO]	PSCAN_ASIC_HW_ADDR_3: pscan_240619_2218_XA-000-08-002-000-005-026-02_HW_3_SET_55_19_118_59_VP_0_255_1_NP_100_holes.txt
240619-22:32:19	[INFO]	PSCAN_ASIC_HW_ADDR_2: pscan_240619_2225_XA-000-08-002-000-005-039-11_HW_2_SET_55_19_118_44_VP_0_255_1_NP_100_holes.txt
240619-22:39:19	[INFO]	PSCAN_ASIC_HW_ADDR_5: pscan_240619_2232_XA-000-08-002-000-005-035-11_HW_5_SET_55_20_118_57_VP_0_255_1_NP_100_holes.txt
240619-22:46:18	[INFO]	PSCAN_ASIC_HW_ADDR_4: pscan_240619_2239_XA-000-08-002-000-005-028-02_HW_4_SET_57_19_118_32_VP_0_255_1_NP_100_holes.txt
240619-22:53:18	[INFO]	PSCAN_ASIC_HW_ADDR_7: pscan_240619_2246_XA-000-08-002-000-005-038-11_HW_7_SET_57_21_118_62_VP_0_255_1_NP_100_holes.txt
240619-23:00:18	[INFO]	PSCAN_ASIC_HW_ADDR_6: pscan_240619_2253_XA-000-08-002-000-005-031-02_HW_6_SET_55_18_118_47_VP_0_255_1_NP_100_holes.txt
240619-23:00:18	[INFO]	<<-- FINISHED MEASURING ENC AND CHECKING CALIBRATION
240620-09:50:33	MODULE_ID:	M4UL2T2010312B2_240620_0950
240620-09:50:33	[INFO]	TEST_CENTER: GSI
240620-09:50:33	[INFO]	OPERATOR_ID: Dairon Rodriguez Garces
240620-09:50:33	[INFO]	MODULE ID: 	M4UL2T2010312B2
240620-09:50:33	[INFO]	SENSOR_SIZE [mm]: 	42
240620-09:50:33	[INFO]	SENSOR_QGRADE: 	A
240620-09:50:56	[INFO]	-->> RUNNING SYNCHRONIZATION
240620-09:51:26	[INFO]	<<-- FINISHED SYNCHRONIZATION
240620-09:51:26	[INFO]	-->> READING LV VALUES BEFORE CONFIGURATION
240620-09:51:26	[INFO]	<<-- FINISHED READING LV VALUES BEFORE CONFIGURATION
240620-09:51:26	[INFO]	-->> LOADING STANDARD CONFIGURATION
240620-09:51:33	[INFO]	<<-- FINISHED LOADING STANDARD CONFIGURATION
240620-09:51:33	[INFO]	-->> READING ASICs ID
240620-09:51:34	[INFO]	<<-- FINISHED READING ASICs ID
240620-09:51:34	[INFO]	-->> LOADING DEFAULT TRIM VALUES
240620-09:52:31	[INFO]	<<-- FINISHED LOADING DEFAULT TRIM VALUES
240620-09:52:31	[INFO]	-->> READING LV VALUES AFTER CONFIGURATION
240620-09:52:41	[INFO]	<<-- FINISHED READING LV VALUES AFTER CONFIGURATION
240620-09:52:41	[INFO]	-->> READING VDDM & TEMPERATURE
240620-09:52:44	[INFO]	<<-- FINISHED READING VDDM & TEMPERATURE
240620-09:52:44	[INFO]	--> SETTING THE CALIBRATION TRIM
240620-09:54:40	[INFO]	<<-- FINISHED SETTING THE CALIBRATION TRIM
240620-09:54:40	[INFO]	--> CHECKING CHANNELS' CONNECTIVITY
240620-09:54:40	[INFO]	CONN-CHECK_ASIC_HW_ADDR_7: elect
240620-09:54:58	[INFO]	CONN-CHECK_ASIC_HW_ADDR_6: elect
240620-09:55:16	[INFO]	CONN-CHECK_ASIC_HW_ADDR_5: elect
240620-09:55:34	[INFO]	CONN-CHECK_ASIC_HW_ADDR_4: elect
240620-09:55:52	[INFO]	CONN-CHECK_ASIC_HW_ADDR_3: elect
240620-09:56:10	[INFO]	CONN-CHECK_ASIC_HW_ADDR_2: elect
240620-09:56:28	[INFO]	CONN-CHECK_ASIC_HW_ADDR_1: elect
240620-09:56:46	[INFO]	CONN-CHECK_ASIC_HW_ADDR_0: elect
240620-09:57:05	[INFO]	CONN-CHECK_ASIC_HW_ADDR_1: holes
240620-09:57:23	[INFO]	CONN-CHECK_ASIC_HW_ADDR_0: holes
240620-09:57:42	[INFO]	CONN-CHECK_ASIC_HW_ADDR_3: holes
240620-09:58:00	[INFO]	CONN-CHECK_ASIC_HW_ADDR_2: holes
240620-09:58:18	[INFO]	CONN-CHECK_ASIC_HW_ADDR_5: holes
240620-09:58:36	[INFO]	CONN-CHECK_ASIC_HW_ADDR_4: holes
240620-09:58:54	[INFO]	CONN-CHECK_ASIC_HW_ADDR_7: holes
240620-09:59:11	[INFO]	CONN-CHECK_ASIC_HW_ADDR_6: holes
240620-09:59:30	[INFO]	<<-- FINISHED CHECKING CHANNELS' CONNECTIVITY
