231202-22:39:18	MODULE_ID:	M3DL3B0001120B2
231202-22:39:18	[INFO]	MODULE ID: 	M3DL3B0001120B2
231202-22:39:31	[INFO]	-->> POWERING UP EMU BOARD
231202-22:39:52	[INFO]	-->> RUNNING SYNCHRONIZATION
231202-22:43:29	MODULE_ID:	M3DL3B0001120B2
231202-22:43:32	[INFO]	MODULE ID: 	M3DL3B0001120B2
231202-22:43:38	[INFO]	-->> POWERING UP EMU BOARD
231202-22:43:59	[INFO]	-->> RUNNING SYNCHRONIZATION
231202-22:44:24	[INFO]	<<-- FINISHED SYNCHRONIZATION
231202-22:44:24	[INFO]	-->> READING LV VALUES BEFORE CONFIGURATION
231202-22:44:25	[INFO]	<<-- FINISHED READING LV VALUES BEFORE CONFIGURATION
231202-22:44:25	[INFO]	-->> LOADING STANDARD CONFIGURATION
231202-22:44:30	[INFO]	<<-- FINISHED LOADING STANDARD CONFIGURATION
231202-22:44:30	[INFO]	-->> READING ASICs ID
231202-22:44:30	[INFO]	<<-- FINISHED READING ASICs ID
231202-22:44:30	[INFO]	-->> LOADING DEFAULT TRIM VALUES
231202-22:45:09	[INFO]	<<-- FINISHED LOADING DEFAULT TRIM VALUES
231202-22:45:09	[INFO]	-->> READING LV VALUES AFTER CONFIGURATION
231202-22:45:19	[INFO]	<<-- FINISHED READING LV VALUES AFTER CONFIGURATION
231202-22:45:19	[INFO]	-->> READING VDDM & TEMPERATURE
231202-22:45:26	[INFO]	<<-- FINISHED READING VDDM & TEMPERATURE
231202-22:45:26	[INFO]	-->> LOADING DEFAULT TRIM VALUES
231202-22:50:58	MODULE_ID:	M3DL3B0001120B2
231202-22:51:00	[INFO]	MODULE ID: 	M3DL3B0001120B2
231202-22:51:18	MODULE_ID:	M3DL3B0001120B2
231202-22:51:20	[INFO]	MODULE ID: 	M3DL3B0001120B2
231202-22:51:29	[INFO]	-->> POWERING UP EMU BOARD
231202-22:51:50	[INFO]	-->> RUNNING SYNCHRONIZATION
231202-22:52:16	[INFO]	<<-- FINISHED SYNCHRONIZATION
231202-22:52:16	[INFO]	-->> READING LV VALUES BEFORE CONFIGURATION
231202-22:52:17	[INFO]	<<-- FINISHED READING LV VALUES BEFORE CONFIGURATION
231202-22:52:17	[INFO]	-->> LOADING STANDARD CONFIGURATION
231202-22:52:22	[INFO]	<<-- FINISHED LOADING STANDARD CONFIGURATION
231202-22:52:22	[INFO]	-->> READING ASICs ID
231202-22:52:23	[INFO]	<<-- FINISHED READING ASICs ID
231202-22:52:23	[INFO]	-->> LOADING DEFAULT TRIM VALUES
231202-22:58:03	MODULE_ID:	M3DL3B0001120B2
231202-22:58:06	[INFO]	MODULE ID: 	M3DL3B0001120B2
231202-22:58:14	[INFO]	-->> POWERING UP EMU BOARD
231202-22:58:35	[INFO]	-->> RUNNING SYNCHRONIZATION
231202-22:59:09	MODULE_ID:	M3DL3B0001120B2
231202-22:59:10	[INFO]	MODULE ID: 	M3DL3B0001120B2
231202-22:59:16	[INFO]	-->> POWERING UP EMU BOARD
231202-22:59:36	[INFO]	-->> RUNNING SYNCHRONIZATION
231202-23:00:02	[INFO]	<<-- FINISHED SYNCHRONIZATION
231202-23:00:02	[INFO]	-->> READING LV VALUES BEFORE CONFIGURATION
231202-23:00:03	[INFO]	<<-- FINISHED READING LV VALUES BEFORE CONFIGURATION
231202-23:00:03	[INFO]	-->> LOADING STANDARD CONFIGURATION
231202-23:00:07	[INFO]	<<-- FINISHED LOADING STANDARD CONFIGURATION
231202-23:00:07	[INFO]	-->> READING ASICs ID
231202-23:00:08	[INFO]	<<-- FINISHED READING ASICs ID
231202-23:00:08	[INFO]	-->> LOADING DEFAULT TRIM VALUES
231202-23:00:46	[INFO]	<<-- FINISHED LOADING DEFAULT TRIM VALUES
231202-23:00:46	[INFO]	-->> READING LV VALUES AFTER CONFIGURATION
231202-23:00:57	[INFO]	<<-- FINISHED READING LV VALUES AFTER CONFIGURATION
231202-23:00:57	[INFO]	-->> READING VDDM & TEMPERATURE
231202-23:01:03	[INFO]	<<-- FINISHED READING VDDM & TEMPERATURE
231202-23:01:03	[INFO]	-->> LOADING DEFAULT TRIM VALUES
231202-23:01:41	[INFO]	<<-- FINISHED LOADING DEFAULT TRIM VALUES
231202-23:01:41	[INFO]	-->> FINDING VREF_P, VREF_N & THR@_GLB FOR CALIBRATION
231202-23:04:37	[INFO]	<<-- FINISHED FINDING VREF_P, VREF_N & THR@_GLB FOR CALIBRATION
231202-23:04:37	[INFO]	--> SETTING THE CALIBRATION PARAMETERS
231202-23:04:37	[INFO]	<<-- FINISHED SETTING THE CALIBRATION PARAMETERS
231202-23:04:37	[INFO]	-->> CALIBRATING THE MODULE
231202-23:07:14	MODULE_ID:	M3DL3B0001120B2
231202-23:07:17	[INFO]	MODULE ID: 	M3DL3B0001120B2
231202-23:07:29	[INFO]	-->> POWERING UP EMU BOARD
231202-23:07:50	[INFO]	-->> RUNNING SYNCHRONIZATION
231202-23:08:16	[INFO]	<<-- FINISHED SYNCHRONIZATION
231202-23:08:16	[INFO]	-->> READING LV VALUES BEFORE CONFIGURATION
231202-23:08:17	[INFO]	<<-- FINISHED READING LV VALUES BEFORE CONFIGURATION
231202-23:08:17	[INFO]	-->> LOADING STANDARD CONFIGURATION
231202-23:08:24	[INFO]	<<-- FINISHED LOADING STANDARD CONFIGURATION
231202-23:08:24	[INFO]	-->> READING ASICs ID
231202-23:08:24	[INFO]	<<-- FINISHED READING ASICs ID
231202-23:08:24	[INFO]	-->> LOADING DEFAULT TRIM VALUES
231202-23:09:13	[INFO]	<<-- FINISHED LOADING DEFAULT TRIM VALUES
231202-23:09:13	[INFO]	-->> READING LV VALUES AFTER CONFIGURATION
231202-23:09:24	[INFO]	<<-- FINISHED READING LV VALUES AFTER CONFIGURATION
231202-23:09:24	[INFO]	-->> READING VDDM & TEMPERATURE
231202-23:09:30	[INFO]	<<-- FINISHED READING VDDM & TEMPERATURE
231202-23:09:30	[INFO]	-->> LOADING DEFAULT TRIM VALUES
231202-23:10:19	[INFO]	<<-- FINISHED LOADING DEFAULT TRIM VALUES
231202-23:10:19	[INFO]	-->> FINDING VREF_P, VREF_N & THR@_GLB FOR CALIBRATION
231202-23:13:52	[INFO]	<<-- FINISHED FINDING VREF_P, VREF_N & THR@_GLB FOR CALIBRATION
231202-23:13:52	[INFO]	--> SETTING THE CALIBRATION PARAMETERS
231202-23:13:52	[INFO]	<<-- FINISHED SETTING THE CALIBRATION PARAMETERS
231202-23:13:52	[INFO]	-->> CALIBRATING THE MODULE
231202-23:20:00	[INFO]	--> CALIBRATED ASIC with HW ADDRESS 0 in elect
231202-23:26:08	[INFO]	--> CALIBRATED ASIC with HW ADDRESS 1 in elect
231202-23:32:15	[INFO]	--> CALIBRATED ASIC with HW ADDRESS 2 in elect
231202-23:38:25	[INFO]	--> CALIBRATED ASIC with HW ADDRESS 3 in elect
231202-23:44:33	[INFO]	--> CALIBRATED ASIC with HW ADDRESS 4 in elect
231202-23:52:20	[INFO]	--> CALIBRATED ASIC with HW ADDRESS 5 in elect
231203-00:00:52	[INFO]	--> CALIBRATED ASIC with HW ADDRESS 6 in elect
231203-00:09:28	[INFO]	--> CALIBRATED ASIC with HW ADDRESS 7 in elect
231203-00:17:57	[INFO]	--> CALIBRATED ASIC with HW ADDRESS 0 in holes
231203-00:25:49	[INFO]	--> CALIBRATED ASIC with HW ADDRESS 1 in holes
231203-00:33:40	[INFO]	--> CALIBRATED ASIC with HW ADDRESS 2 in holes
231203-00:42:05	[INFO]	--> CALIBRATED ASIC with HW ADDRESS 3 in holes
231203-00:50:32	[INFO]	--> CALIBRATED ASIC with HW ADDRESS 4 in holes
231203-00:56:50	[INFO]	--> CALIBRATED ASIC with HW ADDRESS 5 in holes
231203-01:02:56	[INFO]	--> CALIBRATED ASIC with HW ADDRESS 6 in holes
231203-01:09:13	[INFO]	--> CALIBRATED ASIC with HW ADDRESS 7 in holes
231203-01:09:13	[INFO]	<<-- FINISHED CALIBRATING THE MODULE
231203-01:09:13	[INFO]	--> SETTING THE CALIBRATION TRIM
231203-01:10:53	[INFO]	<<-- FINISHED SETTING THE CALIBRATION TRIM
231203-01:10:53	[INFO]	--> MEASURING ENC AND CHECKING CALIBRATION
231203-02:34:04	[INFO]	<<-- FINISHED MEASURING ENC AND CHECKING CALIBRATION
231203-02:34:04	[INFO]	--> CHECKING CHANNELS' CONNECTIVITY
231203-02:40:41	[INFO]	<<-- FINISHED CHECKING CHANNELS' CONNECTIVITY
231204-16:46:17	MODULE_ID:	M3DL3B0001120B2_231204_1646
231204-16:46:20	[INFO]	MODULE ID: 	M3DL3B0001120B2
231204-16:46:26	[INFO]	-->> POWERING UP EMU BOARD
231204-16:46:47	[INFO]	-->> RUNNING SYNCHRONIZATION
231204-16:47:18	MODULE_ID:	M3DL3B0001120B2_231204_1647
231204-16:47:21	[INFO]	MODULE ID: 	M3DL3B0001120B2
231204-16:47:28	[INFO]	-->> POWERING UP EMU BOARD
231204-16:47:49	[INFO]	-->> RUNNING SYNCHRONIZATION
231204-16:48:14	[INFO]	<<-- FINISHED SYNCHRONIZATION
231204-16:48:14	[INFO]	-->> READING LV VALUES BEFORE CONFIGURATION
231204-16:48:15	[INFO]	<<-- FINISHED READING LV VALUES BEFORE CONFIGURATION
231204-16:48:15	[INFO]	-->> LOADING STANDARD CONFIGURATION
231204-16:48:20	[INFO]	<<-- FINISHED LOADING STANDARD CONFIGURATION
231204-16:48:20	[INFO]	-->> READING ASICs ID
231204-16:48:21	[INFO]	<<-- FINISHED READING ASICs ID
231204-16:48:21	[INFO]	-->> LOADING DEFAULT TRIM VALUES
231204-16:48:59	[INFO]	<<-- FINISHED LOADING DEFAULT TRIM VALUES
231204-16:48:59	[INFO]	-->> READING LV VALUES AFTER CONFIGURATION
231204-16:49:10	[INFO]	<<-- FINISHED READING LV VALUES AFTER CONFIGURATION
231204-16:49:10	[INFO]	-->> READING VDDM & TEMPERATURE
231204-16:49:16	[INFO]	<<-- FINISHED READING VDDM & TEMPERATURE
231204-16:49:16	[INFO]	-->> LOADING DEFAULT TRIM VALUES
231204-16:49:54	[INFO]	<<-- FINISHED LOADING DEFAULT TRIM VALUES
231204-16:49:54	[INFO]	--> SETTING THE CALIBRATION TRIM
231204-16:51:10	[INFO]	<<-- FINISHED SETTING THE CALIBRATION TRIM
231204-16:51:10	[INFO]	--> MEASURING ENC AND CHECKING CALIBRATION
231204-20:42:59	MODULE_ID:	M3DL3B0001120B2_231204_2043
231204-20:43:04	[INFO]	MODULE ID: 	M3DL3B0001120B2
231204-20:43:36	[INFO]	-->> POWERING UP EMU BOARD
231204-20:43:57	[INFO]	-->> RUNNING SYNCHRONIZATION
231204-20:49:42	MODULE_ID:	M3DL3B0001120B2_231204_2049
231204-20:49:44	[INFO]	MODULE ID: 	M3DL3B0001120B2
231204-20:49:53	[INFO]	-->> POWERING UP EMU BOARD
231204-20:50:14	[INFO]	-->> RUNNING SYNCHRONIZATION
231204-20:51:16	MODULE_ID:	M3DL3B0001120B2_231204_2051
231204-20:51:19	[INFO]	MODULE ID: 	M3DL3B0001120B2
231204-20:51:27	[INFO]	-->> POWERING UP EMU BOARD
231204-20:51:48	[INFO]	-->> RUNNING SYNCHRONIZATION
231204-20:51:49	[INFO]	<<-- FINISHED SYNCHRONIZATION
231204-20:51:49	[INFO]	-->> READING LV VALUES BEFORE CONFIGURATION
231204-20:51:49	[INFO]	<<-- FINISHED READING LV VALUES BEFORE CONFIGURATION
231204-20:51:49	[INFO]	-->> LOADING STANDARD CONFIGURATION
231204-20:51:49	[INFO]	<<-- FINISHED LOADING STANDARD CONFIGURATION
231204-20:51:49	[INFO]	-->> READING ASICs ID
231204-20:51:49	[INFO]	<<-- FINISHED READING ASICs ID
231204-20:51:49	[INFO]	-->> LOADING DEFAULT TRIM VALUES
231204-20:51:49	[INFO]	<<-- FINISHED LOADING DEFAULT TRIM VALUES
231204-20:51:49	[INFO]	-->> READING LV VALUES AFTER CONFIGURATION
231204-20:52:00	[INFO]	<<-- FINISHED READING LV VALUES AFTER CONFIGURATION
231204-20:52:00	[INFO]	-->> READING VDDM & TEMPERATURE
231204-20:52:00	[INFO]	<<-- FINISHED READING VDDM & TEMPERATURE
231204-20:52:00	[INFO]	-->> LOADING DEFAULT TRIM VALUES
231204-20:52:00	[INFO]	<<-- FINISHED LOADING DEFAULT TRIM VALUES
231204-20:52:00	[INFO]	-->> FINDING VREF_P, VREF_N & THR@_GLB FOR CALIBRATION
231204-20:52:00	[INFO]	<<-- FINISHED FINDING VREF_P, VREF_N & THR@_GLB FOR CALIBRATION
231204-20:52:00	[INFO]	--> SETTING THE CALIBRATION PARAMETERS
231204-20:52:00	[INFO]	<<-- FINISHED SETTING THE CALIBRATION PARAMETERS
231204-20:52:00	[INFO]	--> SETTING THE CALIBRATION TRIM
231204-20:52:00	[INFO]	<<-- FINISHED SETTING THE CALIBRATION TRIM
231204-20:52:00	[INFO]	--> MEASURING ENC AND CHECKING CALIBRATION
231204-20:52:00	[INFO]	<<-- FINISHED MEASURING ENC AND CHECKING CALIBRATION
231204-20:52:00	[INFO]	--> CHECKING CHANNELS' CONNECTIVITY
231204-20:52:00	[INFO]	<<-- FINISHED CHECKING CHANNELS' CONNECTIVITY
231204-20:52:45	MODULE_ID:	M3DL3B0001120B2_231204_2052
231204-20:52:47	[INFO]	MODULE ID: 	M3DL3B0001120B2
231204-20:52:55	[INFO]	-->> POWERING UP EMU BOARD
231204-20:53:16	[INFO]	-->> RUNNING SYNCHRONIZATION
231204-20:53:17	[INFO]	<<-- FINISHED SYNCHRONIZATION
231204-20:53:17	[INFO]	-->> READING LV VALUES BEFORE CONFIGURATION
231204-20:53:17	[INFO]	<<-- FINISHED READING LV VALUES BEFORE CONFIGURATION
231204-20:53:17	[INFO]	-->> LOADING STANDARD CONFIGURATION
231204-20:53:17	[INFO]	<<-- FINISHED LOADING STANDARD CONFIGURATION
231204-20:53:17	[INFO]	-->> READING ASICs ID
231204-20:53:17	[INFO]	<<-- FINISHED READING ASICs ID
231204-20:53:17	[INFO]	-->> LOADING DEFAULT TRIM VALUES
231204-20:53:17	[INFO]	<<-- FINISHED LOADING DEFAULT TRIM VALUES
231204-20:53:17	[INFO]	-->> READING LV VALUES AFTER CONFIGURATION
231204-20:53:28	[INFO]	<<-- FINISHED READING LV VALUES AFTER CONFIGURATION
231204-20:53:28	[INFO]	-->> READING VDDM & TEMPERATURE
231204-20:53:28	[INFO]	<<-- FINISHED READING VDDM & TEMPERATURE
231204-20:53:28	[INFO]	-->> LOADING DEFAULT TRIM VALUES
231204-20:53:28	[INFO]	<<-- FINISHED LOADING DEFAULT TRIM VALUES
231204-20:53:28	[INFO]	-->> FINDING VREF_P, VREF_N & THR@_GLB FOR CALIBRATION
231204-20:53:28	[INFO]	<<-- FINISHED FINDING VREF_P, VREF_N & THR@_GLB FOR CALIBRATION
231204-20:53:28	[INFO]	--> SETTING THE CALIBRATION PARAMETERS
231204-20:53:28	[INFO]	<<-- FINISHED SETTING THE CALIBRATION PARAMETERS
231204-20:53:28	[INFO]	--> SETTING THE CALIBRATION TRIM
231204-20:53:28	[INFO]	<<-- FINISHED SETTING THE CALIBRATION TRIM
231204-20:53:28	[INFO]	--> MEASURING ENC AND CHECKING CALIBRATION
231204-20:53:28	[INFO]	<<-- FINISHED MEASURING ENC AND CHECKING CALIBRATION
231204-20:53:28	[INFO]	--> CHECKING CHANNELS' CONNECTIVITY
231204-20:53:28	[INFO]	<<-- FINISHED CHECKING CHANNELS' CONNECTIVITY
231204-20:54:23	MODULE_ID:	M3DL3B0001120B2_231204_2054
231204-20:54:25	[INFO]	MODULE ID: 	M3DL3B0001120B2
231204-20:54:32	[INFO]	-->> POWERING UP EMU BOARD
231204-20:54:53	[INFO]	-->> RUNNING SYNCHRONIZATION
231204-20:55:45	MODULE_ID:	M3DL3B0001120B2_231204_2055
231204-20:55:48	[INFO]	MODULE ID: 	M3DL3B0001120B2
231204-20:56:00	[INFO]	-->> POWERING UP EMU BOARD
231204-20:56:21	[INFO]	-->> RUNNING SYNCHRONIZATION
231204-20:56:21	[INFO]	<<-- FINISHED SYNCHRONIZATION
231204-20:56:21	[INFO]	-->> READING LV VALUES BEFORE CONFIGURATION
231204-20:56:22	[INFO]	<<-- FINISHED READING LV VALUES BEFORE CONFIGURATION
231204-20:56:22	[INFO]	-->> LOADING STANDARD CONFIGURATION
231204-20:56:22	[INFO]	<<-- FINISHED LOADING STANDARD CONFIGURATION
231204-20:56:22	[INFO]	-->> READING ASICs ID
231204-20:56:22	[INFO]	<<-- FINISHED READING ASICs ID
231204-20:56:22	[INFO]	-->> LOADING DEFAULT TRIM VALUES
231204-20:56:22	[INFO]	<<-- FINISHED LOADING DEFAULT TRIM VALUES
231204-20:56:22	[INFO]	-->> READING LV VALUES AFTER CONFIGURATION
231204-20:56:33	[INFO]	<<-- FINISHED READING LV VALUES AFTER CONFIGURATION
231204-20:56:33	[INFO]	-->> READING VDDM & TEMPERATURE
231204-20:56:33	[INFO]	<<-- FINISHED READING VDDM & TEMPERATURE
231204-20:56:33	[INFO]	-->> LOADING DEFAULT TRIM VALUES
231204-20:56:33	[INFO]	<<-- FINISHED LOADING DEFAULT TRIM VALUES
231204-20:56:33	[INFO]	-->> FINDING VREF_P, VREF_N & THR@_GLB FOR CALIBRATION
231204-20:56:33	[INFO]	<<-- FINISHED FINDING VREF_P, VREF_N & THR@_GLB FOR CALIBRATION
231204-20:56:33	[INFO]	--> SETTING THE CALIBRATION PARAMETERS
231204-20:56:33	[INFO]	<<-- FINISHED SETTING THE CALIBRATION PARAMETERS
231204-20:56:33	[INFO]	--> SETTING THE CALIBRATION TRIM
231204-20:56:33	[INFO]	<<-- FINISHED SETTING THE CALIBRATION TRIM
231204-20:56:33	[INFO]	--> MEASURING ENC AND CHECKING CALIBRATION
231204-20:56:33	[INFO]	<<-- FINISHED MEASURING ENC AND CHECKING CALIBRATION
231204-20:56:33	[INFO]	--> CHECKING CHANNELS' CONNECTIVITY
231204-20:56:33	[INFO]	<<-- FINISHED CHECKING CHANNELS' CONNECTIVITY
231204-21:05:40	MODULE_ID:	M3DL3B0001120B2_231204_2105
231204-21:05:44	[INFO]	MODULE ID: 	M3DL3B0001120B2
231204-21:05:51	[INFO]	-->> POWERING UP EMU BOARD
231204-21:06:12	[INFO]	-->> RUNNING SYNCHRONIZATION
231204-21:06:37	[INFO]	<<-- FINISHED SYNCHRONIZATION
231204-21:06:37	[INFO]	-->> READING LV VALUES BEFORE CONFIGURATION
231204-21:06:38	[INFO]	<<-- FINISHED READING LV VALUES BEFORE CONFIGURATION
231204-21:06:38	[INFO]	-->> LOADING STANDARD CONFIGURATION
231204-21:06:43	[INFO]	<<-- FINISHED LOADING STANDARD CONFIGURATION
231204-21:06:43	[INFO]	-->> READING ASICs ID
231204-21:06:43	[INFO]	<<-- FINISHED READING ASICs ID
231204-21:06:43	[INFO]	-->> LOADING DEFAULT TRIM VALUES
231204-21:07:15	[INFO]	<<-- FINISHED LOADING DEFAULT TRIM VALUES
231204-21:07:15	[INFO]	-->> READING LV VALUES AFTER CONFIGURATION
231204-21:07:25	[INFO]	<<-- FINISHED READING LV VALUES AFTER CONFIGURATION
231204-21:07:25	[INFO]	-->> READING VDDM & TEMPERATURE
231204-21:07:32	[INFO]	<<-- FINISHED READING VDDM & TEMPERATURE
231204-21:07:32	[INFO]	-->> LOADING DEFAULT TRIM VALUES
231204-21:07:59	[INFO]	<<-- FINISHED LOADING DEFAULT TRIM VALUES
231204-21:07:59	[INFO]	--> SETTING THE CALIBRATION TRIM
231204-21:09:00	[INFO]	<<-- FINISHED SETTING THE CALIBRATION TRIM
231204-21:09:00	[INFO]	--> MEASURING ENC AND CHECKING CALIBRATION
231204-22:35:10	[INFO]	<<-- FINISHED MEASURING ENC AND CHECKING CALIBRATION
231204-22:35:10	[INFO]	--> CHECKING CHANNELS' CONNECTIVITY
231204-22:42:36	[INFO]	<<-- FINISHED CHECKING CHANNELS' CONNECTIVITY
231206-15:52:25 MODULE_ID:      M3DL3B0001120B2_231206_1552
231206-15:52:27 [INFO]  MODULE ID:      M3DL3B0001120B2
231206-15:52:44 [INFO]  -->> RUNNING SYNCHRONIZATION
231206-15:53:09 [INFO]  <<-- FINISHED SYNCHRONIZATION
231206-15:53:09 [INFO]  -->> READING LV VALUES BEFORE CONFIGURATION
231206-15:53:11 [INFO]  <<-- FINISHED READING LV VALUES BEFORE CONFIGURATION
231206-15:53:11 [INFO]  -->> LOADING STANDARD CONFIGURATION
231206-15:53:18 [INFO]  <<-- FINISHED LOADING STANDARD CONFIGURATION
231206-15:54:53 MODULE_ID:      M3DL3B3001123B2_231206_1554
231206-15:54:55 [INFO]  MODULE ID:      M3DL3B0001120B2
231206-15:55:01 [INFO]  -->> RUNNING SYNCHRONIZATION
231206-15:55:30 [INFO]  <<-- FINISHED SYNCHRONIZATION
231206-15:55:30 [INFO]  -->> READING LV VALUES BEFORE CONFIGURATION
231206-15:55:31 [INFO]  <<-- FINISHED READING LV VALUES BEFORE CONFIGURATION
231206-15:55:31 [INFO]  -->> LOADING STANDARD CONFIGURATION
231206-15:55:37 [INFO]  <<-- FINISHED LOADING STANDARD CONFIGURATION
231206-15:55:37 [INFO]  -->> READING ASICs ID
231206-15:55:38 [INFO]  <<-- FINISHED READING ASICs ID
231206-15:55:38 [INFO]  -->> LOADING DEFAULT TRIM VALUES
231206-15:56:30 [INFO]  <<-- FINISHED LOADING DEFAULT TRIM VALUES
231206-15:56:30 [INFO]  -->> READING LV VALUES AFTER CONFIGURATION
231206-15:56:42 [INFO]  <<-- FINISHED READING LV VALUES AFTER CONFIGURATION
231206-15:56:42 [INFO]  -->> QA LV 1.2 N-side: OK
231206-15:56:42 [INFO]  -->> QA LV 1.8 N-side: OK
231206-15:56:43 [INFO]  -->> QA LV 1.2 P-side: OK
231206-15:56:43 [INFO]  -->> QA LV 1.8 P-side: OK
231206-15:56:43 [INFO]  -->> READING VDDM & TEMPERATURE
231206-15:56:50 [INFO]  <<-- FINISHED READING VDDM & TEMPERATURE
231206-15:56:50 [INFO]  -->> LOADING DEFAULT TRIM VALUES
231206-15:57:41 [INFO]  <<-- FINISHED LOADING DEFAULT TRIM VALUES
231206-15:57:41 [INFO]  -->> FINDING VREF_P, VREF_N & THR@_GLB FOR CALIBRATION
231206-16:02:09 [INFO]  <<-- FINISHED FINDING VREF_P, VREF_N & THR@_GLB FOR CALIBRATION
231206-16:02:09 [INFO]  --> SETTING THE CALIBRATION PARAMETERS
231206-16:02:09 [INFO]  <<-- FINISHED SETTING THE CALIBRATION PARAMETERS
231206-16:02:09 [INFO]  -->> CALIBRATING THE MODULE
231206-16:10:41 [INFO]  --> CALIBRATED ASIC with HW ADDRESS 0 in elect
231206-16:19:27 [INFO]  --> CALIBRATED ASIC with HW ADDRESS 1 in elect
231206-16:25:53 [INFO]  --> CALIBRATED ASIC with HW ADDRESS 2 in elect
231206-16:32:22 [INFO]  --> CALIBRATED ASIC with HW ADDRESS 3 in elect
231206-16:38:41 [INFO]  --> CALIBRATED ASIC with HW ADDRESS 4 in elect
231206-16:45:01 [INFO]  --> CALIBRATED ASIC with HW ADDRESS 5 in elect
231206-16:51:26 [INFO]  --> CALIBRATED ASIC with HW ADDRESS 6 in elect
231206-16:57:33 [INFO]  --> CALIBRATED ASIC with HW ADDRESS 7 in elect
231206-17:03:38 [INFO]  --> CALIBRATED ASIC with HW ADDRESS 0 in holes
231206-17:09:22 [INFO]  --> CALIBRATED ASIC with HW ADDRESS 1 in holes
231206-17:16:00 [INFO]  --> CALIBRATED ASIC with HW ADDRESS 2 in holes
231206-17:24:56 [INFO]  --> CALIBRATED ASIC with HW ADDRESS 3 in holes
231206-17:33:39 [INFO]  --> CALIBRATED ASIC with HW ADDRESS 4 in holes
231206-17:42:39 [INFO]  --> CALIBRATED ASIC with HW ADDRESS 5 in holes
231206-17:51:45 [INFO]  --> CALIBRATED ASIC with HW ADDRESS 6 in holes
231206-17:58:56 [INFO]  --> CALIBRATED ASIC with HW ADDRESS 7 in holes
231206-17:58:56 [INFO]  <<-- FINISHED CALIBRATING THE MODULE
231206-17:58:56 [INFO]  --> SETTING THE CALIBRATION TRIM
231206-18:00:10 [INFO]  <<-- FINISHED SETTING THE CALIBRATION TRIM
231206-18:00:10 [INFO]  --> MEASURING ENC AND CHECKING CALIBRATION
231206-19:25:45 [INFO]  <<-- FINISHED MEASURING ENC AND CHECKING CALIBRATION
231207-09:42:33 MODULE_ID:      M3DL3B0001120B2_231207_0942
231207-09:42:35 [INFO]  MODULE ID:      M3DL3B0001120B2
231207-09:42:40 [INFO]  -->> POWERING UP EMU BOARD
231207-09:43:02 [INFO]  -->> RUNNING SYNCHRONIZATION
231207-09:43:03 [INFO]  <<-- FINISHED SYNCHRONIZATION
231207-09:43:03 [INFO]  -->> READING LV VALUES BEFORE CONFIGURATION
231207-09:43:04 [INFO]  <<-- FINISHED READING LV VALUES BEFORE CONFIGURATION
231207-09:43:04 [INFO]  -->> LOADING STANDARD CONFIGURATION
231207-09:43:04 [INFO]  <<-- FINISHED LOADING STANDARD CONFIGURATION
231207-09:43:04 [INFO]  -->> READING ASICs ID
231207-09:43:04 [INFO]  <<-- FINISHED READING ASICs ID
231207-09:43:04 [INFO]  -->> LOADING DEFAULT TRIM VALUES
231207-09:43:04 [INFO]  <<-- FINISHED LOADING DEFAULT TRIM VALUES
231207-09:43:04 [INFO]  -->> READING LV VALUES AFTER CONFIGURATION
231207-09:44:48 MODULE_ID:      M3DL3B0001120B2_231207_0944
231207-09:44:49 [INFO]  MODULE ID:      M3DL3B0001120B2
231207-09:45:15 [INFO]  -->> POWERING UP EMU BOARD
231207-09:45:36 [INFO]  -->> RUNNING SYNCHRONIZATION
231207-09:45:37 [INFO]  <<-- FINISHED SYNCHRONIZATION
231207-09:45:37 [INFO]  -->> READING LV VALUES BEFORE CONFIGURATION
231207-09:45:38 [INFO]  <<-- FINISHED READING LV VALUES BEFORE CONFIGURATION
231207-09:45:38 [INFO]  -->> LOADING STANDARD CONFIGURATION
231207-09:45:38 [INFO]  <<-- FINISHED LOADING STANDARD CONFIGURATION
231207-09:45:38 [INFO]  -->> READING ASICs ID
231207-09:45:38 [INFO]  <<-- FINISHED READING ASICs ID
231207-09:45:38 [INFO]  -->> LOADING DEFAULT TRIM VALUES
231207-09:45:38 [INFO]  <<-- FINISHED LOADING DEFAULT TRIM VALUES
231207-09:45:38 [INFO]  -->> READING LV VALUES AFTER CONFIGURATION
231207-09:45:50 [INFO]  <<-- FINISHED READING LV VALUES AFTER CONFIGURATION
231207-09:45:50 [INFO]  -->> READING VDDM & TEMPERATURE
231207-09:45:50 [INFO]  <<-- FINISHED READING VDDM & TEMPERATURE
231207-09:45:50 [INFO]  -->> LOADING DEFAULT TRIM VALUES
231207-09:45:50 [INFO]  <<-- FINISHED LOADING DEFAULT TRIM VALUES
231207-09:45:50 [INFO]  -->> FINDING VREF_P, VREF_N & THR@_GLB FOR CALIBRATION
231207-09:45:50 [INFO]  <<-- FINISHED FINDING VREF_P, VREF_N & THR@_GLB FOR CALIBRATION
231207-09:45:50 [INFO]  --> SETTING THE CALIBRATION PARAMETERS
231207-09:45:50 [INFO]  <<-- FINISHED SETTING THE CALIBRATION PARAMETERS
231207-09:45:50 [INFO]  --> SETTING THE CALIBRATION TRIM
231207-09:45:50 [INFO]  <<-- FINISHED SETTING THE CALIBRATION TRIM
231207-09:45:50 [INFO]  --> MEASURING ENC AND CHECKING CALIBRATION
231207-09:45:50 [INFO]  <<-- FINISHED MEASURING ENC AND CHECKING CALIBRATION
231207-09:45:50 [INFO]  --> CHECKING CHANNELS' CONNECTIVITY
231207-09:45:50 [INFO]  <<-- FINISHED CHECKING CHANNELS' CONNECTIVITY
231207-09:46:18 MODULE_ID:      M3DL3B0001120B2_231207_0946
231207-09:46:22 [INFO]  MODULE ID:      M3DL3B0001120B2
231207-09:46:28 [INFO]  -->> RUNNING SYNCHRONIZATION
231207-09:46:53 [INFO]  <<-- FINISHED SYNCHRONIZATION
231207-09:46:53 [INFO]  -->> READING LV VALUES BEFORE CONFIGURATION
231207-09:46:55 [INFO]  <<-- FINISHED READING LV VALUES BEFORE CONFIGURATION
231207-09:46:55 [INFO]  -->> LOADING STANDARD CONFIGURATION
231207-09:47:00 [INFO]  <<-- FINISHED LOADING STANDARD CONFIGURATION
231207-09:47:00 [INFO]  -->> READING ASICs ID
231207-09:47:01 [INFO]  <<-- FINISHED READING ASICs ID
231207-09:47:01 [INFO]  -->> LOADING DEFAULT TRIM VALUES
231207-09:47:38 [INFO]  <<-- FINISHED LOADING DEFAULT TRIM VALUES
231207-09:47:38 [INFO]  -->> READING LV VALUES AFTER CONFIGURATION
231207-09:47:50 [INFO]  <<-- FINISHED READING LV VALUES AFTER CONFIGURATION
231207-09:47:50 [INFO]  -->> QA LV 1.2 N-side: OK
231207-09:47:51 [INFO]  -->> QA LV 1.8 N-side: OK
231207-09:47:51 [INFO]  -->> QA LV 1.2 P-side: OK
231207-09:47:51 [INFO]  -->> QA LV 1.8 P-side: OK
231207-09:47:51 [INFO]  -->> READING VDDM & TEMPERATURE
231207-09:47:58 [INFO]  <<-- FINISHED READING VDDM & TEMPERATURE
231207-09:47:58 [INFO]  --> SETTING THE CALIBRATION TRIM
231207-09:49:16 [INFO]  <<-- FINISHED SETTING THE CALIBRATION TRIM
231207-09:49:16 [INFO]  --> CHECKING CHANNELS' CONNECTIVITY
231207-09:56:26 [INFO]  <<-- FINISHED CHECKING CHANNELS' CONNECTIVITY231207-12:05:18	MODULE_ID:	M3DL3B0001120B2_231207_1205
231207-12:05:20	[INFO]	MODULE ID: 	M3DL3B0001120B2
231207-12:05:25	[INFO]	-->> POWERING UP EMU BOARD
231207-12:05:46	[INFO]	-->> RUNNING SYNCHRONIZATION
231207-12:06:12	[INFO]	<<-- FINISHED SYNCHRONIZATION
231207-12:06:12	[INFO]	-->> READING LV VALUES BEFORE CONFIGURATION
231207-12:06:13	[INFO]	<<-- FINISHED READING LV VALUES BEFORE CONFIGURATION
231207-12:06:13	[INFO]	-->> LOADING STANDARD CONFIGURATION
231207-12:06:18	[INFO]	<<-- FINISHED LOADING STANDARD CONFIGURATION
231207-12:06:18	[INFO]	-->> READING ASICs ID
231207-12:06:19	[INFO]	<<-- FINISHED READING ASICs ID
231207-12:06:19	[INFO]	-->> LOADING DEFAULT TRIM VALUES
231207-12:06:58	[INFO]	<<-- FINISHED LOADING DEFAULT TRIM VALUES
231207-12:06:58	[INFO]	-->> READING LV VALUES AFTER CONFIGURATION
231207-12:07:09	[INFO]	<<-- FINISHED READING LV VALUES AFTER CONFIGURATION
231207-12:07:09	[INFO]	-->> READING VDDM & TEMPERATURE
231207-12:07:15	[INFO]	<<-- FINISHED READING VDDM & TEMPERATURE
231207-12:07:15	[INFO]	-->> LOADING DEFAULT TRIM VALUES
231207-12:07:55	[INFO]	<<-- FINISHED LOADING DEFAULT TRIM VALUES
231207-12:07:55	[INFO]	-->> FINDING VREF_P, VREF_N & THR@_GLB FOR CALIBRATION
231207-12:11:16	[INFO]	<<-- FINISHED FINDING VREF_P, VREF_N & THR@_GLB FOR CALIBRATION
231207-12:11:16	[INFO]	--> SETTING THE CALIBRATION PARAMETERS
231207-12:11:17	[INFO]	<<-- FINISHED SETTING THE CALIBRATION PARAMETERS
231207-12:11:17	[INFO]	-->> CALIBRATING THE MODULE
231207-12:17:44	[INFO]	--> CALIBRATED ASIC with HW ADDRESS 0 in elect
231207-12:26:29	[INFO]	--> CALIBRATED ASIC with HW ADDRESS 1 in elect
231207-12:35:24	[INFO]	--> CALIBRATED ASIC with HW ADDRESS 2 in elect
231207-12:42:45	[INFO]	--> CALIBRATED ASIC with HW ADDRESS 3 in elect
231207-12:49:08	[INFO]	--> CALIBRATED ASIC with HW ADDRESS 4 in elect
231207-12:55:36	[INFO]	--> CALIBRATED ASIC with HW ADDRESS 5 in elect
231207-13:01:54	[INFO]	--> CALIBRATED ASIC with HW ADDRESS 6 in elect
231207-13:09:12	[INFO]	--> CALIBRATED ASIC with HW ADDRESS 7 in elect
231207-13:15:54	[INFO]	--> CALIBRATED ASIC with HW ADDRESS 0 in holes
231207-13:22:18	[INFO]	--> CALIBRATED ASIC with HW ADDRESS 1 in holes
231207-13:28:45	[INFO]	--> CALIBRATED ASIC with HW ADDRESS 2 in holes
231207-13:36:18	[INFO]	--> CALIBRATED ASIC with HW ADDRESS 3 in holes
231207-13:43:05	[INFO]	--> CALIBRATED ASIC with HW ADDRESS 4 in holes
231207-13:50:08	[INFO]	--> CALIBRATED ASIC with HW ADDRESS 5 in holes
231207-13:58:42	[INFO]	--> CALIBRATED ASIC with HW ADDRESS 6 in holes
231207-14:07:40	[INFO]	--> CALIBRATED ASIC with HW ADDRESS 7 in holes
231207-14:07:40	[INFO]	<<-- FINISHED CALIBRATING THE MODULE
231207-14:07:40	[INFO]	--> SETTING THE CALIBRATION TRIM
231207-14:09:25	[INFO]	<<-- FINISHED SETTING THE CALIBRATION TRIM
231207-14:09:25	[INFO]	--> MEASURING ENC AND CHECKING CALIBRATION
231207-14:09:25	[INFO]	--> P-SCAN: CHECKING TRIM FOR ASIC with HW ADDRESS 0 in elect
231207-14:15:57	[INFO]	--> P-SCAN: CHECKING TRIM FOR ASIC with HW ADDRESS 1 in elect
231207-14:22:31	[INFO]	--> P-SCAN: CHECKING TRIM FOR ASIC with HW ADDRESS 2 in elect
231207-14:29:01	[INFO]	--> P-SCAN: CHECKING TRIM FOR ASIC with HW ADDRESS 3 in elect
231207-14:35:35	[INFO]	--> P-SCAN: CHECKING TRIM FOR ASIC with HW ADDRESS 4 in elect
231207-14:42:18	[INFO]	--> P-SCAN: CHECKING TRIM FOR ASIC with HW ADDRESS 5 in elect
231207-14:48:59	[INFO]	--> P-SCAN: CHECKING TRIM FOR ASIC with HW ADDRESS 6 in elect
231207-14:55:34	[INFO]	--> P-SCAN: CHECKING TRIM FOR ASIC with HW ADDRESS 7 in elect
231207-15:01:57	[INFO]	--> P-SCAN: CHECKING TRIM FOR ASIC with HW ADDRESS 0 in holes
231207-15:07:56	[INFO]	--> P-SCAN: CHECKING TRIM FOR ASIC with HW ADDRESS 1 in holes
231207-15:13:19	[INFO]	--> P-SCAN: CHECKING TRIM FOR ASIC with HW ADDRESS 2 in holes
231207-15:18:47	[INFO]	--> P-SCAN: CHECKING TRIM FOR ASIC with HW ADDRESS 3 in holes
231207-15:24:09	[INFO]	--> P-SCAN: CHECKING TRIM FOR ASIC with HW ADDRESS 4 in holes
231207-15:29:27	[INFO]	--> P-SCAN: CHECKING TRIM FOR ASIC with HW ADDRESS 5 in holes
231207-15:34:57	[INFO]	--> P-SCAN: CHECKING TRIM FOR ASIC with HW ADDRESS 6 in holes
231207-15:40:24	[INFO]	--> P-SCAN: CHECKING TRIM FOR ASIC with HW ADDRESS 7 in holes
231207-15:45:33	[INFO]	<<-- FINISHED MEASURING ENC AND CHECKING CALIBRATION
240108-09:40:01	MODULE_ID:	M3DL3B0001120B2_240108_0940
240108-09:40:03	[INFO]	MODULE ID: 	M3DL3B0001120B2
240108-09:40:32	[INFO]	-->> RUNNING SYNCHRONIZATION
240108-09:40:57	[INFO]	<<-- FINISHED SYNCHRONIZATION
240108-09:40:57	[INFO]	-->> READING LV VALUES BEFORE CONFIGURATION
240108-09:40:58	[INFO]	<<-- FINISHED READING LV VALUES BEFORE CONFIGURATION
240108-09:40:58	[INFO]	-->> LOADING STANDARD CONFIGURATION
240108-09:40:58	[INFO]	<<-- FINISHED LOADING STANDARD CONFIGURATION
240108-09:40:58	[INFO]	-->> READING ASICs ID
240108-09:40:59	[INFO]	<<-- FINISHED READING ASICs ID
240108-09:40:59	[INFO]	-->> LOADING DEFAULT TRIM VALUES
240108-09:41:36	[INFO]	<<-- FINISHED LOADING DEFAULT TRIM VALUES
240108-09:41:36	[INFO]	-->> READING LV VALUES AFTER CONFIGURATION
240108-09:41:47	[INFO]	<<-- FINISHED READING LV VALUES AFTER CONFIGURATION
240108-09:41:47	[INFO]	-->> QA LV 1.2 N-side: OK
240108-09:41:47	[INFO]	-->> QA LV 1.8 N-side: OK
240108-09:41:47	[INFO]	-->> QA LV 1.2 P-side: OK
240108-09:41:48	[INFO]	-->> QA LV 1.8 P-side: OK
240108-09:41:48	[INFO]	-->> READING VDDM & TEMPERATURE
240108-09:41:54	[INFO]	<<-- FINISHED READING VDDM & TEMPERATURE
240108-10:14:51	MODULE_ID:	M3DL3B0001120B2_240108_1014
240108-10:14:53	[INFO]	MODULE ID: 	M3DL3B0001120B2
240108-10:15:31	[INFO]	-->> RUNNING SYNCHRONIZATION
240108-10:15:56	[INFO]	<<-- FINISHED SYNCHRONIZATION
240108-10:15:56	[INFO]	-->> READING LV VALUES BEFORE CONFIGURATION
240108-10:15:57	[INFO]	<<-- FINISHED READING LV VALUES BEFORE CONFIGURATION
240108-10:15:57	[INFO]	-->> LOADING STANDARD CONFIGURATION
240108-10:15:58	[INFO]	<<-- FINISHED LOADING STANDARD CONFIGURATION
240108-10:15:58	[INFO]	-->> READING ASICs ID
240108-10:15:59	[INFO]	<<-- FINISHED READING ASICs ID
240108-10:15:59	[INFO]	-->> READING LV VALUES AFTER CONFIGURATION
240108-10:16:10	[INFO]	<<-- FINISHED READING LV VALUES AFTER CONFIGURATION
240108-10:16:10	[INFO]	-->> QA LV 1.2 N-side: OK
240108-10:16:10	[INFO]	-->> QA LV 1.8 N-side: OK
240108-10:16:10	[INFO]	-->> QA LV 1.2 P-side: OK
240108-10:16:10	[INFO]	-->> QA LV 1.8 P-side: OK
240108-10:16:10	[INFO]	-->> READING VDDM & TEMPERATURE
240108-10:16:17	[INFO]	<<-- FINISHED READING VDDM & TEMPERATURE
240108-10:16:17	[INFO]	-->> LOADING DEFAULT TRIM VALUES
240108-10:16:53	[INFO]	<<-- FINISHED LOADING DEFAULT TRIM VALUES
240108-10:16:53	[INFO]	-->> FINDING VREF_P, VREF_N & THR@_GLB FOR CALIBRATION
240108-10:22:26	[INFO]	<<-- FINISHED FINDING VREF_P, VREF_N & THR@_GLB FOR CALIBRATION
240108-10:22:26	[INFO]	--> SETTING THE CALIBRATION PARAMETERS
240108-10:22:26	[INFO]	<<-- FINISHED SETTING THE CALIBRATION PARAMETERS
240108-10:22:26	[INFO]	-->> CALIBRATING THE MODULE
240108-10:28:50	[INFO]	--> CALIBRATED ASIC with HW ADDRESS 0 in elect
240108-10:35:03	[INFO]	--> CALIBRATED ASIC with HW ADDRESS 1 in elect
240108-10:41:28	[INFO]	--> CALIBRATED ASIC with HW ADDRESS 2 in elect
240108-10:50:27	MODULE_ID:	M3DL3B0001120B2_240108_1050
240108-10:50:29	[INFO]	MODULE ID: 	M3DL3B0001120B2
240108-10:50:54	[INFO]	-->> RUNNING SYNCHRONIZATION
240108-10:51:19	[INFO]	<<-- FINISHED SYNCHRONIZATION
240108-10:51:19	[INFO]	-->> READING LV VALUES BEFORE CONFIGURATION
240108-10:51:20	[INFO]	<<-- FINISHED READING LV VALUES BEFORE CONFIGURATION
240108-10:51:20	[INFO]	-->> LOADING STANDARD CONFIGURATION
240108-10:51:21	[INFO]	<<-- FINISHED LOADING STANDARD CONFIGURATION
240108-10:51:21	[INFO]	-->> READING ASICs ID
240108-10:51:22	[INFO]	<<-- FINISHED READING ASICs ID
240108-10:51:22	[INFO]	-->> READING LV VALUES AFTER CONFIGURATION
240108-10:51:33	[INFO]	<<-- FINISHED READING LV VALUES AFTER CONFIGURATION
240108-10:51:34	[INFO]	-->> QA LV 1.2 N-side: OK
240108-10:51:34	[INFO]	-->> QA LV 1.8 N-side: OK
240108-10:51:34	[INFO]	-->> QA LV 1.2 P-side: OK
240108-10:51:34	[INFO]	-->> QA LV 1.8 P-side: OK
240108-10:51:34	[INFO]	-->> READING VDDM & TEMPERATURE
240108-10:51:40	[INFO]	<<-- FINISHED READING VDDM & TEMPERATURE
240108-10:51:40	[INFO]	-->> LOADING DEFAULT TRIM VALUES
240108-10:52:13	[INFO]	<<-- FINISHED LOADING DEFAULT TRIM VALUES
240108-10:52:13	[INFO]	-->> FINDING VREF_P, VREF_N & THR@_GLB FOR CALIBRATION
240108-10:56:46	[INFO]	<<-- FINISHED FINDING VREF_P, VREF_N & THR@_GLB FOR CALIBRATION
240108-10:56:46	[INFO]	--> SETTING THE CALIBRATION PARAMETERS
240108-10:56:46	[INFO]	<<-- FINISHED SETTING THE CALIBRATION PARAMETERS
240108-10:56:46	[INFO]	-->> CALIBRATING THE MODULE
240108-10:56:46	[INFO]	--> SKIPPING CALIBRATION FOR ASIC with HW ADDRESS 0 in elect
240108-10:56:46	[INFO]	--> SKIPPING CALIBRATION FOR ASIC with HW ADDRESS 1 in elect
240108-10:56:46	[INFO]	--> SKIPPING CALIBRATION FOR ASIC with HW ADDRESS 2 in elect
240108-11:03:20	[INFO]	--> CALIBRATED ASIC with HW ADDRESS 3 in elect
240108-11:09:51	[INFO]	--> CALIBRATED ASIC with HW ADDRESS 4 in elect
240108-11:16:19	[INFO]	--> CALIBRATED ASIC with HW ADDRESS 5 in elect
240108-11:22:49	[INFO]	--> CALIBRATED ASIC with HW ADDRESS 6 in elect
240108-11:29:13	[INFO]	--> CALIBRATED ASIC with HW ADDRESS 7 in elect
240108-11:35:41	[INFO]	--> CALIBRATED ASIC with HW ADDRESS 0 in holes
240108-11:42:08	[INFO]	--> CALIBRATED ASIC with HW ADDRESS 1 in holes
240108-11:48:31	[INFO]	--> CALIBRATED ASIC with HW ADDRESS 2 in holes
240108-11:54:50	[INFO]	--> CALIBRATED ASIC with HW ADDRESS 3 in holes
240108-12:01:10	[INFO]	--> CALIBRATED ASIC with HW ADDRESS 4 in holes
240108-12:07:47	[INFO]	--> CALIBRATED ASIC with HW ADDRESS 5 in holes
240108-12:14:21	[INFO]	--> CALIBRATED ASIC with HW ADDRESS 6 in holes
240108-12:20:50	[INFO]	--> CALIBRATED ASIC with HW ADDRESS 7 in holes
240108-12:20:50	[INFO]	<<-- FINISHED CALIBRATING THE MODULE
240108-12:20:50	[INFO]	--> SETTING THE CALIBRATION TRIM
240108-12:21:55	[INFO]	<<-- FINISHED SETTING THE CALIBRATION TRIM
240108-13:03:40	MODULE_ID:	M3DL3B0001120B2_240108_1303
240108-13:03:41	[INFO]	MODULE ID: 	M3DL3B0001120B2
240108-13:03:52	[INFO]	-->> RUNNING SYNCHRONIZATION
240108-13:04:17	[INFO]	<<-- FINISHED SYNCHRONIZATION
240108-13:04:17	[INFO]	-->> READING LV VALUES BEFORE CONFIGURATION
240108-13:04:18	[INFO]	<<-- FINISHED READING LV VALUES BEFORE CONFIGURATION
240108-13:04:18	[INFO]	-->> LOADING STANDARD CONFIGURATION
240108-13:04:19	[INFO]	<<-- FINISHED LOADING STANDARD CONFIGURATION
240108-13:04:19	[INFO]	-->> READING ASICs ID
240108-13:04:20	[INFO]	<<-- FINISHED READING ASICs ID
240108-13:04:20	[INFO]	-->> READING LV VALUES AFTER CONFIGURATION
240108-13:04:31	[INFO]	<<-- FINISHED READING LV VALUES AFTER CONFIGURATION
240108-13:04:31	[INFO]	-->> QA LV 1.2 N-side: OK
240108-13:04:31	[INFO]	-->> QA LV 1.8 N-side: OK
240108-13:04:31	[INFO]	-->> QA LV 1.2 P-side: OK
240108-13:04:31	[INFO]	-->> QA LV 1.8 P-side: OK
240108-13:04:31	[INFO]	-->> READING VDDM & TEMPERATURE
240108-13:04:37	[INFO]	<<-- FINISHED READING VDDM & TEMPERATURE
240108-13:04:37	[INFO]	--> SETTING THE CALIBRATION TRIM
240108-13:05:57	[INFO]	<<-- FINISHED SETTING THE CALIBRATION TRIM
240108-13:05:57	[INFO]	--> MEASURING ENC AND CHECKING CALIBRATION
240108-14:42:34	[INFO]	<<-- FINISHED MEASURING ENC AND CHECKING CALIBRATION
240108-15:13:09	MODULE_ID:	M3DL3B0001120B2_240108_1513
240108-15:13:10	[INFO]	MODULE ID: 	M3DL3B0001120B2
240108-15:13:26	[INFO]	-->> RUNNING SYNCHRONIZATION
240108-15:13:52	[INFO]	<<-- FINISHED SYNCHRONIZATION
240108-15:13:52	[INFO]	-->> READING LV VALUES BEFORE CONFIGURATION
240108-15:13:53	[INFO]	<<-- FINISHED READING LV VALUES BEFORE CONFIGURATION
240108-15:13:53	[INFO]	-->> LOADING STANDARD CONFIGURATION
240108-15:13:53	[INFO]	<<-- FINISHED LOADING STANDARD CONFIGURATION
240108-15:13:53	[INFO]	-->> READING ASICs ID
240108-15:13:54	[INFO]	<<-- FINISHED READING ASICs ID
240108-15:13:54	[INFO]	-->> READING LV VALUES AFTER CONFIGURATION
240108-15:14:05	[INFO]	<<-- FINISHED READING LV VALUES AFTER CONFIGURATION
240108-15:14:05	[INFO]	-->> QA LV 1.2 N-side: OK
240108-15:14:06	[INFO]	-->> QA LV 1.8 N-side: OK
240108-15:14:06	[INFO]	-->> QA LV 1.2 P-side: OK
240108-15:14:06	[INFO]	-->> QA LV 1.8 P-side: OK
240108-15:14:06	[INFO]	-->> READING VDDM & TEMPERATURE
240108-15:14:13	[INFO]	<<-- FINISHED READING VDDM & TEMPERATURE
240108-15:14:13	[INFO]	--> SETTING THE CALIBRATION TRIM
240108-15:15:33	[INFO]	<<-- FINISHED SETTING THE CALIBRATION TRIM
240108-15:15:33	[INFO]	--> CHECKING CHANNELS' CONNECTIVITY
240108-15:22:55	[INFO]	<<-- FINISHED CHECKING CHANNELS' CONNECTIVITY
