231208-18:23:48	MODULE_ID:	M3DL3B1001121B2
231208-18:23:48	[INFO]	MODULE ID: 	M3DL3B1001121B2
231208-18:24:28	[INFO]	-->> RUNNING SYNCHRONIZATION
231208-18:24:57	[INFO]	<<-- FINISHED SYNCHRONIZATION
231208-18:24:57	[INFO]	-->> READING LV VALUES BEFORE CONFIGURATION
231208-18:24:58	[INFO]	<<-- FINISHED READING LV VALUES BEFORE CONFIGURATION
231208-18:24:58	[INFO]	-->> LOADING STANDARD CONFIGURATION
231208-18:25:05	[INFO]	<<-- FINISHED LOADING STANDARD CONFIGURATION
231208-18:25:05	[INFO]	-->> READING ASICs ID
231208-18:25:06	[INFO]	<<-- FINISHED READING ASICs ID
231208-18:25:06	[INFO]	-->> READING LV VALUES AFTER CONFIGURATION
231208-18:25:17	[INFO]	<<-- FINISHED READING LV VALUES AFTER CONFIGURATION
231208-18:25:18	[INFO]	-->> QA LV 1.2 N-side: OK
231208-18:25:18	[INFO]	-->> QA LV 1.8 N-side: OK
231208-18:25:18	[INFO]	-->> QA LV 1.2 P-side: OK
231208-18:25:18	[INFO]	-->> QA LV 1.8 P-side: OK
231208-18:25:18	[INFO]	-->> READING VDDM & TEMPERATURE
231208-18:25:25	[INFO]	<<-- FINISHED READING VDDM & TEMPERATURE
231208-18:28:21	MODULE_ID:	M3DL3B1001121B2
231208-18:28:28	[INFO]	MODULE ID: 	M3DL3B1001121B2
231208-18:28:46	[INFO]	-->> RUNNING SYNCHRONIZATION
231208-18:29:12	[INFO]	<<-- FINISHED SYNCHRONIZATION
231208-18:29:12	[INFO]	-->> READING LV VALUES BEFORE CONFIGURATION
231208-18:29:13	[INFO]	<<-- FINISHED READING LV VALUES BEFORE CONFIGURATION
231208-18:29:13	[INFO]	-->> LOADING STANDARD CONFIGURATION
231208-18:29:18	[INFO]	<<-- FINISHED LOADING STANDARD CONFIGURATION
231208-18:29:18	[INFO]	-->> READING ASICs ID
231208-18:29:19	[INFO]	<<-- FINISHED READING ASICs ID
231208-18:29:19	[INFO]	-->> READING LV VALUES AFTER CONFIGURATION
231208-18:29:30	[INFO]	<<-- FINISHED READING LV VALUES AFTER CONFIGURATION
231208-18:29:30	[INFO]	-->> QA LV 1.2 N-side: OK
231208-18:29:30	[INFO]	-->> QA LV 1.8 N-side: OK
231208-18:29:30	[INFO]	-->> QA LV 1.2 P-side: OK
231208-18:29:30	[INFO]	-->> QA LV 1.8 P-side: OK
231208-18:29:30	[INFO]	-->> READING VDDM & TEMPERATURE
231208-18:29:37	[INFO]	<<-- FINISHED READING VDDM & TEMPERATURE
231208-18:30:25	MODULE_ID:	M3DL3B1001121B2
231208-18:30:27	[INFO]	MODULE ID: 	M3DL3B1001121B2
231208-18:30:53	[INFO]	-->> RUNNING SYNCHRONIZATION
231208-18:31:18	[INFO]	<<-- FINISHED SYNCHRONIZATION
231208-18:31:18	[INFO]	-->> READING LV VALUES BEFORE CONFIGURATION
231208-18:31:20	[INFO]	<<-- FINISHED READING LV VALUES BEFORE CONFIGURATION
231208-18:31:20	[INFO]	-->> LOADING STANDARD CONFIGURATION
231208-18:31:24	[INFO]	<<-- FINISHED LOADING STANDARD CONFIGURATION
231208-18:31:24	[INFO]	-->> READING ASICs ID
231208-18:31:25	[INFO]	<<-- FINISHED READING ASICs ID
231208-18:31:25	[INFO]	-->> READING LV VALUES AFTER CONFIGURATION
231208-18:31:36	[INFO]	<<-- FINISHED READING LV VALUES AFTER CONFIGURATION
231208-18:31:37	[INFO]	-->> QA LV 1.2 N-side: OK
231208-18:31:37	[INFO]	-->> QA LV 1.8 N-side: OK
231208-18:31:37	[INFO]	-->> QA LV 1.2 P-side: OK
231208-18:31:37	[INFO]	-->> QA LV 1.8 P-side: OK
231208-18:31:37	[INFO]	-->> READING VDDM & TEMPERATURE
231208-18:31:44	[INFO]	<<-- FINISHED READING VDDM & TEMPERATURE
231208-18:31:44	[INFO]	-->> LOADING DEFAULT TRIM VALUES
231208-18:32:21	[INFO]	<<-- FINISHED LOADING DEFAULT TRIM VALUES
231208-18:32:21	[INFO]	-->> FINDING VREF_P, VREF_N & THR@_GLB FOR CALIBRATION
231208-18:35:38	[INFO]	<<-- FINISHED FINDING VREF_P, VREF_N & THR@_GLB FOR CALIBRATION
231208-18:35:38	[INFO]	--> SETTING THE CALIBRATION PARAMETERS
231208-18:35:38	[INFO]	<<-- FINISHED SETTING THE CALIBRATION PARAMETERS
231208-18:35:38	[INFO]	-->> CALIBRATING THE MODULE
231208-18:43:18	[INFO]	--> CALIBRATED ASIC with HW ADDRESS 0 in elect
231208-18:50:32	[INFO]	--> CALIBRATED ASIC with HW ADDRESS 1 in elect
231208-18:57:43	[INFO]	--> CALIBRATED ASIC with HW ADDRESS 2 in elect
231208-19:04:13	[INFO]	--> CALIBRATED ASIC with HW ADDRESS 3 in elect
231208-19:10:44	[INFO]	--> CALIBRATED ASIC with HW ADDRESS 4 in elect
231208-19:17:10	[INFO]	--> CALIBRATED ASIC with HW ADDRESS 5 in elect
231208-19:23:36	[INFO]	--> CALIBRATED ASIC with HW ADDRESS 6 in elect
231208-19:30:05	[INFO]	--> CALIBRATED ASIC with HW ADDRESS 7 in elect
231208-19:36:36	[INFO]	--> CALIBRATED ASIC with HW ADDRESS 0 in holes
231208-19:43:09	[INFO]	--> CALIBRATED ASIC with HW ADDRESS 1 in holes
231208-19:49:33	[INFO]	--> CALIBRATED ASIC with HW ADDRESS 2 in holes
231208-19:56:05	[INFO]	--> CALIBRATED ASIC with HW ADDRESS 3 in holes
231208-20:02:39	[INFO]	--> CALIBRATED ASIC with HW ADDRESS 4 in holes
231208-20:09:13	[INFO]	--> CALIBRATED ASIC with HW ADDRESS 5 in holes
231208-20:15:48	[INFO]	--> CALIBRATED ASIC with HW ADDRESS 6 in holes
231208-20:22:19	[INFO]	--> CALIBRATED ASIC with HW ADDRESS 7 in holes
231208-20:22:19	[INFO]	<<-- FINISHED CALIBRATING THE MODULE
231208-20:22:19	[INFO]	--> SETTING THE CALIBRATION TRIM
231208-20:23:39	[INFO]	<<-- FINISHED SETTING THE CALIBRATION TRIM
231208-20:23:39	[INFO]	--> MEASURING ENC AND CHECKING CALIBRATION
231208-21:51:14	[INFO]	<<-- FINISHED MEASURING ENC AND CHECKING CALIBRATION
231209-17:11:34	MODULE_ID:	M3DL3B1001121B2_231209_1711
231209-17:11:39	[INFO]	MODULE ID: 	M3DL3B1001121B2
231209-17:12:06	[INFO]	-->> RUNNING SYNCHRONIZATION
231209-17:15:10	MODULE_ID:	M3DL3B1001121B2_231209_1715
231209-17:15:12	[INFO]	MODULE ID: 	M3DL3B1001121B2
231209-17:15:37	[INFO]	-->> RUNNING SYNCHRONIZATION
231209-17:16:03	[INFO]	<<-- FINISHED SYNCHRONIZATION
231209-17:16:03	[INFO]	-->> READING LV VALUES BEFORE CONFIGURATION
231209-17:16:05	[INFO]	<<-- FINISHED READING LV VALUES BEFORE CONFIGURATION
231209-17:16:05	[INFO]	-->> LOADING STANDARD CONFIGURATION
231209-17:16:10	[INFO]	<<-- FINISHED LOADING STANDARD CONFIGURATION
231209-17:16:10	[INFO]	-->> READING ASICs ID
231209-17:16:10	[INFO]	<<-- FINISHED READING ASICs ID
231209-17:16:10	[INFO]	-->> READING LV VALUES AFTER CONFIGURATION
231209-17:16:21	[INFO]	<<-- FINISHED READING LV VALUES AFTER CONFIGURATION
231209-17:16:22	[INFO]	-->> QA LV 1.2 N-side: OK
231209-17:16:22	[INFO]	-->> QA LV 1.8 N-side: OK
231209-17:16:22	[INFO]	-->> QA LV 1.2 P-side: OK
231209-17:16:22	[INFO]	-->> QA LV 1.8 P-side: OK
231209-17:16:22	[INFO]	-->> READING VDDM & TEMPERATURE
231209-17:16:29	[INFO]	<<-- FINISHED READING VDDM & TEMPERATURE
231209-17:16:29	[INFO]	--> SETTING THE CALIBRATION PARAMETERS
231209-17:19:27	MODULE_ID:	M3DL3B1001121B2_231209_1719
231209-17:19:29	[INFO]	MODULE ID: 	M3DL3B1001121B2
231209-17:19:46	[INFO]	-->> RUNNING SYNCHRONIZATION
231209-17:20:15	[INFO]	<<-- FINISHED SYNCHRONIZATION
231209-17:20:15	[INFO]	-->> READING LV VALUES BEFORE CONFIGURATION
231209-17:20:16	[INFO]	<<-- FINISHED READING LV VALUES BEFORE CONFIGURATION
231209-17:20:16	[INFO]	-->> LOADING STANDARD CONFIGURATION
231209-17:20:23	[INFO]	<<-- FINISHED LOADING STANDARD CONFIGURATION
231209-17:20:23	[INFO]	-->> READING ASICs ID
231209-17:20:24	[INFO]	<<-- FINISHED READING ASICs ID
231209-17:20:24	[INFO]	-->> READING LV VALUES AFTER CONFIGURATION
231209-17:20:35	[INFO]	<<-- FINISHED READING LV VALUES AFTER CONFIGURATION
231209-17:20:35	[INFO]	-->> QA LV 1.2 N-side: OK
231209-17:20:35	[INFO]	-->> QA LV 1.8 N-side: OK
231209-17:20:36	[INFO]	-->> QA LV 1.2 P-side: OK
231209-17:20:36	[INFO]	-->> QA LV 1.8 P-side: OK
231209-17:20:36	[INFO]	-->> READING VDDM & TEMPERATURE
231209-17:20:43	[INFO]	<<-- FINISHED READING VDDM & TEMPERATURE
231209-17:20:43	[INFO]	--> SETTING THE CALIBRATION TRIM
231209-17:22:08	[INFO]	<<-- FINISHED SETTING THE CALIBRATION TRIM
231209-17:22:08	[INFO]	--> CHECKING CHANNELS' CONNECTIVITY
231209-17:28:51	[INFO]	<<-- FINISHED CHECKING CHANNELS' CONNECTIVITY
240108-17:21:44	MODULE_ID:	M3DL3B1001121B2_240108_1721
240108-17:22:10	[INFO]	TEST_CENTER: GSI
240108-17:22:28	[INFO]	OPERATOR_ID: None
240108-17:22:28	[INFO]	MODULE ID: 	M3DL3B1001121B2
240108-17:22:28	[INFO]	SENSOR_SIZE [mm]: 	42
240108-17:22:28	[INFO]	SENSOR_QGRADE: 	B
240108-17:23:05	[INFO]	-->> RUNNING SYNCHRONIZATION
240108-17:29:08	MODULE_ID:	M3DL3B1001121B2_240108_1729
240108-17:29:22	[INFO]	TEST_CENTER: na
240108-17:29:40	MODULE_ID:	M3DL3B1001121B2_240108_1729
240108-17:29:48	[INFO]	TEST_CENTER: GSI
240108-17:30:19	[INFO]	OPERATOR_ID: None
240108-17:30:19	[INFO]	MODULE ID: 	M3DL3B1001121B2
240108-17:30:19	[INFO]	SENSOR_SIZE [mm]: 	42
240108-17:30:19	[INFO]	SENSOR_QGRADE: 	B
240108-17:30:50	[INFO]	-->> RUNNING SYNCHRONIZATION
240108-17:31:18	[INFO]	<<-- FINISHED SYNCHRONIZATION
240108-17:31:18	[INFO]	-->> READING LV VALUES BEFORE CONFIGURATION
240108-17:31:19	[INFO]	<<-- FINISHED READING LV VALUES BEFORE CONFIGURATION
240108-17:31:19	[INFO]	-->> LOADING STANDARD CONFIGURATION
240108-17:31:25	[INFO]	<<-- FINISHED LOADING STANDARD CONFIGURATION
240108-17:31:25	[INFO]	-->> READING ASICs ID
240108-17:31:26	[INFO]	<<-- FINISHED READING ASICs ID
240108-17:31:26	[INFO]	-->> LOADING DEFAULT TRIM VALUES
240108-17:32:14	[INFO]	<<-- FINISHED LOADING DEFAULT TRIM VALUES
240108-17:32:14	[INFO]	-->> READING LV VALUES AFTER CONFIGURATION
240108-17:32:25	[INFO]	<<-- FINISHED READING LV VALUES AFTER CONFIGURATION
240108-17:32:25	[INFO]	-->> READING VDDM & TEMPERATURE
240108-17:32:32	[INFO]	<<-- FINISHED READING VDDM & TEMPERATURE
240108-17:45:46	MODULE_ID:	M3DL3B1001121B2_240108_1745
240108-17:45:55	[INFO]	TEST_CENTER: GSI
240108-17:46:02	[INFO]	OPERATOR_ID: None
240108-17:46:02	[INFO]	MODULE ID: 	M3DL3B1001121B2
240108-17:46:02	[INFO]	SENSOR_SIZE [mm]: 	42
240108-17:46:02	[INFO]	SENSOR_QGRADE: 	B
240108-17:46:29	[INFO]	-->> RUNNING SYNCHRONIZATION
240108-17:46:55	[INFO]	<<-- FINISHED SYNCHRONIZATION
240108-17:46:55	[INFO]	-->> READING LV VALUES BEFORE CONFIGURATION
240108-17:46:56	[INFO]	<<-- FINISHED READING LV VALUES BEFORE CONFIGURATION
240108-17:46:56	[INFO]	-->> LOADING STANDARD CONFIGURATION
240108-17:47:01	[INFO]	<<-- FINISHED LOADING STANDARD CONFIGURATION
240108-17:47:01	[INFO]	-->> READING ASICs ID
240108-17:47:02	[INFO]	<<-- FINISHED READING ASICs ID
240108-17:47:02	[INFO]	-->> READING LV VALUES AFTER CONFIGURATION
240108-17:47:13	[INFO]	<<-- FINISHED READING LV VALUES AFTER CONFIGURATION
240108-17:47:13	[INFO]	-->> READING VDDM & TEMPERATURE
240108-17:47:19	[INFO]	<<-- FINISHED READING VDDM & TEMPERATURE
240108-17:47:19	[INFO]	-->> LOADING DEFAULT TRIM VALUES
240108-17:47:59	[INFO]	<<-- FINISHED LOADING DEFAULT TRIM VALUES
240108-17:47:59	[INFO]	-->> FINDING VREF_P, VREF_N & THR@_GLB FOR CALIBRATION
240108-17:53:39	[INFO]	<<-- FINISHED FINDING VREF_P, VREF_N & THR@_GLB FOR CALIBRATION
240108-17:53:39	[INFO]	--> SETTING THE CALIBRATION PARAMETERS
240108-17:53:39	[INFO]	<<-- FINISHED SETTING THE CALIBRATION PARAMETERS
240108-17:53:39	[INFO]	-->> CALIBRATING THE MODULE
240108-18:00:01	[INFO]	CAL_ASIC_HW_ADDR_0: ftrim_XA-000-08-001-064-050-192-06_HW_0_SET_57_27_118_33_R_30_247_elect.txt
240108-18:06:18	[INFO]	CAL_ASIC_HW_ADDR_1: ftrim_XA-000-08-001-064-050-200-06_HW_1_SET_56_26_118_32_R_30_247_elect.txt
240108-18:12:37	[INFO]	CAL_ASIC_HW_ADDR_2: ftrim_XA-000-08-001-064-050-152-04_HW_2_SET_57_26_118_33_R_30_247_elect.txt
240108-18:18:55	[INFO]	CAL_ASIC_HW_ADDR_3: ftrim_XA-000-08-001-064-050-120-05_HW_3_SET_56_29_118_31_R_30_247_elect.txt
240108-18:25:12	[INFO]	CAL_ASIC_HW_ADDR_4: ftrim_XA-000-08-001-064-052-000-12_HW_4_SET_55_26_118_33_R_30_247_elect.txt
240108-18:31:31	[INFO]	CAL_ASIC_HW_ADDR_5: ftrim_XA-000-08-002-000-001-052-10_HW_5_SET_56_26_118_35_R_30_247_elect.txt
240108-18:37:47	[INFO]	CAL_ASIC_HW_ADDR_6: ftrim_XA-000-08-001-064-050-184-10_HW_6_SET_55_25_118_35_R_30_247_elect.txt
240108-18:44:04	[INFO]	CAL_ASIC_HW_ADDR_7: ftrim_XA-000-08-002-000-001-027-04_HW_7_SET_55_27_118_36_R_30_247_elect.txt
240108-18:50:18	[INFO]	CAL_ASIC_HW_ADDR_0: ftrim_XA-000-08-002-000-001-038-13_HW_0_SET_58_23_118_32_R_30_247_holes.txt
240108-18:56:38	[INFO]	CAL_ASIC_HW_ADDR_1: ftrim_XA-000-08-002-000-001-030-04_HW_1_SET_57_25_118_40_R_30_247_holes.txt
240108-19:02:57	[INFO]	CAL_ASIC_HW_ADDR_2: ftrim_XA-000-08-002-000-001-035-13_HW_2_SET_55_25_118_25_R_30_247_holes.txt
240108-19:09:15	[INFO]	CAL_ASIC_HW_ADDR_3: ftrim_XA-000-08-002-000-001-033-13_HW_3_SET_55_22_118_31_R_30_247_holes.txt
240108-19:15:33	[INFO]	CAL_ASIC_HW_ADDR_4: ftrim_XA-000-08-002-000-001-029-04_HW_4_SET_56_24_118_30_R_30_247_holes.txt
240108-19:21:51	[INFO]	CAL_ASIC_HW_ADDR_5: ftrim_XA-000-08-002-000-001-031-04_HW_5_SET_57_22_118_30_R_30_247_holes.txt
240108-19:28:10	[INFO]	CAL_ASIC_HW_ADDR_6: ftrim_XA-000-08-002-000-001-028-04_HW_6_SET_56_24_118_29_R_30_247_holes.txt
240108-19:34:26	[INFO]	CAL_ASIC_HW_ADDR_7: ftrim_XA-000-08-002-000-001-032-13_HW_7_SET_58_24_118_26_R_30_247_holes.txt
240108-19:34:26	[INFO]	<<-- FINISHED CALIBRATING THE MODULE
240108-19:34:26	[INFO]	--> SETTING THE CALIBRATION TRIM
240108-19:35:44	[INFO]	<<-- FINISHED SETTING THE CALIBRATION TRIM
240108-19:35:44	[INFO]	--> MEASURING ENC AND CHECKING CALIBRATION
240108-19:41:07	[INFO]	PSCAN_ASIC_HW_ADDR_0: pscan_240108_1935_XA-000-08-001-064-050-192-06_HW_0_SET_57_27_118_33_VP_0_255_1_NP_100_elect.txt
240108-19:46:34	[INFO]	PSCAN_ASIC_HW_ADDR_1: pscan_240108_1941_XA-000-08-001-064-050-200-06_HW_1_SET_56_26_118_32_VP_0_255_1_NP_100_elect.txt
240108-19:52:01	[INFO]	PSCAN_ASIC_HW_ADDR_2: pscan_240108_1946_XA-000-08-001-064-050-152-04_HW_2_SET_57_26_118_33_VP_0_255_1_NP_100_elect.txt
240108-19:57:25	[INFO]	PSCAN_ASIC_HW_ADDR_3: pscan_240108_1952_XA-000-08-001-064-050-120-05_HW_3_SET_56_29_118_31_VP_0_255_1_NP_100_elect.txt
240108-20:02:49	[INFO]	PSCAN_ASIC_HW_ADDR_4: pscan_240108_1957_XA-000-08-001-064-052-000-12_HW_4_SET_55_26_118_33_VP_0_255_1_NP_100_elect.txt
240108-20:08:13	[INFO]	PSCAN_ASIC_HW_ADDR_5: pscan_240108_2002_XA-000-08-002-000-001-052-10_HW_5_SET_56_26_118_35_VP_0_255_1_NP_100_elect.txt
240108-20:13:38	[INFO]	PSCAN_ASIC_HW_ADDR_6: pscan_240108_2008_XA-000-08-001-064-050-184-10_HW_6_SET_55_25_118_35_VP_0_255_1_NP_100_elect.txt
240108-20:19:02	[INFO]	PSCAN_ASIC_HW_ADDR_7: pscan_240108_2013_XA-000-08-002-000-001-027-04_HW_7_SET_55_27_118_36_VP_0_255_1_NP_100_elect.txt
240108-20:24:28	[INFO]	PSCAN_ASIC_HW_ADDR_0: pscan_240108_2019_XA-000-08-002-000-001-038-13_HW_0_SET_58_23_118_32_VP_0_255_1_NP_100_holes.txt
240108-20:29:52	[INFO]	PSCAN_ASIC_HW_ADDR_1: pscan_240108_2024_XA-000-08-002-000-001-030-04_HW_1_SET_57_25_118_40_VP_0_255_1_NP_100_holes.txt
240108-20:35:19	[INFO]	PSCAN_ASIC_HW_ADDR_2: pscan_240108_2029_XA-000-08-002-000-001-035-13_HW_2_SET_55_25_118_25_VP_0_255_1_NP_100_holes.txt
240108-20:40:48	[INFO]	PSCAN_ASIC_HW_ADDR_3: pscan_240108_2035_XA-000-08-002-000-001-033-13_HW_3_SET_55_22_118_31_VP_0_255_1_NP_100_holes.txt
240108-20:46:12	[INFO]	PSCAN_ASIC_HW_ADDR_4: pscan_240108_2040_XA-000-08-002-000-001-029-04_HW_4_SET_56_24_118_30_VP_0_255_1_NP_100_holes.txt
240108-20:51:38	[INFO]	PSCAN_ASIC_HW_ADDR_5: pscan_240108_2046_XA-000-08-002-000-001-031-04_HW_5_SET_57_22_118_30_VP_0_255_1_NP_100_holes.txt
240108-20:57:02	[INFO]	PSCAN_ASIC_HW_ADDR_6: pscan_240108_2051_XA-000-08-002-000-001-028-04_HW_6_SET_56_24_118_29_VP_0_255_1_NP_100_holes.txt
240108-21:02:27	[INFO]	PSCAN_ASIC_HW_ADDR_7: pscan_240108_2057_XA-000-08-002-000-001-032-13_HW_7_SET_58_24_118_26_VP_0_255_1_NP_100_holes.txt
240108-21:02:27	[INFO]	<<-- FINISHED MEASURING ENC AND CHECKING CALIBRATION
240109-09:45:57	MODULE_ID:	M3DL3B1001121B2_240109_0946
240109-09:46:07	[INFO]	TEST_CENTER: GSI
240109-09:46:24	[INFO]	OPERATOR_ID: None
240109-09:46:24	[INFO]	MODULE ID: 	M3DL3B1001121B2
240109-09:46:24	[INFO]	SENSOR_SIZE [mm]: 	42
240109-09:46:24	[INFO]	SENSOR_QGRADE: 	B
240109-09:46:59	[INFO]	-->> RUNNING SYNCHRONIZATION
240109-09:47:25	[INFO]	<<-- FINISHED SYNCHRONIZATION
240109-09:47:25	[INFO]	-->> READING LV VALUES BEFORE CONFIGURATION
240109-09:47:26	[INFO]	<<-- FINISHED READING LV VALUES BEFORE CONFIGURATION
240109-09:47:26	[INFO]	-->> LOADING STANDARD CONFIGURATION
240109-09:47:31	[INFO]	<<-- FINISHED LOADING STANDARD CONFIGURATION
240109-09:47:31	[INFO]	-->> READING ASICs ID
240109-09:47:32	[INFO]	<<-- FINISHED READING ASICs ID
240109-09:47:32	[INFO]	-->> READING LV VALUES AFTER CONFIGURATION
240109-09:47:43	[INFO]	<<-- FINISHED READING LV VALUES AFTER CONFIGURATION
240109-09:47:43	[INFO]	-->> READING VDDM & TEMPERATURE
240109-09:47:49	[INFO]	<<-- FINISHED READING VDDM & TEMPERATURE
240109-09:47:49	[INFO]	--> SETTING THE CALIBRATION TRIM
240109-09:49:12	[INFO]	<<-- FINISHED SETTING THE CALIBRATION TRIM
240109-09:49:12	[INFO]	--> CHECKING CHANNELS' CONNECTIVITY
240109-09:49:12	[INFO]	CONN-CHECK_ASIC_HW_ADDR_0: elect
240109-09:49:26	[INFO]	CONN-CHECK_ASIC_HW_ADDR_1: elect
240109-09:49:39	[INFO]	CONN-CHECK_ASIC_HW_ADDR_2: elect
240109-09:49:51	[INFO]	CONN-CHECK_ASIC_HW_ADDR_3: elect
240109-09:50:04	[INFO]	CONN-CHECK_ASIC_HW_ADDR_4: elect
240109-09:50:17	[INFO]	CONN-CHECK_ASIC_HW_ADDR_5: elect
240109-09:50:30	[INFO]	CONN-CHECK_ASIC_HW_ADDR_6: elect
240109-09:50:41	[INFO]	CONN-CHECK_ASIC_HW_ADDR_7: elect
240109-09:50:54	[INFO]	CONN-CHECK_ASIC_HW_ADDR_0: holes
240109-09:51:07	[INFO]	CONN-CHECK_ASIC_HW_ADDR_1: holes
240109-09:51:19	[INFO]	CONN-CHECK_ASIC_HW_ADDR_2: holes
240109-09:51:32	[INFO]	CONN-CHECK_ASIC_HW_ADDR_3: holes
240109-09:51:45	[INFO]	CONN-CHECK_ASIC_HW_ADDR_4: holes
240109-09:51:58	[INFO]	CONN-CHECK_ASIC_HW_ADDR_5: holes
240109-09:52:11	[INFO]	CONN-CHECK_ASIC_HW_ADDR_6: holes
240109-09:52:24	[INFO]	CONN-CHECK_ASIC_HW_ADDR_7: holes
240109-09:52:37	[INFO]	<<-- FINISHED CHECKING CHANNELS' CONNECTIVITY
