240801-11:50:24	MODULE_ID:	M4DL2B3001163B2
240801-11:50:24	[INFO]	TEST_CENTER: GSI
240801-11:50:24	[INFO]	OPERATOR_ID: Dairon Rodriguez Garces
240801-11:50:24	[INFO]	MODULE ID: 	M4DL2B3001163B2
240801-11:50:24	[INFO]	SENSOR_SIZE [mm]: 	124
240801-11:50:24	[INFO]	SENSOR_QGRADE: 	B
240801-11:51:27	[INFO]	-->> RUNNING SYNCHRONIZATION
240801-11:51:56	[INFO]	<<-- FINISHED SYNCHRONIZATION
240801-11:51:56	[INFO]	-->> READING LV VALUES BEFORE CONFIGURATION
240801-11:51:56	[INFO]	<<-- FINISHED READING LV VALUES BEFORE CONFIGURATION
240801-11:51:56	[INFO]	-->> LOADING STANDARD CONFIGURATION
240801-11:52:03	[INFO]	<<-- FINISHED LOADING STANDARD CONFIGURATION
240801-11:52:03	[INFO]	-->> READING ASICs ID
240801-11:52:04	[INFO]	<<-- FINISHED READING ASICs ID
240801-11:52:04	[INFO]	-->> LOADING DEFAULT TRIM VALUES
240801-11:52:57	[INFO]	<<-- FINISHED LOADING DEFAULT TRIM VALUES
240801-11:52:57	[INFO]	-->> READING LV VALUES AFTER CONFIGURATION
240801-11:53:07	[INFO]	<<-- FINISHED READING LV VALUES AFTER CONFIGURATION
240801-11:53:07	[INFO]	-->> READING VDDM & TEMPERATURE
240801-11:53:10	[INFO]	<<-- FINISHED READING VDDM & TEMPERATURE
240801-11:53:10	[INFO]	-->> LOADING DEFAULT TRIM VALUES
240801-11:54:06	[INFO]	<<-- FINISHED LOADING DEFAULT TRIM VALUES
240801-11:54:06	[INFO]	-->> FINDING VREF_P, VREF_N & THR@_GLB FOR CALIBRATION
240801-12:00:58	[INFO]	<<-- FINISHED FINDING VREF_P, VREF_N & THR@_GLB FOR CALIBRATION
240801-12:00:58	[INFO]	--> SETTING THE CALIBRATION PARAMETERS
240801-12:00:58	[INFO]	<<-- FINISHED SETTING THE CALIBRATION PARAMETERS
240801-12:00:58	[INFO]	-->> CALIBRATING THE MODULE
240801-12:09:48	[INFO]	CAL_ASIC_HW_ADDR_7: ftrim_XA-000-08-002-000-004-154-05_HW_7_SET_56_22_118_36_R_30_247_elect.txt
240801-12:18:55	[INFO]	CAL_ASIC_HW_ADDR_6: ftrim_XA-000-08-002-000-004-138-02_HW_6_SET_57_22_118_41_R_30_247_elect.txt
240801-12:28:13	[INFO]	CAL_ASIC_HW_ADDR_5: ftrim_XA-000-08-002-000-004-146-05_HW_5_SET_57_25_118_37_R_30_247_elect.txt
240801-12:37:09	[INFO]	CAL_ASIC_HW_ADDR_4: ftrim_XA-000-08-002-000-004-137-02_HW_4_SET_56_23_118_33_R_30_247_elect.txt
240801-12:46:03	[INFO]	CAL_ASIC_HW_ADDR_3: ftrim_XA-000-08-002-000-004-151-05_HW_3_SET_56_23_118_39_R_30_247_elect.txt
240801-12:54:54	[INFO]	CAL_ASIC_HW_ADDR_2: ftrim_XA-000-08-002-000-004-136-02_HW_2_SET_56_26_118_41_R_30_247_elect.txt
240801-13:03:41	[INFO]	CAL_ASIC_HW_ADDR_1: ftrim_XA-000-08-002-000-004-130-02_HW_1_SET_56_23_118_37_R_30_247_elect.txt
240801-13:12:22	[INFO]	CAL_ASIC_HW_ADDR_0: ftrim_XA-000-08-002-000-004-201-07_HW_0_SET_56_24_118_50_R_30_247_elect.txt
240801-13:21:07	[INFO]	CAL_ASIC_HW_ADDR_1: ftrim_XA-000-08-002-000-004-056-01_HW_1_SET_56_21_118_65_R_30_247_holes.txt
240801-13:29:58	[INFO]	CAL_ASIC_HW_ADDR_0: ftrim_XA-000-08-002-000-000-233-15_HW_0_SET_57_24_118_29_R_30_247_holes.txt
240801-13:38:46	[INFO]	CAL_ASIC_HW_ADDR_3: ftrim_XA-000-08-002-000-004-057-01_HW_3_SET_57_23_118_36_R_30_247_holes.txt
240801-13:47:40	[INFO]	CAL_ASIC_HW_ADDR_2: ftrim_XA-000-08-002-000-000-227-15_HW_2_SET_56_22_118_31_R_30_247_holes.txt
240801-13:56:31	[INFO]	CAL_ASIC_HW_ADDR_5: ftrim_XA-000-08-002-000-004-046-06_HW_5_SET_56_22_118_29_R_30_247_holes.txt
240801-14:05:15	[INFO]	CAL_ASIC_HW_ADDR_4: ftrim_XA-000-08-002-000-000-226-15_HW_4_SET_57_22_118_25_R_30_247_holes.txt
240801-14:14:00	[INFO]	CAL_ASIC_HW_ADDR_7: ftrim_XA-000-08-002-000-004-047-06_HW_7_SET_56_21_118_34_R_30_247_holes.txt
240801-14:22:46	[INFO]	CAL_ASIC_HW_ADDR_6: ftrim_XA-000-08-002-000-000-229-15_HW_6_SET_57_22_118_26_R_30_247_holes.txt
240801-14:22:46	[INFO]	<<-- FINISHED CALIBRATING THE MODULE
240801-14:22:46	[INFO]	--> SETTING THE CALIBRATION TRIM
240801-14:24:35	[INFO]	<<-- FINISHED SETTING THE CALIBRATION TRIM
240801-14:24:35	[INFO]	--> MEASURING ENC AND CHECKING CALIBRATION
240801-14:31:44	[INFO]	PSCAN_ASIC_HW_ADDR_7: pscan_240801_1424_XA-000-08-002-000-004-154-05_HW_7_SET_56_22_118_36_VP_0_255_1_NP_100_elect.txt
240801-14:38:52	[INFO]	PSCAN_ASIC_HW_ADDR_6: pscan_240801_1431_XA-000-08-002-000-004-138-02_HW_6_SET_57_22_118_41_VP_0_255_1_NP_100_elect.txt
240801-14:46:01	[INFO]	PSCAN_ASIC_HW_ADDR_5: pscan_240801_1438_XA-000-08-002-000-004-146-05_HW_5_SET_57_25_118_37_VP_0_255_1_NP_100_elect.txt
240801-14:53:10	[INFO]	PSCAN_ASIC_HW_ADDR_4: pscan_240801_1446_XA-000-08-002-000-004-137-02_HW_4_SET_56_23_118_33_VP_0_255_1_NP_100_elect.txt
240801-15:00:18	[INFO]	PSCAN_ASIC_HW_ADDR_3: pscan_240801_1453_XA-000-08-002-000-004-151-05_HW_3_SET_56_23_118_39_VP_0_255_1_NP_100_elect.txt
240801-15:07:28	[INFO]	PSCAN_ASIC_HW_ADDR_2: pscan_240801_1500_XA-000-08-002-000-004-136-02_HW_2_SET_56_26_118_41_VP_0_255_1_NP_100_elect.txt
240801-15:14:37	[INFO]	PSCAN_ASIC_HW_ADDR_1: pscan_240801_1507_XA-000-08-002-000-004-130-02_HW_1_SET_56_23_118_37_VP_0_255_1_NP_100_elect.txt
240801-15:21:43	[INFO]	PSCAN_ASIC_HW_ADDR_0: pscan_240801_1514_XA-000-08-002-000-004-201-07_HW_0_SET_56_24_118_50_VP_0_255_1_NP_100_elect.txt
240801-15:28:52	[INFO]	PSCAN_ASIC_HW_ADDR_1: pscan_240801_1521_XA-000-08-002-000-004-056-01_HW_1_SET_56_21_118_65_VP_0_255_1_NP_100_holes.txt
240801-15:36:07	[INFO]	PSCAN_ASIC_HW_ADDR_0: pscan_240801_1528_XA-000-08-002-000-000-233-15_HW_0_SET_57_24_118_29_VP_0_255_1_NP_100_holes.txt
240801-15:43:20	[INFO]	PSCAN_ASIC_HW_ADDR_3: pscan_240801_1536_XA-000-08-002-000-004-057-01_HW_3_SET_57_23_118_36_VP_0_255_1_NP_100_holes.txt
240801-15:50:28	[INFO]	PSCAN_ASIC_HW_ADDR_2: pscan_240801_1543_XA-000-08-002-000-000-227-15_HW_2_SET_56_22_118_31_VP_0_255_1_NP_100_holes.txt
240801-15:57:44	[INFO]	PSCAN_ASIC_HW_ADDR_5: pscan_240801_1550_XA-000-08-002-000-004-046-06_HW_5_SET_56_22_118_29_VP_0_255_1_NP_100_holes.txt
240801-16:04:52	[INFO]	PSCAN_ASIC_HW_ADDR_4: pscan_240801_1557_XA-000-08-002-000-000-226-15_HW_4_SET_57_22_118_25_VP_0_255_1_NP_100_holes.txt
240801-16:12:06	[INFO]	PSCAN_ASIC_HW_ADDR_7: pscan_240801_1604_XA-000-08-002-000-004-047-06_HW_7_SET_56_21_118_34_VP_0_255_1_NP_100_holes.txt
240801-16:19:15	[INFO]	PSCAN_ASIC_HW_ADDR_6: pscan_240801_1612_XA-000-08-002-000-000-229-15_HW_6_SET_57_22_118_26_VP_0_255_1_NP_100_holes.txt
240801-16:19:15	[INFO]	<<-- FINISHED MEASURING ENC AND CHECKING CALIBRATION
