240802-10:14:01	MODULE_ID:	M4DL2B4001164B2
240802-10:14:01	[INFO]	TEST_CENTER: GSI
240802-10:14:01	[INFO]	OPERATOR_ID: Dairon Rodriguez Garces
240802-10:14:01	[INFO]	MODULE ID: 	M4DL2B4001164B2
240802-10:14:01	[INFO]	SENSOR_SIZE [mm]: 	124
240802-10:14:01	[INFO]	SENSOR_QGRADE: 	C
240802-10:15:56	[INFO]	-->> RUNNING SYNCHRONIZATION
240802-10:16:28	[INFO]	<<-- FINISHED SYNCHRONIZATION
240802-10:16:28	[INFO]	-->> READING LV VALUES BEFORE CONFIGURATION
240802-10:16:28	[INFO]	<<-- FINISHED READING LV VALUES BEFORE CONFIGURATION
240802-10:16:28	[INFO]	-->> LOADING STANDARD CONFIGURATION
240802-10:16:37	[INFO]	<<-- FINISHED LOADING STANDARD CONFIGURATION
240802-10:16:37	[INFO]	-->> READING ASICs ID
240802-10:16:38	[INFO]	<<-- FINISHED READING ASICs ID
240802-10:16:38	[INFO]	-->> LOADING DEFAULT TRIM VALUES
240802-10:17:38	[INFO]	<<-- FINISHED LOADING DEFAULT TRIM VALUES
240802-10:17:38	[INFO]	-->> READING LV VALUES AFTER CONFIGURATION
240802-10:17:48	[INFO]	<<-- FINISHED READING LV VALUES AFTER CONFIGURATION
240802-10:17:48	[INFO]	-->> READING VDDM & TEMPERATURE
240802-10:17:52	[INFO]	<<-- FINISHED READING VDDM & TEMPERATURE
240802-10:17:52	[INFO]	-->> LOADING DEFAULT TRIM VALUES
240802-10:18:48	[INFO]	<<-- FINISHED LOADING DEFAULT TRIM VALUES
240802-10:18:48	[INFO]	-->> FINDING VREF_P, VREF_N & THR@_GLB FOR CALIBRATION
240802-10:25:50	[INFO]	<<-- FINISHED FINDING VREF_P, VREF_N & THR@_GLB FOR CALIBRATION
240802-10:25:50	[INFO]	--> SETTING THE CALIBRATION PARAMETERS
240802-10:25:51	[INFO]	<<-- FINISHED SETTING THE CALIBRATION PARAMETERS
240802-10:25:51	[INFO]	-->> CALIBRATING THE MODULE
240802-10:34:57	[INFO]	CAL_ASIC_HW_ADDR_7: ftrim_XA-000-08-002-000-003-239-01_HW_7_SET_57_26_118_34_R_30_247_elect.txt
240802-10:44:04	[INFO]	CAL_ASIC_HW_ADDR_6: ftrim_XA-000-08-002-000-003-237-01_HW_6_SET_57_27_118_37_R_30_247_elect.txt
240802-10:53:55	[INFO]	CAL_ASIC_HW_ADDR_5: ftrim_XA-000-08-002-000-003-240-06_HW_5_SET_58_27_118_40_R_30_247_elect.txt
240802-11:03:05	[INFO]	CAL_ASIC_HW_ADDR_4: ftrim_XA-000-08-002-000-004-039-06_HW_4_SET_56_24_118_34_R_30_247_elect.txt
240802-11:12:16	[INFO]	CAL_ASIC_HW_ADDR_3: ftrim_XA-000-08-002-000-003-236-01_HW_3_SET_56_27_118_38_R_30_247_elect.txt
240802-11:21:21	[INFO]	CAL_ASIC_HW_ADDR_2: ftrim_XA-000-08-002-000-004-036-06_HW_2_SET_56_25_118_33_R_30_247_elect.txt
240802-11:30:27	[INFO]	CAL_ASIC_HW_ADDR_1: ftrim_XA-000-08-002-000-003-235-01_HW_1_SET_55_23_118_35_R_30_247_elect.txt
240802-11:39:31	[INFO]	CAL_ASIC_HW_ADDR_0: ftrim_XA-000-08-002-000-003-243-06_HW_0_SET_56_26_118_41_R_30_247_elect.txt
240802-11:48:33	[INFO]	CAL_ASIC_HW_ADDR_1: ftrim_XA-000-08-002-000-003-244-06_HW_1_SET_58_22_118_10_R_30_247_holes.txt
240802-11:57:35	[INFO]	CAL_ASIC_HW_ADDR_0: ftrim_XA-000-08-002-000-004-037-06_HW_0_SET_57_19_118_34_R_30_247_holes.txt
240802-12:06:40	[INFO]	CAL_ASIC_HW_ADDR_3: ftrim_XA-000-08-002-000-003-246-06_HW_3_SET_57_21_118_39_R_30_247_holes.txt
240802-12:15:44	[INFO]	CAL_ASIC_HW_ADDR_2: ftrim_XA-000-08-002-000-004-041-06_HW_2_SET_56_21_118_44_R_30_247_holes.txt
240802-12:24:48	[INFO]	CAL_ASIC_HW_ADDR_5: ftrim_XA-000-08-002-000-003-245-06_HW_5_SET_55_20_118_42_R_30_247_holes.txt
240802-12:33:56	[INFO]	CAL_ASIC_HW_ADDR_4: ftrim_XA-000-08-002-000-004-038-06_HW_4_SET_56_20_118_37_R_30_247_holes.txt
240802-12:43:01	[INFO]	CAL_ASIC_HW_ADDR_7: ftrim_XA-000-08-002-000-003-242-06_HW_7_SET_58_21_118_33_R_30_247_holes.txt
240802-12:52:11	[INFO]	CAL_ASIC_HW_ADDR_6: ftrim_XA-000-08-002-000-000-232-15_HW_6_SET_56_25_118_37_R_30_247_holes.txt
240802-12:52:11	[INFO]	<<-- FINISHED CALIBRATING THE MODULE
240802-12:52:11	[INFO]	--> SETTING THE CALIBRATION TRIM
240802-12:54:04	[INFO]	<<-- FINISHED SETTING THE CALIBRATION TRIM
240802-12:54:04	[INFO]	--> MEASURING ENC AND CHECKING CALIBRATION
240802-13:01:18	[INFO]	PSCAN_ASIC_HW_ADDR_7: pscan_240802_1254_XA-000-08-002-000-003-239-01_HW_7_SET_57_26_118_34_VP_0_255_1_NP_100_elect.txt
240802-13:08:33	[INFO]	PSCAN_ASIC_HW_ADDR_6: pscan_240802_1301_XA-000-08-002-000-003-237-01_HW_6_SET_57_27_118_37_VP_0_255_1_NP_100_elect.txt
240802-13:15:48	[INFO]	PSCAN_ASIC_HW_ADDR_5: pscan_240802_1308_XA-000-08-002-000-003-240-06_HW_5_SET_58_27_118_40_VP_0_255_1_NP_100_elect.txt
240802-13:22:56	[INFO]	PSCAN_ASIC_HW_ADDR_4: pscan_240802_1315_XA-000-08-002-000-004-039-06_HW_4_SET_56_24_118_34_VP_0_255_1_NP_100_elect.txt
240802-13:30:03	[INFO]	PSCAN_ASIC_HW_ADDR_3: pscan_240802_1322_XA-000-08-002-000-003-236-01_HW_3_SET_56_27_118_38_VP_0_255_1_NP_100_elect.txt
240802-13:37:09	[INFO]	PSCAN_ASIC_HW_ADDR_2: pscan_240802_1330_XA-000-08-002-000-004-036-06_HW_2_SET_56_25_118_33_VP_0_255_1_NP_100_elect.txt
240802-13:44:16	[INFO]	PSCAN_ASIC_HW_ADDR_1: pscan_240802_1337_XA-000-08-002-000-003-235-01_HW_1_SET_55_23_118_35_VP_0_255_1_NP_100_elect.txt
240802-13:51:24	[INFO]	PSCAN_ASIC_HW_ADDR_0: pscan_240802_1344_XA-000-08-002-000-003-243-06_HW_0_SET_56_26_118_41_VP_0_255_1_NP_100_elect.txt
240802-13:58:30	[INFO]	PSCAN_ASIC_HW_ADDR_1: pscan_240802_1351_XA-000-08-002-000-003-244-06_HW_1_SET_58_22_118_10_VP_0_255_1_NP_100_holes.txt
240802-14:05:37	[INFO]	PSCAN_ASIC_HW_ADDR_0: pscan_240802_1358_XA-000-08-002-000-004-037-06_HW_0_SET_57_19_118_34_VP_0_255_1_NP_100_holes.txt
240802-14:12:48	[INFO]	PSCAN_ASIC_HW_ADDR_3: pscan_240802_1405_XA-000-08-002-000-003-246-06_HW_3_SET_57_21_118_39_VP_0_255_1_NP_100_holes.txt
240802-14:19:56	[INFO]	PSCAN_ASIC_HW_ADDR_2: pscan_240802_1412_XA-000-08-002-000-004-041-06_HW_2_SET_56_21_118_44_VP_0_255_1_NP_100_holes.txt
240802-14:27:06	[INFO]	PSCAN_ASIC_HW_ADDR_5: pscan_240802_1419_XA-000-08-002-000-003-245-06_HW_5_SET_55_20_118_42_VP_0_255_1_NP_100_holes.txt
240802-14:34:16	[INFO]	PSCAN_ASIC_HW_ADDR_4: pscan_240802_1427_XA-000-08-002-000-004-038-06_HW_4_SET_56_20_118_37_VP_0_255_1_NP_100_holes.txt
240802-14:41:29	[INFO]	PSCAN_ASIC_HW_ADDR_7: pscan_240802_1434_XA-000-08-002-000-003-242-06_HW_7_SET_58_21_118_33_VP_0_255_1_NP_100_holes.txt
240802-14:49:39	[INFO]	PSCAN_ASIC_HW_ADDR_6: pscan_240802_1441_XA-000-08-002-000-000-232-15_HW_6_SET_56_25_118_37_VP_0_255_1_NP_100_holes.txt
240802-14:49:39	[INFO]	<<-- FINISHED MEASURING ENC AND CHECKING CALIBRATION
