240731-17:53:47	MODULE_ID:	M4DL2T4001164A2
240731-17:53:47	[INFO]	TEST_CENTER: GSI
240731-17:53:47	[INFO]	OPERATOR_ID: Dairon Rodriguez Garces
240731-17:53:47	[INFO]	MODULE ID: 	M4DL2T4001164A2
240731-17:53:47	[INFO]	SENSOR_SIZE [mm]: 	124
240731-17:53:47	[INFO]	SENSOR_QGRADE: 	C
240731-17:54:44	[INFO]	-->> RUNNING SYNCHRONIZATION
240731-17:55:13	[INFO]	<<-- FINISHED SYNCHRONIZATION
240731-17:55:13	[INFO]	-->> READING LV VALUES BEFORE CONFIGURATION
240731-17:55:13	[INFO]	<<-- FINISHED READING LV VALUES BEFORE CONFIGURATION
240731-17:55:13	[INFO]	-->> LOADING STANDARD CONFIGURATION
240731-17:55:21	[INFO]	<<-- FINISHED LOADING STANDARD CONFIGURATION
240731-17:55:21	[INFO]	-->> READING ASICs ID
240731-17:55:22	[INFO]	<<-- FINISHED READING ASICs ID
240731-17:55:22	[INFO]	-->> LOADING DEFAULT TRIM VALUES
240731-17:56:19	[INFO]	<<-- FINISHED LOADING DEFAULT TRIM VALUES
240731-17:56:19	[INFO]	-->> READING LV VALUES AFTER CONFIGURATION
240731-17:56:29	[INFO]	<<-- FINISHED READING LV VALUES AFTER CONFIGURATION
240731-17:56:29	[INFO]	-->> READING VDDM & TEMPERATURE
240731-17:56:32	[INFO]	<<-- FINISHED READING VDDM & TEMPERATURE
240731-17:56:32	[INFO]	-->> LOADING DEFAULT TRIM VALUES
240731-17:57:28	[INFO]	<<-- FINISHED LOADING DEFAULT TRIM VALUES
240731-17:57:28	[INFO]	-->> FINDING VREF_P, VREF_N & THR@_GLB FOR CALIBRATION
240731-18:04:32	[INFO]	<<-- FINISHED FINDING VREF_P, VREF_N & THR@_GLB FOR CALIBRATION
240731-18:04:32	[INFO]	--> SETTING THE CALIBRATION PARAMETERS
240731-18:04:33	[INFO]	<<-- FINISHED SETTING THE CALIBRATION PARAMETERS
240731-18:04:33	[INFO]	-->> CALIBRATING THE MODULE
240731-18:13:53	[INFO]	CAL_ASIC_HW_ADDR_1: ftrim_XA-000-08-002-000-000-076-11_HW_1_SET_58_28_118_36_R_30_247_elect.txt
240731-18:23:32	[INFO]	CAL_ASIC_HW_ADDR_0: ftrim_XA-000-08-002-000-000-071-11_HW_0_SET_58_27_118_36_R_30_247_elect.txt
240731-18:32:48	[INFO]	CAL_ASIC_HW_ADDR_3: ftrim_XA-000-08-002-000-000-068-11_HW_3_SET_57_27_118_39_R_30_247_elect.txt
240731-18:42:09	[INFO]	CAL_ASIC_HW_ADDR_2: ftrim_XA-000-08-002-000-000-072-11_HW_2_SET_58_27_118_36_R_30_247_elect.txt
240731-18:51:26	[INFO]	CAL_ASIC_HW_ADDR_5: ftrim_XA-000-08-002-000-000-073-11_HW_5_SET_57_29_118_39_R_30_247_elect.txt
240731-19:00:47	[INFO]	CAL_ASIC_HW_ADDR_4: ftrim_XA-000-08-002-000-000-077-11_HW_4_SET_55_25_118_35_R_30_247_elect.txt
240731-19:10:10	[INFO]	CAL_ASIC_HW_ADDR_7: ftrim_XA-000-08-002-000-000-087-12_HW_7_SET_57_25_118_37_R_30_247_elect.txt
240731-19:19:27	[INFO]	CAL_ASIC_HW_ADDR_6: ftrim_XA-000-08-002-000-000-069-11_HW_6_SET_58_25_118_46_R_30_247_elect.txt
240731-19:28:41	[INFO]	CAL_ASIC_HW_ADDR_7: ftrim_XA-000-08-002-000-004-040-06_HW_7_SET_58_22_118_10_R_30_247_holes.txt
240731-19:37:58	[INFO]	CAL_ASIC_HW_ADDR_6: ftrim_XA-000-08-002-000-000-190-13_HW_6_SET_57_24_118_69_R_30_247_holes.txt
240731-19:47:10	[INFO]	CAL_ASIC_HW_ADDR_5: ftrim_XA-000-08-002-000-000-188-13_HW_5_SET_57_23_118_40_R_30_247_holes.txt
240731-19:56:30	[INFO]	CAL_ASIC_HW_ADDR_4: ftrim_XA-000-08-002-000-000-186-13_HW_4_SET_56_21_118_37_R_30_247_holes.txt
240731-20:05:38	[INFO]	CAL_ASIC_HW_ADDR_3: ftrim_XA-000-08-002-000-000-183-13_HW_3_SET_57_24_118_42_R_30_247_holes.txt
240731-20:14:47	[INFO]	CAL_ASIC_HW_ADDR_2: ftrim_XA-000-08-002-000-000-222-06_HW_2_SET_55_22_118_37_R_30_247_holes.txt
240731-20:24:06	[INFO]	CAL_ASIC_HW_ADDR_1: ftrim_XA-000-08-002-000-000-189-13_HW_1_SET_56_22_118_34_R_30_247_holes.txt
240731-20:33:41	[INFO]	CAL_ASIC_HW_ADDR_0: ftrim_XA-000-08-002-000-000-221-06_HW_0_SET_55_21_118_40_R_30_247_holes.txt
240731-20:33:41	[INFO]	<<-- FINISHED CALIBRATING THE MODULE
240731-20:33:41	[INFO]	--> SETTING THE CALIBRATION TRIM
240731-20:35:39	[INFO]	<<-- FINISHED SETTING THE CALIBRATION TRIM
240731-20:35:39	[INFO]	--> MEASURING ENC AND CHECKING CALIBRATION
240731-20:43:05	[INFO]	PSCAN_ASIC_HW_ADDR_1: pscan_240731_2035_XA-000-08-002-000-000-076-11_HW_1_SET_58_28_118_36_VP_0_255_1_NP_100_elect.txt
240731-20:50:35	[INFO]	PSCAN_ASIC_HW_ADDR_0: pscan_240731_2043_XA-000-08-002-000-000-071-11_HW_0_SET_58_27_118_36_VP_0_255_1_NP_100_elect.txt
240731-20:57:57	[INFO]	PSCAN_ASIC_HW_ADDR_3: pscan_240731_2050_XA-000-08-002-000-000-068-11_HW_3_SET_57_27_118_39_VP_0_255_1_NP_100_elect.txt
240731-21:05:20	[INFO]	PSCAN_ASIC_HW_ADDR_2: pscan_240731_2057_XA-000-08-002-000-000-072-11_HW_2_SET_58_27_118_36_VP_0_255_1_NP_100_elect.txt
240731-21:12:44	[INFO]	PSCAN_ASIC_HW_ADDR_5: pscan_240731_2105_XA-000-08-002-000-000-073-11_HW_5_SET_57_29_118_39_VP_0_255_1_NP_100_elect.txt
240731-21:20:08	[INFO]	PSCAN_ASIC_HW_ADDR_4: pscan_240731_2112_XA-000-08-002-000-000-077-11_HW_4_SET_55_25_118_35_VP_0_255_1_NP_100_elect.txt
240731-21:27:33	[INFO]	PSCAN_ASIC_HW_ADDR_7: pscan_240731_2120_XA-000-08-002-000-000-087-12_HW_7_SET_57_25_118_37_VP_0_255_1_NP_100_elect.txt
240731-21:35:10	[INFO]	PSCAN_ASIC_HW_ADDR_6: pscan_240731_2127_XA-000-08-002-000-000-069-11_HW_6_SET_58_25_118_46_VP_0_255_1_NP_100_elect.txt
240731-21:42:31	[INFO]	PSCAN_ASIC_HW_ADDR_7: pscan_240731_2135_XA-000-08-002-000-004-040-06_HW_7_SET_58_22_118_10_VP_0_255_1_NP_100_holes.txt
240731-21:50:02	[INFO]	PSCAN_ASIC_HW_ADDR_6: pscan_240731_2142_XA-000-08-002-000-000-190-13_HW_6_SET_57_24_118_69_VP_0_255_1_NP_100_holes.txt
240731-21:57:33	[INFO]	PSCAN_ASIC_HW_ADDR_5: pscan_240731_2150_XA-000-08-002-000-000-188-13_HW_5_SET_57_23_118_40_VP_0_255_1_NP_100_holes.txt
240731-22:05:00	[INFO]	PSCAN_ASIC_HW_ADDR_4: pscan_240731_2157_XA-000-08-002-000-000-186-13_HW_4_SET_56_21_118_37_VP_0_255_1_NP_100_holes.txt
240731-22:12:26	[INFO]	PSCAN_ASIC_HW_ADDR_3: pscan_240731_2205_XA-000-08-002-000-000-183-13_HW_3_SET_57_24_118_42_VP_0_255_1_NP_100_holes.txt
240731-22:19:46	[INFO]	PSCAN_ASIC_HW_ADDR_2: pscan_240731_2212_XA-000-08-002-000-000-222-06_HW_2_SET_55_22_118_37_VP_0_255_1_NP_100_holes.txt
240731-22:27:23	[INFO]	PSCAN_ASIC_HW_ADDR_1: pscan_240731_2219_XA-000-08-002-000-000-189-13_HW_1_SET_56_22_118_34_VP_0_255_1_NP_100_holes.txt
240731-22:35:27	[INFO]	PSCAN_ASIC_HW_ADDR_0: pscan_240731_2227_XA-000-08-002-000-000-221-06_HW_0_SET_55_21_118_40_VP_0_255_1_NP_100_holes.txt
240731-22:35:27	[INFO]	<<-- FINISHED MEASURING ENC AND CHECKING CALIBRATION
240801-09:35:45	MODULE_ID:	M4DL2T4001164A2_240801_0935
240801-09:35:45	[INFO]	TEST_CENTER: GSI
240801-09:35:45	[INFO]	OPERATOR_ID: Dairon Rodriguez Garces
240801-09:35:45	[INFO]	MODULE ID: 	M4DL2T4001164A2
240801-09:35:45	[INFO]	SENSOR_SIZE [mm]: 	124
240801-09:35:45	[INFO]	SENSOR_QGRADE: 	C
240801-09:36:04	[INFO]	-->> RUNNING SYNCHRONIZATION
240801-09:36:34	[INFO]	<<-- FINISHED SYNCHRONIZATION
240801-09:36:34	[INFO]	-->> READING LV VALUES BEFORE CONFIGURATION
240801-09:36:34	[INFO]	<<-- FINISHED READING LV VALUES BEFORE CONFIGURATION
240801-09:36:34	[INFO]	-->> LOADING STANDARD CONFIGURATION
240801-09:36:42	[INFO]	<<-- FINISHED LOADING STANDARD CONFIGURATION
240801-09:36:42	[INFO]	-->> READING ASICs ID
240801-09:36:43	[INFO]	<<-- FINISHED READING ASICs ID
240801-09:36:43	[INFO]	-->> LOADING DEFAULT TRIM VALUES
240801-09:37:44	[INFO]	<<-- FINISHED LOADING DEFAULT TRIM VALUES
240801-09:37:44	[INFO]	-->> READING LV VALUES AFTER CONFIGURATION
240801-09:37:54	[INFO]	<<-- FINISHED READING LV VALUES AFTER CONFIGURATION
240801-09:37:54	[INFO]	-->> READING VDDM & TEMPERATURE
240801-09:37:58	[INFO]	<<-- FINISHED READING VDDM & TEMPERATURE
240801-09:37:58	[INFO]	--> SETTING THE CALIBRATION TRIM
240801-09:39:51	[INFO]	<<-- FINISHED SETTING THE CALIBRATION TRIM
240801-09:39:51	[INFO]	--> CHECKING CHANNELS' CONNECTIVITY
240801-09:39:51	[INFO]	CONN-CHECK_ASIC_HW_ADDR_1: elect
240801-09:40:09	[INFO]	CONN-CHECK_ASIC_HW_ADDR_0: elect
240801-09:40:27	[INFO]	CONN-CHECK_ASIC_HW_ADDR_3: elect
240801-09:40:44	[INFO]	CONN-CHECK_ASIC_HW_ADDR_2: elect
240801-09:41:03	[INFO]	CONN-CHECK_ASIC_HW_ADDR_5: elect
240801-09:41:21	[INFO]	CONN-CHECK_ASIC_HW_ADDR_4: elect
240801-09:41:41	[INFO]	CONN-CHECK_ASIC_HW_ADDR_7: elect
240801-09:42:02	[INFO]	CONN-CHECK_ASIC_HW_ADDR_6: elect
240801-09:42:22	[INFO]	CONN-CHECK_ASIC_HW_ADDR_7: holes
240801-09:42:42	[INFO]	CONN-CHECK_ASIC_HW_ADDR_6: holes
240801-09:43:01	[INFO]	CONN-CHECK_ASIC_HW_ADDR_5: holes
240801-09:43:19	[INFO]	CONN-CHECK_ASIC_HW_ADDR_4: holes
240801-09:43:38	[INFO]	CONN-CHECK_ASIC_HW_ADDR_3: holes
240801-09:43:57	[INFO]	CONN-CHECK_ASIC_HW_ADDR_2: holes
240801-09:44:16	[INFO]	CONN-CHECK_ASIC_HW_ADDR_1: holes
240801-09:44:36	[INFO]	CONN-CHECK_ASIC_HW_ADDR_0: holes
240801-09:44:56	[INFO]	<<-- FINISHED CHECKING CHANNELS' CONNECTIVITY
