240802-17:23:33	MODULE_ID:	M6DL4B1001201B2
240802-17:23:33	[INFO]	TEST_CENTER: GSI
240802-17:23:33	[INFO]	OPERATOR_ID: Dairon Rodriguez Garces
240802-17:23:33	[INFO]	MODULE ID: 	M6DL4B1001201B2
240802-17:23:33	[INFO]	SENSOR_SIZE [mm]: 	42
240802-17:23:33	[INFO]	SENSOR_QGRADE: 	B
240802-17:24:31	[INFO]	-->> RUNNING SYNCHRONIZATION
240802-17:25:00	[INFO]	<<-- FINISHED SYNCHRONIZATION
240802-17:25:00	[INFO]	-->> READING LV VALUES BEFORE CONFIGURATION
240802-17:25:00	[INFO]	<<-- FINISHED READING LV VALUES BEFORE CONFIGURATION
240802-17:25:00	[INFO]	-->> LOADING STANDARD CONFIGURATION
240802-17:25:07	[INFO]	<<-- FINISHED LOADING STANDARD CONFIGURATION
240802-17:25:07	[INFO]	-->> READING ASICs ID
240802-17:25:08	[INFO]	<<-- FINISHED READING ASICs ID
240802-17:25:08	[INFO]	-->> LOADING DEFAULT TRIM VALUES
240802-17:25:58	[INFO]	<<-- FINISHED LOADING DEFAULT TRIM VALUES
240802-17:25:58	[INFO]	-->> READING LV VALUES AFTER CONFIGURATION
240802-17:26:08	[INFO]	<<-- FINISHED READING LV VALUES AFTER CONFIGURATION
240802-17:26:08	[INFO]	-->> READING VDDM & TEMPERATURE
240802-17:26:11	[INFO]	<<-- FINISHED READING VDDM & TEMPERATURE
240802-17:26:11	[INFO]	-->> LOADING DEFAULT TRIM VALUES
240802-17:27:03	[INFO]	<<-- FINISHED LOADING DEFAULT TRIM VALUES
240802-17:27:03	[INFO]	-->> FINDING VREF_P, VREF_N & THR@_GLB FOR CALIBRATION
240802-17:33:30	[INFO]	<<-- FINISHED FINDING VREF_P, VREF_N & THR@_GLB FOR CALIBRATION
240802-17:33:30	[INFO]	--> SETTING THE CALIBRATION PARAMETERS
240802-17:33:30	[INFO]	<<-- FINISHED SETTING THE CALIBRATION PARAMETERS
240802-17:33:30	[INFO]	-->> CALIBRATING THE MODULE
240802-17:42:16	[INFO]	CAL_ASIC_HW_ADDR_7: ftrim_XA-000-08-002-001-008-074-15_HW_7_SET_55_22_118_33_R_30_247_elect.txt
240802-17:50:59	[INFO]	CAL_ASIC_HW_ADDR_5: ftrim_XA-000-08-002-001-006-070-06_HW_5_SET_55_22_118_39_R_30_247_elect.txt
240802-17:59:42	[INFO]	CAL_ASIC_HW_ADDR_4: ftrim_XA-000-08-002-001-008-085-08_HW_4_SET_58_26_118_32_R_30_247_elect.txt
240802-18:08:22	[INFO]	CAL_ASIC_HW_ADDR_3: ftrim_XA-000-08-002-001-006-076-06_HW_3_SET_56_23_118_35_R_30_247_elect.txt
240802-18:17:04	[INFO]	CAL_ASIC_HW_ADDR_2: ftrim_XA-000-08-002-001-007-239-15_HW_2_SET_57_24_118_35_R_30_247_elect.txt
240802-18:25:49	[INFO]	CAL_ASIC_HW_ADDR_1: ftrim_XA-000-08-002-001-006-073-06_HW_1_SET_56_24_118_36_R_30_247_elect.txt
240802-18:34:36	[INFO]	CAL_ASIC_HW_ADDR_0: ftrim_XA-000-08-002-001-007-224-15_HW_0_SET_56_28_118_26_R_30_247_elect.txt
240802-18:43:22	[INFO]	CAL_ASIC_HW_ADDR_1: ftrim_XA-000-08-002-001-008-193-05_HW_1_SET_58_22_118_50_R_30_247_holes.txt
240802-18:52:07	[INFO]	CAL_ASIC_HW_ADDR_0: ftrim_XA-000-08-002-002-006-006-02_HW_0_SET_57_21_118_22_R_30_247_holes.txt
240802-19:00:51	[INFO]	CAL_ASIC_HW_ADDR_3: ftrim_XA-000-08-002-001-008-236-11_HW_3_SET_57_20_118_34_R_30_247_holes.txt
240802-19:09:38	[INFO]	CAL_ASIC_HW_ADDR_2: ftrim_XA-000-08-002-002-006-012-02_HW_2_SET_56_22_118_31_R_30_247_holes.txt
240802-19:18:25	[INFO]	CAL_ASIC_HW_ADDR_5: ftrim_XA-000-08-002-001-008-234-11_HW_5_SET_56_20_118_31_R_30_247_holes.txt
240802-19:27:13	[INFO]	CAL_ASIC_HW_ADDR_4: ftrim_XA-000-08-002-002-006-015-02_HW_4_SET_57_20_118_35_R_30_247_holes.txt
240802-19:36:02	[INFO]	CAL_ASIC_HW_ADDR_7: ftrim_XA-000-08-002-002-006-008-02_HW_7_SET_56_22_118_33_R_30_247_holes.txt
240802-19:44:54	[INFO]	CAL_ASIC_HW_ADDR_6: ftrim_XA-000-08-002-002-006-009-02_HW_6_SET_56_22_118_24_R_30_247_holes.txt
240802-19:44:54	[INFO]	<<-- FINISHED CALIBRATING THE MODULE
240802-19:44:54	[INFO]	--> SETTING THE CALIBRATION TRIM
240802-19:46:37	[INFO]	<<-- FINISHED SETTING THE CALIBRATION TRIM
240802-19:46:37	[INFO]	--> MEASURING ENC AND CHECKING CALIBRATION
240802-19:53:34	[INFO]	PSCAN_ASIC_HW_ADDR_7: pscan_240802_1946_XA-000-08-002-001-008-074-15_HW_7_SET_55_22_118_33_VP_0_255_1_NP_100_elect.txt
240802-20:00:29	[INFO]	PSCAN_ASIC_HW_ADDR_5: pscan_240802_1953_XA-000-08-002-001-006-070-06_HW_5_SET_55_22_118_39_VP_0_255_1_NP_100_elect.txt
240802-20:07:25	[INFO]	PSCAN_ASIC_HW_ADDR_4: pscan_240802_2000_XA-000-08-002-001-008-085-08_HW_4_SET_58_26_118_32_VP_0_255_1_NP_100_elect.txt
240802-20:14:19	[INFO]	PSCAN_ASIC_HW_ADDR_3: pscan_240802_2007_XA-000-08-002-001-006-076-06_HW_3_SET_56_23_118_35_VP_0_255_1_NP_100_elect.txt
240802-20:21:12	[INFO]	PSCAN_ASIC_HW_ADDR_2: pscan_240802_2014_XA-000-08-002-001-007-239-15_HW_2_SET_57_24_118_35_VP_0_255_1_NP_100_elect.txt
240802-20:28:05	[INFO]	PSCAN_ASIC_HW_ADDR_1: pscan_240802_2021_XA-000-08-002-001-006-073-06_HW_1_SET_56_24_118_36_VP_0_255_1_NP_100_elect.txt
240802-20:34:58	[INFO]	PSCAN_ASIC_HW_ADDR_0: pscan_240802_2028_XA-000-08-002-001-007-224-15_HW_0_SET_56_28_118_26_VP_0_255_1_NP_100_elect.txt
240802-20:41:49	[INFO]	PSCAN_ASIC_HW_ADDR_1: pscan_240802_2034_XA-000-08-002-001-008-193-05_HW_1_SET_58_22_118_50_VP_0_255_1_NP_100_holes.txt
240802-20:48:44	[INFO]	PSCAN_ASIC_HW_ADDR_0: pscan_240802_2041_XA-000-08-002-002-006-006-02_HW_0_SET_57_21_118_22_VP_0_255_1_NP_100_holes.txt
240802-20:55:39	[INFO]	PSCAN_ASIC_HW_ADDR_3: pscan_240802_2048_XA-000-08-002-001-008-236-11_HW_3_SET_57_20_118_34_VP_0_255_1_NP_100_holes.txt
240802-21:02:33	[INFO]	PSCAN_ASIC_HW_ADDR_2: pscan_240802_2055_XA-000-08-002-002-006-012-02_HW_2_SET_56_22_118_31_VP_0_255_1_NP_100_holes.txt
240802-21:09:28	[INFO]	PSCAN_ASIC_HW_ADDR_5: pscan_240802_2102_XA-000-08-002-001-008-234-11_HW_5_SET_56_20_118_31_VP_0_255_1_NP_100_holes.txt
240802-21:16:21	[INFO]	PSCAN_ASIC_HW_ADDR_4: pscan_240802_2109_XA-000-08-002-002-006-015-02_HW_4_SET_57_20_118_35_VP_0_255_1_NP_100_holes.txt
240802-21:23:16	[INFO]	PSCAN_ASIC_HW_ADDR_7: pscan_240802_2116_XA-000-08-002-002-006-008-02_HW_7_SET_56_22_118_33_VP_0_255_1_NP_100_holes.txt
240802-21:30:09	[INFO]	PSCAN_ASIC_HW_ADDR_6: pscan_240802_2123_XA-000-08-002-002-006-009-02_HW_6_SET_56_22_118_24_VP_0_255_1_NP_100_holes.txt
240802-21:30:09	[INFO]	<<-- FINISHED MEASURING ENC AND CHECKING CALIBRATION
240805-09:20:42	MODULE_ID:	M6DL4B1001201B2_240805_0920
240805-09:20:42	[INFO]	TEST_CENTER: GSI
240805-09:20:42	[INFO]	OPERATOR_ID: Dairon Rodriguez Garces
240805-09:20:42	[INFO]	MODULE ID: 	M6DL4B1001201B2
240805-09:20:42	[INFO]	SENSOR_SIZE [mm]: 	42
240805-09:20:42	[INFO]	SENSOR_QGRADE: 	B
240805-09:21:28	[INFO]	-->> RUNNING SYNCHRONIZATION
240805-09:22:01	[INFO]	<<-- FINISHED SYNCHRONIZATION
240805-09:22:01	[INFO]	-->> READING LV VALUES BEFORE CONFIGURATION
240805-09:22:01	[INFO]	<<-- FINISHED READING LV VALUES BEFORE CONFIGURATION
240805-09:22:01	[INFO]	-->> LOADING STANDARD CONFIGURATION
240805-09:22:10	[INFO]	<<-- FINISHED LOADING STANDARD CONFIGURATION
240805-09:22:10	[INFO]	-->> READING ASICs ID
240805-09:22:11	[INFO]	<<-- FINISHED READING ASICs ID
240805-09:22:11	[INFO]	-->> LOADING DEFAULT TRIM VALUES
240805-09:23:10	[INFO]	<<-- FINISHED LOADING DEFAULT TRIM VALUES
240805-09:23:10	[INFO]	-->> READING LV VALUES AFTER CONFIGURATION
240805-09:23:21	[INFO]	<<-- FINISHED READING LV VALUES AFTER CONFIGURATION
240805-09:23:21	[INFO]	-->> READING VDDM & TEMPERATURE
240805-09:23:24	[INFO]	<<-- FINISHED READING VDDM & TEMPERATURE
240805-09:23:24	[INFO]	--> SETTING THE CALIBRATION TRIM
240805-09:25:11	[INFO]	<<-- FINISHED SETTING THE CALIBRATION TRIM
240805-09:25:11	[INFO]	--> CHECKING CHANNELS' CONNECTIVITY
240805-09:25:11	[INFO]	CONN-CHECK_ASIC_HW_ADDR_7: elect
240805-09:25:28	[INFO]	CONN-CHECK_ASIC_HW_ADDR_6: elect
240805-09:25:46	[INFO]	CONN-CHECK_ASIC_HW_ADDR_5: elect
240805-09:26:03	[INFO]	CONN-CHECK_ASIC_HW_ADDR_4: elect
240805-09:26:21	[INFO]	CONN-CHECK_ASIC_HW_ADDR_3: elect
240805-09:26:38	[INFO]	CONN-CHECK_ASIC_HW_ADDR_2: elect
240805-09:26:56	[INFO]	CONN-CHECK_ASIC_HW_ADDR_1: elect
240805-09:27:13	[INFO]	CONN-CHECK_ASIC_HW_ADDR_0: elect
240805-09:27:30	[INFO]	CONN-CHECK_ASIC_HW_ADDR_1: holes
240805-09:27:48	[INFO]	CONN-CHECK_ASIC_HW_ADDR_0: holes
240805-09:28:05	[INFO]	CONN-CHECK_ASIC_HW_ADDR_3: holes
240805-09:28:23	[INFO]	CONN-CHECK_ASIC_HW_ADDR_2: holes
240805-09:28:41	[INFO]	CONN-CHECK_ASIC_HW_ADDR_5: holes
240805-09:28:59	[INFO]	CONN-CHECK_ASIC_HW_ADDR_4: holes
240805-09:29:17	[INFO]	CONN-CHECK_ASIC_HW_ADDR_7: holes
240805-09:29:35	[INFO]	CONN-CHECK_ASIC_HW_ADDR_6: holes
240805-09:29:52	[INFO]	<<-- FINISHED CHECKING CHANNELS' CONNECTIVITY
240805-12:31:59	MODULE_ID:	M6DL4B1001201B2_240805_1231
240805-12:31:59	[INFO]	TEST_CENTER: GSI
240805-12:31:59	[INFO]	OPERATOR_ID: Dairon Rodriguez Garces
240805-12:31:59	[INFO]	MODULE ID: 	M6DL4B1001201B2
240805-12:31:59	[INFO]	SENSOR_SIZE [mm]: 	42
240805-12:31:59	[INFO]	SENSOR_QGRADE: 	B
240805-12:34:48	[INFO]	-->> RUNNING SYNCHRONIZATION
240805-12:35:20	[INFO]	<<-- FINISHED SYNCHRONIZATION
240805-12:35:20	[INFO]	-->> READING LV VALUES BEFORE CONFIGURATION
240805-12:35:21	[INFO]	<<-- FINISHED READING LV VALUES BEFORE CONFIGURATION
240805-12:35:21	[INFO]	-->> LOADING STANDARD CONFIGURATION
240805-12:35:29	[INFO]	<<-- FINISHED LOADING STANDARD CONFIGURATION
240805-12:35:29	[INFO]	-->> READING ASICs ID
240805-12:35:30	[INFO]	<<-- FINISHED READING ASICs ID
240805-12:35:30	[INFO]	-->> LOADING DEFAULT TRIM VALUES
240805-12:35:37	[INFO]	<<-- FINISHED LOADING DEFAULT TRIM VALUES
240805-12:35:37	[INFO]	-->> READING LV VALUES AFTER CONFIGURATION
240805-12:35:48	[INFO]	<<-- FINISHED READING LV VALUES AFTER CONFIGURATION
240805-12:35:48	[INFO]	-->> READING VDDM & TEMPERATURE
240805-12:35:51	[INFO]	<<-- FINISHED READING VDDM & TEMPERATURE
240805-12:35:51	[INFO]	-->> LOADING DEFAULT TRIM VALUES
240805-12:35:58	[INFO]	<<-- FINISHED LOADING DEFAULT TRIM VALUES
240805-12:35:58	[INFO]	-->> FINDING VREF_P, VREF_N & THR@_GLB FOR CALIBRATION
240805-12:36:49	[INFO]	<<-- FINISHED FINDING VREF_P, VREF_N & THR@_GLB FOR CALIBRATION
240805-12:36:49	[INFO]	--> SETTING THE CALIBRATION PARAMETERS
240805-12:36:50	[INFO]	<<-- FINISHED SETTING THE CALIBRATION PARAMETERS
240805-12:36:50	[INFO]	-->> CALIBRATING THE MODULE
240805-12:47:22	[INFO]	CAL_ASIC_HW_ADDR_7: ftrim_XA-000-08-002-001-008-074-15_HW_7_SET_55_23_118_35_R_30_247_elect.txt
240805-12:57:50	[INFO]	CAL_ASIC_HW_ADDR_1: ftrim_XA-000-08-002-001-006-073-06_HW_1_SET_56_24_118_36_R_30_247_elect.txt
240805-12:57:50	[INFO]	<<-- FINISHED CALIBRATING THE MODULE
240805-12:57:50	[INFO]	--> SETTING THE CALIBRATION TRIM
240805-12:58:08	[INFO]	<<-- FINISHED SETTING THE CALIBRATION TRIM
240805-12:58:08	[INFO]	--> MEASURING ENC AND CHECKING CALIBRATION
240805-13:06:22	[INFO]	PSCAN_ASIC_HW_ADDR_7: pscan_240805_1258_XA-000-08-002-001-008-074-15_HW_7_SET_55_22_118_33_VP_0_255_1_NP_100_elect.txt
240805-13:14:29	[INFO]	PSCAN_ASIC_HW_ADDR_1: pscan_240805_1306_XA-000-08-002-001-006-073-06_HW_1_SET_56_24_118_36_VP_0_255_1_NP_100_elect.txt
240805-13:14:29	[INFO]	<<-- FINISHED MEASURING ENC AND CHECKING CALIBRATION
