240409-18:46:08	MODULE_ID:	M5DL3T0001170A2
240409-18:46:08	[INFO]	TEST_CENTER: GSI
240409-18:46:08	[INFO]	OPERATOR_ID: Dairon Rodriguez Garces
240409-18:46:08	[INFO]	MODULE ID: 	M5DL3T0001170A2
240409-18:46:08	[INFO]	SENSOR_SIZE [mm]: 	42
240409-18:46:08	[INFO]	SENSOR_QGRADE: 	B
240409-18:46:39	[INFO]	-->> RUNNING SYNCHRONIZATION
240409-18:47:10	[INFO]	<<-- FINISHED SYNCHRONIZATION
240409-18:47:10	[INFO]	-->> READING LV VALUES BEFORE CONFIGURATION
240409-18:47:11	[INFO]	<<-- FINISHED READING LV VALUES BEFORE CONFIGURATION
240409-18:47:11	[INFO]	-->> LOADING STANDARD CONFIGURATION
240409-18:47:18	[INFO]	<<-- FINISHED LOADING STANDARD CONFIGURATION
240409-18:47:18	[INFO]	-->> READING ASICs ID
240409-18:47:19	[INFO]	<<-- FINISHED READING ASICs ID
240409-18:47:19	[INFO]	-->> READING LV VALUES AFTER CONFIGURATION
240409-18:47:29	[INFO]	<<-- FINISHED READING LV VALUES AFTER CONFIGURATION
240409-18:47:29	[INFO]	-->> READING VDDM & TEMPERATURE
240409-18:47:35	[INFO]	<<-- FINISHED READING VDDM & TEMPERATURE
240409-18:47:35	[INFO]	-->> LOADING DEFAULT TRIM VALUES
240409-18:48:33	[INFO]	<<-- FINISHED LOADING DEFAULT TRIM VALUES
240409-18:48:33	[INFO]	-->> FINDING VREF_P, VREF_N & THR@_GLB FOR CALIBRATION
240409-18:55:41	[INFO]	<<-- FINISHED FINDING VREF_P, VREF_N & THR@_GLB FOR CALIBRATION
240409-18:55:41	[INFO]	--> SETTING THE CALIBRATION PARAMETERS
240409-18:55:42	[INFO]	<<-- FINISHED SETTING THE CALIBRATION PARAMETERS
240409-18:55:42	[INFO]	-->> CALIBRATING THE MODULE
240409-19:04:48	[INFO]	CAL_ASIC_HW_ADDR_1: ftrim_XA-000-08-002-000-002-158-00_HW_1_SET_57_27_118_34_R_30_247_elect.txt
240409-19:13:52	[INFO]	CAL_ASIC_HW_ADDR_0: ftrim_XA-000-08-002-000-004-204-07_HW_0_SET_56_25_118_33_R_30_247_elect.txt
240409-19:22:59	[INFO]	CAL_ASIC_HW_ADDR_3: ftrim_XA-000-08-002-000-002-157-00_HW_3_SET_58_27_118_32_R_30_247_elect.txt
240409-19:32:05	[INFO]	CAL_ASIC_HW_ADDR_2: ftrim_XA-000-08-002-000-002-061-04_HW_2_SET_58_27_118_37_R_30_247_elect.txt
240409-19:41:12	[INFO]	CAL_ASIC_HW_ADDR_5: ftrim_XA-000-08-002-000-003-079-05_HW_5_SET_56_23_118_35_R_30_247_elect.txt
240409-19:50:19	[INFO]	CAL_ASIC_HW_ADDR_4: ftrim_XA-000-08-002-000-003-080-02_HW_4_SET_57_23_118_30_R_30_247_elect.txt
240409-19:59:24	[INFO]	CAL_ASIC_HW_ADDR_7: ftrim_XA-000-08-002-000-004-203-07_HW_7_SET_56_26_118_29_R_30_247_elect.txt
240409-20:08:31	[INFO]	CAL_ASIC_HW_ADDR_6: ftrim_XA-000-08-002-000-004-125-04_HW_6_SET_57_25_118_35_R_30_247_elect.txt
240409-20:17:37	[INFO]	CAL_ASIC_HW_ADDR_7: ftrim_XA-000-08-002-000-004-144-05_HW_7_SET_54_20_118_38_R_30_247_holes.txt
240409-20:26:42	[INFO]	CAL_ASIC_HW_ADDR_6: ftrim_XA-000-08-002-000-004-202-07_HW_6_SET_58_19_118_31_R_30_247_holes.txt
240409-20:35:48	[INFO]	CAL_ASIC_HW_ADDR_5: ftrim_XA-000-08-002-000-004-140-02_HW_5_SET_57_20_118_33_R_30_247_holes.txt
240409-20:44:52	[INFO]	CAL_ASIC_HW_ADDR_4: ftrim_XA-000-08-002-000-003-074-05_HW_4_SET_57_18_118_30_R_30_247_holes.txt
240409-20:54:00	[INFO]	CAL_ASIC_HW_ADDR_3: ftrim_XA-000-08-002-000-003-081-02_HW_3_SET_58_19_118_33_R_30_247_holes.txt
240409-21:03:07	[INFO]	CAL_ASIC_HW_ADDR_2: ftrim_XA-000-08-002-000-004-142-02_HW_2_SET_57_18_118_30_R_30_247_holes.txt
240409-21:12:12	[INFO]	CAL_ASIC_HW_ADDR_1: ftrim_XA-000-08-002-000-004-150-05_HW_1_SET_56_18_118_27_R_30_247_holes.txt
240409-21:21:19	[INFO]	CAL_ASIC_HW_ADDR_0: ftrim_XA-000-08-002-000-004-143-02_HW_0_SET_56_19_118_31_R_30_247_holes.txt
240409-21:21:19	[INFO]	<<-- FINISHED CALIBRATING THE MODULE
240409-21:21:19	[INFO]	--> SETTING THE CALIBRATION TRIM
240409-21:23:12	[INFO]	<<-- FINISHED SETTING THE CALIBRATION TRIM
240409-21:23:12	[INFO]	--> MEASURING ENC AND CHECKING CALIBRATION
240409-21:30:12	[INFO]	PSCAN_ASIC_HW_ADDR_1: pscan_240409_2123_XA-000-08-002-000-002-158-00_HW_1_SET_57_27_118_34_VP_0_255_1_NP_100_elect.txt
240409-21:37:13	[INFO]	PSCAN_ASIC_HW_ADDR_0: pscan_240409_2130_XA-000-08-002-000-004-204-07_HW_0_SET_56_25_118_33_VP_0_255_1_NP_100_elect.txt
240409-21:44:16	[INFO]	PSCAN_ASIC_HW_ADDR_3: pscan_240409_2137_XA-000-08-002-000-002-157-00_HW_3_SET_58_27_118_32_VP_0_255_1_NP_100_elect.txt
240409-21:51:16	[INFO]	PSCAN_ASIC_HW_ADDR_2: pscan_240409_2144_XA-000-08-002-000-002-061-04_HW_2_SET_58_27_118_37_VP_0_255_1_NP_100_elect.txt
240409-21:58:15	[INFO]	PSCAN_ASIC_HW_ADDR_5: pscan_240409_2151_XA-000-08-002-000-003-079-05_HW_5_SET_56_23_118_35_VP_0_255_1_NP_100_elect.txt
240409-22:05:14	[INFO]	PSCAN_ASIC_HW_ADDR_4: pscan_240409_2158_XA-000-08-002-000-003-080-02_HW_4_SET_57_23_118_30_VP_0_255_1_NP_100_elect.txt
240409-22:12:14	[INFO]	PSCAN_ASIC_HW_ADDR_7: pscan_240409_2205_XA-000-08-002-000-004-203-07_HW_7_SET_56_26_118_29_VP_0_255_1_NP_100_elect.txt
240409-22:19:13	[INFO]	PSCAN_ASIC_HW_ADDR_6: pscan_240409_2212_XA-000-08-002-000-004-125-04_HW_6_SET_57_25_118_35_VP_0_255_1_NP_100_elect.txt
240409-22:26:14	[INFO]	PSCAN_ASIC_HW_ADDR_7: pscan_240409_2219_XA-000-08-002-000-004-144-05_HW_7_SET_54_20_118_38_VP_0_255_1_NP_100_holes.txt
240409-22:33:11	[INFO]	PSCAN_ASIC_HW_ADDR_6: pscan_240409_2226_XA-000-08-002-000-004-202-07_HW_6_SET_58_19_118_31_VP_0_255_1_NP_100_holes.txt
240409-22:40:14	[INFO]	PSCAN_ASIC_HW_ADDR_5: pscan_240409_2233_XA-000-08-002-000-004-140-02_HW_5_SET_57_20_118_33_VP_0_255_1_NP_100_holes.txt
240409-22:47:15	[INFO]	PSCAN_ASIC_HW_ADDR_4: pscan_240409_2240_XA-000-08-002-000-003-074-05_HW_4_SET_57_18_118_30_VP_0_255_1_NP_100_holes.txt
240409-22:54:14	[INFO]	PSCAN_ASIC_HW_ADDR_3: pscan_240409_2247_XA-000-08-002-000-003-081-02_HW_3_SET_58_19_118_33_VP_0_255_1_NP_100_holes.txt
240409-23:01:13	[INFO]	PSCAN_ASIC_HW_ADDR_2: pscan_240409_2254_XA-000-08-002-000-004-142-02_HW_2_SET_57_18_118_30_VP_0_255_1_NP_100_holes.txt
240409-23:08:28	[INFO]	PSCAN_ASIC_HW_ADDR_1: pscan_240409_2301_XA-000-08-002-000-004-150-05_HW_1_SET_56_18_118_27_VP_0_255_1_NP_100_holes.txt
240409-23:15:43	[INFO]	PSCAN_ASIC_HW_ADDR_0: pscan_240409_2308_XA-000-08-002-000-004-143-02_HW_0_SET_56_19_118_31_VP_0_255_1_NP_100_holes.txt
240409-23:15:43	[INFO]	<<-- FINISHED MEASURING ENC AND CHECKING CALIBRATION
240410-14:18:38	MODULE_ID:	M5DL3T0001170A2_240410_1418
240410-14:18:38	[INFO]	TEST_CENTER: GSI
240410-14:18:38	[INFO]	OPERATOR_ID: Dairon Rodriguez Garces
240410-14:18:38	[INFO]	MODULE ID: 	M5DL3T0001170A2
240410-14:18:38	[INFO]	SENSOR_SIZE [mm]: 	42
240410-14:18:38	[INFO]	SENSOR_QGRADE: 	B
240410-14:19:01	[INFO]	-->> RUNNING SYNCHRONIZATION
240410-14:19:31	[INFO]	<<-- FINISHED SYNCHRONIZATION
240410-14:19:31	[INFO]	-->> READING LV VALUES BEFORE CONFIGURATION
240410-14:19:32	[INFO]	<<-- FINISHED READING LV VALUES BEFORE CONFIGURATION
240410-14:19:32	[INFO]	-->> LOADING STANDARD CONFIGURATION
240410-14:19:40	[INFO]	<<-- FINISHED LOADING STANDARD CONFIGURATION
240410-14:19:40	[INFO]	-->> READING ASICs ID
240410-14:19:41	[INFO]	<<-- FINISHED READING ASICs ID
240410-14:19:41	[INFO]	-->> READING LV VALUES AFTER CONFIGURATION
240410-14:19:51	[INFO]	<<-- FINISHED READING LV VALUES AFTER CONFIGURATION
240410-14:19:51	[INFO]	-->> READING VDDM & TEMPERATURE
240410-14:19:57	[INFO]	<<-- FINISHED READING VDDM & TEMPERATURE
240410-14:19:57	[INFO]	--> SETTING THE CALIBRATION TRIM
240410-14:20:26	MODULE_ID:	M5DL3T0001170A2_240410_1420
240410-14:20:26	[INFO]	TEST_CENTER: GSI
240410-14:20:26	[INFO]	OPERATOR_ID: Dairon Rodriguez Garces
240410-14:20:26	[INFO]	MODULE ID: 	M5DL3T0001170A2
240410-14:20:26	[INFO]	SENSOR_SIZE [mm]: 	42
240410-14:20:26	[INFO]	SENSOR_QGRADE: 	B
240410-14:20:41	[INFO]	-->> RUNNING SYNCHRONIZATION
240410-14:21:12	[INFO]	<<-- FINISHED SYNCHRONIZATION
240410-14:21:12	[INFO]	-->> READING LV VALUES BEFORE CONFIGURATION
240410-14:21:12	[INFO]	<<-- FINISHED READING LV VALUES BEFORE CONFIGURATION
240410-14:21:12	[INFO]	-->> LOADING STANDARD CONFIGURATION
240410-14:21:20	[INFO]	<<-- FINISHED LOADING STANDARD CONFIGURATION
240410-14:21:20	[INFO]	-->> READING ASICs ID
240410-14:21:21	[INFO]	<<-- FINISHED READING ASICs ID
240410-14:21:21	[INFO]	-->> READING LV VALUES AFTER CONFIGURATION
240410-14:21:31	[INFO]	<<-- FINISHED READING LV VALUES AFTER CONFIGURATION
240410-14:21:32	[INFO]	-->> READING VDDM & TEMPERATURE
240410-14:21:38	[INFO]	<<-- FINISHED READING VDDM & TEMPERATURE
240410-14:21:38	[INFO]	--> SETTING THE CALIBRATION TRIM
240410-14:23:38	[INFO]	<<-- FINISHED SETTING THE CALIBRATION TRIM
240410-14:23:38	[INFO]	--> CHECKING CHANNELS' CONNECTIVITY
240410-14:23:38	[INFO]	CONN-CHECK_ASIC_HW_ADDR_1: elect
240410-14:23:57	[INFO]	CONN-CHECK_ASIC_HW_ADDR_0: elect
240410-14:24:16	[INFO]	CONN-CHECK_ASIC_HW_ADDR_3: elect
240410-14:24:33	[INFO]	CONN-CHECK_ASIC_HW_ADDR_2: elect
240410-14:24:51	[INFO]	CONN-CHECK_ASIC_HW_ADDR_5: elect
240410-14:25:09	[INFO]	CONN-CHECK_ASIC_HW_ADDR_4: elect
240410-14:25:26	[INFO]	CONN-CHECK_ASIC_HW_ADDR_7: elect
240410-14:25:43	[INFO]	CONN-CHECK_ASIC_HW_ADDR_6: elect
240410-14:26:00	[INFO]	CONN-CHECK_ASIC_HW_ADDR_7: holes
240410-14:26:18	[INFO]	CONN-CHECK_ASIC_HW_ADDR_6: holes
240410-14:26:36	[INFO]	CONN-CHECK_ASIC_HW_ADDR_5: holes
240410-14:26:53	[INFO]	CONN-CHECK_ASIC_HW_ADDR_4: holes
240410-14:27:11	[INFO]	CONN-CHECK_ASIC_HW_ADDR_3: holes
240410-14:27:30	[INFO]	CONN-CHECK_ASIC_HW_ADDR_2: holes
240410-14:27:51	[INFO]	CONN-CHECK_ASIC_HW_ADDR_1: holes
240410-14:28:13	[INFO]	CONN-CHECK_ASIC_HW_ADDR_0: holes
240410-14:28:36	[INFO]	<<-- FINISHED CHECKING CHANNELS' CONNECTIVITY
