240507-11:41:15	MODULE_ID:	M4UL4T3010323B2
240507-11:41:15	[INFO]	TEST_CENTER: GSI
240507-11:41:15	[INFO]	OPERATOR_ID: Dairon Rodriguez Garces
240507-11:41:15	[INFO]	MODULE ID: 	M4UL4T3010323B2
240507-11:41:15	[INFO]	SENSOR_SIZE [mm]: 	124
240507-11:41:15	[INFO]	SENSOR_QGRADE: 	C
240507-11:41:29	[INFO]	-->> RUNNING SYNCHRONIZATION
240507-11:41:58	[INFO]	<<-- FINISHED SYNCHRONIZATION
240507-11:41:58	[INFO]	-->> READING LV VALUES BEFORE CONFIGURATION
240507-11:41:58	[INFO]	<<-- FINISHED READING LV VALUES BEFORE CONFIGURATION
240507-11:41:58	[INFO]	-->> LOADING STANDARD CONFIGURATION
240507-11:42:05	[INFO]	<<-- FINISHED LOADING STANDARD CONFIGURATION
240507-11:42:05	[INFO]	-->> READING ASICs ID
240507-11:42:06	[INFO]	<<-- FINISHED READING ASICs ID
240507-11:42:06	[INFO]	-->> LOADING DEFAULT TRIM VALUES
240507-11:43:01	[INFO]	<<-- FINISHED LOADING DEFAULT TRIM VALUES
240507-11:43:01	[INFO]	-->> READING LV VALUES AFTER CONFIGURATION
240507-11:43:11	[INFO]	<<-- FINISHED READING LV VALUES AFTER CONFIGURATION
240507-11:43:11	[INFO]	-->> READING VDDM & TEMPERATURE
240507-11:43:18	[INFO]	<<-- FINISHED READING VDDM & TEMPERATURE
240507-11:43:18	[INFO]	-->> LOADING DEFAULT TRIM VALUES
240507-11:44:11	[INFO]	<<-- FINISHED LOADING DEFAULT TRIM VALUES
240507-11:44:11	[INFO]	-->> FINDING VREF_P, VREF_N & THR@_GLB FOR CALIBRATION
240507-11:51:04	[INFO]	<<-- FINISHED FINDING VREF_P, VREF_N & THR@_GLB FOR CALIBRATION
240507-11:51:04	[INFO]	--> SETTING THE CALIBRATION PARAMETERS
240507-11:51:04	[INFO]	<<-- FINISHED SETTING THE CALIBRATION PARAMETERS
240507-11:51:04	[INFO]	-->> CALIBRATING THE MODULE
240507-11:59:53	[INFO]	CAL_ASIC_HW_ADDR_7: ftrim_XA-000-08-002-000-001-197-12_HW_7_SET_57_27_118_43_R_30_247_elect.txt
240507-12:08:40	[INFO]	CAL_ASIC_HW_ADDR_6: ftrim_XA-000-08-002-000-001-188-00_HW_6_SET_57_28_118_35_R_30_247_elect.txt
240507-12:17:22	[INFO]	CAL_ASIC_HW_ADDR_5: ftrim_XA-000-08-002-000-001-158-14_HW_5_SET_58_26_118_44_R_30_247_elect.txt
240507-12:26:11	[INFO]	CAL_ASIC_HW_ADDR_4: ftrim_XA-000-08-002-000-001-200-12_HW_4_SET_55_24_118_40_R_30_247_elect.txt
240507-12:34:53	[INFO]	CAL_ASIC_HW_ADDR_3: ftrim_XA-000-08-002-000-001-178-00_HW_3_SET_55_23_118_39_R_30_247_elect.txt
240507-12:43:41	[INFO]	CAL_ASIC_HW_ADDR_2: ftrim_XA-000-08-002-000-001-196-12_HW_2_SET_56_23_118_42_R_30_247_elect.txt
240507-12:52:27	[INFO]	CAL_ASIC_HW_ADDR_1: ftrim_XA-000-08-002-000-001-187-00_HW_1_SET_57_27_118_36_R_30_247_elect.txt
240507-13:01:14	[INFO]	CAL_ASIC_HW_ADDR_0: ftrim_XA-000-08-002-000-001-195-12_HW_0_SET_57_26_118_46_R_30_247_elect.txt
240507-13:10:03	[INFO]	CAL_ASIC_HW_ADDR_1: ftrim_XA-000-08-002-000-001-113-15_HW_1_SET_54_22_118_63_R_30_247_holes.txt
240507-13:18:53	[INFO]	CAL_ASIC_HW_ADDR_0: ftrim_XA-000-08-002-000-001-090-01_HW_0_SET_56_23_118_53_R_30_247_holes.txt
240507-13:27:40	[INFO]	CAL_ASIC_HW_ADDR_3: ftrim_XA-000-08-002-000-001-087-01_HW_3_SET_58_22_118_40_R_30_247_holes.txt
240507-13:36:31	[INFO]	CAL_ASIC_HW_ADDR_2: ftrim_XA-000-08-002-000-001-084-01_HW_2_SET_56_22_118_30_R_30_247_holes.txt
240507-13:45:17	[INFO]	CAL_ASIC_HW_ADDR_5: ftrim_XA-000-08-002-000-001-085-01_HW_5_SET_57_23_118_35_R_30_247_holes.txt
240507-13:54:06	[INFO]	CAL_ASIC_HW_ADDR_4: ftrim_XA-000-08-002-000-001-110-08_HW_4_SET_56_20_118_40_R_30_247_holes.txt
240507-14:02:58	[INFO]	CAL_ASIC_HW_ADDR_7: ftrim_XA-000-08-002-000-001-089-01_HW_7_SET_56_21_118_35_R_30_247_holes.txt
240507-14:11:50	[INFO]	CAL_ASIC_HW_ADDR_6: ftrim_XA-000-08-002-000-005-182-06_HW_6_SET_56_17_118_26_R_30_247_holes.txt
240507-14:11:50	[INFO]	<<-- FINISHED CALIBRATING THE MODULE
240507-14:11:50	[INFO]	--> SETTING THE CALIBRATION TRIM
240507-14:13:41	[INFO]	<<-- FINISHED SETTING THE CALIBRATION TRIM
240507-14:13:41	[INFO]	--> MEASURING ENC AND CHECKING CALIBRATION
240507-14:20:39	[INFO]	PSCAN_ASIC_HW_ADDR_7: pscan_240507_1413_XA-000-08-002-000-001-197-12_HW_7_SET_57_27_118_43_VP_0_255_1_NP_100_elect.txt
240507-14:27:38	[INFO]	PSCAN_ASIC_HW_ADDR_6: pscan_240507_1420_XA-000-08-002-000-001-188-00_HW_6_SET_57_28_118_35_VP_0_255_1_NP_100_elect.txt
240507-14:34:36	[INFO]	PSCAN_ASIC_HW_ADDR_5: pscan_240507_1427_XA-000-08-002-000-001-158-14_HW_5_SET_58_26_118_44_VP_0_255_1_NP_100_elect.txt
240507-14:41:33	[INFO]	PSCAN_ASIC_HW_ADDR_4: pscan_240507_1434_XA-000-08-002-000-001-200-12_HW_4_SET_55_24_118_40_VP_0_255_1_NP_100_elect.txt
240507-14:48:29	[INFO]	PSCAN_ASIC_HW_ADDR_3: pscan_240507_1441_XA-000-08-002-000-001-178-00_HW_3_SET_55_23_118_39_VP_0_255_1_NP_100_elect.txt
240507-14:55:28	[INFO]	PSCAN_ASIC_HW_ADDR_2: pscan_240507_1448_XA-000-08-002-000-001-196-12_HW_2_SET_56_23_118_42_VP_0_255_1_NP_100_elect.txt
240507-15:02:23	[INFO]	PSCAN_ASIC_HW_ADDR_1: pscan_240507_1455_XA-000-08-002-000-001-187-00_HW_1_SET_57_27_118_36_VP_0_255_1_NP_100_elect.txt
240507-15:09:20	[INFO]	PSCAN_ASIC_HW_ADDR_0: pscan_240507_1502_XA-000-08-002-000-001-195-12_HW_0_SET_57_26_118_46_VP_0_255_1_NP_100_elect.txt
240507-15:16:14	[INFO]	PSCAN_ASIC_HW_ADDR_1: pscan_240507_1509_XA-000-08-002-000-001-113-15_HW_1_SET_54_22_118_63_VP_0_255_1_NP_100_holes.txt
240507-15:23:08	[INFO]	PSCAN_ASIC_HW_ADDR_0: pscan_240507_1516_XA-000-08-002-000-001-090-01_HW_0_SET_56_23_118_53_VP_0_255_1_NP_100_holes.txt
240507-15:30:08	[INFO]	PSCAN_ASIC_HW_ADDR_3: pscan_240507_1523_XA-000-08-002-000-001-087-01_HW_3_SET_58_22_118_40_VP_0_255_1_NP_100_holes.txt
240507-15:37:07	[INFO]	PSCAN_ASIC_HW_ADDR_2: pscan_240507_1530_XA-000-08-002-000-001-084-01_HW_2_SET_56_22_118_30_VP_0_255_1_NP_100_holes.txt
240507-15:44:08	[INFO]	PSCAN_ASIC_HW_ADDR_5: pscan_240507_1537_XA-000-08-002-000-001-085-01_HW_5_SET_57_23_118_35_VP_0_255_1_NP_100_holes.txt
240507-15:51:05	[INFO]	PSCAN_ASIC_HW_ADDR_4: pscan_240507_1544_XA-000-08-002-000-001-110-08_HW_4_SET_56_20_118_40_VP_0_255_1_NP_100_holes.txt
240507-15:57:59	[INFO]	PSCAN_ASIC_HW_ADDR_7: pscan_240507_1551_XA-000-08-002-000-001-089-01_HW_7_SET_56_21_118_35_VP_0_255_1_NP_100_holes.txt
240507-16:05:03	[INFO]	PSCAN_ASIC_HW_ADDR_6: pscan_240507_1557_XA-000-08-002-000-005-182-06_HW_6_SET_56_17_118_26_VP_0_255_1_NP_100_holes.txt
240507-16:05:03	[INFO]	<<-- FINISHED MEASURING ENC AND CHECKING CALIBRATION
240508-09:54:48	MODULE_ID:	M4UL4T3010323B2_240508_0954
240508-09:54:48	[INFO]	TEST_CENTER: GSI
240508-09:54:48	[INFO]	OPERATOR_ID: Dairon Rodriguez Garces
240508-09:54:48	[INFO]	MODULE ID: 	M4UL4T3010323B2
240508-09:54:48	[INFO]	SENSOR_SIZE [mm]: 	124
240508-09:54:48	[INFO]	SENSOR_QGRADE: 	C
240508-09:54:59	[INFO]	-->> RUNNING SYNCHRONIZATION
240508-09:55:28	[INFO]	<<-- FINISHED SYNCHRONIZATION
240508-09:55:28	[INFO]	-->> READING LV VALUES BEFORE CONFIGURATION
240508-09:55:28	[INFO]	<<-- FINISHED READING LV VALUES BEFORE CONFIGURATION
240508-09:55:28	[INFO]	-->> LOADING STANDARD CONFIGURATION
240508-09:55:35	[INFO]	<<-- FINISHED LOADING STANDARD CONFIGURATION
240508-09:55:35	[INFO]	-->> READING ASICs ID
240508-09:55:36	[INFO]	<<-- FINISHED READING ASICs ID
240508-09:55:36	[INFO]	-->> LOADING DEFAULT TRIM VALUES
240508-09:56:30	[INFO]	<<-- FINISHED LOADING DEFAULT TRIM VALUES
240508-09:56:30	[INFO]	-->> READING LV VALUES AFTER CONFIGURATION
240508-09:56:40	[INFO]	<<-- FINISHED READING LV VALUES AFTER CONFIGURATION
240508-09:56:40	[INFO]	-->> READING VDDM & TEMPERATURE
240508-09:56:47	[INFO]	<<-- FINISHED READING VDDM & TEMPERATURE
240508-09:56:47	[INFO]	--> SETTING THE CALIBRATION TRIM
240508-09:58:38	[INFO]	<<-- FINISHED SETTING THE CALIBRATION TRIM
240508-09:58:38	[INFO]	--> CHECKING CHANNELS' CONNECTIVITY
240508-09:58:38	[INFO]	CONN-CHECK_ASIC_HW_ADDR_7: elect
240508-09:58:56	[INFO]	CONN-CHECK_ASIC_HW_ADDR_6: elect
240508-09:59:14	[INFO]	CONN-CHECK_ASIC_HW_ADDR_5: elect
240508-09:59:31	[INFO]	CONN-CHECK_ASIC_HW_ADDR_4: elect
240508-09:59:49	[INFO]	CONN-CHECK_ASIC_HW_ADDR_3: elect
240508-10:00:06	[INFO]	CONN-CHECK_ASIC_HW_ADDR_2: elect
240508-10:00:24	[INFO]	CONN-CHECK_ASIC_HW_ADDR_1: elect
240508-10:00:42	[INFO]	CONN-CHECK_ASIC_HW_ADDR_0: elect
240508-10:01:00	[INFO]	CONN-CHECK_ASIC_HW_ADDR_1: holes
240508-10:01:17	[INFO]	CONN-CHECK_ASIC_HW_ADDR_0: holes
240508-10:01:35	[INFO]	CONN-CHECK_ASIC_HW_ADDR_3: holes
240508-10:01:52	[INFO]	CONN-CHECK_ASIC_HW_ADDR_2: holes
240508-10:02:10	[INFO]	CONN-CHECK_ASIC_HW_ADDR_5: holes
240508-10:02:28	[INFO]	CONN-CHECK_ASIC_HW_ADDR_4: holes
240508-10:02:46	[INFO]	CONN-CHECK_ASIC_HW_ADDR_7: holes
240508-10:03:04	[INFO]	CONN-CHECK_ASIC_HW_ADDR_6: holes
240508-10:03:22	[INFO]	<<-- FINISHED CHECKING CHANNELS' CONNECTIVITY
240508-10:29:04	MODULE_ID:	M4UL4T3010323B2_240508_1029
240508-10:29:04	[INFO]	TEST_CENTER: GSI
240508-10:29:04	[INFO]	OPERATOR_ID: Dairon Rodriguez Garces
240508-10:29:04	[INFO]	MODULE ID: 	M4UL4T3010323B2
240508-10:29:04	[INFO]	SENSOR_SIZE [mm]: 	124
240508-10:29:04	[INFO]	SENSOR_QGRADE: 	C
240508-10:29:14	[INFO]	-->> RUNNING SYNCHRONIZATION
240508-10:29:44	[INFO]	<<-- FINISHED SYNCHRONIZATION
240508-10:29:44	[INFO]	-->> READING LV VALUES BEFORE CONFIGURATION
240508-10:29:44	[INFO]	<<-- FINISHED READING LV VALUES BEFORE CONFIGURATION
240508-10:29:44	[INFO]	-->> LOADING STANDARD CONFIGURATION
240508-10:29:51	[INFO]	<<-- FINISHED LOADING STANDARD CONFIGURATION
240508-10:29:51	[INFO]	-->> READING ASICs ID
240508-10:29:52	[INFO]	<<-- FINISHED READING ASICs ID
240508-10:29:52	[INFO]	-->> LOADING DEFAULT TRIM VALUES
240508-10:30:49	[INFO]	<<-- FINISHED LOADING DEFAULT TRIM VALUES
240508-10:30:49	[INFO]	-->> READING LV VALUES AFTER CONFIGURATION
240508-10:30:59	[INFO]	<<-- FINISHED READING LV VALUES AFTER CONFIGURATION
240508-10:30:59	[INFO]	-->> READING VDDM & TEMPERATURE
240508-10:31:05	[INFO]	<<-- FINISHED READING VDDM & TEMPERATURE
240508-10:31:05	[INFO]	--> SETTING THE CALIBRATION TRIM
240508-10:33:00	[INFO]	<<-- FINISHED SETTING THE CALIBRATION TRIM
240508-10:33:00	[INFO]	--> MEASURING ENC AND CHECKING CALIBRATION
240508-10:40:29	[INFO]	PSCAN_ASIC_HW_ADDR_7: pscan_240508_1033_XA-000-08-002-000-001-197-12_HW_7_SET_57_27_118_43_VP_0_255_1_NP_100_elect.txt
240508-10:47:39	[INFO]	PSCAN_ASIC_HW_ADDR_6: pscan_240508_1040_XA-000-08-002-000-001-188-00_HW_6_SET_57_28_118_35_VP_0_255_1_NP_100_elect.txt
240508-10:54:47	[INFO]	PSCAN_ASIC_HW_ADDR_5: pscan_240508_1047_XA-000-08-002-000-001-158-14_HW_5_SET_58_26_118_44_VP_0_255_1_NP_100_elect.txt
240508-11:02:04	[INFO]	PSCAN_ASIC_HW_ADDR_4: pscan_240508_1054_XA-000-08-002-000-001-200-12_HW_4_SET_55_24_118_40_VP_0_255_1_NP_100_elect.txt
240508-11:09:16	[INFO]	PSCAN_ASIC_HW_ADDR_3: pscan_240508_1102_XA-000-08-002-000-001-178-00_HW_3_SET_55_23_118_39_VP_0_255_1_NP_100_elect.txt
240508-11:16:27	[INFO]	PSCAN_ASIC_HW_ADDR_2: pscan_240508_1109_XA-000-08-002-000-001-196-12_HW_2_SET_56_23_118_42_VP_0_255_1_NP_100_elect.txt
240508-11:23:39	[INFO]	PSCAN_ASIC_HW_ADDR_1: pscan_240508_1116_XA-000-08-002-000-001-187-00_HW_1_SET_57_27_118_36_VP_0_255_1_NP_100_elect.txt
240508-11:30:54	[INFO]	PSCAN_ASIC_HW_ADDR_0: pscan_240508_1123_XA-000-08-002-000-001-195-12_HW_0_SET_57_26_118_46_VP_0_255_1_NP_100_elect.txt
240508-11:38:07	[INFO]	PSCAN_ASIC_HW_ADDR_1: pscan_240508_1130_XA-000-08-002-000-001-113-15_HW_1_SET_54_22_118_63_VP_0_255_1_NP_100_holes.txt
240508-11:45:15	[INFO]	PSCAN_ASIC_HW_ADDR_0: pscan_240508_1138_XA-000-08-002-000-001-090-01_HW_0_SET_56_23_118_53_VP_0_255_1_NP_100_holes.txt
240508-11:52:26	[INFO]	PSCAN_ASIC_HW_ADDR_3: pscan_240508_1145_XA-000-08-002-000-001-087-01_HW_3_SET_58_22_118_40_VP_0_255_1_NP_100_holes.txt
240508-11:59:39	[INFO]	PSCAN_ASIC_HW_ADDR_2: pscan_240508_1152_XA-000-08-002-000-001-084-01_HW_2_SET_56_22_118_30_VP_0_255_1_NP_100_holes.txt
240508-12:06:50	[INFO]	PSCAN_ASIC_HW_ADDR_5: pscan_240508_1159_XA-000-08-002-000-001-085-01_HW_5_SET_57_23_118_35_VP_0_255_1_NP_100_holes.txt
240508-12:14:02	[INFO]	PSCAN_ASIC_HW_ADDR_4: pscan_240508_1206_XA-000-08-002-000-001-110-08_HW_4_SET_56_20_118_40_VP_0_255_1_NP_100_holes.txt
240508-12:21:17	[INFO]	PSCAN_ASIC_HW_ADDR_7: pscan_240508_1214_XA-000-08-002-000-001-089-01_HW_7_SET_56_21_118_35_VP_0_255_1_NP_100_holes.txt
240508-12:28:31	[INFO]	PSCAN_ASIC_HW_ADDR_6: pscan_240508_1221_XA-000-08-002-000-005-182-06_HW_6_SET_56_17_118_26_VP_0_255_1_NP_100_holes.txt
240508-12:28:31	[INFO]	<<-- FINISHED MEASURING ENC AND CHECKING CALIBRATION
