240508-18:03:46	MODULE_ID:	M4UL4T0010320B2
240508-18:03:46	[INFO]	TEST_CENTER: GSI
240508-18:03:46	[INFO]	OPERATOR_ID: Dairon Rodriguez Garces
240508-18:03:46	[INFO]	MODULE ID: 	M4UL4T0010320B2
240508-18:03:46	[INFO]	SENSOR_SIZE [mm]: 	42
240508-18:03:46	[INFO]	SENSOR_QGRADE: 	C
240508-18:04:14	[INFO]	-->> RUNNING SYNCHRONIZATION
240508-18:04:43	[INFO]	<<-- FINISHED SYNCHRONIZATION
240508-18:04:43	[INFO]	-->> READING LV VALUES BEFORE CONFIGURATION
240508-18:04:43	[INFO]	<<-- FINISHED READING LV VALUES BEFORE CONFIGURATION
240508-18:04:43	[INFO]	-->> LOADING STANDARD CONFIGURATION
240508-18:04:50	[INFO]	<<-- FINISHED LOADING STANDARD CONFIGURATION
240508-18:04:50	[INFO]	-->> READING ASICs ID
240508-18:04:51	[INFO]	<<-- FINISHED READING ASICs ID
240508-18:04:51	[INFO]	-->> LOADING DEFAULT TRIM VALUES
240508-18:05:45	[INFO]	<<-- FINISHED LOADING DEFAULT TRIM VALUES
240508-18:05:45	[INFO]	-->> READING LV VALUES AFTER CONFIGURATION
240508-18:05:55	[INFO]	<<-- FINISHED READING LV VALUES AFTER CONFIGURATION
240508-18:05:55	[INFO]	-->> READING VDDM & TEMPERATURE
240508-18:06:01	[INFO]	<<-- FINISHED READING VDDM & TEMPERATURE
240508-18:06:01	[INFO]	-->> LOADING DEFAULT TRIM VALUES
240508-18:06:56	[INFO]	<<-- FINISHED LOADING DEFAULT TRIM VALUES
240508-18:06:56	[INFO]	-->> FINDING VREF_P, VREF_N & THR@_GLB FOR CALIBRATION
240508-18:13:50	[INFO]	<<-- FINISHED FINDING VREF_P, VREF_N & THR@_GLB FOR CALIBRATION
240508-18:13:50	[INFO]	--> SETTING THE CALIBRATION PARAMETERS
240508-18:13:50	[INFO]	<<-- FINISHED SETTING THE CALIBRATION PARAMETERS
240508-18:13:50	[INFO]	-->> CALIBRATING THE MODULE
240508-18:22:36	[INFO]	CAL_ASIC_HW_ADDR_7: ftrim_XA-000-08-002-000-001-159-14_HW_7_SET_57_26_118_30_R_30_247_elect.txt
240508-18:31:23	[INFO]	CAL_ASIC_HW_ADDR_6: ftrim_XA-000-08-002-000-001-142-09_HW_6_SET_58_30_118_29_R_30_247_elect.txt
240508-18:40:10	[INFO]	CAL_ASIC_HW_ADDR_5: ftrim_XA-000-08-002-000-001-154-14_HW_5_SET_56_28_118_27_R_30_247_elect.txt
240508-18:48:56	[INFO]	CAL_ASIC_HW_ADDR_4: ftrim_XA-000-08-002-000-001-141-09_HW_4_SET_57_28_118_33_R_30_247_elect.txt
240508-18:57:43	[INFO]	CAL_ASIC_HW_ADDR_3: ftrim_XA-000-08-002-000-001-153-14_HW_3_SET_58_28_118_35_R_30_247_elect.txt
240508-19:06:28	[INFO]	CAL_ASIC_HW_ADDR_2: ftrim_XA-000-08-002-000-001-146-14_HW_2_SET_57_27_118_37_R_30_247_elect.txt
240508-19:15:16	[INFO]	CAL_ASIC_HW_ADDR_1: ftrim_XA-000-08-002-000-001-152-14_HW_1_SET_56_28_118_34_R_30_247_elect.txt
240508-19:23:59	[INFO]	CAL_ASIC_HW_ADDR_0: ftrim_XA-000-08-002-000-001-147-14_HW_0_SET_57_26_118_39_R_30_247_elect.txt
240508-19:32:40	[INFO]	CAL_ASIC_HW_ADDR_1: ftrim_XA-000-08-002-000-005-230-04_HW_1_SET_56_19_118_60_R_30_247_holes.txt
240508-19:41:22	[INFO]	CAL_ASIC_HW_ADDR_0: ftrim_XA-000-08-002-000-005-244-03_HW_0_SET_57_20_118_35_R_30_247_holes.txt
240508-19:50:07	[INFO]	CAL_ASIC_HW_ADDR_3: ftrim_XA-000-08-002-000-005-214-13_HW_3_SET_55_19_118_32_R_30_247_holes.txt
240508-19:58:47	[INFO]	CAL_ASIC_HW_ADDR_2: ftrim_XA-000-08-002-000-005-242-03_HW_2_SET_57_19_118_35_R_30_247_holes.txt
240508-20:07:33	[INFO]	CAL_ASIC_HW_ADDR_5: ftrim_XA-000-08-002-000-005-196-10_HW_5_SET_57_19_118_30_R_30_247_holes.txt
240508-20:16:23	[INFO]	CAL_ASIC_HW_ADDR_4: ftrim_XA-000-08-002-000-005-234-04_HW_4_SET_56_19_118_31_R_30_247_holes.txt
240508-20:25:14	[INFO]	CAL_ASIC_HW_ADDR_7: ftrim_XA-000-08-002-000-005-183-06_HW_7_SET_56_19_118_28_R_30_247_holes.txt
240508-20:33:59	[INFO]	CAL_ASIC_HW_ADDR_6: ftrim_XA-000-08-002-000-005-213-13_HW_6_SET_56_18_118_27_R_30_247_holes.txt
240508-20:33:59	[INFO]	<<-- FINISHED CALIBRATING THE MODULE
240508-20:33:59	[INFO]	--> SETTING THE CALIBRATION TRIM
240508-20:35:49	[INFO]	<<-- FINISHED SETTING THE CALIBRATION TRIM
240508-20:35:49	[INFO]	--> MEASURING ENC AND CHECKING CALIBRATION
240508-20:42:41	[INFO]	PSCAN_ASIC_HW_ADDR_7: pscan_240508_2035_XA-000-08-002-000-001-159-14_HW_7_SET_57_26_118_30_VP_0_255_1_NP_100_elect.txt
240508-20:49:40	[INFO]	PSCAN_ASIC_HW_ADDR_6: pscan_240508_2042_XA-000-08-002-000-001-142-09_HW_6_SET_58_30_118_29_VP_0_255_1_NP_100_elect.txt
240508-20:56:36	[INFO]	PSCAN_ASIC_HW_ADDR_5: pscan_240508_2049_XA-000-08-002-000-001-154-14_HW_5_SET_56_28_118_27_VP_0_255_1_NP_100_elect.txt
240508-21:03:31	[INFO]	PSCAN_ASIC_HW_ADDR_4: pscan_240508_2056_XA-000-08-002-000-001-141-09_HW_4_SET_57_28_118_33_VP_0_255_1_NP_100_elect.txt
240508-21:10:25	[INFO]	PSCAN_ASIC_HW_ADDR_3: pscan_240508_2103_XA-000-08-002-000-001-153-14_HW_3_SET_58_28_118_35_VP_0_255_1_NP_100_elect.txt
240508-21:17:19	[INFO]	PSCAN_ASIC_HW_ADDR_2: pscan_240508_2110_XA-000-08-002-000-001-146-14_HW_2_SET_57_27_118_37_VP_0_255_1_NP_100_elect.txt
240508-21:24:15	[INFO]	PSCAN_ASIC_HW_ADDR_1: pscan_240508_2117_XA-000-08-002-000-001-152-14_HW_1_SET_56_28_118_34_VP_0_255_1_NP_100_elect.txt
240508-21:31:10	[INFO]	PSCAN_ASIC_HW_ADDR_0: pscan_240508_2124_XA-000-08-002-000-001-147-14_HW_0_SET_57_26_118_39_VP_0_255_1_NP_100_elect.txt
240508-21:38:04	[INFO]	PSCAN_ASIC_HW_ADDR_1: pscan_240508_2131_XA-000-08-002-000-005-230-04_HW_1_SET_56_19_118_60_VP_0_255_1_NP_100_holes.txt
240508-21:44:57	[INFO]	PSCAN_ASIC_HW_ADDR_0: pscan_240508_2138_XA-000-08-002-000-005-244-03_HW_0_SET_57_20_118_35_VP_0_255_1_NP_100_holes.txt
240508-21:51:49	[INFO]	PSCAN_ASIC_HW_ADDR_3: pscan_240508_2144_XA-000-08-002-000-005-214-13_HW_3_SET_55_19_118_32_VP_0_255_1_NP_100_holes.txt
240508-21:58:53	[INFO]	PSCAN_ASIC_HW_ADDR_2: pscan_240508_2151_XA-000-08-002-000-005-242-03_HW_2_SET_57_19_118_35_VP_0_255_1_NP_100_holes.txt
240508-22:06:18	[INFO]	PSCAN_ASIC_HW_ADDR_5: pscan_240508_2158_XA-000-08-002-000-005-196-10_HW_5_SET_57_19_118_30_VP_0_255_1_NP_100_holes.txt
240508-22:14:34	[INFO]	PSCAN_ASIC_HW_ADDR_4: pscan_240508_2206_XA-000-08-002-000-005-234-04_HW_4_SET_56_19_118_31_VP_0_255_1_NP_100_holes.txt
240508-22:23:18	[INFO]	PSCAN_ASIC_HW_ADDR_7: pscan_240508_2214_XA-000-08-002-000-005-183-06_HW_7_SET_56_19_118_28_VP_0_255_1_NP_100_holes.txt
240508-22:31:59	[INFO]	PSCAN_ASIC_HW_ADDR_6: pscan_240508_2223_XA-000-08-002-000-005-213-13_HW_6_SET_56_18_118_27_VP_0_255_1_NP_100_holes.txt
240508-22:31:59	[INFO]	<<-- FINISHED MEASURING ENC AND CHECKING CALIBRATION
240513-10:27:27	MODULE_ID:	M4UL4T0010320B2_240513_1027
240513-10:27:27	[INFO]	TEST_CENTER: GSI
240513-10:27:27	[INFO]	OPERATOR_ID: Dairon Rodriguez Garces
240513-10:27:27	[INFO]	MODULE ID: 	M4UL4T0010320B2
240513-10:27:27	[INFO]	SENSOR_SIZE [mm]: 	42
240513-10:27:27	[INFO]	SENSOR_QGRADE: 	C
240513-10:27:48	[INFO]	-->> RUNNING SYNCHRONIZATION
240513-10:28:17	[INFO]	<<-- FINISHED SYNCHRONIZATION
240513-10:28:17	[INFO]	-->> READING LV VALUES BEFORE CONFIGURATION
240513-10:28:18	[INFO]	<<-- FINISHED READING LV VALUES BEFORE CONFIGURATION
240513-10:28:18	[INFO]	-->> LOADING STANDARD CONFIGURATION
240513-10:28:25	[INFO]	<<-- FINISHED LOADING STANDARD CONFIGURATION
240513-10:28:25	[INFO]	-->> READING ASICs ID
240513-10:28:26	[INFO]	<<-- FINISHED READING ASICs ID
240513-10:28:26	[INFO]	-->> LOADING DEFAULT TRIM VALUES
240513-10:29:21	[INFO]	<<-- FINISHED LOADING DEFAULT TRIM VALUES
240513-10:29:21	[INFO]	-->> READING LV VALUES AFTER CONFIGURATION
240513-10:29:31	[INFO]	<<-- FINISHED READING LV VALUES AFTER CONFIGURATION
240513-10:29:31	[INFO]	-->> READING VDDM & TEMPERATURE
240513-10:29:37	[INFO]	<<-- FINISHED READING VDDM & TEMPERATURE
240513-10:29:37	[INFO]	--> SETTING THE CALIBRATION TRIM
240513-10:31:33	[INFO]	<<-- FINISHED SETTING THE CALIBRATION TRIM
240513-10:31:33	[INFO]	--> CHECKING CHANNELS' CONNECTIVITY
240513-10:31:33	[INFO]	CONN-CHECK_ASIC_HW_ADDR_7: elect
240513-10:31:52	[INFO]	CONN-CHECK_ASIC_HW_ADDR_6: elect
240513-10:32:10	[INFO]	CONN-CHECK_ASIC_HW_ADDR_5: elect
240513-10:32:28	[INFO]	CONN-CHECK_ASIC_HW_ADDR_4: elect
240513-10:32:46	[INFO]	CONN-CHECK_ASIC_HW_ADDR_3: elect
240513-10:33:04	[INFO]	CONN-CHECK_ASIC_HW_ADDR_2: elect
240513-10:33:21	[INFO]	CONN-CHECK_ASIC_HW_ADDR_1: elect
240513-10:33:39	[INFO]	CONN-CHECK_ASIC_HW_ADDR_0: elect
240513-10:33:57	[INFO]	CONN-CHECK_ASIC_HW_ADDR_1: holes
240513-10:34:15	[INFO]	CONN-CHECK_ASIC_HW_ADDR_0: holes
240513-10:34:33	[INFO]	CONN-CHECK_ASIC_HW_ADDR_3: holes
240513-10:34:51	[INFO]	CONN-CHECK_ASIC_HW_ADDR_2: holes
240513-10:35:09	[INFO]	CONN-CHECK_ASIC_HW_ADDR_5: holes
240513-10:35:27	[INFO]	CONN-CHECK_ASIC_HW_ADDR_4: holes
240513-10:35:45	[INFO]	CONN-CHECK_ASIC_HW_ADDR_7: holes
240513-10:36:04	[INFO]	CONN-CHECK_ASIC_HW_ADDR_6: holes
240513-10:36:27	[INFO]	<<-- FINISHED CHECKING CHANNELS' CONNECTIVITY
