240801-17:56:59	MODULE_ID:	M6UL4B2010362A2
240801-17:56:59	[INFO]	TEST_CENTER: GSI
240801-17:56:59	[INFO]	OPERATOR_ID: Dairon Rodriguez Garces
240801-17:56:59	[INFO]	MODULE ID: 	M6UL4B2010362A2
240801-17:56:59	[INFO]	SENSOR_SIZE [mm]: 	124
240801-17:56:59	[INFO]	SENSOR_QGRADE: 	C
240801-17:57:55	[INFO]	-->> RUNNING SYNCHRONIZATION
240801-17:59:28	MODULE_ID:	M6UL4B2010362A2_240801_1759
240801-17:59:28	[INFO]	TEST_CENTER: GSI
240801-17:59:28	[INFO]	OPERATOR_ID: Dairon Rodriguez Garces
240801-17:59:28	[INFO]	MODULE ID: 	M6UL4B2010362A2
240801-17:59:28	[INFO]	SENSOR_SIZE [mm]: 	124
240801-17:59:28	[INFO]	SENSOR_QGRADE: 	C
240801-18:00:10	[INFO]	-->> RUNNING SYNCHRONIZATION
240801-18:00:39	[INFO]	<<-- FINISHED SYNCHRONIZATION
240801-18:00:39	[INFO]	-->> READING LV VALUES BEFORE CONFIGURATION
240801-18:00:40	[INFO]	<<-- FINISHED READING LV VALUES BEFORE CONFIGURATION
240801-18:00:40	[INFO]	-->> LOADING STANDARD CONFIGURATION
240801-18:00:47	[INFO]	<<-- FINISHED LOADING STANDARD CONFIGURATION
240801-18:00:47	[INFO]	-->> READING ASICs ID
240801-18:00:48	[INFO]	<<-- FINISHED READING ASICs ID
240801-18:00:48	[INFO]	-->> LOADING DEFAULT TRIM VALUES
240801-18:01:43	[INFO]	<<-- FINISHED LOADING DEFAULT TRIM VALUES
240801-18:01:43	[INFO]	-->> READING LV VALUES AFTER CONFIGURATION
240801-18:01:54	[INFO]	<<-- FINISHED READING LV VALUES AFTER CONFIGURATION
240801-18:01:54	[INFO]	-->> READING VDDM & TEMPERATURE
240801-18:01:57	[INFO]	<<-- FINISHED READING VDDM & TEMPERATURE
240801-18:01:57	[INFO]	-->> LOADING DEFAULT TRIM VALUES
240801-18:02:52	[INFO]	<<-- FINISHED LOADING DEFAULT TRIM VALUES
240801-18:02:52	[INFO]	-->> FINDING VREF_P, VREF_N & THR@_GLB FOR CALIBRATION
240801-18:09:48	[INFO]	<<-- FINISHED FINDING VREF_P, VREF_N & THR@_GLB FOR CALIBRATION
240801-18:09:48	[INFO]	--> SETTING THE CALIBRATION PARAMETERS
240801-18:09:48	[INFO]	<<-- FINISHED SETTING THE CALIBRATION PARAMETERS
240801-18:09:48	[INFO]	-->> CALIBRATING THE MODULE
240801-18:18:53	[INFO]	CAL_ASIC_HW_ADDR_1: ftrim_XA-000-08-003-000-002-059-14_HW_1_SET_55_26_118_42_R_30_247_elect.txt
240801-18:27:49	[INFO]	CAL_ASIC_HW_ADDR_0: ftrim_XA-000-08-003-000-002-126-11_HW_0_SET_57_27_118_39_R_30_247_elect.txt
240801-18:36:46	[INFO]	CAL_ASIC_HW_ADDR_3: ftrim_XA-000-08-003-000-002-065-02_HW_3_SET_56_24_118_44_R_30_247_elect.txt
240801-18:45:45	[INFO]	CAL_ASIC_HW_ADDR_2: ftrim_XA-000-08-003-000-002-130-13_HW_2_SET_58_26_118_45_R_30_247_elect.txt
240801-18:54:35	[INFO]	CAL_ASIC_HW_ADDR_5: ftrim_XA-000-08-003-000-002-062-14_HW_5_SET_58_27_118_34_R_30_247_elect.txt
240801-19:03:37	[INFO]	CAL_ASIC_HW_ADDR_4: ftrim_XA-000-08-003-000-002-136-13_HW_4_SET_56_26_118_39_R_30_247_elect.txt
240801-19:12:35	[INFO]	CAL_ASIC_HW_ADDR_7: ftrim_XA-000-08-003-000-002-057-14_HW_7_SET_58_29_118_43_R_30_247_elect.txt
240801-19:21:33	[INFO]	CAL_ASIC_HW_ADDR_6: ftrim_XA-000-08-003-000-002-125-11_HW_6_SET_57_24_118_59_R_30_247_elect.txt
240801-19:30:32	[INFO]	CAL_ASIC_HW_ADDR_7: ftrim_XA-000-08-003-000-002-069-02_HW_7_SET_58_24_118_10_R_30_247_holes.txt
240801-19:39:32	[INFO]	CAL_ASIC_HW_ADDR_6: ftrim_na-000-03-000-000-000-000-00_HW_6_SET_58_24_118_41_R_30_247_holes.txt
240801-19:48:30	[INFO]	CAL_ASIC_HW_ADDR_5: ftrim_XA-000-08-003-000-002-064-02_HW_5_SET_56_22_118_43_R_30_247_holes.txt
240801-19:57:31	[INFO]	CAL_ASIC_HW_ADDR_4: ftrim_XA-000-08-003-000-002-060-14_HW_4_SET_57_24_118_42_R_30_247_holes.txt
240801-20:06:34	[INFO]	CAL_ASIC_HW_ADDR_3: ftrim_XA-000-08-003-000-002-061-14_HW_3_SET_57_20_118_33_R_30_247_holes.txt
240801-20:15:28	[INFO]	CAL_ASIC_HW_ADDR_2: ftrim_XA-000-08-003-000-002-066-02_HW_2_SET_56_23_118_48_R_30_247_holes.txt
240801-20:24:26	[INFO]	CAL_ASIC_HW_ADDR_1: ftrim_XA-000-08-003-000-002-067-02_HW_1_SET_56_21_118_42_R_30_247_holes.txt
240801-20:33:24	[INFO]	CAL_ASIC_HW_ADDR_0: ftrim_XA-000-08-003-000-002-063-14_HW_0_SET_55_21_118_43_R_30_247_holes.txt
240801-20:33:24	[INFO]	<<-- FINISHED CALIBRATING THE MODULE
240801-20:33:24	[INFO]	--> SETTING THE CALIBRATION TRIM
240801-20:35:16	[INFO]	<<-- FINISHED SETTING THE CALIBRATION TRIM
240801-20:35:16	[INFO]	--> MEASURING ENC AND CHECKING CALIBRATION
240801-20:42:15	[INFO]	PSCAN_ASIC_HW_ADDR_1: pscan_240801_2035_XA-000-08-003-000-002-059-14_HW_1_SET_55_26_118_42_VP_0_255_1_NP_100_elect.txt
240801-20:49:14	[INFO]	PSCAN_ASIC_HW_ADDR_0: pscan_240801_2042_XA-000-08-003-000-002-126-11_HW_0_SET_57_27_118_39_VP_0_255_1_NP_100_elect.txt
240801-20:56:12	[INFO]	PSCAN_ASIC_HW_ADDR_3: pscan_240801_2049_XA-000-08-003-000-002-065-02_HW_3_SET_56_24_118_44_VP_0_255_1_NP_100_elect.txt
240801-21:03:14	[INFO]	PSCAN_ASIC_HW_ADDR_2: pscan_240801_2056_XA-000-08-003-000-002-130-13_HW_2_SET_58_26_118_45_VP_0_255_1_NP_100_elect.txt
240801-21:10:15	[INFO]	PSCAN_ASIC_HW_ADDR_5: pscan_240801_2103_XA-000-08-003-000-002-062-14_HW_5_SET_58_27_118_34_VP_0_255_1_NP_100_elect.txt
240801-21:17:18	[INFO]	PSCAN_ASIC_HW_ADDR_4: pscan_240801_2110_XA-000-08-003-000-002-136-13_HW_4_SET_56_26_118_39_VP_0_255_1_NP_100_elect.txt
240801-21:24:13	[INFO]	PSCAN_ASIC_HW_ADDR_7: pscan_240801_2117_XA-000-08-003-000-002-057-14_HW_7_SET_58_29_118_43_VP_0_255_1_NP_100_elect.txt
240801-21:31:11	[INFO]	PSCAN_ASIC_HW_ADDR_6: pscan_240801_2124_XA-000-08-003-000-002-125-11_HW_6_SET_57_24_118_59_VP_0_255_1_NP_100_elect.txt
240801-21:38:08	[INFO]	PSCAN_ASIC_HW_ADDR_7: pscan_240801_2131_XA-000-08-003-000-002-069-02_HW_7_SET_58_24_118_10_VP_0_255_1_NP_100_holes.txt
240801-21:45:04	[INFO]	PSCAN_ASIC_HW_ADDR_6: pscan_240801_2138_na-000-03-000-000-000-000-00_HW_6_SET_58_24_118_41_VP_0_255_1_NP_100_holes.txt
240801-21:52:02	[INFO]	PSCAN_ASIC_HW_ADDR_5: pscan_240801_2145_XA-000-08-003-000-002-064-02_HW_5_SET_56_22_118_43_VP_0_255_1_NP_100_holes.txt
240801-21:58:59	[INFO]	PSCAN_ASIC_HW_ADDR_4: pscan_240801_2152_XA-000-08-003-000-002-060-14_HW_4_SET_57_24_118_42_VP_0_255_1_NP_100_holes.txt
240801-22:05:59	[INFO]	PSCAN_ASIC_HW_ADDR_3: pscan_240801_2158_XA-000-08-003-000-002-061-14_HW_3_SET_57_20_118_33_VP_0_255_1_NP_100_holes.txt
240801-22:13:06	[INFO]	PSCAN_ASIC_HW_ADDR_2: pscan_240801_2205_XA-000-08-003-000-002-066-02_HW_2_SET_56_23_118_48_VP_0_255_1_NP_100_holes.txt
240801-22:20:19	[INFO]	PSCAN_ASIC_HW_ADDR_1: pscan_240801_2213_XA-000-08-003-000-002-067-02_HW_1_SET_56_21_118_42_VP_0_255_1_NP_100_holes.txt
240801-22:27:25	[INFO]	PSCAN_ASIC_HW_ADDR_0: pscan_240801_2220_XA-000-08-003-000-002-063-14_HW_0_SET_55_21_118_43_VP_0_255_1_NP_100_holes.txt
240801-22:27:25	[INFO]	<<-- FINISHED MEASURING ENC AND CHECKING CALIBRATION
