240715-11:04:24	MODULE_ID:	M4UL0B3010553A2
240715-11:04:24	[INFO]	TEST_CENTER: GSI
240715-11:04:24	[INFO]	OPERATOR_ID: Dairon Rodriguez Garces
240715-11:04:24	[INFO]	MODULE ID: 	M4UL0B3010553A2
240715-11:04:24	[INFO]	SENSOR_SIZE [mm]: 	124
240715-11:04:24	[INFO]	SENSOR_QGRADE: 	B
240715-11:04:44	[INFO]	-->> RUNNING SYNCHRONIZATION
240715-11:05:14	[INFO]	<<-- FINISHED SYNCHRONIZATION
240715-11:05:14	[INFO]	-->> READING LV VALUES BEFORE CONFIGURATION
240715-11:05:14	[INFO]	<<-- FINISHED READING LV VALUES BEFORE CONFIGURATION
240715-11:05:14	[INFO]	-->> LOADING STANDARD CONFIGURATION
240715-11:05:21	[INFO]	<<-- FINISHED LOADING STANDARD CONFIGURATION
240715-11:05:21	[INFO]	-->> READING ASICs ID
240715-11:05:22	[INFO]	<<-- FINISHED READING ASICs ID
240715-11:05:22	[INFO]	-->> READING LV VALUES AFTER CONFIGURATION
240715-11:05:33	[INFO]	<<-- FINISHED READING LV VALUES AFTER CONFIGURATION
240715-11:05:33	[INFO]	-->> READING VDDM & TEMPERATURE
240715-11:05:36	[INFO]	<<-- FINISHED READING VDDM & TEMPERATURE
240715-11:05:36	[INFO]	-->> LOADING DEFAULT TRIM VALUES
240715-11:06:33	[INFO]	<<-- FINISHED LOADING DEFAULT TRIM VALUES
240715-11:06:33	[INFO]	-->> FINDING VREF_P, VREF_N & THR@_GLB FOR CALIBRATION
240715-11:13:31	[INFO]	<<-- FINISHED FINDING VREF_P, VREF_N & THR@_GLB FOR CALIBRATION
240715-11:13:31	[INFO]	--> SETTING THE CALIBRATION PARAMETERS
240715-11:13:31	[INFO]	<<-- FINISHED SETTING THE CALIBRATION PARAMETERS
240715-11:13:31	[INFO]	-->> CALIBRATING THE MODULE
240715-11:22:27	[INFO]	CAL_ASIC_HW_ADDR_1: ftrim_XA-000-08-002-002-007-199-00_HW_1_SET_56_24_118_47_R_30_247_elect.txt
240715-11:31:27	[INFO]	CAL_ASIC_HW_ADDR_0: ftrim_XA-000-08-002-002-007-180-12_HW_0_SET_57_23_118_54_R_30_247_elect.txt
240715-11:40:20	[INFO]	CAL_ASIC_HW_ADDR_3: ftrim_XA-000-08-002-002-007-200-00_HW_3_SET_56_23_118_33_R_30_247_elect.txt
240715-11:49:03	[INFO]	CAL_ASIC_HW_ADDR_2: ftrim_XA-000-08-002-002-007-225-14_HW_2_SET_57_24_118_45_R_30_247_elect.txt
240715-11:57:50	[INFO]	CAL_ASIC_HW_ADDR_5: ftrim_XA-000-08-002-002-007-235-14_HW_5_SET_56_25_118_53_R_30_247_elect.txt
240715-12:06:37	[INFO]	CAL_ASIC_HW_ADDR_4: ftrim_XA-000-08-002-002-007-157-02_HW_4_SET_57_21_118_45_R_30_247_elect.txt
240715-12:15:20	[INFO]	CAL_ASIC_HW_ADDR_7: ftrim_XA-000-08-002-002-007-237-14_HW_7_SET_56_26_118_39_R_30_247_elect.txt
240715-12:24:01	[INFO]	CAL_ASIC_HW_ADDR_6: ftrim_XA-000-08-002-002-007-233-14_HW_6_SET_57_26_118_52_R_30_247_elect.txt
240715-12:32:40	[INFO]	CAL_ASIC_HW_ADDR_7: ftrim_XA-000-08-002-001-007-237-15_HW_7_SET_57_21_118_10_R_30_247_holes.txt
240715-12:41:24	[INFO]	CAL_ASIC_HW_ADDR_6: ftrim_XA-000-08-002-001-007-241-08_HW_6_SET_55_20_118_10_R_30_247_holes.txt
240715-12:50:10	[INFO]	CAL_ASIC_HW_ADDR_5: ftrim_XA-000-08-002-001-007-232-15_HW_5_SET_57_19_118_32_R_30_247_holes.txt
240715-12:58:52	[INFO]	CAL_ASIC_HW_ADDR_4: ftrim_XA-000-08-002-001-008-030-13_HW_4_SET_55_20_118_54_R_30_247_holes.txt
240715-13:07:34	[INFO]	CAL_ASIC_HW_ADDR_3: ftrim_XA-000-08-002-001-007-230-15_HW_3_SET_57_19_118_38_R_30_247_holes.txt
240715-13:16:19	[INFO]	CAL_ASIC_HW_ADDR_2: ftrim_XA-000-08-002-001-008-003-10_HW_2_SET_57_19_118_46_R_30_247_holes.txt
240715-13:24:57	[INFO]	CAL_ASIC_HW_ADDR_1: ftrim_XA-000-08-002-001-007-248-08_HW_1_SET_55_21_118_34_R_30_247_holes.txt
240715-13:33:42	[INFO]	CAL_ASIC_HW_ADDR_0: ftrim_XA-000-08-002-001-007-236-15_HW_0_SET_58_18_118_44_R_30_247_holes.txt
240715-13:33:42	[INFO]	<<-- FINISHED CALIBRATING THE MODULE
240715-13:33:42	[INFO]	--> SETTING THE CALIBRATION TRIM
240715-13:35:30	[INFO]	<<-- FINISHED SETTING THE CALIBRATION TRIM
240715-13:35:30	[INFO]	--> MEASURING ENC AND CHECKING CALIBRATION
240715-13:42:22	[INFO]	PSCAN_ASIC_HW_ADDR_1: pscan_240715_1335_XA-000-08-002-002-007-199-00_HW_1_SET_56_24_118_47_VP_0_255_1_NP_100_elect.txt
240715-13:49:12	[INFO]	PSCAN_ASIC_HW_ADDR_0: pscan_240715_1342_XA-000-08-002-002-007-180-12_HW_0_SET_57_23_118_54_VP_0_255_1_NP_100_elect.txt
240715-13:56:00	[INFO]	PSCAN_ASIC_HW_ADDR_3: pscan_240715_1349_XA-000-08-002-002-007-200-00_HW_3_SET_56_23_118_33_VP_0_255_1_NP_100_elect.txt
240715-14:02:53	[INFO]	PSCAN_ASIC_HW_ADDR_2: pscan_240715_1356_XA-000-08-002-002-007-225-14_HW_2_SET_57_24_118_45_VP_0_255_1_NP_100_elect.txt
240715-14:09:50	[INFO]	PSCAN_ASIC_HW_ADDR_5: pscan_240715_1402_XA-000-08-002-002-007-235-14_HW_5_SET_56_25_118_53_VP_0_255_1_NP_100_elect.txt
240715-14:16:42	[INFO]	PSCAN_ASIC_HW_ADDR_4: pscan_240715_1409_XA-000-08-002-002-007-157-02_HW_4_SET_57_21_118_45_VP_0_255_1_NP_100_elect.txt
240715-14:23:33	[INFO]	PSCAN_ASIC_HW_ADDR_7: pscan_240715_1416_XA-000-08-002-002-007-237-14_HW_7_SET_56_26_118_39_VP_0_255_1_NP_100_elect.txt
240715-14:30:20	[INFO]	PSCAN_ASIC_HW_ADDR_6: pscan_240715_1423_XA-000-08-002-002-007-233-14_HW_6_SET_57_26_118_52_VP_0_255_1_NP_100_elect.txt
240715-14:37:10	[INFO]	PSCAN_ASIC_HW_ADDR_7: pscan_240715_1430_XA-000-08-002-001-007-237-15_HW_7_SET_57_21_118_10_VP_0_255_1_NP_100_holes.txt
240715-14:44:01	[INFO]	PSCAN_ASIC_HW_ADDR_6: pscan_240715_1437_XA-000-08-002-001-007-241-08_HW_6_SET_55_20_118_10_VP_0_255_1_NP_100_holes.txt
240715-14:50:53	[INFO]	PSCAN_ASIC_HW_ADDR_5: pscan_240715_1444_XA-000-08-002-001-007-232-15_HW_5_SET_57_19_118_32_VP_0_255_1_NP_100_holes.txt
240715-14:57:44	[INFO]	PSCAN_ASIC_HW_ADDR_4: pscan_240715_1450_XA-000-08-002-001-008-030-13_HW_4_SET_55_20_118_54_VP_0_255_1_NP_100_holes.txt
240715-15:04:42	[INFO]	PSCAN_ASIC_HW_ADDR_3: pscan_240715_1457_XA-000-08-002-001-007-230-15_HW_3_SET_57_19_118_38_VP_0_255_1_NP_100_holes.txt
240715-15:11:31	[INFO]	PSCAN_ASIC_HW_ADDR_2: pscan_240715_1504_XA-000-08-002-001-008-003-10_HW_2_SET_57_19_118_46_VP_0_255_1_NP_100_holes.txt
240715-15:18:22	[INFO]	PSCAN_ASIC_HW_ADDR_1: pscan_240715_1511_XA-000-08-002-001-007-248-08_HW_1_SET_55_21_118_34_VP_0_255_1_NP_100_holes.txt
240715-15:25:16	[INFO]	PSCAN_ASIC_HW_ADDR_0: pscan_240715_1518_XA-000-08-002-001-007-236-15_HW_0_SET_58_18_118_44_VP_0_255_1_NP_100_holes.txt
240715-15:25:16	[INFO]	<<-- FINISHED MEASURING ENC AND CHECKING CALIBRATION
240715-17:05:18	MODULE_ID:	M4UL0B3010553A2_240715_1705
240715-17:05:18	[INFO]	TEST_CENTER: GSI
240715-17:05:18	[INFO]	OPERATOR_ID: Dairon Rodriguez Garces
240715-17:05:18	[INFO]	MODULE ID: 	M4UL0B3010553A2
240715-17:05:18	[INFO]	SENSOR_SIZE [mm]: 	124
240715-17:05:18	[INFO]	SENSOR_QGRADE: 	B
240715-17:05:37	[INFO]	-->> RUNNING SYNCHRONIZATION
240715-17:06:07	[INFO]	<<-- FINISHED SYNCHRONIZATION
240715-17:06:07	[INFO]	-->> READING LV VALUES BEFORE CONFIGURATION
240715-17:06:08	[INFO]	<<-- FINISHED READING LV VALUES BEFORE CONFIGURATION
240715-17:06:08	[INFO]	-->> LOADING STANDARD CONFIGURATION
240715-17:06:15	[INFO]	<<-- FINISHED LOADING STANDARD CONFIGURATION
240715-17:06:15	[INFO]	-->> READING ASICs ID
240715-17:06:16	[INFO]	<<-- FINISHED READING ASICs ID
240715-17:06:16	[INFO]	-->> READING LV VALUES AFTER CONFIGURATION
240715-17:06:26	[INFO]	<<-- FINISHED READING LV VALUES AFTER CONFIGURATION
240715-17:06:26	[INFO]	-->> READING VDDM & TEMPERATURE
240715-17:06:30	[INFO]	<<-- FINISHED READING VDDM & TEMPERATURE
240715-17:06:30	[INFO]	--> SETTING THE CALIBRATION TRIM
240715-17:08:22	[INFO]	<<-- FINISHED SETTING THE CALIBRATION TRIM
240715-17:08:22	[INFO]	--> CHECKING CHANNELS' CONNECTIVITY
240715-17:08:22	[INFO]	CONN-CHECK_ASIC_HW_ADDR_1: elect
240715-17:08:39	[INFO]	CONN-CHECK_ASIC_HW_ADDR_0: elect
240715-17:08:57	[INFO]	CONN-CHECK_ASIC_HW_ADDR_3: elect
240715-17:09:15	[INFO]	CONN-CHECK_ASIC_HW_ADDR_2: elect
240715-17:09:33	[INFO]	CONN-CHECK_ASIC_HW_ADDR_5: elect
240715-17:09:51	[INFO]	CONN-CHECK_ASIC_HW_ADDR_4: elect
240715-17:10:09	[INFO]	CONN-CHECK_ASIC_HW_ADDR_7: elect
240715-17:10:26	[INFO]	CONN-CHECK_ASIC_HW_ADDR_6: elect
240715-17:10:44	[INFO]	CONN-CHECK_ASIC_HW_ADDR_7: holes
240715-17:11:02	[INFO]	CONN-CHECK_ASIC_HW_ADDR_6: holes
240715-17:11:20	[INFO]	CONN-CHECK_ASIC_HW_ADDR_5: holes
240715-17:11:37	[INFO]	CONN-CHECK_ASIC_HW_ADDR_4: holes
240715-17:11:55	[INFO]	CONN-CHECK_ASIC_HW_ADDR_3: holes
240715-17:12:13	[INFO]	CONN-CHECK_ASIC_HW_ADDR_2: holes
240715-17:12:30	[INFO]	CONN-CHECK_ASIC_HW_ADDR_1: holes
240715-17:12:48	[INFO]	CONN-CHECK_ASIC_HW_ADDR_0: holes
240715-17:13:06	[INFO]	<<-- FINISHED CHECKING CHANNELS' CONNECTIVITY
