240426-17:53:22	MODULE_ID:	M5DL3T2001172A2
240426-17:53:22	[INFO]	TEST_CENTER: GSI
240426-17:53:22	[INFO]	OPERATOR_ID: Dairon Rodriguez Garces
240426-17:53:22	[INFO]	MODULE ID: 	M5DL3T2001172A2
240426-17:53:22	[INFO]	SENSOR_SIZE [mm]: 	124
240426-17:53:22	[INFO]	SENSOR_QGRADE: 	B
240426-17:53:50	[INFO]	-->> RUNNING SYNCHRONIZATION
240426-17:54:21	[INFO]	<<-- FINISHED SYNCHRONIZATION
240426-17:54:21	[INFO]	-->> READING LV VALUES BEFORE CONFIGURATION
240426-17:54:22	[INFO]	<<-- FINISHED READING LV VALUES BEFORE CONFIGURATION
240426-17:54:22	[INFO]	-->> LOADING STANDARD CONFIGURATION
240426-17:54:30	[INFO]	<<-- FINISHED LOADING STANDARD CONFIGURATION
240426-17:54:30	[INFO]	-->> READING ASICs ID
240426-17:54:31	[INFO]	<<-- FINISHED READING ASICs ID
240426-17:54:31	[INFO]	-->> READING LV VALUES AFTER CONFIGURATION
240426-17:54:41	[INFO]	<<-- FINISHED READING LV VALUES AFTER CONFIGURATION
240426-17:54:41	[INFO]	-->> READING VDDM & TEMPERATURE
240426-17:54:47	[INFO]	<<-- FINISHED READING VDDM & TEMPERATURE
240426-17:54:47	[INFO]	-->> LOADING DEFAULT TRIM VALUES
240426-17:55:41	[INFO]	<<-- FINISHED LOADING DEFAULT TRIM VALUES
240426-17:55:41	[INFO]	-->> FINDING VREF_P, VREF_N & THR@_GLB FOR CALIBRATION
240426-18:02:15	[INFO]	<<-- FINISHED FINDING VREF_P, VREF_N & THR@_GLB FOR CALIBRATION
240426-18:02:15	[INFO]	--> SETTING THE CALIBRATION PARAMETERS
240426-18:02:15	[INFO]	<<-- FINISHED SETTING THE CALIBRATION PARAMETERS
240426-18:02:15	[INFO]	-->> CALIBRATING THE MODULE
240426-18:10:44	[INFO]	CAL_ASIC_HW_ADDR_1: ftrim_XA-000-08-002-000-000-246-08_HW_1_SET_58_29_118_33_R_30_247_elect.txt
240426-18:19:11	[INFO]	CAL_ASIC_HW_ADDR_0: ftrim_XA-000-08-002-000-000-242-08_HW_0_SET_58_30_118_35_R_30_247_elect.txt
240426-18:27:39	[INFO]	CAL_ASIC_HW_ADDR_3: ftrim_XA-000-08-002-000-000-245-08_HW_3_SET_55_28_118_34_R_30_247_elect.txt
240426-18:36:06	[INFO]	CAL_ASIC_HW_ADDR_2: ftrim_XA-000-08-002-000-000-243-08_HW_2_SET_57_29_118_34_R_30_247_elect.txt
240426-18:44:37	[INFO]	CAL_ASIC_HW_ADDR_5: ftrim_XA-000-08-002-000-003-069-05_HW_5_SET_57_28_118_38_R_30_247_elect.txt
240426-18:53:09	[INFO]	CAL_ASIC_HW_ADDR_4: ftrim_XA-000-08-002-000-000-247-08_HW_4_SET_58_30_118_35_R_30_247_elect.txt
240426-19:01:39	[INFO]	CAL_ASIC_HW_ADDR_7: ftrim_XA-000-08-002-000-000-239-15_HW_7_SET_57_31_118_38_R_30_247_elect.txt
240426-19:10:07	[INFO]	CAL_ASIC_HW_ADDR_6: ftrim_XA-000-08-002-000-000-241-08_HW_6_SET_58_29_118_38_R_30_247_elect.txt
240426-19:18:35	[INFO]	CAL_ASIC_HW_ADDR_7: ftrim_XA-000-08-002-000-004-196-07_HW_7_SET_57_26_118_69_R_30_247_holes.txt
240426-19:27:05	[INFO]	CAL_ASIC_HW_ADDR_6: ftrim_XA-000-08-002-000-000-240-08_HW_6_SET_58_25_118_51_R_30_247_holes.txt
240426-19:35:35	[INFO]	CAL_ASIC_HW_ADDR_5: ftrim_XA-000-08-002-000-004-197-07_HW_5_SET_55_22_118_35_R_30_247_holes.txt
240426-19:44:04	[INFO]	CAL_ASIC_HW_ADDR_4: ftrim_XA-000-08-002-000-000-238-15_HW_4_SET_57_23_118_32_R_30_247_holes.txt
240426-19:52:32	[INFO]	CAL_ASIC_HW_ADDR_3: ftrim_XA-000-08-002-000-004-205-07_HW_3_SET_56_23_118_31_R_30_247_holes.txt
240426-20:01:00	[INFO]	CAL_ASIC_HW_ADDR_2: ftrim_XA-000-08-002-000-000-225-15_HW_2_SET_57_23_118_31_R_30_247_holes.txt
240426-20:09:33	[INFO]	CAL_ASIC_HW_ADDR_1: ftrim_XA-000-08-002-000-004-206-07_HW_1_SET_56_23_118_31_R_30_247_holes.txt
240426-20:18:02	[INFO]	CAL_ASIC_HW_ADDR_0: ftrim_XA-000-08-002-000-000-224-15_HW_0_SET_55_23_118_39_R_30_247_holes.txt
240426-20:18:02	[INFO]	<<-- FINISHED CALIBRATING THE MODULE
240426-20:18:02	[INFO]	--> SETTING THE CALIBRATION TRIM
240426-20:19:48	[INFO]	<<-- FINISHED SETTING THE CALIBRATION TRIM
240426-20:19:48	[INFO]	--> MEASURING ENC AND CHECKING CALIBRATION
240426-20:26:33	[INFO]	PSCAN_ASIC_HW_ADDR_1: pscan_240426_2019_XA-000-08-002-000-000-246-08_HW_1_SET_58_29_118_33_VP_0_255_1_NP_100_elect.txt
240426-20:33:20	[INFO]	PSCAN_ASIC_HW_ADDR_0: pscan_240426_2026_XA-000-08-002-000-000-242-08_HW_0_SET_58_30_118_35_VP_0_255_1_NP_100_elect.txt
240426-20:40:06	[INFO]	PSCAN_ASIC_HW_ADDR_3: pscan_240426_2033_XA-000-08-002-000-000-245-08_HW_3_SET_55_28_118_34_VP_0_255_1_NP_100_elect.txt
240426-20:46:54	[INFO]	PSCAN_ASIC_HW_ADDR_2: pscan_240426_2040_XA-000-08-002-000-000-243-08_HW_2_SET_57_29_118_34_VP_0_255_1_NP_100_elect.txt
240426-20:53:42	[INFO]	PSCAN_ASIC_HW_ADDR_5: pscan_240426_2046_XA-000-08-002-000-003-069-05_HW_5_SET_57_28_118_38_VP_0_255_1_NP_100_elect.txt
240426-21:00:30	[INFO]	PSCAN_ASIC_HW_ADDR_4: pscan_240426_2053_XA-000-08-002-000-000-247-08_HW_4_SET_58_30_118_35_VP_0_255_1_NP_100_elect.txt
240426-21:07:18	[INFO]	PSCAN_ASIC_HW_ADDR_7: pscan_240426_2100_XA-000-08-002-000-000-239-15_HW_7_SET_57_31_118_38_VP_0_255_1_NP_100_elect.txt
240426-21:14:04	[INFO]	PSCAN_ASIC_HW_ADDR_6: pscan_240426_2107_XA-000-08-002-000-000-241-08_HW_6_SET_58_29_118_38_VP_0_255_1_NP_100_elect.txt
240426-21:20:53	[INFO]	PSCAN_ASIC_HW_ADDR_7: pscan_240426_2114_XA-000-08-002-000-004-196-07_HW_7_SET_57_26_118_69_VP_0_255_1_NP_100_holes.txt
240426-21:27:38	[INFO]	PSCAN_ASIC_HW_ADDR_6: pscan_240426_2120_XA-000-08-002-000-000-240-08_HW_6_SET_58_25_118_51_VP_0_255_1_NP_100_holes.txt
240426-21:34:27	[INFO]	PSCAN_ASIC_HW_ADDR_5: pscan_240426_2127_XA-000-08-002-000-004-197-07_HW_5_SET_55_22_118_35_VP_0_255_1_NP_100_holes.txt
240426-21:41:14	[INFO]	PSCAN_ASIC_HW_ADDR_4: pscan_240426_2134_XA-000-08-002-000-000-238-15_HW_4_SET_57_23_118_32_VP_0_255_1_NP_100_holes.txt
240426-21:48:03	[INFO]	PSCAN_ASIC_HW_ADDR_3: pscan_240426_2141_XA-000-08-002-000-004-205-07_HW_3_SET_56_23_118_31_VP_0_255_1_NP_100_holes.txt
240426-21:54:50	[INFO]	PSCAN_ASIC_HW_ADDR_2: pscan_240426_2148_XA-000-08-002-000-000-225-15_HW_2_SET_57_23_118_31_VP_0_255_1_NP_100_holes.txt
240426-22:01:40	[INFO]	PSCAN_ASIC_HW_ADDR_1: pscan_240426_2154_XA-000-08-002-000-004-206-07_HW_1_SET_56_23_118_31_VP_0_255_1_NP_100_holes.txt
240426-22:08:29	[INFO]	PSCAN_ASIC_HW_ADDR_0: pscan_240426_2201_XA-000-08-002-000-000-224-15_HW_0_SET_55_23_118_39_VP_0_255_1_NP_100_holes.txt
240426-22:08:29	[INFO]	<<-- FINISHED MEASURING ENC AND CHECKING CALIBRATION
240429-09:30:31	MODULE_ID:	M5DL3T2001172A2_240429_0930
240429-09:30:31	[INFO]	TEST_CENTER: GSI
240429-09:30:31	[INFO]	OPERATOR_ID: Dairon Rodriguez Garces
240429-09:30:31	[INFO]	MODULE ID: 	M5DL3T2001172A2
240429-09:30:31	[INFO]	SENSOR_SIZE [mm]: 	124
240429-09:30:31	[INFO]	SENSOR_QGRADE: 	B
240429-09:30:48	[INFO]	-->> RUNNING SYNCHRONIZATION
240429-09:31:24	MODULE_ID:	M5DL3T2001172A2_240429_0931
240429-09:31:24	[INFO]	TEST_CENTER: GSI
240429-09:31:24	[INFO]	OPERATOR_ID: Dairon Rodriguez Garces
240429-09:31:24	[INFO]	MODULE ID: 	M5DL3T2001172A2
240429-09:31:24	[INFO]	SENSOR_SIZE [mm]: 	124
240429-09:31:24	[INFO]	SENSOR_QGRADE: 	B
240429-09:31:38	[INFO]	-->> RUNNING SYNCHRONIZATION
240429-09:32:11	[INFO]	<<-- FINISHED SYNCHRONIZATION
240429-09:32:11	[INFO]	-->> READING LV VALUES BEFORE CONFIGURATION
240429-09:32:11	[INFO]	<<-- FINISHED READING LV VALUES BEFORE CONFIGURATION
240429-09:32:11	[INFO]	-->> LOADING STANDARD CONFIGURATION
240429-09:32:20	[INFO]	<<-- FINISHED LOADING STANDARD CONFIGURATION
240429-09:32:20	[INFO]	-->> READING ASICs ID
240429-09:32:21	[INFO]	<<-- FINISHED READING ASICs ID
240429-09:32:21	[INFO]	-->> READING LV VALUES AFTER CONFIGURATION
240429-09:32:31	[INFO]	<<-- FINISHED READING LV VALUES AFTER CONFIGURATION
240429-09:32:31	[INFO]	-->> READING VDDM & TEMPERATURE
240429-09:32:38	[INFO]	<<-- FINISHED READING VDDM & TEMPERATURE
240429-09:32:38	[INFO]	--> SETTING THE CALIBRATION TRIM
240429-09:34:26	[INFO]	<<-- FINISHED SETTING THE CALIBRATION TRIM
240429-09:34:26	[INFO]	--> CHECKING CHANNELS' CONNECTIVITY
240429-09:34:26	[INFO]	CONN-CHECK_ASIC_HW_ADDR_1: elect
240429-09:34:43	[INFO]	CONN-CHECK_ASIC_HW_ADDR_0: elect
240429-09:35:00	[INFO]	CONN-CHECK_ASIC_HW_ADDR_3: elect
240429-09:35:17	[INFO]	CONN-CHECK_ASIC_HW_ADDR_2: elect
240429-09:35:33	[INFO]	CONN-CHECK_ASIC_HW_ADDR_5: elect
240429-09:35:51	[INFO]	CONN-CHECK_ASIC_HW_ADDR_4: elect
240429-09:36:09	[INFO]	CONN-CHECK_ASIC_HW_ADDR_7: elect
240429-09:36:26	[INFO]	CONN-CHECK_ASIC_HW_ADDR_6: elect
240429-09:36:43	[INFO]	CONN-CHECK_ASIC_HW_ADDR_7: holes
240429-09:37:00	[INFO]	CONN-CHECK_ASIC_HW_ADDR_6: holes
240429-09:37:18	[INFO]	CONN-CHECK_ASIC_HW_ADDR_5: holes
240429-09:37:36	[INFO]	CONN-CHECK_ASIC_HW_ADDR_4: holes
240429-09:37:54	[INFO]	CONN-CHECK_ASIC_HW_ADDR_3: holes
240429-09:38:12	[INFO]	CONN-CHECK_ASIC_HW_ADDR_2: holes
240429-09:38:29	[INFO]	CONN-CHECK_ASIC_HW_ADDR_1: holes
240429-09:38:47	[INFO]	CONN-CHECK_ASIC_HW_ADDR_0: holes
240429-09:39:05	[INFO]	<<-- FINISHED CHECKING CHANNELS' CONNECTIVITY
