240426-17:54:45	MODULE_ID:	M5DL3B3001173B2
240426-17:54:45	[INFO]	TEST_CENTER: GSI
240426-17:54:45	[INFO]	OPERATOR_ID: Dairon Rodriguez Garces
240426-17:54:45	[INFO]	MODULE ID: 	M5DL3B3001173B2
240426-17:54:45	[INFO]	SENSOR_SIZE [mm]: 	124
240426-17:54:45	[INFO]	SENSOR_QGRADE: 	C
240426-17:54:56	[INFO]	-->> RUNNING SYNCHRONIZATION
240426-17:55:25	[INFO]	<<-- FINISHED SYNCHRONIZATION
240426-17:55:25	[INFO]	-->> READING LV VALUES BEFORE CONFIGURATION
240426-17:55:25	[INFO]	<<-- FINISHED READING LV VALUES BEFORE CONFIGURATION
240426-17:55:25	[INFO]	-->> LOADING STANDARD CONFIGURATION
240426-17:55:32	[INFO]	<<-- FINISHED LOADING STANDARD CONFIGURATION
240426-17:55:32	[INFO]	-->> READING ASICs ID
240426-17:55:33	[INFO]	<<-- FINISHED READING ASICs ID
240426-17:55:33	[INFO]	-->> LOADING DEFAULT TRIM VALUES
240426-17:56:26	[INFO]	<<-- FINISHED LOADING DEFAULT TRIM VALUES
240426-17:56:26	[INFO]	-->> READING LV VALUES AFTER CONFIGURATION
240426-17:56:36	[INFO]	<<-- FINISHED READING LV VALUES AFTER CONFIGURATION
240426-17:56:36	[INFO]	-->> READING VDDM & TEMPERATURE
240426-17:56:43	[INFO]	<<-- FINISHED READING VDDM & TEMPERATURE
240426-17:56:43	[INFO]	-->> LOADING DEFAULT TRIM VALUES
240426-17:57:34	[INFO]	<<-- FINISHED LOADING DEFAULT TRIM VALUES
240426-17:57:34	[INFO]	-->> FINDING VREF_P, VREF_N & THR@_GLB FOR CALIBRATION
240426-18:04:08	[INFO]	<<-- FINISHED FINDING VREF_P, VREF_N & THR@_GLB FOR CALIBRATION
240426-18:04:08	[INFO]	--> SETTING THE CALIBRATION PARAMETERS
240426-18:04:08	[INFO]	<<-- FINISHED SETTING THE CALIBRATION PARAMETERS
240426-18:04:08	[INFO]	-->> CALIBRATING THE MODULE
240426-18:12:41	[INFO]	CAL_ASIC_HW_ADDR_7: ftrim_XA-000-08-002-000-004-071-13_HW_7_SET_56_23_118_38_R_30_247_elect.txt
240426-18:21:11	[INFO]	CAL_ASIC_HW_ADDR_6: ftrim_XA-000-08-002-000-004-109-03_HW_6_SET_58_24_118_38_R_30_247_elect.txt
240426-18:29:43	[INFO]	CAL_ASIC_HW_ADDR_5: ftrim_XA-000-08-002-000-004-081-10_HW_5_SET_58_28_118_41_R_30_247_elect.txt
240426-18:38:12	[INFO]	CAL_ASIC_HW_ADDR_4: ftrim_XA-000-08-002-000-004-073-13_HW_4_SET_56_23_118_45_R_30_247_elect.txt
240426-18:46:46	[INFO]	CAL_ASIC_HW_ADDR_3: ftrim_XA-000-08-002-000-004-076-13_HW_3_SET_58_24_118_34_R_30_247_elect.txt
240426-18:55:21	[INFO]	CAL_ASIC_HW_ADDR_2: ftrim_XA-000-08-002-000-004-077-13_HW_2_SET_55_26_118_47_R_30_247_elect.txt
240426-19:03:51	[INFO]	CAL_ASIC_HW_ADDR_1: ftrim_XA-000-08-002-000-004-072-13_HW_1_SET_57_25_118_33_R_30_247_elect.txt
240426-19:12:22	[INFO]	CAL_ASIC_HW_ADDR_0: ftrim_XA-000-08-002-000-004-082-10_HW_0_SET_55_23_118_45_R_30_247_elect.txt
240426-19:20:53	[INFO]	CAL_ASIC_HW_ADDR_1: ftrim_XA-000-08-002-000-004-074-13_HW_1_SET_56_22_118_67_R_30_247_holes.txt
240426-19:29:25	[INFO]	CAL_ASIC_HW_ADDR_0: ftrim_XA-000-08-002-000-004-067-13_HW_0_SET_57_20_118_10_R_30_247_holes.txt
240426-19:37:57	[INFO]	CAL_ASIC_HW_ADDR_3: ftrim_XA-000-08-002-000-004-078-13_HW_3_SET_57_22_118_40_R_30_247_holes.txt
240426-19:46:28	[INFO]	CAL_ASIC_HW_ADDR_2: ftrim_XA-000-08-002-000-004-080-10_HW_2_SET_56_22_118_41_R_30_247_holes.txt
240426-19:54:58	[INFO]	CAL_ASIC_HW_ADDR_5: ftrim_XA-000-08-002-000-004-069-13_HW_5_SET_55_19_118_55_R_30_247_holes.txt
240426-20:03:32	[INFO]	CAL_ASIC_HW_ADDR_4: ftrim_XA-000-08-002-000-004-075-13_HW_4_SET_56_19_118_45_R_30_247_holes.txt
240426-20:12:05	[INFO]	CAL_ASIC_HW_ADDR_7: ftrim_XA-000-08-002-000-004-068-13_HW_7_SET_56_22_118_41_R_30_247_holes.txt
240426-20:20:42	[INFO]	CAL_ASIC_HW_ADDR_6: ftrim_XA-000-08-002-000-003-249-06_HW_6_SET_57_22_118_39_R_30_247_holes.txt
240426-20:20:42	[INFO]	<<-- FINISHED CALIBRATING THE MODULE
240426-20:20:42	[INFO]	--> SETTING THE CALIBRATION TRIM
240426-20:22:28	[INFO]	<<-- FINISHED SETTING THE CALIBRATION TRIM
240426-20:22:28	[INFO]	--> MEASURING ENC AND CHECKING CALIBRATION
240426-20:29:16	[INFO]	PSCAN_ASIC_HW_ADDR_7: pscan_240426_2022_XA-000-08-002-000-004-071-13_HW_7_SET_56_23_118_38_VP_0_255_1_NP_100_elect.txt
240426-20:36:03	[INFO]	PSCAN_ASIC_HW_ADDR_6: pscan_240426_2029_XA-000-08-002-000-004-109-03_HW_6_SET_58_24_118_38_VP_0_255_1_NP_100_elect.txt
240426-20:42:50	[INFO]	PSCAN_ASIC_HW_ADDR_5: pscan_240426_2036_XA-000-08-002-000-004-081-10_HW_5_SET_58_28_118_41_VP_0_255_1_NP_100_elect.txt
240426-20:49:41	[INFO]	PSCAN_ASIC_HW_ADDR_4: pscan_240426_2042_XA-000-08-002-000-004-073-13_HW_4_SET_56_23_118_45_VP_0_255_1_NP_100_elect.txt
240426-20:56:31	[INFO]	PSCAN_ASIC_HW_ADDR_3: pscan_240426_2049_XA-000-08-002-000-004-076-13_HW_3_SET_58_24_118_34_VP_0_255_1_NP_100_elect.txt
240426-21:03:20	[INFO]	PSCAN_ASIC_HW_ADDR_2: pscan_240426_2056_XA-000-08-002-000-004-077-13_HW_2_SET_55_26_118_47_VP_0_255_1_NP_100_elect.txt
240426-21:10:08	[INFO]	PSCAN_ASIC_HW_ADDR_1: pscan_240426_2103_XA-000-08-002-000-004-072-13_HW_1_SET_57_25_118_33_VP_0_255_1_NP_100_elect.txt
240426-21:16:58	[INFO]	PSCAN_ASIC_HW_ADDR_0: pscan_240426_2110_XA-000-08-002-000-004-082-10_HW_0_SET_55_23_118_45_VP_0_255_1_NP_100_elect.txt
240426-21:23:47	[INFO]	PSCAN_ASIC_HW_ADDR_1: pscan_240426_2116_XA-000-08-002-000-004-074-13_HW_1_SET_56_22_118_67_VP_0_255_1_NP_100_holes.txt
240426-21:30:34	[INFO]	PSCAN_ASIC_HW_ADDR_0: pscan_240426_2123_XA-000-08-002-000-004-067-13_HW_0_SET_57_20_118_10_VP_0_255_1_NP_100_holes.txt
240426-21:37:23	[INFO]	PSCAN_ASIC_HW_ADDR_3: pscan_240426_2130_XA-000-08-002-000-004-078-13_HW_3_SET_57_22_118_40_VP_0_255_1_NP_100_holes.txt
240426-21:44:13	[INFO]	PSCAN_ASIC_HW_ADDR_2: pscan_240426_2137_XA-000-08-002-000-004-080-10_HW_2_SET_56_22_118_41_VP_0_255_1_NP_100_holes.txt
240426-21:51:03	[INFO]	PSCAN_ASIC_HW_ADDR_5: pscan_240426_2144_XA-000-08-002-000-004-069-13_HW_5_SET_55_19_118_55_VP_0_255_1_NP_100_holes.txt
240426-21:57:54	[INFO]	PSCAN_ASIC_HW_ADDR_4: pscan_240426_2151_XA-000-08-002-000-004-075-13_HW_4_SET_56_19_118_45_VP_0_255_1_NP_100_holes.txt
240426-22:04:45	[INFO]	PSCAN_ASIC_HW_ADDR_7: pscan_240426_2157_XA-000-08-002-000-004-068-13_HW_7_SET_56_22_118_41_VP_0_255_1_NP_100_holes.txt
240426-22:11:47	[INFO]	PSCAN_ASIC_HW_ADDR_6: pscan_240426_2204_XA-000-08-002-000-003-249-06_HW_6_SET_57_22_118_39_VP_0_255_1_NP_100_holes.txt
240426-22:11:47	[INFO]	<<-- FINISHED MEASURING ENC AND CHECKING CALIBRATION
240429-09:32:40	MODULE_ID:	M5DL3B3001173B2_240429_0932
240429-09:32:40	[INFO]	TEST_CENTER: GSI
240429-09:32:40	[INFO]	OPERATOR_ID: Dairon Rodriguez Garces
240429-09:32:40	[INFO]	MODULE ID: 	M5DL3B3001173B2
240429-09:32:40	[INFO]	SENSOR_SIZE [mm]: 	124
240429-09:32:40	[INFO]	SENSOR_QGRADE: 	C
240429-09:32:50	[INFO]	-->> RUNNING SYNCHRONIZATION
240429-09:33:19	[INFO]	<<-- FINISHED SYNCHRONIZATION
240429-09:33:19	[INFO]	-->> READING LV VALUES BEFORE CONFIGURATION
240429-09:33:19	[INFO]	<<-- FINISHED READING LV VALUES BEFORE CONFIGURATION
240429-09:33:19	[INFO]	-->> LOADING STANDARD CONFIGURATION
240429-09:33:25	[INFO]	<<-- FINISHED LOADING STANDARD CONFIGURATION
240429-09:33:25	[INFO]	-->> READING ASICs ID
240429-09:33:26	[INFO]	<<-- FINISHED READING ASICs ID
240429-09:33:26	[INFO]	-->> LOADING DEFAULT TRIM VALUES
240429-09:34:19	[INFO]	<<-- FINISHED LOADING DEFAULT TRIM VALUES
240429-09:34:19	[INFO]	-->> READING LV VALUES AFTER CONFIGURATION
240429-09:34:29	[INFO]	<<-- FINISHED READING LV VALUES AFTER CONFIGURATION
240429-09:34:29	[INFO]	-->> READING VDDM & TEMPERATURE
240429-09:34:36	[INFO]	<<-- FINISHED READING VDDM & TEMPERATURE
240429-09:34:36	[INFO]	--> SETTING THE CALIBRATION TRIM
240429-09:36:27	[INFO]	<<-- FINISHED SETTING THE CALIBRATION TRIM
240429-09:36:27	[INFO]	--> CHECKING CHANNELS' CONNECTIVITY
240429-09:36:27	[INFO]	CONN-CHECK_ASIC_HW_ADDR_7: elect
240429-09:36:44	[INFO]	CONN-CHECK_ASIC_HW_ADDR_6: elect
240429-09:37:01	[INFO]	CONN-CHECK_ASIC_HW_ADDR_5: elect
240429-09:37:19	[INFO]	CONN-CHECK_ASIC_HW_ADDR_4: elect
240429-09:37:37	[INFO]	CONN-CHECK_ASIC_HW_ADDR_3: elect
240429-09:37:54	[INFO]	CONN-CHECK_ASIC_HW_ADDR_2: elect
240429-09:38:12	[INFO]	CONN-CHECK_ASIC_HW_ADDR_1: elect
240429-09:38:30	[INFO]	CONN-CHECK_ASIC_HW_ADDR_0: elect
240429-09:38:47	[INFO]	CONN-CHECK_ASIC_HW_ADDR_1: holes
240429-09:39:05	[INFO]	CONN-CHECK_ASIC_HW_ADDR_0: holes
240429-09:39:22	[INFO]	CONN-CHECK_ASIC_HW_ADDR_3: holes
240429-09:39:40	[INFO]	CONN-CHECK_ASIC_HW_ADDR_2: holes
240429-09:39:58	[INFO]	CONN-CHECK_ASIC_HW_ADDR_5: holes
240429-09:40:16	[INFO]	CONN-CHECK_ASIC_HW_ADDR_4: holes
240429-09:40:33	[INFO]	CONN-CHECK_ASIC_HW_ADDR_7: holes
240429-09:40:52	[INFO]	CONN-CHECK_ASIC_HW_ADDR_6: holes
240429-09:41:12	[INFO]	<<-- FINISHED CHECKING CHANNELS' CONNECTIVITY
240429-10:59:03	MODULE_ID:	M5DL3B3001173B2_240429_1059
240429-10:59:03	[INFO]	TEST_CENTER: GSI
240429-10:59:03	[INFO]	OPERATOR_ID: Dairon Rodriguez Garces
240429-10:59:03	[INFO]	MODULE ID: 	M5DL3B3001173B2
240429-10:59:03	[INFO]	SENSOR_SIZE [mm]: 	124
240429-10:59:03	[INFO]	SENSOR_QGRADE: 	C
240429-10:59:21	[INFO]	-->> RUNNING SYNCHRONIZATION
240429-10:59:51	[INFO]	<<-- FINISHED SYNCHRONIZATION
240429-10:59:51	[INFO]	-->> READING LV VALUES BEFORE CONFIGURATION
240429-10:59:52	[INFO]	<<-- FINISHED READING LV VALUES BEFORE CONFIGURATION
240429-10:59:52	[INFO]	-->> LOADING STANDARD CONFIGURATION
240429-10:59:59	[INFO]	<<-- FINISHED LOADING STANDARD CONFIGURATION
240429-10:59:59	[INFO]	-->> READING ASICs ID
240429-11:00:00	[INFO]	<<-- FINISHED READING ASICs ID
240429-11:00:00	[INFO]	-->> LOADING DEFAULT TRIM VALUES
240429-11:00:04	[INFO]	<<-- FINISHED LOADING DEFAULT TRIM VALUES
240429-11:00:04	[INFO]	-->> READING LV VALUES AFTER CONFIGURATION
240429-11:00:14	[INFO]	<<-- FINISHED READING LV VALUES AFTER CONFIGURATION
240429-11:00:14	[INFO]	-->> READING VDDM & TEMPERATURE
240429-11:00:20	[INFO]	<<-- FINISHED READING VDDM & TEMPERATURE
240429-11:00:20	[INFO]	--> SETTING THE CALIBRATION TRIM
240429-11:00:28	[INFO]	<<-- FINISHED SETTING THE CALIBRATION TRIM
240429-11:00:28	[INFO]	--> MEASURING ENC AND CHECKING CALIBRATION
240429-11:06:57	MODULE_ID:	M5DL3B3001173B2_240429_1106
240429-11:06:57	[INFO]	TEST_CENTER: GSI
240429-11:06:57	[INFO]	OPERATOR_ID: Dairon Rodriguez Garces
240429-11:06:57	[INFO]	MODULE ID: 	M5DL3B3001173B2
240429-11:06:57	[INFO]	SENSOR_SIZE [mm]: 	124
240429-11:06:57	[INFO]	SENSOR_QGRADE: 	C
240429-11:07:19	[INFO]	-->> RUNNING SYNCHRONIZATION
240429-11:07:49	[INFO]	<<-- FINISHED SYNCHRONIZATION
240429-11:07:49	[INFO]	-->> READING LV VALUES BEFORE CONFIGURATION
240429-11:07:50	[INFO]	<<-- FINISHED READING LV VALUES BEFORE CONFIGURATION
240429-11:07:50	[INFO]	-->> LOADING STANDARD CONFIGURATION
240429-11:07:56	[INFO]	<<-- FINISHED LOADING STANDARD CONFIGURATION
240429-11:07:56	[INFO]	-->> READING ASICs ID
240429-11:07:58	[INFO]	<<-- FINISHED READING ASICs ID
240429-11:07:58	[INFO]	-->> LOADING DEFAULT TRIM VALUES
240429-11:08:01	[INFO]	<<-- FINISHED LOADING DEFAULT TRIM VALUES
240429-11:08:01	[INFO]	-->> READING LV VALUES AFTER CONFIGURATION
240429-11:08:12	[INFO]	<<-- FINISHED READING LV VALUES AFTER CONFIGURATION
240429-11:08:12	[INFO]	-->> READING VDDM & TEMPERATURE
240429-11:08:18	[INFO]	<<-- FINISHED READING VDDM & TEMPERATURE
240429-11:08:18	[INFO]	--> SETTING THE CALIBRATION TRIM
240429-11:08:24	[INFO]	<<-- FINISHED SETTING THE CALIBRATION TRIM
240429-11:08:24	[INFO]	--> MEASURING ENC AND CHECKING CALIBRATION
240429-11:15:46	[INFO]	PSCAN_ASIC_HW_ADDR_5: pscan_240429_1108_XA-000-08-002-000-004-069-13_HW_5_SET_55_19_118_55_VP_0_255_1_NP_100_holes.txt
240429-11:15:46	[INFO]	<<-- FINISHED MEASURING ENC AND CHECKING CALIBRATION
240429-11:41:49	MODULE_ID:	M5DL3B3001173B2_240429_1141
240429-11:41:49	[INFO]	TEST_CENTER: GSI
240429-11:41:49	[INFO]	OPERATOR_ID: Dairon Rodriguez Garces
240429-11:41:49	[INFO]	MODULE ID: 	M5DL3B3001173B2
240429-11:41:49	[INFO]	SENSOR_SIZE [mm]: 	124
240429-11:41:49	[INFO]	SENSOR_QGRADE: 	C
240429-11:42:01	[INFO]	-->> RUNNING SYNCHRONIZATION
240429-11:42:30	[INFO]	<<-- FINISHED SYNCHRONIZATION
240429-11:42:30	[INFO]	-->> READING LV VALUES BEFORE CONFIGURATION
240429-11:42:30	[INFO]	<<-- FINISHED READING LV VALUES BEFORE CONFIGURATION
240429-11:42:30	[INFO]	-->> LOADING STANDARD CONFIGURATION
240429-11:42:37	[INFO]	<<-- FINISHED LOADING STANDARD CONFIGURATION
240429-11:42:37	[INFO]	-->> READING ASICs ID
240429-11:42:38	[INFO]	<<-- FINISHED READING ASICs ID
240429-11:42:38	[INFO]	-->> LOADING DEFAULT TRIM VALUES
240429-11:42:41	[INFO]	<<-- FINISHED LOADING DEFAULT TRIM VALUES
240429-11:42:41	[INFO]	-->> READING LV VALUES AFTER CONFIGURATION
240429-11:42:52	[INFO]	<<-- FINISHED READING LV VALUES AFTER CONFIGURATION
240429-11:42:52	[INFO]	-->> READING VDDM & TEMPERATURE
240429-11:42:58	[INFO]	<<-- FINISHED READING VDDM & TEMPERATURE
240429-11:42:58	[INFO]	--> SETTING THE CALIBRATION TRIM
240429-11:43:05	[INFO]	<<-- FINISHED SETTING THE CALIBRATION TRIM
240429-11:43:05	[INFO]	--> MEASURING ENC AND CHECKING CALIBRATION
240429-11:50:21	[INFO]	PSCAN_ASIC_HW_ADDR_5: pscan_240429_1143_XA-000-08-002-000-004-069-13_HW_5_SET_55_19_118_55_VP_0_255_1_NP_100_holes.txt
240429-11:50:21	[INFO]	<<-- FINISHED MEASURING ENC AND CHECKING CALIBRATION
240429-11:56:12	MODULE_ID:	M5DL3B3001173B2_240429_1156
240429-11:56:12	[INFO]	TEST_CENTER: GSI
240429-11:56:12	[INFO]	OPERATOR_ID: Dairon Rodriguez Garces
240429-11:56:12	[INFO]	MODULE ID: 	M5DL3B3001173B2
240429-11:56:12	[INFO]	SENSOR_SIZE [mm]: 	124
240429-11:56:12	[INFO]	SENSOR_QGRADE: 	C
240429-11:56:22	[INFO]	-->> RUNNING SYNCHRONIZATION
240429-11:56:51	[INFO]	<<-- FINISHED SYNCHRONIZATION
240429-11:56:51	[INFO]	-->> READING LV VALUES BEFORE CONFIGURATION
240429-11:56:52	[INFO]	<<-- FINISHED READING LV VALUES BEFORE CONFIGURATION
240429-11:56:52	[INFO]	-->> LOADING STANDARD CONFIGURATION
240429-11:56:59	[INFO]	<<-- FINISHED LOADING STANDARD CONFIGURATION
240429-11:56:59	[INFO]	-->> READING ASICs ID
240429-11:57:00	[INFO]	<<-- FINISHED READING ASICs ID
240429-11:57:00	[INFO]	-->> LOADING DEFAULT TRIM VALUES
240429-11:57:54	[INFO]	<<-- FINISHED LOADING DEFAULT TRIM VALUES
240429-11:57:54	[INFO]	-->> READING LV VALUES AFTER CONFIGURATION
240429-11:58:04	[INFO]	<<-- FINISHED READING LV VALUES AFTER CONFIGURATION
240429-11:58:04	[INFO]	-->> READING VDDM & TEMPERATURE
240429-11:58:10	[INFO]	<<-- FINISHED READING VDDM & TEMPERATURE
240429-11:58:10	[INFO]	-->> LOADING DEFAULT TRIM VALUES
240429-11:59:05	[INFO]	<<-- FINISHED LOADING DEFAULT TRIM VALUES
240429-11:59:05	[INFO]	-->> FINDING VREF_P, VREF_N & THR@_GLB FOR CALIBRATION
240429-12:06:20	[INFO]	<<-- FINISHED FINDING VREF_P, VREF_N & THR@_GLB FOR CALIBRATION
240429-12:06:20	[INFO]	--> SETTING THE CALIBRATION PARAMETERS
240429-12:06:20	[INFO]	<<-- FINISHED SETTING THE CALIBRATION PARAMETERS
240429-12:06:20	[INFO]	-->> CALIBRATING THE MODULE
240429-12:15:24	[INFO]	CAL_ASIC_HW_ADDR_7: ftrim_XA-000-08-002-000-004-071-13_HW_7_SET_56_23_118_38_R_30_247_elect.txt
240429-12:24:41	[INFO]	CAL_ASIC_HW_ADDR_6: ftrim_XA-000-08-002-000-004-109-03_HW_6_SET_58_24_118_41_R_30_247_elect.txt
240429-12:33:25	[INFO]	CAL_ASIC_HW_ADDR_5: ftrim_XA-000-08-002-000-004-081-10_HW_5_SET_58_29_118_44_R_30_247_elect.txt
240429-12:42:08	[INFO]	CAL_ASIC_HW_ADDR_4: ftrim_XA-000-08-002-000-004-073-13_HW_4_SET_55_23_118_48_R_30_247_elect.txt
240429-12:51:03	[INFO]	CAL_ASIC_HW_ADDR_3: ftrim_XA-000-08-002-000-004-076-13_HW_3_SET_58_24_118_37_R_30_247_elect.txt
240429-13:00:00	[INFO]	CAL_ASIC_HW_ADDR_2: ftrim_XA-000-08-002-000-004-077-13_HW_2_SET_55_26_118_50_R_30_247_elect.txt
240429-13:08:57	[INFO]	CAL_ASIC_HW_ADDR_1: ftrim_XA-000-08-002-000-004-072-13_HW_1_SET_57_25_118_36_R_30_247_elect.txt
240429-13:17:58	[INFO]	CAL_ASIC_HW_ADDR_0: ftrim_XA-000-08-002-000-004-082-10_HW_0_SET_55_22_118_45_R_30_247_elect.txt
240429-13:26:40	[INFO]	CAL_ASIC_HW_ADDR_1: ftrim_XA-000-08-002-000-004-074-13_HW_1_SET_56_22_118_10_R_30_247_holes.txt
240429-13:35:26	[INFO]	CAL_ASIC_HW_ADDR_0: ftrim_XA-000-08-002-000-004-067-13_HW_0_SET_57_20_118_10_R_30_247_holes.txt
240429-13:44:09	[INFO]	CAL_ASIC_HW_ADDR_3: ftrim_XA-000-08-002-000-004-078-13_HW_3_SET_57_22_118_42_R_30_247_holes.txt
240429-13:53:09	[INFO]	CAL_ASIC_HW_ADDR_2: ftrim_XA-000-08-002-000-004-080-10_HW_2_SET_56_22_118_42_R_30_247_holes.txt
240429-14:02:24	[INFO]	CAL_ASIC_HW_ADDR_5: ftrim_XA-000-08-002-000-004-069-13_HW_5_SET_56_19_118_47_R_30_247_holes.txt
240429-14:11:38	[INFO]	CAL_ASIC_HW_ADDR_4: ftrim_XA-000-08-002-000-004-075-13_HW_4_SET_56_18_118_44_R_30_247_holes.txt
240429-14:20:56	[INFO]	CAL_ASIC_HW_ADDR_7: ftrim_XA-000-08-002-000-004-068-13_HW_7_SET_57_22_118_36_R_30_247_holes.txt
240429-14:30:15	[INFO]	CAL_ASIC_HW_ADDR_6: ftrim_XA-000-08-002-000-003-249-06_HW_6_SET_56_20_118_29_R_30_247_holes.txt
240429-14:30:15	[INFO]	<<-- FINISHED CALIBRATING THE MODULE
240429-14:30:15	[INFO]	--> SETTING THE CALIBRATION TRIM
240429-14:32:11	[INFO]	<<-- FINISHED SETTING THE CALIBRATION TRIM
240429-14:32:11	[INFO]	--> MEASURING ENC AND CHECKING CALIBRATION
240429-14:39:35	[INFO]	PSCAN_ASIC_HW_ADDR_7: pscan_240429_1432_XA-000-08-002-000-004-071-13_HW_7_SET_56_23_118_38_VP_0_255_1_NP_100_elect.txt
240429-14:46:49	[INFO]	PSCAN_ASIC_HW_ADDR_6: pscan_240429_1439_XA-000-08-002-000-004-109-03_HW_6_SET_58_24_118_41_VP_0_255_1_NP_100_elect.txt
240429-14:53:58	[INFO]	PSCAN_ASIC_HW_ADDR_5: pscan_240429_1446_XA-000-08-002-000-004-081-10_HW_5_SET_58_29_118_44_VP_0_255_1_NP_100_elect.txt
240429-15:01:16	[INFO]	PSCAN_ASIC_HW_ADDR_4: pscan_240429_1453_XA-000-08-002-000-004-073-13_HW_4_SET_55_23_118_48_VP_0_255_1_NP_100_elect.txt
240429-15:08:28	[INFO]	PSCAN_ASIC_HW_ADDR_3: pscan_240429_1501_XA-000-08-002-000-004-076-13_HW_3_SET_58_24_118_37_VP_0_255_1_NP_100_elect.txt
240429-15:15:36	[INFO]	PSCAN_ASIC_HW_ADDR_2: pscan_240429_1508_XA-000-08-002-000-004-077-13_HW_2_SET_55_26_118_50_VP_0_255_1_NP_100_elect.txt
240429-15:22:43	[INFO]	PSCAN_ASIC_HW_ADDR_1: pscan_240429_1515_XA-000-08-002-000-004-072-13_HW_1_SET_57_25_118_36_VP_0_255_1_NP_100_elect.txt
240429-15:29:40	[INFO]	PSCAN_ASIC_HW_ADDR_0: pscan_240429_1522_XA-000-08-002-000-004-082-10_HW_0_SET_55_23_118_45_VP_0_255_1_NP_100_elect.txt
240429-15:36:51	[INFO]	PSCAN_ASIC_HW_ADDR_1: pscan_240429_1529_XA-000-08-002-000-004-074-13_HW_1_SET_56_22_118_10_VP_0_255_1_NP_100_holes.txt
240429-15:43:57	[INFO]	PSCAN_ASIC_HW_ADDR_0: pscan_240429_1536_XA-000-08-002-000-004-067-13_HW_0_SET_57_20_118_10_VP_0_255_1_NP_100_holes.txt
240429-15:51:50	[INFO]	PSCAN_ASIC_HW_ADDR_3: pscan_240429_1543_XA-000-08-002-000-004-078-13_HW_3_SET_57_22_118_42_VP_0_255_1_NP_100_holes.txt
240429-15:59:59	[INFO]	PSCAN_ASIC_HW_ADDR_2: pscan_240429_1551_XA-000-08-002-000-004-080-10_HW_2_SET_56_22_118_42_VP_0_255_1_NP_100_holes.txt
240429-16:08:07	[INFO]	PSCAN_ASIC_HW_ADDR_5: pscan_240429_1559_XA-000-08-002-000-004-069-13_HW_5_SET_56_19_118_47_VP_0_255_1_NP_100_holes.txt
240429-16:16:21	[INFO]	PSCAN_ASIC_HW_ADDR_4: pscan_240429_1608_XA-000-08-002-000-004-075-13_HW_4_SET_56_19_118_45_VP_0_255_1_NP_100_holes.txt
240429-16:24:46	[INFO]	PSCAN_ASIC_HW_ADDR_7: pscan_240429_1616_XA-000-08-002-000-004-068-13_HW_7_SET_57_22_118_36_VP_0_255_1_NP_100_holes.txt
240429-16:32:08	[INFO]	PSCAN_ASIC_HW_ADDR_6: pscan_240429_1624_XA-000-08-002-000-003-249-06_HW_6_SET_56_20_118_29_VP_0_255_1_NP_100_holes.txt
240429-16:32:08	[INFO]	<<-- FINISHED MEASURING ENC AND CHECKING CALIBRATION
240429-16:54:25	MODULE_ID:	M5DL3B3001173B2
240429-16:54:25	[INFO]	TEST_CENTER: GSI
240429-16:54:25	[INFO]	OPERATOR_ID: Dairon Rodriguez Garces
240429-16:54:25	[INFO]	MODULE ID: 	M5DL3B3001173B2
240429-16:54:25	[INFO]	SENSOR_SIZE [mm]: 	124
240429-16:54:25	[INFO]	SENSOR_QGRADE: 	C
240429-16:54:33	[INFO]	-->> RUNNING SYNCHRONIZATION
240429-16:55:04	[INFO]	<<-- FINISHED SYNCHRONIZATION
240429-16:55:04	[INFO]	-->> READING LV VALUES BEFORE CONFIGURATION
240429-16:55:04	[INFO]	<<-- FINISHED READING LV VALUES BEFORE CONFIGURATION
240429-16:55:04	[INFO]	-->> LOADING STANDARD CONFIGURATION
240429-16:55:12	[INFO]	<<-- FINISHED LOADING STANDARD CONFIGURATION
240429-16:55:12	[INFO]	-->> READING ASICs ID
240429-16:55:13	[INFO]	<<-- FINISHED READING ASICs ID
240429-16:55:13	[INFO]	-->> LOADING DEFAULT TRIM VALUES
240429-16:56:13	[INFO]	<<-- FINISHED LOADING DEFAULT TRIM VALUES
240429-16:56:13	[INFO]	-->> READING LV VALUES AFTER CONFIGURATION
240429-16:56:23	[INFO]	<<-- FINISHED READING LV VALUES AFTER CONFIGURATION
240429-16:56:23	[INFO]	-->> READING VDDM & TEMPERATURE
240429-16:56:30	[INFO]	<<-- FINISHED READING VDDM & TEMPERATURE
240429-16:56:30	[INFO]	--> SETTING THE CALIBRATION TRIM
240429-16:58:34	[INFO]	<<-- FINISHED SETTING THE CALIBRATION TRIM
240429-16:59:34	MODULE_ID:	M5DL3B3001173B2_240429_1659
240429-16:59:34	[INFO]	TEST_CENTER: GSI
240429-16:59:34	[INFO]	OPERATOR_ID: Dairon Rodriguez Garces
240429-16:59:34	[INFO]	MODULE ID: 	M5DL3B3001173B2
240429-16:59:34	[INFO]	SENSOR_SIZE [mm]: 	124
240429-16:59:34	[INFO]	SENSOR_QGRADE: 	C
240429-16:59:43	[INFO]	-->> RUNNING SYNCHRONIZATION
240429-17:00:13	[INFO]	<<-- FINISHED SYNCHRONIZATION
240429-17:00:13	[INFO]	-->> READING LV VALUES BEFORE CONFIGURATION
240429-17:00:14	[INFO]	<<-- FINISHED READING LV VALUES BEFORE CONFIGURATION
240429-17:00:14	[INFO]	-->> LOADING STANDARD CONFIGURATION
240429-17:00:21	[INFO]	<<-- FINISHED LOADING STANDARD CONFIGURATION
240429-17:00:21	[INFO]	-->> READING ASICs ID
240429-17:00:22	[INFO]	<<-- FINISHED READING ASICs ID
240429-17:00:22	[INFO]	-->> LOADING DEFAULT TRIM VALUES
240429-17:01:20	[INFO]	<<-- FINISHED LOADING DEFAULT TRIM VALUES
240429-17:01:20	[INFO]	-->> READING LV VALUES AFTER CONFIGURATION
240429-17:01:31	[INFO]	<<-- FINISHED READING LV VALUES AFTER CONFIGURATION
240429-17:01:31	[INFO]	-->> READING VDDM & TEMPERATURE
240429-17:01:37	[INFO]	<<-- FINISHED READING VDDM & TEMPERATURE
240429-17:01:37	[INFO]	--> SETTING THE CALIBRATION TRIM
240429-17:03:36	[INFO]	<<-- FINISHED SETTING THE CALIBRATION TRIM
240429-17:03:36	[INFO]	--> CHECKING CHANNELS' CONNECTIVITY
240429-17:03:36	[INFO]	CONN-CHECK_ASIC_HW_ADDR_7: elect
240429-17:03:55	[INFO]	CONN-CHECK_ASIC_HW_ADDR_6: elect
240429-17:04:14	[INFO]	CONN-CHECK_ASIC_HW_ADDR_5: elect
240429-17:04:33	[INFO]	CONN-CHECK_ASIC_HW_ADDR_4: elect
240429-17:04:52	[INFO]	CONN-CHECK_ASIC_HW_ADDR_3: elect
240429-17:05:12	[INFO]	CONN-CHECK_ASIC_HW_ADDR_2: elect
240429-17:05:31	[INFO]	CONN-CHECK_ASIC_HW_ADDR_1: elect
240429-17:05:50	[INFO]	CONN-CHECK_ASIC_HW_ADDR_0: elect
240429-17:06:09	[INFO]	CONN-CHECK_ASIC_HW_ADDR_1: holes
240429-17:06:28	[INFO]	CONN-CHECK_ASIC_HW_ADDR_0: holes
240429-17:06:47	[INFO]	CONN-CHECK_ASIC_HW_ADDR_3: holes
240429-17:07:06	[INFO]	CONN-CHECK_ASIC_HW_ADDR_2: holes
240429-17:07:25	[INFO]	CONN-CHECK_ASIC_HW_ADDR_5: holes
240429-17:07:44	[INFO]	CONN-CHECK_ASIC_HW_ADDR_4: holes
240429-17:08:03	[INFO]	CONN-CHECK_ASIC_HW_ADDR_7: holes
240429-17:08:22	[INFO]	CONN-CHECK_ASIC_HW_ADDR_6: holes
240429-17:08:41	[INFO]	<<-- FINISHED CHECKING CHANNELS' CONNECTIVITY
