231211-11:05:43	MODULE_ID:	M3DL3T2001122A2
231211-11:05:43	[INFO]	MODULE ID: 	M3DL3T2001122A2
231211-11:06:00	[INFO]	-->> RUNNING SYNCHRONIZATION
231211-11:06:25	[INFO]	<<-- FINISHED SYNCHRONIZATION
231211-11:06:25	[INFO]	-->> READING LV VALUES BEFORE CONFIGURATION
231211-11:06:26	[INFO]	<<-- FINISHED READING LV VALUES BEFORE CONFIGURATION
231211-11:06:26	[INFO]	-->> LOADING STANDARD CONFIGURATION
231211-11:06:30	[INFO]	<<-- FINISHED LOADING STANDARD CONFIGURATION
231211-11:06:30	[INFO]	-->> READING ASICs ID
231211-11:06:31	[INFO]	<<-- FINISHED READING ASICs ID
231211-11:06:31	[INFO]	-->> READING LV VALUES AFTER CONFIGURATION
231211-11:06:42	[INFO]	<<-- FINISHED READING LV VALUES AFTER CONFIGURATION
231211-11:06:42	[INFO]	-->> READING VDDM & TEMPERATURE
231211-11:06:47	[INFO]	<<-- FINISHED READING VDDM & TEMPERATURE
231211-11:06:47	[INFO]	--> CHECKING CHANNELS' CONNECTIVITY
231211-11:06:47	[INFO]	--> CONNECTION-CHECK SCAN for ASIC with HW ADDRESS 0 in elect
231211-11:08:07	MODULE_ID:	M3DL3T2001122A2
231211-11:08:11	[INFO]	MODULE ID: 	M3DL3T2001122A2
231211-11:08:24	[INFO]	-->> RUNNING SYNCHRONIZATION
231211-11:08:25	[INFO]	<<-- FINISHED SYNCHRONIZATION
231211-11:08:25	[INFO]	-->> READING LV VALUES BEFORE CONFIGURATION
231211-11:08:26	[INFO]	<<-- FINISHED READING LV VALUES BEFORE CONFIGURATION
231211-11:08:26	[INFO]	-->> LOADING STANDARD CONFIGURATION
231211-11:08:26	[INFO]	<<-- FINISHED LOADING STANDARD CONFIGURATION
231211-11:08:26	[INFO]	-->> READING ASICs ID
231211-11:08:26	[INFO]	<<-- FINISHED READING ASICs ID
231211-11:08:26	[INFO]	-->> READING LV VALUES AFTER CONFIGURATION
231211-11:08:42	MODULE_ID:	M3DL3T2001122A2
231211-11:08:44	[INFO]	MODULE ID: 	M3DL3T2001122A2
231211-11:08:53	[INFO]	-->> RUNNING SYNCHRONIZATION
231211-11:09:18	[INFO]	<<-- FINISHED SYNCHRONIZATION
231211-11:09:18	[INFO]	-->> READING LV VALUES BEFORE CONFIGURATION
231211-11:09:19	[INFO]	<<-- FINISHED READING LV VALUES BEFORE CONFIGURATION
231211-11:09:19	[INFO]	-->> LOADING STANDARD CONFIGURATION
231211-11:09:24	[INFO]	<<-- FINISHED LOADING STANDARD CONFIGURATION
231211-11:09:24	[INFO]	-->> READING ASICs ID
231211-11:09:25	[INFO]	<<-- FINISHED READING ASICs ID
231211-11:09:25	[INFO]	-->> READING LV VALUES AFTER CONFIGURATION
231211-11:09:36	[INFO]	<<-- FINISHED READING LV VALUES AFTER CONFIGURATION
231211-11:09:36	[INFO]	-->> READING VDDM & TEMPERATURE
231211-11:09:42	[INFO]	<<-- FINISHED READING VDDM & TEMPERATURE
231211-11:13:20	MODULE_ID:	M3DL3T2001122A2
231211-11:13:22	[INFO]	MODULE ID: 	M3DL3T2001122A2
231211-11:13:37	[INFO]	-->> RUNNING SYNCHRONIZATION
231211-11:14:02	[INFO]	<<-- FINISHED SYNCHRONIZATION
231211-11:14:02	[INFO]	-->> READING LV VALUES BEFORE CONFIGURATION
231211-11:14:04	[INFO]	<<-- FINISHED READING LV VALUES BEFORE CONFIGURATION
231211-11:14:04	[INFO]	-->> LOADING STANDARD CONFIGURATION
231211-11:14:09	[INFO]	<<-- FINISHED LOADING STANDARD CONFIGURATION
231211-11:14:09	[INFO]	-->> READING ASICs ID
231211-11:14:09	[INFO]	<<-- FINISHED READING ASICs ID
231211-11:14:09	[INFO]	-->> LOADING DEFAULT TRIM VALUES
231211-11:14:47	[INFO]	<<-- FINISHED LOADING DEFAULT TRIM VALUES
231211-11:14:47	[INFO]	-->> READING LV VALUES AFTER CONFIGURATION
231211-11:14:58	[INFO]	<<-- FINISHED READING LV VALUES AFTER CONFIGURATION
231211-11:14:58	[INFO]	-->> READING VDDM & TEMPERATURE
231211-11:15:05	[INFO]	<<-- FINISHED READING VDDM & TEMPERATURE
231211-11:15:05	[INFO]	-->> LOADING DEFAULT TRIM VALUES
231211-11:15:42	[INFO]	<<-- FINISHED LOADING DEFAULT TRIM VALUES
231211-11:15:42	[INFO]	-->> FINDING VREF_P, VREF_N & THR@_GLB FOR CALIBRATION
231211-11:18:57	[INFO]	<<-- FINISHED FINDING VREF_P, VREF_N & THR@_GLB FOR CALIBRATION
231211-11:18:57	[INFO]	--> SETTING THE CALIBRATION PARAMETERS
231211-11:18:57	[INFO]	<<-- FINISHED SETTING THE CALIBRATION PARAMETERS
231211-11:18:57	[INFO]	-->> CALIBRATING THE MODULE
231211-11:25:24	[INFO]	--> CALIBRATED ASIC with HW ADDRESS 0 in elect
231211-11:33:43	[INFO]	--> CALIBRATED ASIC with HW ADDRESS 1 in elect
231211-11:40:15	[INFO]	--> CALIBRATED ASIC with HW ADDRESS 2 in elect
231211-11:47:57	[INFO]	--> CALIBRATED ASIC with HW ADDRESS 3 in elect
231211-11:55:38	[INFO]	--> CALIBRATED ASIC with HW ADDRESS 4 in elect
231211-12:02:53	[INFO]	--> CALIBRATED ASIC with HW ADDRESS 5 in elect
231211-12:10:30	[INFO]	--> CALIBRATED ASIC with HW ADDRESS 6 in elect
231211-12:17:07	[INFO]	--> CALIBRATED ASIC with HW ADDRESS 7 in elect
231211-15:17:46	MODULE_ID:	M3DL3T2001122A2_231211_1517
231211-15:17:51	[INFO]	MODULE ID: 	M3DL3T2001122A2
231211-15:19:19	[INFO]	-->> RUNNING SYNCHRONIZATION
231211-15:19:45	[INFO]	<<-- FINISHED SYNCHRONIZATION
231211-15:19:45	[INFO]	-->> READING LV VALUES BEFORE CONFIGURATION
231211-15:19:46	[INFO]	<<-- FINISHED READING LV VALUES BEFORE CONFIGURATION
231211-15:19:46	[INFO]	-->> LOADING STANDARD CONFIGURATION
231211-15:19:51	[INFO]	<<-- FINISHED LOADING STANDARD CONFIGURATION
231211-15:19:51	[INFO]	-->> READING ASICs ID
231211-15:19:51	[INFO]	<<-- FINISHED READING ASICs ID
231211-15:19:51	[INFO]	-->> LOADING DEFAULT TRIM VALUES
231211-15:20:12	[INFO]	<<-- FINISHED LOADING DEFAULT TRIM VALUES
231211-15:20:12	[INFO]	-->> READING LV VALUES AFTER CONFIGURATION
231211-15:20:23	[INFO]	<<-- FINISHED READING LV VALUES AFTER CONFIGURATION
231211-15:20:23	[INFO]	-->> READING VDDM & TEMPERATURE
231211-15:20:29	[INFO]	<<-- FINISHED READING VDDM & TEMPERATURE
231211-15:20:29	[INFO]	-->> LOADING DEFAULT TRIM VALUES
231211-15:20:49	[INFO]	<<-- FINISHED LOADING DEFAULT TRIM VALUES
231211-15:20:49	[INFO]	-->> FINDING VREF_P, VREF_N & THR@_GLB FOR CALIBRATION
231211-15:22:31	[INFO]	<<-- FINISHED FINDING VREF_P, VREF_N & THR@_GLB FOR CALIBRATION
231211-15:22:31	[INFO]	--> SETTING THE CALIBRATION PARAMETERS
231211-15:22:31	[INFO]	<<-- FINISHED SETTING THE CALIBRATION PARAMETERS
231211-15:22:31	[INFO]	-->> CALIBRATING THE MODULE
231211-15:22:31	[INFO]	--> SKIPPING CALIBRATION FOR ASIC with HW ADDRESS 0 in elect
231211-15:22:31	[INFO]	--> SKIPPING CALIBRATION FOR ASIC with HW ADDRESS 1 in elect
231211-15:22:31	[INFO]	--> SKIPPING CALIBRATION FOR ASIC with HW ADDRESS 2 in elect
231211-15:22:31	[INFO]	--> SKIPPING CALIBRATION FOR ASIC with HW ADDRESS 3 in elect
231211-15:22:31	[INFO]	--> SKIPPING CALIBRATION FOR ASIC with HW ADDRESS 4 in elect
231211-15:22:31	[INFO]	--> SKIPPING CALIBRATION FOR ASIC with HW ADDRESS 5 in elect
231211-15:22:31	[INFO]	--> SKIPPING CALIBRATION FOR ASIC with HW ADDRESS 6 in elect
231211-15:22:31	[INFO]	--> SKIPPING CALIBRATION FOR ASIC with HW ADDRESS 7 in elect
231211-15:29:07	[INFO]	--> CALIBRATED ASIC with HW ADDRESS 0 in holes
231211-15:35:39	[INFO]	--> CALIBRATED ASIC with HW ADDRESS 1 in holes
231211-15:42:11	[INFO]	--> CALIBRATED ASIC with HW ADDRESS 2 in holes
231211-15:48:42	[INFO]	--> CALIBRATED ASIC with HW ADDRESS 3 in holes
231211-15:55:15	[INFO]	--> CALIBRATED ASIC with HW ADDRESS 4 in holes
231211-16:01:49	[INFO]	--> CALIBRATED ASIC with HW ADDRESS 5 in holes
231211-16:08:26	[INFO]	--> CALIBRATED ASIC with HW ADDRESS 6 in holes
231211-16:14:49	[INFO]	--> CALIBRATED ASIC with HW ADDRESS 7 in holes
231211-16:14:49	[INFO]	<<-- FINISHED CALIBRATING THE MODULE
231211-16:40:35	MODULE_ID:	M3DL3T2001122A2_231211_1640
231211-16:40:47	[INFO]	MODULE ID: 	M3DL3T2001122A2
231211-16:41:02	[INFO]	-->> RUNNING SYNCHRONIZATION
231211-16:41:28	[INFO]	<<-- FINISHED SYNCHRONIZATION
231211-16:41:28	[INFO]	-->> READING LV VALUES BEFORE CONFIGURATION
231211-16:41:29	[INFO]	<<-- FINISHED READING LV VALUES BEFORE CONFIGURATION
231211-16:41:29	[INFO]	-->> LOADING STANDARD CONFIGURATION
231211-16:41:34	[INFO]	<<-- FINISHED LOADING STANDARD CONFIGURATION
231211-16:41:34	[INFO]	-->> READING ASICs ID
231211-16:41:34	[INFO]	<<-- FINISHED READING ASICs ID
231211-16:41:34	[INFO]	-->> LOADING DEFAULT TRIM VALUES
231211-16:41:37	[INFO]	<<-- FINISHED LOADING DEFAULT TRIM VALUES
231211-16:41:37	[INFO]	-->> READING LV VALUES AFTER CONFIGURATION
231211-16:41:48	[INFO]	<<-- FINISHED READING LV VALUES AFTER CONFIGURATION
231211-16:41:48	[INFO]	-->> READING VDDM & TEMPERATURE
231211-16:41:54	[INFO]	<<-- FINISHED READING VDDM & TEMPERATURE
231211-16:41:54	[INFO]	-->> LOADING DEFAULT TRIM VALUES
231211-16:41:56	[INFO]	<<-- FINISHED LOADING DEFAULT TRIM VALUES
231211-16:41:56	[INFO]	-->> FINDING VREF_P, VREF_N & THR@_GLB FOR CALIBRATION
231211-16:42:08	[INFO]	<<-- FINISHED FINDING VREF_P, VREF_N & THR@_GLB FOR CALIBRATION
231211-16:45:16	MODULE_ID:	M3DL3T2001122A2_231211_1645
231211-16:45:18	[INFO]	MODULE ID: 	M3DL3T2001122A2
231211-16:45:32	[INFO]	-->> RUNNING SYNCHRONIZATION
231211-16:45:57	[INFO]	<<-- FINISHED SYNCHRONIZATION
231211-16:45:57	[INFO]	-->> READING LV VALUES BEFORE CONFIGURATION
231211-16:45:58	[INFO]	<<-- FINISHED READING LV VALUES BEFORE CONFIGURATION
231211-16:45:58	[INFO]	-->> LOADING STANDARD CONFIGURATION
231211-16:46:03	[INFO]	<<-- FINISHED LOADING STANDARD CONFIGURATION
231211-16:46:03	[INFO]	-->> READING ASICs ID
231211-16:46:04	[INFO]	<<-- FINISHED READING ASICs ID
231211-16:46:04	[INFO]	-->> LOADING DEFAULT TRIM VALUES
231211-16:46:41	[INFO]	<<-- FINISHED LOADING DEFAULT TRIM VALUES
231211-16:46:41	[INFO]	-->> READING LV VALUES AFTER CONFIGURATION
231211-16:46:53	[INFO]	<<-- FINISHED READING LV VALUES AFTER CONFIGURATION
231211-16:46:53	[INFO]	-->> READING VDDM & TEMPERATURE
231211-16:46:59	[INFO]	<<-- FINISHED READING VDDM & TEMPERATURE
231211-16:46:59	[INFO]	-->> LOADING DEFAULT TRIM VALUES
231211-16:47:37	[INFO]	<<-- FINISHED LOADING DEFAULT TRIM VALUES
231211-16:47:37	[INFO]	--> SETTING THE CALIBRATION TRIM
231211-16:48:52	[INFO]	<<-- FINISHED SETTING THE CALIBRATION TRIM
231211-16:48:52	[INFO]	--> MEASURING ENC AND CHECKING CALIBRATION
231211-16:48:52	[INFO]	--> P-SCAN: CHECKING TRIM FOR ASIC with HW ADDRESS 0 in elect
231211-16:54:00	[INFO]	--> P-SCAN: CHECKING TRIM FOR ASIC with HW ADDRESS 1 in elect
231211-16:59:09	[INFO]	--> P-SCAN: CHECKING TRIM FOR ASIC with HW ADDRESS 2 in elect
231211-17:04:26	[INFO]	--> P-SCAN: CHECKING TRIM FOR ASIC with HW ADDRESS 3 in elect
231211-17:09:39	[INFO]	--> P-SCAN: CHECKING TRIM FOR ASIC with HW ADDRESS 4 in elect
231211-17:14:55	[INFO]	--> P-SCAN: CHECKING TRIM FOR ASIC with HW ADDRESS 5 in elect
231211-17:20:05	[INFO]	--> P-SCAN: CHECKING TRIM FOR ASIC with HW ADDRESS 6 in elect
231211-17:25:11	[INFO]	--> P-SCAN: CHECKING TRIM FOR ASIC with HW ADDRESS 7 in elect
231211-17:30:19	[INFO]	--> P-SCAN: CHECKING TRIM FOR ASIC with HW ADDRESS 0 in holes
231211-17:35:26	[INFO]	--> P-SCAN: CHECKING TRIM FOR ASIC with HW ADDRESS 1 in holes
231211-17:40:32	[INFO]	--> P-SCAN: CHECKING TRIM FOR ASIC with HW ADDRESS 2 in holes
231211-17:45:51	[INFO]	--> P-SCAN: CHECKING TRIM FOR ASIC with HW ADDRESS 3 in holes
231211-17:51:12	[INFO]	--> P-SCAN: CHECKING TRIM FOR ASIC with HW ADDRESS 4 in holes
231211-17:56:30	[INFO]	--> P-SCAN: CHECKING TRIM FOR ASIC with HW ADDRESS 5 in holes
231211-18:01:51	[INFO]	--> P-SCAN: CHECKING TRIM FOR ASIC with HW ADDRESS 6 in holes
231211-18:07:10	[INFO]	--> P-SCAN: CHECKING TRIM FOR ASIC with HW ADDRESS 7 in holes
231211-18:12:30	[INFO]	<<-- FINISHED MEASURING ENC AND CHECKING CALIBRATION
231212-10:56:02	MODULE_ID:	M3DL3T2001122A2_231212_1056
231212-10:56:06	[INFO]	MODULE ID: 	M3DL3T2001122A2
231212-10:56:20	[INFO]	-->> RUNNING SYNCHRONIZATION
231212-10:56:50	MODULE_ID:	M3DL3T2001122A2_231212_1056
231212-10:56:52	[INFO]	MODULE ID: 	M3DL3T2001122A2
231212-10:57:09	[INFO]	-->> RUNNING SYNCHRONIZATION
231212-10:57:35	[INFO]	<<-- FINISHED SYNCHRONIZATION
231212-10:57:35	[INFO]	-->> READING LV VALUES BEFORE CONFIGURATION
231212-10:57:36	[INFO]	<<-- FINISHED READING LV VALUES BEFORE CONFIGURATION
231212-10:57:36	[INFO]	-->> LOADING STANDARD CONFIGURATION
231212-10:57:41	[INFO]	<<-- FINISHED LOADING STANDARD CONFIGURATION
231212-10:57:41	[INFO]	-->> READING ASICs ID
231212-10:57:41	[INFO]	<<-- FINISHED READING ASICs ID
231212-10:57:41	[INFO]	-->> READING LV VALUES AFTER CONFIGURATION
231212-10:57:52	[INFO]	<<-- FINISHED READING LV VALUES AFTER CONFIGURATION
231212-10:57:52	[INFO]	-->> READING VDDM & TEMPERATURE
231212-10:57:58	[INFO]	<<-- FINISHED READING VDDM & TEMPERATURE
231212-10:57:58	[INFO]	--> SETTING THE CALIBRATION TRIM
231212-10:59:14	[INFO]	<<-- FINISHED SETTING THE CALIBRATION TRIM
231212-10:59:14	[INFO]	--> CHECKING CHANNELS' CONNECTIVITY
231212-10:59:14	[INFO]	--> CONNECTION-CHECK SCAN for ASIC with HW ADDRESS 0 in elect
231212-10:59:38	[INFO]	--> CONNECTION-CHECK SCAN for ASIC with HW ADDRESS 1 in elect
231212-11:00:02	[INFO]	--> CONNECTION-CHECK SCAN for ASIC with HW ADDRESS 2 in elect
231212-11:00:26	[INFO]	--> CONNECTION-CHECK SCAN for ASIC with HW ADDRESS 3 in elect
231212-11:00:50	[INFO]	--> CONNECTION-CHECK SCAN for ASIC with HW ADDRESS 4 in elect
231212-11:01:15	[INFO]	--> CONNECTION-CHECK SCAN for ASIC with HW ADDRESS 5 in elect
231212-11:01:40	[INFO]	--> CONNECTION-CHECK SCAN for ASIC with HW ADDRESS 6 in elect
231212-11:02:05	[INFO]	--> CONNECTION-CHECK SCAN for ASIC with HW ADDRESS 7 in elect
231212-11:02:30	[INFO]	--> CONNECTION-CHECK SCAN for ASIC with HW ADDRESS 0 in holes
231212-11:03:03	[INFO]	--> CONNECTION-CHECK SCAN for ASIC with HW ADDRESS 1 in holes
231212-11:03:28	[INFO]	--> CONNECTION-CHECK SCAN for ASIC with HW ADDRESS 2 in holes
231212-11:03:53	[INFO]	--> CONNECTION-CHECK SCAN for ASIC with HW ADDRESS 3 in holes
231212-11:04:18	[INFO]	--> CONNECTION-CHECK SCAN for ASIC with HW ADDRESS 4 in holes
231212-11:04:43	[INFO]	--> CONNECTION-CHECK SCAN for ASIC with HW ADDRESS 5 in holes
231212-11:05:09	[INFO]	--> CONNECTION-CHECK SCAN for ASIC with HW ADDRESS 6 in holes
231212-11:05:34	[INFO]	--> CONNECTION-CHECK SCAN for ASIC with HW ADDRESS 7 in holes
231212-11:06:00	[INFO]	<<-- FINISHED CHECKING CHANNELS' CONNECTIVITY
240103-12:03:41	MODULE_ID:	M3DL3T2001122A2_240103_1203
240103-12:03:46	[INFO]	MODULE ID: 	M3DL3T2001122A2
240103-12:04:07	[INFO]	-->> RUNNING SYNCHRONIZATION
240103-12:04:47	MODULE_ID:	M3DL3T2001122A2_240103_1204
240103-12:04:49	[INFO]	MODULE ID: 	M3DL3T2001122A2
240103-12:05:06	[INFO]	-->> RUNNING SYNCHRONIZATION
240103-12:05:32	[INFO]	<<-- FINISHED SYNCHRONIZATION
240103-12:05:32	[INFO]	-->> LOADING STANDARD CONFIGURATION
240103-12:05:33	[INFO]	<<-- FINISHED LOADING STANDARD CONFIGURATION
240103-12:05:33	[INFO]	-->> READING ASICs ID
240103-12:05:33	[INFO]	<<-- FINISHED READING ASICs ID
240103-12:05:33	[INFO]	-->> LOADING DEFAULT TRIM VALUES
240103-12:06:11	[INFO]	<<-- FINISHED LOADING DEFAULT TRIM VALUES
240103-12:06:11	[INFO]	-->> READING LV VALUES AFTER CONFIGURATION
240103-12:06:22	[INFO]	<<-- FINISHED READING LV VALUES AFTER CONFIGURATION
240103-12:06:22	[INFO]	-->> QA LV 1.2 N-side: OK
240103-12:06:22	[INFO]	-->> QA LV 1.8 N-side: OK
240103-12:06:22	[INFO]	-->> QA LV 1.2 P-side: OK
240103-12:06:22	[INFO]	-->> QA LV 1.8 P-side: OK
240103-12:06:22	[INFO]	-->> READING VDDM & TEMPERATURE
240103-12:06:29	[INFO]	<<-- FINISHED READING VDDM & TEMPERATURE
240103-12:12:46	MODULE_ID:	M3DL3T2001122A2_240103_1212
240103-12:12:48	[INFO]	MODULE ID: 	M3DL3T2001122A2
240103-12:13:02	[INFO]	-->> RUNNING SYNCHRONIZATION
240103-12:13:28	[INFO]	<<-- FINISHED SYNCHRONIZATION
240103-12:13:28	[INFO]	-->> LOADING STANDARD CONFIGURATION
240103-12:13:29	[INFO]	<<-- FINISHED LOADING STANDARD CONFIGURATION
240103-12:13:29	[INFO]	-->> READING ASICs ID
240103-12:13:30	[INFO]	<<-- FINISHED READING ASICs ID
240103-12:13:30	[INFO]	-->> READING LV VALUES AFTER CONFIGURATION
240103-12:13:40	[INFO]	<<-- FINISHED READING LV VALUES AFTER CONFIGURATION
240103-12:13:40	[INFO]	-->> QA LV 1.2 N-side: OK
240103-12:13:40	[INFO]	-->> QA LV 1.8 N-side: OK
240103-12:13:41	[INFO]	-->> QA LV 1.2 P-side: OK
240103-12:13:41	[INFO]	-->> QA LV 1.8 P-side: OK
240103-12:13:41	[INFO]	-->> READING VDDM & TEMPERATURE
240103-12:13:47	[INFO]	<<-- FINISHED READING VDDM & TEMPERATURE
240103-12:13:47	[INFO]	-->> LOADING DEFAULT TRIM VALUES
240103-12:14:25	[INFO]	<<-- FINISHED LOADING DEFAULT TRIM VALUES
240103-12:14:25	[INFO]	-->> FINDING VREF_P, VREF_N & THR@_GLB FOR CALIBRATION
240103-12:22:19	MODULE_ID:	M3DL3T2001122A2_240103_1222
240103-12:22:21	[INFO]	MODULE ID: 	M3DL3T2001122A2
240103-12:22:35	[INFO]	-->> RUNNING SYNCHRONIZATION
240103-12:23:00	[INFO]	<<-- FINISHED SYNCHRONIZATION
240103-12:23:00	[INFO]	-->> LOADING STANDARD CONFIGURATION
240103-12:23:01	[INFO]	<<-- FINISHED LOADING STANDARD CONFIGURATION
240103-12:23:01	[INFO]	-->> READING ASICs ID
240103-12:23:01	[INFO]	<<-- FINISHED READING ASICs ID
240103-12:23:01	[INFO]	-->> READING LV VALUES AFTER CONFIGURATION
240103-12:23:12	[INFO]	<<-- FINISHED READING LV VALUES AFTER CONFIGURATION
240103-12:23:12	[INFO]	-->> QA LV 1.2 N-side: OK
240103-12:23:12	[INFO]	-->> QA LV 1.8 N-side: OK
240103-12:23:13	[INFO]	-->> QA LV 1.2 P-side: OK
240103-12:23:13	[INFO]	-->> QA LV 1.8 P-side: OK
240103-12:23:13	[INFO]	-->> READING VDDM & TEMPERATURE
240103-12:23:19	[INFO]	<<-- FINISHED READING VDDM & TEMPERATURE
240103-12:23:19	[INFO]	-->> LOADING DEFAULT TRIM VALUES
240103-12:24:04	[INFO]	<<-- FINISHED LOADING DEFAULT TRIM VALUES
240103-12:24:04	[INFO]	-->> FINDING VREF_P, VREF_N & THR@_GLB FOR CALIBRATION
240103-12:29:39	[INFO]	<<-- FINISHED FINDING VREF_P, VREF_N & THR@_GLB FOR CALIBRATION
240103-12:29:39	[INFO]	--> SETTING THE CALIBRATION PARAMETERS
240103-12:29:39	[INFO]	<<-- FINISHED SETTING THE CALIBRATION PARAMETERS
240103-12:29:39	[INFO]	-->> CALIBRATING THE MODULE
240103-12:36:06	[INFO]	--> CALIBRATED ASIC with HW ADDRESS 0 in elect
240103-12:42:33	[INFO]	--> CALIBRATED ASIC with HW ADDRESS 1 in elect
240103-12:48:55	[INFO]	--> CALIBRATED ASIC with HW ADDRESS 2 in elect
240103-12:55:22	[INFO]	--> CALIBRATED ASIC with HW ADDRESS 3 in elect
240103-13:01:51	[INFO]	--> CALIBRATED ASIC with HW ADDRESS 4 in elect
240103-13:08:15	[INFO]	--> CALIBRATED ASIC with HW ADDRESS 5 in elect
240103-13:14:46	[INFO]	--> CALIBRATED ASIC with HW ADDRESS 6 in elect
240103-13:21:12	[INFO]	--> CALIBRATED ASIC with HW ADDRESS 7 in elect
240103-13:27:42	[INFO]	--> CALIBRATED ASIC with HW ADDRESS 0 in holes
240103-13:34:09	[INFO]	--> CALIBRATED ASIC with HW ADDRESS 1 in holes
240103-13:40:38	[INFO]	--> CALIBRATED ASIC with HW ADDRESS 2 in holes
240103-13:47:14	[INFO]	--> CALIBRATED ASIC with HW ADDRESS 3 in holes
240103-13:53:43	[INFO]	--> CALIBRATED ASIC with HW ADDRESS 4 in holes
240103-14:00:15	[INFO]	--> CALIBRATED ASIC with HW ADDRESS 5 in holes
240103-14:06:41	[INFO]	--> CALIBRATED ASIC with HW ADDRESS 6 in holes
240103-14:13:12	[INFO]	--> CALIBRATED ASIC with HW ADDRESS 7 in holes
240103-14:13:12	[INFO]	<<-- FINISHED CALIBRATING THE MODULE
240103-14:13:12	[INFO]	--> SETTING THE CALIBRATION TRIM
240103-14:14:33	[INFO]	<<-- FINISHED SETTING THE CALIBRATION TRIM
240103-14:14:33	[INFO]	--> MEASURING ENC AND CHECKING CALIBRATION
240103-15:41:24	[INFO]	<<-- FINISHED MEASURING ENC AND CHECKING CALIBRATION
240103-17:10:16	MODULE_ID:	M3DL3T2001122A2_240103_1710
240103-17:10:19	[INFO]	MODULE ID: 	M3DL3T2001122A2
240103-17:10:55	[INFO]	-->> RUNNING SYNCHRONIZATION
240103-17:11:21	[INFO]	<<-- FINISHED SYNCHRONIZATION
240103-17:11:21	[INFO]	-->> LOADING STANDARD CONFIGURATION
240103-17:11:22	[INFO]	<<-- FINISHED LOADING STANDARD CONFIGURATION
240103-17:11:22	[INFO]	-->> READING ASICs ID
240103-17:11:23	[INFO]	<<-- FINISHED READING ASICs ID
240103-17:11:23	[INFO]	-->> READING LV VALUES AFTER CONFIGURATION
240103-17:11:33	[INFO]	<<-- FINISHED READING LV VALUES AFTER CONFIGURATION
240103-17:11:33	[INFO]	-->> QA LV 1.2 N-side: OK
240103-17:11:33	[INFO]	-->> QA LV 1.8 N-side: OK
240103-17:11:34	[INFO]	-->> QA LV 1.2 P-side: OK
240103-17:11:34	[INFO]	-->> QA LV 1.8 P-side: OK
240103-17:11:34	[INFO]	-->> READING VDDM & TEMPERATURE
240103-17:11:40	[INFO]	<<-- FINISHED READING VDDM & TEMPERATURE
240103-17:11:40	[INFO]	--> SETTING THE CALIBRATION PARAMETERS
240103-17:15:19	MODULE_ID:	M3DL3T2001122A2_240103_1715
240103-17:15:24	[INFO]	MODULE ID: 	M3DL3T2001122A2
240103-17:15:41	[INFO]	-->> RUNNING SYNCHRONIZATION
240103-17:16:10	[INFO]	<<-- FINISHED SYNCHRONIZATION
240103-17:16:10	[INFO]	-->> LOADING STANDARD CONFIGURATION
240103-17:16:11	[INFO]	<<-- FINISHED LOADING STANDARD CONFIGURATION
240103-17:16:11	[INFO]	-->> READING ASICs ID
240103-17:16:12	[INFO]	<<-- FINISHED READING ASICs ID
240103-17:16:12	[INFO]	-->> READING LV VALUES AFTER CONFIGURATION
240103-17:16:23	[INFO]	<<-- FINISHED READING LV VALUES AFTER CONFIGURATION
240103-17:16:23	[INFO]	-->> QA LV 1.2 N-side: OK
240103-17:16:23	[INFO]	-->> QA LV 1.8 N-side: OK
240103-17:16:23	[INFO]	-->> QA LV 1.2 P-side: OK
240103-17:16:23	[INFO]	-->> QA LV 1.8 P-side: OK
240103-17:16:23	[INFO]	-->> READING VDDM & TEMPERATURE
240103-17:16:30	[INFO]	<<-- FINISHED READING VDDM & TEMPERATURE
240103-17:16:30	[INFO]	--> SETTING THE CALIBRATION TRIM
240103-17:18:16	[INFO]	<<-- FINISHED SETTING THE CALIBRATION TRIM
240103-17:18:16	[INFO]	--> MEASURING ENC AND CHECKING CALIBRATION
240105-10:34:32	MODULE_ID:	M3DL3T2001122A2_240105_1034
240105-10:34:34	[INFO]	MODULE ID: 	M3DL3T2001122A2
240105-10:34:55	[INFO]	-->> RUNNING SYNCHRONIZATION
240105-10:35:21	[INFO]	<<-- FINISHED SYNCHRONIZATION
240105-10:35:21	[INFO]	-->> LOADING STANDARD CONFIGURATION
240105-10:35:22	[INFO]	<<-- FINISHED LOADING STANDARD CONFIGURATION
240105-10:35:22	[INFO]	-->> READING ASICs ID
240105-10:35:23	[INFO]	<<-- FINISHED READING ASICs ID
240105-10:35:23	[INFO]	-->> READING LV VALUES AFTER CONFIGURATION
240105-10:35:33	[INFO]	<<-- FINISHED READING LV VALUES AFTER CONFIGURATION
240105-10:35:33	[INFO]	-->> QA LV 1.2 N-side: OK
240105-10:35:34	[INFO]	-->> QA LV 1.8 N-side: OK
240105-10:35:34	[INFO]	-->> QA LV 1.2 P-side: OK
240105-10:35:34	[INFO]	-->> QA LV 1.8 P-side: OK
240105-10:35:34	[INFO]	-->> READING VDDM & TEMPERATURE
240105-10:35:40	[INFO]	<<-- FINISHED READING VDDM & TEMPERATURE
240105-10:35:40	[INFO]	--> SETTING THE CALIBRATION TRIM
240105-10:41:29	MODULE_ID:	M3DL3T2001122A2_240105_1041
240105-10:41:31	[INFO]	MODULE ID: 	M3DL3T2001122A2
240105-10:41:43	[INFO]	-->> RUNNING SYNCHRONIZATION
240105-10:42:08	[INFO]	<<-- FINISHED SYNCHRONIZATION
240105-10:42:08	[INFO]	-->> LOADING STANDARD CONFIGURATION
240105-10:42:09	[INFO]	<<-- FINISHED LOADING STANDARD CONFIGURATION
240105-10:42:09	[INFO]	-->> READING ASICs ID
240105-10:42:10	[INFO]	<<-- FINISHED READING ASICs ID
240105-10:42:10	[INFO]	-->> READING LV VALUES AFTER CONFIGURATION
240105-10:42:20	[INFO]	<<-- FINISHED READING LV VALUES AFTER CONFIGURATION
240105-10:42:20	[INFO]	-->> QA LV 1.2 N-side: OK
240105-10:42:20	[INFO]	-->> QA LV 1.8 N-side: OK
240105-10:42:21	[INFO]	-->> QA LV 1.2 P-side: OK
240105-10:42:21	[INFO]	-->> QA LV 1.8 P-side: OK
240105-10:42:21	[INFO]	-->> READING VDDM & TEMPERATURE
240105-10:42:27	[INFO]	<<-- FINISHED READING VDDM & TEMPERATURE
240105-10:42:27	[INFO]	--> SETTING THE CALIBRATION TRIM
240105-10:45:17	MODULE_ID:	M3DL3T2001122A2_240105_1045
240105-10:45:21	[INFO]	MODULE ID: 	M3DL3T2001122A2
240105-10:45:32	[INFO]	-->> RUNNING SYNCHRONIZATION
240105-10:45:58	[INFO]	<<-- FINISHED SYNCHRONIZATION
240105-10:45:58	[INFO]	-->> LOADING STANDARD CONFIGURATION
240105-10:45:59	[INFO]	<<-- FINISHED LOADING STANDARD CONFIGURATION
240105-10:45:59	[INFO]	-->> READING ASICs ID
240105-10:46:00	[INFO]	<<-- FINISHED READING ASICs ID
240105-10:46:00	[INFO]	-->> READING LV VALUES AFTER CONFIGURATION
240105-10:46:10	[INFO]	<<-- FINISHED READING LV VALUES AFTER CONFIGURATION
240105-10:46:10	[INFO]	-->> QA LV 1.2 N-side: OK
240105-10:46:10	[INFO]	-->> QA LV 1.8 N-side: OK
240105-10:46:10	[INFO]	-->> QA LV 1.2 P-side: OK
240105-10:46:11	[INFO]	-->> QA LV 1.8 P-side: OK
240105-10:46:11	[INFO]	-->> READING VDDM & TEMPERATURE
240105-10:46:17	[INFO]	<<-- FINISHED READING VDDM & TEMPERATURE
240105-10:46:17	[INFO]	--> SETTING THE CALIBRATION TRIM
240105-10:46:37	[INFO]	<<-- FINISHED SETTING THE CALIBRATION TRIM
240105-10:46:37	[INFO]	--> MEASURING ENC AND CHECKING CALIBRATION
240105-11:10:54	[INFO]	<<-- FINISHED MEASURING ENC AND CHECKING CALIBRATION
240105-11:43:56	MODULE_ID:	M3DL3T2001122A2_240105_1143
240105-11:43:58	[INFO]	MODULE ID: 	M3DL3T2001122A2
240105-11:44:17	[INFO]	-->> RUNNING SYNCHRONIZATION
240105-11:44:43	[INFO]	<<-- FINISHED SYNCHRONIZATION
240105-11:44:43	[INFO]	-->> LOADING STANDARD CONFIGURATION
240105-11:44:44	[INFO]	<<-- FINISHED LOADING STANDARD CONFIGURATION
240105-11:44:44	[INFO]	-->> READING ASICs ID
240105-11:44:45	[INFO]	<<-- FINISHED READING ASICs ID
240105-11:44:45	[INFO]	-->> READING LV VALUES AFTER CONFIGURATION
240105-11:44:55	[INFO]	<<-- FINISHED READING LV VALUES AFTER CONFIGURATION
240105-11:44:56	[INFO]	-->> QA LV 1.2 N-side: OK
240105-11:44:56	[INFO]	-->> QA LV 1.8 N-side: OK
240105-11:44:56	[INFO]	-->> QA LV 1.2 P-side: OK
240105-11:44:56	[INFO]	-->> QA LV 1.8 P-side: OK
240105-11:44:56	[INFO]	-->> READING VDDM & TEMPERATURE
240105-11:45:02	[INFO]	<<-- FINISHED READING VDDM & TEMPERATURE
240105-11:45:02	[INFO]	--> SETTING THE CALIBRATION TRIM
240105-11:46:27	[INFO]	<<-- FINISHED SETTING THE CALIBRATION TRIM
240105-11:46:27	[INFO]	--> CHECKING ENC LONG RUN STABILITY 
240105-11:58:24	[INFO]	--> RUN 0 of CHECKING ENC LONG RUN STABILITY 
240105-12:10:20	[INFO]	--> RUN 1 of CHECKING ENC LONG RUN STABILITY 
240105-12:22:20	[INFO]	--> RUN 2 of CHECKING ENC LONG RUN STABILITY 
240105-12:34:15	[INFO]	--> RUN 3 of CHECKING ENC LONG RUN STABILITY 
240105-12:46:26	[INFO]	--> RUN 4 of CHECKING ENC LONG RUN STABILITY 
240105-12:58:24	[INFO]	--> RUN 5 of CHECKING ENC LONG RUN STABILITY 
240105-13:10:32	[INFO]	--> RUN 6 of CHECKING ENC LONG RUN STABILITY 
240105-13:22:36	[INFO]	--> RUN 7 of CHECKING ENC LONG RUN STABILITY 
240105-13:34:42	[INFO]	--> RUN 8 of CHECKING ENC LONG RUN STABILITY 
240105-14:31:25	MODULE_ID:	M3DL3T2001122A2_240105_1431
240105-14:31:27	[INFO]	MODULE ID: 	M3DL3T2001122A2
240105-14:31:45	[INFO]	-->> RUNNING SYNCHRONIZATION
240105-14:32:14	[INFO]	<<-- FINISHED SYNCHRONIZATION
240105-14:32:14	[INFO]	-->> LOADING STANDARD CONFIGURATION
240105-14:32:15	[INFO]	<<-- FINISHED LOADING STANDARD CONFIGURATION
240105-14:32:15	[INFO]	-->> READING ASICs ID
240105-14:32:16	[INFO]	<<-- FINISHED READING ASICs ID
240105-14:32:16	[INFO]	-->> READING LV VALUES AFTER CONFIGURATION
240105-14:32:26	[INFO]	<<-- FINISHED READING LV VALUES AFTER CONFIGURATION
240105-14:32:26	[INFO]	-->> QA LV 1.2 N-side: OK
240105-14:32:27	[INFO]	-->> QA LV 1.8 N-side: OK
240105-14:32:27	[INFO]	-->> QA LV 1.2 P-side: OK
240105-14:32:27	[INFO]	-->> QA LV 1.8 P-side: OK
240105-14:32:27	[INFO]	-->> READING VDDM & TEMPERATURE
240105-14:32:33	[INFO]	<<-- FINISHED READING VDDM & TEMPERATURE
240105-14:32:33	[INFO]	--> SETTING THE CALIBRATION TRIM
240105-14:33:57	[INFO]	<<-- FINISHED SETTING THE CALIBRATION TRIM
240105-14:33:57	[INFO]	--> CHECKING ENC LONG RUN STABILITY 
240105-14:45:55	[INFO]	--> RUN 0 of CHECKING ENC LONG RUN STABILITY 
240105-14:57:57	[INFO]	--> RUN 1 of CHECKING ENC LONG RUN STABILITY 
240105-15:09:54	[INFO]	--> RUN 2 of CHECKING ENC LONG RUN STABILITY 
240105-15:21:46	[INFO]	--> RUN 3 of CHECKING ENC LONG RUN STABILITY 
240105-15:33:41	[INFO]	--> RUN 4 of CHECKING ENC LONG RUN STABILITY 
240105-15:33:41	[INFO]	<<-- FINISHED ENC LONG RUN STABILITYY
