240801-17:51:37	MODULE_ID:	M4DL2T2001162A2
240801-17:51:37	[INFO]	TEST_CENTER: GSI
240801-17:51:37	[INFO]	OPERATOR_ID: Dairon Rodriguez Garces
240801-17:51:37	[INFO]	MODULE ID: 	M4DL2T2001162A2
240801-17:51:37	[INFO]	SENSOR_SIZE [mm]: 	62
240801-17:51:37	[INFO]	SENSOR_QGRADE: 	A
240801-17:54:59	[INFO]	-->> RUNNING SYNCHRONIZATION
240801-17:55:29	[INFO]	<<-- FINISHED SYNCHRONIZATION
240801-17:55:29	[INFO]	-->> READING LV VALUES BEFORE CONFIGURATION
240801-17:55:29	[INFO]	<<-- FINISHED READING LV VALUES BEFORE CONFIGURATION
240801-17:55:29	[INFO]	-->> LOADING STANDARD CONFIGURATION
240801-17:55:35	[INFO]	<<-- FINISHED LOADING STANDARD CONFIGURATION
240801-17:55:35	[INFO]	-->> READING ASICs ID
240801-17:55:36	[INFO]	<<-- FINISHED READING ASICs ID
240801-17:55:36	[INFO]	-->> READING LV VALUES AFTER CONFIGURATION
240801-17:55:46	[INFO]	<<-- FINISHED READING LV VALUES AFTER CONFIGURATION
240801-17:55:46	[INFO]	-->> READING VDDM & TEMPERATURE
240801-17:55:50	[INFO]	<<-- FINISHED READING VDDM & TEMPERATURE
240801-17:55:50	[INFO]	-->> LOADING DEFAULT TRIM VALUES
240801-17:56:48	[INFO]	<<-- FINISHED LOADING DEFAULT TRIM VALUES
240801-17:56:48	[INFO]	-->> FINDING VREF_P, VREF_N & THR@_GLB FOR CALIBRATION
240801-18:03:52	[INFO]	<<-- FINISHED FINDING VREF_P, VREF_N & THR@_GLB FOR CALIBRATION
240801-18:03:52	[INFO]	--> SETTING THE CALIBRATION PARAMETERS
240801-18:03:52	[INFO]	<<-- FINISHED SETTING THE CALIBRATION PARAMETERS
240801-18:03:52	[INFO]	-->> CALIBRATING THE MODULE
240801-18:12:53	[INFO]	CAL_ASIC_HW_ADDR_1: ftrim_XA-000-08-002-000-003-174-04_HW_1_SET_54_24_118_43_R_30_247_elect.txt
240801-18:21:51	[INFO]	CAL_ASIC_HW_ADDR_0: ftrim_XA-000-08-002-000-003-180-03_HW_0_SET_57_23_118_39_R_30_247_elect.txt
240801-18:30:48	[INFO]	CAL_ASIC_HW_ADDR_3: ftrim_XA-000-08-002-000-003-173-04_HW_3_SET_55_21_118_40_R_30_247_elect.txt
240801-18:39:48	[INFO]	CAL_ASIC_HW_ADDR_2: ftrim_XA-000-08-002-000-003-186-03_HW_2_SET_58_26_118_37_R_30_247_elect.txt
240801-18:48:42	[INFO]	CAL_ASIC_HW_ADDR_5: ftrim_XA-000-08-002-000-003-172-04_HW_5_SET_55_23_118_35_R_30_247_elect.txt
240801-18:57:35	[INFO]	CAL_ASIC_HW_ADDR_4: ftrim_XA-000-08-002-000-003-185-03_HW_4_SET_57_26_118_36_R_30_247_elect.txt
240801-19:06:34	[INFO]	CAL_ASIC_HW_ADDR_7: ftrim_XA-000-08-002-000-003-171-04_HW_7_SET_56_24_118_36_R_30_247_elect.txt
240801-19:15:34	[INFO]	CAL_ASIC_HW_ADDR_6: ftrim_XA-000-08-002-000-003-178-03_HW_6_SET_58_23_118_48_R_30_247_elect.txt
240801-19:24:32	[INFO]	CAL_ASIC_HW_ADDR_7: ftrim_XA-000-08-002-000-002-125-01_HW_7_SET_58_21_118_10_R_30_247_holes.txt
240801-19:33:33	[INFO]	CAL_ASIC_HW_ADDR_6: ftrim_XA-000-08-002-000-002-111-06_HW_6_SET_56_18_118_34_R_30_247_holes.txt
240801-19:42:35	[INFO]	CAL_ASIC_HW_ADDR_5: ftrim_XA-000-08-002-000-002-122-01_HW_5_SET_58_20_118_10_R_30_247_holes.txt
240801-19:51:31	[INFO]	CAL_ASIC_HW_ADDR_4: ftrim_XA-000-08-002-000-002-121-01_HW_4_SET_55_19_118_32_R_30_247_holes.txt
240801-20:00:30	[INFO]	CAL_ASIC_HW_ADDR_3: ftrim_XA-000-08-002-000-002-112-01_HW_3_SET_56_19_118_51_R_30_247_holes.txt
240801-20:09:29	[INFO]	CAL_ASIC_HW_ADDR_2: ftrim_XA-000-08-002-000-002-115-01_HW_2_SET_55_19_118_47_R_30_247_holes.txt
240801-20:18:28	[INFO]	CAL_ASIC_HW_ADDR_1: ftrim_XA-000-08-002-000-002-117-01_HW_1_SET_56_18_118_45_R_30_247_holes.txt
240801-20:27:23	[INFO]	CAL_ASIC_HW_ADDR_0: ftrim_XA-000-08-002-000-002-110-06_HW_0_SET_57_20_118_44_R_30_247_holes.txt
240801-20:27:23	[INFO]	<<-- FINISHED CALIBRATING THE MODULE
240801-20:27:23	[INFO]	--> SETTING THE CALIBRATION TRIM
240801-20:29:15	[INFO]	<<-- FINISHED SETTING THE CALIBRATION TRIM
240801-20:29:15	[INFO]	--> MEASURING ENC AND CHECKING CALIBRATION
240801-20:36:18	[INFO]	PSCAN_ASIC_HW_ADDR_1: pscan_240801_2029_XA-000-08-002-000-003-174-04_HW_1_SET_54_24_118_43_VP_0_255_1_NP_100_elect.txt
240801-20:43:17	[INFO]	PSCAN_ASIC_HW_ADDR_0: pscan_240801_2036_XA-000-08-002-000-003-180-03_HW_0_SET_57_23_118_39_VP_0_255_1_NP_100_elect.txt
240801-20:50:16	[INFO]	PSCAN_ASIC_HW_ADDR_3: pscan_240801_2043_XA-000-08-002-000-003-173-04_HW_3_SET_55_21_118_40_VP_0_255_1_NP_100_elect.txt
240801-20:57:11	[INFO]	PSCAN_ASIC_HW_ADDR_2: pscan_240801_2050_XA-000-08-002-000-003-186-03_HW_2_SET_58_26_118_37_VP_0_255_1_NP_100_elect.txt
240801-21:04:13	[INFO]	PSCAN_ASIC_HW_ADDR_5: pscan_240801_2057_XA-000-08-002-000-003-172-04_HW_5_SET_55_23_118_35_VP_0_255_1_NP_100_elect.txt
240801-21:11:14	[INFO]	PSCAN_ASIC_HW_ADDR_4: pscan_240801_2104_XA-000-08-002-000-003-185-03_HW_4_SET_57_26_118_36_VP_0_255_1_NP_100_elect.txt
240801-21:18:17	[INFO]	PSCAN_ASIC_HW_ADDR_7: pscan_240801_2111_XA-000-08-002-000-003-171-04_HW_7_SET_56_24_118_36_VP_0_255_1_NP_100_elect.txt
240801-21:25:14	[INFO]	PSCAN_ASIC_HW_ADDR_6: pscan_240801_2118_XA-000-08-002-000-003-178-03_HW_6_SET_58_23_118_48_VP_0_255_1_NP_100_elect.txt
240801-21:32:11	[INFO]	PSCAN_ASIC_HW_ADDR_7: pscan_240801_2125_XA-000-08-002-000-002-125-01_HW_7_SET_58_21_118_10_VP_0_255_1_NP_100_holes.txt
240801-21:39:09	[INFO]	PSCAN_ASIC_HW_ADDR_6: pscan_240801_2132_XA-000-08-002-000-002-111-06_HW_6_SET_56_18_118_34_VP_0_255_1_NP_100_holes.txt
240801-21:46:06	[INFO]	PSCAN_ASIC_HW_ADDR_5: pscan_240801_2139_XA-000-08-002-000-002-122-01_HW_5_SET_58_20_118_10_VP_0_255_1_NP_100_holes.txt
240801-21:53:02	[INFO]	PSCAN_ASIC_HW_ADDR_4: pscan_240801_2146_XA-000-08-002-000-002-121-01_HW_4_SET_55_19_118_32_VP_0_255_1_NP_100_holes.txt
240801-22:00:00	[INFO]	PSCAN_ASIC_HW_ADDR_3: pscan_240801_2153_XA-000-08-002-000-002-112-01_HW_3_SET_56_19_118_51_VP_0_255_1_NP_100_holes.txt
240801-22:07:02	[INFO]	PSCAN_ASIC_HW_ADDR_2: pscan_240801_2200_XA-000-08-002-000-002-115-01_HW_2_SET_55_19_118_47_VP_0_255_1_NP_100_holes.txt
240801-22:14:11	[INFO]	PSCAN_ASIC_HW_ADDR_1: pscan_240801_2207_XA-000-08-002-000-002-117-01_HW_1_SET_56_18_118_45_VP_0_255_1_NP_100_holes.txt
240801-22:21:23	[INFO]	PSCAN_ASIC_HW_ADDR_0: pscan_240801_2214_XA-000-08-002-000-002-110-06_HW_0_SET_57_20_118_44_VP_0_255_1_NP_100_holes.txt
240801-22:21:23	[INFO]	<<-- FINISHED MEASURING ENC AND CHECKING CALIBRATION
