240619-18:03:41	MODULE_ID:	M4UL2B1010311A2
240619-18:03:41	[INFO]	TEST_CENTER: GSI
240619-18:03:41	[INFO]	OPERATOR_ID: Dairon Rodriguez Garces
240619-18:03:41	[INFO]	MODULE ID: 	M4UL2B1010311A2
240619-18:03:41	[INFO]	SENSOR_SIZE [mm]: 	42
240619-18:03:41	[INFO]	SENSOR_QGRADE: 	A
240619-18:29:31	[INFO]	-->> RUNNING SYNCHRONIZATION
240619-18:30:02	[INFO]	<<-- FINISHED SYNCHRONIZATION
240619-18:30:02	[INFO]	-->> READING LV VALUES BEFORE CONFIGURATION
240619-18:30:02	[INFO]	<<-- FINISHED READING LV VALUES BEFORE CONFIGURATION
240619-18:30:02	[INFO]	-->> LOADING STANDARD CONFIGURATION
240619-18:30:09	[INFO]	<<-- FINISHED LOADING STANDARD CONFIGURATION
240619-18:30:09	[INFO]	-->> READING ASICs ID
240619-18:30:10	[INFO]	<<-- FINISHED READING ASICs ID
240619-18:30:10	[INFO]	-->> LOADING DEFAULT TRIM VALUES
240619-18:31:06	[INFO]	<<-- FINISHED LOADING DEFAULT TRIM VALUES
240619-18:31:06	[INFO]	-->> READING LV VALUES AFTER CONFIGURATION
240619-18:31:16	[INFO]	<<-- FINISHED READING LV VALUES AFTER CONFIGURATION
240619-18:31:16	[INFO]	-->> READING VDDM & TEMPERATURE
240619-18:31:20	[INFO]	<<-- FINISHED READING VDDM & TEMPERATURE
240619-18:31:20	[INFO]	-->> LOADING DEFAULT TRIM VALUES
240619-18:32:15	[INFO]	<<-- FINISHED LOADING DEFAULT TRIM VALUES
240619-18:32:15	[INFO]	-->> FINDING VREF_P, VREF_N & THR@_GLB FOR CALIBRATION
240619-18:39:24	[INFO]	<<-- FINISHED FINDING VREF_P, VREF_N & THR@_GLB FOR CALIBRATION
240619-18:39:24	[INFO]	--> SETTING THE CALIBRATION PARAMETERS
240619-18:39:25	[INFO]	<<-- FINISHED SETTING THE CALIBRATION PARAMETERS
240619-18:39:25	[INFO]	-->> CALIBRATING THE MODULE
240619-18:49:25	[INFO]	CAL_ASIC_HW_ADDR_1: ftrim_XA-000-08-002-000-004-103-03_HW_1_SET_55_21_118_39_R_30_247_elect.txt
240619-18:58:46	[INFO]	CAL_ASIC_HW_ADDR_0: ftrim_XA-000-08-002-000-004-106-03_HW_0_SET_58_24_118_41_R_30_247_elect.txt
240619-19:08:08	[INFO]	CAL_ASIC_HW_ADDR_3: ftrim_XA-000-08-002-000-004-102-03_HW_3_SET_55_22_118_36_R_30_247_elect.txt
240619-19:17:27	[INFO]	CAL_ASIC_HW_ADDR_2: ftrim_XA-000-08-002-000-004-007-08_HW_2_SET_56_23_118_39_R_30_247_elect.txt
240619-19:26:54	[INFO]	CAL_ASIC_HW_ADDR_5: ftrim_XA-000-08-002-000-004-108-03_HW_5_SET_56_23_118_34_R_30_247_elect.txt
240619-19:36:12	[INFO]	CAL_ASIC_HW_ADDR_4: ftrim_XA-000-08-002-000-004-006-08_HW_4_SET_56_23_118_28_R_30_247_elect.txt
240619-19:45:34	[INFO]	CAL_ASIC_HW_ADDR_7: ftrim_XA-000-08-002-000-004-107-03_HW_7_SET_56_24_118_39_R_30_247_elect.txt
240619-19:54:48	[INFO]	CAL_ASIC_HW_ADDR_6: ftrim_XA-000-08-002-000-004-011-08_HW_6_SET_54_24_118_51_R_30_247_elect.txt
240619-20:04:11	[INFO]	CAL_ASIC_HW_ADDR_7: ftrim_XA-000-08-002-000-004-110-03_HW_7_SET_57_21_118_10_R_30_247_holes.txt
240619-20:13:27	[INFO]	CAL_ASIC_HW_ADDR_6: ftrim_XA-000-08-002-000-004-014-08_HW_6_SET_57_20_118_54_R_30_247_holes.txt
240619-20:22:39	[INFO]	CAL_ASIC_HW_ADDR_5: ftrim_XA-000-08-002-000-004-111-03_HW_5_SET_56_18_118_48_R_30_247_holes.txt
240619-20:31:53	[INFO]	CAL_ASIC_HW_ADDR_4: ftrim_XA-000-08-002-000-004-004-08_HW_4_SET_55_19_118_49_R_30_247_holes.txt
240619-20:41:11	[INFO]	CAL_ASIC_HW_ADDR_3: ftrim_XA-000-08-002-000-004-104-03_HW_3_SET_56_19_118_47_R_30_247_holes.txt
240619-20:50:25	[INFO]	CAL_ASIC_HW_ADDR_2: ftrim_XA-000-08-002-000-004-015-08_HW_2_SET_55_20_118_48_R_30_247_holes.txt
240619-20:59:49	[INFO]	CAL_ASIC_HW_ADDR_1: ftrim_XA-000-08-002-000-004-010-08_HW_1_SET_56_19_118_50_R_30_247_holes.txt
240619-21:09:28	[INFO]	CAL_ASIC_HW_ADDR_0: ftrim_XA-000-08-002-000-003-247-06_HW_0_SET_56_20_118_54_R_30_247_holes.txt
240619-21:09:28	[INFO]	<<-- FINISHED CALIBRATING THE MODULE
240619-21:09:28	[INFO]	--> SETTING THE CALIBRATION TRIM
240619-21:11:29	[INFO]	<<-- FINISHED SETTING THE CALIBRATION TRIM
240619-21:11:29	[INFO]	--> MEASURING ENC AND CHECKING CALIBRATION
240619-21:18:54	[INFO]	PSCAN_ASIC_HW_ADDR_1: pscan_240619_2111_XA-000-08-002-000-004-103-03_HW_1_SET_55_21_118_39_VP_0_255_1_NP_100_elect.txt
240619-21:26:09	[INFO]	PSCAN_ASIC_HW_ADDR_0: pscan_240619_2118_XA-000-08-002-000-004-106-03_HW_0_SET_58_24_118_41_VP_0_255_1_NP_100_elect.txt
240619-21:33:24	[INFO]	PSCAN_ASIC_HW_ADDR_3: pscan_240619_2126_XA-000-08-002-000-004-102-03_HW_3_SET_55_22_118_36_VP_0_255_1_NP_100_elect.txt
240619-21:40:37	[INFO]	PSCAN_ASIC_HW_ADDR_2: pscan_240619_2133_XA-000-08-002-000-004-007-08_HW_2_SET_56_23_118_39_VP_0_255_1_NP_100_elect.txt
240619-21:47:52	[INFO]	PSCAN_ASIC_HW_ADDR_5: pscan_240619_2140_XA-000-08-002-000-004-108-03_HW_5_SET_56_23_118_34_VP_0_255_1_NP_100_elect.txt
240619-21:55:08	[INFO]	PSCAN_ASIC_HW_ADDR_4: pscan_240619_2147_XA-000-08-002-000-004-006-08_HW_4_SET_56_23_118_28_VP_0_255_1_NP_100_elect.txt
240619-22:02:16	[INFO]	PSCAN_ASIC_HW_ADDR_7: pscan_240619_2155_XA-000-08-002-000-004-107-03_HW_7_SET_56_24_118_39_VP_0_255_1_NP_100_elect.txt
240619-22:09:27	[INFO]	PSCAN_ASIC_HW_ADDR_6: pscan_240619_2202_XA-000-08-002-000-004-011-08_HW_6_SET_54_24_118_51_VP_0_255_1_NP_100_elect.txt
240619-22:16:38	[INFO]	PSCAN_ASIC_HW_ADDR_7: pscan_240619_2209_XA-000-08-002-000-004-110-03_HW_7_SET_57_21_118_10_VP_0_255_1_NP_100_holes.txt
240619-22:23:48	[INFO]	PSCAN_ASIC_HW_ADDR_6: pscan_240619_2216_XA-000-08-002-000-004-014-08_HW_6_SET_57_20_118_54_VP_0_255_1_NP_100_holes.txt
240619-22:30:58	[INFO]	PSCAN_ASIC_HW_ADDR_5: pscan_240619_2223_XA-000-08-002-000-004-111-03_HW_5_SET_56_18_118_48_VP_0_255_1_NP_100_holes.txt
240619-22:38:08	[INFO]	PSCAN_ASIC_HW_ADDR_4: pscan_240619_2230_XA-000-08-002-000-004-004-08_HW_4_SET_55_19_118_49_VP_0_255_1_NP_100_holes.txt
240619-22:45:17	[INFO]	PSCAN_ASIC_HW_ADDR_3: pscan_240619_2238_XA-000-08-002-000-004-104-03_HW_3_SET_56_19_118_47_VP_0_255_1_NP_100_holes.txt
240619-22:52:28	[INFO]	PSCAN_ASIC_HW_ADDR_2: pscan_240619_2245_XA-000-08-002-000-004-015-08_HW_2_SET_55_20_118_48_VP_0_255_1_NP_100_holes.txt
240619-22:59:38	[INFO]	PSCAN_ASIC_HW_ADDR_1: pscan_240619_2252_XA-000-08-002-000-004-010-08_HW_1_SET_56_19_118_50_VP_0_255_1_NP_100_holes.txt
240619-23:07:36	[INFO]	PSCAN_ASIC_HW_ADDR_0: pscan_240619_2259_XA-000-08-002-000-003-247-06_HW_0_SET_56_20_118_54_VP_0_255_1_NP_100_holes.txt
240619-23:07:36	[INFO]	<<-- FINISHED MEASURING ENC AND CHECKING CALIBRATION
240620-09:50:08	MODULE_ID:	M4UL2B1010311A2_240620_0950
240620-09:50:08	[INFO]	TEST_CENTER: GSI
240620-09:50:08	[INFO]	OPERATOR_ID: Dairon Rodriguez Garces
240620-09:50:08	[INFO]	MODULE ID: 	M4UL2B1010311A2
240620-09:50:08	[INFO]	SENSOR_SIZE [mm]: 	42
240620-09:50:08	[INFO]	SENSOR_QGRADE: 	A
240620-09:50:56	[INFO]	-->> RUNNING SYNCHRONIZATION
240620-09:51:26	[INFO]	<<-- FINISHED SYNCHRONIZATION
240620-09:51:26	[INFO]	-->> READING LV VALUES BEFORE CONFIGURATION
240620-09:51:26	[INFO]	<<-- FINISHED READING LV VALUES BEFORE CONFIGURATION
240620-09:51:26	[INFO]	-->> LOADING STANDARD CONFIGURATION
240620-09:51:33	[INFO]	<<-- FINISHED LOADING STANDARD CONFIGURATION
240620-09:51:33	[INFO]	-->> READING ASICs ID
240620-09:51:35	[INFO]	<<-- FINISHED READING ASICs ID
240620-09:51:35	[INFO]	-->> LOADING DEFAULT TRIM VALUES
240620-09:52:33	[INFO]	<<-- FINISHED LOADING DEFAULT TRIM VALUES
240620-09:52:33	[INFO]	-->> READING LV VALUES AFTER CONFIGURATION
240620-09:52:43	[INFO]	<<-- FINISHED READING LV VALUES AFTER CONFIGURATION
240620-09:52:43	[INFO]	-->> READING VDDM & TEMPERATURE
240620-09:52:46	[INFO]	<<-- FINISHED READING VDDM & TEMPERATURE
240620-09:52:46	[INFO]	--> SETTING THE CALIBRATION TRIM
240620-09:54:46	[INFO]	<<-- FINISHED SETTING THE CALIBRATION TRIM
240620-09:54:46	[INFO]	--> CHECKING CHANNELS' CONNECTIVITY
240620-09:54:46	[INFO]	CONN-CHECK_ASIC_HW_ADDR_1: elect
240620-09:55:05	[INFO]	CONN-CHECK_ASIC_HW_ADDR_0: elect
240620-09:55:23	[INFO]	CONN-CHECK_ASIC_HW_ADDR_3: elect
240620-09:55:42	[INFO]	CONN-CHECK_ASIC_HW_ADDR_2: elect
240620-09:56:01	[INFO]	CONN-CHECK_ASIC_HW_ADDR_5: elect
240620-09:56:20	[INFO]	CONN-CHECK_ASIC_HW_ADDR_4: elect
240620-09:56:39	[INFO]	CONN-CHECK_ASIC_HW_ADDR_7: elect
240620-09:56:58	[INFO]	CONN-CHECK_ASIC_HW_ADDR_6: elect
240620-09:57:17	[INFO]	CONN-CHECK_ASIC_HW_ADDR_7: holes
240620-09:57:36	[INFO]	CONN-CHECK_ASIC_HW_ADDR_6: holes
240620-09:57:55	[INFO]	CONN-CHECK_ASIC_HW_ADDR_5: holes
240620-09:58:14	[INFO]	CONN-CHECK_ASIC_HW_ADDR_4: holes
240620-09:58:32	[INFO]	CONN-CHECK_ASIC_HW_ADDR_3: holes
240620-09:58:51	[INFO]	CONN-CHECK_ASIC_HW_ADDR_2: holes
240620-09:59:10	[INFO]	CONN-CHECK_ASIC_HW_ADDR_1: holes
240620-09:59:29	[INFO]	CONN-CHECK_ASIC_HW_ADDR_0: holes
240620-09:59:50	[INFO]	<<-- FINISHED CHECKING CHANNELS' CONNECTIVITY
