240506-18:05:51	MODULE_ID:	M4UL4B2010322A2
240506-18:05:51	[INFO]	TEST_CENTER: GSI
240506-18:05:51	[INFO]	OPERATOR_ID: Dairon Rodriguez Garces
240506-18:05:51	[INFO]	MODULE ID: 	M4UL4B2010322A2
240506-18:05:51	[INFO]	SENSOR_SIZE [mm]: 	62
240506-18:05:51	[INFO]	SENSOR_QGRADE: 	C
240506-18:06:07	[INFO]	-->> RUNNING SYNCHRONIZATION
240506-18:06:36	[INFO]	<<-- FINISHED SYNCHRONIZATION
240506-18:06:36	[INFO]	-->> READING LV VALUES BEFORE CONFIGURATION
240506-18:06:37	[INFO]	<<-- FINISHED READING LV VALUES BEFORE CONFIGURATION
240506-18:06:37	[INFO]	-->> LOADING STANDARD CONFIGURATION
240506-18:06:44	[INFO]	<<-- FINISHED LOADING STANDARD CONFIGURATION
240506-18:06:44	[INFO]	-->> READING ASICs ID
240506-18:06:45	[INFO]	<<-- FINISHED READING ASICs ID
240506-18:06:45	[INFO]	-->> LOADING DEFAULT TRIM VALUES
240506-18:07:42	[INFO]	<<-- FINISHED LOADING DEFAULT TRIM VALUES
240506-18:07:42	[INFO]	-->> READING LV VALUES AFTER CONFIGURATION
240506-18:07:53	[INFO]	<<-- FINISHED READING LV VALUES AFTER CONFIGURATION
240506-18:07:53	[INFO]	-->> READING VDDM & TEMPERATURE
240506-18:07:59	[INFO]	<<-- FINISHED READING VDDM & TEMPERATURE
240506-18:07:59	[INFO]	-->> LOADING DEFAULT TRIM VALUES
240506-18:08:56	[INFO]	<<-- FINISHED LOADING DEFAULT TRIM VALUES
240506-18:08:56	[INFO]	-->> FINDING VREF_P, VREF_N & THR@_GLB FOR CALIBRATION
240506-18:16:06	[INFO]	<<-- FINISHED FINDING VREF_P, VREF_N & THR@_GLB FOR CALIBRATION
240506-18:16:06	[INFO]	--> SETTING THE CALIBRATION PARAMETERS
240506-18:16:06	[INFO]	<<-- FINISHED SETTING THE CALIBRATION PARAMETERS
240506-18:16:06	[INFO]	-->> CALIBRATING THE MODULE
240506-18:25:30	[INFO]	CAL_ASIC_HW_ADDR_1: ftrim_XA-000-08-002-000-005-249-03_HW_1_SET_56_29_118_28_R_30_247_elect.txt
240506-18:34:56	[INFO]	CAL_ASIC_HW_ADDR_0: ftrim_XA-000-08-002-000-000-045-00_HW_0_SET_57_26_118_36_R_30_247_elect.txt
240506-18:44:18	[INFO]	CAL_ASIC_HW_ADDR_3: ftrim_XA-000-08-002-000-005-201-10_HW_3_SET_56_24_118_36_R_30_247_elect.txt
240506-18:53:44	[INFO]	CAL_ASIC_HW_ADDR_2: ftrim_XA-000-08-002-000-006-009-11_HW_2_SET_56_24_118_32_R_30_247_elect.txt
240506-19:03:07	[INFO]	CAL_ASIC_HW_ADDR_5: ftrim_XA-000-08-002-000-005-200-10_HW_5_SET_56_25_118_36_R_30_247_elect.txt
240506-19:12:33	[INFO]	CAL_ASIC_HW_ADDR_4: ftrim_XA-000-08-002-000-001-099-08_HW_4_SET_57_25_118_41_R_30_247_elect.txt
240506-19:21:56	[INFO]	CAL_ASIC_HW_ADDR_7: ftrim_XA-000-08-002-000-005-221-13_HW_7_SET_58_28_118_29_R_30_247_elect.txt
240506-19:31:20	[INFO]	CAL_ASIC_HW_ADDR_6: ftrim_XA-000-08-002-000-001-095-01_HW_6_SET_57_27_118_53_R_30_247_elect.txt
240506-19:40:47	[INFO]	CAL_ASIC_HW_ADDR_7: ftrim_XA-000-08-002-000-005-203-10_HW_7_SET_57_22_118_10_R_30_247_holes.txt
240506-19:50:16	[INFO]	CAL_ASIC_HW_ADDR_6: ftrim_XA-000-08-002-000-001-083-01_HW_6_SET_55_23_118_42_R_30_247_holes.txt
240506-19:59:44	[INFO]	CAL_ASIC_HW_ADDR_5: ftrim_XA-000-08-002-000-005-218-13_HW_5_SET_55_20_118_37_R_30_247_holes.txt
240506-20:09:12	[INFO]	CAL_ASIC_HW_ADDR_4: ftrim_XA-000-08-002-000-006-012-11_HW_4_SET_55_19_118_33_R_30_247_holes.txt
240506-20:18:36	[INFO]	CAL_ASIC_HW_ADDR_3: ftrim_XA-000-08-002-000-005-232-04_HW_3_SET_58_20_118_31_R_30_247_holes.txt
240506-20:28:05	[INFO]	CAL_ASIC_HW_ADDR_2: ftrim_XA-000-08-002-000-006-011-11_HW_2_SET_58_20_118_40_R_30_247_holes.txt
240506-20:37:23	[INFO]	CAL_ASIC_HW_ADDR_1: ftrim_XA-000-08-002-000-004-063-01_HW_1_SET_57_22_118_38_R_30_247_holes.txt
240506-20:46:47	[INFO]	CAL_ASIC_HW_ADDR_0: ftrim_XA-000-08-002-000-006-007-11_HW_0_SET_56_21_118_28_R_30_247_holes.txt
240506-20:46:47	[INFO]	<<-- FINISHED CALIBRATING THE MODULE
240506-20:46:47	[INFO]	--> SETTING THE CALIBRATION TRIM
240506-20:48:47	[INFO]	<<-- FINISHED SETTING THE CALIBRATION TRIM
240506-20:48:47	[INFO]	--> MEASURING ENC AND CHECKING CALIBRATION
240506-20:55:59	[INFO]	PSCAN_ASIC_HW_ADDR_1: pscan_240506_2048_XA-000-08-002-000-005-249-03_HW_1_SET_56_29_118_28_VP_0_255_1_NP_100_elect.txt
240506-21:03:10	[INFO]	PSCAN_ASIC_HW_ADDR_0: pscan_240506_2055_XA-000-08-002-000-000-045-00_HW_0_SET_57_26_118_36_VP_0_255_1_NP_100_elect.txt
240506-21:10:23	[INFO]	PSCAN_ASIC_HW_ADDR_3: pscan_240506_2103_XA-000-08-002-000-005-201-10_HW_3_SET_56_24_118_36_VP_0_255_1_NP_100_elect.txt
240506-21:17:34	[INFO]	PSCAN_ASIC_HW_ADDR_2: pscan_240506_2110_XA-000-08-002-000-006-009-11_HW_2_SET_56_24_118_32_VP_0_255_1_NP_100_elect.txt
240506-21:24:46	[INFO]	PSCAN_ASIC_HW_ADDR_5: pscan_240506_2117_XA-000-08-002-000-005-200-10_HW_5_SET_56_25_118_36_VP_0_255_1_NP_100_elect.txt
240506-21:31:57	[INFO]	PSCAN_ASIC_HW_ADDR_4: pscan_240506_2124_XA-000-08-002-000-001-099-08_HW_4_SET_57_25_118_41_VP_0_255_1_NP_100_elect.txt
240506-21:39:10	[INFO]	PSCAN_ASIC_HW_ADDR_7: pscan_240506_2131_XA-000-08-002-000-005-221-13_HW_7_SET_58_28_118_29_VP_0_255_1_NP_100_elect.txt
240506-21:46:24	[INFO]	PSCAN_ASIC_HW_ADDR_6: pscan_240506_2139_XA-000-08-002-000-001-095-01_HW_6_SET_57_27_118_53_VP_0_255_1_NP_100_elect.txt
240506-21:53:37	[INFO]	PSCAN_ASIC_HW_ADDR_7: pscan_240506_2146_XA-000-08-002-000-005-203-10_HW_7_SET_57_22_118_10_VP_0_255_1_NP_100_holes.txt
240506-22:00:52	[INFO]	PSCAN_ASIC_HW_ADDR_6: pscan_240506_2153_XA-000-08-002-000-001-083-01_HW_6_SET_55_23_118_42_VP_0_255_1_NP_100_holes.txt
240506-22:08:21	[INFO]	PSCAN_ASIC_HW_ADDR_5: pscan_240506_2200_XA-000-08-002-000-005-218-13_HW_5_SET_55_20_118_37_VP_0_255_1_NP_100_holes.txt
240506-22:15:35	[INFO]	PSCAN_ASIC_HW_ADDR_4: pscan_240506_2208_XA-000-08-002-000-006-012-11_HW_4_SET_55_19_118_33_VP_0_255_1_NP_100_holes.txt
240506-22:22:50	[INFO]	PSCAN_ASIC_HW_ADDR_3: pscan_240506_2215_XA-000-08-002-000-005-232-04_HW_3_SET_58_20_118_31_VP_0_255_1_NP_100_holes.txt
240506-22:30:04	[INFO]	PSCAN_ASIC_HW_ADDR_2: pscan_240506_2222_XA-000-08-002-000-006-011-11_HW_2_SET_58_20_118_40_VP_0_255_1_NP_100_holes.txt
240506-22:37:17	[INFO]	PSCAN_ASIC_HW_ADDR_1: pscan_240506_2230_XA-000-08-002-000-004-063-01_HW_1_SET_57_22_118_38_VP_0_255_1_NP_100_holes.txt
240506-22:44:50	[INFO]	PSCAN_ASIC_HW_ADDR_0: pscan_240506_2237_XA-000-08-002-000-006-007-11_HW_0_SET_56_21_118_28_VP_0_255_1_NP_100_holes.txt
240506-22:44:50	[INFO]	<<-- FINISHED MEASURING ENC AND CHECKING CALIBRATION
240507-09:15:15	MODULE_ID:	M4UL4B2010322A2_240507_0915
240507-09:15:15	[INFO]	TEST_CENTER: GSI
240507-09:15:15	[INFO]	OPERATOR_ID: Dairon Rodriguez Garces
240507-09:15:15	[INFO]	MODULE ID: 	M4UL4B2010322A2
240507-09:15:15	[INFO]	SENSOR_SIZE [mm]: 	62
240507-09:15:15	[INFO]	SENSOR_QGRADE: 	C
240507-09:15:36	[INFO]	-->> RUNNING SYNCHRONIZATION
240507-09:35:28	MODULE_ID:	M4UL4B2010322A2_240507_0935
240507-09:35:28	[INFO]	TEST_CENTER: GSI
240507-09:35:28	[INFO]	OPERATOR_ID: Dairon Rodriguez Garces
240507-09:35:28	[INFO]	MODULE ID: 	M4UL4B2010322A2
240507-09:35:28	[INFO]	SENSOR_SIZE [mm]: 	62
240507-09:35:28	[INFO]	SENSOR_QGRADE: 	C
240507-09:35:46	[INFO]	-->> RUNNING SYNCHRONIZATION
240507-09:36:16	[INFO]	<<-- FINISHED SYNCHRONIZATION
240507-09:36:16	[INFO]	-->> READING LV VALUES BEFORE CONFIGURATION
240507-09:36:16	[INFO]	<<-- FINISHED READING LV VALUES BEFORE CONFIGURATION
240507-09:36:16	[INFO]	-->> LOADING STANDARD CONFIGURATION
240507-09:36:23	[INFO]	<<-- FINISHED LOADING STANDARD CONFIGURATION
240507-09:36:23	[INFO]	-->> READING ASICs ID
240507-09:36:24	[INFO]	<<-- FINISHED READING ASICs ID
240507-09:36:24	[INFO]	-->> LOADING DEFAULT TRIM VALUES
240507-09:37:20	[INFO]	<<-- FINISHED LOADING DEFAULT TRIM VALUES
240507-09:37:20	[INFO]	-->> READING LV VALUES AFTER CONFIGURATION
240507-09:37:31	[INFO]	<<-- FINISHED READING LV VALUES AFTER CONFIGURATION
240507-09:37:31	[INFO]	-->> READING VDDM & TEMPERATURE
240507-09:37:37	[INFO]	<<-- FINISHED READING VDDM & TEMPERATURE
240507-09:37:37	[INFO]	--> SETTING THE CALIBRATION TRIM
240507-09:39:39	[INFO]	<<-- FINISHED SETTING THE CALIBRATION TRIM
240507-09:39:39	[INFO]	--> CHECKING CHANNELS' CONNECTIVITY
240507-09:39:39	[INFO]	CONN-CHECK_ASIC_HW_ADDR_1: elect
240507-09:40:01	[INFO]	CONN-CHECK_ASIC_HW_ADDR_0: elect
240507-09:40:23	[INFO]	CONN-CHECK_ASIC_HW_ADDR_3: elect
240507-09:40:44	[INFO]	CONN-CHECK_ASIC_HW_ADDR_2: elect
240507-09:41:05	[INFO]	CONN-CHECK_ASIC_HW_ADDR_5: elect
240507-09:41:27	[INFO]	CONN-CHECK_ASIC_HW_ADDR_4: elect
240507-09:41:49	[INFO]	CONN-CHECK_ASIC_HW_ADDR_7: elect
240507-09:42:11	[INFO]	CONN-CHECK_ASIC_HW_ADDR_6: elect
240507-09:42:32	[INFO]	CONN-CHECK_ASIC_HW_ADDR_7: holes
240507-09:42:54	[INFO]	CONN-CHECK_ASIC_HW_ADDR_6: holes
240507-09:43:16	[INFO]	CONN-CHECK_ASIC_HW_ADDR_5: holes
240507-09:43:37	[INFO]	CONN-CHECK_ASIC_HW_ADDR_4: holes
240507-09:43:59	[INFO]	CONN-CHECK_ASIC_HW_ADDR_3: holes
240507-09:44:19	[INFO]	CONN-CHECK_ASIC_HW_ADDR_2: holes
240507-09:44:40	[INFO]	CONN-CHECK_ASIC_HW_ADDR_1: holes
240507-09:45:02	[INFO]	CONN-CHECK_ASIC_HW_ADDR_0: holes
240507-09:45:24	[INFO]	<<-- FINISHED CHECKING CHANNELS' CONNECTIVITY
