240802-10:16:44	MODULE_ID:	M4DL2B2001162B2
240802-10:16:44	[INFO]	TEST_CENTER: GSI
240802-10:16:44	[INFO]	OPERATOR_ID: Dairon Rodriguez Garces
240802-10:16:44	[INFO]	MODULE ID: 	M4DL2B2001162B2
240802-10:16:44	[INFO]	SENSOR_SIZE [mm]: 	62
240802-10:16:44	[INFO]	SENSOR_QGRADE: 	A
240802-10:17:11	[INFO]	-->> RUNNING SYNCHRONIZATION
240802-10:17:40	[INFO]	<<-- FINISHED SYNCHRONIZATION
240802-10:17:40	[INFO]	-->> READING LV VALUES BEFORE CONFIGURATION
240802-10:17:41	[INFO]	<<-- FINISHED READING LV VALUES BEFORE CONFIGURATION
240802-10:17:41	[INFO]	-->> LOADING STANDARD CONFIGURATION
240802-10:17:48	[INFO]	<<-- FINISHED LOADING STANDARD CONFIGURATION
240802-10:17:48	[INFO]	-->> READING ASICs ID
240802-10:17:49	[INFO]	<<-- FINISHED READING ASICs ID
240802-10:17:49	[INFO]	-->> LOADING DEFAULT TRIM VALUES
240802-10:18:43	[INFO]	<<-- FINISHED LOADING DEFAULT TRIM VALUES
240802-10:18:43	[INFO]	-->> READING LV VALUES AFTER CONFIGURATION
240802-10:18:53	[INFO]	<<-- FINISHED READING LV VALUES AFTER CONFIGURATION
240802-10:18:53	[INFO]	-->> READING VDDM & TEMPERATURE
240802-10:18:57	[INFO]	<<-- FINISHED READING VDDM & TEMPERATURE
240802-10:18:57	[INFO]	-->> LOADING DEFAULT TRIM VALUES
240802-10:19:50	[INFO]	<<-- FINISHED LOADING DEFAULT TRIM VALUES
240802-10:19:50	[INFO]	-->> FINDING VREF_P, VREF_N & THR@_GLB FOR CALIBRATION
240802-10:26:43	[INFO]	<<-- FINISHED FINDING VREF_P, VREF_N & THR@_GLB FOR CALIBRATION
240802-10:26:43	[INFO]	--> SETTING THE CALIBRATION PARAMETERS
240802-10:26:43	[INFO]	<<-- FINISHED SETTING THE CALIBRATION PARAMETERS
240802-10:26:43	[INFO]	-->> CALIBRATING THE MODULE
240802-10:35:33	[INFO]	CAL_ASIC_HW_ADDR_7: ftrim_XA-000-08-002-000-004-123-04_HW_7_SET_56_24_118_36_R_30_247_elect.txt
240802-10:44:24	[INFO]	CAL_ASIC_HW_ADDR_6: ftrim_XA-000-08-002-000-004-050-01_HW_6_SET_57_26_118_33_R_30_247_elect.txt
240802-10:53:59	[INFO]	CAL_ASIC_HW_ADDR_5: ftrim_XA-000-08-002-000-004-141-02_HW_5_SET_57_24_118_37_R_30_247_elect.txt
240802-11:02:53	[INFO]	CAL_ASIC_HW_ADDR_4: ftrim_XA-000-08-002-000-004-127-04_HW_4_SET_55_28_118_29_R_30_247_elect.txt
240802-11:11:50	[INFO]	CAL_ASIC_HW_ADDR_3: ftrim_XA-000-08-002-000-004-134-02_HW_3_SET_57_27_118_37_R_30_247_elect.txt
240802-11:20:39	[INFO]	CAL_ASIC_HW_ADDR_2: ftrim_XA-000-08-002-000-002-086-15_HW_2_SET_55_24_118_30_R_30_247_elect.txt
240802-11:29:28	[INFO]	CAL_ASIC_HW_ADDR_1: ftrim_XA-000-08-002-000-004-149-05_HW_1_SET_57_24_118_35_R_30_247_elect.txt
240802-11:38:17	[INFO]	CAL_ASIC_HW_ADDR_0: ftrim_XA-000-08-002-000-004-049-01_HW_0_SET_56_23_118_47_R_30_247_elect.txt
240802-11:47:08	[INFO]	CAL_ASIC_HW_ADDR_1: ftrim_XA-000-08-002-000-004-043-06_HW_1_SET_57_22_118_10_R_30_247_holes.txt
240802-11:55:53	[INFO]	CAL_ASIC_HW_ADDR_0: ftrim_XA-000-08-002-000-004-128-02_HW_0_SET_56_21_118_36_R_30_247_holes.txt
240802-12:04:38	[INFO]	CAL_ASIC_HW_ADDR_3: ftrim_XA-000-08-002-000-004-045-06_HW_3_SET_57_22_118_35_R_30_247_holes.txt
240802-12:13:29	[INFO]	CAL_ASIC_HW_ADDR_2: ftrim_XA-000-08-002-000-004-133-02_HW_2_SET_56_21_118_32_R_30_247_holes.txt
240802-12:22:14	[INFO]	CAL_ASIC_HW_ADDR_5: ftrim_XA-000-08-002-000-004-048-01_HW_5_SET_56_21_118_40_R_30_247_holes.txt
240802-12:31:03	[INFO]	CAL_ASIC_HW_ADDR_4: ftrim_XA-000-08-002-000-004-131-02_HW_4_SET_56_20_118_36_R_30_247_holes.txt
240802-12:39:53	[INFO]	CAL_ASIC_HW_ADDR_7: ftrim_XA-000-08-002-000-004-042-06_HW_7_SET_56_21_118_37_R_30_247_holes.txt
240802-12:48:50	[INFO]	CAL_ASIC_HW_ADDR_6: ftrim_XA-000-08-002-000-004-129-02_HW_6_SET_57_22_118_29_R_30_247_holes.txt
240802-12:48:50	[INFO]	<<-- FINISHED CALIBRATING THE MODULE
240802-12:48:50	[INFO]	--> SETTING THE CALIBRATION TRIM
240802-12:50:37	[INFO]	<<-- FINISHED SETTING THE CALIBRATION TRIM
240802-12:50:37	[INFO]	--> MEASURING ENC AND CHECKING CALIBRATION
240802-12:57:35	[INFO]	PSCAN_ASIC_HW_ADDR_7: pscan_240802_1250_XA-000-08-002-000-004-123-04_HW_7_SET_56_24_118_36_VP_0_255_1_NP_100_elect.txt
240802-13:04:39	[INFO]	PSCAN_ASIC_HW_ADDR_6: pscan_240802_1257_XA-000-08-002-000-004-050-01_HW_6_SET_57_26_118_33_VP_0_255_1_NP_100_elect.txt
240802-13:11:43	[INFO]	PSCAN_ASIC_HW_ADDR_5: pscan_240802_1304_XA-000-08-002-000-004-141-02_HW_5_SET_57_24_118_37_VP_0_255_1_NP_100_elect.txt
240802-13:18:44	[INFO]	PSCAN_ASIC_HW_ADDR_4: pscan_240802_1311_XA-000-08-002-000-004-127-04_HW_4_SET_55_28_118_29_VP_0_255_1_NP_100_elect.txt
240802-13:25:39	[INFO]	PSCAN_ASIC_HW_ADDR_3: pscan_240802_1318_XA-000-08-002-000-004-134-02_HW_3_SET_57_27_118_37_VP_0_255_1_NP_100_elect.txt
240802-13:32:35	[INFO]	PSCAN_ASIC_HW_ADDR_2: pscan_240802_1325_XA-000-08-002-000-002-086-15_HW_2_SET_55_24_118_30_VP_0_255_1_NP_100_elect.txt
240802-13:39:31	[INFO]	PSCAN_ASIC_HW_ADDR_1: pscan_240802_1332_XA-000-08-002-000-004-149-05_HW_1_SET_57_24_118_35_VP_0_255_1_NP_100_elect.txt
240802-13:46:26	[INFO]	PSCAN_ASIC_HW_ADDR_0: pscan_240802_1339_XA-000-08-002-000-004-049-01_HW_0_SET_56_23_118_47_VP_0_255_1_NP_100_elect.txt
240802-13:53:22	[INFO]	PSCAN_ASIC_HW_ADDR_1: pscan_240802_1346_XA-000-08-002-000-004-043-06_HW_1_SET_57_22_118_10_VP_0_255_1_NP_100_holes.txt
240802-14:00:17	[INFO]	PSCAN_ASIC_HW_ADDR_0: pscan_240802_1353_XA-000-08-002-000-004-128-02_HW_0_SET_56_21_118_36_VP_0_255_1_NP_100_holes.txt
240802-14:07:12	[INFO]	PSCAN_ASIC_HW_ADDR_3: pscan_240802_1400_XA-000-08-002-000-004-045-06_HW_3_SET_57_22_118_35_VP_0_255_1_NP_100_holes.txt
240802-14:14:11	[INFO]	PSCAN_ASIC_HW_ADDR_2: pscan_240802_1407_XA-000-08-002-000-004-133-02_HW_2_SET_56_21_118_32_VP_0_255_1_NP_100_holes.txt
240802-14:21:06	[INFO]	PSCAN_ASIC_HW_ADDR_5: pscan_240802_1414_XA-000-08-002-000-004-048-01_HW_5_SET_56_21_118_40_VP_0_255_1_NP_100_holes.txt
240802-14:28:06	[INFO]	PSCAN_ASIC_HW_ADDR_4: pscan_240802_1421_XA-000-08-002-000-004-131-02_HW_4_SET_56_20_118_36_VP_0_255_1_NP_100_holes.txt
240802-14:35:03	[INFO]	PSCAN_ASIC_HW_ADDR_7: pscan_240802_1428_XA-000-08-002-000-004-042-06_HW_7_SET_56_21_118_37_VP_0_255_1_NP_100_holes.txt
240802-14:42:08	[INFO]	PSCAN_ASIC_HW_ADDR_6: pscan_240802_1435_XA-000-08-002-000-004-129-02_HW_6_SET_57_22_118_29_VP_0_255_1_NP_100_holes.txt
240802-14:42:08	[INFO]	<<-- FINISHED MEASURING ENC AND CHECKING CALIBRATION
