240426-17:54:15	MODULE_ID:	M5DL3B2001172B2
240426-17:54:15	[INFO]	TEST_CENTER: GSI
240426-17:54:15	[INFO]	OPERATOR_ID: Dairon Rodriguez Garces
240426-17:54:15	[INFO]	MODULE ID: 	M5DL3B2001172B2
240426-17:54:15	[INFO]	SENSOR_SIZE [mm]: 	124
240426-17:54:15	[INFO]	SENSOR_QGRADE: 	B
240426-17:54:28	[INFO]	-->> RUNNING SYNCHRONIZATION
240426-17:54:57	[INFO]	<<-- FINISHED SYNCHRONIZATION
240426-17:54:57	[INFO]	-->> READING LV VALUES BEFORE CONFIGURATION
240426-17:54:58	[INFO]	<<-- FINISHED READING LV VALUES BEFORE CONFIGURATION
240426-17:54:58	[INFO]	-->> LOADING STANDARD CONFIGURATION
240426-17:55:05	[INFO]	<<-- FINISHED LOADING STANDARD CONFIGURATION
240426-17:55:05	[INFO]	-->> READING ASICs ID
240426-17:55:06	[INFO]	<<-- FINISHED READING ASICs ID
240426-17:55:06	[INFO]	-->> LOADING DEFAULT TRIM VALUES
240426-17:56:01	[INFO]	<<-- FINISHED LOADING DEFAULT TRIM VALUES
240426-17:56:01	[INFO]	-->> READING LV VALUES AFTER CONFIGURATION
240426-17:56:11	[INFO]	<<-- FINISHED READING LV VALUES AFTER CONFIGURATION
240426-17:56:11	[INFO]	-->> READING VDDM & TEMPERATURE
240426-17:56:17	[INFO]	<<-- FINISHED READING VDDM & TEMPERATURE
240426-17:56:17	[INFO]	-->> LOADING DEFAULT TRIM VALUES
240426-17:57:11	[INFO]	<<-- FINISHED LOADING DEFAULT TRIM VALUES
240426-17:57:11	[INFO]	-->> FINDING VREF_P, VREF_N & THR@_GLB FOR CALIBRATION
240426-18:03:53	[INFO]	<<-- FINISHED FINDING VREF_P, VREF_N & THR@_GLB FOR CALIBRATION
240426-18:03:53	[INFO]	--> SETTING THE CALIBRATION PARAMETERS
240426-18:03:53	[INFO]	<<-- FINISHED SETTING THE CALIBRATION PARAMETERS
240426-18:03:53	[INFO]	-->> CALIBRATING THE MODULE
240426-18:12:41	[INFO]	CAL_ASIC_HW_ADDR_7: ftrim_XA-000-08-002-000-004-013-08_HW_7_SET_56_25_118_34_R_30_247_elect.txt
240426-18:21:25	[INFO]	CAL_ASIC_HW_ADDR_6: ftrim_XA-000-08-002-000-004-017-15_HW_6_SET_58_23_118_39_R_30_247_elect.txt
240426-18:30:13	[INFO]	CAL_ASIC_HW_ADDR_5: ftrim_XA-000-08-002-000-004-009-08_HW_5_SET_57_26_118_35_R_30_247_elect.txt
240426-18:38:58	[INFO]	CAL_ASIC_HW_ADDR_4: ftrim_XA-000-08-002-000-004-022-15_HW_4_SET_54_23_118_40_R_30_247_elect.txt
240426-18:47:47	[INFO]	CAL_ASIC_HW_ADDR_3: ftrim_XA-000-08-002-000-004-070-13_HW_3_SET_56_25_118_38_R_30_247_elect.txt
240426-18:56:37	[INFO]	CAL_ASIC_HW_ADDR_2: ftrim_XA-000-08-002-000-004-018-15_HW_2_SET_57_26_118_36_R_30_247_elect.txt
240426-19:05:24	[INFO]	CAL_ASIC_HW_ADDR_1: ftrim_XA-000-08-002-000-004-066-13_HW_1_SET_57_26_118_32_R_30_247_elect.txt
240426-19:14:09	[INFO]	CAL_ASIC_HW_ADDR_0: ftrim_XA-000-08-002-000-004-016-15_HW_0_SET_57_24_118_50_R_30_247_elect.txt
240426-19:22:54	[INFO]	CAL_ASIC_HW_ADDR_1: ftrim_XA-000-08-002-000-004-024-15_HW_1_SET_56_24_118_69_R_30_247_holes.txt
240426-19:31:46	[INFO]	CAL_ASIC_HW_ADDR_0: ftrim_XA-000-08-002-000-002-037-03_HW_0_SET_57_23_118_44_R_30_247_holes.txt
240426-19:40:33	[INFO]	CAL_ASIC_HW_ADDR_3: ftrim_XA-000-08-002-000-004-020-15_HW_3_SET_58_20_118_33_R_30_247_holes.txt
240426-19:49:18	[INFO]	CAL_ASIC_HW_ADDR_2: ftrim_XA-000-08-002-000-004-021-15_HW_2_SET_55_21_118_25_R_30_247_holes.txt
240426-19:58:03	[INFO]	CAL_ASIC_HW_ADDR_5: ftrim_XA-000-08-002-000-004-035-06_HW_5_SET_57_20_118_35_R_30_247_holes.txt
240426-20:06:55	[INFO]	CAL_ASIC_HW_ADDR_4: ftrim_XA-000-08-002-000-004-029-15_HW_4_SET_56_20_118_33_R_30_247_holes.txt
240426-20:15:42	[INFO]	CAL_ASIC_HW_ADDR_7: ftrim_XA-000-08-002-000-004-034-06_HW_7_SET_56_21_118_31_R_30_247_holes.txt
240426-20:24:39	[INFO]	CAL_ASIC_HW_ADDR_6: ftrim_XA-000-08-002-000-004-033-06_HW_6_SET_54_20_118_32_R_30_247_holes.txt
240426-20:24:39	[INFO]	<<-- FINISHED CALIBRATING THE MODULE
240426-20:24:39	[INFO]	--> SETTING THE CALIBRATION TRIM
240426-20:26:30	[INFO]	<<-- FINISHED SETTING THE CALIBRATION TRIM
240426-20:26:30	[INFO]	--> MEASURING ENC AND CHECKING CALIBRATION
240426-20:33:29	[INFO]	PSCAN_ASIC_HW_ADDR_7: pscan_240426_2026_XA-000-08-002-000-004-013-08_HW_7_SET_56_25_118_34_VP_0_255_1_NP_100_elect.txt
240426-20:40:28	[INFO]	PSCAN_ASIC_HW_ADDR_6: pscan_240426_2033_XA-000-08-002-000-004-017-15_HW_6_SET_58_23_118_39_VP_0_255_1_NP_100_elect.txt
240426-20:47:29	[INFO]	PSCAN_ASIC_HW_ADDR_5: pscan_240426_2040_XA-000-08-002-000-004-009-08_HW_5_SET_57_26_118_35_VP_0_255_1_NP_100_elect.txt
240426-20:54:31	[INFO]	PSCAN_ASIC_HW_ADDR_4: pscan_240426_2047_XA-000-08-002-000-004-022-15_HW_4_SET_54_23_118_40_VP_0_255_1_NP_100_elect.txt
240426-21:01:32	[INFO]	PSCAN_ASIC_HW_ADDR_3: pscan_240426_2054_XA-000-08-002-000-004-070-13_HW_3_SET_56_25_118_38_VP_0_255_1_NP_100_elect.txt
240426-21:08:34	[INFO]	PSCAN_ASIC_HW_ADDR_2: pscan_240426_2101_XA-000-08-002-000-004-018-15_HW_2_SET_57_26_118_36_VP_0_255_1_NP_100_elect.txt
240426-21:15:35	[INFO]	PSCAN_ASIC_HW_ADDR_1: pscan_240426_2108_XA-000-08-002-000-004-066-13_HW_1_SET_57_26_118_32_VP_0_255_1_NP_100_elect.txt
240426-21:22:36	[INFO]	PSCAN_ASIC_HW_ADDR_0: pscan_240426_2115_XA-000-08-002-000-004-016-15_HW_0_SET_57_24_118_50_VP_0_255_1_NP_100_elect.txt
240426-21:29:34	[INFO]	PSCAN_ASIC_HW_ADDR_1: pscan_240426_2122_XA-000-08-002-000-004-024-15_HW_1_SET_56_24_118_69_VP_0_255_1_NP_100_holes.txt
240426-21:36:36	[INFO]	PSCAN_ASIC_HW_ADDR_0: pscan_240426_2129_XA-000-08-002-000-002-037-03_HW_0_SET_57_23_118_44_VP_0_255_1_NP_100_holes.txt
240426-21:43:37	[INFO]	PSCAN_ASIC_HW_ADDR_3: pscan_240426_2136_XA-000-08-002-000-004-020-15_HW_3_SET_58_20_118_33_VP_0_255_1_NP_100_holes.txt
240426-21:50:38	[INFO]	PSCAN_ASIC_HW_ADDR_2: pscan_240426_2143_XA-000-08-002-000-004-021-15_HW_2_SET_55_21_118_25_VP_0_255_1_NP_100_holes.txt
240426-21:57:41	[INFO]	PSCAN_ASIC_HW_ADDR_5: pscan_240426_2150_XA-000-08-002-000-004-035-06_HW_5_SET_57_20_118_35_VP_0_255_1_NP_100_holes.txt
240426-22:04:45	[INFO]	PSCAN_ASIC_HW_ADDR_4: pscan_240426_2157_XA-000-08-002-000-004-029-15_HW_4_SET_56_20_118_33_VP_0_255_1_NP_100_holes.txt
240426-22:12:00	[INFO]	PSCAN_ASIC_HW_ADDR_7: pscan_240426_2204_XA-000-08-002-000-004-034-06_HW_7_SET_56_21_118_31_VP_0_255_1_NP_100_holes.txt
240426-22:19:35	[INFO]	PSCAN_ASIC_HW_ADDR_6: pscan_240426_2212_XA-000-08-002-000-004-033-06_HW_6_SET_54_20_118_32_VP_0_255_1_NP_100_holes.txt
240426-22:19:35	[INFO]	<<-- FINISHED MEASURING ENC AND CHECKING CALIBRATION
240429-09:31:51	MODULE_ID:	M5DL3B2001172B2_240429_0931
240429-09:31:51	[INFO]	TEST_CENTER: GSI
240429-09:31:51	[INFO]	OPERATOR_ID: Dairon Rodriguez Garces
240429-09:31:51	[INFO]	MODULE ID: 	M5DL3B2001172B2
240429-09:31:51	[INFO]	SENSOR_SIZE [mm]: 	124
240429-09:31:51	[INFO]	SENSOR_QGRADE: 	B
240429-09:32:02	[INFO]	-->> RUNNING SYNCHRONIZATION
240429-09:32:33	[INFO]	<<-- FINISHED SYNCHRONIZATION
240429-09:32:33	[INFO]	-->> READING LV VALUES BEFORE CONFIGURATION
240429-09:32:33	[INFO]	<<-- FINISHED READING LV VALUES BEFORE CONFIGURATION
240429-09:32:33	[INFO]	-->> LOADING STANDARD CONFIGURATION
240429-09:32:42	[INFO]	<<-- FINISHED LOADING STANDARD CONFIGURATION
240429-09:32:42	[INFO]	-->> READING ASICs ID
240429-09:32:43	[INFO]	<<-- FINISHED READING ASICs ID
240429-09:32:43	[INFO]	-->> LOADING DEFAULT TRIM VALUES
240429-09:33:38	[INFO]	<<-- FINISHED LOADING DEFAULT TRIM VALUES
240429-09:33:38	[INFO]	-->> READING LV VALUES AFTER CONFIGURATION
240429-09:33:48	[INFO]	<<-- FINISHED READING LV VALUES AFTER CONFIGURATION
240429-09:33:48	[INFO]	-->> READING VDDM & TEMPERATURE
240429-09:33:55	[INFO]	<<-- FINISHED READING VDDM & TEMPERATURE
240429-09:33:55	[INFO]	--> SETTING THE CALIBRATION TRIM
240429-09:35:47	[INFO]	<<-- FINISHED SETTING THE CALIBRATION TRIM
240429-09:35:47	[INFO]	--> CHECKING CHANNELS' CONNECTIVITY
240429-09:35:47	[INFO]	CONN-CHECK_ASIC_HW_ADDR_7: elect
240429-09:36:05	[INFO]	CONN-CHECK_ASIC_HW_ADDR_6: elect
240429-09:36:23	[INFO]	CONN-CHECK_ASIC_HW_ADDR_5: elect
240429-09:36:41	[INFO]	CONN-CHECK_ASIC_HW_ADDR_4: elect
240429-09:36:58	[INFO]	CONN-CHECK_ASIC_HW_ADDR_3: elect
240429-09:37:16	[INFO]	CONN-CHECK_ASIC_HW_ADDR_2: elect
240429-09:37:35	[INFO]	CONN-CHECK_ASIC_HW_ADDR_1: elect
240429-09:37:53	[INFO]	CONN-CHECK_ASIC_HW_ADDR_0: elect
240429-09:38:11	[INFO]	CONN-CHECK_ASIC_HW_ADDR_1: holes
240429-09:38:29	[INFO]	CONN-CHECK_ASIC_HW_ADDR_0: holes
240429-09:38:48	[INFO]	CONN-CHECK_ASIC_HW_ADDR_3: holes
240429-09:39:06	[INFO]	CONN-CHECK_ASIC_HW_ADDR_2: holes
240429-09:39:24	[INFO]	CONN-CHECK_ASIC_HW_ADDR_5: holes
240429-09:39:42	[INFO]	CONN-CHECK_ASIC_HW_ADDR_4: holes
240429-09:40:01	[INFO]	CONN-CHECK_ASIC_HW_ADDR_7: holes
240429-09:40:19	[INFO]	CONN-CHECK_ASIC_HW_ADDR_6: holes
240429-09:40:38	[INFO]	<<-- FINISHED CHECKING CHANNELS' CONNECTIVITY
