240513-11:53:52	MODULE_ID:	M5DL1T4001164A2
240513-11:53:52	[INFO]	TEST_CENTER: GSI
240513-11:53:52	[INFO]	OPERATOR_ID: Dairon Rodriguez Garces
240513-11:53:52	[INFO]	MODULE ID: 	M5DL1T4001164A2
240513-11:53:52	[INFO]	SENSOR_SIZE [mm]: 	124
240513-11:53:52	[INFO]	SENSOR_QGRADE: 	C
240513-11:54:26	[INFO]	-->> RUNNING SYNCHRONIZATION
240513-11:55:00	[INFO]	<<-- FINISHED SYNCHRONIZATION
240513-11:55:00	[INFO]	-->> READING LV VALUES BEFORE CONFIGURATION
240513-11:55:00	[INFO]	<<-- FINISHED READING LV VALUES BEFORE CONFIGURATION
240513-11:55:00	[INFO]	-->> LOADING STANDARD CONFIGURATION
240513-11:55:09	[INFO]	<<-- FINISHED LOADING STANDARD CONFIGURATION
240513-11:55:09	[INFO]	-->> READING ASICs ID
240513-11:55:10	[INFO]	<<-- FINISHED READING ASICs ID
240513-11:55:10	[INFO]	-->> READING LV VALUES AFTER CONFIGURATION
240513-11:55:21	[INFO]	<<-- FINISHED READING LV VALUES AFTER CONFIGURATION
240513-11:55:21	[INFO]	-->> READING VDDM & TEMPERATURE
240513-11:55:27	[INFO]	<<-- FINISHED READING VDDM & TEMPERATURE
240513-11:55:27	[INFO]	-->> LOADING DEFAULT TRIM VALUES
240513-11:56:27	[INFO]	<<-- FINISHED LOADING DEFAULT TRIM VALUES
240513-11:56:27	[INFO]	-->> FINDING VREF_P, VREF_N & THR@_GLB FOR CALIBRATION
240513-12:03:22	[INFO]	<<-- FINISHED FINDING VREF_P, VREF_N & THR@_GLB FOR CALIBRATION
240513-12:03:22	[INFO]	--> SETTING THE CALIBRATION PARAMETERS
240513-12:03:22	[INFO]	<<-- FINISHED SETTING THE CALIBRATION PARAMETERS
240513-12:03:22	[INFO]	-->> CALIBRATING THE MODULE
240513-12:12:15	[INFO]	CAL_ASIC_HW_ADDR_1: ftrim_XA-000-08-002-000-000-013-14_HW_1_SET_57_28_118_38_R_30_247_elect.txt
240513-12:21:09	[INFO]	CAL_ASIC_HW_ADDR_0: ftrim_XA-000-08-002-000-000-006-14_HW_0_SET_57_27_118_48_R_30_247_elect.txt
240513-12:29:57	[INFO]	CAL_ASIC_HW_ADDR_3: ftrim_XA-000-08-002-000-000-011-14_HW_3_SET_57_29_118_36_R_30_247_elect.txt
240513-12:38:44	[INFO]	CAL_ASIC_HW_ADDR_2: ftrim_XA-000-08-002-000-005-132-15_HW_2_SET_56_24_118_38_R_30_247_elect.txt
240513-12:47:32	[INFO]	CAL_ASIC_HW_ADDR_5: ftrim_XA-000-08-002-000-000-009-14_HW_5_SET_57_27_118_37_R_30_247_elect.txt
240513-12:56:18	[INFO]	CAL_ASIC_HW_ADDR_4: ftrim_XA-000-08-002-000-005-131-15_HW_4_SET_56_23_118_36_R_30_247_elect.txt
240513-13:05:03	[INFO]	CAL_ASIC_HW_ADDR_7: ftrim_XA-000-08-002-000-000-004-14_HW_7_SET_57_27_118_38_R_30_247_elect.txt
240513-13:13:52	[INFO]	CAL_ASIC_HW_ADDR_6: ftrim_XA-000-08-002-000-005-133-15_HW_6_SET_58_24_118_48_R_30_247_elect.txt
240513-13:22:42	[INFO]	CAL_ASIC_HW_ADDR_7: ftrim_XA-000-08-002-000-000-029-09_HW_7_SET_56_23_118_10_R_30_247_holes.txt
240513-13:31:32	[INFO]	CAL_ASIC_HW_ADDR_6: ftrim_XA-000-08-002-000-005-134-15_HW_6_SET_56_22_118_10_R_30_247_holes.txt
240513-13:40:20	[INFO]	CAL_ASIC_HW_ADDR_5: ftrim_XA-000-08-002-000-000-030-09_HW_5_SET_57_25_118_39_R_30_247_holes.txt
240513-13:49:10	[INFO]	CAL_ASIC_HW_ADDR_4: ftrim_XA-000-08-002-000-005-135-15_HW_4_SET_57_23_118_32_R_30_247_holes.txt
240513-13:58:00	[INFO]	CAL_ASIC_HW_ADDR_3: ftrim_XA-000-08-002-000-006-205-04_HW_3_SET_58_21_118_43_R_30_247_holes.txt
240513-14:06:50	[INFO]	CAL_ASIC_HW_ADDR_2: ftrim_XA-000-08-002-000-005-136-15_HW_2_SET_56_24_118_32_R_30_247_holes.txt
240513-14:15:39	[INFO]	CAL_ASIC_HW_ADDR_1: ftrim_XA-000-08-002-000-000-018-09_HW_1_SET_57_23_118_38_R_30_247_holes.txt
240513-14:24:28	[INFO]	CAL_ASIC_HW_ADDR_0: ftrim_XA-000-08-002-000-005-124-09_HW_0_SET_55_22_118_37_R_30_247_holes.txt
240513-14:24:28	[INFO]	<<-- FINISHED CALIBRATING THE MODULE
240513-14:24:28	[INFO]	--> SETTING THE CALIBRATION TRIM
240513-14:26:17	[INFO]	<<-- FINISHED SETTING THE CALIBRATION TRIM
240513-14:26:17	[INFO]	--> MEASURING ENC AND CHECKING CALIBRATION
240513-14:33:17	[INFO]	PSCAN_ASIC_HW_ADDR_1: pscan_240513_1426_XA-000-08-002-000-000-013-14_HW_1_SET_57_28_118_38_VP_0_255_1_NP_100_elect.txt
240513-14:40:13	[INFO]	PSCAN_ASIC_HW_ADDR_0: pscan_240513_1433_XA-000-08-002-000-000-006-14_HW_0_SET_57_27_118_48_VP_0_255_1_NP_100_elect.txt
240513-14:47:09	[INFO]	PSCAN_ASIC_HW_ADDR_3: pscan_240513_1440_XA-000-08-002-000-000-011-14_HW_3_SET_57_29_118_36_VP_0_255_1_NP_100_elect.txt
240513-14:54:05	[INFO]	PSCAN_ASIC_HW_ADDR_2: pscan_240513_1447_XA-000-08-002-000-005-132-15_HW_2_SET_56_24_118_38_VP_0_255_1_NP_100_elect.txt
240513-15:01:01	[INFO]	PSCAN_ASIC_HW_ADDR_5: pscan_240513_1454_XA-000-08-002-000-000-009-14_HW_5_SET_57_27_118_37_VP_0_255_1_NP_100_elect.txt
240513-15:07:55	[INFO]	PSCAN_ASIC_HW_ADDR_4: pscan_240513_1501_XA-000-08-002-000-005-131-15_HW_4_SET_56_23_118_36_VP_0_255_1_NP_100_elect.txt
240513-15:14:50	[INFO]	PSCAN_ASIC_HW_ADDR_7: pscan_240513_1507_XA-000-08-002-000-000-004-14_HW_7_SET_57_27_118_38_VP_0_255_1_NP_100_elect.txt
240513-15:21:44	[INFO]	PSCAN_ASIC_HW_ADDR_6: pscan_240513_1514_XA-000-08-002-000-005-133-15_HW_6_SET_58_24_118_48_VP_0_255_1_NP_100_elect.txt
240513-15:28:38	[INFO]	PSCAN_ASIC_HW_ADDR_7: pscan_240513_1521_XA-000-08-002-000-000-029-09_HW_7_SET_56_23_118_10_VP_0_255_1_NP_100_holes.txt
240513-15:35:32	[INFO]	PSCAN_ASIC_HW_ADDR_6: pscan_240513_1528_XA-000-08-002-000-005-134-15_HW_6_SET_56_22_118_10_VP_0_255_1_NP_100_holes.txt
240513-15:42:27	[INFO]	PSCAN_ASIC_HW_ADDR_5: pscan_240513_1535_XA-000-08-002-000-000-030-09_HW_5_SET_57_25_118_39_VP_0_255_1_NP_100_holes.txt
240513-15:49:21	[INFO]	PSCAN_ASIC_HW_ADDR_4: pscan_240513_1542_XA-000-08-002-000-005-135-15_HW_4_SET_57_23_118_32_VP_0_255_1_NP_100_holes.txt
240513-15:56:15	[INFO]	PSCAN_ASIC_HW_ADDR_3: pscan_240513_1549_XA-000-08-002-000-006-205-04_HW_3_SET_58_21_118_43_VP_0_255_1_NP_100_holes.txt
240513-16:03:08	[INFO]	PSCAN_ASIC_HW_ADDR_2: pscan_240513_1556_XA-000-08-002-000-005-136-15_HW_2_SET_56_24_118_32_VP_0_255_1_NP_100_holes.txt
240513-16:10:07	[INFO]	PSCAN_ASIC_HW_ADDR_1: pscan_240513_1603_XA-000-08-002-000-000-018-09_HW_1_SET_57_23_118_38_VP_0_255_1_NP_100_holes.txt
240513-16:17:08	[INFO]	PSCAN_ASIC_HW_ADDR_0: pscan_240513_1610_XA-000-08-002-000-005-124-09_HW_0_SET_55_22_118_37_VP_0_255_1_NP_100_holes.txt
240513-16:17:08	[INFO]	<<-- FINISHED MEASURING ENC AND CHECKING CALIBRATION
240514-09:48:12	MODULE_ID:	M5DL1T4001164A2_240514_0948
240514-09:48:12	[INFO]	TEST_CENTER: GSI
240514-09:48:12	[INFO]	OPERATOR_ID: Dairon Rodriguez Garces
240514-09:48:12	[INFO]	MODULE ID: 	M5DL1T4001164A2
240514-09:48:12	[INFO]	SENSOR_SIZE [mm]: 	124
240514-09:48:12	[INFO]	SENSOR_QGRADE: 	C
240514-09:48:47	[INFO]	-->> RUNNING SYNCHRONIZATION
240514-09:49:20	[INFO]	<<-- FINISHED SYNCHRONIZATION
240514-09:49:20	[INFO]	-->> READING LV VALUES BEFORE CONFIGURATION
240514-09:49:21	[INFO]	<<-- FINISHED READING LV VALUES BEFORE CONFIGURATION
240514-09:49:21	[INFO]	-->> LOADING STANDARD CONFIGURATION
240514-09:49:29	[INFO]	<<-- FINISHED LOADING STANDARD CONFIGURATION
240514-09:49:29	[INFO]	-->> READING ASICs ID
240514-09:49:30	[INFO]	<<-- FINISHED READING ASICs ID
240514-09:49:30	[INFO]	-->> READING LV VALUES AFTER CONFIGURATION
240514-09:49:41	[INFO]	<<-- FINISHED READING LV VALUES AFTER CONFIGURATION
240514-09:49:41	[INFO]	-->> READING VDDM & TEMPERATURE
240514-09:49:47	[INFO]	<<-- FINISHED READING VDDM & TEMPERATURE
240514-09:49:47	[INFO]	--> SETTING THE CALIBRATION TRIM
240514-09:51:40	[INFO]	<<-- FINISHED SETTING THE CALIBRATION TRIM
240514-09:51:40	[INFO]	--> CHECKING CHANNELS' CONNECTIVITY
240514-09:51:40	[INFO]	CONN-CHECK_ASIC_HW_ADDR_1: elect
240514-09:51:58	[INFO]	CONN-CHECK_ASIC_HW_ADDR_0: elect
240514-09:52:17	[INFO]	CONN-CHECK_ASIC_HW_ADDR_3: elect
240514-09:52:34	[INFO]	CONN-CHECK_ASIC_HW_ADDR_2: elect
240514-09:52:52	[INFO]	CONN-CHECK_ASIC_HW_ADDR_5: elect
240514-09:53:10	[INFO]	CONN-CHECK_ASIC_HW_ADDR_4: elect
240514-09:53:28	[INFO]	CONN-CHECK_ASIC_HW_ADDR_7: elect
240514-09:53:46	[INFO]	CONN-CHECK_ASIC_HW_ADDR_6: elect
240514-09:54:04	[INFO]	CONN-CHECK_ASIC_HW_ADDR_7: holes
240514-09:54:22	[INFO]	CONN-CHECK_ASIC_HW_ADDR_6: holes
240514-09:54:40	[INFO]	CONN-CHECK_ASIC_HW_ADDR_5: holes
240514-09:54:59	[INFO]	CONN-CHECK_ASIC_HW_ADDR_4: holes
240514-09:55:17	[INFO]	CONN-CHECK_ASIC_HW_ADDR_3: holes
240514-09:55:35	[INFO]	CONN-CHECK_ASIC_HW_ADDR_2: holes
240514-09:55:53	[INFO]	CONN-CHECK_ASIC_HW_ADDR_1: holes
240514-09:56:11	[INFO]	CONN-CHECK_ASIC_HW_ADDR_0: holes
240514-09:56:29	[INFO]	<<-- FINISHED CHECKING CHANNELS' CONNECTIVITY
