231209-12:35:47	MODULE_ID:	M3DL3T1001121A2
231209-12:35:47	[INFO]	MODULE ID: 	M3DL3T1001121A2
231209-12:36:04	[INFO]	-->> RUNNING SYNCHRONIZATION
231209-12:36:32	[INFO]	<<-- FINISHED SYNCHRONIZATION
231209-12:36:32	[INFO]	-->> READING LV VALUES BEFORE CONFIGURATION
231209-12:36:33	[INFO]	<<-- FINISHED READING LV VALUES BEFORE CONFIGURATION
231209-12:36:33	[INFO]	-->> LOADING STANDARD CONFIGURATION
231209-12:36:39	[INFO]	<<-- FINISHED LOADING STANDARD CONFIGURATION
231209-12:36:39	[INFO]	-->> READING ASICs ID
231209-12:36:40	[INFO]	<<-- FINISHED READING ASICs ID
231209-12:36:40	[INFO]	-->> READING LV VALUES AFTER CONFIGURATION
231209-12:36:51	[INFO]	<<-- FINISHED READING LV VALUES AFTER CONFIGURATION
231209-12:36:51	[INFO]	-->> READING VDDM & TEMPERATURE
231209-12:36:58	[INFO]	<<-- FINISHED READING VDDM & TEMPERATURE
231209-12:36:58	[INFO]	-->> LOADING DEFAULT TRIM VALUES
231209-12:37:46	[INFO]	<<-- FINISHED LOADING DEFAULT TRIM VALUES
231209-12:37:46	[INFO]	-->> FINDING VREF_P, VREF_N & THR@_GLB FOR CALIBRATION
231209-12:41:54	[INFO]	<<-- FINISHED FINDING VREF_P, VREF_N & THR@_GLB FOR CALIBRATION
231209-12:41:54	[INFO]	--> SETTING THE CALIBRATION PARAMETERS
231209-12:41:54	[INFO]	<<-- FINISHED SETTING THE CALIBRATION PARAMETERS
231209-12:41:54	[INFO]	-->> CALIBRATING THE MODULE
231209-12:49:53	[INFO]	--> CALIBRATED ASIC with HW ADDRESS 0 in elect
231209-12:57:36	[INFO]	--> CALIBRATED ASIC with HW ADDRESS 1 in elect
231209-13:05:28	[INFO]	--> CALIBRATED ASIC with HW ADDRESS 2 in elect
231209-13:13:24	[INFO]	--> CALIBRATED ASIC with HW ADDRESS 3 in elect
231209-13:21:15	[INFO]	--> CALIBRATED ASIC with HW ADDRESS 4 in elect
231209-13:27:26	[INFO]	--> CALIBRATED ASIC with HW ADDRESS 5 in elect
231209-13:33:33	[INFO]	--> CALIBRATED ASIC with HW ADDRESS 6 in elect
231209-13:39:34	[INFO]	--> CALIBRATED ASIC with HW ADDRESS 7 in elect
231209-13:45:54	[INFO]	--> CALIBRATED ASIC with HW ADDRESS 0 in holes
231209-13:52:39	[INFO]	--> CALIBRATED ASIC with HW ADDRESS 1 in holes
231209-14:01:05	[INFO]	--> CALIBRATED ASIC with HW ADDRESS 2 in holes
231209-14:09:22	[INFO]	--> CALIBRATED ASIC with HW ADDRESS 3 in holes
231209-14:15:44	[INFO]	--> CALIBRATED ASIC with HW ADDRESS 4 in holes
231209-14:24:28	[INFO]	--> CALIBRATED ASIC with HW ADDRESS 5 in holes
231209-14:32:03	[INFO]	--> CALIBRATED ASIC with HW ADDRESS 6 in holes
231209-14:38:59	[INFO]	--> CALIBRATED ASIC with HW ADDRESS 7 in holes
231209-14:38:59	[INFO]	<<-- FINISHED CALIBRATING THE MODULE
231209-14:38:59	[INFO]	--> SETTING THE CALIBRATION TRIM
231209-14:40:15	[INFO]	<<-- FINISHED SETTING THE CALIBRATION TRIM
231209-14:40:15	[INFO]	--> MEASURING ENC AND CHECKING CALIBRATION
231209-14:40:15	[INFO]	--> P-SCAN: CHECKING TRIM FOR ASIC with HW ADDRESS 0 in elect
231209-14:45:19	[INFO]	--> P-SCAN: CHECKING TRIM FOR ASIC with HW ADDRESS 1 in elect
231209-14:50:59	[INFO]	--> P-SCAN: CHECKING TRIM FOR ASIC with HW ADDRESS 2 in elect
231209-14:57:56	[INFO]	--> P-SCAN: CHECKING TRIM FOR ASIC with HW ADDRESS 3 in elect
231209-15:04:32	[INFO]	--> P-SCAN: CHECKING TRIM FOR ASIC with HW ADDRESS 4 in elect
231209-15:11:14	[INFO]	--> P-SCAN: CHECKING TRIM FOR ASIC with HW ADDRESS 5 in elect
231209-15:18:01	[INFO]	--> P-SCAN: CHECKING TRIM FOR ASIC with HW ADDRESS 6 in elect
231209-15:24:33	[INFO]	--> P-SCAN: CHECKING TRIM FOR ASIC with HW ADDRESS 7 in elect
231209-15:31:28	[INFO]	--> P-SCAN: CHECKING TRIM FOR ASIC with HW ADDRESS 0 in holes
231209-15:38:12	[INFO]	--> P-SCAN: CHECKING TRIM FOR ASIC with HW ADDRESS 1 in holes
231209-15:44:56	[INFO]	--> P-SCAN: CHECKING TRIM FOR ASIC with HW ADDRESS 2 in holes
231209-15:51:34	[INFO]	--> P-SCAN: CHECKING TRIM FOR ASIC with HW ADDRESS 3 in holes
231209-15:58:14	[INFO]	--> P-SCAN: CHECKING TRIM FOR ASIC with HW ADDRESS 4 in holes
231209-16:04:29	[INFO]	--> P-SCAN: CHECKING TRIM FOR ASIC with HW ADDRESS 5 in holes
231209-16:09:47	[INFO]	--> P-SCAN: CHECKING TRIM FOR ASIC with HW ADDRESS 6 in holes
231209-16:15:05	[INFO]	--> P-SCAN: CHECKING TRIM FOR ASIC with HW ADDRESS 7 in holes
231209-16:20:32	[INFO]	<<-- FINISHED MEASURING ENC AND CHECKING CALIBRATION
231209-17:16:19	MODULE_ID:	M3DL3T1001121A2_231209_1716
231209-17:16:22	[INFO]	MODULE ID: 	M3DL3T1001121A2
231209-17:16:39	[INFO]	-->> RUNNING SYNCHRONIZATION
231209-17:17:08	[INFO]	<<-- FINISHED SYNCHRONIZATION
231209-17:17:08	[INFO]	-->> READING LV VALUES BEFORE CONFIGURATION
231209-17:17:09	[INFO]	<<-- FINISHED READING LV VALUES BEFORE CONFIGURATION
231209-17:17:09	[INFO]	-->> LOADING STANDARD CONFIGURATION
231209-17:17:17	[INFO]	<<-- FINISHED LOADING STANDARD CONFIGURATION
231209-17:17:17	[INFO]	-->> READING ASICs ID
231209-17:17:17	[INFO]	<<-- FINISHED READING ASICs ID
231209-17:17:17	[INFO]	-->> READING LV VALUES AFTER CONFIGURATION
231209-17:17:29	[INFO]	<<-- FINISHED READING LV VALUES AFTER CONFIGURATION
231209-17:17:29	[INFO]	-->> READING VDDM & TEMPERATURE
231209-17:17:35	[INFO]	<<-- FINISHED READING VDDM & TEMPERATURE
231209-17:17:35	[INFO]	--> SETTING THE CALIBRATION PARAMETERS
231209-17:20:37	MODULE_ID:	M3DL3T1001121A2_231209_1720
231209-17:20:39	[INFO]	MODULE ID: 	M3DL3T1001121A2
231209-17:20:55	[INFO]	-->> RUNNING SYNCHRONIZATION
231209-17:21:20	[INFO]	<<-- FINISHED SYNCHRONIZATION
231209-17:21:20	[INFO]	-->> READING LV VALUES BEFORE CONFIGURATION
231209-17:21:21	[INFO]	<<-- FINISHED READING LV VALUES BEFORE CONFIGURATION
231209-17:21:21	[INFO]	-->> LOADING STANDARD CONFIGURATION
231209-17:21:26	[INFO]	<<-- FINISHED LOADING STANDARD CONFIGURATION
231209-17:21:26	[INFO]	-->> READING ASICs ID
231209-17:21:27	[INFO]	<<-- FINISHED READING ASICs ID
231209-17:21:27	[INFO]	-->> READING LV VALUES AFTER CONFIGURATION
231209-17:21:38	[INFO]	<<-- FINISHED READING LV VALUES AFTER CONFIGURATION
231209-17:21:38	[INFO]	-->> READING VDDM & TEMPERATURE
231209-17:21:44	[INFO]	<<-- FINISHED READING VDDM & TEMPERATURE
231209-17:21:44	[INFO]	--> SETTING THE CALIBRATION TRIM
231209-17:23:05	[INFO]	<<-- FINISHED SETTING THE CALIBRATION TRIM
231209-17:23:05	[INFO]	--> CHECKING CHANNELS' CONNECTIVITY
231209-17:23:05	[INFO]	--> CONNECTION-CHECK SCAN for ASIC with HW ADDRESS 0 in elect
231209-17:23:31	[INFO]	--> CONNECTION-CHECK SCAN for ASIC with HW ADDRESS 1 in elect
231209-17:23:57	[INFO]	--> CONNECTION-CHECK SCAN for ASIC with HW ADDRESS 2 in elect
231209-17:24:20	[INFO]	--> CONNECTION-CHECK SCAN for ASIC with HW ADDRESS 3 in elect
231209-17:24:45	[INFO]	--> CONNECTION-CHECK SCAN for ASIC with HW ADDRESS 4 in elect
231209-17:25:09	[INFO]	--> CONNECTION-CHECK SCAN for ASIC with HW ADDRESS 5 in elect
231209-17:25:33	[INFO]	--> CONNECTION-CHECK SCAN for ASIC with HW ADDRESS 6 in elect
231209-17:26:00	[INFO]	--> CONNECTION-CHECK SCAN for ASIC with HW ADDRESS 7 in elect
231209-17:26:27	[INFO]	--> CONNECTION-CHECK SCAN for ASIC with HW ADDRESS 0 in holes
231209-17:26:53	[INFO]	--> CONNECTION-CHECK SCAN for ASIC with HW ADDRESS 1 in holes
231209-17:27:20	[INFO]	--> CONNECTION-CHECK SCAN for ASIC with HW ADDRESS 2 in holes
231209-17:27:47	[INFO]	--> CONNECTION-CHECK SCAN for ASIC with HW ADDRESS 3 in holes
231209-17:28:14	[INFO]	--> CONNECTION-CHECK SCAN for ASIC with HW ADDRESS 4 in holes
231209-17:28:41	[INFO]	--> CONNECTION-CHECK SCAN for ASIC with HW ADDRESS 5 in holes
231209-17:29:12	[INFO]	--> CONNECTION-CHECK SCAN for ASIC with HW ADDRESS 6 in holes
231209-17:29:47	[INFO]	--> CONNECTION-CHECK SCAN for ASIC with HW ADDRESS 7 in holes
231209-17:30:23	[INFO]	<<-- FINISHED CHECKING CHANNELS' CONNECTIVITY
231211-11:45:34	MODULE_ID:	M3DL3T1001121A2_231211_1145
231211-11:45:37	[INFO]	MODULE ID: 	M3DL3T1001121A2
231211-11:46:38	[INFO]	-->> RUNNING SYNCHRONIZATION
231211-11:47:03	[INFO]	<<-- FINISHED SYNCHRONIZATION
231211-11:47:03	[INFO]	-->> READING LV VALUES BEFORE CONFIGURATION
231211-11:47:04	[INFO]	<<-- FINISHED READING LV VALUES BEFORE CONFIGURATION
231211-11:47:04	[INFO]	-->> LOADING STANDARD CONFIGURATION
231211-11:47:09	[INFO]	<<-- FINISHED LOADING STANDARD CONFIGURATION
231211-11:47:09	[INFO]	-->> READING ASICs ID
231211-11:47:09	[INFO]	<<-- FINISHED READING ASICs ID
231211-11:47:09	[INFO]	-->> LOADING DEFAULT TRIM VALUES
231211-11:47:47	[INFO]	<<-- FINISHED LOADING DEFAULT TRIM VALUES
231211-11:47:47	[INFO]	-->> READING LV VALUES AFTER CONFIGURATION
231211-11:47:58	[INFO]	<<-- FINISHED READING LV VALUES AFTER CONFIGURATION
231211-11:47:58	[INFO]	-->> QA LV 1.2 N-side: OK
231211-11:47:59	[INFO]	-->> QA LV 1.8 N-side: OK
231211-11:47:59	[INFO]	-->> QA LV 1.2 P-side: OK
231211-11:47:59	[INFO]	-->> QA LV 1.8 P-side: OK
231211-11:47:59	[INFO]	-->> READING VDDM & TEMPERATURE
231211-11:48:05	[INFO]	<<-- FINISHED READING VDDM & TEMPERATURE
231211-11:48:05	[INFO]	--> CHECKING ENC LONG RUN STABILITY 
231211-11:49:11	[INFO]	--> RUN 0 of CHECKING ENC LONG RUN STABILITY 
231211-11:50:17	[INFO]	--> RUN 1 of CHECKING ENC LONG RUN STABILITY 
231211-11:51:24	[INFO]	--> RUN 2 of CHECKING ENC LONG RUN STABILITY 
231211-11:52:30	[INFO]	--> RUN 3 of CHECKING ENC LONG RUN STABILITY 
231211-11:53:36	[INFO]	--> RUN 4 of CHECKING ENC LONG RUN STABILITY 
231211-11:54:42	[INFO]	--> RUN 5 of CHECKING ENC LONG RUN STABILITY 
231211-11:55:48	[INFO]	--> RUN 6 of CHECKING ENC LONG RUN STABILITY 
231211-11:56:54	[INFO]	--> RUN 7 of CHECKING ENC LONG RUN STABILITY 
231211-11:58:01	[INFO]	--> RUN 8 of CHECKING ENC LONG RUN STABILITY 
231211-11:59:07	[INFO]	--> RUN 9 of CHECKING ENC LONG RUN STABILITY 
231211-12:00:13	[INFO]	--> RUN 10 of CHECKING ENC LONG RUN STABILITY 
231211-12:01:19	[INFO]	--> RUN 11 of CHECKING ENC LONG RUN STABILITY 
231211-12:02:25	[INFO]	--> RUN 12 of CHECKING ENC LONG RUN STABILITY 
231211-12:03:32	[INFO]	--> RUN 13 of CHECKING ENC LONG RUN STABILITY 
231211-12:04:38	[INFO]	--> RUN 14 of CHECKING ENC LONG RUN STABILITY 
231211-12:04:38	[INFO]	<<-- FINISHED ENC LONG RUN STABILITYY
231219-15:32:45	MODULE_ID:	M3DL3T1001121A2_231219_1533
231219-15:33:04	[INFO]	MODULE ID: 	M3DL3T1001121A2
231219-15:36:35	[INFO]	-->> RUNNING SYNCHRONIZATION
231219-15:37:03	[INFO]	<<-- FINISHED SYNCHRONIZATION
231219-15:37:03	[INFO]	-->> READING LV VALUES BEFORE CONFIGURATION
231219-15:37:04	[INFO]	<<-- FINISHED READING LV VALUES BEFORE CONFIGURATION
231219-15:37:04	[INFO]	-->> LOADING STANDARD CONFIGURATION
231219-15:37:11	[INFO]	<<-- FINISHED LOADING STANDARD CONFIGURATION
231219-15:37:11	[INFO]	-->> READING ASICs ID
231219-15:37:12	[INFO]	<<-- FINISHED READING ASICs ID
231219-15:37:12	[INFO]	-->> READING LV VALUES AFTER CONFIGURATION
231219-15:37:23	[INFO]	<<-- FINISHED READING LV VALUES AFTER CONFIGURATION
231219-15:37:23	[INFO]	-->> QA LV 1.2 N-side: OK
231219-15:37:23	[INFO]	-->> QA LV 1.8 N-side: OK
231219-15:37:24	[INFO]	-->> QA LV 1.2 P-side: OK
231219-15:37:24	[INFO]	-->> QA LV 1.8 P-side: OK
231219-15:37:24	[INFO]	-->> READING VDDM & TEMPERATURE
231219-15:37:30	[INFO]	<<-- FINISHED READING VDDM & TEMPERATURE
231219-15:37:30	[INFO]	--> CHECKING ENC LONG RUN STABILITY 
231219-15:38:37	[INFO]	--> RUN 0 of CHECKING ENC LONG RUN STABILITY 
240105-16:57:52	MODULE_ID:	M3DL3T1001121A2_240105_1657
240105-16:57:54	[INFO]	MODULE ID: 	M3DL3T1001121A2
240105-16:58:14	[INFO]	-->> RUNNING SYNCHRONIZATION
240105-16:58:44	[INFO]	<<-- FINISHED SYNCHRONIZATION
240105-16:58:44	[INFO]	-->> READING LV VALUES BEFORE CONFIGURATION
240105-16:58:44	[INFO]	<<-- FINISHED READING LV VALUES BEFORE CONFIGURATION
240105-16:58:44	[INFO]	-->> LOADING STANDARD CONFIGURATION
240105-16:58:51	[INFO]	<<-- FINISHED LOADING STANDARD CONFIGURATION
240105-16:58:51	[INFO]	-->> READING ASICs ID
240105-16:58:52	[INFO]	<<-- FINISHED READING ASICs ID
240105-16:58:52	[INFO]	-->> READING LV VALUES AFTER CONFIGURATION
240105-16:59:02	[INFO]	<<-- FINISHED READING LV VALUES AFTER CONFIGURATION
240105-16:59:02	[INFO]	-->> QA LV 1.2 N-side: OK
240105-16:59:03	[INFO]	-->> QA LV 1.8 N-side: OK
240105-16:59:03	[INFO]	-->> QA LV 1.2 P-side: OK
240105-16:59:03	[INFO]	-->> QA LV 1.8 P-side: OK
240105-16:59:03	[INFO]	-->> READING VDDM & TEMPERATURE
240105-16:59:09	[INFO]	<<-- FINISHED READING VDDM & TEMPERATURE
240105-17:11:45	MODULE_ID:	M3DL3T1001121A2_240105_1711
240105-17:11:47	[INFO]	MODULE ID: 	M3DL3T1001121A2
240105-17:12:05	[INFO]	-->> RUNNING SYNCHRONIZATION
240105-17:12:31	[INFO]	<<-- FINISHED SYNCHRONIZATION
240105-17:12:31	[INFO]	-->> READING LV VALUES BEFORE CONFIGURATION
240105-17:12:31	[INFO]	<<-- FINISHED READING LV VALUES BEFORE CONFIGURATION
240105-17:12:31	[INFO]	-->> LOADING STANDARD CONFIGURATION
240105-17:12:36	[INFO]	<<-- FINISHED LOADING STANDARD CONFIGURATION
240105-17:12:36	[INFO]	-->> READING ASICs ID
240105-17:12:37	[INFO]	<<-- FINISHED READING ASICs ID
240105-17:12:37	[INFO]	-->> READING LV VALUES AFTER CONFIGURATION
240105-17:12:48	[INFO]	<<-- FINISHED READING LV VALUES AFTER CONFIGURATION
240105-17:12:48	[INFO]	-->> QA LV 1.2 N-side: OK
240105-17:12:48	[INFO]	-->> QA LV 1.8 N-side: OK
240105-17:12:48	[INFO]	-->> QA LV 1.2 P-side: OK
240105-17:12:48	[INFO]	-->> QA LV 1.8 P-side: OK
240105-17:12:48	[INFO]	-->> READING VDDM & TEMPERATURE
240105-17:12:55	[INFO]	<<-- FINISHED READING VDDM & TEMPERATURE
240105-17:12:55	[INFO]	-->> LOADING DEFAULT TRIM VALUES
240105-17:13:36	[INFO]	<<-- FINISHED LOADING DEFAULT TRIM VALUES
240105-17:13:36	[INFO]	-->> FINDING VREF_P, VREF_N & THR@_GLB FOR CALIBRATION
240105-17:19:10	[INFO]	<<-- FINISHED FINDING VREF_P, VREF_N & THR@_GLB FOR CALIBRATION
240105-17:19:10	[INFO]	--> SETTING THE CALIBRATION PARAMETERS
240105-17:19:10	[INFO]	<<-- FINISHED SETTING THE CALIBRATION PARAMETERS
240105-17:19:10	[INFO]	-->> CALIBRATING THE MODULE
240105-17:25:42	[INFO]	--> CALIBRATED ASIC with HW ADDRESS 0 in elect
240105-17:32:13	[INFO]	--> CALIBRATED ASIC with HW ADDRESS 1 in elect
240105-17:38:39	[INFO]	--> CALIBRATED ASIC with HW ADDRESS 2 in elect
240105-17:45:02	[INFO]	--> CALIBRATED ASIC with HW ADDRESS 3 in elect
240105-17:51:29	[INFO]	--> CALIBRATED ASIC with HW ADDRESS 4 in elect
240105-17:57:54	[INFO]	--> CALIBRATED ASIC with HW ADDRESS 5 in elect
240105-18:04:22	[INFO]	--> CALIBRATED ASIC with HW ADDRESS 6 in elect
240105-18:10:46	[INFO]	--> CALIBRATED ASIC with HW ADDRESS 7 in elect
240105-18:17:11	[INFO]	--> CALIBRATED ASIC with HW ADDRESS 0 in holes
240105-18:23:33	[INFO]	--> CALIBRATED ASIC with HW ADDRESS 1 in holes
240105-18:30:01	[INFO]	--> CALIBRATED ASIC with HW ADDRESS 2 in holes
240105-18:36:28	[INFO]	--> CALIBRATED ASIC with HW ADDRESS 3 in holes
240105-18:42:54	[INFO]	--> CALIBRATED ASIC with HW ADDRESS 4 in holes
240105-18:49:21	[INFO]	--> CALIBRATED ASIC with HW ADDRESS 5 in holes
240105-18:55:49	[INFO]	--> CALIBRATED ASIC with HW ADDRESS 6 in holes
240105-19:02:13	[INFO]	--> CALIBRATED ASIC with HW ADDRESS 7 in holes
240105-19:02:13	[INFO]	<<-- FINISHED CALIBRATING THE MODULE
240105-19:02:13	[INFO]	--> SETTING THE CALIBRATION TRIM
240105-19:03:33	[INFO]	<<-- FINISHED SETTING THE CALIBRATION TRIM
240105-19:03:33	[INFO]	--> MEASURING ENC AND CHECKING CALIBRATION
240105-20:30:06	[INFO]	<<-- FINISHED MEASURING ENC AND CHECKING CALIBRATION
240106-00:56:12	MODULE_ID:	M3DL3T1001121A2_240106_0056
240106-00:56:15	[INFO]	MODULE ID: 	M3DL3T1001121A2
240106-00:57:08	[INFO]	-->> RUNNING SYNCHRONIZATION
240106-00:57:33	[INFO]	<<-- FINISHED SYNCHRONIZATION
240106-00:57:33	[INFO]	-->> READING LV VALUES BEFORE CONFIGURATION
240106-00:57:34	[INFO]	<<-- FINISHED READING LV VALUES BEFORE CONFIGURATION
240106-00:57:34	[INFO]	-->> LOADING STANDARD CONFIGURATION
240106-00:57:39	[INFO]	<<-- FINISHED LOADING STANDARD CONFIGURATION
240106-00:57:39	[INFO]	-->> READING ASICs ID
240106-00:57:40	[INFO]	<<-- FINISHED READING ASICs ID
240106-00:57:40	[INFO]	-->> READING LV VALUES AFTER CONFIGURATION
240106-00:57:50	[INFO]	<<-- FINISHED READING LV VALUES AFTER CONFIGURATION
240106-00:57:50	[INFO]	-->> QA LV 1.2 N-side: OK
240106-00:57:51	[INFO]	-->> QA LV 1.8 N-side: OK
240106-00:57:51	[INFO]	-->> QA LV 1.2 P-side: OK
240106-00:57:51	[INFO]	-->> QA LV 1.8 P-side: OK
240106-00:57:51	[INFO]	-->> READING VDDM & TEMPERATURE
240106-00:57:57	[INFO]	<<-- FINISHED READING VDDM & TEMPERATURE
240106-00:57:57	[INFO]	--> SETTING THE CALIBRATION TRIM
240106-00:59:20	[INFO]	<<-- FINISHED SETTING THE CALIBRATION TRIM
240106-00:59:20	[INFO]	--> CHECKING ENC LONG RUN STABILITY 
240106-01:11:19	[INFO]	--> RUN 0 of CHECKING ENC LONG RUN STABILITY 
240106-01:23:25	[INFO]	--> RUN 1 of CHECKING ENC LONG RUN STABILITY 
240106-01:35:34	[INFO]	--> RUN 2 of CHECKING ENC LONG RUN STABILITY 
240106-01:47:27	[INFO]	--> RUN 3 of CHECKING ENC LONG RUN STABILITY 
240106-01:59:25	[INFO]	--> RUN 4 of CHECKING ENC LONG RUN STABILITY 
240106-02:11:35	[INFO]	--> RUN 5 of CHECKING ENC LONG RUN STABILITY 
240106-02:23:34	[INFO]	--> RUN 6 of CHECKING ENC LONG RUN STABILITY 
240106-02:35:43	[INFO]	--> RUN 7 of CHECKING ENC LONG RUN STABILITY 
240106-02:47:52	[INFO]	--> RUN 8 of CHECKING ENC LONG RUN STABILITY 
240106-03:00:04	[INFO]	--> RUN 9 of CHECKING ENC LONG RUN STABILITY 
240106-03:12:13	[INFO]	--> RUN 10 of CHECKING ENC LONG RUN STABILITY 
240106-03:24:18	[INFO]	--> RUN 11 of CHECKING ENC LONG RUN STABILITY 
240106-03:36:33	[INFO]	--> RUN 12 of CHECKING ENC LONG RUN STABILITY 
240106-08:52:20	MODULE_ID:	M3DL3T1001121A2_240106_0852
240106-08:52:22	[INFO]	MODULE ID: 	M3DL3T1001121A2
240106-08:52:43	[INFO]	-->> RUNNING SYNCHRONIZATION
240106-08:53:08	[INFO]	<<-- FINISHED SYNCHRONIZATION
240106-08:53:08	[INFO]	-->> READING LV VALUES BEFORE CONFIGURATION
240106-08:53:09	[INFO]	<<-- FINISHED READING LV VALUES BEFORE CONFIGURATION
240106-08:53:09	[INFO]	-->> LOADING STANDARD CONFIGURATION
240106-08:53:14	[INFO]	<<-- FINISHED LOADING STANDARD CONFIGURATION
240106-08:53:14	[INFO]	-->> READING ASICs ID
240106-08:53:14	[INFO]	<<-- FINISHED READING ASICs ID
240106-08:53:14	[INFO]	-->> READING LV VALUES AFTER CONFIGURATION
240106-08:53:25	[INFO]	<<-- FINISHED READING LV VALUES AFTER CONFIGURATION
240106-08:53:25	[INFO]	-->> QA LV 1.2 N-side: OK
240106-08:53:25	[INFO]	-->> QA LV 1.8 N-side: OK
240106-08:53:25	[INFO]	-->> QA LV 1.2 P-side: OK
240106-08:53:26	[INFO]	-->> QA LV 1.8 P-side: OK
240106-08:53:26	[INFO]	-->> READING VDDM & TEMPERATURE
240106-08:53:32	[INFO]	<<-- FINISHED READING VDDM & TEMPERATURE
240106-08:53:32	[INFO]	--> SETTING THE CALIBRATION TRIM
240106-08:54:51	[INFO]	<<-- FINISHED SETTING THE CALIBRATION TRIM
240106-08:54:51	[INFO]	--> CHECKING ENC LONG RUN STABILITY 
240106-09:07:12	[INFO]	--> RUN 0 of CHECKING ENC LONG RUN STABILITY 
240106-09:07:12	[INFO]	<<-- FINISHED ENC LONG RUN STABILITYY
240106-09:20:38	MODULE_ID:	M3DL3T1001121A2_240106_0920
240106-09:20:41	[INFO]	MODULE ID: 	M3DL3T1001121A2
240106-09:21:05	[INFO]	-->> RUNNING SYNCHRONIZATION
240106-09:21:31	[INFO]	<<-- FINISHED SYNCHRONIZATION
240106-09:21:31	[INFO]	-->> READING LV VALUES BEFORE CONFIGURATION
240106-09:21:31	[INFO]	<<-- FINISHED READING LV VALUES BEFORE CONFIGURATION
240106-09:21:31	[INFO]	-->> LOADING STANDARD CONFIGURATION
240106-09:21:37	[INFO]	<<-- FINISHED LOADING STANDARD CONFIGURATION
240106-09:21:37	[INFO]	-->> READING ASICs ID
240106-09:21:37	[INFO]	<<-- FINISHED READING ASICs ID
240106-09:21:37	[INFO]	-->> READING LV VALUES AFTER CONFIGURATION
240106-09:21:48	[INFO]	<<-- FINISHED READING LV VALUES AFTER CONFIGURATION
240106-09:21:48	[INFO]	-->> QA LV 1.2 N-side: OK
240106-09:21:48	[INFO]	-->> QA LV 1.8 N-side: OK
240106-09:21:48	[INFO]	-->> QA LV 1.2 P-side: OK
240106-09:21:48	[INFO]	-->> QA LV 1.8 P-side: OK
240106-09:21:48	[INFO]	-->> READING VDDM & TEMPERATURE
240106-09:21:55	[INFO]	<<-- FINISHED READING VDDM & TEMPERATURE
240106-09:21:55	[INFO]	--> SETTING THE CALIBRATION TRIM
240106-09:23:15	[INFO]	<<-- FINISHED SETTING THE CALIBRATION TRIM
240106-09:23:15	[INFO]	--> CHECKING CHANNELS' CONNECTIVITY
240106-09:30:04	[INFO]	<<-- FINISHED CHECKING CHANNELS' CONNECTIVITY
