240731-17:55:01	MODULE_ID:	M4DL2T3001163A2
240731-17:55:01	[INFO]	TEST_CENTER: GSI
240731-17:55:01	[INFO]	OPERATOR_ID: Dairon Rodriguez Garces
240731-17:55:01	[INFO]	MODULE ID: 	M4DL2T3001163A2
240731-17:55:01	[INFO]	SENSOR_SIZE [mm]: 	124
240731-17:55:01	[INFO]	SENSOR_QGRADE: 	B
240731-17:55:31	[INFO]	-->> RUNNING SYNCHRONIZATION
240731-17:56:01	[INFO]	<<-- FINISHED SYNCHRONIZATION
240731-17:56:01	[INFO]	-->> READING LV VALUES BEFORE CONFIGURATION
240731-17:56:01	[INFO]	<<-- FINISHED READING LV VALUES BEFORE CONFIGURATION
240731-17:56:01	[INFO]	-->> LOADING STANDARD CONFIGURATION
240731-17:56:08	[INFO]	<<-- FINISHED LOADING STANDARD CONFIGURATION
240731-17:56:08	[INFO]	-->> READING ASICs ID
240731-17:56:09	[INFO]	<<-- FINISHED READING ASICs ID
240731-17:56:09	[INFO]	-->> LOADING DEFAULT TRIM VALUES
240731-17:57:04	[INFO]	<<-- FINISHED LOADING DEFAULT TRIM VALUES
240731-17:57:04	[INFO]	-->> READING LV VALUES AFTER CONFIGURATION
240731-17:57:15	[INFO]	<<-- FINISHED READING LV VALUES AFTER CONFIGURATION
240731-17:57:15	[INFO]	-->> READING VDDM & TEMPERATURE
240731-17:57:18	[INFO]	<<-- FINISHED READING VDDM & TEMPERATURE
240731-17:57:18	[INFO]	-->> LOADING DEFAULT TRIM VALUES
240731-17:58:12	[INFO]	<<-- FINISHED LOADING DEFAULT TRIM VALUES
240731-17:58:12	[INFO]	-->> FINDING VREF_P, VREF_N & THR@_GLB FOR CALIBRATION
240731-18:05:08	[INFO]	<<-- FINISHED FINDING VREF_P, VREF_N & THR@_GLB FOR CALIBRATION
240731-18:05:08	[INFO]	--> SETTING THE CALIBRATION PARAMETERS
240731-18:05:08	[INFO]	<<-- FINISHED SETTING THE CALIBRATION PARAMETERS
240731-18:05:08	[INFO]	-->> CALIBRATING THE MODULE
240731-18:14:15	[INFO]	CAL_ASIC_HW_ADDR_1: ftrim_XA-000-08-002-000-000-185-13_HW_1_SET_56_26_118_35_R_30_247_elect.txt
240731-18:23:37	[INFO]	CAL_ASIC_HW_ADDR_0: ftrim_XA-000-08-002-000-000-121-02_HW_0_SET_58_28_118_46_R_30_247_elect.txt
240731-18:32:37	[INFO]	CAL_ASIC_HW_ADDR_3: ftrim_XA-000-08-002-000-000-228-15_HW_3_SET_55_27_118_43_R_30_247_elect.txt
240731-18:41:41	[INFO]	CAL_ASIC_HW_ADDR_2: ftrim_XA-000-08-002-000-000-187-13_HW_2_SET_56_27_118_39_R_30_247_elect.txt
240731-18:50:43	[INFO]	CAL_ASIC_HW_ADDR_5: ftrim_XA-000-08-002-000-000-129-04_HW_5_SET_56_31_118_38_R_30_247_elect.txt
240731-18:59:48	[INFO]	CAL_ASIC_HW_ADDR_4: ftrim_XA-000-08-002-000-000-219-06_HW_4_SET_56_29_118_37_R_30_247_elect.txt
240731-19:08:53	[INFO]	CAL_ASIC_HW_ADDR_7: ftrim_XA-000-08-002-000-000-122-02_HW_7_SET_57_29_118_37_R_30_247_elect.txt
240731-19:17:59	[INFO]	CAL_ASIC_HW_ADDR_6: ftrim_XA-000-08-002-000-000-220-06_HW_6_SET_57_26_118_32_R_30_247_elect.txt
240731-19:26:58	[INFO]	CAL_ASIC_HW_ADDR_7: ftrim_XA-000-08-002-000-000-084-12_HW_7_SET_57_25_118_65_R_30_247_holes.txt
240731-19:35:55	[INFO]	CAL_ASIC_HW_ADDR_6: ftrim_XA-000-08-002-000-000-088-12_HW_6_SET_57_24_118_64_R_30_247_holes.txt
240731-19:44:52	[INFO]	CAL_ASIC_HW_ADDR_5: ftrim_XA-000-08-002-000-000-085-12_HW_5_SET_56_25_118_44_R_30_247_holes.txt
240731-19:53:55	[INFO]	CAL_ASIC_HW_ADDR_4: ftrim_XA-000-08-002-000-000-075-11_HW_4_SET_56_22_118_43_R_30_247_holes.txt
240731-20:02:50	[INFO]	CAL_ASIC_HW_ADDR_3: ftrim_XA-000-08-002-000-000-086-12_HW_3_SET_56_23_118_46_R_30_247_holes.txt
240731-20:11:38	[INFO]	CAL_ASIC_HW_ADDR_2: ftrim_XA-000-08-002-000-000-067-11_HW_2_SET_56_24_118_48_R_30_247_holes.txt
240731-20:20:33	[INFO]	CAL_ASIC_HW_ADDR_1: ftrim_XA-000-08-002-000-000-090-12_HW_1_SET_57_22_118_46_R_30_247_holes.txt
240731-20:29:38	[INFO]	CAL_ASIC_HW_ADDR_0: ftrim_XA-000-08-002-000-000-089-12_HW_0_SET_57_23_118_43_R_30_247_holes.txt
240731-20:29:38	[INFO]	<<-- FINISHED CALIBRATING THE MODULE
240731-20:29:38	[INFO]	--> SETTING THE CALIBRATION TRIM
240731-20:31:33	[INFO]	<<-- FINISHED SETTING THE CALIBRATION TRIM
240731-20:31:33	[INFO]	--> MEASURING ENC AND CHECKING CALIBRATION
240731-20:38:40	[INFO]	PSCAN_ASIC_HW_ADDR_1: pscan_240731_2031_XA-000-08-002-000-000-185-13_HW_1_SET_56_26_118_35_VP_0_255_1_NP_100_elect.txt
240731-20:45:55	[INFO]	PSCAN_ASIC_HW_ADDR_0: pscan_240731_2038_XA-000-08-002-000-000-121-02_HW_0_SET_58_28_118_46_VP_0_255_1_NP_100_elect.txt
240731-20:53:10	[INFO]	PSCAN_ASIC_HW_ADDR_3: pscan_240731_2045_XA-000-08-002-000-000-228-15_HW_3_SET_55_27_118_43_VP_0_255_1_NP_100_elect.txt
240731-21:00:21	[INFO]	PSCAN_ASIC_HW_ADDR_2: pscan_240731_2053_XA-000-08-002-000-000-187-13_HW_2_SET_56_27_118_39_VP_0_255_1_NP_100_elect.txt
240731-21:07:29	[INFO]	PSCAN_ASIC_HW_ADDR_5: pscan_240731_2100_XA-000-08-002-000-000-129-04_HW_5_SET_56_31_118_38_VP_0_255_1_NP_100_elect.txt
240731-21:14:40	[INFO]	PSCAN_ASIC_HW_ADDR_4: pscan_240731_2107_XA-000-08-002-000-000-219-06_HW_4_SET_56_29_118_37_VP_0_255_1_NP_100_elect.txt
240731-21:21:51	[INFO]	PSCAN_ASIC_HW_ADDR_7: pscan_240731_2114_XA-000-08-002-000-000-122-02_HW_7_SET_57_29_118_37_VP_0_255_1_NP_100_elect.txt
240731-21:29:05	[INFO]	PSCAN_ASIC_HW_ADDR_6: pscan_240731_2121_XA-000-08-002-000-000-220-06_HW_6_SET_57_26_118_32_VP_0_255_1_NP_100_elect.txt
240731-21:36:21	[INFO]	PSCAN_ASIC_HW_ADDR_7: pscan_240731_2129_XA-000-08-002-000-000-084-12_HW_7_SET_57_25_118_65_VP_0_255_1_NP_100_holes.txt
240731-21:43:32	[INFO]	PSCAN_ASIC_HW_ADDR_6: pscan_240731_2136_XA-000-08-002-000-000-088-12_HW_6_SET_57_24_118_64_VP_0_255_1_NP_100_holes.txt
240731-21:50:47	[INFO]	PSCAN_ASIC_HW_ADDR_5: pscan_240731_2143_XA-000-08-002-000-000-085-12_HW_5_SET_56_25_118_44_VP_0_255_1_NP_100_holes.txt
240731-21:58:04	[INFO]	PSCAN_ASIC_HW_ADDR_4: pscan_240731_2150_XA-000-08-002-000-000-075-11_HW_4_SET_56_22_118_43_VP_0_255_1_NP_100_holes.txt
240731-22:05:15	[INFO]	PSCAN_ASIC_HW_ADDR_3: pscan_240731_2158_XA-000-08-002-000-000-086-12_HW_3_SET_56_23_118_46_VP_0_255_1_NP_100_holes.txt
240731-22:12:26	[INFO]	PSCAN_ASIC_HW_ADDR_2: pscan_240731_2205_XA-000-08-002-000-000-067-11_HW_2_SET_56_24_118_48_VP_0_255_1_NP_100_holes.txt
240731-22:19:33	[INFO]	PSCAN_ASIC_HW_ADDR_1: pscan_240731_2212_XA-000-08-002-000-000-090-12_HW_1_SET_57_22_118_46_VP_0_255_1_NP_100_holes.txt
240731-22:26:51	[INFO]	PSCAN_ASIC_HW_ADDR_0: pscan_240731_2219_XA-000-08-002-000-000-089-12_HW_0_SET_57_23_118_43_VP_0_255_1_NP_100_holes.txt
240731-22:26:51	[INFO]	<<-- FINISHED MEASURING ENC AND CHECKING CALIBRATION
240801-09:37:03	MODULE_ID:	M4DL2T3001163A2_240801_0937
240801-09:37:03	[INFO]	TEST_CENTER: GSI
240801-09:37:03	[INFO]	OPERATOR_ID: Dairon Rodriguez Garces
240801-09:37:03	[INFO]	MODULE ID: 	M4DL2T3001163A2
240801-09:37:03	[INFO]	SENSOR_SIZE [mm]: 	124
240801-09:37:03	[INFO]	SENSOR_QGRADE: 	B
240801-09:37:23	[INFO]	-->> RUNNING SYNCHRONIZATION
240801-09:37:53	[INFO]	<<-- FINISHED SYNCHRONIZATION
240801-09:37:53	[INFO]	-->> READING LV VALUES BEFORE CONFIGURATION
240801-09:37:53	[INFO]	<<-- FINISHED READING LV VALUES BEFORE CONFIGURATION
240801-09:37:53	[INFO]	-->> LOADING STANDARD CONFIGURATION
240801-09:38:00	[INFO]	<<-- FINISHED LOADING STANDARD CONFIGURATION
240801-09:38:00	[INFO]	-->> READING ASICs ID
240801-09:38:01	[INFO]	<<-- FINISHED READING ASICs ID
240801-09:38:01	[INFO]	-->> LOADING DEFAULT TRIM VALUES
240801-09:38:55	[INFO]	<<-- FINISHED LOADING DEFAULT TRIM VALUES
240801-09:38:55	[INFO]	-->> READING LV VALUES AFTER CONFIGURATION
240801-09:39:05	[INFO]	<<-- FINISHED READING LV VALUES AFTER CONFIGURATION
240801-09:39:05	[INFO]	-->> READING VDDM & TEMPERATURE
240801-09:39:08	[INFO]	<<-- FINISHED READING VDDM & TEMPERATURE
240801-09:39:08	[INFO]	--> SETTING THE CALIBRATION TRIM
240801-09:40:59	[INFO]	<<-- FINISHED SETTING THE CALIBRATION TRIM
240801-09:40:59	[INFO]	--> CHECKING CHANNELS' CONNECTIVITY
240801-09:40:59	[INFO]	CONN-CHECK_ASIC_HW_ADDR_1: elect
240801-09:41:17	[INFO]	CONN-CHECK_ASIC_HW_ADDR_0: elect
240801-09:41:35	[INFO]	CONN-CHECK_ASIC_HW_ADDR_3: elect
240801-09:41:55	[INFO]	CONN-CHECK_ASIC_HW_ADDR_2: elect
240801-09:42:14	[INFO]	CONN-CHECK_ASIC_HW_ADDR_5: elect
240801-09:42:33	[INFO]	CONN-CHECK_ASIC_HW_ADDR_4: elect
240801-09:42:53	[INFO]	CONN-CHECK_ASIC_HW_ADDR_7: elect
240801-09:43:10	[INFO]	CONN-CHECK_ASIC_HW_ADDR_6: elect
240801-09:43:28	[INFO]	CONN-CHECK_ASIC_HW_ADDR_7: holes
240801-09:43:47	[INFO]	CONN-CHECK_ASIC_HW_ADDR_6: holes
240801-09:44:04	[INFO]	CONN-CHECK_ASIC_HW_ADDR_5: holes
240801-09:44:23	[INFO]	CONN-CHECK_ASIC_HW_ADDR_4: holes
240801-09:44:42	[INFO]	CONN-CHECK_ASIC_HW_ADDR_3: holes
240801-09:45:02	[INFO]	CONN-CHECK_ASIC_HW_ADDR_2: holes
240801-09:45:25	[INFO]	CONN-CHECK_ASIC_HW_ADDR_1: holes
240801-09:45:49	[INFO]	CONN-CHECK_ASIC_HW_ADDR_0: holes
240801-09:46:13	[INFO]	<<-- FINISHED CHECKING CHANNELS' CONNECTIVITY
