240617-17:09:05	MODULE_ID:	M4UL2T4110314B2
240617-17:09:05	[INFO]	TEST_CENTER: GSI
240617-17:09:05	[INFO]	OPERATOR_ID: Dairon Rodriguez Garces
240617-17:09:05	[INFO]	MODULE ID: 	M4UL2T4110314B2
240617-17:09:05	[INFO]	SENSOR_SIZE [mm]: 	124
240617-17:09:05	[INFO]	SENSOR_QGRADE: 	C
240617-17:09:28	[INFO]	-->> RUNNING SYNCHRONIZATION
240617-17:09:57	[INFO]	<<-- FINISHED SYNCHRONIZATION
240617-17:09:57	[INFO]	-->> READING LV VALUES BEFORE CONFIGURATION
240617-17:09:57	[INFO]	<<-- FINISHED READING LV VALUES BEFORE CONFIGURATION
240617-17:09:57	[INFO]	-->> LOADING STANDARD CONFIGURATION
240617-17:10:04	[INFO]	<<-- FINISHED LOADING STANDARD CONFIGURATION
240617-17:10:04	[INFO]	-->> READING ASICs ID
240617-17:10:05	[INFO]	<<-- FINISHED READING ASICs ID
240617-17:10:05	[INFO]	-->> LOADING DEFAULT TRIM VALUES
240617-17:10:59	[INFO]	<<-- FINISHED LOADING DEFAULT TRIM VALUES
240617-17:10:59	[INFO]	-->> READING LV VALUES AFTER CONFIGURATION
240617-17:11:10	[INFO]	<<-- FINISHED READING LV VALUES AFTER CONFIGURATION
240617-17:11:10	[INFO]	-->> READING VDDM & TEMPERATURE
240617-17:11:13	[INFO]	<<-- FINISHED READING VDDM & TEMPERATURE
240617-17:11:13	[INFO]	-->> LOADING DEFAULT TRIM VALUES
240617-17:12:06	[INFO]	<<-- FINISHED LOADING DEFAULT TRIM VALUES
240617-17:12:06	[INFO]	-->> FINDING VREF_P, VREF_N & THR@_GLB FOR CALIBRATION
240617-17:19:07	[INFO]	<<-- FINISHED FINDING VREF_P, VREF_N & THR@_GLB FOR CALIBRATION
240617-17:19:07	[INFO]	--> SETTING THE CALIBRATION PARAMETERS
240617-17:19:08	[INFO]	<<-- FINISHED SETTING THE CALIBRATION PARAMETERS
240617-17:19:08	[INFO]	-->> CALIBRATING THE MODULE
240617-17:28:14	[INFO]	CAL_ASIC_HW_ADDR_7: ftrim_XA-000-08-002-002-008-194-04_HW_7_SET_58_24_118_31_R_30_247_elect.txt
240617-17:37:20	[INFO]	CAL_ASIC_HW_ADDR_6: ftrim_XA-000-08-002-000-007-136-12_HW_6_SET_57_23_118_34_R_30_247_elect.txt
240617-17:46:27	[INFO]	CAL_ASIC_HW_ADDR_5: ftrim_XA-000-08-002-000-007-146-11_HW_5_SET_55_20_118_42_R_30_247_elect.txt
240617-17:55:34	[INFO]	CAL_ASIC_HW_ADDR_4: ftrim_XA-000-08-002-002-008-070-14_HW_4_SET_56_24_118_40_R_30_247_elect.txt
240617-18:04:42	[INFO]	CAL_ASIC_HW_ADDR_3: ftrim_XA-000-08-002-002-008-069-14_HW_3_SET_57_24_118_34_R_30_247_elect.txt
240617-18:14:13	[INFO]	CAL_ASIC_HW_ADDR_2: ftrim_XA-000-08-002-002-008-196-04_HW_2_SET_57_22_118_33_R_30_247_elect.txt
240617-18:23:57	[INFO]	CAL_ASIC_HW_ADDR_1: ftrim_XA-000-08-002-002-008-072-14_HW_1_SET_55_22_118_37_R_30_247_elect.txt
240617-18:33:16	[INFO]	CAL_ASIC_HW_ADDR_0: ftrim_XA-000-08-002-000-007-152-11_HW_0_SET_57_21_118_41_R_30_247_elect.txt
240617-18:42:26	[INFO]	CAL_ASIC_HW_ADDR_1: ftrim_XA-000-08-002-000-007-129-12_HW_1_SET_58_23_118_68_R_30_247_holes.txt
240617-18:51:30	[INFO]	CAL_ASIC_HW_ADDR_0: ftrim_XA-000-08-002-000-006-232-10_HW_0_SET_57_22_118_33_R_30_247_holes.txt
240617-19:00:44	[INFO]	CAL_ASIC_HW_ADDR_3: ftrim_XA-000-08-002-000-007-138-12_HW_3_SET_57_21_118_36_R_30_247_holes.txt
240617-19:09:59	[INFO]	CAL_ASIC_HW_ADDR_2: ftrim_XA-000-08-002-000-007-154-11_HW_2_SET_56_20_118_30_R_30_247_holes.txt
240617-19:19:09	[INFO]	CAL_ASIC_HW_ADDR_5: ftrim_XA-000-08-002-002-006-055-11_HW_5_SET_55_18_118_32_R_30_247_holes.txt
240617-19:28:14	[INFO]	CAL_ASIC_HW_ADDR_4: ftrim_XA-000-08-002-000-007-018-01_HW_4_SET_58_19_118_34_R_30_247_holes.txt
240617-19:37:24	[INFO]	CAL_ASIC_HW_ADDR_7: ftrim_XA-000-08-002-002-008-200-04_HW_7_SET_56_19_118_29_R_30_247_holes.txt
240617-19:46:31	[INFO]	CAL_ASIC_HW_ADDR_6: ftrim_XA-000-08-002-002-006-073-07_HW_6_SET_57_19_118_30_R_30_247_holes.txt
240617-19:46:31	[INFO]	<<-- FINISHED CALIBRATING THE MODULE
240617-19:46:31	[INFO]	--> SETTING THE CALIBRATION TRIM
240617-19:48:24	[INFO]	<<-- FINISHED SETTING THE CALIBRATION TRIM
240617-19:48:24	[INFO]	--> MEASURING ENC AND CHECKING CALIBRATION
240617-19:55:30	[INFO]	PSCAN_ASIC_HW_ADDR_7: pscan_240617_1948_XA-000-08-002-002-008-194-04_HW_7_SET_58_24_118_31_VP_0_255_1_NP_100_elect.txt
240617-20:02:36	[INFO]	PSCAN_ASIC_HW_ADDR_6: pscan_240617_1955_XA-000-08-002-000-007-136-12_HW_6_SET_57_23_118_34_VP_0_255_1_NP_100_elect.txt
240617-20:09:41	[INFO]	PSCAN_ASIC_HW_ADDR_5: pscan_240617_2002_XA-000-08-002-000-007-146-11_HW_5_SET_55_20_118_42_VP_0_255_1_NP_100_elect.txt
240617-20:16:45	[INFO]	PSCAN_ASIC_HW_ADDR_4: pscan_240617_2009_XA-000-08-002-002-008-070-14_HW_4_SET_56_24_118_40_VP_0_255_1_NP_100_elect.txt
240617-20:23:46	[INFO]	PSCAN_ASIC_HW_ADDR_3: pscan_240617_2016_XA-000-08-002-002-008-069-14_HW_3_SET_57_24_118_34_VP_0_255_1_NP_100_elect.txt
240617-20:30:57	[INFO]	PSCAN_ASIC_HW_ADDR_2: pscan_240617_2023_XA-000-08-002-002-008-196-04_HW_2_SET_57_22_118_33_VP_0_255_1_NP_100_elect.txt
240617-20:38:00	[INFO]	PSCAN_ASIC_HW_ADDR_1: pscan_240617_2030_XA-000-08-002-002-008-072-14_HW_1_SET_55_22_118_37_VP_0_255_1_NP_100_elect.txt
240617-20:45:04	[INFO]	PSCAN_ASIC_HW_ADDR_0: pscan_240617_2038_XA-000-08-002-000-007-152-11_HW_0_SET_57_21_118_41_VP_0_255_1_NP_100_elect.txt
240617-20:52:10	[INFO]	PSCAN_ASIC_HW_ADDR_1: pscan_240617_2045_XA-000-08-002-000-007-129-12_HW_1_SET_58_23_118_68_VP_0_255_1_NP_100_holes.txt
240617-20:59:15	[INFO]	PSCAN_ASIC_HW_ADDR_0: pscan_240617_2052_XA-000-08-002-000-006-232-10_HW_0_SET_57_22_118_33_VP_0_255_1_NP_100_holes.txt
240617-21:06:19	[INFO]	PSCAN_ASIC_HW_ADDR_3: pscan_240617_2059_XA-000-08-002-000-007-138-12_HW_3_SET_57_21_118_36_VP_0_255_1_NP_100_holes.txt
240617-21:13:21	[INFO]	PSCAN_ASIC_HW_ADDR_2: pscan_240617_2106_XA-000-08-002-000-007-154-11_HW_2_SET_56_20_118_30_VP_0_255_1_NP_100_holes.txt
240617-21:20:26	[INFO]	PSCAN_ASIC_HW_ADDR_5: pscan_240617_2113_XA-000-08-002-002-006-055-11_HW_5_SET_55_18_118_32_VP_0_255_1_NP_100_holes.txt
240617-21:27:28	[INFO]	PSCAN_ASIC_HW_ADDR_4: pscan_240617_2120_XA-000-08-002-000-007-018-01_HW_4_SET_58_19_118_34_VP_0_255_1_NP_100_holes.txt
240617-21:34:30	[INFO]	PSCAN_ASIC_HW_ADDR_7: pscan_240617_2127_XA-000-08-002-002-008-200-04_HW_7_SET_56_19_118_29_VP_0_255_1_NP_100_holes.txt
240617-21:41:40	[INFO]	PSCAN_ASIC_HW_ADDR_6: pscan_240617_2134_XA-000-08-002-002-006-073-07_HW_6_SET_57_19_118_30_VP_0_255_1_NP_100_holes.txt
240617-21:41:40	[INFO]	<<-- FINISHED MEASURING ENC AND CHECKING CALIBRATION
240618-09:36:23	MODULE_ID:	M4UL2T4110314B2_240618_0936
240618-09:36:23	[INFO]	TEST_CENTER: GSI
240618-09:36:23	[INFO]	OPERATOR_ID: Dairon Rodriguez Garces
240618-09:36:23	[INFO]	MODULE ID: 	M4UL2T4110314B2
240618-09:36:23	[INFO]	SENSOR_SIZE [mm]: 	124
240618-09:36:23	[INFO]	SENSOR_QGRADE: 	C
240618-09:36:36	[INFO]	-->> RUNNING SYNCHRONIZATION
240618-09:37:06	[INFO]	<<-- FINISHED SYNCHRONIZATION
240618-09:37:06	[INFO]	-->> READING LV VALUES BEFORE CONFIGURATION
240618-09:37:06	[INFO]	<<-- FINISHED READING LV VALUES BEFORE CONFIGURATION
240618-09:37:06	[INFO]	-->> LOADING STANDARD CONFIGURATION
240618-09:37:13	[INFO]	<<-- FINISHED LOADING STANDARD CONFIGURATION
240618-09:37:13	[INFO]	-->> READING ASICs ID
240618-09:37:14	[INFO]	<<-- FINISHED READING ASICs ID
240618-09:37:14	[INFO]	-->> LOADING DEFAULT TRIM VALUES
240618-09:38:08	[INFO]	<<-- FINISHED LOADING DEFAULT TRIM VALUES
240618-09:38:08	[INFO]	-->> READING LV VALUES AFTER CONFIGURATION
240618-09:38:19	[INFO]	<<-- FINISHED READING LV VALUES AFTER CONFIGURATION
240618-09:38:19	[INFO]	-->> READING VDDM & TEMPERATURE
240618-09:38:22	[INFO]	<<-- FINISHED READING VDDM & TEMPERATURE
240618-09:38:22	[INFO]	--> SETTING THE CALIBRATION TRIM
240618-09:40:16	[INFO]	<<-- FINISHED SETTING THE CALIBRATION TRIM
240618-09:40:16	[INFO]	--> CHECKING CHANNELS' CONNECTIVITY
240618-09:40:16	[INFO]	CONN-CHECK_ASIC_HW_ADDR_7: elect
240618-09:40:34	[INFO]	CONN-CHECK_ASIC_HW_ADDR_6: elect
240618-09:40:51	[INFO]	CONN-CHECK_ASIC_HW_ADDR_5: elect
240618-09:41:09	[INFO]	CONN-CHECK_ASIC_HW_ADDR_4: elect
240618-09:41:27	[INFO]	CONN-CHECK_ASIC_HW_ADDR_3: elect
240618-09:41:45	[INFO]	CONN-CHECK_ASIC_HW_ADDR_2: elect
240618-09:42:03	[INFO]	CONN-CHECK_ASIC_HW_ADDR_1: elect
240618-09:42:21	[INFO]	CONN-CHECK_ASIC_HW_ADDR_0: elect
240618-09:42:39	[INFO]	CONN-CHECK_ASIC_HW_ADDR_1: holes
240618-09:42:57	[INFO]	CONN-CHECK_ASIC_HW_ADDR_0: holes
240618-09:43:14	[INFO]	CONN-CHECK_ASIC_HW_ADDR_3: holes
240618-09:43:32	[INFO]	CONN-CHECK_ASIC_HW_ADDR_2: holes
240618-09:43:50	[INFO]	CONN-CHECK_ASIC_HW_ADDR_5: holes
240618-09:44:08	[INFO]	CONN-CHECK_ASIC_HW_ADDR_4: holes
240618-09:44:26	[INFO]	CONN-CHECK_ASIC_HW_ADDR_7: holes
240618-09:44:43	[INFO]	CONN-CHECK_ASIC_HW_ADDR_6: holes
240618-09:45:03	[INFO]	<<-- FINISHED CHECKING CHANNELS' CONNECTIVITY
