240722-15:05:22	MODULE_ID:	M5UL1B3010163A2
240722-15:05:22	[INFO]	TEST_CENTER: GSI
240722-15:05:22	[INFO]	OPERATOR_ID: Dairon Rodriguez Garces
240722-15:05:22	[INFO]	MODULE ID: 	M5UL1B3010163A2
240722-15:05:22	[INFO]	SENSOR_SIZE [mm]: 	124
240722-15:05:22	[INFO]	SENSOR_QGRADE: 	B
240722-15:08:31	[INFO]	-->> RUNNING SYNCHRONIZATION
240722-15:09:02	[INFO]	<<-- FINISHED SYNCHRONIZATION
240722-15:09:02	[INFO]	-->> READING LV VALUES BEFORE CONFIGURATION
240722-15:09:02	[INFO]	<<-- FINISHED READING LV VALUES BEFORE CONFIGURATION
240722-15:09:02	[INFO]	-->> LOADING STANDARD CONFIGURATION
240722-15:09:09	[INFO]	<<-- FINISHED LOADING STANDARD CONFIGURATION
240722-15:09:09	[INFO]	-->> READING ASICs ID
240722-15:09:10	[INFO]	<<-- FINISHED READING ASICs ID
240722-15:09:10	[INFO]	-->> LOADING DEFAULT TRIM VALUES
240722-15:10:09	[INFO]	<<-- FINISHED LOADING DEFAULT TRIM VALUES
240722-15:10:09	[INFO]	-->> READING LV VALUES AFTER CONFIGURATION
240722-15:10:19	[INFO]	<<-- FINISHED READING LV VALUES AFTER CONFIGURATION
240722-15:10:19	[INFO]	-->> READING VDDM & TEMPERATURE
240722-15:10:22	[INFO]	<<-- FINISHED READING VDDM & TEMPERATURE
240722-15:10:22	[INFO]	-->> LOADING DEFAULT TRIM VALUES
240722-15:11:20	[INFO]	<<-- FINISHED LOADING DEFAULT TRIM VALUES
240722-15:11:20	[INFO]	-->> FINDING VREF_P, VREF_N & THR@_GLB FOR CALIBRATION
240722-15:18:34	[INFO]	<<-- FINISHED FINDING VREF_P, VREF_N & THR@_GLB FOR CALIBRATION
240722-15:18:34	[INFO]	--> SETTING THE CALIBRATION PARAMETERS
240722-15:18:34	[INFO]	<<-- FINISHED SETTING THE CALIBRATION PARAMETERS
240722-15:18:34	[INFO]	-->> CALIBRATING THE MODULE
240722-15:27:41	[INFO]	CAL_ASIC_HW_ADDR_1: ftrim_XA-000-08-003-000-000-071-01_HW_1_SET_57_24_118_42_R_30_247_elect.txt
240722-15:36:48	[INFO]	CAL_ASIC_HW_ADDR_0: ftrim_XA-000-08-003-000-000-066-01_HW_0_SET_57_28_118_44_R_30_247_elect.txt
240722-15:45:54	[INFO]	CAL_ASIC_HW_ADDR_3: ftrim_XA-000-08-003-000-000-069-01_HW_3_SET_57_25_118_42_R_30_247_elect.txt
240722-15:54:56	[INFO]	CAL_ASIC_HW_ADDR_2: ftrim_XA-000-08-003-000-000-067-01_HW_2_SET_57_27_118_42_R_30_247_elect.txt
240722-16:04:04	[INFO]	CAL_ASIC_HW_ADDR_5: ftrim_XA-000-08-003-000-000-068-01_HW_5_SET_57_27_118_48_R_30_247_elect.txt
240722-16:13:18	[INFO]	CAL_ASIC_HW_ADDR_4: ftrim_XA-000-08-003-000-000-062-13_HW_4_SET_56_28_118_45_R_30_247_elect.txt
240722-16:22:33	[INFO]	CAL_ASIC_HW_ADDR_7: ftrim_XA-000-08-003-000-000-065-01_HW_7_SET_58_30_118_44_R_30_247_elect.txt
240722-16:31:57	[INFO]	CAL_ASIC_HW_ADDR_6: ftrim_XA-000-08-003-000-000-063-13_HW_6_SET_57_31_118_61_R_30_247_elect.txt
240722-16:41:17	[INFO]	CAL_ASIC_HW_ADDR_7: ftrim_XA-000-08-003-000-000-038-10_HW_7_SET_57_22_118_10_R_30_247_holes.txt
240722-16:50:35	[INFO]	CAL_ASIC_HW_ADDR_6: ftrim_XA-000-08-003-000-000-034-10_HW_6_SET_58_22_118_63_R_30_247_holes.txt
240722-16:59:59	[INFO]	CAL_ASIC_HW_ADDR_5: ftrim_XA-000-08-003-000-000-037-10_HW_5_SET_56_22_118_50_R_30_247_holes.txt
240722-17:09:16	[INFO]	CAL_ASIC_HW_ADDR_4: ftrim_XA-000-08-003-000-000-029-03_HW_4_SET_58_22_118_39_R_30_247_holes.txt
240722-17:18:37	[INFO]	CAL_ASIC_HW_ADDR_3: ftrim_XA-000-08-003-000-000-036-10_HW_3_SET_57_22_118_47_R_30_247_holes.txt
240722-17:27:58	[INFO]	CAL_ASIC_HW_ADDR_2: ftrim_XA-000-08-003-000-000-030-03_HW_2_SET_56_22_118_34_R_30_247_holes.txt
240722-17:37:17	[INFO]	CAL_ASIC_HW_ADDR_1: ftrim_XA-000-08-003-000-000-035-10_HW_1_SET_57_20_118_47_R_30_247_holes.txt
240722-17:46:51	[INFO]	CAL_ASIC_HW_ADDR_0: ftrim_XA-000-08-003-000-000-032-10_HW_0_SET_56_25_118_40_R_30_247_holes.txt
240722-17:46:51	[INFO]	<<-- FINISHED CALIBRATING THE MODULE
240722-17:46:51	[INFO]	--> SETTING THE CALIBRATION TRIM
240722-17:48:54	[INFO]	<<-- FINISHED SETTING THE CALIBRATION TRIM
240722-17:48:54	[INFO]	--> MEASURING ENC AND CHECKING CALIBRATION
240722-17:56:30	[INFO]	PSCAN_ASIC_HW_ADDR_1: pscan_240722_1748_XA-000-08-003-000-000-071-01_HW_1_SET_57_24_118_42_VP_0_255_1_NP_100_elect.txt
240722-18:04:01	[INFO]	PSCAN_ASIC_HW_ADDR_0: pscan_240722_1756_XA-000-08-003-000-000-066-01_HW_0_SET_57_28_118_44_VP_0_255_1_NP_100_elect.txt
240722-18:11:35	[INFO]	PSCAN_ASIC_HW_ADDR_3: pscan_240722_1804_XA-000-08-003-000-000-069-01_HW_3_SET_57_25_118_42_VP_0_255_1_NP_100_elect.txt
240722-18:19:09	[INFO]	PSCAN_ASIC_HW_ADDR_2: pscan_240722_1811_XA-000-08-003-000-000-067-01_HW_2_SET_57_27_118_42_VP_0_255_1_NP_100_elect.txt
240722-18:26:43	[INFO]	PSCAN_ASIC_HW_ADDR_5: pscan_240722_1819_XA-000-08-003-000-000-068-01_HW_5_SET_57_27_118_48_VP_0_255_1_NP_100_elect.txt
240722-18:34:20	[INFO]	PSCAN_ASIC_HW_ADDR_4: pscan_240722_1826_XA-000-08-003-000-000-062-13_HW_4_SET_56_28_118_45_VP_0_255_1_NP_100_elect.txt
240722-18:41:54	[INFO]	PSCAN_ASIC_HW_ADDR_7: pscan_240722_1834_XA-000-08-003-000-000-065-01_HW_7_SET_58_30_118_44_VP_0_255_1_NP_100_elect.txt
240722-18:49:28	[INFO]	PSCAN_ASIC_HW_ADDR_6: pscan_240722_1841_XA-000-08-003-000-000-063-13_HW_6_SET_57_31_118_61_VP_0_255_1_NP_100_elect.txt
240722-18:57:04	[INFO]	PSCAN_ASIC_HW_ADDR_7: pscan_240722_1849_XA-000-08-003-000-000-038-10_HW_7_SET_57_22_118_10_VP_0_255_1_NP_100_holes.txt
240722-19:04:46	[INFO]	PSCAN_ASIC_HW_ADDR_6: pscan_240722_1857_XA-000-08-003-000-000-034-10_HW_6_SET_58_22_118_63_VP_0_255_1_NP_100_holes.txt
240722-19:12:01	[INFO]	PSCAN_ASIC_HW_ADDR_5: pscan_240722_1904_XA-000-08-003-000-000-037-10_HW_5_SET_56_22_118_50_VP_0_255_1_NP_100_holes.txt
240722-19:19:16	[INFO]	PSCAN_ASIC_HW_ADDR_4: pscan_240722_1912_XA-000-08-003-000-000-029-03_HW_4_SET_58_22_118_39_VP_0_255_1_NP_100_holes.txt
240722-19:26:27	[INFO]	PSCAN_ASIC_HW_ADDR_3: pscan_240722_1919_XA-000-08-003-000-000-036-10_HW_3_SET_57_22_118_47_VP_0_255_1_NP_100_holes.txt
240722-19:33:40	[INFO]	PSCAN_ASIC_HW_ADDR_2: pscan_240722_1926_XA-000-08-003-000-000-030-03_HW_2_SET_56_22_118_34_VP_0_255_1_NP_100_holes.txt
240722-19:40:57	[INFO]	PSCAN_ASIC_HW_ADDR_1: pscan_240722_1933_XA-000-08-003-000-000-035-10_HW_1_SET_57_20_118_47_VP_0_255_1_NP_100_holes.txt
240722-19:48:19	[INFO]	PSCAN_ASIC_HW_ADDR_0: pscan_240722_1940_XA-000-08-003-000-000-032-10_HW_0_SET_56_25_118_40_VP_0_255_1_NP_100_holes.txt
240722-19:48:19	[INFO]	<<-- FINISHED MEASURING ENC AND CHECKING CALIBRATION
