240617-17:07:10	MODULE_ID:	M4UL2T0010310B2
240617-17:07:10	[INFO]	TEST_CENTER: GSI
240617-17:07:10	[INFO]	OPERATOR_ID: Dairon Rodriguez Garces
240617-17:07:10	[INFO]	MODULE ID: 	M4UL2T0010310B2
240617-17:07:10	[INFO]	SENSOR_SIZE [mm]: 	42
240617-17:07:10	[INFO]	SENSOR_QGRADE: 	A
240617-17:07:48	[INFO]	-->> RUNNING SYNCHRONIZATION
240617-17:08:21	[INFO]	<<-- FINISHED SYNCHRONIZATION
240617-17:08:21	[INFO]	-->> READING LV VALUES BEFORE CONFIGURATION
240617-17:08:22	[INFO]	<<-- FINISHED READING LV VALUES BEFORE CONFIGURATION
240617-17:08:22	[INFO]	-->> LOADING STANDARD CONFIGURATION
240617-17:08:30	[INFO]	<<-- FINISHED LOADING STANDARD CONFIGURATION
240617-17:08:30	[INFO]	-->> READING ASICs ID
240617-17:08:31	[INFO]	<<-- FINISHED READING ASICs ID
240617-17:08:31	[INFO]	-->> READING LV VALUES AFTER CONFIGURATION
240617-17:08:41	[INFO]	<<-- FINISHED READING LV VALUES AFTER CONFIGURATION
240617-17:08:41	[INFO]	-->> READING VDDM & TEMPERATURE
240617-17:08:45	[INFO]	<<-- FINISHED READING VDDM & TEMPERATURE
240617-17:08:45	[INFO]	-->> LOADING DEFAULT TRIM VALUES
240617-17:09:40	[INFO]	<<-- FINISHED LOADING DEFAULT TRIM VALUES
240617-17:09:40	[INFO]	-->> FINDING VREF_P, VREF_N & THR@_GLB FOR CALIBRATION
240617-17:16:40	[INFO]	<<-- FINISHED FINDING VREF_P, VREF_N & THR@_GLB FOR CALIBRATION
240617-17:16:40	[INFO]	--> SETTING THE CALIBRATION PARAMETERS
240617-17:16:40	[INFO]	<<-- FINISHED SETTING THE CALIBRATION PARAMETERS
240617-17:16:40	[INFO]	-->> CALIBRATING THE MODULE
240617-17:25:45	[INFO]	CAL_ASIC_HW_ADDR_7: ftrim_XA-000-08-002-000-004-089-10_HW_7_SET_56_27_118_46_R_30_247_elect.txt
240617-17:34:50	[INFO]	CAL_ASIC_HW_ADDR_6: ftrim_XA-000-08-002-002-006-249-04_HW_6_SET_56_26_118_40_R_30_247_elect.txt
240617-17:43:59	[INFO]	CAL_ASIC_HW_ADDR_5: ftrim_XA-000-08-002-000-004-090-10_HW_5_SET_56_27_118_48_R_30_247_elect.txt
240617-17:53:05	[INFO]	CAL_ASIC_HW_ADDR_4: ftrim_XA-000-08-002-000-004-085-10_HW_4_SET_55_23_118_37_R_30_247_elect.txt
240617-18:02:15	[INFO]	CAL_ASIC_HW_ADDR_3: ftrim_XA-000-08-002-000-004-091-10_HW_3_SET_56_27_118_40_R_30_247_elect.txt
240617-18:11:28	[INFO]	CAL_ASIC_HW_ADDR_2: ftrim_XA-000-08-002-000-005-017-02_HW_2_SET_57_26_118_34_R_30_247_elect.txt
240617-18:21:29	[INFO]	CAL_ASIC_HW_ADDR_1: ftrim_XA-000-08-002-000-004-092-10_HW_1_SET_57_28_118_43_R_30_247_elect.txt
240617-18:30:41	[INFO]	CAL_ASIC_HW_ADDR_0: ftrim_XA-000-08-002-000-005-016-02_HW_0_SET_57_22_118_41_R_30_247_elect.txt
240617-18:39:55	[INFO]	CAL_ASIC_HW_ADDR_1: ftrim_XA-000-08-002-000-005-015-05_HW_1_SET_58_22_118_10_R_30_247_holes.txt
240617-18:49:01	[INFO]	CAL_ASIC_HW_ADDR_0: ftrim_XA-000-08-002-000-003-238-01_HW_0_SET_56_21_118_55_R_30_247_holes.txt
240617-18:58:09	[INFO]	CAL_ASIC_HW_ADDR_3: ftrim_XA-000-08-002-000-005-009-05_HW_3_SET_56_20_118_37_R_30_247_holes.txt
240617-19:07:23	[INFO]	CAL_ASIC_HW_ADDR_2: ftrim_XA-000-08-002-000-004-059-01_HW_2_SET_56_22_118_47_R_30_247_holes.txt
240617-19:16:37	[INFO]	CAL_ASIC_HW_ADDR_5: ftrim_XA-000-08-002-000-005-012-05_HW_5_SET_55_21_118_42_R_30_247_holes.txt
240617-19:25:43	[INFO]	CAL_ASIC_HW_ADDR_4: ftrim_XA-000-08-002-000-003-177-03_HW_4_SET_54_21_118_51_R_30_247_holes.txt
240617-19:34:50	[INFO]	CAL_ASIC_HW_ADDR_7: ftrim_XA-000-08-002-000-005-013-05_HW_7_SET_57_19_118_40_R_30_247_holes.txt
240617-19:43:56	[INFO]	CAL_ASIC_HW_ADDR_6: ftrim_XA-000-08-002-000-001-000-03_HW_6_SET_56_22_118_44_R_30_247_holes.txt
240617-19:43:56	[INFO]	<<-- FINISHED CALIBRATING THE MODULE
240617-19:43:56	[INFO]	--> SETTING THE CALIBRATION TRIM
240617-19:45:48	[INFO]	<<-- FINISHED SETTING THE CALIBRATION TRIM
240617-19:45:48	[INFO]	--> MEASURING ENC AND CHECKING CALIBRATION
240617-19:52:58	[INFO]	PSCAN_ASIC_HW_ADDR_7: pscan_240617_1945_XA-000-08-002-000-004-089-10_HW_7_SET_56_27_118_46_VP_0_255_1_NP_100_elect.txt
240617-20:00:04	[INFO]	PSCAN_ASIC_HW_ADDR_6: pscan_240617_1952_XA-000-08-002-002-006-249-04_HW_6_SET_56_26_118_40_VP_0_255_1_NP_100_elect.txt
240617-20:07:09	[INFO]	PSCAN_ASIC_HW_ADDR_5: pscan_240617_2000_XA-000-08-002-000-004-090-10_HW_5_SET_56_27_118_48_VP_0_255_1_NP_100_elect.txt
240617-20:14:10	[INFO]	PSCAN_ASIC_HW_ADDR_4: pscan_240617_2007_XA-000-08-002-000-004-085-10_HW_4_SET_55_23_118_37_VP_0_255_1_NP_100_elect.txt
240617-20:21:14	[INFO]	PSCAN_ASIC_HW_ADDR_3: pscan_240617_2014_XA-000-08-002-000-004-091-10_HW_3_SET_56_27_118_40_VP_0_255_1_NP_100_elect.txt
240617-20:28:19	[INFO]	PSCAN_ASIC_HW_ADDR_2: pscan_240617_2021_XA-000-08-002-000-005-017-02_HW_2_SET_57_26_118_34_VP_0_255_1_NP_100_elect.txt
240617-20:35:26	[INFO]	PSCAN_ASIC_HW_ADDR_1: pscan_240617_2028_XA-000-08-002-000-004-092-10_HW_1_SET_57_28_118_43_VP_0_255_1_NP_100_elect.txt
240617-20:42:31	[INFO]	PSCAN_ASIC_HW_ADDR_0: pscan_240617_2035_XA-000-08-002-000-005-016-02_HW_0_SET_57_22_118_41_VP_0_255_1_NP_100_elect.txt
240617-20:49:36	[INFO]	PSCAN_ASIC_HW_ADDR_1: pscan_240617_2042_XA-000-08-002-000-005-015-05_HW_1_SET_58_22_118_10_VP_0_255_1_NP_100_holes.txt
240617-20:56:44	[INFO]	PSCAN_ASIC_HW_ADDR_0: pscan_240617_2049_XA-000-08-002-000-003-238-01_HW_0_SET_56_21_118_55_VP_0_255_1_NP_100_holes.txt
240617-21:03:48	[INFO]	PSCAN_ASIC_HW_ADDR_3: pscan_240617_2056_XA-000-08-002-000-005-009-05_HW_3_SET_56_20_118_37_VP_0_255_1_NP_100_holes.txt
240617-21:10:49	[INFO]	PSCAN_ASIC_HW_ADDR_2: pscan_240617_2103_XA-000-08-002-000-004-059-01_HW_2_SET_56_22_118_47_VP_0_255_1_NP_100_holes.txt
240617-21:17:53	[INFO]	PSCAN_ASIC_HW_ADDR_5: pscan_240617_2110_XA-000-08-002-000-005-012-05_HW_5_SET_55_21_118_42_VP_0_255_1_NP_100_holes.txt
240617-21:24:58	[INFO]	PSCAN_ASIC_HW_ADDR_4: pscan_240617_2117_XA-000-08-002-000-003-177-03_HW_4_SET_54_21_118_51_VP_0_255_1_NP_100_holes.txt
240617-21:31:57	[INFO]	PSCAN_ASIC_HW_ADDR_7: pscan_240617_2124_XA-000-08-002-000-005-013-05_HW_7_SET_57_19_118_40_VP_0_255_1_NP_100_holes.txt
240617-21:39:03	[INFO]	PSCAN_ASIC_HW_ADDR_6: pscan_240617_2131_XA-000-08-002-000-001-000-03_HW_6_SET_56_22_118_44_VP_0_255_1_NP_100_holes.txt
240617-21:39:03	[INFO]	<<-- FINISHED MEASURING ENC AND CHECKING CALIBRATION
240618-09:35:01	MODULE_ID:	M4UL2T0010310B2_240618_0935
240618-09:35:01	[INFO]	TEST_CENTER: GSI
240618-09:35:01	[INFO]	OPERATOR_ID: Dairon Rodriguez Garces
240618-09:35:01	[INFO]	MODULE ID: 	M4UL2T0010310B2
240618-09:35:01	[INFO]	SENSOR_SIZE [mm]: 	42
240618-09:35:01	[INFO]	SENSOR_QGRADE: 	A
240618-09:35:37	[INFO]	-->> RUNNING SYNCHRONIZATION
240618-09:36:08	[INFO]	<<-- FINISHED SYNCHRONIZATION
240618-09:36:08	[INFO]	-->> READING LV VALUES BEFORE CONFIGURATION
240618-09:36:09	[INFO]	<<-- FINISHED READING LV VALUES BEFORE CONFIGURATION
240618-09:36:09	[INFO]	-->> LOADING STANDARD CONFIGURATION
240618-09:36:18	[INFO]	<<-- FINISHED LOADING STANDARD CONFIGURATION
240618-09:36:18	[INFO]	-->> READING ASICs ID
240618-09:36:19	[INFO]	<<-- FINISHED READING ASICs ID
240618-09:36:19	[INFO]	-->> READING LV VALUES AFTER CONFIGURATION
240618-09:36:29	[INFO]	<<-- FINISHED READING LV VALUES AFTER CONFIGURATION
240618-09:36:29	[INFO]	-->> READING VDDM & TEMPERATURE
240618-09:36:32	[INFO]	<<-- FINISHED READING VDDM & TEMPERATURE
240618-09:36:32	[INFO]	--> SETTING THE CALIBRATION TRIM
240618-09:38:24	[INFO]	<<-- FINISHED SETTING THE CALIBRATION TRIM
240618-09:38:24	[INFO]	--> CHECKING CHANNELS' CONNECTIVITY
240618-09:38:24	[INFO]	CONN-CHECK_ASIC_HW_ADDR_7: elect
240618-09:38:42	[INFO]	CONN-CHECK_ASIC_HW_ADDR_6: elect
240618-09:38:59	[INFO]	CONN-CHECK_ASIC_HW_ADDR_5: elect
240618-09:39:17	[INFO]	CONN-CHECK_ASIC_HW_ADDR_4: elect
240618-09:39:35	[INFO]	CONN-CHECK_ASIC_HW_ADDR_3: elect
240618-09:39:52	[INFO]	CONN-CHECK_ASIC_HW_ADDR_2: elect
240618-09:40:10	[INFO]	CONN-CHECK_ASIC_HW_ADDR_1: elect
240618-09:40:28	[INFO]	CONN-CHECK_ASIC_HW_ADDR_0: elect
240618-09:40:46	[INFO]	CONN-CHECK_ASIC_HW_ADDR_1: holes
240618-09:41:04	[INFO]	CONN-CHECK_ASIC_HW_ADDR_0: holes
240618-09:41:22	[INFO]	CONN-CHECK_ASIC_HW_ADDR_3: holes
240618-09:41:40	[INFO]	CONN-CHECK_ASIC_HW_ADDR_2: holes
240618-09:41:58	[INFO]	CONN-CHECK_ASIC_HW_ADDR_5: holes
240618-09:42:16	[INFO]	CONN-CHECK_ASIC_HW_ADDR_4: holes
240618-09:42:34	[INFO]	CONN-CHECK_ASIC_HW_ADDR_7: holes
240618-09:42:52	[INFO]	CONN-CHECK_ASIC_HW_ADDR_6: holes
240618-09:43:10	[INFO]	<<-- FINISHED CHECKING CHANNELS' CONNECTIVITY
