240619-11:49:04	MODULE_ID:	M4UL6B1010341A2
240619-11:49:04	[INFO]	TEST_CENTER: GSI
240619-11:49:04	[INFO]	OPERATOR_ID: Dairon Rodriguez Garces
240619-11:49:04	[INFO]	MODULE ID: 	M4UL6B1010341A2
240619-11:49:04	[INFO]	SENSOR_SIZE [mm]: 	62
240619-11:49:04	[INFO]	SENSOR_QGRADE: 	C
240619-11:49:25	[INFO]	-->> RUNNING SYNCHRONIZATION
240619-11:49:55	[INFO]	<<-- FINISHED SYNCHRONIZATION
240619-11:49:55	[INFO]	-->> READING LV VALUES BEFORE CONFIGURATION
240619-11:49:56	[INFO]	<<-- FINISHED READING LV VALUES BEFORE CONFIGURATION
240619-11:49:56	[INFO]	-->> LOADING STANDARD CONFIGURATION
240619-11:50:03	[INFO]	<<-- FINISHED LOADING STANDARD CONFIGURATION
240619-11:50:03	[INFO]	-->> READING ASICs ID
240619-11:50:04	[INFO]	<<-- FINISHED READING ASICs ID
240619-11:50:04	[INFO]	-->> LOADING DEFAULT TRIM VALUES
240619-11:50:36	MODULE_ID:	M4UL6B1010341A2_240619_1150
240619-11:50:36	[INFO]	TEST_CENTER: GSI
240619-11:50:36	[INFO]	OPERATOR_ID: Dairon Rodriguez Garces
240619-11:50:36	[INFO]	MODULE ID: 	M4UL6B1010341A2
240619-11:50:36	[INFO]	SENSOR_SIZE [mm]: 	62
240619-11:50:36	[INFO]	SENSOR_QGRADE: 	C
240619-11:50:59	[INFO]	-->> RUNNING SYNCHRONIZATION
240619-11:52:14	MODULE_ID:	M4UL6B1010341A2_240619_1152
240619-11:52:14	[INFO]	TEST_CENTER: GSI
240619-11:52:14	[INFO]	OPERATOR_ID: Dairon Rodriguez Garces
240619-11:52:14	[INFO]	MODULE ID: 	M4UL6B1010341A2
240619-11:52:14	[INFO]	SENSOR_SIZE [mm]: 	62
240619-11:52:14	[INFO]	SENSOR_QGRADE: 	C
240619-11:53:14	[INFO]	-->> RUNNING SYNCHRONIZATION
240619-11:53:53	MODULE_ID:	M4UL6B1010341A2_240619_1153
240619-11:53:53	[INFO]	TEST_CENTER: GSI
240619-11:53:53	[INFO]	OPERATOR_ID: Dairon Rodriguez Garces
240619-11:53:53	[INFO]	MODULE ID: 	M4UL6B1010341A2
240619-11:53:53	[INFO]	SENSOR_SIZE [mm]: 	62
240619-11:53:53	[INFO]	SENSOR_QGRADE: 	C
240619-11:54:09	[INFO]	-->> RUNNING SYNCHRONIZATION
240619-11:54:39	[INFO]	<<-- FINISHED SYNCHRONIZATION
240619-11:54:39	[INFO]	-->> READING LV VALUES BEFORE CONFIGURATION
240619-11:54:39	[INFO]	<<-- FINISHED READING LV VALUES BEFORE CONFIGURATION
240619-11:54:39	[INFO]	-->> LOADING STANDARD CONFIGURATION
240619-11:54:47	[INFO]	<<-- FINISHED LOADING STANDARD CONFIGURATION
240619-11:54:47	[INFO]	-->> READING ASICs ID
240619-11:54:48	[INFO]	<<-- FINISHED READING ASICs ID
240619-11:54:48	[INFO]	-->> LOADING DEFAULT TRIM VALUES
240619-11:55:46	[INFO]	<<-- FINISHED LOADING DEFAULT TRIM VALUES
240619-11:55:46	[INFO]	-->> READING LV VALUES AFTER CONFIGURATION
240619-11:55:57	[INFO]	<<-- FINISHED READING LV VALUES AFTER CONFIGURATION
240619-11:55:57	[INFO]	-->> READING VDDM & TEMPERATURE
240619-11:56:00	[INFO]	<<-- FINISHED READING VDDM & TEMPERATURE
240619-11:56:00	[INFO]	-->> LOADING DEFAULT TRIM VALUES
240619-11:56:58	[INFO]	<<-- FINISHED LOADING DEFAULT TRIM VALUES
240619-11:56:58	[INFO]	-->> FINDING VREF_P, VREF_N & THR@_GLB FOR CALIBRATION
240619-12:04:23	[INFO]	<<-- FINISHED FINDING VREF_P, VREF_N & THR@_GLB FOR CALIBRATION
240619-12:04:23	[INFO]	--> SETTING THE CALIBRATION PARAMETERS
240619-12:04:23	[INFO]	<<-- FINISHED SETTING THE CALIBRATION PARAMETERS
240619-12:04:23	[INFO]	-->> CALIBRATING THE MODULE
240619-12:13:39	[INFO]	CAL_ASIC_HW_ADDR_1: ftrim_XA-000-08-002-000-005-222-13_HW_1_SET_56_28_118_31_R_30_247_elect.txt
240619-12:22:51	[INFO]	CAL_ASIC_HW_ADDR_0: ftrim_XA-000-08-002-000-005-248-03_HW_0_SET_57_25_118_48_R_30_247_elect.txt
240619-12:31:59	[INFO]	CAL_ASIC_HW_ADDR_3: ftrim_XA-000-08-002-000-005-226-04_HW_3_SET_56_25_118_36_R_30_247_elect.txt
240619-12:41:10	[INFO]	CAL_ASIC_HW_ADDR_2: ftrim_XA-000-08-002-000-005-245-03_HW_2_SET_56_26_118_50_R_30_247_elect.txt
240619-12:50:28	[INFO]	CAL_ASIC_HW_ADDR_5: ftrim_XA-000-08-002-000-000-031-09_HW_5_SET_56_23_118_42_R_30_247_elect.txt
240619-12:59:48	[INFO]	CAL_ASIC_HW_ADDR_4: ftrim_XA-000-08-002-000-005-235-04_HW_4_SET_55_22_118_51_R_30_247_elect.txt
240619-13:09:02	[INFO]	CAL_ASIC_HW_ADDR_7: ftrim_XA-000-08-002-000-005-231-04_HW_7_SET_56_25_118_48_R_30_247_elect.txt
240619-13:18:15	[INFO]	CAL_ASIC_HW_ADDR_6: ftrim_XA-000-08-002-000-005-229-04_HW_6_SET_57_26_118_10_R_30_247_elect.txt
240619-13:27:24	[INFO]	CAL_ASIC_HW_ADDR_7: ftrim_XA-000-08-002-000-000-047-00_HW_7_SET_47_24_118_10_R_30_247_holes.txt
240619-13:36:32	[INFO]	CAL_ASIC_HW_ADDR_6: ftrim_XA-000-08-002-000-000-048-07_HW_6_SET_56_23_118_10_R_30_247_holes.txt
240619-13:45:42	[INFO]	CAL_ASIC_HW_ADDR_5: ftrim_XA-000-08-002-000-000-049-07_HW_5_SET_55_22_118_68_R_30_247_holes.txt
240619-13:54:59	[INFO]	CAL_ASIC_HW_ADDR_4: ftrim_XA-000-08-002-000-000-054-07_HW_4_SET_56_24_118_69_R_30_247_holes.txt
240619-14:04:16	[INFO]	CAL_ASIC_HW_ADDR_3: ftrim_XA-000-08-002-000-000-044-00_HW_3_SET_56_23_118_10_R_30_247_holes.txt
240619-14:13:28	[INFO]	CAL_ASIC_HW_ADDR_2: ftrim_XA-000-08-002-000-000-051-07_HW_2_SET_57_23_118_68_R_30_247_holes.txt
240619-14:22:40	[INFO]	CAL_ASIC_HW_ADDR_1: ftrim_XA-000-08-002-000-000-043-00_HW_1_SET_57_22_118_10_R_30_247_holes.txt
240619-14:32:03	[INFO]	CAL_ASIC_HW_ADDR_0: ftrim_XA-000-08-002-000-000-032-00_HW_0_SET_58_25_118_68_R_30_247_holes.txt
240619-14:32:03	[INFO]	<<-- FINISHED CALIBRATING THE MODULE
240619-14:32:03	[INFO]	--> SETTING THE CALIBRATION TRIM
240619-14:33:59	[INFO]	<<-- FINISHED SETTING THE CALIBRATION TRIM
240619-14:33:59	[INFO]	--> MEASURING ENC AND CHECKING CALIBRATION
240619-14:41:20	[INFO]	PSCAN_ASIC_HW_ADDR_1: pscan_240619_1433_XA-000-08-002-000-005-222-13_HW_1_SET_56_28_118_31_VP_0_255_1_NP_100_elect.txt
240619-14:48:51	[INFO]	PSCAN_ASIC_HW_ADDR_0: pscan_240619_1441_XA-000-08-002-000-005-248-03_HW_0_SET_57_25_118_48_VP_0_255_1_NP_100_elect.txt
240619-14:56:18	[INFO]	PSCAN_ASIC_HW_ADDR_3: pscan_240619_1448_XA-000-08-002-000-005-226-04_HW_3_SET_56_25_118_36_VP_0_255_1_NP_100_elect.txt
240619-15:03:47	[INFO]	PSCAN_ASIC_HW_ADDR_2: pscan_240619_1456_XA-000-08-002-000-005-245-03_HW_2_SET_56_26_118_50_VP_0_255_1_NP_100_elect.txt
240619-15:11:08	[INFO]	PSCAN_ASIC_HW_ADDR_5: pscan_240619_1503_XA-000-08-002-000-000-031-09_HW_5_SET_56_23_118_42_VP_0_255_1_NP_100_elect.txt
240619-15:18:26	[INFO]	PSCAN_ASIC_HW_ADDR_4: pscan_240619_1511_XA-000-08-002-000-005-235-04_HW_4_SET_55_22_118_51_VP_0_255_1_NP_100_elect.txt
240619-15:25:45	[INFO]	PSCAN_ASIC_HW_ADDR_7: pscan_240619_1518_XA-000-08-002-000-005-231-04_HW_7_SET_56_25_118_48_VP_0_255_1_NP_100_elect.txt
240619-15:33:06	[INFO]	PSCAN_ASIC_HW_ADDR_6: pscan_240619_1525_XA-000-08-002-000-005-229-04_HW_6_SET_57_26_118_10_VP_0_255_1_NP_100_elect.txt
240619-15:40:23	[INFO]	PSCAN_ASIC_HW_ADDR_7: pscan_240619_1533_XA-000-08-002-000-000-047-00_HW_7_SET_47_24_118_10_VP_0_255_1_NP_100_holes.txt
240619-15:47:40	[INFO]	PSCAN_ASIC_HW_ADDR_6: pscan_240619_1540_XA-000-08-002-000-000-048-07_HW_6_SET_56_23_118_10_VP_0_255_1_NP_100_holes.txt
240619-15:55:00	[INFO]	PSCAN_ASIC_HW_ADDR_5: pscan_240619_1547_XA-000-08-002-000-000-049-07_HW_5_SET_55_22_118_68_VP_0_255_1_NP_100_holes.txt
240619-16:02:24	[INFO]	PSCAN_ASIC_HW_ADDR_4: pscan_240619_1555_XA-000-08-002-000-000-054-07_HW_4_SET_56_24_118_69_VP_0_255_1_NP_100_holes.txt
240619-16:09:56	[INFO]	PSCAN_ASIC_HW_ADDR_3: pscan_240619_1602_XA-000-08-002-000-000-044-00_HW_3_SET_56_23_118_10_VP_0_255_1_NP_100_holes.txt
240619-16:17:28	[INFO]	PSCAN_ASIC_HW_ADDR_2: pscan_240619_1609_XA-000-08-002-000-000-051-07_HW_2_SET_57_23_118_68_VP_0_255_1_NP_100_holes.txt
240619-16:25:11	[INFO]	PSCAN_ASIC_HW_ADDR_1: pscan_240619_1617_XA-000-08-002-000-000-043-00_HW_1_SET_57_22_118_10_VP_0_255_1_NP_100_holes.txt
240619-16:33:33	[INFO]	PSCAN_ASIC_HW_ADDR_0: pscan_240619_1625_XA-000-08-002-000-000-032-00_HW_0_SET_58_25_118_68_VP_0_255_1_NP_100_holes.txt
240619-16:33:33	[INFO]	<<-- FINISHED MEASURING ENC AND CHECKING CALIBRATION
240619-17:23:12	MODULE_ID:	M4UL6B1010341A2_240619_1723
240619-17:23:12	[INFO]	TEST_CENTER: GSI
240619-17:23:12	[INFO]	OPERATOR_ID: Dairon Rodriguez Garces
240619-17:23:12	[INFO]	MODULE ID: 	M4UL6B1010341A2
240619-17:23:12	[INFO]	SENSOR_SIZE [mm]: 	62
240619-17:23:12	[INFO]	SENSOR_QGRADE: 	C
240619-17:23:31	[INFO]	-->> RUNNING SYNCHRONIZATION
240619-17:24:05	[INFO]	<<-- FINISHED SYNCHRONIZATION
240619-17:24:05	[INFO]	-->> READING LV VALUES BEFORE CONFIGURATION
240619-17:24:05	[INFO]	<<-- FINISHED READING LV VALUES BEFORE CONFIGURATION
240619-17:24:05	[INFO]	-->> LOADING STANDARD CONFIGURATION
240619-17:24:15	[INFO]	<<-- FINISHED LOADING STANDARD CONFIGURATION
240619-17:24:15	[INFO]	-->> READING ASICs ID
240619-17:24:16	[INFO]	<<-- FINISHED READING ASICs ID
240619-17:24:16	[INFO]	-->> LOADING DEFAULT TRIM VALUES
240619-17:25:29	[INFO]	<<-- FINISHED LOADING DEFAULT TRIM VALUES
240619-17:25:29	[INFO]	-->> READING LV VALUES AFTER CONFIGURATION
240619-17:25:39	[INFO]	<<-- FINISHED READING LV VALUES AFTER CONFIGURATION
240619-17:25:39	[INFO]	-->> READING VDDM & TEMPERATURE
240619-17:25:42	[INFO]	<<-- FINISHED READING VDDM & TEMPERATURE
240619-17:25:42	[INFO]	--> SETTING THE CALIBRATION TRIM
240619-17:28:09	[INFO]	<<-- FINISHED SETTING THE CALIBRATION TRIM
240619-17:28:09	[INFO]	--> CHECKING CHANNELS' CONNECTIVITY
240619-17:28:09	[INFO]	CONN-CHECK_ASIC_HW_ADDR_1: elect
240619-17:28:33	[INFO]	CONN-CHECK_ASIC_HW_ADDR_0: elect
240619-17:28:56	[INFO]	CONN-CHECK_ASIC_HW_ADDR_3: elect
240619-17:29:19	[INFO]	CONN-CHECK_ASIC_HW_ADDR_2: elect
240619-17:29:42	[INFO]	CONN-CHECK_ASIC_HW_ADDR_5: elect
240619-17:30:03	[INFO]	CONN-CHECK_ASIC_HW_ADDR_4: elect
240619-17:30:26	[INFO]	CONN-CHECK_ASIC_HW_ADDR_7: elect
240619-17:30:49	[INFO]	CONN-CHECK_ASIC_HW_ADDR_6: elect
240619-17:31:13	[INFO]	CONN-CHECK_ASIC_HW_ADDR_7: holes
240619-17:31:36	[INFO]	CONN-CHECK_ASIC_HW_ADDR_6: holes
240619-17:31:59	[INFO]	CONN-CHECK_ASIC_HW_ADDR_5: holes
240619-17:32:22	[INFO]	CONN-CHECK_ASIC_HW_ADDR_4: holes
240619-17:32:45	[INFO]	CONN-CHECK_ASIC_HW_ADDR_3: holes
240619-17:33:09	[INFO]	CONN-CHECK_ASIC_HW_ADDR_2: holes
240619-17:33:32	[INFO]	CONN-CHECK_ASIC_HW_ADDR_1: holes
240619-17:33:56	[INFO]	CONN-CHECK_ASIC_HW_ADDR_0: holes
240619-17:34:19	[INFO]	<<-- FINISHED CHECKING CHANNELS' CONNECTIVITY
