240618-10:51:39	MODULE_ID:	M4UL2T1010311B2
240618-10:51:39	[INFO]	TEST_CENTER: GSI
240618-10:51:39	[INFO]	OPERATOR_ID: Dairon Rodriguez Garces
240618-10:51:39	[INFO]	MODULE ID: 	M4UL2T1010311B2
240618-10:51:39	[INFO]	SENSOR_SIZE [mm]: 	42
240618-10:51:39	[INFO]	SENSOR_QGRADE: 	A
240618-10:52:20	[INFO]	-->> RUNNING SYNCHRONIZATION
240618-10:52:53	[INFO]	<<-- FINISHED SYNCHRONIZATION
240618-10:52:53	[INFO]	-->> READING LV VALUES BEFORE CONFIGURATION
240618-10:52:53	[INFO]	<<-- FINISHED READING LV VALUES BEFORE CONFIGURATION
240618-10:52:53	[INFO]	-->> LOADING STANDARD CONFIGURATION
240618-10:53:02	[INFO]	<<-- FINISHED LOADING STANDARD CONFIGURATION
240618-10:53:02	[INFO]	-->> READING ASICs ID
240618-10:53:03	[INFO]	<<-- FINISHED READING ASICs ID
240618-10:53:03	[INFO]	-->> READING LV VALUES AFTER CONFIGURATION
240618-10:53:13	[INFO]	<<-- FINISHED READING LV VALUES AFTER CONFIGURATION
240618-10:53:13	[INFO]	-->> READING VDDM & TEMPERATURE
240618-10:53:17	[INFO]	<<-- FINISHED READING VDDM & TEMPERATURE
240618-10:53:17	[INFO]	-->> LOADING DEFAULT TRIM VALUES
240618-10:54:11	[INFO]	<<-- FINISHED LOADING DEFAULT TRIM VALUES
240618-10:54:11	[INFO]	-->> FINDING VREF_P, VREF_N & THR@_GLB FOR CALIBRATION
240618-11:01:10	[INFO]	<<-- FINISHED FINDING VREF_P, VREF_N & THR@_GLB FOR CALIBRATION
240618-11:01:10	[INFO]	--> SETTING THE CALIBRATION PARAMETERS
240618-11:01:10	[INFO]	<<-- FINISHED SETTING THE CALIBRATION PARAMETERS
240618-11:01:10	[INFO]	-->> CALIBRATING THE MODULE
240618-11:10:15	[INFO]	CAL_ASIC_HW_ADDR_7: ftrim_XA-000-08-002-000-004-115-04_HW_7_SET_58_24_118_41_R_30_247_elect.txt
240618-11:19:14	[INFO]	CAL_ASIC_HW_ADDR_6: ftrim_XA-000-08-002-000-004-119-04_HW_6_SET_56_20_118_48_R_30_247_elect.txt
240618-11:29:05	[INFO]	CAL_ASIC_HW_ADDR_5: ftrim_XA-000-08-002-000-004-116-04_HW_5_SET_57_24_118_36_R_30_247_elect.txt
240618-11:38:14	[INFO]	CAL_ASIC_HW_ADDR_4: ftrim_XA-000-08-002-000-005-032-11_HW_4_SET_55_24_118_44_R_30_247_elect.txt
240618-11:47:26	[INFO]	CAL_ASIC_HW_ADDR_3: ftrim_XA-000-08-002-000-004-117-04_HW_3_SET_55_25_118_50_R_30_247_elect.txt
240618-11:56:37	[INFO]	CAL_ASIC_HW_ADDR_2: ftrim_XA-000-08-002-000-005-019-02_HW_2_SET_57_24_118_44_R_30_247_elect.txt
240618-12:05:52	[INFO]	CAL_ASIC_HW_ADDR_1: ftrim_XA-000-08-002-000-004-118-04_HW_1_SET_58_23_118_47_R_30_247_elect.txt
240618-12:15:04	[INFO]	CAL_ASIC_HW_ADDR_0: ftrim_XA-000-08-002-000-005-020-02_HW_0_SET_56_26_118_52_R_30_247_elect.txt
240618-12:24:16	[INFO]	CAL_ASIC_HW_ADDR_1: ftrim_XA-000-08-002-000-005-023-02_HW_1_SET_58_22_118_10_R_30_247_holes.txt
240618-12:33:20	[INFO]	CAL_ASIC_HW_ADDR_0: ftrim_XA-000-08-002-000-004-114-04_HW_0_SET_55_19_118_55_R_30_247_holes.txt
240618-12:42:21	[INFO]	CAL_ASIC_HW_ADDR_3: ftrim_XA-000-08-002-000-005-024-02_HW_3_SET_55_19_118_45_R_30_247_holes.txt
240618-12:51:28	[INFO]	CAL_ASIC_HW_ADDR_2: ftrim_XA-000-08-002-000-004-113-04_HW_2_SET_56_20_118_54_R_30_247_holes.txt
240618-13:00:31	[INFO]	CAL_ASIC_HW_ADDR_5: ftrim_XA-000-08-002-000-005-025-02_HW_5_SET_56_20_118_56_R_30_247_holes.txt
240618-13:09:39	[INFO]	CAL_ASIC_HW_ADDR_4: ftrim_XA-000-08-002-000-004-112-04_HW_4_SET_56_22_118_54_R_30_247_holes.txt
240618-13:18:59	[INFO]	CAL_ASIC_HW_ADDR_7: ftrim_XA-000-08-002-000-005-022-02_HW_7_SET_56_18_118_61_R_30_247_holes.txt
240618-13:28:17	[INFO]	CAL_ASIC_HW_ADDR_6: ftrim_XA-000-08-002-000-004-086-10_HW_6_SET_56_21_118_50_R_30_247_holes.txt
240618-13:28:17	[INFO]	<<-- FINISHED CALIBRATING THE MODULE
240618-13:28:17	[INFO]	--> SETTING THE CALIBRATION TRIM
240618-13:30:11	[INFO]	<<-- FINISHED SETTING THE CALIBRATION TRIM
240618-13:30:11	[INFO]	--> MEASURING ENC AND CHECKING CALIBRATION
240618-13:37:22	[INFO]	PSCAN_ASIC_HW_ADDR_7: pscan_240618_1330_XA-000-08-002-000-004-115-04_HW_7_SET_58_24_118_41_VP_0_255_1_NP_100_elect.txt
240618-13:44:31	[INFO]	PSCAN_ASIC_HW_ADDR_6: pscan_240618_1337_XA-000-08-002-000-004-119-04_HW_6_SET_56_20_118_48_VP_0_255_1_NP_100_elect.txt
240618-13:51:44	[INFO]	PSCAN_ASIC_HW_ADDR_5: pscan_240618_1344_XA-000-08-002-000-004-116-04_HW_5_SET_57_24_118_36_VP_0_255_1_NP_100_elect.txt
240618-13:58:50	[INFO]	PSCAN_ASIC_HW_ADDR_4: pscan_240618_1351_XA-000-08-002-000-005-032-11_HW_4_SET_55_24_118_44_VP_0_255_1_NP_100_elect.txt
240618-14:05:55	[INFO]	PSCAN_ASIC_HW_ADDR_3: pscan_240618_1358_XA-000-08-002-000-004-117-04_HW_3_SET_55_25_118_50_VP_0_255_1_NP_100_elect.txt
240618-14:13:07	[INFO]	PSCAN_ASIC_HW_ADDR_2: pscan_240618_1405_XA-000-08-002-000-005-019-02_HW_2_SET_57_24_118_44_VP_0_255_1_NP_100_elect.txt
240618-14:20:16	[INFO]	PSCAN_ASIC_HW_ADDR_1: pscan_240618_1413_XA-000-08-002-000-004-118-04_HW_1_SET_58_23_118_47_VP_0_255_1_NP_100_elect.txt
240618-14:27:17	[INFO]	PSCAN_ASIC_HW_ADDR_0: pscan_240618_1420_XA-000-08-002-000-005-020-02_HW_0_SET_56_26_118_52_VP_0_255_1_NP_100_elect.txt
240618-14:34:19	[INFO]	PSCAN_ASIC_HW_ADDR_1: pscan_240618_1427_XA-000-08-002-000-005-023-02_HW_1_SET_58_22_118_10_VP_0_255_1_NP_100_holes.txt
240618-14:41:22	[INFO]	PSCAN_ASIC_HW_ADDR_0: pscan_240618_1434_XA-000-08-002-000-004-114-04_HW_0_SET_55_19_118_55_VP_0_255_1_NP_100_holes.txt
240618-14:48:25	[INFO]	PSCAN_ASIC_HW_ADDR_3: pscan_240618_1441_XA-000-08-002-000-005-024-02_HW_3_SET_55_19_118_45_VP_0_255_1_NP_100_holes.txt
240618-14:55:24	[INFO]	PSCAN_ASIC_HW_ADDR_2: pscan_240618_1448_XA-000-08-002-000-004-113-04_HW_2_SET_56_20_118_54_VP_0_255_1_NP_100_holes.txt
240618-15:02:24	[INFO]	PSCAN_ASIC_HW_ADDR_5: pscan_240618_1455_XA-000-08-002-000-005-025-02_HW_5_SET_56_20_118_56_VP_0_255_1_NP_100_holes.txt
240618-15:09:26	[INFO]	PSCAN_ASIC_HW_ADDR_4: pscan_240618_1502_XA-000-08-002-000-004-112-04_HW_4_SET_56_22_118_54_VP_0_255_1_NP_100_holes.txt
240618-15:16:25	[INFO]	PSCAN_ASIC_HW_ADDR_7: pscan_240618_1509_XA-000-08-002-000-005-022-02_HW_7_SET_56_18_118_61_VP_0_255_1_NP_100_holes.txt
240618-15:23:26	[INFO]	PSCAN_ASIC_HW_ADDR_6: pscan_240618_1516_XA-000-08-002-000-004-086-10_HW_6_SET_56_21_118_50_VP_0_255_1_NP_100_holes.txt
240618-15:23:26	[INFO]	<<-- FINISHED MEASURING ENC AND CHECKING CALIBRATION
240618-16:06:18	MODULE_ID:	M4UL2T1010311B2_240618_1606
240618-16:06:18	[INFO]	TEST_CENTER: GSI
240618-16:06:18	[INFO]	OPERATOR_ID: Dairon Rodriguez Garces
240618-16:06:18	[INFO]	MODULE ID: 	M4UL2T1010311B2
240618-16:06:18	[INFO]	SENSOR_SIZE [mm]: 	42
240618-16:06:18	[INFO]	SENSOR_QGRADE: 	A
240618-16:06:36	[INFO]	-->> RUNNING SYNCHRONIZATION
240618-16:09:31	MODULE_ID:	M4UL2T1010311B2_240618_1609
240618-16:09:31	[INFO]	TEST_CENTER: GSI
240618-16:09:31	[INFO]	OPERATOR_ID: Dairon Rodriguez Garces
240618-16:09:31	[INFO]	MODULE ID: 	M4UL2T1010311B2
240618-16:09:31	[INFO]	SENSOR_SIZE [mm]: 	42
240618-16:09:31	[INFO]	SENSOR_QGRADE: 	A
240618-16:09:46	[INFO]	-->> RUNNING SYNCHRONIZATION
240618-16:10:18	[INFO]	<<-- FINISHED SYNCHRONIZATION
240618-16:10:18	[INFO]	-->> READING LV VALUES BEFORE CONFIGURATION
240618-16:10:18	[INFO]	<<-- FINISHED READING LV VALUES BEFORE CONFIGURATION
240618-16:10:18	[INFO]	-->> LOADING STANDARD CONFIGURATION
240618-16:10:26	[INFO]	<<-- FINISHED LOADING STANDARD CONFIGURATION
240618-16:10:26	[INFO]	-->> READING ASICs ID
240618-16:10:27	[INFO]	<<-- FINISHED READING ASICs ID
240618-16:10:27	[INFO]	-->> READING LV VALUES AFTER CONFIGURATION
240618-16:10:38	[INFO]	<<-- FINISHED READING LV VALUES AFTER CONFIGURATION
240618-16:10:38	[INFO]	-->> READING VDDM & TEMPERATURE
240618-16:10:41	[INFO]	<<-- FINISHED READING VDDM & TEMPERATURE
240618-16:10:41	[INFO]	--> SETTING THE CALIBRATION TRIM
240618-16:12:57	[INFO]	<<-- FINISHED SETTING THE CALIBRATION TRIM
240618-16:12:57	[INFO]	--> CHECKING CHANNELS' CONNECTIVITY
240618-16:12:57	[INFO]	CONN-CHECK_ASIC_HW_ADDR_7: elect
240618-16:13:18	[INFO]	CONN-CHECK_ASIC_HW_ADDR_6: elect
240618-16:13:39	[INFO]	CONN-CHECK_ASIC_HW_ADDR_5: elect
240618-16:14:00	[INFO]	CONN-CHECK_ASIC_HW_ADDR_4: elect
240618-16:14:21	[INFO]	CONN-CHECK_ASIC_HW_ADDR_3: elect
240618-16:14:43	[INFO]	CONN-CHECK_ASIC_HW_ADDR_2: elect
240618-16:15:04	[INFO]	CONN-CHECK_ASIC_HW_ADDR_1: elect
240618-16:15:26	[INFO]	CONN-CHECK_ASIC_HW_ADDR_0: elect
240618-16:15:47	[INFO]	CONN-CHECK_ASIC_HW_ADDR_1: holes
240618-16:16:08	[INFO]	CONN-CHECK_ASIC_HW_ADDR_0: holes
240618-16:16:27	[INFO]	CONN-CHECK_ASIC_HW_ADDR_3: holes
240618-16:16:46	[INFO]	CONN-CHECK_ASIC_HW_ADDR_2: holes
240618-16:17:06	[INFO]	CONN-CHECK_ASIC_HW_ADDR_5: holes
240618-16:17:24	[INFO]	CONN-CHECK_ASIC_HW_ADDR_4: holes
240618-16:17:42	[INFO]	CONN-CHECK_ASIC_HW_ADDR_7: holes
240618-16:18:00	[INFO]	CONN-CHECK_ASIC_HW_ADDR_6: holes
240618-16:18:18	[INFO]	<<-- FINISHED CHECKING CHANNELS' CONNECTIVITY
