240715-11:05:04	MODULE_ID:	M4UL0T3010553B2
240715-11:05:04	[INFO]	TEST_CENTER: GSI
240715-11:05:04	[INFO]	OPERATOR_ID: Dairon Rodriguez Garces
240715-11:05:04	[INFO]	MODULE ID: 	M4UL0T3010553B2
240715-11:05:04	[INFO]	SENSOR_SIZE [mm]: 	124
240715-11:05:04	[INFO]	SENSOR_QGRADE: 	B
240715-11:05:40	[INFO]	-->> RUNNING SYNCHRONIZATION
240715-11:06:10	[INFO]	<<-- FINISHED SYNCHRONIZATION
240715-11:06:10	[INFO]	-->> READING LV VALUES BEFORE CONFIGURATION
240715-11:06:10	[INFO]	<<-- FINISHED READING LV VALUES BEFORE CONFIGURATION
240715-11:06:10	[INFO]	-->> LOADING STANDARD CONFIGURATION
240715-11:06:17	[INFO]	<<-- FINISHED LOADING STANDARD CONFIGURATION
240715-11:06:17	[INFO]	-->> READING ASICs ID
240715-11:06:18	[INFO]	<<-- FINISHED READING ASICs ID
240715-11:06:18	[INFO]	-->> LOADING DEFAULT TRIM VALUES
240715-11:07:17	[INFO]	<<-- FINISHED LOADING DEFAULT TRIM VALUES
240715-11:07:17	[INFO]	-->> READING LV VALUES AFTER CONFIGURATION
240715-11:07:27	[INFO]	<<-- FINISHED READING LV VALUES AFTER CONFIGURATION
240715-11:07:27	[INFO]	-->> READING VDDM & TEMPERATURE
240715-11:07:30	[INFO]	<<-- FINISHED READING VDDM & TEMPERATURE
240715-11:07:30	[INFO]	-->> LOADING DEFAULT TRIM VALUES
240715-11:08:29	[INFO]	<<-- FINISHED LOADING DEFAULT TRIM VALUES
240715-11:08:29	[INFO]	-->> FINDING VREF_P, VREF_N & THR@_GLB FOR CALIBRATION
240715-11:15:35	[INFO]	<<-- FINISHED FINDING VREF_P, VREF_N & THR@_GLB FOR CALIBRATION
240715-11:15:35	[INFO]	--> SETTING THE CALIBRATION PARAMETERS
240715-11:15:35	[INFO]	<<-- FINISHED SETTING THE CALIBRATION PARAMETERS
240715-11:15:35	[INFO]	-->> CALIBRATING THE MODULE
240715-11:24:46	[INFO]	CAL_ASIC_HW_ADDR_7: ftrim_XA-000-08-002-001-007-253-08_HW_7_SET_56_24_118_37_R_30_247_elect.txt
240715-11:34:08	[INFO]	CAL_ASIC_HW_ADDR_6: ftrim_XA-000-08-002-001-008-011-10_HW_6_SET_56_26_118_36_R_30_247_elect.txt
240715-11:43:18	[INFO]	CAL_ASIC_HW_ADDR_5: ftrim_XA-000-08-002-001-008-000-10_HW_5_SET_56_25_118_38_R_30_247_elect.txt
240715-11:52:21	[INFO]	CAL_ASIC_HW_ADDR_4: ftrim_XA-000-08-002-001-008-020-13_HW_4_SET_57_26_118_39_R_30_247_elect.txt
240715-12:01:27	[INFO]	CAL_ASIC_HW_ADDR_3: ftrim_XA-000-08-002-001-008-006-10_HW_3_SET_57_25_118_36_R_30_247_elect.txt
240715-12:10:27	[INFO]	CAL_ASIC_HW_ADDR_2: ftrim_XA-000-08-002-001-008-010-10_HW_2_SET_56_24_118_42_R_30_247_elect.txt
240715-12:19:26	[INFO]	CAL_ASIC_HW_ADDR_1: ftrim_XA-000-08-002-001-008-005-10_HW_1_SET_56_23_118_34_R_30_247_elect.txt
240715-12:28:25	[INFO]	CAL_ASIC_HW_ADDR_0: ftrim_XA-000-08-002-001-008-014-10_HW_0_SET_55_24_118_41_R_30_247_elect.txt
240715-12:37:26	[INFO]	CAL_ASIC_HW_ADDR_1: ftrim_XA-000-08-002-001-008-026-13_HW_1_SET_57_24_118_67_R_30_247_holes.txt
240715-12:46:26	[INFO]	CAL_ASIC_HW_ADDR_0: ftrim_XA-000-08-002-001-008-004-10_HW_0_SET_57_23_118_33_R_30_247_holes.txt
240715-12:55:29	[INFO]	CAL_ASIC_HW_ADDR_3: ftrim_XA-000-08-002-001-008-024-13_HW_3_SET_57_24_118_39_R_30_247_holes.txt
240715-13:04:28	[INFO]	CAL_ASIC_HW_ADDR_2: ftrim_XA-000-08-002-001-008-058-03_HW_2_SET_58_22_118_38_R_30_247_holes.txt
240715-13:13:27	[INFO]	CAL_ASIC_HW_ADDR_5: ftrim_XA-000-08-002-001-008-008-10_HW_5_SET_58_22_118_42_R_30_247_holes.txt
240715-13:22:26	[INFO]	CAL_ASIC_HW_ADDR_4: ftrim_XA-000-08-002-001-008-050-03_HW_4_SET_57_18_118_40_R_30_247_holes.txt
240715-13:31:24	[INFO]	CAL_ASIC_HW_ADDR_7: ftrim_XA-000-08-002-001-008-012-10_HW_7_SET_56_21_118_29_R_30_247_holes.txt
240715-13:40:30	[INFO]	CAL_ASIC_HW_ADDR_6: ftrim_XA-000-08-002-001-008-022-13_HW_6_SET_57_21_118_54_R_30_247_holes.txt
240715-13:40:30	[INFO]	<<-- FINISHED CALIBRATING THE MODULE
240715-13:40:30	[INFO]	--> SETTING THE CALIBRATION TRIM
240715-13:42:24	[INFO]	<<-- FINISHED SETTING THE CALIBRATION TRIM
240715-13:42:24	[INFO]	--> MEASURING ENC AND CHECKING CALIBRATION
240715-13:49:24	[INFO]	PSCAN_ASIC_HW_ADDR_7: pscan_240715_1342_XA-000-08-002-001-007-253-08_HW_7_SET_56_24_118_37_VP_0_255_1_NP_100_elect.txt
240715-13:56:24	[INFO]	PSCAN_ASIC_HW_ADDR_6: pscan_240715_1349_XA-000-08-002-001-008-011-10_HW_6_SET_56_26_118_36_VP_0_255_1_NP_100_elect.txt
240715-14:03:30	[INFO]	PSCAN_ASIC_HW_ADDR_5: pscan_240715_1356_XA-000-08-002-001-008-000-10_HW_5_SET_56_25_118_38_VP_0_255_1_NP_100_elect.txt
240715-14:10:38	[INFO]	PSCAN_ASIC_HW_ADDR_4: pscan_240715_1403_XA-000-08-002-001-008-020-13_HW_4_SET_57_26_118_39_VP_0_255_1_NP_100_elect.txt
240715-14:17:42	[INFO]	PSCAN_ASIC_HW_ADDR_3: pscan_240715_1410_XA-000-08-002-001-008-006-10_HW_3_SET_57_25_118_36_VP_0_255_1_NP_100_elect.txt
240715-14:24:44	[INFO]	PSCAN_ASIC_HW_ADDR_2: pscan_240715_1417_XA-000-08-002-001-008-010-10_HW_2_SET_56_24_118_42_VP_0_255_1_NP_100_elect.txt
240715-14:31:44	[INFO]	PSCAN_ASIC_HW_ADDR_1: pscan_240715_1424_XA-000-08-002-001-008-005-10_HW_1_SET_56_23_118_34_VP_0_255_1_NP_100_elect.txt
240715-14:38:44	[INFO]	PSCAN_ASIC_HW_ADDR_0: pscan_240715_1431_XA-000-08-002-001-008-014-10_HW_0_SET_55_24_118_41_VP_0_255_1_NP_100_elect.txt
240715-14:45:49	[INFO]	PSCAN_ASIC_HW_ADDR_1: pscan_240715_1438_XA-000-08-002-001-008-026-13_HW_1_SET_57_24_118_67_VP_0_255_1_NP_100_holes.txt
240715-14:52:52	[INFO]	PSCAN_ASIC_HW_ADDR_0: pscan_240715_1445_XA-000-08-002-001-008-004-10_HW_0_SET_57_23_118_33_VP_0_255_1_NP_100_holes.txt
240715-14:59:56	[INFO]	PSCAN_ASIC_HW_ADDR_3: pscan_240715_1452_XA-000-08-002-001-008-024-13_HW_3_SET_57_24_118_39_VP_0_255_1_NP_100_holes.txt
240715-15:07:06	[INFO]	PSCAN_ASIC_HW_ADDR_2: pscan_240715_1459_XA-000-08-002-001-008-058-03_HW_2_SET_58_22_118_38_VP_0_255_1_NP_100_holes.txt
240715-15:14:09	[INFO]	PSCAN_ASIC_HW_ADDR_5: pscan_240715_1507_XA-000-08-002-001-008-008-10_HW_5_SET_58_22_118_42_VP_0_255_1_NP_100_holes.txt
240715-15:21:14	[INFO]	PSCAN_ASIC_HW_ADDR_4: pscan_240715_1514_XA-000-08-002-001-008-050-03_HW_4_SET_57_18_118_40_VP_0_255_1_NP_100_holes.txt
240715-15:28:31	[INFO]	PSCAN_ASIC_HW_ADDR_7: pscan_240715_1521_XA-000-08-002-001-008-012-10_HW_7_SET_56_21_118_29_VP_0_255_1_NP_100_holes.txt
240715-15:35:51	[INFO]	PSCAN_ASIC_HW_ADDR_6: pscan_240715_1528_XA-000-08-002-001-008-022-13_HW_6_SET_57_21_118_54_VP_0_255_1_NP_100_holes.txt
240715-15:35:51	[INFO]	<<-- FINISHED MEASURING ENC AND CHECKING CALIBRATION
240715-17:05:53	MODULE_ID:	M4UL0T3010553B2_240715_1705
240715-17:05:53	[INFO]	TEST_CENTER: GSI
240715-17:05:53	[INFO]	OPERATOR_ID: Dairon Rodriguez Garces
240715-17:05:53	[INFO]	MODULE ID: 	M4UL0T3010553B2
240715-17:05:53	[INFO]	SENSOR_SIZE [mm]: 	124
240715-17:05:53	[INFO]	SENSOR_QGRADE: 	B
240715-17:06:13	[INFO]	-->> RUNNING SYNCHRONIZATION
240715-17:06:44	[INFO]	<<-- FINISHED SYNCHRONIZATION
240715-17:06:44	[INFO]	-->> READING LV VALUES BEFORE CONFIGURATION
240715-17:06:44	[INFO]	<<-- FINISHED READING LV VALUES BEFORE CONFIGURATION
240715-17:06:44	[INFO]	-->> LOADING STANDARD CONFIGURATION
240715-17:06:51	[INFO]	<<-- FINISHED LOADING STANDARD CONFIGURATION
240715-17:06:51	[INFO]	-->> READING ASICs ID
240715-17:06:52	[INFO]	<<-- FINISHED READING ASICs ID
240715-17:06:52	[INFO]	-->> LOADING DEFAULT TRIM VALUES
240715-17:07:50	[INFO]	<<-- FINISHED LOADING DEFAULT TRIM VALUES
240715-17:07:50	[INFO]	-->> READING LV VALUES AFTER CONFIGURATION
240715-17:08:00	[INFO]	<<-- FINISHED READING LV VALUES AFTER CONFIGURATION
240715-17:08:00	[INFO]	-->> READING VDDM & TEMPERATURE
240715-17:08:04	[INFO]	<<-- FINISHED READING VDDM & TEMPERATURE
240715-17:08:04	[INFO]	--> SETTING THE CALIBRATION TRIM
240715-17:10:01	[INFO]	<<-- FINISHED SETTING THE CALIBRATION TRIM
240715-17:10:01	[INFO]	--> CHECKING CHANNELS' CONNECTIVITY
240715-17:10:01	[INFO]	CONN-CHECK_ASIC_HW_ADDR_7: elect
240715-17:10:20	[INFO]	CONN-CHECK_ASIC_HW_ADDR_6: elect
240715-17:10:38	[INFO]	CONN-CHECK_ASIC_HW_ADDR_5: elect
240715-17:10:56	[INFO]	CONN-CHECK_ASIC_HW_ADDR_4: elect
240715-17:11:15	[INFO]	CONN-CHECK_ASIC_HW_ADDR_3: elect
240715-17:11:33	[INFO]	CONN-CHECK_ASIC_HW_ADDR_2: elect
240715-17:11:51	[INFO]	CONN-CHECK_ASIC_HW_ADDR_1: elect
240715-17:12:10	[INFO]	CONN-CHECK_ASIC_HW_ADDR_0: elect
240715-17:12:28	[INFO]	CONN-CHECK_ASIC_HW_ADDR_1: holes
240715-17:12:46	[INFO]	CONN-CHECK_ASIC_HW_ADDR_0: holes
240715-17:13:05	[INFO]	CONN-CHECK_ASIC_HW_ADDR_3: holes
240715-17:13:24	[INFO]	CONN-CHECK_ASIC_HW_ADDR_2: holes
240715-17:13:42	[INFO]	CONN-CHECK_ASIC_HW_ADDR_5: holes
240715-17:14:00	[INFO]	CONN-CHECK_ASIC_HW_ADDR_4: holes
240715-17:14:19	[INFO]	CONN-CHECK_ASIC_HW_ADDR_7: holes
240715-17:14:37	[INFO]	CONN-CHECK_ASIC_HW_ADDR_6: holes
240715-17:14:55	[INFO]	<<-- FINISHED CHECKING CHANNELS' CONNECTIVITY
